<?xml version="1.0" encoding="UTF-8"?>
<!-- Generated by org.testng.reporters.JUnitXMLReporter -->
<testsuite ignored="0" hostname="Prasanna" failures="1" tests="1" name="Surefire test" time="9.172" errors="0" timestamp="2024-11-26T15:11:01 IST">
  <testcase classname="io.cucumber.testng.AbstractTestNGCucumberTests" name="runScenario" time="7.895">
    <failure type="java.lang.AssertionError" message="Could not login expected [https://freshers.dspf-dev.com/mypage/profile/] but found [https://freshers.dspf-dev.com/login/]">
      <![CDATA[java.lang.AssertionError: Could not login expected [https://freshers.dspf-dev.com/mypage/profile/] but found [https://freshers.dspf-dev.com/login/]
at stepDefinitions.LoginSteps.i_redirect_to_profile_page(LoginSteps.java:87)
at ✽.I redirect to profile page(file:///C:/Users/prasa/eclipse-workspace/YaaayFreshers/src/test/java/features/Login.feature:31)
... Removed 5 stack frames]]>
    </failure>
  </testcase> <!-- runScenario -->
</testsuite> <!-- Surefire test -->
