<?xml version="1.0" encoding="UTF-8"?>
<!-- Generated by org.testng.reporters.JUnitXMLReporter -->
<testsuite ignored="0" hostname="Prasanna" failures="0" tests="28" name="Default test" time="145.197" errors="0" timestamp="2024-07-18T16:23:36 IST">
  <testcase classname="com.zenken.freshers.user.Login" name="verifyCreateAccountUrl" time="0.857"/>
  <testcase classname="com.zenken.freshers.user.Login" name="verifyCredentialsMismatch" time="3.444"/>
  <testcase classname="com.zenken.freshers.user.Login" name="verifyEmailRequired" time="1.256"/>
  <testcase classname="com.zenken.freshers.user.Login" name="verifyEmailRequiredOnForgotPasswordPage" time="2.084"/>
  <testcase classname="com.zenken.freshers.user.Login" name="verifyForgotPasswordPageHeadline" time="0.906"/>
  <testcase classname="com.zenken.freshers.user.Login" name="verifyForgotPasswordPageTitle" time="3.811"/>
  <testcase classname="com.zenken.freshers.user.Login" name="verifyForgotPasswordUrl" time="0.737"/>
  <testcase classname="com.zenken.freshers.user.Login" name="verifyHeadLineText" time="0.034"/>
  <testcase classname="com.zenken.freshers.user.Login" name="verifyInvalidEmail" time="2.314"/>
  <testcase classname="com.zenken.freshers.user.Login" name="verifyInvalidEmailOnForgotPasswordPage" time="2.286"/>
  <testcase classname="com.zenken.freshers.user.Login" name="verifyInvalidPassword1OnResetPasswordPage" time="2.926"/>
  <testcase classname="com.zenken.freshers.user.Login" name="verifyInvalidPassword2OnResetPasswordPage" time="3.118"/>
  <testcase classname="com.zenken.freshers.user.Login" name="verifyInvalidPassword3OnResetPasswordPage" time="2.988"/>
  <testcase classname="com.zenken.freshers.user.Login" name="verifyInvalidPassword4OnResetPasswordPage" time="3.23"/>
  <testcase classname="com.zenken.freshers.user.Login" name="verifyInvalidTokenOnResetPasswordPage" time="3.339"/>
  <testcase classname="com.zenken.freshers.user.Login" name="verifyNonExistentEmailOnForgotPasswordPage" time="2.038"/>
  <testcase classname="com.zenken.freshers.user.Login" name="verifyPasswordRequired" time="1.559"/>
  <testcase classname="com.zenken.freshers.user.Login" name="verifySamePasswordOnResetPasswordPage" time="2.944"/>
  <testcase classname="com.zenken.freshers.user.Login" name="verifyTitle" time="0.01"/>
  <testcase classname="com.zenken.freshers.user.Login" name="verifyUserLogIn" time="4.024"/>
  <testcase classname="com.zenken.freshers.user.Login" name="verifyPasswordResetMailSend" time="3.43"/>
  <testcase classname="com.zenken.freshers.user.Login" name="verifySameMailSendWithinMinute" time="2.525"/>
  <testcase classname="com.zenken.freshers.user.Login" name="verifyPasswordResetEmail" time="2.149"/>
  <testcase classname="com.zenken.freshers.user.Login" name="verifyPasswordResetLink" time="0.851"/>
  <testcase classname="com.zenken.freshers.user.Login" name="verifyPasswordReset" time="4.394"/>
  <testcase classname="com.zenken.freshers.user.Login" name="verifyPasswordResetCompleteHeadline" time="0.028"/>
  <testcase classname="com.zenken.freshers.user.Login" name="verifyLogInUrl" time="0.644"/>
  <testcase classname="com.zenken.freshers.user.Login" name="verifyLogInAfterPasswordChange" time="2.846"/>
</testsuite> <!-- Default test -->
