<?xml version="1.0" encoding="UTF-8"?>
<!-- Generated by org.testng.reporters.JUnitXMLReporter -->
<testsuite ignored="0" hostname="Prasanna" failures="0" tests="13" name="Default test" time="150.749" errors="0" timestamp="2024-09-16T18:16:18 IST">
  <testcase classname="com.zenken.freshers.user.Skills" name="verifySkillRequiredToApply" time="2.679"/>
  <testcase classname="com.zenken.freshers.user.Skills" name="verify100SkillsAddition" time="31.175"/>
  <testcase classname="com.zenken.freshers.user.Skills" name="verifySkillAddition" time="1.779"/>
  <testcase classname="com.zenken.freshers.user.Skills" name="verifySkillDeleteOnEditPage" time="0.455"/>
  <testcase classname="com.zenken.freshers.user.Skills" name="verifySkillDeleteOnPreviewPage" time="4.191"/>
  <testcase classname="com.zenken.freshers.user.Skills" name="verifySkillsUrl" time="0.028"/>
  <testcase classname="com.zenken.freshers.user.Skills" name="verifyEditSkillsPageTitle" time="0.014"/>
  <testcase classname="com.zenken.freshers.user.Skills" name="verifySkillsPlaceholder" time="0.02"/>
  <testcase classname="com.zenken.freshers.user.Skills" name="verifySkillOptionsPopulation" time="0.582"/>
  <testcase classname="com.zenken.freshers.user.Skills" name="verifySkillSelection" time="0.228"/>
  <testcase classname="com.zenken.freshers.user.Skills" name="verifySkillLevelSelection" time="0.53"/>
  <testcase classname="com.zenken.freshers.user.Skills" name="verifySkillsCancel" time="0.826"/>
  <testcase classname="com.zenken.freshers.user.Skills" name="verifySkillLevelRequired" time="1.808"/>
</testsuite> <!-- Default test -->
