<?xml version="1.0" encoding="UTF-8"?>
<!-- Generated by org.testng.reporters.JUnitXMLReporter -->
<testsuite ignored="0" hostname="Prasanna" failures="0" tests="5" name="Test" time="41.615" errors="0" timestamp="2024-10-23T17:50:26 IST">
  <testcase classname="com.zenken.freshers.user.Settings" name="verifySetDesTexts" time="0.722"/>
  <testcase classname="com.zenken.freshers.user.Settings" name="verifySetNotSelected" time="2.917"/>
  <testcase classname="com.zenken.freshers.user.Settings" name="verifySetSelected" time="2.846"/>
  <testcase classname="com.zenken.freshers.user.Settings" name="verifySettingsTitle" time="0.666"/>
  <testcase classname="com.zenken.freshers.user.Settings" name="verifySettingsUrl" time="0.618"/>
</testsuite> <!-- Test -->
