<?xml version="1.0" encoding="UTF-8"?>
<!-- Generated by org.testng.reporters.JUnitXMLReporter -->
<testsuite ignored="0" hostname="Prasanna" failures="0" tests="5" name="Test2" time="109.746" errors="0" timestamp="2024-10-30T15:12:17 IST">
  <testcase classname="com.zenken.freshers.user.Settings" name="verifySetDesTexts" time="1.02"/>
  <testcase classname="com.zenken.freshers.user.Settings" name="verifySetNotSelected" time="6.764"/>
  <testcase classname="com.zenken.freshers.user.Settings" name="verifySetSelected" time="10.025"/>
  <testcase classname="com.zenken.freshers.user.Settings" name="verifySettingsTitle" time="1.878"/>
  <testcase classname="com.zenken.freshers.user.Settings" name="verifySettingsUrl" time="2.113"/>
</testsuite> <!-- Test2 -->
