<?xml version="1.0" encoding="UTF-8"?>
<!-- Generated by org.testng.reporters.JUnitXMLReporter -->
<testsuite ignored="3" hostname="Prasanna" failures="0" tests="2" name="Test" time="23.688" errors="0" timestamp="2024-11-14T17:18:28 IST">
  <testcase classname="com.zenken.freshers.user.Settings" name="verifySettingsUrl" time="1.129"/>
  <testcase classname="com.zenken.freshers.user.Settings" name="verifySettingsTitle" time="0.805"/>
  <testcase classname="com.zenken.freshers.user.Settings" name="verifySetSelected" time="0.0">
    <ignored/>
  </testcase> <!-- verifySetSelected -->
  <testcase classname="com.zenken.freshers.user.Settings" name="verifySetNotSelected" time="0.0">
    <ignored/>
  </testcase> <!-- verifySetNotSelected -->
  <testcase classname="com.zenken.freshers.user.Settings" name="verifySetDesTexts" time="0.0">
    <ignored/>
  </testcase> <!-- verifySetDesTexts -->
</testsuite> <!-- Test -->
