<?xml version="1.0" encoding="UTF-8"?>
<!-- Generated by org.testng.reporters.JUnitXMLReporter -->
<testsuite ignored="0" hostname="Prasanna" failures="0" tests="7" name="Test" time="157.501" errors="0" timestamp="2025-02-13T16:43:35 IST">
  <testcase classname="com.zenken.freshers.company.ApplicantListCsv" name="verifyCsvDlLink" time="0.107"/>
  <testcase classname="com.zenken.freshers.company.ApplicantListCsv" name="verifyCsvDlPopup" time="0.238"/>
  <testcase classname="com.zenken.freshers.company.ApplicantListCsv" name="verifyCsvDl" time="2.136"/>
  <testcase classname="com.zenken.freshers.company.ApplicantListCsv" name="verifyCsvHeader1" time="0.024"/>
  <testcase classname="com.zenken.freshers.company.ApplicantListCsv" name="verifyCsvNoApplicant" time="0.007"/>
  <testcase classname="com.zenken.freshers.company.ApplicantListCsv" name="verifyCsvHeader2" time="1.766"/>
  <testcase classname="com.zenken.freshers.company.ApplicantListCsv" name="verifyCsvValues" time="0.122"/>
</testsuite> <!-- Test -->
