<?xml version="1.0" encoding="UTF-8"?>
<!-- Generated by org.testng.reporters.JUnitXMLReporter -->
<testsuite ignored="0" hostname="Prasanna" failures="0" tests="17" name="Test" time="240.772" errors="0" timestamp="2024-11-26T15:16:37 IST">
  <testcase classname="com.zenken.freshers.user.Photo" name="verifyPhotoUrl" time="0.996"/>
  <testcase classname="com.zenken.freshers.user.Settings" name="verifySetDesTexts" time="0.971"/>
  <testcase classname="com.zenken.freshers.user.Photo" name="verifyPhotoTitle" time="1.158"/>
  <testcase classname="com.zenken.freshers.user.Settings" name="verifySetNotSelected" time="9.597"/>
  <testcase classname="com.zenken.freshers.user.Photo" name="verifyUploadModalDisplay" time="2.779">
    <skipped/>
  </testcase> <!-- verifyUploadModalDisplay -->
  <testcase classname="com.zenken.freshers.user.Photo" name="verifyUploadModalDisplay" time="2.267"/>
  <testcase classname="com.zenken.freshers.user.Settings" name="verifySetSelected" time="9.178"/>
  <testcase classname="com.zenken.freshers.user.Photo" name="verifyImageResize" time="3.325"/>
  <testcase classname="com.zenken.freshers.user.Settings" name="verifySettingsTitle" time="1.076"/>
  <testcase classname="com.zenken.freshers.user.Photo" name="verifyImageDrag" time="3.108"/>
  <testcase classname="com.zenken.freshers.user.Settings" name="verifySettingsUrl" time="1.217"/>
  <testcase classname="com.zenken.freshers.user.Photo" name="verifyPhotoUpload" time="7.58"/>
  <testcase classname="com.zenken.freshers.user.Photo" name="verifyPhotoImage" time="51.693"/>
  <testcase classname="com.zenken.freshers.user.Photo" name="verifyPhotoChange" time="2.488"/>
  <testcase classname="com.zenken.freshers.user.Photo" name="verifyPhotoDelete" time="4.96"/>
  <testcase classname="com.zenken.freshers.user.Photo" name="verifyPhotoInvalidFile" time="4.535"/>
  <testcase classname="com.zenken.freshers.user.Photo" name="verifyPhotoInvalidSize" time="1.775"/>
</testsuite> <!-- Test -->
