<?xml version="1.0" encoding="UTF-8"?>
<testng-results ignored="0" total="1" passed="1" failed="0" skipped="0">
  <reporter-output>
  </reporter-output>
  <suite started-at="2024-11-22T13:52:16 IST" name="Suite" finished-at="2024-11-22T13:52:29 IST" duration-ms="12850">
    <groups>
    </groups>
    <test started-at="2024-11-22T13:52:16 IST" name="Test" finished-at="2024-11-22T13:52:29 IST" duration-ms="12850">
      <class name="com.zenken.freshers.user.JapanesePlacementConsentForm">
        <test-method is-config="true" signature="setup(java.lang.reflect.Method)[pri:0, instance:com.zenken.freshers.user.JapanesePlacementConsentForm@5340477f]" started-at="2024-11-22T13:52:17 IST" name="setup" finished-at="2024-11-22T13:52:20 IST" duration-ms="3200" status="PASS">
          <params>
            <param index="0">
              <value>
                <![CDATA[public void com.zenken.freshers.user.JapanesePlacementConsentForm.verifyConsentFormDL() throws java.io.IOException]]>
              </value>
            </param>
          </params>
          <reporter-output>
          </reporter-output>
        </test-method> <!-- setup -->
        <test-method is-config="true" signature="setUpTest()[pri:0, instance:com.zenken.freshers.user.JapanesePlacementConsentForm@5340477f]" started-at="2024-11-22T13:52:20 IST" name="setUpTest" finished-at="2024-11-22T13:52:26 IST" duration-ms="6514" status="PASS">
          <reporter-output>
          </reporter-output>
        </test-method> <!-- setUpTest -->
        <test-method signature="verifyConsentFormDL()[pri:4, instance:com.zenken.freshers.user.JapanesePlacementConsentForm@5340477f]" started-at="2024-11-22T13:52:26 IST" name="verifyConsentFormDL" description="This test verifies that consent form can be downloaded successfully" finished-at="2024-11-22T13:52:28 IST" duration-ms="1728" status="PASS">
          <reporter-output>
          </reporter-output>
        </test-method> <!-- verifyConsentFormDL -->
        <test-method is-config="true" signature="tearDown()[pri:0, instance:com.zenken.freshers.user.JapanesePlacementConsentForm@5340477f]" started-at="2024-11-22T13:52:28 IST" name="tearDown" finished-at="2024-11-22T13:52:29 IST" duration-ms="1336" status="PASS">
          <reporter-output>
          </reporter-output>
        </test-method> <!-- tearDown -->
      </class> <!-- com.zenken.freshers.user.JapanesePlacementConsentForm -->
    </test> <!-- Test -->
  </suite> <!-- Suite -->
</testng-results>
