<?xml version="1.0" encoding="UTF-8"?>
<testng-results retried="1" ignored="1" total="29" passed="27" failed="0" skipped="0">
  <reporter-output>
  </reporter-output>
  <suite started-at="2024-10-30T17:31:04 IST" name="Suite" finished-at="2024-10-30T17:36:25 IST" duration-ms="320654">
    <groups>
    </groups>
    <test started-at="2024-10-30T17:31:04 IST" name="Test" finished-at="2024-10-30T17:36:25 IST" duration-ms="320654">
      <class name="com.zenken.freshers.user.JapanesePlacementConsentForm">
        <test-method is-config="true" signature="setup(java.lang.reflect.Method)[pri:0, instance:com.zenken.freshers.user.JapanesePlacementConsentForm@24959ca4]" started-at="2024-10-30T17:31:04 IST" name="setup" finished-at="2024-10-30T17:31:06 IST" duration-ms="2042" status="PASS">
          <params>
            <param index="0">
              <value>
                <![CDATA[public void com.zenken.freshers.user.JapanesePlacementConsentForm.verifyConsentFormUrl()]]>
              </value>
            </param>
          </params>
          <reporter-output>
          </reporter-output>
        </test-method> <!-- setup -->
        <test-method is-config="true" signature="setUpTest()[pri:0, instance:com.zenken.freshers.user.JapanesePlacementConsentForm@24959ca4]" started-at="2024-10-30T17:31:06 IST" name="setUpTest" finished-at="2024-10-30T17:31:33 IST" duration-ms="26169" status="PASS">
          <reporter-output>
          </reporter-output>
        </test-method> <!-- setUpTest -->
        <test-method signature="verifyConsentFormUrl()[pri:1, instance:com.zenken.freshers.user.JapanesePlacementConsentForm@24959ca4]" started-at="2024-10-30T17:31:33 IST" name="verifyConsentFormUrl" description="This test verifies that user is redirected to &#039;Japanese Placement Consent Form&#039; URL" finished-at="2024-10-30T17:31:36 IST" duration-ms="3159" status="PASS">
          <reporter-output>
          </reporter-output>
        </test-method> <!-- verifyConsentFormUrl -->
        <test-method is-config="true" signature="tearDown()[pri:0, instance:com.zenken.freshers.user.JapanesePlacementConsentForm@24959ca4]" started-at="2024-10-30T17:31:36 IST" name="tearDown" finished-at="2024-10-30T17:31:36 IST" duration-ms="302" status="PASS">
          <reporter-output>
          </reporter-output>
        </test-method> <!-- tearDown -->
        <test-method is-config="true" signature="setup(java.lang.reflect.Method)[pri:0, instance:com.zenken.freshers.user.JapanesePlacementConsentForm@24959ca4]" started-at="2024-10-30T17:31:36 IST" name="setup" finished-at="2024-10-30T17:31:37 IST" duration-ms="925" status="PASS">
          <params>
            <param index="0">
              <value>
                <![CDATA[public void com.zenken.freshers.user.JapanesePlacementConsentForm.verifyConsentFormTitle()]]>
              </value>
            </param>
          </params>
          <reporter-output>
          </reporter-output>
        </test-method> <!-- setup -->
        <test-method is-config="true" signature="setUpTest()[pri:0, instance:com.zenken.freshers.user.JapanesePlacementConsentForm@24959ca4]" started-at="2024-10-30T17:31:37 IST" name="setUpTest" finished-at="2024-10-30T17:31:58 IST" duration-ms="20781" status="PASS">
          <reporter-output>
          </reporter-output>
        </test-method> <!-- setUpTest -->
        <test-method signature="verifyConsentFormTitle()[pri:2, instance:com.zenken.freshers.user.JapanesePlacementConsentForm@24959ca4]" started-at="2024-10-30T17:31:58 IST" name="verifyConsentFormTitle" description="This test verifies that the Japanese Placement Consent Form page title is correct" finished-at="2024-10-30T17:32:01 IST" duration-ms="3389" status="PASS">
          <reporter-output>
          </reporter-output>
        </test-method> <!-- verifyConsentFormTitle -->
        <test-method is-config="true" signature="tearDown()[pri:0, instance:com.zenken.freshers.user.JapanesePlacementConsentForm@24959ca4]" started-at="2024-10-30T17:32:01 IST" name="tearDown" finished-at="2024-10-30T17:32:01 IST" duration-ms="259" status="PASS">
          <reporter-output>
          </reporter-output>
        </test-method> <!-- tearDown -->
        <test-method is-config="true" signature="setup(java.lang.reflect.Method)[pri:0, instance:com.zenken.freshers.user.JapanesePlacementConsentForm@24959ca4]" started-at="2024-10-30T17:32:01 IST" name="setup" finished-at="2024-10-30T17:32:02 IST" duration-ms="866" status="PASS">
          <params>
            <param index="0">
              <value>
                <![CDATA[public void com.zenken.freshers.user.JapanesePlacementConsentForm.verifyIsCFSaved()]]>
              </value>
            </param>
          </params>
          <reporter-output>
          </reporter-output>
        </test-method> <!-- setup -->
        <test-method is-config="true" signature="setUpTest()[pri:0, instance:com.zenken.freshers.user.JapanesePlacementConsentForm@24959ca4]" started-at="2024-10-30T17:32:02 IST" name="setUpTest" finished-at="2024-10-30T17:32:23 IST" duration-ms="20938" status="PASS">
          <reporter-output>
          </reporter-output>
        </test-method> <!-- setUpTest -->
        <test-method signature="verifyIsCFSaved()[pri:3, instance:com.zenken.freshers.user.JapanesePlacementConsentForm@24959ca4]" started-at="2024-10-30T17:32:23 IST" name="verifyIsCFSaved" description="This test verifies that Consent Form is saved when checkbox is selected" finished-at="2024-10-30T17:32:36 IST" duration-ms="12732" status="PASS">
          <reporter-output>
          </reporter-output>
        </test-method> <!-- verifyIsCFSaved -->
        <test-method is-config="true" signature="tearDown()[pri:0, instance:com.zenken.freshers.user.JapanesePlacementConsentForm@24959ca4]" started-at="2024-10-30T17:32:36 IST" name="tearDown" finished-at="2024-10-30T17:32:36 IST" duration-ms="447" status="PASS">
          <reporter-output>
          </reporter-output>
        </test-method> <!-- tearDown -->
        <test-method is-config="true" signature="setup(java.lang.reflect.Method)[pri:0, instance:com.zenken.freshers.user.JapanesePlacementConsentForm@24959ca4]" started-at="2024-10-30T17:32:36 IST" name="setup" finished-at="2024-10-30T17:32:39 IST" duration-ms="2557" status="PASS">
          <params>
            <param index="0">
              <value>
                <![CDATA[public void com.zenken.freshers.user.JapanesePlacementConsentForm.verifyConsentFormDL()]]>
              </value>
            </param>
          </params>
          <reporter-output>
          </reporter-output>
        </test-method> <!-- setup -->
        <test-method is-config="true" signature="setUpTest()[pri:0, instance:com.zenken.freshers.user.JapanesePlacementConsentForm@24959ca4]" started-at="2024-10-30T17:32:39 IST" name="setUpTest" finished-at="2024-10-30T17:32:58 IST" duration-ms="18702" status="PASS">
          <reporter-output>
          </reporter-output>
        </test-method> <!-- setUpTest -->
        <test-method signature="verifyConsentFormDL()[pri:4, instance:com.zenken.freshers.user.JapanesePlacementConsentForm@24959ca4]" started-at="2024-10-30T17:32:58 IST" name="verifyConsentFormDL" description="This test verifies that consent form can be downloaded successfully" finished-at="2024-10-30T17:33:02 IST" duration-ms="4729" status="PASS">
          <reporter-output>
          </reporter-output>
        </test-method> <!-- verifyConsentFormDL -->
        <test-method is-config="true" signature="tearDown()[pri:0, instance:com.zenken.freshers.user.JapanesePlacementConsentForm@24959ca4]" started-at="2024-10-30T17:33:02 IST" name="tearDown" finished-at="2024-10-30T17:33:05 IST" duration-ms="2213" status="PASS">
          <reporter-output>
          </reporter-output>
        </test-method> <!-- tearDown -->
        <test-method is-config="true" signature="setup(java.lang.reflect.Method)[pri:0, instance:com.zenken.freshers.user.JapanesePlacementConsentForm@24959ca4]" started-at="2024-10-30T17:33:05 IST" name="setup" finished-at="2024-10-30T17:33:06 IST" duration-ms="885" status="PASS">
          <params>
            <param index="0">
              <value>
                <![CDATA[public void com.zenken.freshers.user.JapanesePlacementConsentForm.verifyCFUploadAndDl() throws java.lang.InterruptedException]]>
              </value>
            </param>
          </params>
          <reporter-output>
          </reporter-output>
        </test-method> <!-- setup -->
        <test-method is-config="true" signature="setUpTest()[pri:0, instance:com.zenken.freshers.user.JapanesePlacementConsentForm@24959ca4]" started-at="2024-10-30T17:33:06 IST" name="setUpTest" finished-at="2024-10-30T17:33:18 IST" duration-ms="12896" status="PASS">
          <reporter-output>
          </reporter-output>
        </test-method> <!-- setUpTest -->
        <test-method signature="verifyCFUploadAndDl()[pri:5, instance:com.zenken.freshers.user.JapanesePlacementConsentForm@24959ca4]" started-at="2024-10-30T17:33:18 IST" name="verifyCFUploadAndDl" description="This test verifies that consent form can be uploaded and can be downloaded from preview page" finished-at="2024-10-30T17:34:21 IST" duration-ms="62893" status="PASS">
          <reporter-output>
          </reporter-output>
        </test-method> <!-- verifyCFUploadAndDl -->
        <test-method is-config="true" signature="tearDown()[pri:0, instance:com.zenken.freshers.user.JapanesePlacementConsentForm@24959ca4]" started-at="2024-10-30T17:34:21 IST" name="tearDown" finished-at="2024-10-30T17:34:22 IST" duration-ms="281" status="PASS">
          <reporter-output>
          </reporter-output>
        </test-method> <!-- tearDown -->
        <test-method is-config="true" signature="setup(java.lang.reflect.Method)[pri:0, instance:com.zenken.freshers.user.JapanesePlacementConsentForm@24959ca4]" started-at="2024-10-30T17:34:22 IST" name="setup" finished-at="2024-10-30T17:34:23 IST" duration-ms="990" status="PASS">
          <params>
            <param index="0">
              <value>
                <![CDATA[public void com.zenken.freshers.user.JapanesePlacementConsentForm.verifyConsentFormDelete()]]>
              </value>
            </param>
          </params>
          <reporter-output>
          </reporter-output>
        </test-method> <!-- setup -->
        <test-method is-config="true" signature="setUpTest()[pri:0, instance:com.zenken.freshers.user.JapanesePlacementConsentForm@24959ca4]" started-at="2024-10-30T17:34:23 IST" name="setUpTest" finished-at="2024-10-30T17:34:46 IST" duration-ms="23254" status="PASS">
          <reporter-output>
          </reporter-output>
        </test-method> <!-- setUpTest -->
        <test-method signature="verifyConsentFormDelete()[pri:6, instance:com.zenken.freshers.user.JapanesePlacementConsentForm@24959ca4]" started-at="2024-10-30T17:34:46 IST" name="verifyConsentFormDelete" description="This test verifies that the consent form can be deleted" finished-at="2024-10-30T17:34:49 IST" duration-ms="3525" status="PASS">
          <reporter-output>
          </reporter-output>
        </test-method> <!-- verifyConsentFormDelete -->
        <test-method is-config="true" signature="tearDown()[pri:0, instance:com.zenken.freshers.user.JapanesePlacementConsentForm@24959ca4]" started-at="2024-10-30T17:34:49 IST" name="tearDown" finished-at="2024-10-30T17:34:50 IST" duration-ms="292" status="PASS">
          <reporter-output>
          </reporter-output>
        </test-method> <!-- tearDown -->
        <test-method is-config="true" signature="setup(java.lang.reflect.Method)[pri:0, instance:com.zenken.freshers.user.JapanesePlacementConsentForm@24959ca4]" started-at="2024-10-30T17:34:50 IST" name="setup" finished-at="2024-10-30T17:34:51 IST" duration-ms="795" status="PASS">
          <params>
            <param index="0">
              <value>
                <![CDATA[public void com.zenken.freshers.user.JapanesePlacementConsentForm.verifyCFReqToApply()]]>
              </value>
            </param>
          </params>
          <reporter-output>
          </reporter-output>
        </test-method> <!-- setup -->
        <test-method is-config="true" signature="setUpTest()[pri:0, instance:com.zenken.freshers.user.JapanesePlacementConsentForm@24959ca4]" started-at="2024-10-30T17:34:51 IST" name="setUpTest" finished-at="2024-10-30T17:34:59 IST" duration-ms="8898" status="PASS">
          <reporter-output>
          </reporter-output>
        </test-method> <!-- setUpTest -->
        <test-method signature="verifyCFReqToApply()[pri:7, instance:com.zenken.freshers.user.JapanesePlacementConsentForm@24959ca4]" started-at="2024-10-30T17:34:59 IST" name="verifyCFReqToApply" description="This test verifies that &#039;Required to apply&#039; text is displayed for consent form after it is deleted" finished-at="2024-10-30T17:35:00 IST" duration-ms="884" status="PASS">
          <reporter-output>
          </reporter-output>
        </test-method> <!-- verifyCFReqToApply -->
        <test-method is-config="true" signature="tearDown()[pri:0, instance:com.zenken.freshers.user.JapanesePlacementConsentForm@24959ca4]" started-at="2024-10-30T17:35:00 IST" name="tearDown" finished-at="2024-10-30T17:35:00 IST" duration-ms="200" status="PASS">
          <reporter-output>
          </reporter-output>
        </test-method> <!-- tearDown -->
        <test-method is-config="true" signature="setup(java.lang.reflect.Method)[pri:0, instance:com.zenken.freshers.user.JapanesePlacementConsentForm@24959ca4]" started-at="2024-10-30T17:35:00 IST" name="setup" finished-at="2024-10-30T17:35:01 IST" duration-ms="866" status="PASS">
          <params>
            <param index="0">
              <value>
                <![CDATA[public void com.zenken.freshers.user.JapanesePlacementConsentForm.verifyAgreeCBReqToSave()]]>
              </value>
            </param>
          </params>
          <reporter-output>
          </reporter-output>
        </test-method> <!-- setup -->
        <test-method is-config="true" signature="setUpTest()[pri:0, instance:com.zenken.freshers.user.JapanesePlacementConsentForm@24959ca4]" started-at="2024-10-30T17:35:01 IST" name="setUpTest" finished-at="2024-10-30T17:35:17 IST" duration-ms="15474" status="PASS">
          <reporter-output>
          </reporter-output>
        </test-method> <!-- setUpTest -->
        <test-method signature="verifyAgreeCBReqToSave()[pri:8, instance:com.zenken.freshers.user.JapanesePlacementConsentForm@24959ca4]" started-at="2024-10-30T17:35:17 IST" name="verifyAgreeCBReqToSave" description="This test verifies that validation error occurs for required to save field: Do your parents/guardians agree with your participation to this Japanese Placement?" finished-at="2024-10-30T17:35:22 IST" duration-ms="5125" status="PASS">
          <reporter-output>
          </reporter-output>
        </test-method> <!-- verifyAgreeCBReqToSave -->
        <test-method is-config="true" signature="tearDown()[pri:0, instance:com.zenken.freshers.user.JapanesePlacementConsentForm@24959ca4]" started-at="2024-10-30T17:35:22 IST" name="tearDown" finished-at="2024-10-30T17:35:22 IST" duration-ms="231" status="PASS">
          <reporter-output>
          </reporter-output>
        </test-method> <!-- tearDown -->
        <test-method is-config="true" signature="setup(java.lang.reflect.Method)[pri:0, instance:com.zenken.freshers.user.JapanesePlacementConsentForm@24959ca4]" started-at="2024-10-30T17:35:22 IST" name="setup" finished-at="2024-10-30T17:35:23 IST" duration-ms="808" status="PASS">
          <params>
            <param index="0">
              <value>
                <![CDATA[public void com.zenken.freshers.user.JapanesePlacementConsentForm.verifyCFInvalidFileFormat()]]>
              </value>
            </param>
          </params>
          <reporter-output>
          </reporter-output>
        </test-method> <!-- setup -->
        <test-method is-config="true" signature="setUpTest()[pri:0, instance:com.zenken.freshers.user.JapanesePlacementConsentForm@24959ca4]" started-at="2024-10-30T17:35:23 IST" name="setUpTest" finished-at="2024-10-30T17:35:39 IST" duration-ms="15570" status="PASS">
          <reporter-output>
          </reporter-output>
        </test-method> <!-- setUpTest -->
        <test-method signature="verifyCFInvalidFileFormat()[pri:9, instance:com.zenken.freshers.user.JapanesePlacementConsentForm@24959ca4]" started-at="2024-10-30T17:35:39 IST" name="verifyCFInvalidFileFormat" description="This test verifies that validation error for invalid consent form file format occurs" finished-at="2024-10-30T17:35:49 IST" duration-ms="9986" status="PASS">
          <reporter-output>
          </reporter-output>
        </test-method> <!-- verifyCFInvalidFileFormat -->
        <test-method is-config="true" signature="tearDown()[pri:0, instance:com.zenken.freshers.user.JapanesePlacementConsentForm@24959ca4]" started-at="2024-10-30T17:35:49 IST" name="tearDown" finished-at="2024-10-30T17:35:49 IST" duration-ms="246" status="PASS">
          <reporter-output>
          </reporter-output>
        </test-method> <!-- tearDown -->
        <test-method is-config="true" signature="setup(java.lang.reflect.Method)[pri:0, instance:com.zenken.freshers.user.JapanesePlacementConsentForm@24959ca4]" started-at="2024-10-30T17:35:49 IST" name="setup" finished-at="2024-10-30T17:35:50 IST" duration-ms="831" status="PASS">
          <params>
            <param index="0">
              <value>
                <![CDATA[public void com.zenken.freshers.user.JapanesePlacementConsentForm.verifyCFInvalidFileSize()]]>
              </value>
            </param>
          </params>
          <reporter-output>
          </reporter-output>
        </test-method> <!-- setup -->
        <test-method is-config="true" signature="setUpTest()[pri:0, instance:com.zenken.freshers.user.JapanesePlacementConsentForm@24959ca4]" started-at="2024-10-30T17:35:50 IST" name="setUpTest" finished-at="2024-10-30T17:36:03 IST" duration-ms="13513" status="PASS">
          <reporter-output>
          </reporter-output>
        </test-method> <!-- setUpTest -->
        <test-method signature="verifyCFInvalidFileSize()[pri:10, instance:com.zenken.freshers.user.JapanesePlacementConsentForm@24959ca4]" started-at="2024-10-30T17:36:03 IST" name="verifyCFInvalidFileSize" description="This test verifies that validation error for invalid size for consent form file occurs" finished-at="2024-10-30T17:36:10 IST" duration-ms="7262" status="PASS">
          <reporter-output>
          </reporter-output>
        </test-method> <!-- verifyCFInvalidFileSize -->
        <test-method is-config="true" signature="tearDown()[pri:0, instance:com.zenken.freshers.user.JapanesePlacementConsentForm@24959ca4]" started-at="2024-10-30T17:36:10 IST" name="tearDown" finished-at="2024-10-30T17:36:11 IST" duration-ms="241" status="PASS">
          <reporter-output>
          </reporter-output>
        </test-method> <!-- tearDown -->
        <test-method is-config="true" signature="setup(java.lang.reflect.Method)[pri:0, instance:com.zenken.freshers.user.JapanesePlacementConsentForm@24959ca4]" started-at="2024-10-30T17:36:11 IST" name="setup" finished-at="2024-10-30T17:36:12 IST" duration-ms="891" status="PASS">
          <params>
            <param index="0">
              <value>
                <![CDATA[public void com.zenken.freshers.user.JapanesePlacementConsentForm.verifyCFCancelRed()]]>
              </value>
            </param>
          </params>
          <reporter-output>
          </reporter-output>
        </test-method> <!-- setup -->
        <test-method is-config="true" signature="setUpTest()[pri:0, instance:com.zenken.freshers.user.JapanesePlacementConsentForm@24959ca4]" started-at="2024-10-30T17:36:12 IST" name="setUpTest" finished-at="2024-10-30T17:36:22 IST" duration-ms="10909" status="PASS">
          <reporter-output>
          </reporter-output>
        </test-method> <!-- setUpTest -->
        <test-method signature="verifyCFCancelRed()[pri:11, instance:com.zenken.freshers.user.JapanesePlacementConsentForm@24959ca4]" started-at="2024-10-30T17:36:22 IST" name="verifyCFCancelRed" description="This test verifies that &#039;Cancel&#039; from Japanese Placement Consent Form redirectes user to preview page " finished-at="2024-10-30T17:36:25 IST" duration-ms="2392" status="PASS">
          <reporter-output>
          </reporter-output>
        </test-method> <!-- verifyCFCancelRed -->
        <test-method is-config="true" signature="tearDown()[pri:0, instance:com.zenken.freshers.user.JapanesePlacementConsentForm@24959ca4]" started-at="2024-10-30T17:36:25 IST" name="tearDown" finished-at="2024-10-30T17:36:25 IST" duration-ms="206" status="PASS">
          <reporter-output>
          </reporter-output>
        </test-method> <!-- tearDown -->
      </class> <!-- com.zenken.freshers.user.JapanesePlacementConsentForm -->
      <class name="com.zenken.freshers.user.Photo">
        <test-method is-config="true" signature="setup(java.lang.reflect.Method)[pri:0, instance:com.zenken.freshers.user.Photo@5340477f]" started-at="2024-10-30T17:31:04 IST" name="setup" finished-at="2024-10-30T17:31:06 IST" duration-ms="2047" status="PASS">
          <params>
            <param index="0">
              <value>
                <![CDATA[public void com.zenken.freshers.user.Photo.verifyPhotoUrl()]]>
              </value>
            </param>
          </params>
          <reporter-output>
          </reporter-output>
        </test-method> <!-- setup -->
        <test-method is-config="true" signature="setUpTest()[pri:0, instance:com.zenken.freshers.user.Photo@5340477f]" started-at="2024-10-30T17:31:06 IST" name="setUpTest" finished-at="2024-10-30T17:31:36 IST" duration-ms="29279" status="PASS">
          <reporter-output>
          </reporter-output>
        </test-method> <!-- setUpTest -->
        <test-method signature="verifyPhotoUrl()[pri:1, instance:com.zenken.freshers.user.Photo@5340477f]" started-at="2024-10-30T17:31:36 IST" name="verifyPhotoUrl" description="This test verifies that user is redirected to Photo edit page" finished-at="2024-10-30T17:31:39 IST" duration-ms="3406" status="PASS">
          <reporter-output>
          </reporter-output>
        </test-method> <!-- verifyPhotoUrl -->
        <test-method is-config="true" signature="tearDown()[pri:0, instance:com.zenken.freshers.user.Photo@5340477f]" started-at="2024-10-30T17:31:39 IST" name="tearDown" finished-at="2024-10-30T17:31:39 IST" duration-ms="272" status="PASS">
          <reporter-output>
          </reporter-output>
        </test-method> <!-- tearDown -->
        <test-method is-config="true" signature="setup(java.lang.reflect.Method)[pri:0, instance:com.zenken.freshers.user.Photo@5340477f]" started-at="2024-10-30T17:31:39 IST" name="setup" finished-at="2024-10-30T17:31:40 IST" duration-ms="916" status="PASS">
          <params>
            <param index="0">
              <value>
                <![CDATA[public void com.zenken.freshers.user.Photo.verifyPhotoTitle()]]>
              </value>
            </param>
          </params>
          <reporter-output>
          </reporter-output>
        </test-method> <!-- setup -->
        <test-method is-config="true" signature="setUpTest()[pri:0, instance:com.zenken.freshers.user.Photo@5340477f]" started-at="2024-10-30T17:31:40 IST" name="setUpTest" finished-at="2024-10-30T17:32:08 IST" duration-ms="27423" status="PASS">
          <reporter-output>
          </reporter-output>
        </test-method> <!-- setUpTest -->
        <test-method signature="verifyPhotoTitle()[pri:2, instance:com.zenken.freshers.user.Photo@5340477f]" started-at="2024-10-30T17:32:08 IST" name="verifyPhotoTitle" description="This test verifies that the Photo page title is correct" finished-at="2024-10-30T17:32:11 IST" duration-ms="3279" status="PASS">
          <reporter-output>
          </reporter-output>
        </test-method> <!-- verifyPhotoTitle -->
        <test-method is-config="true" signature="tearDown()[pri:0, instance:com.zenken.freshers.user.Photo@5340477f]" started-at="2024-10-30T17:32:11 IST" name="tearDown" finished-at="2024-10-30T17:32:11 IST" duration-ms="278" status="PASS">
          <reporter-output>
          </reporter-output>
        </test-method> <!-- tearDown -->
        <test-method is-config="true" signature="setup(java.lang.reflect.Method)[pri:0, instance:com.zenken.freshers.user.Photo@5340477f]" started-at="2024-10-30T17:32:11 IST" name="setup" finished-at="2024-10-30T17:32:12 IST" duration-ms="943" status="PASS">
          <params>
            <param index="0">
              <value>
                <![CDATA[public void com.zenken.freshers.user.Photo.verifyUploadModalDisplay()]]>
              </value>
            </param>
          </params>
          <reporter-output>
          </reporter-output>
        </test-method> <!-- setup -->
        <test-method is-config="true" signature="setUpTest()[pri:0, instance:com.zenken.freshers.user.Photo@5340477f]" started-at="2024-10-30T17:32:12 IST" name="setUpTest" finished-at="2024-10-30T17:32:39 IST" duration-ms="26235" status="PASS">
          <reporter-output>
          </reporter-output>
        </test-method> <!-- setUpTest -->
        <test-method signature="verifyUploadModalDisplay()[pri:3, instance:com.zenken.freshers.user.Photo@5340477f]" started-at="2024-10-30T17:32:39 IST" name="verifyUploadModalDisplay" description="This test verifies that upload modal appears when upload icon is clicked" finished-at="2024-10-30T17:32:40 IST" duration-ms="1940" status="PASS">
          <reporter-output>
          </reporter-output>
        </test-method> <!-- verifyUploadModalDisplay -->
        <test-method is-config="true" signature="tearDown()[pri:0, instance:com.zenken.freshers.user.Photo@5340477f]" started-at="2024-10-30T17:32:40 IST" name="tearDown" finished-at="2024-10-30T17:32:41 IST" duration-ms="437" status="PASS">
          <reporter-output>
          </reporter-output>
        </test-method> <!-- tearDown -->
        <test-method is-config="true" signature="setup(java.lang.reflect.Method)[pri:0, instance:com.zenken.freshers.user.Photo@5340477f]" started-at="2024-10-30T17:32:41 IST" name="setup" finished-at="2024-10-30T17:32:43 IST" duration-ms="1590" status="PASS">
          <params>
            <param index="0">
              <value>
                <![CDATA[public void com.zenken.freshers.user.Photo.verifyImageResize()]]>
              </value>
            </param>
          </params>
          <reporter-output>
          </reporter-output>
        </test-method> <!-- setup -->
        <test-method is-config="true" signature="setUpTest()[pri:0, instance:com.zenken.freshers.user.Photo@5340477f]" started-at="2024-10-30T17:32:43 IST" name="setUpTest" finished-at="2024-10-30T17:33:00 IST" duration-ms="17578" status="PASS">
          <reporter-output>
          </reporter-output>
        </test-method> <!-- setUpTest -->
        <test-method signature="verifyImageResize()[pri:4, instance:com.zenken.freshers.user.Photo@5340477f]" started-at="2024-10-30T17:33:00 IST" name="verifyImageResize" description="This test verifies that the uploaded image can be resized" finished-at="2024-10-30T17:33:03 IST" duration-ms="2991" status="PASS">
          <reporter-output>
          </reporter-output>
        </test-method> <!-- verifyImageResize -->
        <test-method is-config="true" signature="tearDown()[pri:0, instance:com.zenken.freshers.user.Photo@5340477f]" started-at="2024-10-30T17:33:03 IST" name="tearDown" finished-at="2024-10-30T17:33:03 IST" duration-ms="292" status="PASS">
          <reporter-output>
          </reporter-output>
        </test-method> <!-- tearDown -->
        <test-method is-config="true" signature="setup(java.lang.reflect.Method)[pri:0, instance:com.zenken.freshers.user.Photo@5340477f]" started-at="2024-10-30T17:33:03 IST" name="setup" finished-at="2024-10-30T17:33:04 IST" duration-ms="955" status="PASS">
          <params>
            <param index="0">
              <value>
                <![CDATA[public void com.zenken.freshers.user.Photo.verifyImageDrag()]]>
              </value>
            </param>
          </params>
          <reporter-output>
          </reporter-output>
        </test-method> <!-- setup -->
        <test-method is-config="true" signature="setUpTest()[pri:0, instance:com.zenken.freshers.user.Photo@5340477f]" started-at="2024-10-30T17:33:04 IST" name="setUpTest" finished-at="2024-10-30T17:33:14 IST" duration-ms="9928" status="PASS">
          <reporter-output>
          </reporter-output>
        </test-method> <!-- setUpTest -->
        <test-method signature="verifyImageDrag()[pri:5, instance:com.zenken.freshers.user.Photo@5340477f]" started-at="2024-10-30T17:33:14 IST" name="verifyImageDrag" description="This test verifies that the uploaded image can be dragged" finished-at="2024-10-30T17:33:17 IST" duration-ms="2878" status="PASS">
          <reporter-output>
          </reporter-output>
        </test-method> <!-- verifyImageDrag -->
        <test-method is-config="true" signature="tearDown()[pri:0, instance:com.zenken.freshers.user.Photo@5340477f]" started-at="2024-10-30T17:33:17 IST" name="tearDown" finished-at="2024-10-30T17:33:17 IST" duration-ms="236" status="PASS">
          <reporter-output>
          </reporter-output>
        </test-method> <!-- tearDown -->
        <test-method is-config="true" signature="setup(java.lang.reflect.Method)[pri:0, instance:com.zenken.freshers.user.Photo@5340477f]" started-at="2024-10-30T17:33:17 IST" name="setup" finished-at="2024-10-30T17:33:18 IST" duration-ms="834" status="PASS">
          <params>
            <param index="0">
              <value>
                <![CDATA[public void com.zenken.freshers.user.Photo.verifyPhotoUpload()]]>
              </value>
            </param>
          </params>
          <reporter-output>
          </reporter-output>
        </test-method> <!-- setup -->
        <test-method is-config="true" signature="setUpTest()[pri:0, instance:com.zenken.freshers.user.Photo@5340477f]" started-at="2024-10-30T17:33:18 IST" name="setUpTest" finished-at="2024-10-30T17:33:42 IST" duration-ms="24142" status="PASS">
          <reporter-output>
          </reporter-output>
        </test-method> <!-- setUpTest -->
        <test-method signature="verifyPhotoUpload()[pri:6, instance:com.zenken.freshers.user.Photo@5340477f]" started-at="2024-10-30T17:33:42 IST" name="verifyPhotoUpload" description="This test verifies that the image can be uploaded successfully" finished-at="2024-10-30T17:33:51 IST" duration-ms="8798" status="PASS">
          <reporter-output>
          </reporter-output>
        </test-method> <!-- verifyPhotoUpload -->
        <test-method is-config="true" signature="tearDown()[pri:0, instance:com.zenken.freshers.user.Photo@5340477f]" started-at="2024-10-30T17:33:51 IST" name="tearDown" finished-at="2024-10-30T17:33:51 IST" duration-ms="349" status="PASS">
          <reporter-output>
          </reporter-output>
        </test-method> <!-- tearDown -->
        <test-method is-config="true" signature="setup(java.lang.reflect.Method)[pri:0, instance:com.zenken.freshers.user.Photo@5340477f]" started-at="2024-10-30T17:33:51 IST" name="setup" finished-at="2024-10-30T17:33:52 IST" duration-ms="901" status="PASS">
          <params>
            <param index="0">
              <value>
                <![CDATA[public void com.zenken.freshers.user.Photo.verifyPhotoImage() throws java.lang.InterruptedException]]>
              </value>
            </param>
          </params>
          <reporter-output>
          </reporter-output>
        </test-method> <!-- setup -->
        <test-method is-config="true" signature="setUpTest()[pri:0, instance:com.zenken.freshers.user.Photo@5340477f]" started-at="2024-10-30T17:33:52 IST" name="setUpTest" finished-at="2024-10-30T17:34:15 IST" duration-ms="22621" status="PASS">
          <reporter-output>
          </reporter-output>
        </test-method> <!-- setUpTest -->
        <test-method signature="verifyPhotoImage()[pri:7, instance:com.zenken.freshers.user.Photo@5340477f]" started-at="2024-10-30T17:34:15 IST" name="verifyPhotoImage" description="This test verifies that the uploaded image is same and &#039;Required to apply&#039; text is not displayed on preview and Photo edit page" finished-at="2024-10-30T17:35:07 IST" duration-ms="51550" status="PASS">
          <reporter-output>
          </reporter-output>
        </test-method> <!-- verifyPhotoImage -->
        <test-method is-config="true" signature="tearDown()[pri:0, instance:com.zenken.freshers.user.Photo@5340477f]" started-at="2024-10-30T17:35:07 IST" name="tearDown" finished-at="2024-10-30T17:35:07 IST" duration-ms="292" status="PASS">
          <reporter-output>
          </reporter-output>
        </test-method> <!-- tearDown -->
        <test-method is-config="true" signature="setup(java.lang.reflect.Method)[pri:0, instance:com.zenken.freshers.user.Photo@5340477f]" started-at="2024-10-30T17:35:07 IST" name="setup" finished-at="2024-10-30T17:35:08 IST" duration-ms="840" status="PASS">
          <params>
            <param index="0">
              <value>
                <![CDATA[public void com.zenken.freshers.user.Photo.verifyPhotoChange()]]>
              </value>
            </param>
          </params>
          <reporter-output>
          </reporter-output>
        </test-method> <!-- setup -->
        <test-method is-config="true" signature="setUpTest()[pri:0, instance:com.zenken.freshers.user.Photo@5340477f]" started-at="2024-10-30T17:35:08 IST" name="setUpTest" finished-at="2024-10-30T17:35:21 IST" duration-ms="12942" status="PASS">
          <reporter-output>
          </reporter-output>
        </test-method> <!-- setUpTest -->
        <test-method signature="verifyPhotoChange()[pri:8, instance:com.zenken.freshers.user.Photo@5340477f]" started-at="2024-10-30T17:35:21 IST" name="verifyPhotoChange" description="This test verifies that the uploaded image can be changed" finished-at="2024-10-30T17:35:23 IST" duration-ms="2407" status="PASS">
          <reporter-output>
          </reporter-output>
        </test-method> <!-- verifyPhotoChange -->
        <test-method is-config="true" signature="tearDown()[pri:0, instance:com.zenken.freshers.user.Photo@5340477f]" started-at="2024-10-30T17:35:23 IST" name="tearDown" finished-at="2024-10-30T17:35:23 IST" duration-ms="245" status="PASS">
          <reporter-output>
          </reporter-output>
        </test-method> <!-- tearDown -->
        <test-method is-config="true" signature="setup(java.lang.reflect.Method)[pri:0, instance:com.zenken.freshers.user.Photo@5340477f]" started-at="2024-10-30T17:35:23 IST" name="setup" finished-at="2024-10-30T17:35:24 IST" duration-ms="887" status="PASS">
          <params>
            <param index="0">
              <value>
                <![CDATA[public void com.zenken.freshers.user.Photo.verifyPhotoDelete()]]>
              </value>
            </param>
          </params>
          <reporter-output>
          </reporter-output>
        </test-method> <!-- setup -->
        <test-method is-config="true" signature="setUpTest()[pri:0, instance:com.zenken.freshers.user.Photo@5340477f]" started-at="2024-10-30T17:35:24 IST" name="setUpTest" finished-at="2024-10-30T17:35:37 IST" duration-ms="12662" status="PASS">
          <reporter-output>
          </reporter-output>
        </test-method> <!-- setUpTest -->
        <test-method signature="verifyPhotoDelete()[pri:9, instance:com.zenken.freshers.user.Photo@5340477f]" started-at="2024-10-30T17:35:37 IST" name="verifyPhotoDelete" description="This test verifies that the image can be deleted and &#039;Required to apply&#039; text is displayed on Photo edit and preview page" finished-at="2024-10-30T17:35:45 IST" duration-ms="8315" status="PASS">
          <reporter-output>
          </reporter-output>
        </test-method> <!-- verifyPhotoDelete -->
        <test-method is-config="true" signature="tearDown()[pri:0, instance:com.zenken.freshers.user.Photo@5340477f]" started-at="2024-10-30T17:35:45 IST" name="tearDown" finished-at="2024-10-30T17:35:45 IST" duration-ms="292" status="PASS">
          <reporter-output>
          </reporter-output>
        </test-method> <!-- tearDown -->
        <test-method is-config="true" signature="setup(java.lang.reflect.Method)[pri:0, instance:com.zenken.freshers.user.Photo@5340477f]" started-at="2024-10-30T17:35:45 IST" name="setup" finished-at="2024-10-30T17:35:46 IST" duration-ms="781" status="PASS">
          <params>
            <param index="0">
              <value>
                <![CDATA[public void com.zenken.freshers.user.Photo.verifyPhotoInvalidFile()]]>
              </value>
            </param>
          </params>
          <reporter-output>
          </reporter-output>
        </test-method> <!-- setup -->
        <test-method is-config="true" signature="setUpTest()[pri:0, instance:com.zenken.freshers.user.Photo@5340477f]" started-at="2024-10-30T17:35:46 IST" name="setUpTest" finished-at="2024-10-30T17:35:56 IST" duration-ms="9986" status="PASS">
          <reporter-output>
          </reporter-output>
        </test-method> <!-- setUpTest -->
        <test-method signature="verifyPhotoInvalidFile()[pri:10, instance:com.zenken.freshers.user.Photo@5340477f]" started-at="2024-10-30T17:35:56 IST" name="verifyPhotoInvalidFile" description="This test verifies that validation error occurs for invalid file format" finished-at="2024-10-30T17:36:03 IST" duration-ms="6659" status="PASS">
          <reporter-output>
          </reporter-output>
        </test-method> <!-- verifyPhotoInvalidFile -->
        <test-method is-config="true" signature="tearDown()[pri:0, instance:com.zenken.freshers.user.Photo@5340477f]" started-at="2024-10-30T17:36:03 IST" name="tearDown" finished-at="2024-10-30T17:36:05 IST" duration-ms="1995" status="PASS">
          <reporter-output>
          </reporter-output>
        </test-method> <!-- tearDown -->
        <test-method is-config="true" signature="setup(java.lang.reflect.Method)[pri:0, instance:com.zenken.freshers.user.Photo@5340477f]" started-at="2024-10-30T17:36:05 IST" name="setup" finished-at="2024-10-30T17:36:06 IST" duration-ms="749" status="PASS">
          <params>
            <param index="0">
              <value>
                <![CDATA[public void com.zenken.freshers.user.Photo.verifyPhotoInvalidSize()]]>
              </value>
            </param>
          </params>
          <reporter-output>
          </reporter-output>
        </test-method> <!-- setup -->
        <test-method is-config="true" signature="setUpTest()[pri:0, instance:com.zenken.freshers.user.Photo@5340477f]" started-at="2024-10-30T17:36:06 IST" name="setUpTest" finished-at="2024-10-30T17:36:19 IST" duration-ms="13750" status="PASS">
          <reporter-output>
          </reporter-output>
        </test-method> <!-- setUpTest -->
        <test-method signature="verifyPhotoInvalidSize()[pri:11, instance:com.zenken.freshers.user.Photo@5340477f]" started-at="2024-10-30T17:36:19 IST" name="verifyPhotoInvalidSize" description="This test verifies that validation error occurs when image size is more than 5MB" finished-at="2024-10-30T17:36:22 IST" duration-ms="2537" status="PASS">
          <reporter-output>
          </reporter-output>
        </test-method> <!-- verifyPhotoInvalidSize -->
        <test-method is-config="true" signature="tearDown()[pri:0, instance:com.zenken.freshers.user.Photo@5340477f]" started-at="2024-10-30T17:36:22 IST" name="tearDown" finished-at="2024-10-30T17:36:22 IST" duration-ms="247" status="PASS">
          <reporter-output>
          </reporter-output>
        </test-method> <!-- tearDown -->
      </class> <!-- com.zenken.freshers.user.Photo -->
      <class name="com.zenken.freshers.user.Settings">
        <test-method is-config="true" signature="setup(java.lang.reflect.Method)[pri:0, instance:com.zenken.freshers.user.Settings@730d2164]" started-at="2024-10-30T17:31:04 IST" name="setup" finished-at="2024-10-30T17:31:06 IST" duration-ms="2037" status="PASS">
          <params>
            <param index="0">
              <value>
                <![CDATA[public void com.zenken.freshers.user.Settings.verifySetDesTexts()]]>
              </value>
            </param>
          </params>
          <reporter-output>
          </reporter-output>
        </test-method> <!-- setup -->
        <test-method is-config="true" signature="setUpTest()[pri:0, instance:com.zenken.freshers.user.Settings@730d2164]" started-at="2024-10-30T17:31:06 IST" name="setUpTest" finished-at="2024-10-30T17:31:37 IST" duration-ms="30378" status="PASS">
          <reporter-output>
          </reporter-output>
        </test-method> <!-- setUpTest -->
        <test-method signature="verifySetDesTexts()[pri:0, instance:com.zenken.freshers.user.Settings@730d2164]" started-at="2024-10-30T17:31:37 IST" name="verifySetDesTexts" description="This test verifies that the texts describing &#039;Yaaay Midcareer&#039; and &#039;Zenken Newsletter&#039; are correct" finished-at="2024-10-30T17:31:38 IST" duration-ms="1502" status="PASS">
          <reporter-output>
          </reporter-output>
        </test-method> <!-- verifySetDesTexts -->
        <test-method is-config="true" signature="tearDown()[pri:0, instance:com.zenken.freshers.user.Settings@730d2164]" started-at="2024-10-30T17:31:38 IST" name="tearDown" finished-at="2024-10-30T17:31:39 IST" duration-ms="471" status="PASS">
          <reporter-output>
          </reporter-output>
        </test-method> <!-- tearDown -->
        <test-method is-config="true" signature="setup(java.lang.reflect.Method)[pri:0, instance:com.zenken.freshers.user.Settings@730d2164]" started-at="2024-10-30T17:31:39 IST" name="setup" finished-at="2024-10-30T17:31:40 IST" duration-ms="1182" status="PASS">
          <params>
            <param index="0">
              <value>
                <![CDATA[public void com.zenken.freshers.user.Settings.verifySetNotSelected()]]>
              </value>
            </param>
          </params>
          <reporter-output>
          </reporter-output>
        </test-method> <!-- setup -->
        <test-method is-config="true" signature="setUpTest()[pri:0, instance:com.zenken.freshers.user.Settings@730d2164]" started-at="2024-10-30T17:31:40 IST" name="setUpTest" finished-at="2024-10-30T17:32:08 IST" duration-ms="27701" status="PASS">
          <reporter-output>
          </reporter-output>
        </test-method> <!-- setUpTest -->
        <test-method signature="verifySetNotSelected()[pri:0, instance:com.zenken.freshers.user.Settings@730d2164]" started-at="2024-10-30T17:32:08 IST" name="verifySetNotSelected" description="This test verifies that appropriate texts are displayed on preview page when checkboxes for &#039;Yaaay Midcareer&#039; and &#039;Zenken Newsletter&#039; are NOT selected" finished-at="2024-10-30T17:32:18 IST" duration-ms="10201" status="PASS">
          <reporter-output>
          </reporter-output>
        </test-method> <!-- verifySetNotSelected -->
        <test-method is-config="true" signature="tearDown()[pri:0, instance:com.zenken.freshers.user.Settings@730d2164]" started-at="2024-10-30T17:32:18 IST" name="tearDown" finished-at="2024-10-30T17:32:18 IST" duration-ms="441" status="PASS">
          <reporter-output>
          </reporter-output>
        </test-method> <!-- tearDown -->
        <test-method is-config="true" signature="setup(java.lang.reflect.Method)[pri:0, instance:com.zenken.freshers.user.Settings@730d2164]" started-at="2024-10-30T17:32:18 IST" name="setup" finished-at="2024-10-30T17:32:20 IST" duration-ms="1295" status="PASS">
          <params>
            <param index="0">
              <value>
                <![CDATA[public void com.zenken.freshers.user.Settings.verifySetSelected()]]>
              </value>
            </param>
          </params>
          <reporter-output>
          </reporter-output>
        </test-method> <!-- setup -->
        <test-method is-config="true" signature="setUpTest()[pri:0, instance:com.zenken.freshers.user.Settings@730d2164]" started-at="2024-10-30T17:32:20 IST" name="setUpTest" finished-at="2024-10-30T17:32:40 IST" duration-ms="20755" status="PASS">
          <reporter-output>
          </reporter-output>
        </test-method> <!-- setUpTest -->
        <test-method retried="true" signature="verifySetSelected()[pri:0, instance:com.zenken.freshers.user.Settings@730d2164]" started-at="2024-10-30T17:32:40 IST" name="verifySetSelected" description="This test verifies that appropriate texts are displayed on preview page when checkboxes for &#039;Yaaay Midcareer&#039; and &#039;Zenken Newsletter&#039; are selected" finished-at="2024-10-30T17:33:14 IST" duration-ms="33944" status="SKIP">
          <exception class="org.openqa.selenium.TimeoutException">
            <message>
              <![CDATA[Expected condition failed: waiting for visibility of Proxy element for: DefaultElementLocator 'By.cssSelector: [class*='not'] [role='alert']' (tried for 10 second(s) with 500 milliseconds interval)]]>
            </message>
            <full-stacktrace>
              <![CDATA[org.openqa.selenium.TimeoutException: Expected condition failed: waiting for visibility of Proxy element for: DefaultElementLocator 'By.cssSelector: [class*='not'] [role='alert']' (tried for 10 second(s) with 500 milliseconds interval)
at org.openqa.selenium.support.ui.WebDriverWait.timeoutException(WebDriverWait.java:84)
at org.openqa.selenium.support.ui.FluentWait.until(FluentWait.java:228)
at com.zenken.frehsers.abstractcomponents.WebDriverUtils.waitUntilElementAppears(WebDriverUtils.java:67)
at com.zenken.freshers.pages.user.ProfilePreviewPage.getAlertText(ProfilePreviewPage.java:333)
at com.zenken.freshers.user.Settings.redirectionAssertions(Settings.java:98)
at com.zenken.freshers.user.Settings.verifySetSelected(Settings.java:71)
at java.base/jdk.internal.reflect.DirectMethodHandleAccessor.invoke(DirectMethodHandleAccessor.java:103)
at java.base/java.lang.reflect.Method.invoke(Method.java:580)
at org.testng.internal.invokers.MethodInvocationHelper.invokeMethod(MethodInvocationHelper.java:141)
at org.testng.internal.invokers.TestInvoker.invokeMethod(TestInvoker.java:686)
at org.testng.internal.invokers.TestInvoker.invokeTestMethod(TestInvoker.java:230)
at org.testng.internal.invokers.MethodRunner.runInSequence(MethodRunner.java:63)
at org.testng.internal.invokers.TestInvoker$MethodInvocationAgent.invoke(TestInvoker.java:992)
at org.testng.internal.invokers.TestInvoker.invokeTestMethods(TestInvoker.java:203)
at org.testng.internal.invokers.TestMethodWorker.invokeTestMethods(TestMethodWorker.java:154)
at org.testng.internal.invokers.TestMethodWorker.run(TestMethodWorker.java:134)
at java.base/java.util.concurrent.Executors$RunnableAdapter.call(Executors.java:572)
at java.base/java.util.concurrent.FutureTask.run(FutureTask.java:317)
at org.testng.internal.thread.graph.TestNGFutureTask.run(TestNGFutureTask.java:22)
at java.base/java.util.concurrent.ThreadPoolExecutor.runWorker(ThreadPoolExecutor.java:1144)
at java.base/java.util.concurrent.ThreadPoolExecutor$Worker.run(ThreadPoolExecutor.java:642)
at java.base/java.lang.Thread.run(Thread.java:1583)
Caused by: org.openqa.selenium.NoSuchElementException: no such element: Unable to locate element: {"method":"css selector","selector":"[class*='not'] [role='alert']"}
  (Session info: chrome=130.0.6723.70)
For documentation on this error, please visit: https://www.selenium.dev/documentation/webdriver/troubleshooting/errors#no-such-element-exception
Build info: version: '4.25.0', revision: '8a8aea2337'
System info: os.name: 'Windows 11', os.arch: 'amd64', os.version: '10.0', java.version: '21.0.2'
Driver info: org.openqa.selenium.chrome.ChromeDriver
Command: [0b87955cea356894242531bcd9a0de28, findElement {value=[class*='not'] [role='alert'], using=css selector}]
Capabilities {acceptInsecureCerts: false, browserName: chrome, browserVersion: 130.0.6723.70, chrome: {chromedriverVersion: 130.0.6723.91 (53ac07678369..., userDataDir: C:\Users\prasa\AppData\Loca...}, fedcm:accounts: true, goog:chromeOptions: {debuggerAddress: localhost:49883}, networkConnectionEnabled: false, pageLoadStrategy: normal, platformName: windows, proxy: Proxy(), se:cdp: ws://localhost:49883/devtoo..., se:cdpVersion: 130.0.6723.70, setWindowRect: true, strictFileInteractability: false, timeouts: {implicit: 0, pageLoad: 300000, script: 30000}, unhandledPromptBehavior: dismiss and notify, webauthn:extension:credBlob: true, webauthn:extension:largeBlob: true, webauthn:extension:minPinLength: true, webauthn:extension:prf: true, webauthn:virtualAuthenticators: true}
Session ID: 0b87955cea356894242531bcd9a0de28
at java.base/jdk.internal.reflect.DirectConstructorHandleAccessor.newInstance(DirectConstructorHandleAccessor.java:62)
at java.base/java.lang.reflect.Constructor.newInstanceWithCaller(Constructor.java:502)
at java.base/java.lang.reflect.Constructor.newInstance(Constructor.java:486)
at org.openqa.selenium.remote.ErrorCodec.decode(ErrorCodec.java:167)
at org.openqa.selenium.remote.codec.w3c.W3CHttpResponseCodec.decode(W3CHttpResponseCodec.java:138)
at org.openqa.selenium.remote.codec.w3c.W3CHttpResponseCodec.decode(W3CHttpResponseCodec.java:50)
at org.openqa.selenium.remote.HttpCommandExecutor.execute(HttpCommandExecutor.java:190)
at org.openqa.selenium.remote.service.DriverCommandExecutor.invokeExecute(DriverCommandExecutor.java:216)
at org.openqa.selenium.remote.service.DriverCommandExecutor.execute(DriverCommandExecutor.java:174)
at org.openqa.selenium.remote.RemoteWebDriver.execute(RemoteWebDriver.java:545)
at org.openqa.selenium.remote.ElementLocation$ElementFinder$2.findElement(ElementLocation.java:165)
at org.openqa.selenium.remote.ElementLocation.findElement(ElementLocation.java:59)
at org.openqa.selenium.remote.RemoteWebDriver.findElement(RemoteWebDriver.java:368)
at org.openqa.selenium.remote.RemoteWebDriver.findElement(RemoteWebDriver.java:362)
at org.openqa.selenium.support.pagefactory.DefaultElementLocator.findElement(DefaultElementLocator.java:68)
at org.openqa.selenium.support.pagefactory.internal.LocatingElementHandler.invoke(LocatingElementHandler.java:38)
at jdk.proxy2/jdk.proxy2.$Proxy11.isDisplayed(Unknown Source)
at org.openqa.selenium.support.ui.ExpectedConditions.elementIfVisible(ExpectedConditions.java:304)
at org.openqa.selenium.support.ui.ExpectedConditions$10.apply(ExpectedConditions.java:290)
at org.openqa.selenium.support.ui.ExpectedConditions$10.apply(ExpectedConditions.java:287)
at org.openqa.selenium.support.ui.FluentWait.until(FluentWait.java:203)
... 20 more
]]>
            </full-stacktrace>
          </exception> <!-- org.openqa.selenium.TimeoutException -->
          <reporter-output>
          </reporter-output>
        </test-method> <!-- verifySetSelected -->
        <test-method is-config="true" signature="tearDown()[pri:0, instance:com.zenken.freshers.user.Settings@730d2164]" started-at="2024-10-30T17:33:14 IST" name="tearDown" finished-at="2024-10-30T17:33:15 IST" duration-ms="346" status="PASS">
          <reporter-output>
          </reporter-output>
        </test-method> <!-- tearDown -->
        <test-method is-config="true" signature="setup(java.lang.reflect.Method)[pri:0, instance:com.zenken.freshers.user.Settings@730d2164]" started-at="2024-10-30T17:33:15 IST" name="setup" finished-at="2024-10-30T17:33:16 IST" duration-ms="868" status="PASS">
          <params>
            <param index="0">
              <value>
                <![CDATA[public void com.zenken.freshers.user.Settings.verifySetSelected()]]>
              </value>
            </param>
          </params>
          <reporter-output>
          </reporter-output>
        </test-method> <!-- setup -->
        <test-method is-config="true" signature="setUpTest()[pri:0, instance:com.zenken.freshers.user.Settings@730d2164]" started-at="2024-10-30T17:33:16 IST" name="setUpTest" finished-at="2024-10-30T17:33:51 IST" duration-ms="35341" status="PASS">
          <reporter-output>
          </reporter-output>
        </test-method> <!-- setUpTest -->
        <test-method signature="verifySetSelected()[pri:0, instance:com.zenken.freshers.user.Settings@730d2164]" started-at="2024-10-30T17:33:51 IST" name="verifySetSelected" description="This test verifies that appropriate texts are displayed on preview page when checkboxes for &#039;Yaaay Midcareer&#039; and &#039;Zenken Newsletter&#039; are selected" finished-at="2024-10-30T17:34:02 IST" duration-ms="11502" status="PASS">
          <reporter-output>
          </reporter-output>
        </test-method> <!-- verifySetSelected -->
        <test-method is-config="true" signature="tearDown()[pri:0, instance:com.zenken.freshers.user.Settings@730d2164]" started-at="2024-10-30T17:34:02 IST" name="tearDown" finished-at="2024-10-30T17:34:03 IST" duration-ms="271" status="PASS">
          <reporter-output>
          </reporter-output>
        </test-method> <!-- tearDown -->
        <test-method is-config="true" signature="setup(java.lang.reflect.Method)[pri:0, instance:com.zenken.freshers.user.Settings@730d2164]" started-at="2024-10-30T17:34:03 IST" name="setup" finished-at="2024-10-30T17:34:03 IST" duration-ms="759" status="PASS">
          <params>
            <param index="0">
              <value>
                <![CDATA[public void com.zenken.freshers.user.Settings.verifySettingsTitle()]]>
              </value>
            </param>
          </params>
          <reporter-output>
          </reporter-output>
        </test-method> <!-- setup -->
        <test-method is-config="true" signature="setUpTest()[pri:0, instance:com.zenken.freshers.user.Settings@730d2164]" started-at="2024-10-30T17:34:03 IST" name="setUpTest" finished-at="2024-10-30T17:34:23 IST" duration-ms="19213" status="PASS">
          <reporter-output>
          </reporter-output>
        </test-method> <!-- setUpTest -->
        <test-method signature="verifySettingsTitle()[pri:0, instance:com.zenken.freshers.user.Settings@730d2164]" started-at="2024-10-30T17:34:23 IST" name="verifySettingsTitle" description="This test verifies that Settings page title is correct" finished-at="2024-10-30T17:34:24 IST" duration-ms="1113" status="PASS">
          <reporter-output>
          </reporter-output>
        </test-method> <!-- verifySettingsTitle -->
        <test-method is-config="true" signature="tearDown()[pri:0, instance:com.zenken.freshers.user.Settings@730d2164]" started-at="2024-10-30T17:34:24 IST" name="tearDown" finished-at="2024-10-30T17:34:24 IST" duration-ms="292" status="PASS">
          <reporter-output>
          </reporter-output>
        </test-method> <!-- tearDown -->
        <test-method is-config="true" signature="setup(java.lang.reflect.Method)[pri:0, instance:com.zenken.freshers.user.Settings@730d2164]" started-at="2024-10-30T17:34:24 IST" name="setup" finished-at="2024-10-30T17:34:25 IST" duration-ms="909" status="PASS">
          <params>
            <param index="0">
              <value>
                <![CDATA[public void com.zenken.freshers.user.Settings.verifySettingsUrl()]]>
              </value>
            </param>
          </params>
          <reporter-output>
          </reporter-output>
        </test-method> <!-- setup -->
        <test-method is-config="true" signature="setUpTest()[pri:0, instance:com.zenken.freshers.user.Settings@730d2164]" started-at="2024-10-30T17:34:25 IST" name="setUpTest" finished-at="2024-10-30T17:34:47 IST" duration-ms="22471" status="PASS">
          <reporter-output>
          </reporter-output>
        </test-method> <!-- setUpTest -->
        <test-method signature="verifySettingsUrl()[pri:0, instance:com.zenken.freshers.user.Settings@730d2164]" started-at="2024-10-30T17:34:47 IST" name="verifySettingsUrl" description="This test verifies that user is redirected to &#039;Settings&#039; edit page" finished-at="2024-10-30T17:34:49 IST" duration-ms="1183" status="PASS">
          <reporter-output>
          </reporter-output>
        </test-method> <!-- verifySettingsUrl -->
        <test-method is-config="true" signature="tearDown()[pri:0, instance:com.zenken.freshers.user.Settings@730d2164]" started-at="2024-10-30T17:34:49 IST" name="tearDown" finished-at="2024-10-30T17:34:49 IST" duration-ms="260" status="PASS">
          <reporter-output>
          </reporter-output>
        </test-method> <!-- tearDown -->
      </class> <!-- com.zenken.freshers.user.Settings -->
    </test> <!-- Test -->
  </suite> <!-- Suite -->
</testng-results>
