<?xml version="1.0" encoding="UTF-8"?>
<testng-results ignored="0" total="28" passed="28" failed="0" skipped="0">
  <reporter-output>
  </reporter-output>
  <suite started-at="2024-11-14T17:47:00 IST" name="Suite" finished-at="2024-11-14T17:50:31 IST" duration-ms="210727">
    <groups>
    </groups>
    <test started-at="2024-11-14T17:47:00 IST" name="Test" finished-at="2024-11-14T17:50:31 IST" duration-ms="210727">
      <class name="com.zenken.freshers.user.Login">
        <test-method is-config="true" signature="setup(java.lang.reflect.Method)[pri:0, instance:com.zenken.freshers.user.Login@7fb4f2a9]" started-at="2024-11-14T17:47:00 IST" name="setup" finished-at="2024-11-14T17:47:01 IST" duration-ms="1437" status="PASS">
          <params>
            <param index="0">
              <value>
                <![CDATA[public void com.zenken.freshers.user.Login.verifyCreateAccountUrl()]]>
              </value>
            </param>
          </params>
          <reporter-output>
          </reporter-output>
        </test-method> <!-- setup -->
        <test-method is-config="true" signature="setUpTest(org.testng.ITestResult)[pri:0, instance:com.zenken.freshers.user.Login@7fb4f2a9]" started-at="2024-11-14T17:47:01 IST" name="setUpTest" finished-at="2024-11-14T17:47:06 IST" duration-ms="4090" status="PASS">
          <params>
            <param index="0">
              <value>
                <![CDATA[[TestResult name={null} status=CREATED method=Login.verifyCreateAccountUrl()[pri:0, instance:com.zenken.freshers.user.Login@7fb4f2a9] output={null}]]]>
              </value>
            </param>
          </params>
          <reporter-output>
          </reporter-output>
        </test-method> <!-- setUpTest -->
        <test-method signature="verifyCreateAccountUrl()[pri:0, instance:com.zenken.freshers.user.Login@7fb4f2a9]" started-at="2024-11-14T17:47:06 IST" name="verifyCreateAccountUrl" finished-at="2024-11-14T17:47:07 IST" duration-ms="947" status="PASS">
          <reporter-output>
          </reporter-output>
        </test-method> <!-- verifyCreateAccountUrl -->
        <test-method is-config="true" signature="tearDown()[pri:0, instance:com.zenken.freshers.user.Login@7fb4f2a9]" started-at="2024-11-14T17:47:07 IST" name="tearDown" finished-at="2024-11-14T17:47:08 IST" duration-ms="1295" status="PASS">
          <reporter-output>
          </reporter-output>
        </test-method> <!-- tearDown -->
        <test-method is-config="true" signature="setup(java.lang.reflect.Method)[pri:0, instance:com.zenken.freshers.user.Login@7fb4f2a9]" started-at="2024-11-14T17:47:08 IST" name="setup" finished-at="2024-11-14T17:47:09 IST" duration-ms="912" status="PASS">
          <params>
            <param index="0">
              <value>
                <![CDATA[public void com.zenken.freshers.user.Login.verifyCredentialsMismatch()]]>
              </value>
            </param>
          </params>
          <reporter-output>
          </reporter-output>
        </test-method> <!-- setup -->
        <test-method is-config="true" signature="setUpTest(org.testng.ITestResult)[pri:0, instance:com.zenken.freshers.user.Login@7fb4f2a9]" started-at="2024-11-14T17:47:09 IST" name="setUpTest" finished-at="2024-11-14T17:47:11 IST" duration-ms="2022" status="PASS">
          <params>
            <param index="0">
              <value>
                <![CDATA[[TestResult name={null} status=CREATED method=Login.verifyCredentialsMismatch()[pri:0, instance:com.zenken.freshers.user.Login@7fb4f2a9] output={null}]]]>
              </value>
            </param>
          </params>
          <reporter-output>
          </reporter-output>
        </test-method> <!-- setUpTest -->
        <test-method signature="verifyCredentialsMismatch()[pri:0, instance:com.zenken.freshers.user.Login@7fb4f2a9]" started-at="2024-11-14T17:47:11 IST" name="verifyCredentialsMismatch" finished-at="2024-11-14T17:47:13 IST" duration-ms="2622" status="PASS">
          <reporter-output>
          </reporter-output>
        </test-method> <!-- verifyCredentialsMismatch -->
        <test-method is-config="true" signature="tearDown()[pri:0, instance:com.zenken.freshers.user.Login@7fb4f2a9]" started-at="2024-11-14T17:47:13 IST" name="tearDown" finished-at="2024-11-14T17:47:15 IST" duration-ms="1297" status="PASS">
          <reporter-output>
          </reporter-output>
        </test-method> <!-- tearDown -->
        <test-method is-config="true" signature="setup(java.lang.reflect.Method)[pri:0, instance:com.zenken.freshers.user.Login@7fb4f2a9]" started-at="2024-11-14T17:47:15 IST" name="setup" finished-at="2024-11-14T17:47:15 IST" duration-ms="801" status="PASS">
          <params>
            <param index="0">
              <value>
                <![CDATA[public void com.zenken.freshers.user.Login.verifyEmailRequired()]]>
              </value>
            </param>
          </params>
          <reporter-output>
          </reporter-output>
        </test-method> <!-- setup -->
        <test-method is-config="true" signature="setUpTest(org.testng.ITestResult)[pri:0, instance:com.zenken.freshers.user.Login@7fb4f2a9]" started-at="2024-11-14T17:47:15 IST" name="setUpTest" finished-at="2024-11-14T17:47:19 IST" duration-ms="3835" status="PASS">
          <params>
            <param index="0">
              <value>
                <![CDATA[[TestResult name={null} status=CREATED method=Login.verifyEmailRequired()[pri:0, instance:com.zenken.freshers.user.Login@7fb4f2a9] output={null}]]]>
              </value>
            </param>
          </params>
          <reporter-output>
          </reporter-output>
        </test-method> <!-- setUpTest -->
        <test-method signature="verifyEmailRequired()[pri:0, instance:com.zenken.freshers.user.Login@7fb4f2a9]" started-at="2024-11-14T17:47:19 IST" name="verifyEmailRequired" finished-at="2024-11-14T17:47:21 IST" duration-ms="1348" status="PASS">
          <reporter-output>
          </reporter-output>
        </test-method> <!-- verifyEmailRequired -->
        <test-method is-config="true" signature="tearDown()[pri:0, instance:com.zenken.freshers.user.Login@7fb4f2a9]" started-at="2024-11-14T17:47:21 IST" name="tearDown" finished-at="2024-11-14T17:47:22 IST" duration-ms="1309" status="PASS">
          <reporter-output>
          </reporter-output>
        </test-method> <!-- tearDown -->
        <test-method is-config="true" signature="setup(java.lang.reflect.Method)[pri:0, instance:com.zenken.freshers.user.Login@7fb4f2a9]" started-at="2024-11-14T17:47:22 IST" name="setup" finished-at="2024-11-14T17:47:23 IST" duration-ms="845" status="PASS">
          <params>
            <param index="0">
              <value>
                <![CDATA[public void com.zenken.freshers.user.Login.verifyEmailRequiredOnForgotPasswordPage()]]>
              </value>
            </param>
          </params>
          <reporter-output>
          </reporter-output>
        </test-method> <!-- setup -->
        <test-method is-config="true" signature="setUpTest(org.testng.ITestResult)[pri:0, instance:com.zenken.freshers.user.Login@7fb4f2a9]" started-at="2024-11-14T17:47:23 IST" name="setUpTest" finished-at="2024-11-14T17:47:27 IST" duration-ms="3875" status="PASS">
          <params>
            <param index="0">
              <value>
                <![CDATA[[TestResult name={null} status=CREATED method=Login.verifyEmailRequiredOnForgotPasswordPage()[pri:0, instance:com.zenken.freshers.user.Login@7fb4f2a9] output={null}]]]>
              </value>
            </param>
          </params>
          <reporter-output>
          </reporter-output>
        </test-method> <!-- setUpTest -->
        <test-method signature="verifyEmailRequiredOnForgotPasswordPage()[pri:0, instance:com.zenken.freshers.user.Login@7fb4f2a9]" started-at="2024-11-14T17:47:27 IST" name="verifyEmailRequiredOnForgotPasswordPage" finished-at="2024-11-14T17:47:29 IST" duration-ms="2207" status="PASS">
          <reporter-output>
          </reporter-output>
        </test-method> <!-- verifyEmailRequiredOnForgotPasswordPage -->
        <test-method is-config="true" signature="tearDown()[pri:0, instance:com.zenken.freshers.user.Login@7fb4f2a9]" started-at="2024-11-14T17:47:29 IST" name="tearDown" finished-at="2024-11-14T17:47:30 IST" duration-ms="1295" status="PASS">
          <reporter-output>
          </reporter-output>
        </test-method> <!-- tearDown -->
        <test-method is-config="true" signature="setup(java.lang.reflect.Method)[pri:0, instance:com.zenken.freshers.user.Login@7fb4f2a9]" started-at="2024-11-14T17:47:30 IST" name="setup" finished-at="2024-11-14T17:47:31 IST" duration-ms="825" status="PASS">
          <params>
            <param index="0">
              <value>
                <![CDATA[public void com.zenken.freshers.user.Login.verifyForgotPasswordPageHeadline()]]>
              </value>
            </param>
          </params>
          <reporter-output>
          </reporter-output>
        </test-method> <!-- setup -->
        <test-method is-config="true" signature="setUpTest(org.testng.ITestResult)[pri:0, instance:com.zenken.freshers.user.Login@7fb4f2a9]" started-at="2024-11-14T17:47:31 IST" name="setUpTest" finished-at="2024-11-14T17:47:35 IST" duration-ms="3981" status="PASS">
          <params>
            <param index="0">
              <value>
                <![CDATA[[TestResult name={null} status=CREATED method=Login.verifyForgotPasswordPageHeadline()[pri:0, instance:com.zenken.freshers.user.Login@7fb4f2a9] output={null}]]]>
              </value>
            </param>
          </params>
          <reporter-output>
          </reporter-output>
        </test-method> <!-- setUpTest -->
        <test-method signature="verifyForgotPasswordPageHeadline()[pri:0, instance:com.zenken.freshers.user.Login@7fb4f2a9]" started-at="2024-11-14T17:47:35 IST" name="verifyForgotPasswordPageHeadline" finished-at="2024-11-14T17:47:36 IST" duration-ms="860" status="PASS">
          <reporter-output>
          </reporter-output>
        </test-method> <!-- verifyForgotPasswordPageHeadline -->
        <test-method is-config="true" signature="tearDown()[pri:0, instance:com.zenken.freshers.user.Login@7fb4f2a9]" started-at="2024-11-14T17:47:36 IST" name="tearDown" finished-at="2024-11-14T17:47:37 IST" duration-ms="1287" status="PASS">
          <reporter-output>
          </reporter-output>
        </test-method> <!-- tearDown -->
        <test-method is-config="true" signature="setup(java.lang.reflect.Method)[pri:0, instance:com.zenken.freshers.user.Login@7fb4f2a9]" started-at="2024-11-14T17:47:37 IST" name="setup" finished-at="2024-11-14T17:47:38 IST" duration-ms="833" status="PASS">
          <params>
            <param index="0">
              <value>
                <![CDATA[public void com.zenken.freshers.user.Login.verifyForgotPasswordPageTitle()]]>
              </value>
            </param>
          </params>
          <reporter-output>
          </reporter-output>
        </test-method> <!-- setup -->
        <test-method is-config="true" signature="setUpTest(org.testng.ITestResult)[pri:0, instance:com.zenken.freshers.user.Login@7fb4f2a9]" started-at="2024-11-14T17:47:38 IST" name="setUpTest" finished-at="2024-11-14T17:47:42 IST" duration-ms="3993" status="PASS">
          <params>
            <param index="0">
              <value>
                <![CDATA[[TestResult name={null} status=CREATED method=Login.verifyForgotPasswordPageTitle()[pri:0, instance:com.zenken.freshers.user.Login@7fb4f2a9] output={null}]]]>
              </value>
            </param>
          </params>
          <reporter-output>
          </reporter-output>
        </test-method> <!-- setUpTest -->
        <test-method signature="verifyForgotPasswordPageTitle()[pri:0, instance:com.zenken.freshers.user.Login@7fb4f2a9]" started-at="2024-11-14T17:47:42 IST" name="verifyForgotPasswordPageTitle" finished-at="2024-11-14T17:47:43 IST" duration-ms="838" status="PASS">
          <reporter-output>
          </reporter-output>
        </test-method> <!-- verifyForgotPasswordPageTitle -->
        <test-method is-config="true" signature="tearDown()[pri:0, instance:com.zenken.freshers.user.Login@7fb4f2a9]" started-at="2024-11-14T17:47:43 IST" name="tearDown" finished-at="2024-11-14T17:47:44 IST" duration-ms="1293" status="PASS">
          <reporter-output>
          </reporter-output>
        </test-method> <!-- tearDown -->
        <test-method is-config="true" signature="setup(java.lang.reflect.Method)[pri:0, instance:com.zenken.freshers.user.Login@7fb4f2a9]" started-at="2024-11-14T17:47:44 IST" name="setup" finished-at="2024-11-14T17:47:45 IST" duration-ms="838" status="PASS">
          <params>
            <param index="0">
              <value>
                <![CDATA[public void com.zenken.freshers.user.Login.verifyForgotPasswordUrl()]]>
              </value>
            </param>
          </params>
          <reporter-output>
          </reporter-output>
        </test-method> <!-- setup -->
        <test-method is-config="true" signature="setUpTest(org.testng.ITestResult)[pri:0, instance:com.zenken.freshers.user.Login@7fb4f2a9]" started-at="2024-11-14T17:47:45 IST" name="setUpTest" finished-at="2024-11-14T17:47:48 IST" duration-ms="2854" status="PASS">
          <params>
            <param index="0">
              <value>
                <![CDATA[[TestResult name={null} status=CREATED method=Login.verifyForgotPasswordUrl()[pri:0, instance:com.zenken.freshers.user.Login@7fb4f2a9] output={null}]]]>
              </value>
            </param>
          </params>
          <reporter-output>
          </reporter-output>
        </test-method> <!-- setUpTest -->
        <test-method signature="verifyForgotPasswordUrl()[pri:0, instance:com.zenken.freshers.user.Login@7fb4f2a9]" started-at="2024-11-14T17:47:48 IST" name="verifyForgotPasswordUrl" finished-at="2024-11-14T17:47:49 IST" duration-ms="787" status="PASS">
          <reporter-output>
          </reporter-output>
        </test-method> <!-- verifyForgotPasswordUrl -->
        <test-method is-config="true" signature="tearDown()[pri:0, instance:com.zenken.freshers.user.Login@7fb4f2a9]" started-at="2024-11-14T17:47:49 IST" name="tearDown" finished-at="2024-11-14T17:47:50 IST" duration-ms="1257" status="PASS">
          <reporter-output>
          </reporter-output>
        </test-method> <!-- tearDown -->
        <test-method is-config="true" signature="setup(java.lang.reflect.Method)[pri:0, instance:com.zenken.freshers.user.Login@7fb4f2a9]" started-at="2024-11-14T17:47:50 IST" name="setup" finished-at="2024-11-14T17:47:51 IST" duration-ms="810" status="PASS">
          <params>
            <param index="0">
              <value>
                <![CDATA[public void com.zenken.freshers.user.Login.verifyHeadLineText()]]>
              </value>
            </param>
          </params>
          <reporter-output>
          </reporter-output>
        </test-method> <!-- setup -->
        <test-method is-config="true" signature="setUpTest(org.testng.ITestResult)[pri:0, instance:com.zenken.freshers.user.Login@7fb4f2a9]" started-at="2024-11-14T17:47:51 IST" name="setUpTest" finished-at="2024-11-14T17:47:54 IST" duration-ms="3839" status="PASS">
          <params>
            <param index="0">
              <value>
                <![CDATA[[TestResult name={null} status=CREATED method=Login.verifyHeadLineText()[pri:0, instance:com.zenken.freshers.user.Login@7fb4f2a9] output={null}]]]>
              </value>
            </param>
          </params>
          <reporter-output>
          </reporter-output>
        </test-method> <!-- setUpTest -->
        <test-method signature="verifyHeadLineText()[pri:0, instance:com.zenken.freshers.user.Login@7fb4f2a9]" started-at="2024-11-14T17:47:54 IST" name="verifyHeadLineText" finished-at="2024-11-14T17:47:55 IST" duration-ms="29" status="PASS">
          <reporter-output>
          </reporter-output>
        </test-method> <!-- verifyHeadLineText -->
        <test-method is-config="true" signature="tearDown()[pri:0, instance:com.zenken.freshers.user.Login@7fb4f2a9]" started-at="2024-11-14T17:47:55 IST" name="tearDown" finished-at="2024-11-14T17:47:56 IST" duration-ms="1234" status="PASS">
          <reporter-output>
          </reporter-output>
        </test-method> <!-- tearDown -->
        <test-method is-config="true" signature="setup(java.lang.reflect.Method)[pri:0, instance:com.zenken.freshers.user.Login@7fb4f2a9]" started-at="2024-11-14T17:47:56 IST" name="setup" finished-at="2024-11-14T17:47:57 IST" duration-ms="793" status="PASS">
          <params>
            <param index="0">
              <value>
                <![CDATA[public void com.zenken.freshers.user.Login.verifyInvalidEmail()]]>
              </value>
            </param>
          </params>
          <reporter-output>
          </reporter-output>
        </test-method> <!-- setup -->
        <test-method is-config="true" signature="setUpTest(org.testng.ITestResult)[pri:0, instance:com.zenken.freshers.user.Login@7fb4f2a9]" started-at="2024-11-14T17:47:57 IST" name="setUpTest" finished-at="2024-11-14T17:48:01 IST" duration-ms="3972" status="PASS">
          <params>
            <param index="0">
              <value>
                <![CDATA[[TestResult name={null} status=CREATED method=Login.verifyInvalidEmail()[pri:0, instance:com.zenken.freshers.user.Login@7fb4f2a9] output={null}]]]>
              </value>
            </param>
          </params>
          <reporter-output>
          </reporter-output>
        </test-method> <!-- setUpTest -->
        <test-method signature="verifyInvalidEmail()[pri:0, instance:com.zenken.freshers.user.Login@7fb4f2a9]" started-at="2024-11-14T17:48:01 IST" name="verifyInvalidEmail" finished-at="2024-11-14T17:48:02 IST" duration-ms="1551" status="PASS">
          <reporter-output>
          </reporter-output>
        </test-method> <!-- verifyInvalidEmail -->
        <test-method is-config="true" signature="tearDown()[pri:0, instance:com.zenken.freshers.user.Login@7fb4f2a9]" started-at="2024-11-14T17:48:02 IST" name="tearDown" finished-at="2024-11-14T17:48:03 IST" duration-ms="1342" status="PASS">
          <reporter-output>
          </reporter-output>
        </test-method> <!-- tearDown -->
        <test-method is-config="true" signature="setup(java.lang.reflect.Method)[pri:0, instance:com.zenken.freshers.user.Login@7fb4f2a9]" started-at="2024-11-14T17:48:03 IST" name="setup" finished-at="2024-11-14T17:48:04 IST" duration-ms="759" status="PASS">
          <params>
            <param index="0">
              <value>
                <![CDATA[public void com.zenken.freshers.user.Login.verifyInvalidEmailOnForgotPasswordPage()]]>
              </value>
            </param>
          </params>
          <reporter-output>
          </reporter-output>
        </test-method> <!-- setup -->
        <test-method is-config="true" signature="setUpTest(org.testng.ITestResult)[pri:0, instance:com.zenken.freshers.user.Login@7fb4f2a9]" started-at="2024-11-14T17:48:04 IST" name="setUpTest" finished-at="2024-11-14T17:48:08 IST" duration-ms="4104" status="PASS">
          <params>
            <param index="0">
              <value>
                <![CDATA[[TestResult name={null} status=CREATED method=Login.verifyInvalidEmailOnForgotPasswordPage()[pri:0, instance:com.zenken.freshers.user.Login@7fb4f2a9] output={null}]]]>
              </value>
            </param>
          </params>
          <reporter-output>
          </reporter-output>
        </test-method> <!-- setUpTest -->
        <test-method signature="verifyInvalidEmailOnForgotPasswordPage()[pri:0, instance:com.zenken.freshers.user.Login@7fb4f2a9]" started-at="2024-11-14T17:48:08 IST" name="verifyInvalidEmailOnForgotPasswordPage" finished-at="2024-11-14T17:48:10 IST" duration-ms="2214" status="PASS">
          <reporter-output>
          </reporter-output>
        </test-method> <!-- verifyInvalidEmailOnForgotPasswordPage -->
        <test-method is-config="true" signature="tearDown()[pri:0, instance:com.zenken.freshers.user.Login@7fb4f2a9]" started-at="2024-11-14T17:48:10 IST" name="tearDown" finished-at="2024-11-14T17:48:12 IST" duration-ms="1334" status="PASS">
          <reporter-output>
          </reporter-output>
        </test-method> <!-- tearDown -->
        <test-method is-config="true" signature="setup(java.lang.reflect.Method)[pri:0, instance:com.zenken.freshers.user.Login@7fb4f2a9]" started-at="2024-11-14T17:48:12 IST" name="setup" finished-at="2024-11-14T17:48:13 IST" duration-ms="813" status="PASS">
          <params>
            <param index="0">
              <value>
                <![CDATA[public void com.zenken.freshers.user.Login.verifyInvalidPassword1OnResetPasswordPage()]]>
              </value>
            </param>
          </params>
          <reporter-output>
          </reporter-output>
        </test-method> <!-- setup -->
        <test-method is-config="true" signature="setUpTest(org.testng.ITestResult)[pri:0, instance:com.zenken.freshers.user.Login@7fb4f2a9]" started-at="2024-11-14T17:48:13 IST" name="setUpTest" finished-at="2024-11-14T17:48:15 IST" duration-ms="2119" status="PASS">
          <params>
            <param index="0">
              <value>
                <![CDATA[[TestResult name={null} status=CREATED method=Login.verifyInvalidPassword1OnResetPasswordPage()[pri:0, instance:com.zenken.freshers.user.Login@7fb4f2a9] output={null}]]]>
              </value>
            </param>
          </params>
          <reporter-output>
          </reporter-output>
        </test-method> <!-- setUpTest -->
        <test-method signature="verifyInvalidPassword1OnResetPasswordPage()[pri:0, instance:com.zenken.freshers.user.Login@7fb4f2a9]" started-at="2024-11-14T17:48:15 IST" name="verifyInvalidPassword1OnResetPasswordPage" finished-at="2024-11-14T17:48:18 IST" duration-ms="3263" status="PASS">
          <reporter-output>
          </reporter-output>
        </test-method> <!-- verifyInvalidPassword1OnResetPasswordPage -->
        <test-method is-config="true" signature="tearDown()[pri:0, instance:com.zenken.freshers.user.Login@7fb4f2a9]" started-at="2024-11-14T17:48:18 IST" name="tearDown" finished-at="2024-11-14T17:48:19 IST" duration-ms="1290" status="PASS">
          <reporter-output>
          </reporter-output>
        </test-method> <!-- tearDown -->
        <test-method is-config="true" signature="setup(java.lang.reflect.Method)[pri:0, instance:com.zenken.freshers.user.Login@7fb4f2a9]" started-at="2024-11-14T17:48:19 IST" name="setup" finished-at="2024-11-14T17:48:20 IST" duration-ms="798" status="PASS">
          <params>
            <param index="0">
              <value>
                <![CDATA[public void com.zenken.freshers.user.Login.verifyInvalidPassword2OnResetPasswordPage()]]>
              </value>
            </param>
          </params>
          <reporter-output>
          </reporter-output>
        </test-method> <!-- setup -->
        <test-method is-config="true" signature="setUpTest(org.testng.ITestResult)[pri:0, instance:com.zenken.freshers.user.Login@7fb4f2a9]" started-at="2024-11-14T17:48:20 IST" name="setUpTest" finished-at="2024-11-14T17:48:24 IST" duration-ms="3991" status="PASS">
          <params>
            <param index="0">
              <value>
                <![CDATA[[TestResult name={null} status=CREATED method=Login.verifyInvalidPassword2OnResetPasswordPage()[pri:0, instance:com.zenken.freshers.user.Login@7fb4f2a9] output={null}]]]>
              </value>
            </param>
          </params>
          <reporter-output>
          </reporter-output>
        </test-method> <!-- setUpTest -->
        <test-method signature="verifyInvalidPassword2OnResetPasswordPage()[pri:0, instance:com.zenken.freshers.user.Login@7fb4f2a9]" started-at="2024-11-14T17:48:24 IST" name="verifyInvalidPassword2OnResetPasswordPage" finished-at="2024-11-14T17:48:27 IST" duration-ms="3329" status="PASS">
          <reporter-output>
          </reporter-output>
        </test-method> <!-- verifyInvalidPassword2OnResetPasswordPage -->
        <test-method is-config="true" signature="tearDown()[pri:0, instance:com.zenken.freshers.user.Login@7fb4f2a9]" started-at="2024-11-14T17:48:27 IST" name="tearDown" finished-at="2024-11-14T17:48:29 IST" duration-ms="1295" status="PASS">
          <reporter-output>
          </reporter-output>
        </test-method> <!-- tearDown -->
        <test-method is-config="true" signature="setup(java.lang.reflect.Method)[pri:0, instance:com.zenken.freshers.user.Login@7fb4f2a9]" started-at="2024-11-14T17:48:29 IST" name="setup" finished-at="2024-11-14T17:48:30 IST" duration-ms="798" status="PASS">
          <params>
            <param index="0">
              <value>
                <![CDATA[public void com.zenken.freshers.user.Login.verifyInvalidPassword3OnResetPasswordPage()]]>
              </value>
            </param>
          </params>
          <reporter-output>
          </reporter-output>
        </test-method> <!-- setup -->
        <test-method is-config="true" signature="setUpTest(org.testng.ITestResult)[pri:0, instance:com.zenken.freshers.user.Login@7fb4f2a9]" started-at="2024-11-14T17:48:30 IST" name="setUpTest" finished-at="2024-11-14T17:48:33 IST" duration-ms="3913" status="PASS">
          <params>
            <param index="0">
              <value>
                <![CDATA[[TestResult name={null} status=CREATED method=Login.verifyInvalidPassword3OnResetPasswordPage()[pri:0, instance:com.zenken.freshers.user.Login@7fb4f2a9] output={null}]]]>
              </value>
            </param>
          </params>
          <reporter-output>
          </reporter-output>
        </test-method> <!-- setUpTest -->
        <test-method signature="verifyInvalidPassword3OnResetPasswordPage()[pri:0, instance:com.zenken.freshers.user.Login@7fb4f2a9]" started-at="2024-11-14T17:48:33 IST" name="verifyInvalidPassword3OnResetPasswordPage" finished-at="2024-11-14T17:48:37 IST" duration-ms="3370" status="PASS">
          <reporter-output>
          </reporter-output>
        </test-method> <!-- verifyInvalidPassword3OnResetPasswordPage -->
        <test-method is-config="true" signature="tearDown()[pri:0, instance:com.zenken.freshers.user.Login@7fb4f2a9]" started-at="2024-11-14T17:48:37 IST" name="tearDown" finished-at="2024-11-14T17:48:38 IST" duration-ms="1283" status="PASS">
          <reporter-output>
          </reporter-output>
        </test-method> <!-- tearDown -->
        <test-method is-config="true" signature="setup(java.lang.reflect.Method)[pri:0, instance:com.zenken.freshers.user.Login@7fb4f2a9]" started-at="2024-11-14T17:48:38 IST" name="setup" finished-at="2024-11-14T17:48:39 IST" duration-ms="797" status="PASS">
          <params>
            <param index="0">
              <value>
                <![CDATA[public void com.zenken.freshers.user.Login.verifyInvalidPassword4OnResetPasswordPage()]]>
              </value>
            </param>
          </params>
          <reporter-output>
          </reporter-output>
        </test-method> <!-- setup -->
        <test-method is-config="true" signature="setUpTest(org.testng.ITestResult)[pri:0, instance:com.zenken.freshers.user.Login@7fb4f2a9]" started-at="2024-11-14T17:48:39 IST" name="setUpTest" finished-at="2024-11-14T17:48:43 IST" duration-ms="3805" status="PASS">
          <params>
            <param index="0">
              <value>
                <![CDATA[[TestResult name={null} status=CREATED method=Login.verifyInvalidPassword4OnResetPasswordPage()[pri:0, instance:com.zenken.freshers.user.Login@7fb4f2a9] output={null}]]]>
              </value>
            </param>
          </params>
          <reporter-output>
          </reporter-output>
        </test-method> <!-- setUpTest -->
        <test-method signature="verifyInvalidPassword4OnResetPasswordPage()[pri:0, instance:com.zenken.freshers.user.Login@7fb4f2a9]" started-at="2024-11-14T17:48:43 IST" name="verifyInvalidPassword4OnResetPasswordPage" finished-at="2024-11-14T17:48:46 IST" duration-ms="3229" status="PASS">
          <reporter-output>
          </reporter-output>
        </test-method> <!-- verifyInvalidPassword4OnResetPasswordPage -->
        <test-method is-config="true" signature="tearDown()[pri:0, instance:com.zenken.freshers.user.Login@7fb4f2a9]" started-at="2024-11-14T17:48:46 IST" name="tearDown" finished-at="2024-11-14T17:48:47 IST" duration-ms="1288" status="PASS">
          <reporter-output>
          </reporter-output>
        </test-method> <!-- tearDown -->
        <test-method is-config="true" signature="setup(java.lang.reflect.Method)[pri:0, instance:com.zenken.freshers.user.Login@7fb4f2a9]" started-at="2024-11-14T17:48:47 IST" name="setup" finished-at="2024-11-14T17:48:48 IST" duration-ms="811" status="PASS">
          <params>
            <param index="0">
              <value>
                <![CDATA[public void com.zenken.freshers.user.Login.verifyInvalidTokenOnResetPasswordPage()]]>
              </value>
            </param>
          </params>
          <reporter-output>
          </reporter-output>
        </test-method> <!-- setup -->
        <test-method is-config="true" signature="setUpTest(org.testng.ITestResult)[pri:0, instance:com.zenken.freshers.user.Login@7fb4f2a9]" started-at="2024-11-14T17:48:48 IST" name="setUpTest" finished-at="2024-11-14T17:48:52 IST" duration-ms="3751" status="PASS">
          <params>
            <param index="0">
              <value>
                <![CDATA[[TestResult name={null} status=CREATED method=Login.verifyInvalidTokenOnResetPasswordPage()[pri:0, instance:com.zenken.freshers.user.Login@7fb4f2a9] output={null}]]]>
              </value>
            </param>
          </params>
          <reporter-output>
          </reporter-output>
        </test-method> <!-- setUpTest -->
        <test-method signature="verifyInvalidTokenOnResetPasswordPage()[pri:0, instance:com.zenken.freshers.user.Login@7fb4f2a9]" started-at="2024-11-14T17:48:52 IST" name="verifyInvalidTokenOnResetPasswordPage" finished-at="2024-11-14T17:48:55 IST" duration-ms="3331" status="PASS">
          <reporter-output>
          </reporter-output>
        </test-method> <!-- verifyInvalidTokenOnResetPasswordPage -->
        <test-method is-config="true" signature="tearDown()[pri:0, instance:com.zenken.freshers.user.Login@7fb4f2a9]" started-at="2024-11-14T17:48:55 IST" name="tearDown" finished-at="2024-11-14T17:48:56 IST" duration-ms="1280" status="PASS">
          <reporter-output>
          </reporter-output>
        </test-method> <!-- tearDown -->
        <test-method is-config="true" signature="setup(java.lang.reflect.Method)[pri:0, instance:com.zenken.freshers.user.Login@7fb4f2a9]" started-at="2024-11-14T17:48:56 IST" name="setup" finished-at="2024-11-14T17:48:57 IST" duration-ms="814" status="PASS">
          <params>
            <param index="0">
              <value>
                <![CDATA[public void com.zenken.freshers.user.Login.verifyNonExistentEmailOnForgotPasswordPage()]]>
              </value>
            </param>
          </params>
          <reporter-output>
          </reporter-output>
        </test-method> <!-- setup -->
        <test-method is-config="true" signature="setUpTest(org.testng.ITestResult)[pri:0, instance:com.zenken.freshers.user.Login@7fb4f2a9]" started-at="2024-11-14T17:48:57 IST" name="setUpTest" finished-at="2024-11-14T17:48:59 IST" duration-ms="2191" status="PASS">
          <params>
            <param index="0">
              <value>
                <![CDATA[[TestResult name={null} status=CREATED method=Login.verifyNonExistentEmailOnForgotPasswordPage()[pri:0, instance:com.zenken.freshers.user.Login@7fb4f2a9] output={null}]]]>
              </value>
            </param>
          </params>
          <reporter-output>
          </reporter-output>
        </test-method> <!-- setUpTest -->
        <test-method signature="verifyNonExistentEmailOnForgotPasswordPage()[pri:0, instance:com.zenken.freshers.user.Login@7fb4f2a9]" started-at="2024-11-14T17:48:59 IST" name="verifyNonExistentEmailOnForgotPasswordPage" finished-at="2024-11-14T17:49:02 IST" duration-ms="2210" status="PASS">
          <reporter-output>
          </reporter-output>
        </test-method> <!-- verifyNonExistentEmailOnForgotPasswordPage -->
        <test-method is-config="true" signature="tearDown()[pri:0, instance:com.zenken.freshers.user.Login@7fb4f2a9]" started-at="2024-11-14T17:49:02 IST" name="tearDown" finished-at="2024-11-14T17:49:03 IST" duration-ms="1332" status="PASS">
          <reporter-output>
          </reporter-output>
        </test-method> <!-- tearDown -->
        <test-method is-config="true" signature="setup(java.lang.reflect.Method)[pri:0, instance:com.zenken.freshers.user.Login@7fb4f2a9]" started-at="2024-11-14T17:49:03 IST" name="setup" finished-at="2024-11-14T17:49:04 IST" duration-ms="801" status="PASS">
          <params>
            <param index="0">
              <value>
                <![CDATA[public void com.zenken.freshers.user.Login.verifyPasswordRequired()]]>
              </value>
            </param>
          </params>
          <reporter-output>
          </reporter-output>
        </test-method> <!-- setup -->
        <test-method is-config="true" signature="setUpTest(org.testng.ITestResult)[pri:0, instance:com.zenken.freshers.user.Login@7fb4f2a9]" started-at="2024-11-14T17:49:04 IST" name="setUpTest" finished-at="2024-11-14T17:49:08 IST" duration-ms="3865" status="PASS">
          <params>
            <param index="0">
              <value>
                <![CDATA[[TestResult name={null} status=CREATED method=Login.verifyPasswordRequired()[pri:0, instance:com.zenken.freshers.user.Login@7fb4f2a9] output={null}]]]>
              </value>
            </param>
          </params>
          <reporter-output>
          </reporter-output>
        </test-method> <!-- setUpTest -->
        <test-method signature="verifyPasswordRequired()[pri:0, instance:com.zenken.freshers.user.Login@7fb4f2a9]" started-at="2024-11-14T17:49:08 IST" name="verifyPasswordRequired" finished-at="2024-11-14T17:49:09 IST" duration-ms="1470" status="PASS">
          <reporter-output>
          </reporter-output>
        </test-method> <!-- verifyPasswordRequired -->
        <test-method is-config="true" signature="tearDown()[pri:0, instance:com.zenken.freshers.user.Login@7fb4f2a9]" started-at="2024-11-14T17:49:09 IST" name="tearDown" finished-at="2024-11-14T17:49:10 IST" duration-ms="1308" status="PASS">
          <reporter-output>
          </reporter-output>
        </test-method> <!-- tearDown -->
        <test-method is-config="true" signature="setup(java.lang.reflect.Method)[pri:0, instance:com.zenken.freshers.user.Login@7fb4f2a9]" started-at="2024-11-14T17:49:10 IST" name="setup" finished-at="2024-11-14T17:49:11 IST" duration-ms="771" status="PASS">
          <params>
            <param index="0">
              <value>
                <![CDATA[public void com.zenken.freshers.user.Login.verifySamePasswordOnResetPasswordPage()]]>
              </value>
            </param>
          </params>
          <reporter-output>
          </reporter-output>
        </test-method> <!-- setup -->
        <test-method is-config="true" signature="setUpTest(org.testng.ITestResult)[pri:0, instance:com.zenken.freshers.user.Login@7fb4f2a9]" started-at="2024-11-14T17:49:11 IST" name="setUpTest" finished-at="2024-11-14T17:49:18 IST" duration-ms="6690" status="PASS">
          <params>
            <param index="0">
              <value>
                <![CDATA[[TestResult name={null} status=CREATED method=Login.verifySamePasswordOnResetPasswordPage()[pri:0, instance:com.zenken.freshers.user.Login@7fb4f2a9] output={null}]]]>
              </value>
            </param>
          </params>
          <reporter-output>
          </reporter-output>
        </test-method> <!-- setUpTest -->
        <test-method signature="verifySamePasswordOnResetPasswordPage()[pri:0, instance:com.zenken.freshers.user.Login@7fb4f2a9]" started-at="2024-11-14T17:49:18 IST" name="verifySamePasswordOnResetPasswordPage" finished-at="2024-11-14T17:49:21 IST" duration-ms="3295" status="PASS">
          <reporter-output>
          </reporter-output>
        </test-method> <!-- verifySamePasswordOnResetPasswordPage -->
        <test-method is-config="true" signature="tearDown()[pri:0, instance:com.zenken.freshers.user.Login@7fb4f2a9]" started-at="2024-11-14T17:49:21 IST" name="tearDown" finished-at="2024-11-14T17:49:22 IST" duration-ms="1323" status="PASS">
          <reporter-output>
          </reporter-output>
        </test-method> <!-- tearDown -->
        <test-method is-config="true" signature="setup(java.lang.reflect.Method)[pri:0, instance:com.zenken.freshers.user.Login@7fb4f2a9]" started-at="2024-11-14T17:49:22 IST" name="setup" finished-at="2024-11-14T17:49:23 IST" duration-ms="778" status="PASS">
          <params>
            <param index="0">
              <value>
                <![CDATA[public void com.zenken.freshers.user.Login.verifyTitle()]]>
              </value>
            </param>
          </params>
          <reporter-output>
          </reporter-output>
        </test-method> <!-- setup -->
        <test-method is-config="true" signature="setUpTest(org.testng.ITestResult)[pri:0, instance:com.zenken.freshers.user.Login@7fb4f2a9]" started-at="2024-11-14T17:49:23 IST" name="setUpTest" finished-at="2024-11-14T17:49:27 IST" duration-ms="3869" status="PASS">
          <params>
            <param index="0">
              <value>
                <![CDATA[[TestResult name={null} status=CREATED method=Login.verifyTitle()[pri:0, instance:com.zenken.freshers.user.Login@7fb4f2a9] output={null}]]]>
              </value>
            </param>
          </params>
          <reporter-output>
          </reporter-output>
        </test-method> <!-- setUpTest -->
        <test-method signature="verifyTitle()[pri:0, instance:com.zenken.freshers.user.Login@7fb4f2a9]" started-at="2024-11-14T17:49:27 IST" name="verifyTitle" finished-at="2024-11-14T17:49:27 IST" duration-ms="18" status="PASS">
          <reporter-output>
          </reporter-output>
        </test-method> <!-- verifyTitle -->
        <test-method is-config="true" signature="tearDown()[pri:0, instance:com.zenken.freshers.user.Login@7fb4f2a9]" started-at="2024-11-14T17:49:27 IST" name="tearDown" finished-at="2024-11-14T17:49:28 IST" duration-ms="1251" status="PASS">
          <reporter-output>
          </reporter-output>
        </test-method> <!-- tearDown -->
        <test-method is-config="true" signature="setup(java.lang.reflect.Method)[pri:0, instance:com.zenken.freshers.user.Login@7fb4f2a9]" started-at="2024-11-14T17:49:28 IST" name="setup" finished-at="2024-11-14T17:49:29 IST" duration-ms="808" status="PASS">
          <params>
            <param index="0">
              <value>
                <![CDATA[public void com.zenken.freshers.user.Login.verifyUserLogIn()]]>
              </value>
            </param>
          </params>
          <reporter-output>
          </reporter-output>
        </test-method> <!-- setup -->
        <test-method is-config="true" signature="setUpTest(org.testng.ITestResult)[pri:0, instance:com.zenken.freshers.user.Login@7fb4f2a9]" started-at="2024-11-14T17:49:29 IST" name="setUpTest" finished-at="2024-11-14T17:49:33 IST" duration-ms="3899" status="PASS">
          <params>
            <param index="0">
              <value>
                <![CDATA[[TestResult name={null} status=CREATED method=Login.verifyUserLogIn()[pri:0, instance:com.zenken.freshers.user.Login@7fb4f2a9] output={null}]]]>
              </value>
            </param>
          </params>
          <reporter-output>
          </reporter-output>
        </test-method> <!-- setUpTest -->
        <test-method signature="verifyUserLogIn()[pri:0, instance:com.zenken.freshers.user.Login@7fb4f2a9]" started-at="2024-11-14T17:49:33 IST" name="verifyUserLogIn" finished-at="2024-11-14T17:49:37 IST" duration-ms="4404" status="PASS">
          <reporter-output>
          </reporter-output>
        </test-method> <!-- verifyUserLogIn -->
        <test-method is-config="true" signature="tearDown()[pri:0, instance:com.zenken.freshers.user.Login@7fb4f2a9]" started-at="2024-11-14T17:49:37 IST" name="tearDown" finished-at="2024-11-14T17:49:39 IST" duration-ms="1331" status="PASS">
          <reporter-output>
          </reporter-output>
        </test-method> <!-- tearDown -->
        <test-method is-config="true" signature="setup(java.lang.reflect.Method)[pri:0, instance:com.zenken.freshers.user.Login@7fb4f2a9]" started-at="2024-11-14T17:49:39 IST" name="setup" finished-at="2024-11-14T17:49:40 IST" duration-ms="760" status="PASS">
          <params>
            <param index="0">
              <value>
                <![CDATA[public void com.zenken.freshers.user.Login.verifyPasswordResetMailSend()]]>
              </value>
            </param>
          </params>
          <reporter-output>
          </reporter-output>
        </test-method> <!-- setup -->
        <test-method is-config="true" signature="setUpTest(org.testng.ITestResult)[pri:0, instance:com.zenken.freshers.user.Login@7fb4f2a9]" started-at="2024-11-14T17:49:40 IST" name="setUpTest" finished-at="2024-11-14T17:49:42 IST" duration-ms="1965" status="PASS">
          <params>
            <param index="0">
              <value>
                <![CDATA[[TestResult name={null} status=CREATED method=Login.verifyPasswordResetMailSend()[pri:1, instance:com.zenken.freshers.user.Login@7fb4f2a9] output={null}]]]>
              </value>
            </param>
          </params>
          <reporter-output>
          </reporter-output>
        </test-method> <!-- setUpTest -->
        <test-method signature="verifyPasswordResetMailSend()[pri:1, instance:com.zenken.freshers.user.Login@7fb4f2a9]" started-at="2024-11-14T17:49:42 IST" name="verifyPasswordResetMailSend" finished-at="2024-11-14T17:49:47 IST" duration-ms="5084" status="PASS">
          <reporter-output>
          </reporter-output>
        </test-method> <!-- verifyPasswordResetMailSend -->
        <test-method is-config="true" signature="tearDown()[pri:0, instance:com.zenken.freshers.user.Login@7fb4f2a9]" started-at="2024-11-14T17:49:47 IST" name="tearDown" finished-at="2024-11-14T17:49:48 IST" duration-ms="1316" status="PASS">
          <reporter-output>
          </reporter-output>
        </test-method> <!-- tearDown -->
        <test-method is-config="true" signature="setup(java.lang.reflect.Method)[pri:0, instance:com.zenken.freshers.user.Login@7fb4f2a9]" started-at="2024-11-14T17:49:48 IST" name="setup" finished-at="2024-11-14T17:49:49 IST" duration-ms="782" status="PASS">
          <params>
            <param index="0">
              <value>
                <![CDATA[public void com.zenken.freshers.user.Login.verifySameMailSendWithinMinute()]]>
              </value>
            </param>
          </params>
          <reporter-output>
          </reporter-output>
        </test-method> <!-- setup -->
        <test-method is-config="true" signature="setUpTest(org.testng.ITestResult)[pri:0, instance:com.zenken.freshers.user.Login@7fb4f2a9]" started-at="2024-11-14T17:49:49 IST" name="setUpTest" finished-at="2024-11-14T17:49:53 IST" duration-ms="4068" status="PASS">
          <params>
            <param index="0">
              <value>
                <![CDATA[[TestResult name={null} status=CREATED method=Login.verifySameMailSendWithinMinute()[pri:2, instance:com.zenken.freshers.user.Login@7fb4f2a9] output={null}]]]>
              </value>
            </param>
          </params>
          <reporter-output>
          </reporter-output>
        </test-method> <!-- setUpTest -->
        <test-method signature="verifySameMailSendWithinMinute()[pri:2, instance:com.zenken.freshers.user.Login@7fb4f2a9]" started-at="2024-11-14T17:49:53 IST" name="verifySameMailSendWithinMinute" finished-at="2024-11-14T17:49:55 IST" duration-ms="2181" status="PASS">
          <reporter-output>
          </reporter-output>
        </test-method> <!-- verifySameMailSendWithinMinute -->
        <test-method is-config="true" signature="tearDown()[pri:0, instance:com.zenken.freshers.user.Login@7fb4f2a9]" started-at="2024-11-14T17:49:55 IST" name="tearDown" finished-at="2024-11-14T17:49:56 IST" duration-ms="1343" status="PASS">
          <reporter-output>
          </reporter-output>
        </test-method> <!-- tearDown -->
        <test-method is-config="true" signature="setup(java.lang.reflect.Method)[pri:0, instance:com.zenken.freshers.user.Login@7fb4f2a9]" started-at="2024-11-14T17:49:56 IST" name="setup" finished-at="2024-11-14T17:49:57 IST" duration-ms="820" status="PASS">
          <params>
            <param index="0">
              <value>
                <![CDATA[public void com.zenken.freshers.user.Login.verifyPasswordResetEmail() throws com.mailslurp.clients.ApiException]]>
              </value>
            </param>
          </params>
          <reporter-output>
          </reporter-output>
        </test-method> <!-- setup -->
        <test-method is-config="true" signature="setUpTest(org.testng.ITestResult)[pri:0, instance:com.zenken.freshers.user.Login@7fb4f2a9]" started-at="2024-11-14T17:49:57 IST" name="setUpTest" finished-at="2024-11-14T17:50:00 IST" duration-ms="3333" status="PASS">
          <params>
            <param index="0">
              <value>
                <![CDATA[[TestResult name={null} status=CREATED method=Login.verifyPasswordResetEmail()[pri:3, instance:com.zenken.freshers.user.Login@7fb4f2a9] output={null}]]]>
              </value>
            </param>
          </params>
          <reporter-output>
          </reporter-output>
        </test-method> <!-- setUpTest -->
        <test-method signature="verifyPasswordResetEmail()[pri:3, instance:com.zenken.freshers.user.Login@7fb4f2a9]" started-at="2024-11-14T17:50:00 IST" name="verifyPasswordResetEmail" finished-at="2024-11-14T17:50:03 IST" duration-ms="2159" status="PASS">
          <reporter-output>
          </reporter-output>
        </test-method> <!-- verifyPasswordResetEmail -->
        <test-method is-config="true" signature="tearDown()[pri:0, instance:com.zenken.freshers.user.Login@7fb4f2a9]" started-at="2024-11-14T17:50:03 IST" name="tearDown" finished-at="2024-11-14T17:50:04 IST" duration-ms="1476" status="PASS">
          <reporter-output>
          </reporter-output>
        </test-method> <!-- tearDown -->
        <test-method is-config="true" signature="setup(java.lang.reflect.Method)[pri:0, instance:com.zenken.freshers.user.Login@7fb4f2a9]" started-at="2024-11-14T17:50:04 IST" name="setup" finished-at="2024-11-14T17:50:05 IST" duration-ms="872" status="PASS">
          <params>
            <param index="0">
              <value>
                <![CDATA[public void com.zenken.freshers.user.Login.verifyPasswordResetLink() throws com.mailslurp.clients.ApiException]]>
              </value>
            </param>
          </params>
          <reporter-output>
          </reporter-output>
        </test-method> <!-- setup -->
        <test-method is-config="true" signature="setUpTest(org.testng.ITestResult)[pri:0, instance:com.zenken.freshers.user.Login@7fb4f2a9]" started-at="2024-11-14T17:50:05 IST" name="setUpTest" finished-at="2024-11-14T17:50:09 IST" duration-ms="3899" status="PASS">
          <params>
            <param index="0">
              <value>
                <![CDATA[[TestResult name={null} status=CREATED method=Login.verifyPasswordResetLink()[pri:4, instance:com.zenken.freshers.user.Login@7fb4f2a9] output={null}]]]>
              </value>
            </param>
          </params>
          <reporter-output>
          </reporter-output>
        </test-method> <!-- setUpTest -->
        <test-method signature="verifyPasswordResetLink()[pri:4, instance:com.zenken.freshers.user.Login@7fb4f2a9]" started-at="2024-11-14T17:50:09 IST" name="verifyPasswordResetLink" finished-at="2024-11-14T17:50:10 IST" duration-ms="830" status="PASS">
          <reporter-output>
          </reporter-output>
        </test-method> <!-- verifyPasswordResetLink -->
        <test-method is-config="true" signature="tearDown()[pri:0, instance:com.zenken.freshers.user.Login@7fb4f2a9]" started-at="2024-11-14T17:50:10 IST" name="tearDown" finished-at="2024-11-14T17:50:11 IST" duration-ms="1289" status="PASS">
          <reporter-output>
          </reporter-output>
        </test-method> <!-- tearDown -->
        <test-method is-config="true" signature="setup(java.lang.reflect.Method)[pri:0, instance:com.zenken.freshers.user.Login@7fb4f2a9]" started-at="2024-11-14T17:50:11 IST" name="setup" finished-at="2024-11-14T17:50:12 IST" duration-ms="812" status="PASS">
          <params>
            <param index="0">
              <value>
                <![CDATA[public void com.zenken.freshers.user.Login.verifyPasswordReset()]]>
              </value>
            </param>
          </params>
          <reporter-output>
          </reporter-output>
        </test-method> <!-- setup -->
        <test-method is-config="true" signature="setUpTest(org.testng.ITestResult)[pri:0, instance:com.zenken.freshers.user.Login@7fb4f2a9]" started-at="2024-11-14T17:50:12 IST" name="setUpTest" finished-at="2024-11-14T17:50:15 IST" duration-ms="2947" status="PASS">
          <params>
            <param index="0">
              <value>
                <![CDATA[[TestResult name={null} status=CREATED method=Login.verifyPasswordReset()[pri:5, instance:com.zenken.freshers.user.Login@7fb4f2a9] output={null}]]]>
              </value>
            </param>
          </params>
          <reporter-output>
          </reporter-output>
        </test-method> <!-- setUpTest -->
        <test-method signature="verifyPasswordReset()[pri:5, instance:com.zenken.freshers.user.Login@7fb4f2a9]" started-at="2024-11-14T17:50:15 IST" name="verifyPasswordReset" finished-at="2024-11-14T17:50:20 IST" duration-ms="4724" status="PASS">
          <reporter-output>
          </reporter-output>
        </test-method> <!-- verifyPasswordReset -->
        <test-method is-config="true" signature="tearDown()[pri:0, instance:com.zenken.freshers.user.Login@7fb4f2a9]" started-at="2024-11-14T17:50:20 IST" name="tearDown" finished-at="2024-11-14T17:50:20 IST" duration-ms="0" status="PASS">
          <reporter-output>
          </reporter-output>
        </test-method> <!-- tearDown -->
        <test-method is-config="true" signature="setup(java.lang.reflect.Method)[pri:0, instance:com.zenken.freshers.user.Login@7fb4f2a9]" started-at="2024-11-14T17:50:20 IST" name="setup" finished-at="2024-11-14T17:50:20 IST" duration-ms="1" status="PASS">
          <params>
            <param index="0">
              <value>
                <![CDATA[public void com.zenken.freshers.user.Login.verifyPasswordResetCompleteHeadline() throws java.lang.InterruptedException]]>
              </value>
            </param>
          </params>
          <reporter-output>
          </reporter-output>
        </test-method> <!-- setup -->
        <test-method is-config="true" signature="setUpTest(org.testng.ITestResult)[pri:0, instance:com.zenken.freshers.user.Login@7fb4f2a9]" started-at="2024-11-14T17:50:20 IST" name="setUpTest" finished-at="2024-11-14T17:50:20 IST" duration-ms="2" status="PASS">
          <params>
            <param index="0">
              <value>
                <![CDATA[[TestResult name={null} status=CREATED method=Login.verifyPasswordResetCompleteHeadline()[pri:6, instance:com.zenken.freshers.user.Login@7fb4f2a9] output={null}]]]>
              </value>
            </param>
          </params>
          <reporter-output>
          </reporter-output>
        </test-method> <!-- setUpTest -->
        <test-method signature="verifyPasswordResetCompleteHeadline()[pri:6, instance:com.zenken.freshers.user.Login@7fb4f2a9]" started-at="2024-11-14T17:50:20 IST" name="verifyPasswordResetCompleteHeadline" finished-at="2024-11-14T17:50:20 IST" duration-ms="50" status="PASS">
          <reporter-output>
          </reporter-output>
        </test-method> <!-- verifyPasswordResetCompleteHeadline -->
        <test-method is-config="true" signature="tearDown()[pri:0, instance:com.zenken.freshers.user.Login@7fb4f2a9]" started-at="2024-11-14T17:50:20 IST" name="tearDown" finished-at="2024-11-14T17:50:20 IST" duration-ms="0" status="PASS">
          <reporter-output>
          </reporter-output>
        </test-method> <!-- tearDown -->
        <test-method is-config="true" signature="setup(java.lang.reflect.Method)[pri:0, instance:com.zenken.freshers.user.Login@7fb4f2a9]" started-at="2024-11-14T17:50:20 IST" name="setup" finished-at="2024-11-14T17:50:20 IST" duration-ms="1" status="PASS">
          <params>
            <param index="0">
              <value>
                <![CDATA[public void com.zenken.freshers.user.Login.verifyLogInUrl()]]>
              </value>
            </param>
          </params>
          <reporter-output>
          </reporter-output>
        </test-method> <!-- setup -->
        <test-method is-config="true" signature="setUpTest(org.testng.ITestResult)[pri:0, instance:com.zenken.freshers.user.Login@7fb4f2a9]" started-at="2024-11-14T17:50:20 IST" name="setUpTest" finished-at="2024-11-14T17:50:20 IST" duration-ms="4" status="PASS">
          <params>
            <param index="0">
              <value>
                <![CDATA[[TestResult name={null} status=CREATED method=Login.verifyLogInUrl()[pri:7, instance:com.zenken.freshers.user.Login@7fb4f2a9] output={null}]]]>
              </value>
            </param>
          </params>
          <reporter-output>
          </reporter-output>
        </test-method> <!-- setUpTest -->
        <test-method signature="verifyLogInUrl()[pri:7, instance:com.zenken.freshers.user.Login@7fb4f2a9]" started-at="2024-11-14T17:50:20 IST" name="verifyLogInUrl" finished-at="2024-11-14T17:50:20 IST" duration-ms="685" status="PASS">
          <reporter-output>
          </reporter-output>
        </test-method> <!-- verifyLogInUrl -->
        <test-method is-config="true" signature="tearDown()[pri:0, instance:com.zenken.freshers.user.Login@7fb4f2a9]" started-at="2024-11-14T17:50:20 IST" name="tearDown" finished-at="2024-11-14T17:50:22 IST" duration-ms="1266" status="PASS">
          <reporter-output>
          </reporter-output>
        </test-method> <!-- tearDown -->
        <test-method is-config="true" signature="setup(java.lang.reflect.Method)[pri:0, instance:com.zenken.freshers.user.Login@7fb4f2a9]" started-at="2024-11-14T17:50:22 IST" name="setup" finished-at="2024-11-14T17:50:22 IST" duration-ms="829" status="PASS">
          <params>
            <param index="0">
              <value>
                <![CDATA[public void com.zenken.freshers.user.Login.verifyLogInAfterPasswordChange() throws java.lang.InterruptedException]]>
              </value>
            </param>
          </params>
          <reporter-output>
          </reporter-output>
        </test-method> <!-- setup -->
        <test-method is-config="true" signature="setUpTest(org.testng.ITestResult)[pri:0, instance:com.zenken.freshers.user.Login@7fb4f2a9]" started-at="2024-11-14T17:50:22 IST" name="setUpTest" finished-at="2024-11-14T17:50:26 IST" duration-ms="3792" status="PASS">
          <params>
            <param index="0">
              <value>
                <![CDATA[[TestResult name={null} status=CREATED method=Login.verifyLogInAfterPasswordChange()[pri:8, instance:com.zenken.freshers.user.Login@7fb4f2a9] output={null}]]]>
              </value>
            </param>
          </params>
          <reporter-output>
          </reporter-output>
        </test-method> <!-- setUpTest -->
        <test-method signature="verifyLogInAfterPasswordChange()[pri:8, instance:com.zenken.freshers.user.Login@7fb4f2a9]" started-at="2024-11-14T17:50:26 IST" name="verifyLogInAfterPasswordChange" finished-at="2024-11-14T17:50:29 IST" duration-ms="3213" status="PASS">
          <reporter-output>
          </reporter-output>
        </test-method> <!-- verifyLogInAfterPasswordChange -->
        <test-method is-config="true" signature="tearDown()[pri:0, instance:com.zenken.freshers.user.Login@7fb4f2a9]" started-at="2024-11-14T17:50:29 IST" name="tearDown" finished-at="2024-11-14T17:50:31 IST" duration-ms="1305" status="PASS">
          <reporter-output>
          </reporter-output>
        </test-method> <!-- tearDown -->
      </class> <!-- com.zenken.freshers.user.Login -->
    </test> <!-- Test -->
  </suite> <!-- Suite -->
</testng-results>
