<?xml version="1.0" encoding="UTF-8"?>
<testng-results ignored="0" total="37" passed="37" failed="0" skipped="0">
  <reporter-output>
  </reporter-output>
  <suite started-at="2024-11-21T13:27:35 IST" name="Suite" finished-at="2024-11-21T13:31:11 IST" duration-ms="216569">
    <groups>
    </groups>
    <test started-at="2024-11-21T13:27:35 IST" name="Test" finished-at="2024-11-21T13:31:11 IST" duration-ms="216569">
      <class name="com.zenken.freshers.user.Registration">
        <test-method is-config="true" signature="setup(java.lang.reflect.Method)[pri:0, instance:com.zenken.freshers.user.Registration@7fb4f2a9]" started-at="2024-11-21T13:27:35 IST" name="setup" finished-at="2024-11-21T13:27:41 IST" duration-ms="5945" status="PASS">
          <params>
            <param index="0">
              <value>
                <![CDATA[public void com.zenken.freshers.user.Registration.verifyCharExceedFirstName()]]>
              </value>
            </param>
          </params>
          <reporter-output>
          </reporter-output>
        </test-method> <!-- setup -->
        <test-method is-config="true" signature="setUpTest(java.lang.reflect.Method)[pri:0, instance:com.zenken.freshers.user.Registration@7fb4f2a9]" started-at="2024-11-21T13:27:41 IST" name="setUpTest" finished-at="2024-11-21T13:27:46 IST" duration-ms="5005" status="PASS">
          <params>
            <param index="0">
              <value>
                <![CDATA[public void com.zenken.freshers.user.Registration.verifyCharExceedFirstName()]]>
              </value>
            </param>
          </params>
          <reporter-output>
          </reporter-output>
        </test-method> <!-- setUpTest -->
        <test-method signature="verifyCharExceedFirstName()[pri:0, instance:com.zenken.freshers.user.Registration@7fb4f2a9]" started-at="2024-11-21T13:27:46 IST" name="verifyCharExceedFirstName" description="This test verifies that validation error for maximum characters occurs for field: &#039;First Name&#039;" finished-at="2024-11-21T13:27:49 IST" duration-ms="3336" status="PASS">
          <reporter-output>
          </reporter-output>
        </test-method> <!-- verifyCharExceedFirstName -->
        <test-method is-config="true" signature="tearDown()[pri:0, instance:com.zenken.freshers.user.Registration@7fb4f2a9]" started-at="2024-11-21T13:27:49 IST" name="tearDown" finished-at="2024-11-21T13:27:49 IST" duration-ms="233" status="PASS">
          <reporter-output>
          </reporter-output>
        </test-method> <!-- tearDown -->
        <test-method is-config="true" signature="setup(java.lang.reflect.Method)[pri:0, instance:com.zenken.freshers.user.Registration@7fb4f2a9]" started-at="2024-11-21T13:27:49 IST" name="setup" finished-at="2024-11-21T13:27:50 IST" duration-ms="900" status="PASS">
          <params>
            <param index="0">
              <value>
                <![CDATA[public void com.zenken.freshers.user.Registration.verifyCharExceedLastName()]]>
              </value>
            </param>
          </params>
          <reporter-output>
          </reporter-output>
        </test-method> <!-- setup -->
        <test-method is-config="true" signature="setUpTest(java.lang.reflect.Method)[pri:0, instance:com.zenken.freshers.user.Registration@7fb4f2a9]" started-at="2024-11-21T13:27:50 IST" name="setUpTest" finished-at="2024-11-21T13:27:54 IST" duration-ms="4293" status="PASS">
          <params>
            <param index="0">
              <value>
                <![CDATA[public void com.zenken.freshers.user.Registration.verifyCharExceedLastName()]]>
              </value>
            </param>
          </params>
          <reporter-output>
          </reporter-output>
        </test-method> <!-- setUpTest -->
        <test-method signature="verifyCharExceedLastName()[pri:0, instance:com.zenken.freshers.user.Registration@7fb4f2a9]" started-at="2024-11-21T13:27:54 IST" name="verifyCharExceedLastName" description="This test verifies that validation error for maximum characters occurs for field: &#039;Last Name&#039;" finished-at="2024-11-21T13:27:58 IST" duration-ms="3707" status="PASS">
          <reporter-output>
          </reporter-output>
        </test-method> <!-- verifyCharExceedLastName -->
        <test-method is-config="true" signature="tearDown()[pri:0, instance:com.zenken.freshers.user.Registration@7fb4f2a9]" started-at="2024-11-21T13:27:58 IST" name="tearDown" finished-at="2024-11-21T13:27:58 IST" duration-ms="179" status="PASS">
          <reporter-output>
          </reporter-output>
        </test-method> <!-- tearDown -->
        <test-method is-config="true" signature="setup(java.lang.reflect.Method)[pri:0, instance:com.zenken.freshers.user.Registration@7fb4f2a9]" started-at="2024-11-21T13:27:58 IST" name="setup" finished-at="2024-11-21T13:27:59 IST" duration-ms="787" status="PASS">
          <params>
            <param index="0">
              <value>
                <![CDATA[public void com.zenken.freshers.user.Registration.verifyCharExceedMiddleName()]]>
              </value>
            </param>
          </params>
          <reporter-output>
          </reporter-output>
        </test-method> <!-- setup -->
        <test-method is-config="true" signature="setUpTest(java.lang.reflect.Method)[pri:0, instance:com.zenken.freshers.user.Registration@7fb4f2a9]" started-at="2024-11-21T13:27:59 IST" name="setUpTest" finished-at="2024-11-21T13:28:02 IST" duration-ms="2859" status="PASS">
          <params>
            <param index="0">
              <value>
                <![CDATA[public void com.zenken.freshers.user.Registration.verifyCharExceedMiddleName()]]>
              </value>
            </param>
          </params>
          <reporter-output>
          </reporter-output>
        </test-method> <!-- setUpTest -->
        <test-method signature="verifyCharExceedMiddleName()[pri:0, instance:com.zenken.freshers.user.Registration@7fb4f2a9]" started-at="2024-11-21T13:28:02 IST" name="verifyCharExceedMiddleName" description="This test verifies that validation error for maximum characters occurs for field: &#039;Middle Name&#039;" finished-at="2024-11-21T13:28:05 IST" duration-ms="2917" status="PASS">
          <reporter-output>
          </reporter-output>
        </test-method> <!-- verifyCharExceedMiddleName -->
        <test-method is-config="true" signature="tearDown()[pri:0, instance:com.zenken.freshers.user.Registration@7fb4f2a9]" started-at="2024-11-21T13:28:05 IST" name="tearDown" finished-at="2024-11-21T13:28:05 IST" duration-ms="142" status="PASS">
          <reporter-output>
          </reporter-output>
        </test-method> <!-- tearDown -->
        <test-method is-config="true" signature="setup(java.lang.reflect.Method)[pri:0, instance:com.zenken.freshers.user.Registration@7fb4f2a9]" started-at="2024-11-21T13:28:05 IST" name="setup" finished-at="2024-11-21T13:28:06 IST" duration-ms="813" status="PASS">
          <params>
            <param index="0">
              <value>
                <![CDATA[public void com.zenken.freshers.user.Registration.verifyCharExceedUsn()]]>
              </value>
            </param>
          </params>
          <reporter-output>
          </reporter-output>
        </test-method> <!-- setup -->
        <test-method is-config="true" signature="setUpTest(java.lang.reflect.Method)[pri:0, instance:com.zenken.freshers.user.Registration@7fb4f2a9]" started-at="2024-11-21T13:28:06 IST" name="setUpTest" finished-at="2024-11-21T13:28:08 IST" duration-ms="2588" status="PASS">
          <params>
            <param index="0">
              <value>
                <![CDATA[public void com.zenken.freshers.user.Registration.verifyCharExceedUsn()]]>
              </value>
            </param>
          </params>
          <reporter-output>
          </reporter-output>
        </test-method> <!-- setUpTest -->
        <test-method signature="verifyCharExceedUsn()[pri:0, instance:com.zenken.freshers.user.Registration@7fb4f2a9]" started-at="2024-11-21T13:28:08 IST" name="verifyCharExceedUsn" description="This test verifies that validation error for maximum characters occurs for field: &#039;USN / Registration Number&#039;" finished-at="2024-11-21T13:28:12 IST" duration-ms="3182" status="PASS">
          <reporter-output>
          </reporter-output>
        </test-method> <!-- verifyCharExceedUsn -->
        <test-method is-config="true" signature="tearDown()[pri:0, instance:com.zenken.freshers.user.Registration@7fb4f2a9]" started-at="2024-11-21T13:28:12 IST" name="tearDown" finished-at="2024-11-21T13:28:12 IST" duration-ms="129" status="PASS">
          <reporter-output>
          </reporter-output>
        </test-method> <!-- tearDown -->
        <test-method is-config="true" signature="setup(java.lang.reflect.Method)[pri:0, instance:com.zenken.freshers.user.Registration@7fb4f2a9]" started-at="2024-11-21T13:28:12 IST" name="setup" finished-at="2024-11-21T13:28:13 IST" duration-ms="826" status="PASS">
          <params>
            <param index="0">
              <value>
                <![CDATA[public void com.zenken.freshers.user.Registration.verifyCheckBoxState()]]>
              </value>
            </param>
          </params>
          <reporter-output>
          </reporter-output>
        </test-method> <!-- setup -->
        <test-method is-config="true" signature="setUpTest(java.lang.reflect.Method)[pri:0, instance:com.zenken.freshers.user.Registration@7fb4f2a9]" started-at="2024-11-21T13:28:13 IST" name="setUpTest" finished-at="2024-11-21T13:28:15 IST" duration-ms="2426" status="PASS">
          <params>
            <param index="0">
              <value>
                <![CDATA[public void com.zenken.freshers.user.Registration.verifyCheckBoxState()]]>
              </value>
            </param>
          </params>
          <reporter-output>
          </reporter-output>
        </test-method> <!-- setUpTest -->
        <test-method signature="verifyCheckBoxState()[pri:0, instance:com.zenken.freshers.user.Registration@7fb4f2a9]" started-at="2024-11-21T13:28:15 IST" name="verifyCheckBoxState" description="This test verifies that the checkboxes &#039;Yaaay Midcareer&#039; and &#039;Zenken Newsletter&#039; are selected by default" finished-at="2024-11-21T13:28:15 IST" duration-ms="61" status="PASS">
          <reporter-output>
          </reporter-output>
        </test-method> <!-- verifyCheckBoxState -->
        <test-method is-config="true" signature="tearDown()[pri:0, instance:com.zenken.freshers.user.Registration@7fb4f2a9]" started-at="2024-11-21T13:28:15 IST" name="tearDown" finished-at="2024-11-21T13:28:15 IST" duration-ms="114" status="PASS">
          <reporter-output>
          </reporter-output>
        </test-method> <!-- tearDown -->
        <test-method is-config="true" signature="setup(java.lang.reflect.Method)[pri:0, instance:com.zenken.freshers.user.Registration@7fb4f2a9]" started-at="2024-11-21T13:28:15 IST" name="setup" finished-at="2024-11-21T13:28:16 IST" duration-ms="850" status="PASS">
          <params>
            <param index="0">
              <value>
                <![CDATA[public void com.zenken.freshers.user.Registration.verifyCollegeRequired()]]>
              </value>
            </param>
          </params>
          <reporter-output>
          </reporter-output>
        </test-method> <!-- setup -->
        <test-method is-config="true" signature="setUpTest(java.lang.reflect.Method)[pri:0, instance:com.zenken.freshers.user.Registration@7fb4f2a9]" started-at="2024-11-21T13:28:16 IST" name="setUpTest" finished-at="2024-11-21T13:28:19 IST" duration-ms="3134" status="PASS">
          <params>
            <param index="0">
              <value>
                <![CDATA[public void com.zenken.freshers.user.Registration.verifyCollegeRequired()]]>
              </value>
            </param>
          </params>
          <reporter-output>
          </reporter-output>
        </test-method> <!-- setUpTest -->
        <test-method signature="verifyCollegeRequired()[pri:0, instance:com.zenken.freshers.user.Registration@7fb4f2a9]" started-at="2024-11-21T13:28:19 IST" name="verifyCollegeRequired" description="This test verifies that validation error occurs for required field: &#039;College&#039;" finished-at="2024-11-21T13:28:21 IST" duration-ms="2038" status="PASS">
          <reporter-output>
          </reporter-output>
        </test-method> <!-- verifyCollegeRequired -->
        <test-method is-config="true" signature="tearDown()[pri:0, instance:com.zenken.freshers.user.Registration@7fb4f2a9]" started-at="2024-11-21T13:28:21 IST" name="tearDown" finished-at="2024-11-21T13:28:21 IST" duration-ms="122" status="PASS">
          <reporter-output>
          </reporter-output>
        </test-method> <!-- tearDown -->
        <test-method is-config="true" signature="setup(java.lang.reflect.Method)[pri:0, instance:com.zenken.freshers.user.Registration@7fb4f2a9]" started-at="2024-11-21T13:28:21 IST" name="setup" finished-at="2024-11-21T13:28:22 IST" duration-ms="843" status="PASS">
          <params>
            <param index="0">
              <value>
                <![CDATA[public void com.zenken.freshers.user.Registration.verifyCollegeSelect()]]>
              </value>
            </param>
          </params>
          <reporter-output>
          </reporter-output>
        </test-method> <!-- setup -->
        <test-method is-config="true" signature="setUpTest(java.lang.reflect.Method)[pri:0, instance:com.zenken.freshers.user.Registration@7fb4f2a9]" started-at="2024-11-21T13:28:22 IST" name="setUpTest" finished-at="2024-11-21T13:28:23 IST" duration-ms="1192" status="PASS">
          <params>
            <param index="0">
              <value>
                <![CDATA[public void com.zenken.freshers.user.Registration.verifyCollegeSelect()]]>
              </value>
            </param>
          </params>
          <reporter-output>
          </reporter-output>
        </test-method> <!-- setUpTest -->
        <test-method signature="verifyCollegeSelect()[pri:0, instance:com.zenken.freshers.user.Registration@7fb4f2a9]" started-at="2024-11-21T13:28:23 IST" name="verifyCollegeSelect" description="This test verifies that college can be selected from the dropdown" finished-at="2024-11-21T13:28:25 IST" duration-ms="1787" status="PASS">
          <reporter-output>
          </reporter-output>
        </test-method> <!-- verifyCollegeSelect -->
        <test-method is-config="true" signature="tearDown()[pri:0, instance:com.zenken.freshers.user.Registration@7fb4f2a9]" started-at="2024-11-21T13:28:25 IST" name="tearDown" finished-at="2024-11-21T13:28:25 IST" duration-ms="158" status="PASS">
          <reporter-output>
          </reporter-output>
        </test-method> <!-- tearDown -->
        <test-method is-config="true" signature="setup(java.lang.reflect.Method)[pri:0, instance:com.zenken.freshers.user.Registration@7fb4f2a9]" started-at="2024-11-21T13:28:25 IST" name="setup" finished-at="2024-11-21T13:28:26 IST" duration-ms="789" status="PASS">
          <params>
            <param index="0">
              <value>
                <![CDATA[public void com.zenken.freshers.user.Registration.verifyEmailRequired()]]>
              </value>
            </param>
          </params>
          <reporter-output>
          </reporter-output>
        </test-method> <!-- setup -->
        <test-method is-config="true" signature="setUpTest(java.lang.reflect.Method)[pri:0, instance:com.zenken.freshers.user.Registration@7fb4f2a9]" started-at="2024-11-21T13:28:26 IST" name="setUpTest" finished-at="2024-11-21T13:28:28 IST" duration-ms="2096" status="PASS">
          <params>
            <param index="0">
              <value>
                <![CDATA[public void com.zenken.freshers.user.Registration.verifyEmailRequired()]]>
              </value>
            </param>
          </params>
          <reporter-output>
          </reporter-output>
        </test-method> <!-- setUpTest -->
        <test-method signature="verifyEmailRequired()[pri:0, instance:com.zenken.freshers.user.Registration@7fb4f2a9]" started-at="2024-11-21T13:28:28 IST" name="verifyEmailRequired" description="This test verifies that validation error occurs for required field: &#039;Email&#039;" finished-at="2024-11-21T13:28:31 IST" duration-ms="2409" status="PASS">
          <reporter-output>
          </reporter-output>
        </test-method> <!-- verifyEmailRequired -->
        <test-method is-config="true" signature="tearDown()[pri:0, instance:com.zenken.freshers.user.Registration@7fb4f2a9]" started-at="2024-11-21T13:28:31 IST" name="tearDown" finished-at="2024-11-21T13:28:31 IST" duration-ms="136" status="PASS">
          <reporter-output>
          </reporter-output>
        </test-method> <!-- tearDown -->
        <test-method is-config="true" signature="setup(java.lang.reflect.Method)[pri:0, instance:com.zenken.freshers.user.Registration@7fb4f2a9]" started-at="2024-11-21T13:28:31 IST" name="setup" finished-at="2024-11-21T13:28:32 IST" duration-ms="848" status="PASS">
          <params>
            <param index="0">
              <value>
                <![CDATA[public void com.zenken.freshers.user.Registration.verifyFirstNameRequired()]]>
              </value>
            </param>
          </params>
          <reporter-output>
          </reporter-output>
        </test-method> <!-- setup -->
        <test-method is-config="true" signature="setUpTest(java.lang.reflect.Method)[pri:0, instance:com.zenken.freshers.user.Registration@7fb4f2a9]" started-at="2024-11-21T13:28:32 IST" name="setUpTest" finished-at="2024-11-21T13:28:34 IST" duration-ms="2901" status="PASS">
          <params>
            <param index="0">
              <value>
                <![CDATA[public void com.zenken.freshers.user.Registration.verifyFirstNameRequired()]]>
              </value>
            </param>
          </params>
          <reporter-output>
          </reporter-output>
        </test-method> <!-- setUpTest -->
        <test-method signature="verifyFirstNameRequired()[pri:0, instance:com.zenken.freshers.user.Registration@7fb4f2a9]" started-at="2024-11-21T13:28:34 IST" name="verifyFirstNameRequired" description="This test verifies that validation error occurs for required field: &#039;First Name&#039;" finished-at="2024-11-21T13:28:37 IST" duration-ms="2816" status="PASS">
          <reporter-output>
          </reporter-output>
        </test-method> <!-- verifyFirstNameRequired -->
        <test-method is-config="true" signature="tearDown()[pri:0, instance:com.zenken.freshers.user.Registration@7fb4f2a9]" started-at="2024-11-21T13:28:37 IST" name="tearDown" finished-at="2024-11-21T13:28:37 IST" duration-ms="134" status="PASS">
          <reporter-output>
          </reporter-output>
        </test-method> <!-- tearDown -->
        <test-method is-config="true" signature="setup(java.lang.reflect.Method)[pri:0, instance:com.zenken.freshers.user.Registration@7fb4f2a9]" started-at="2024-11-21T13:28:37 IST" name="setup" finished-at="2024-11-21T13:28:38 IST" duration-ms="784" status="PASS">
          <params>
            <param index="0">
              <value>
                <![CDATA[public void com.zenken.freshers.user.Registration.verifyIncorrectPassword1()]]>
              </value>
            </param>
          </params>
          <reporter-output>
          </reporter-output>
        </test-method> <!-- setup -->
        <test-method is-config="true" signature="setUpTest(java.lang.reflect.Method)[pri:0, instance:com.zenken.freshers.user.Registration@7fb4f2a9]" started-at="2024-11-21T13:28:38 IST" name="setUpTest" finished-at="2024-11-21T13:28:40 IST" duration-ms="2209" status="PASS">
          <params>
            <param index="0">
              <value>
                <![CDATA[public void com.zenken.freshers.user.Registration.verifyIncorrectPassword1()]]>
              </value>
            </param>
          </params>
          <reporter-output>
          </reporter-output>
        </test-method> <!-- setUpTest -->
        <test-method signature="verifyIncorrectPassword1()[pri:0, instance:com.zenken.freshers.user.Registration@7fb4f2a9]" started-at="2024-11-21T13:28:40 IST" name="verifyIncorrectPassword1" description="This test verifies that a validation error occurs for the &#039;Password&#039; field when fewer than 8 characters are entered" finished-at="2024-11-21T13:28:43 IST" duration-ms="2570" status="PASS">
          <reporter-output>
          </reporter-output>
        </test-method> <!-- verifyIncorrectPassword1 -->
        <test-method is-config="true" signature="tearDown()[pri:0, instance:com.zenken.freshers.user.Registration@7fb4f2a9]" started-at="2024-11-21T13:28:43 IST" name="tearDown" finished-at="2024-11-21T13:28:43 IST" duration-ms="116" status="PASS">
          <reporter-output>
          </reporter-output>
        </test-method> <!-- tearDown -->
        <test-method is-config="true" signature="setup(java.lang.reflect.Method)[pri:0, instance:com.zenken.freshers.user.Registration@7fb4f2a9]" started-at="2024-11-21T13:28:43 IST" name="setup" finished-at="2024-11-21T13:28:44 IST" duration-ms="832" status="PASS">
          <params>
            <param index="0">
              <value>
                <![CDATA[public void com.zenken.freshers.user.Registration.verifyIncorrectPassword2()]]>
              </value>
            </param>
          </params>
          <reporter-output>
          </reporter-output>
        </test-method> <!-- setup -->
        <test-method is-config="true" signature="setUpTest(java.lang.reflect.Method)[pri:0, instance:com.zenken.freshers.user.Registration@7fb4f2a9]" started-at="2024-11-21T13:28:44 IST" name="setUpTest" finished-at="2024-11-21T13:28:46 IST" duration-ms="2183" status="PASS">
          <params>
            <param index="0">
              <value>
                <![CDATA[public void com.zenken.freshers.user.Registration.verifyIncorrectPassword2()]]>
              </value>
            </param>
          </params>
          <reporter-output>
          </reporter-output>
        </test-method> <!-- setUpTest -->
        <test-method signature="verifyIncorrectPassword2()[pri:0, instance:com.zenken.freshers.user.Registration@7fb4f2a9]" started-at="2024-11-21T13:28:46 IST" name="verifyIncorrectPassword2" description="This test verifies that a validation error occurs for the &#039;Password&#039; field when password entered does not contain a number" finished-at="2024-11-21T13:28:49 IST" duration-ms="3066" status="PASS">
          <reporter-output>
          </reporter-output>
        </test-method> <!-- verifyIncorrectPassword2 -->
        <test-method is-config="true" signature="tearDown()[pri:0, instance:com.zenken.freshers.user.Registration@7fb4f2a9]" started-at="2024-11-21T13:28:49 IST" name="tearDown" finished-at="2024-11-21T13:28:49 IST" duration-ms="134" status="PASS">
          <reporter-output>
          </reporter-output>
        </test-method> <!-- tearDown -->
        <test-method is-config="true" signature="setup(java.lang.reflect.Method)[pri:0, instance:com.zenken.freshers.user.Registration@7fb4f2a9]" started-at="2024-11-21T13:28:49 IST" name="setup" finished-at="2024-11-21T13:28:50 IST" duration-ms="858" status="PASS">
          <params>
            <param index="0">
              <value>
                <![CDATA[public void com.zenken.freshers.user.Registration.verifyIncorrectPassword3()]]>
              </value>
            </param>
          </params>
          <reporter-output>
          </reporter-output>
        </test-method> <!-- setup -->
        <test-method is-config="true" signature="setUpTest(java.lang.reflect.Method)[pri:0, instance:com.zenken.freshers.user.Registration@7fb4f2a9]" started-at="2024-11-21T13:28:50 IST" name="setUpTest" finished-at="2024-11-21T13:28:53 IST" duration-ms="2374" status="PASS">
          <params>
            <param index="0">
              <value>
                <![CDATA[public void com.zenken.freshers.user.Registration.verifyIncorrectPassword3()]]>
              </value>
            </param>
          </params>
          <reporter-output>
          </reporter-output>
        </test-method> <!-- setUpTest -->
        <test-method signature="verifyIncorrectPassword3()[pri:0, instance:com.zenken.freshers.user.Registration@7fb4f2a9]" started-at="2024-11-21T13:28:53 IST" name="verifyIncorrectPassword3" description="This test verifies that a validation error occurs for the &#039;Password&#039; field when password entered does not contain any uppercase character" finished-at="2024-11-21T13:28:55 IST" duration-ms="2729" status="PASS">
          <reporter-output>
          </reporter-output>
        </test-method> <!-- verifyIncorrectPassword3 -->
        <test-method is-config="true" signature="tearDown()[pri:0, instance:com.zenken.freshers.user.Registration@7fb4f2a9]" started-at="2024-11-21T13:28:55 IST" name="tearDown" finished-at="2024-11-21T13:28:55 IST" duration-ms="111" status="PASS">
          <reporter-output>
          </reporter-output>
        </test-method> <!-- tearDown -->
        <test-method is-config="true" signature="setup(java.lang.reflect.Method)[pri:0, instance:com.zenken.freshers.user.Registration@7fb4f2a9]" started-at="2024-11-21T13:28:55 IST" name="setup" finished-at="2024-11-21T13:28:56 IST" duration-ms="824" status="PASS">
          <params>
            <param index="0">
              <value>
                <![CDATA[public void com.zenken.freshers.user.Registration.verifyIncorrectPassword4()]]>
              </value>
            </param>
          </params>
          <reporter-output>
          </reporter-output>
        </test-method> <!-- setup -->
        <test-method is-config="true" signature="setUpTest(java.lang.reflect.Method)[pri:0, instance:com.zenken.freshers.user.Registration@7fb4f2a9]" started-at="2024-11-21T13:28:56 IST" name="setUpTest" finished-at="2024-11-21T13:28:59 IST" duration-ms="2643" status="PASS">
          <params>
            <param index="0">
              <value>
                <![CDATA[public void com.zenken.freshers.user.Registration.verifyIncorrectPassword4()]]>
              </value>
            </param>
          </params>
          <reporter-output>
          </reporter-output>
        </test-method> <!-- setUpTest -->
        <test-method signature="verifyIncorrectPassword4()[pri:0, instance:com.zenken.freshers.user.Registration@7fb4f2a9]" started-at="2024-11-21T13:28:59 IST" name="verifyIncorrectPassword4" description="This test verifies that a validation error occurs for the &#039;Password&#039; field when password entered does not any special characters" finished-at="2024-11-21T13:29:02 IST" duration-ms="2797" status="PASS">
          <reporter-output>
          </reporter-output>
        </test-method> <!-- verifyIncorrectPassword4 -->
        <test-method is-config="true" signature="tearDown()[pri:0, instance:com.zenken.freshers.user.Registration@7fb4f2a9]" started-at="2024-11-21T13:29:02 IST" name="tearDown" finished-at="2024-11-21T13:29:02 IST" duration-ms="98" status="PASS">
          <reporter-output>
          </reporter-output>
        </test-method> <!-- tearDown -->
        <test-method is-config="true" signature="setup(java.lang.reflect.Method)[pri:0, instance:com.zenken.freshers.user.Registration@7fb4f2a9]" started-at="2024-11-21T13:29:02 IST" name="setup" finished-at="2024-11-21T13:29:02 IST" duration-ms="742" status="PASS">
          <params>
            <param index="0">
              <value>
                <![CDATA[public void com.zenken.freshers.user.Registration.verifyInterestRequired()]]>
              </value>
            </param>
          </params>
          <reporter-output>
          </reporter-output>
        </test-method> <!-- setup -->
        <test-method is-config="true" signature="setUpTest(java.lang.reflect.Method)[pri:0, instance:com.zenken.freshers.user.Registration@7fb4f2a9]" started-at="2024-11-21T13:29:02 IST" name="setUpTest" finished-at="2024-11-21T13:29:05 IST" duration-ms="2479" status="PASS">
          <params>
            <param index="0">
              <value>
                <![CDATA[public void com.zenken.freshers.user.Registration.verifyInterestRequired()]]>
              </value>
            </param>
          </params>
          <reporter-output>
          </reporter-output>
        </test-method> <!-- setUpTest -->
        <test-method signature="verifyInterestRequired()[pri:0, instance:com.zenken.freshers.user.Registration@7fb4f2a9]" started-at="2024-11-21T13:29:05 IST" name="verifyInterestRequired" description="This test verifies that validation error occurs for required field: &#039;Are you interested in studying Japanese language?&#039;" finished-at="2024-11-21T13:29:08 IST" duration-ms="2751" status="PASS">
          <reporter-output>
          </reporter-output>
        </test-method> <!-- verifyInterestRequired -->
        <test-method is-config="true" signature="tearDown()[pri:0, instance:com.zenken.freshers.user.Registration@7fb4f2a9]" started-at="2024-11-21T13:29:08 IST" name="tearDown" finished-at="2024-11-21T13:29:08 IST" duration-ms="119" status="PASS">
          <reporter-output>
          </reporter-output>
        </test-method> <!-- tearDown -->
        <test-method is-config="true" signature="setup(java.lang.reflect.Method)[pri:0, instance:com.zenken.freshers.user.Registration@7fb4f2a9]" started-at="2024-11-21T13:29:08 IST" name="setup" finished-at="2024-11-21T13:29:09 IST" duration-ms="773" status="PASS">
          <params>
            <param index="0">
              <value>
                <![CDATA[public void com.zenken.freshers.user.Registration.verifyInvalidEmail()]]>
              </value>
            </param>
          </params>
          <reporter-output>
          </reporter-output>
        </test-method> <!-- setup -->
        <test-method is-config="true" signature="setUpTest(java.lang.reflect.Method)[pri:0, instance:com.zenken.freshers.user.Registration@7fb4f2a9]" started-at="2024-11-21T13:29:09 IST" name="setUpTest" finished-at="2024-11-21T13:29:12 IST" duration-ms="2962" status="PASS">
          <params>
            <param index="0">
              <value>
                <![CDATA[public void com.zenken.freshers.user.Registration.verifyInvalidEmail()]]>
              </value>
            </param>
          </params>
          <reporter-output>
          </reporter-output>
        </test-method> <!-- setUpTest -->
        <test-method signature="verifyInvalidEmail()[pri:0, instance:com.zenken.freshers.user.Registration@7fb4f2a9]" started-at="2024-11-21T13:29:12 IST" name="verifyInvalidEmail" description="This test verifies that validation error for invalid input occurs for field: &#039;Email&#039;" finished-at="2024-11-21T13:29:15 IST" duration-ms="3084" status="PASS">
          <reporter-output>
          </reporter-output>
        </test-method> <!-- verifyInvalidEmail -->
        <test-method is-config="true" signature="tearDown()[pri:0, instance:com.zenken.freshers.user.Registration@7fb4f2a9]" started-at="2024-11-21T13:29:15 IST" name="tearDown" finished-at="2024-11-21T13:29:15 IST" duration-ms="124" status="PASS">
          <reporter-output>
          </reporter-output>
        </test-method> <!-- tearDown -->
        <test-method is-config="true" signature="setup(java.lang.reflect.Method)[pri:0, instance:com.zenken.freshers.user.Registration@7fb4f2a9]" started-at="2024-11-21T13:29:15 IST" name="setup" finished-at="2024-11-21T13:29:16 IST" duration-ms="734" status="PASS">
          <params>
            <param index="0">
              <value>
                <![CDATA[public void com.zenken.freshers.user.Registration.verifyInvalidUsn()]]>
              </value>
            </param>
          </params>
          <reporter-output>
          </reporter-output>
        </test-method> <!-- setup -->
        <test-method is-config="true" signature="setUpTest(java.lang.reflect.Method)[pri:0, instance:com.zenken.freshers.user.Registration@7fb4f2a9]" started-at="2024-11-21T13:29:16 IST" name="setUpTest" finished-at="2024-11-21T13:29:18 IST" duration-ms="2526" status="PASS">
          <params>
            <param index="0">
              <value>
                <![CDATA[public void com.zenken.freshers.user.Registration.verifyInvalidUsn()]]>
              </value>
            </param>
          </params>
          <reporter-output>
          </reporter-output>
        </test-method> <!-- setUpTest -->
        <test-method signature="verifyInvalidUsn()[pri:0, instance:com.zenken.freshers.user.Registration@7fb4f2a9]" started-at="2024-11-21T13:29:18 IST" name="verifyInvalidUsn" description="This test verifies that validation error for invalid input occurs for field: &#039;USN / Registration Number&#039;" finished-at="2024-11-21T13:29:20 IST" duration-ms="2435" status="PASS">
          <reporter-output>
          </reporter-output>
        </test-method> <!-- verifyInvalidUsn -->
        <test-method is-config="true" signature="tearDown()[pri:0, instance:com.zenken.freshers.user.Registration@7fb4f2a9]" started-at="2024-11-21T13:29:20 IST" name="tearDown" finished-at="2024-11-21T13:29:21 IST" duration-ms="120" status="PASS">
          <reporter-output>
          </reporter-output>
        </test-method> <!-- tearDown -->
        <test-method is-config="true" signature="setup(java.lang.reflect.Method)[pri:0, instance:com.zenken.freshers.user.Registration@7fb4f2a9]" started-at="2024-11-21T13:29:21 IST" name="setup" finished-at="2024-11-21T13:29:21 IST" duration-ms="776" status="PASS">
          <params>
            <param index="0">
              <value>
                <![CDATA[public void com.zenken.freshers.user.Registration.verifyLastNameRequired()]]>
              </value>
            </param>
          </params>
          <reporter-output>
          </reporter-output>
        </test-method> <!-- setup -->
        <test-method is-config="true" signature="setUpTest(java.lang.reflect.Method)[pri:0, instance:com.zenken.freshers.user.Registration@7fb4f2a9]" started-at="2024-11-21T13:29:21 IST" name="setUpTest" finished-at="2024-11-21T13:29:24 IST" duration-ms="2726" status="PASS">
          <params>
            <param index="0">
              <value>
                <![CDATA[public void com.zenken.freshers.user.Registration.verifyLastNameRequired()]]>
              </value>
            </param>
          </params>
          <reporter-output>
          </reporter-output>
        </test-method> <!-- setUpTest -->
        <test-method signature="verifyLastNameRequired()[pri:0, instance:com.zenken.freshers.user.Registration@7fb4f2a9]" started-at="2024-11-21T13:29:24 IST" name="verifyLastNameRequired" description="This test verifies that validation error occurs for required field: &#039;Last Name&#039;" finished-at="2024-11-21T13:29:27 IST" duration-ms="2498" status="PASS">
          <reporter-output>
          </reporter-output>
        </test-method> <!-- verifyLastNameRequired -->
        <test-method is-config="true" signature="tearDown()[pri:0, instance:com.zenken.freshers.user.Registration@7fb4f2a9]" started-at="2024-11-21T13:29:27 IST" name="tearDown" finished-at="2024-11-21T13:29:27 IST" duration-ms="96" status="PASS">
          <reporter-output>
          </reporter-output>
        </test-method> <!-- tearDown -->
        <test-method is-config="true" signature="setup(java.lang.reflect.Method)[pri:0, instance:com.zenken.freshers.user.Registration@7fb4f2a9]" started-at="2024-11-21T13:29:27 IST" name="setup" finished-at="2024-11-21T13:29:28 IST" duration-ms="792" status="PASS">
          <params>
            <param index="0">
              <value>
                <![CDATA[public void com.zenken.freshers.user.Registration.verifyLogInUrl()]]>
              </value>
            </param>
          </params>
          <reporter-output>
          </reporter-output>
        </test-method> <!-- setup -->
        <test-method is-config="true" signature="setUpTest(java.lang.reflect.Method)[pri:0, instance:com.zenken.freshers.user.Registration@7fb4f2a9]" started-at="2024-11-21T13:29:28 IST" name="setUpTest" finished-at="2024-11-21T13:29:30 IST" duration-ms="2544" status="PASS">
          <params>
            <param index="0">
              <value>
                <![CDATA[public void com.zenken.freshers.user.Registration.verifyLogInUrl()]]>
              </value>
            </param>
          </params>
          <reporter-output>
          </reporter-output>
        </test-method> <!-- setUpTest -->
        <test-method signature="verifyLogInUrl()[pri:0, instance:com.zenken.freshers.user.Registration@7fb4f2a9]" started-at="2024-11-21T13:29:30 IST" name="verifyLogInUrl" description="This test verifies that user is redirected to Login page after clicking on the login link" finished-at="2024-11-21T13:29:31 IST" duration-ms="727" status="PASS">
          <reporter-output>
          </reporter-output>
        </test-method> <!-- verifyLogInUrl -->
        <test-method is-config="true" signature="tearDown()[pri:0, instance:com.zenken.freshers.user.Registration@7fb4f2a9]" started-at="2024-11-21T13:29:31 IST" name="tearDown" finished-at="2024-11-21T13:29:31 IST" duration-ms="117" status="PASS">
          <reporter-output>
          </reporter-output>
        </test-method> <!-- tearDown -->
        <test-method is-config="true" signature="setup(java.lang.reflect.Method)[pri:0, instance:com.zenken.freshers.user.Registration@7fb4f2a9]" started-at="2024-11-21T13:29:31 IST" name="setup" finished-at="2024-11-21T13:29:32 IST" duration-ms="793" status="PASS">
          <params>
            <param index="0">
              <value>
                <![CDATA[public void com.zenken.freshers.user.Registration.verifyPasswordRequired()]]>
              </value>
            </param>
          </params>
          <reporter-output>
          </reporter-output>
        </test-method> <!-- setup -->
        <test-method is-config="true" signature="setUpTest(java.lang.reflect.Method)[pri:0, instance:com.zenken.freshers.user.Registration@7fb4f2a9]" started-at="2024-11-21T13:29:32 IST" name="setUpTest" finished-at="2024-11-21T13:29:37 IST" duration-ms="4821" status="PASS">
          <params>
            <param index="0">
              <value>
                <![CDATA[public void com.zenken.freshers.user.Registration.verifyPasswordRequired()]]>
              </value>
            </param>
          </params>
          <reporter-output>
          </reporter-output>
        </test-method> <!-- setUpTest -->
        <test-method signature="verifyPasswordRequired()[pri:0, instance:com.zenken.freshers.user.Registration@7fb4f2a9]" started-at="2024-11-21T13:29:37 IST" name="verifyPasswordRequired" description="This test verifies that validation error occurs for required field: &#039;Password&#039;" finished-at="2024-11-21T13:29:39 IST" duration-ms="2943" status="PASS">
          <reporter-output>
          </reporter-output>
        </test-method> <!-- verifyPasswordRequired -->
        <test-method is-config="true" signature="tearDown()[pri:0, instance:com.zenken.freshers.user.Registration@7fb4f2a9]" started-at="2024-11-21T13:29:39 IST" name="tearDown" finished-at="2024-11-21T13:29:40 IST" duration-ms="155" status="PASS">
          <reporter-output>
          </reporter-output>
        </test-method> <!-- tearDown -->
        <test-method is-config="true" signature="setup(java.lang.reflect.Method)[pri:0, instance:com.zenken.freshers.user.Registration@7fb4f2a9]" started-at="2024-11-21T13:29:40 IST" name="setup" finished-at="2024-11-21T13:29:40 IST" duration-ms="772" status="PASS">
          <params>
            <param index="0">
              <value>
                <![CDATA[public void com.zenken.freshers.user.Registration.verifyPlaceholders()]]>
              </value>
            </param>
          </params>
          <reporter-output>
          </reporter-output>
        </test-method> <!-- setup -->
        <test-method is-config="true" signature="setUpTest(java.lang.reflect.Method)[pri:0, instance:com.zenken.freshers.user.Registration@7fb4f2a9]" started-at="2024-11-21T13:29:40 IST" name="setUpTest" finished-at="2024-11-21T13:29:42 IST" duration-ms="2107" status="PASS">
          <params>
            <param index="0">
              <value>
                <![CDATA[public void com.zenken.freshers.user.Registration.verifyPlaceholders()]]>
              </value>
            </param>
          </params>
          <reporter-output>
          </reporter-output>
        </test-method> <!-- setUpTest -->
        <test-method signature="verifyPlaceholders()[pri:0, instance:com.zenken.freshers.user.Registration@7fb4f2a9]" started-at="2024-11-21T13:29:42 IST" name="verifyPlaceholders" description="This test verifies that expected placeholders are displayed" finished-at="2024-11-21T13:29:43 IST" duration-ms="131" status="PASS">
          <reporter-output>
          </reporter-output>
        </test-method> <!-- verifyPlaceholders -->
        <test-method is-config="true" signature="tearDown()[pri:0, instance:com.zenken.freshers.user.Registration@7fb4f2a9]" started-at="2024-11-21T13:29:43 IST" name="tearDown" finished-at="2024-11-21T13:29:43 IST" duration-ms="110" status="PASS">
          <reporter-output>
          </reporter-output>
        </test-method> <!-- tearDown -->
        <test-method is-config="true" signature="setup(java.lang.reflect.Method)[pri:0, instance:com.zenken.freshers.user.Registration@7fb4f2a9]" started-at="2024-11-21T13:29:43 IST" name="setup" finished-at="2024-11-21T13:29:44 IST" duration-ms="859" status="PASS">
          <params>
            <param index="0">
              <value>
                <![CDATA[public void com.zenken.freshers.user.Registration.verifyPolicy()]]>
              </value>
            </param>
          </params>
          <reporter-output>
          </reporter-output>
        </test-method> <!-- setup -->
        <test-method is-config="true" signature="setUpTest(java.lang.reflect.Method)[pri:0, instance:com.zenken.freshers.user.Registration@7fb4f2a9]" started-at="2024-11-21T13:29:44 IST" name="setUpTest" finished-at="2024-11-21T13:29:46 IST" duration-ms="2445" status="PASS">
          <params>
            <param index="0">
              <value>
                <![CDATA[public void com.zenken.freshers.user.Registration.verifyPolicy()]]>
              </value>
            </param>
          </params>
          <reporter-output>
          </reporter-output>
        </test-method> <!-- setUpTest -->
        <test-method signature="verifyPolicy()[pri:0, instance:com.zenken.freshers.user.Registration@7fb4f2a9]" started-at="2024-11-21T13:29:46 IST" name="verifyPolicy" description="This test verifies that the link for Privacy Policy is opened in a separate tab" finished-at="2024-11-21T13:29:53 IST" duration-ms="6904" status="PASS">
          <reporter-output>
          </reporter-output>
        </test-method> <!-- verifyPolicy -->
        <test-method is-config="true" signature="tearDown()[pri:0, instance:com.zenken.freshers.user.Registration@7fb4f2a9]" started-at="2024-11-21T13:29:53 IST" name="tearDown" finished-at="2024-11-21T13:29:53 IST" duration-ms="206" status="PASS">
          <reporter-output>
          </reporter-output>
        </test-method> <!-- tearDown -->
        <test-method is-config="true" signature="setup(java.lang.reflect.Method)[pri:0, instance:com.zenken.freshers.user.Registration@7fb4f2a9]" started-at="2024-11-21T13:29:53 IST" name="setup" finished-at="2024-11-21T13:29:54 IST" duration-ms="730" status="PASS">
          <params>
            <param index="0">
              <value>
                <![CDATA[public void com.zenken.freshers.user.Registration.verifyRadioSelect()]]>
              </value>
            </param>
          </params>
          <reporter-output>
          </reporter-output>
        </test-method> <!-- setup -->
        <test-method is-config="true" signature="setUpTest(java.lang.reflect.Method)[pri:0, instance:com.zenken.freshers.user.Registration@7fb4f2a9]" started-at="2024-11-21T13:29:54 IST" name="setUpTest" finished-at="2024-11-21T13:29:56 IST" duration-ms="2631" status="PASS">
          <params>
            <param index="0">
              <value>
                <![CDATA[public void com.zenken.freshers.user.Registration.verifyRadioSelect()]]>
              </value>
            </param>
          </params>
          <reporter-output>
          </reporter-output>
        </test-method> <!-- setUpTest -->
        <test-method signature="verifyRadioSelect()[pri:0, instance:com.zenken.freshers.user.Registration@7fb4f2a9]" started-at="2024-11-21T13:29:56 IST" name="verifyRadioSelect" description="This test verifies that radio button can be selected" finished-at="2024-11-21T13:29:57 IST" duration-ms="48" status="PASS">
          <reporter-output>
          </reporter-output>
        </test-method> <!-- verifyRadioSelect -->
        <test-method is-config="true" signature="tearDown()[pri:0, instance:com.zenken.freshers.user.Registration@7fb4f2a9]" started-at="2024-11-21T13:29:57 IST" name="tearDown" finished-at="2024-11-21T13:29:57 IST" duration-ms="114" status="PASS">
          <reporter-output>
          </reporter-output>
        </test-method> <!-- tearDown -->
        <test-method is-config="true" signature="setup(java.lang.reflect.Method)[pri:0, instance:com.zenken.freshers.user.Registration@7fb4f2a9]" started-at="2024-11-21T13:29:57 IST" name="setup" finished-at="2024-11-21T13:29:58 IST" duration-ms="843" status="PASS">
          <params>
            <param index="0">
              <value>
                <![CDATA[public void com.zenken.freshers.user.Registration.verifyTermsAgreementRequired()]]>
              </value>
            </param>
          </params>
          <reporter-output>
          </reporter-output>
        </test-method> <!-- setup -->
        <test-method is-config="true" signature="setUpTest(java.lang.reflect.Method)[pri:0, instance:com.zenken.freshers.user.Registration@7fb4f2a9]" started-at="2024-11-21T13:29:58 IST" name="setUpTest" finished-at="2024-11-21T13:30:00 IST" duration-ms="2354" status="PASS">
          <params>
            <param index="0">
              <value>
                <![CDATA[public void com.zenken.freshers.user.Registration.verifyTermsAgreementRequired()]]>
              </value>
            </param>
          </params>
          <reporter-output>
          </reporter-output>
        </test-method> <!-- setUpTest -->
        <test-method signature="verifyTermsAgreementRequired()[pri:0, instance:com.zenken.freshers.user.Registration@7fb4f2a9]" started-at="2024-11-21T13:30:00 IST" name="verifyTermsAgreementRequired" description="This test verifies that validation error occurs for required field: &#039;I agree to the Terms and Privacy Policy&#039;" finished-at="2024-11-21T13:30:03 IST" duration-ms="2796" status="PASS">
          <reporter-output>
          </reporter-output>
        </test-method> <!-- verifyTermsAgreementRequired -->
        <test-method is-config="true" signature="tearDown()[pri:0, instance:com.zenken.freshers.user.Registration@7fb4f2a9]" started-at="2024-11-21T13:30:03 IST" name="tearDown" finished-at="2024-11-21T13:30:03 IST" duration-ms="100" status="PASS">
          <reporter-output>
          </reporter-output>
        </test-method> <!-- tearDown -->
        <test-method is-config="true" signature="setup(java.lang.reflect.Method)[pri:0, instance:com.zenken.freshers.user.Registration@7fb4f2a9]" started-at="2024-11-21T13:30:03 IST" name="setup" finished-at="2024-11-21T13:30:04 IST" duration-ms="837" status="PASS">
          <params>
            <param index="0">
              <value>
                <![CDATA[public void com.zenken.freshers.user.Registration.verifyTermsPDF()]]>
              </value>
            </param>
          </params>
          <reporter-output>
          </reporter-output>
        </test-method> <!-- setup -->
        <test-method is-config="true" signature="setUpTest(java.lang.reflect.Method)[pri:0, instance:com.zenken.freshers.user.Registration@7fb4f2a9]" started-at="2024-11-21T13:30:04 IST" name="setUpTest" finished-at="2024-11-21T13:30:06 IST" duration-ms="2358" status="PASS">
          <params>
            <param index="0">
              <value>
                <![CDATA[public void com.zenken.freshers.user.Registration.verifyTermsPDF()]]>
              </value>
            </param>
          </params>
          <reporter-output>
          </reporter-output>
        </test-method> <!-- setUpTest -->
        <test-method signature="verifyTermsPDF()[pri:0, instance:com.zenken.freshers.user.Registration@7fb4f2a9]" started-at="2024-11-21T13:30:06 IST" name="verifyTermsPDF" description="This test verifies that Terms PDF is opened in a separate tab" finished-at="2024-11-21T13:30:07 IST" duration-ms="697" status="PASS">
          <reporter-output>
          </reporter-output>
        </test-method> <!-- verifyTermsPDF -->
        <test-method is-config="true" signature="tearDown()[pri:0, instance:com.zenken.freshers.user.Registration@7fb4f2a9]" started-at="2024-11-21T13:30:07 IST" name="tearDown" finished-at="2024-11-21T13:30:07 IST" duration-ms="129" status="PASS">
          <reporter-output>
          </reporter-output>
        </test-method> <!-- tearDown -->
        <test-method is-config="true" signature="setup(java.lang.reflect.Method)[pri:0, instance:com.zenken.freshers.user.Registration@7fb4f2a9]" started-at="2024-11-21T13:30:07 IST" name="setup" finished-at="2024-11-21T13:30:08 IST" duration-ms="784" status="PASS">
          <params>
            <param index="0">
              <value>
                <![CDATA[public void com.zenken.freshers.user.Registration.verifyTextBoxDisable()]]>
              </value>
            </param>
          </params>
          <reporter-output>
          </reporter-output>
        </test-method> <!-- setup -->
        <test-method is-config="true" signature="setUpTest(java.lang.reflect.Method)[pri:0, instance:com.zenken.freshers.user.Registration@7fb4f2a9]" started-at="2024-11-21T13:30:08 IST" name="setUpTest" finished-at="2024-11-21T13:30:10 IST" duration-ms="2839" status="PASS">
          <params>
            <param index="0">
              <value>
                <![CDATA[public void com.zenken.freshers.user.Registration.verifyTextBoxDisable()]]>
              </value>
            </param>
          </params>
          <reporter-output>
          </reporter-output>
        </test-method> <!-- setUpTest -->
        <test-method signature="verifyTextBoxDisable()[pri:0, instance:com.zenken.freshers.user.Registration@7fb4f2a9]" started-at="2024-11-21T13:30:10 IST" name="verifyTextBoxDisable" description="This test verifies that the text box for &#039;Last Name&#039; field turns inactive after clicking on checkbox" finished-at="2024-11-21T13:30:11 IST" duration-ms="236" status="PASS">
          <reporter-output>
          </reporter-output>
        </test-method> <!-- verifyTextBoxDisable -->
        <test-method is-config="true" signature="tearDown()[pri:0, instance:com.zenken.freshers.user.Registration@7fb4f2a9]" started-at="2024-11-21T13:30:11 IST" name="tearDown" finished-at="2024-11-21T13:30:11 IST" duration-ms="126" status="PASS">
          <reporter-output>
          </reporter-output>
        </test-method> <!-- tearDown -->
        <test-method is-config="true" signature="setup(java.lang.reflect.Method)[pri:0, instance:com.zenken.freshers.user.Registration@7fb4f2a9]" started-at="2024-11-21T13:30:11 IST" name="setup" finished-at="2024-11-21T13:30:12 IST" duration-ms="770" status="PASS">
          <params>
            <param index="0">
              <value>
                <![CDATA[public void com.zenken.freshers.user.Registration.verifyTexts()]]>
              </value>
            </param>
          </params>
          <reporter-output>
          </reporter-output>
        </test-method> <!-- setup -->
        <test-method is-config="true" signature="setUpTest(java.lang.reflect.Method)[pri:0, instance:com.zenken.freshers.user.Registration@7fb4f2a9]" started-at="2024-11-21T13:30:12 IST" name="setUpTest" finished-at="2024-11-21T13:30:14 IST" duration-ms="2291" status="PASS">
          <params>
            <param index="0">
              <value>
                <![CDATA[public void com.zenken.freshers.user.Registration.verifyTexts()]]>
              </value>
            </param>
          </params>
          <reporter-output>
          </reporter-output>
        </test-method> <!-- setUpTest -->
        <test-method signature="verifyTexts()[pri:0, instance:com.zenken.freshers.user.Registration@7fb4f2a9]" started-at="2024-11-21T13:30:14 IST" name="verifyTexts" description="This test verifies that expected texts are displayed at the top of the page" finished-at="2024-11-21T13:30:14 IST" duration-ms="80" status="PASS">
          <reporter-output>
          </reporter-output>
        </test-method> <!-- verifyTexts -->
        <test-method is-config="true" signature="tearDown()[pri:0, instance:com.zenken.freshers.user.Registration@7fb4f2a9]" started-at="2024-11-21T13:30:14 IST" name="tearDown" finished-at="2024-11-21T13:30:14 IST" duration-ms="132" status="PASS">
          <reporter-output>
          </reporter-output>
        </test-method> <!-- tearDown -->
        <test-method is-config="true" signature="setup(java.lang.reflect.Method)[pri:0, instance:com.zenken.freshers.user.Registration@7fb4f2a9]" started-at="2024-11-21T13:30:14 IST" name="setup" finished-at="2024-11-21T13:30:15 IST" duration-ms="912" status="PASS">
          <params>
            <param index="0">
              <value>
                <![CDATA[public void com.zenken.freshers.user.Registration.verifyTitle()]]>
              </value>
            </param>
          </params>
          <reporter-output>
          </reporter-output>
        </test-method> <!-- setup -->
        <test-method is-config="true" signature="setUpTest(java.lang.reflect.Method)[pri:0, instance:com.zenken.freshers.user.Registration@7fb4f2a9]" started-at="2024-11-21T13:30:15 IST" name="setUpTest" finished-at="2024-11-21T13:30:17 IST" duration-ms="2209" status="PASS">
          <params>
            <param index="0">
              <value>
                <![CDATA[public void com.zenken.freshers.user.Registration.verifyTitle()]]>
              </value>
            </param>
          </params>
          <reporter-output>
          </reporter-output>
        </test-method> <!-- setUpTest -->
        <test-method signature="verifyTitle()[pri:0, instance:com.zenken.freshers.user.Registration@7fb4f2a9]" started-at="2024-11-21T13:30:17 IST" name="verifyTitle" description="This test verifies that the Registration page title is correct" finished-at="2024-11-21T13:30:17 IST" duration-ms="12" status="PASS">
          <reporter-output>
          </reporter-output>
        </test-method> <!-- verifyTitle -->
        <test-method is-config="true" signature="tearDown()[pri:0, instance:com.zenken.freshers.user.Registration@7fb4f2a9]" started-at="2024-11-21T13:30:17 IST" name="tearDown" finished-at="2024-11-21T13:30:17 IST" duration-ms="124" status="PASS">
          <reporter-output>
          </reporter-output>
        </test-method> <!-- tearDown -->
        <test-method is-config="true" signature="setup(java.lang.reflect.Method)[pri:0, instance:com.zenken.freshers.user.Registration@7fb4f2a9]" started-at="2024-11-21T13:30:17 IST" name="setup" finished-at="2024-11-21T13:30:18 IST" duration-ms="803" status="PASS">
          <params>
            <param index="0">
              <value>
                <![CDATA[public void com.zenken.freshers.user.Registration.verifyUSNRequired()]]>
              </value>
            </param>
          </params>
          <reporter-output>
          </reporter-output>
        </test-method> <!-- setup -->
        <test-method is-config="true" signature="setUpTest(java.lang.reflect.Method)[pri:0, instance:com.zenken.freshers.user.Registration@7fb4f2a9]" started-at="2024-11-21T13:30:18 IST" name="setUpTest" finished-at="2024-11-21T13:30:21 IST" duration-ms="2518" status="PASS">
          <params>
            <param index="0">
              <value>
                <![CDATA[public void com.zenken.freshers.user.Registration.verifyUSNRequired()]]>
              </value>
            </param>
          </params>
          <reporter-output>
          </reporter-output>
        </test-method> <!-- setUpTest -->
        <test-method signature="verifyUSNRequired()[pri:0, instance:com.zenken.freshers.user.Registration@7fb4f2a9]" started-at="2024-11-21T13:30:21 IST" name="verifyUSNRequired" description="This test verifies that validation error occurs for required field: &#039;USN / Registration Number&#039;" finished-at="2024-11-21T13:30:23 IST" duration-ms="2387" status="PASS">
          <reporter-output>
          </reporter-output>
        </test-method> <!-- verifyUSNRequired -->
        <test-method is-config="true" signature="tearDown()[pri:0, instance:com.zenken.freshers.user.Registration@7fb4f2a9]" started-at="2024-11-21T13:30:23 IST" name="tearDown" finished-at="2024-11-21T13:30:23 IST" duration-ms="125" status="PASS">
          <reporter-output>
          </reporter-output>
        </test-method> <!-- tearDown -->
        <test-method is-config="true" signature="setup(java.lang.reflect.Method)[pri:0, instance:com.zenken.freshers.user.Registration@7fb4f2a9]" started-at="2024-11-21T13:30:23 IST" name="setup" finished-at="2024-11-21T13:30:24 IST" duration-ms="861" status="PASS">
          <params>
            <param index="0">
              <value>
                <![CDATA[public void com.zenken.freshers.user.Registration.verifyUsedEmail()]]>
              </value>
            </param>
          </params>
          <reporter-output>
          </reporter-output>
        </test-method> <!-- setup -->
        <test-method is-config="true" signature="setUpTest(java.lang.reflect.Method)[pri:0, instance:com.zenken.freshers.user.Registration@7fb4f2a9]" started-at="2024-11-21T13:30:24 IST" name="setUpTest" finished-at="2024-11-21T13:30:26 IST" duration-ms="2393" status="PASS">
          <params>
            <param index="0">
              <value>
                <![CDATA[public void com.zenken.freshers.user.Registration.verifyUsedEmail()]]>
              </value>
            </param>
          </params>
          <reporter-output>
          </reporter-output>
        </test-method> <!-- setUpTest -->
        <test-method signature="verifyUsedEmail()[pri:0, instance:com.zenken.freshers.user.Registration@7fb4f2a9]" started-at="2024-11-21T13:30:26 IST" name="verifyUsedEmail" description="This test verifies that validation error for same email occursfor &#039;Email&#039; field" finished-at="2024-11-21T13:30:29 IST" duration-ms="2784" status="PASS">
          <reporter-output>
          </reporter-output>
        </test-method> <!-- verifyUsedEmail -->
        <test-method is-config="true" signature="tearDown()[pri:0, instance:com.zenken.freshers.user.Registration@7fb4f2a9]" started-at="2024-11-21T13:30:29 IST" name="tearDown" finished-at="2024-11-21T13:30:29 IST" duration-ms="92" status="PASS">
          <reporter-output>
          </reporter-output>
        </test-method> <!-- tearDown -->
        <test-method is-config="true" signature="setup(java.lang.reflect.Method)[pri:0, instance:com.zenken.freshers.user.Registration@7fb4f2a9]" started-at="2024-11-21T13:30:29 IST" name="setup" finished-at="2024-11-21T13:30:30 IST" duration-ms="874" status="PASS">
          <params>
            <param index="0">
              <value>
                <![CDATA[public void com.zenken.freshers.user.Registration.verifyYearRequired()]]>
              </value>
            </param>
          </params>
          <reporter-output>
          </reporter-output>
        </test-method> <!-- setup -->
        <test-method is-config="true" signature="setUpTest(java.lang.reflect.Method)[pri:0, instance:com.zenken.freshers.user.Registration@7fb4f2a9]" started-at="2024-11-21T13:30:30 IST" name="setUpTest" finished-at="2024-11-21T13:30:33 IST" duration-ms="2614" status="PASS">
          <params>
            <param index="0">
              <value>
                <![CDATA[public void com.zenken.freshers.user.Registration.verifyYearRequired()]]>
              </value>
            </param>
          </params>
          <reporter-output>
          </reporter-output>
        </test-method> <!-- setUpTest -->
        <test-method signature="verifyYearRequired()[pri:0, instance:com.zenken.freshers.user.Registration@7fb4f2a9]" started-at="2024-11-21T13:30:33 IST" name="verifyYearRequired" description="This test verifies that validation error occurs for required field: &#039;Expected Graduation Year&#039;" finished-at="2024-11-21T13:30:35 IST" duration-ms="2544" status="PASS">
          <reporter-output>
          </reporter-output>
        </test-method> <!-- verifyYearRequired -->
        <test-method is-config="true" signature="tearDown()[pri:0, instance:com.zenken.freshers.user.Registration@7fb4f2a9]" started-at="2024-11-21T13:30:35 IST" name="tearDown" finished-at="2024-11-21T13:30:35 IST" duration-ms="122" status="PASS">
          <reporter-output>
          </reporter-output>
        </test-method> <!-- tearDown -->
        <test-method is-config="true" signature="setup(java.lang.reflect.Method)[pri:0, instance:com.zenken.freshers.user.Registration@7fb4f2a9]" started-at="2024-11-21T13:30:35 IST" name="setup" finished-at="2024-11-21T13:30:36 IST" duration-ms="816" status="PASS">
          <params>
            <param index="0">
              <value>
                <![CDATA[public void com.zenken.freshers.user.Registration.verifyYearSelect()]]>
              </value>
            </param>
          </params>
          <reporter-output>
          </reporter-output>
        </test-method> <!-- setup -->
        <test-method is-config="true" signature="setUpTest(java.lang.reflect.Method)[pri:0, instance:com.zenken.freshers.user.Registration@7fb4f2a9]" started-at="2024-11-21T13:30:36 IST" name="setUpTest" finished-at="2024-11-21T13:30:39 IST" duration-ms="2367" status="PASS">
          <params>
            <param index="0">
              <value>
                <![CDATA[public void com.zenken.freshers.user.Registration.verifyYearSelect()]]>
              </value>
            </param>
          </params>
          <reporter-output>
          </reporter-output>
        </test-method> <!-- setUpTest -->
        <test-method signature="verifyYearSelect()[pri:0, instance:com.zenken.freshers.user.Registration@7fb4f2a9]" started-at="2024-11-21T13:30:39 IST" name="verifyYearSelect" description="This test verifies that year can be selected from the dropdown" finished-at="2024-11-21T13:30:39 IST" duration-ms="327" status="PASS">
          <reporter-output>
          </reporter-output>
        </test-method> <!-- verifyYearSelect -->
        <test-method is-config="true" signature="tearDown()[pri:0, instance:com.zenken.freshers.user.Registration@7fb4f2a9]" started-at="2024-11-21T13:30:39 IST" name="tearDown" finished-at="2024-11-21T13:30:39 IST" duration-ms="103" status="PASS">
          <reporter-output>
          </reporter-output>
        </test-method> <!-- tearDown -->
        <test-method is-config="true" signature="setup(java.lang.reflect.Method)[pri:0, instance:com.zenken.freshers.user.Registration@7fb4f2a9]" started-at="2024-11-21T13:30:39 IST" name="setup" finished-at="2024-11-21T13:30:40 IST" duration-ms="805" status="PASS">
          <params>
            <param index="0">
              <value>
                <![CDATA[public void com.zenken.freshers.user.Registration.verifyUserRegistration() throws com.mailslurp.clients.ApiException]]>
              </value>
            </param>
          </params>
          <reporter-output>
          </reporter-output>
        </test-method> <!-- setup -->
        <test-method is-config="true" signature="setUpTest(java.lang.reflect.Method)[pri:0, instance:com.zenken.freshers.user.Registration@7fb4f2a9]" started-at="2024-11-21T13:30:40 IST" name="setUpTest" finished-at="2024-11-21T13:30:41 IST" duration-ms="1498" status="PASS">
          <params>
            <param index="0">
              <value>
                <![CDATA[public void com.zenken.freshers.user.Registration.verifyUserRegistration() throws com.mailslurp.clients.ApiException]]>
              </value>
            </param>
          </params>
          <reporter-output>
          </reporter-output>
        </test-method> <!-- setUpTest -->
        <test-method signature="verifyUserRegistration()[pri:1, instance:com.zenken.freshers.user.Registration@7fb4f2a9]" started-at="2024-11-21T13:30:41 IST" name="verifyUserRegistration" description="This test verifies that the user can create an account" finished-at="2024-11-21T13:30:49 IST" duration-ms="7571" status="PASS">
          <reporter-output>
          </reporter-output>
        </test-method> <!-- verifyUserRegistration -->
        <test-method is-config="true" signature="tearDown()[pri:0, instance:com.zenken.freshers.user.Registration@7fb4f2a9]" started-at="2024-11-21T13:30:49 IST" name="tearDown" finished-at="2024-11-21T13:30:49 IST" duration-ms="0" status="PASS">
          <reporter-output>
          </reporter-output>
        </test-method> <!-- tearDown -->
        <test-method is-config="true" signature="setup(java.lang.reflect.Method)[pri:0, instance:com.zenken.freshers.user.Registration@7fb4f2a9]" started-at="2024-11-21T13:30:49 IST" name="setup" finished-at="2024-11-21T13:30:49 IST" duration-ms="0" status="PASS">
          <params>
            <param index="0">
              <value>
                <![CDATA[public void com.zenken.freshers.user.Registration.verifyEmail() throws com.mailslurp.clients.ApiException]]>
              </value>
            </param>
          </params>
          <reporter-output>
          </reporter-output>
        </test-method> <!-- setup -->
        <test-method is-config="true" signature="setUpTest(java.lang.reflect.Method)[pri:0, instance:com.zenken.freshers.user.Registration@7fb4f2a9]" started-at="2024-11-21T13:30:49 IST" name="setUpTest" finished-at="2024-11-21T13:30:52 IST" duration-ms="2921" status="PASS">
          <params>
            <param index="0">
              <value>
                <![CDATA[public void com.zenken.freshers.user.Registration.verifyEmail() throws com.mailslurp.clients.ApiException]]>
              </value>
            </param>
          </params>
          <reporter-output>
          </reporter-output>
        </test-method> <!-- setUpTest -->
        <test-method signature="verifyEmail()[pri:2, instance:com.zenken.freshers.user.Registration@7fb4f2a9]" started-at="2024-11-21T13:30:52 IST" name="verifyEmail" description="This test verifies that user receives a verification email to the user&#039;s email address" finished-at="2024-11-21T13:30:54 IST" duration-ms="2636" status="PASS">
          <reporter-output>
          </reporter-output>
        </test-method> <!-- verifyEmail -->
        <test-method is-config="true" signature="setup(java.lang.reflect.Method)[pri:0, instance:com.zenken.freshers.user.Registration@7fb4f2a9]" started-at="2024-11-21T13:30:54 IST" name="setup" finished-at="2024-11-21T13:30:54 IST" duration-ms="0" status="PASS">
          <params>
            <param index="0">
              <value>
                <![CDATA[public void com.zenken.freshers.user.Registration.verifyEmailPageTitle()]]>
              </value>
            </param>
          </params>
          <reporter-output>
          </reporter-output>
        </test-method> <!-- setup -->
        <test-method is-config="true" signature="tearDown()[pri:0, instance:com.zenken.freshers.user.Registration@7fb4f2a9]" started-at="2024-11-21T13:30:54 IST" name="tearDown" finished-at="2024-11-21T13:30:54 IST" duration-ms="0" status="PASS">
          <reporter-output>
          </reporter-output>
        </test-method> <!-- tearDown -->
        <test-method is-config="true" signature="setUpTest(java.lang.reflect.Method)[pri:0, instance:com.zenken.freshers.user.Registration@7fb4f2a9]" started-at="2024-11-21T13:30:54 IST" name="setUpTest" finished-at="2024-11-21T13:30:57 IST" duration-ms="2206" status="PASS">
          <params>
            <param index="0">
              <value>
                <![CDATA[public void com.zenken.freshers.user.Registration.verifyEmailPageTitle()]]>
              </value>
            </param>
          </params>
          <reporter-output>
          </reporter-output>
        </test-method> <!-- setUpTest -->
        <test-method signature="verifyEmailPageTitle()[pri:3, instance:com.zenken.freshers.user.Registration@7fb4f2a9]" started-at="2024-11-21T13:30:57 IST" name="verifyEmailPageTitle" description="This test verifies that expected text for headline is displayed on the Email Verification page" finished-at="2024-11-21T13:30:57 IST" duration-ms="109" status="PASS">
          <reporter-output>
          </reporter-output>
        </test-method> <!-- verifyEmailPageTitle -->
        <test-method is-config="true" signature="tearDown()[pri:0, instance:com.zenken.freshers.user.Registration@7fb4f2a9]" started-at="2024-11-21T13:30:57 IST" name="tearDown" finished-at="2024-11-21T13:30:57 IST" duration-ms="0" status="PASS">
          <reporter-output>
          </reporter-output>
        </test-method> <!-- tearDown -->
        <test-method is-config="true" signature="setUpTest(java.lang.reflect.Method)[pri:0, instance:com.zenken.freshers.user.Registration@7fb4f2a9]" started-at="2024-11-21T13:30:57 IST" name="setUpTest" finished-at="2024-11-21T13:30:59 IST" duration-ms="2277" status="PASS">
          <params>
            <param index="0">
              <value>
                <![CDATA[public void com.zenken.freshers.user.Registration.verifyEmailAddress()]]>
              </value>
            </param>
          </params>
          <reporter-output>
          </reporter-output>
        </test-method> <!-- setUpTest -->
        <test-method is-config="true" signature="setup(java.lang.reflect.Method)[pri:0, instance:com.zenken.freshers.user.Registration@7fb4f2a9]" started-at="2024-11-21T13:30:57 IST" name="setup" finished-at="2024-11-21T13:30:57 IST" duration-ms="0" status="PASS">
          <params>
            <param index="0">
              <value>
                <![CDATA[public void com.zenken.freshers.user.Registration.verifyEmailAddress()]]>
              </value>
            </param>
          </params>
          <reporter-output>
          </reporter-output>
        </test-method> <!-- setup -->
        <test-method signature="verifyEmailAddress()[pri:4, instance:com.zenken.freshers.user.Registration@7fb4f2a9]" started-at="2024-11-21T13:30:59 IST" name="verifyEmailAddress" description="This test verifies that the email address displayed on the Email Verification page is correct" finished-at="2024-11-21T13:30:59 IST" duration-ms="47" status="PASS">
          <reporter-output>
          </reporter-output>
        </test-method> <!-- verifyEmailAddress -->
        <test-method is-config="true" signature="tearDown()[pri:0, instance:com.zenken.freshers.user.Registration@7fb4f2a9]" started-at="2024-11-21T13:30:59 IST" name="tearDown" finished-at="2024-11-21T13:30:59 IST" duration-ms="0" status="PASS">
          <reporter-output>
          </reporter-output>
        </test-method> <!-- tearDown -->
        <test-method is-config="true" signature="setup(java.lang.reflect.Method)[pri:0, instance:com.zenken.freshers.user.Registration@7fb4f2a9]" started-at="2024-11-21T13:30:59 IST" name="setup" finished-at="2024-11-21T13:30:59 IST" duration-ms="0" status="PASS">
          <params>
            <param index="0">
              <value>
                <![CDATA[public void com.zenken.freshers.user.Registration.verifyEmailResend() throws com.mailslurp.clients.ApiException]]>
              </value>
            </param>
          </params>
          <reporter-output>
          </reporter-output>
        </test-method> <!-- setup -->
        <test-method is-config="true" signature="setUpTest(java.lang.reflect.Method)[pri:0, instance:com.zenken.freshers.user.Registration@7fb4f2a9]" started-at="2024-11-21T13:30:59 IST" name="setUpTest" finished-at="2024-11-21T13:31:01 IST" duration-ms="2343" status="PASS">
          <params>
            <param index="0">
              <value>
                <![CDATA[public void com.zenken.freshers.user.Registration.verifyEmailResend() throws com.mailslurp.clients.ApiException]]>
              </value>
            </param>
          </params>
          <reporter-output>
          </reporter-output>
        </test-method> <!-- setUpTest -->
        <test-method signature="verifyEmailResend()[pri:5, instance:com.zenken.freshers.user.Registration@7fb4f2a9]" started-at="2024-11-21T13:31:01 IST" name="verifyEmailResend" description="This test verifies that the email is resent after clicking on &#039;Resend&#039; link" finished-at="2024-11-21T13:31:04 IST" duration-ms="2384" status="PASS">
          <reporter-output>
          </reporter-output>
        </test-method> <!-- verifyEmailResend -->
        <test-method is-config="true" signature="tearDown()[pri:0, instance:com.zenken.freshers.user.Registration@7fb4f2a9]" started-at="2024-11-21T13:31:04 IST" name="tearDown" finished-at="2024-11-21T13:31:04 IST" duration-ms="0" status="PASS">
          <reporter-output>
          </reporter-output>
        </test-method> <!-- tearDown -->
        <test-method is-config="true" signature="setup(java.lang.reflect.Method)[pri:0, instance:com.zenken.freshers.user.Registration@7fb4f2a9]" started-at="2024-11-21T13:31:04 IST" name="setup" finished-at="2024-11-21T13:31:04 IST" duration-ms="0" status="PASS">
          <params>
            <param index="0">
              <value>
                <![CDATA[public void com.zenken.freshers.user.Registration.verifyEmailVerificationLink() throws com.mailslurp.clients.ApiException]]>
              </value>
            </param>
          </params>
          <reporter-output>
          </reporter-output>
        </test-method> <!-- setup -->
        <test-method is-config="true" signature="setUpTest(java.lang.reflect.Method)[pri:0, instance:com.zenken.freshers.user.Registration@7fb4f2a9]" started-at="2024-11-21T13:31:04 IST" name="setUpTest" finished-at="2024-11-21T13:31:06 IST" duration-ms="2370" status="PASS">
          <params>
            <param index="0">
              <value>
                <![CDATA[public void com.zenken.freshers.user.Registration.verifyEmailVerificationLink() throws com.mailslurp.clients.ApiException]]>
              </value>
            </param>
          </params>
          <reporter-output>
          </reporter-output>
        </test-method> <!-- setUpTest -->
        <test-method signature="verifyEmailVerificationLink()[pri:6, instance:com.zenken.freshers.user.Registration@7fb4f2a9]" started-at="2024-11-21T13:31:06 IST" name="verifyEmailVerificationLink" description="This test verifies that the link mentioned in the mail redirects user to the profile preview page of his/her account" finished-at="2024-11-21T13:31:11 IST" duration-ms="4764" status="PASS">
          <reporter-output>
          </reporter-output>
        </test-method> <!-- verifyEmailVerificationLink -->
        <test-method is-config="true" signature="tearDown()[pri:0, instance:com.zenken.freshers.user.Registration@7fb4f2a9]" started-at="2024-11-21T13:31:11 IST" name="tearDown" finished-at="2024-11-21T13:31:11 IST" duration-ms="245" status="PASS">
          <reporter-output>
          </reporter-output>
        </test-method> <!-- tearDown -->
      </class> <!-- com.zenken.freshers.user.Registration -->
    </test> <!-- Test -->
  </suite> <!-- Suite -->
</testng-results>
