<?xml version="1.0" encoding="UTF-8"?>
<testsuite xmlns:xsi="http://www.w3.org/2001/XMLSchema-instance" xsi:noNamespaceSchemaLocation="https://maven.apache.org/surefire/maven-surefire-plugin/xsd/surefire-test-report.xsd" version="3.0.2" name="TestSuite" time="219.66" tests="37" errors="0" skipped="0" failures="0">
  <properties>
[...]
</properties>
  <testcase name="verifyCharExceedFirstName" classname="com.zenken.freshers.user.Registration" time="3.342">
    <system-err><![CDATA[SLF4J: Failed to load class "org.slf4j.impl.StaticLoggerBinder".
SLF4J: Defaulting to no-operation (NOP) logger implementation
SLF4J: See http://www.slf4j.org/codes.html#StaticLoggerBinder for further details.
Nov 21, 2024 1:27:41 PM org.openqa.selenium.devtools.CdpVersionFinder findNearestMatch
WARNING: Unable to find an exact match for CDP version 131, returning the closest version; found: 130; Please update to a Selenium version that supports CDP version 131
]]></system-err>
  </testcase>
  <testcase name="verifyCharExceedLastName" classname="com.zenken.freshers.user.Registration" time="3.7">
    <system-err><![CDATA[Nov 21, 2024 1:27:50 PM org.openqa.selenium.devtools.CdpVersionFinder findNearestMatch
WARNING: Unable to find an exact match for CDP version 131, returning the closest version; found: 130; Please update to a Selenium version that supports CDP version 131
]]></system-err>
  </testcase>
  <testcase name="verifyCharExceedMiddleName" classname="com.zenken.freshers.user.Registration" time="2.929">
    <system-err><![CDATA[Nov 21, 2024 1:27:59 PM org.openqa.selenium.devtools.CdpVersionFinder findNearestMatch
WARNING: Unable to find an exact match for CDP version 131, returning the closest version; found: 130; Please update to a Selenium version that supports CDP version 131
]]></system-err>
  </testcase>
  <testcase name="verifyCharExceedUsn" classname="com.zenken.freshers.user.Registration" time="3.182">
    <system-err><![CDATA[Nov 21, 2024 1:28:06 PM org.openqa.selenium.devtools.CdpVersionFinder findNearestMatch
WARNING: Unable to find an exact match for CDP version 131, returning the closest version; found: 130; Please update to a Selenium version that supports CDP version 131
]]></system-err>
  </testcase>
  <testcase name="verifyCheckBoxState" classname="com.zenken.freshers.user.Registration" time="0.048">
    <system-err><![CDATA[Nov 21, 2024 1:28:12 PM org.openqa.selenium.devtools.CdpVersionFinder findNearestMatch
WARNING: Unable to find an exact match for CDP version 131, returning the closest version; found: 130; Please update to a Selenium version that supports CDP version 131
]]></system-err>
  </testcase>
  <testcase name="verifyCollegeRequired" classname="com.zenken.freshers.user.Registration" time="2.033">
    <system-err><![CDATA[Nov 21, 2024 1:28:16 PM org.openqa.selenium.devtools.CdpVersionFinder findNearestMatch
WARNING: Unable to find an exact match for CDP version 131, returning the closest version; found: 130; Please update to a Selenium version that supports CDP version 131
]]></system-err>
  </testcase>
  <testcase name="verifyCollegeSelect" classname="com.zenken.freshers.user.Registration" time="1.784">
    <system-err><![CDATA[Nov 21, 2024 1:28:22 PM org.openqa.selenium.devtools.CdpVersionFinder findNearestMatch
WARNING: Unable to find an exact match for CDP version 131, returning the closest version; found: 130; Please update to a Selenium version that supports CDP version 131
]]></system-err>
  </testcase>
  <testcase name="verifyEmailRequired" classname="com.zenken.freshers.user.Registration" time="2.407">
    <system-err><![CDATA[Nov 21, 2024 1:28:26 PM org.openqa.selenium.devtools.CdpVersionFinder findNearestMatch
WARNING: Unable to find an exact match for CDP version 131, returning the closest version; found: 130; Please update to a Selenium version that supports CDP version 131
]]></system-err>
  </testcase>
  <testcase name="verifyFirstNameRequired" classname="com.zenken.freshers.user.Registration" time="2.825">
    <system-err><![CDATA[Nov 21, 2024 1:28:31 PM org.openqa.selenium.devtools.CdpVersionFinder findNearestMatch
WARNING: Unable to find an exact match for CDP version 131, returning the closest version; found: 130; Please update to a Selenium version that supports CDP version 131
]]></system-err>
  </testcase>
  <testcase name="verifyIncorrectPassword1" classname="com.zenken.freshers.user.Registration" time="2.563">
    <system-err><![CDATA[Nov 21, 2024 1:28:38 PM org.openqa.selenium.devtools.CdpVersionFinder findNearestMatch
WARNING: Unable to find an exact match for CDP version 131, returning the closest version; found: 130; Please update to a Selenium version that supports CDP version 131
]]></system-err>
  </testcase>
  <testcase name="verifyIncorrectPassword2" classname="com.zenken.freshers.user.Registration" time="3.066">
    <system-err><![CDATA[Nov 21, 2024 1:28:44 PM org.openqa.selenium.devtools.CdpVersionFinder findNearestMatch
WARNING: Unable to find an exact match for CDP version 131, returning the closest version; found: 130; Please update to a Selenium version that supports CDP version 131
]]></system-err>
  </testcase>
  <testcase name="verifyIncorrectPassword3" classname="com.zenken.freshers.user.Registration" time="2.74">
    <system-err><![CDATA[Nov 21, 2024 1:28:50 PM org.openqa.selenium.devtools.CdpVersionFinder findNearestMatch
WARNING: Unable to find an exact match for CDP version 131, returning the closest version; found: 130; Please update to a Selenium version that supports CDP version 131
]]></system-err>
  </testcase>
  <testcase name="verifyIncorrectPassword4" classname="com.zenken.freshers.user.Registration" time="2.793">
    <system-err><![CDATA[Nov 21, 2024 1:28:56 PM org.openqa.selenium.devtools.CdpVersionFinder findNearestMatch
WARNING: Unable to find an exact match for CDP version 131, returning the closest version; found: 130; Please update to a Selenium version that supports CDP version 131
]]></system-err>
  </testcase>
  <testcase name="verifyInterestRequired" classname="com.zenken.freshers.user.Registration" time="2.747">
    <system-err><![CDATA[Nov 21, 2024 1:29:02 PM org.openqa.selenium.devtools.CdpVersionFinder findNearestMatch
WARNING: Unable to find an exact match for CDP version 131, returning the closest version; found: 130; Please update to a Selenium version that supports CDP version 131
]]></system-err>
  </testcase>
  <testcase name="verifyInvalidEmail" classname="com.zenken.freshers.user.Registration" time="3.084">
    <system-err><![CDATA[Nov 21, 2024 1:29:09 PM org.openqa.selenium.devtools.CdpVersionFinder findNearestMatch
WARNING: Unable to find an exact match for CDP version 131, returning the closest version; found: 130; Please update to a Selenium version that supports CDP version 131
]]></system-err>
  </testcase>
  <testcase name="verifyInvalidUsn" classname="com.zenken.freshers.user.Registration" time="2.445">
    <system-err><![CDATA[Nov 21, 2024 1:29:15 PM org.openqa.selenium.devtools.CdpVersionFinder findNearestMatch
WARNING: Unable to find an exact match for CDP version 131, returning the closest version; found: 130; Please update to a Selenium version that supports CDP version 131
]]></system-err>
  </testcase>
  <testcase name="verifyLastNameRequired" classname="com.zenken.freshers.user.Registration" time="2.51">
    <system-err><![CDATA[Nov 21, 2024 1:29:21 PM org.openqa.selenium.devtools.CdpVersionFinder findNearestMatch
WARNING: Unable to find an exact match for CDP version 131, returning the closest version; found: 130; Please update to a Selenium version that supports CDP version 131
]]></system-err>
  </testcase>
  <testcase name="verifyLogInUrl" classname="com.zenken.freshers.user.Registration" time="0.721">
    <system-err><![CDATA[Nov 21, 2024 1:29:27 PM org.openqa.selenium.devtools.CdpVersionFinder findNearestMatch
WARNING: Unable to find an exact match for CDP version 131, returning the closest version; found: 130; Please update to a Selenium version that supports CDP version 131
]]></system-err>
  </testcase>
  <testcase name="verifyPasswordRequired" classname="com.zenken.freshers.user.Registration" time="2.94">
    <system-err><![CDATA[Nov 21, 2024 1:29:32 PM org.openqa.selenium.devtools.CdpVersionFinder findNearestMatch
WARNING: Unable to find an exact match for CDP version 131, returning the closest version; found: 130; Please update to a Selenium version that supports CDP version 131
]]></system-err>
  </testcase>
  <testcase name="verifyPlaceholders" classname="com.zenken.freshers.user.Registration" time="0.119">
    <system-err><![CDATA[Nov 21, 2024 1:29:40 PM org.openqa.selenium.devtools.CdpVersionFinder findNearestMatch
WARNING: Unable to find an exact match for CDP version 131, returning the closest version; found: 130; Please update to a Selenium version that supports CDP version 131
]]></system-err>
  </testcase>
  <testcase name="verifyPolicy" classname="com.zenken.freshers.user.Registration" time="6.904">
    <system-err><![CDATA[Nov 21, 2024 1:29:44 PM org.openqa.selenium.devtools.CdpVersionFinder findNearestMatch
WARNING: Unable to find an exact match for CDP version 131, returning the closest version; found: 130; Please update to a Selenium version that supports CDP version 131
]]></system-err>
  </testcase>
  <testcase name="verifyRadioSelect" classname="com.zenken.freshers.user.Registration" time="0.051">
    <system-err><![CDATA[Nov 21, 2024 1:29:54 PM org.openqa.selenium.devtools.CdpVersionFinder findNearestMatch
WARNING: Unable to find an exact match for CDP version 131, returning the closest version; found: 130; Please update to a Selenium version that supports CDP version 131
]]></system-err>
  </testcase>
  <testcase name="verifyTermsAgreementRequired" classname="com.zenken.freshers.user.Registration" time="2.793">
    <system-err><![CDATA[Nov 21, 2024 1:29:57 PM org.openqa.selenium.devtools.CdpVersionFinder findNearestMatch
WARNING: Unable to find an exact match for CDP version 131, returning the closest version; found: 130; Please update to a Selenium version that supports CDP version 131
]]></system-err>
  </testcase>
  <testcase name="verifyTermsPDF" classname="com.zenken.freshers.user.Registration" time="0.692">
    <system-err><![CDATA[Nov 21, 2024 1:30:04 PM org.openqa.selenium.devtools.CdpVersionFinder findNearestMatch
WARNING: Unable to find an exact match for CDP version 131, returning the closest version; found: 130; Please update to a Selenium version that supports CDP version 131
]]></system-err>
  </testcase>
  <testcase name="verifyTextBoxDisable" classname="com.zenken.freshers.user.Registration" time="0.236">
    <system-err><![CDATA[Nov 21, 2024 1:30:07 PM org.openqa.selenium.devtools.CdpVersionFinder findNearestMatch
WARNING: Unable to find an exact match for CDP version 131, returning the closest version; found: 130; Please update to a Selenium version that supports CDP version 131
]]></system-err>
  </testcase>
  <testcase name="verifyTexts" classname="com.zenken.freshers.user.Registration" time="0.08">
    <system-err><![CDATA[Nov 21, 2024 1:30:11 PM org.openqa.selenium.devtools.CdpVersionFinder findNearestMatch
WARNING: Unable to find an exact match for CDP version 131, returning the closest version; found: 130; Please update to a Selenium version that supports CDP version 131
]]></system-err>
  </testcase>
  <testcase name="verifyTitle" classname="com.zenken.freshers.user.Registration" time="0.012">
    <system-err><![CDATA[Nov 21, 2024 1:30:15 PM org.openqa.selenium.devtools.CdpVersionFinder findNearestMatch
WARNING: Unable to find an exact match for CDP version 131, returning the closest version; found: 130; Please update to a Selenium version that supports CDP version 131
]]></system-err>
  </testcase>
  <testcase name="verifyUSNRequired" classname="com.zenken.freshers.user.Registration" time="2.387">
    <system-err><![CDATA[Nov 21, 2024 1:30:18 PM org.openqa.selenium.devtools.CdpVersionFinder findNearestMatch
WARNING: Unable to find an exact match for CDP version 131, returning the closest version; found: 130; Please update to a Selenium version that supports CDP version 131
]]></system-err>
  </testcase>
  <testcase name="verifyUsedEmail" classname="com.zenken.freshers.user.Registration" time="2.782">
    <system-err><![CDATA[Nov 21, 2024 1:30:24 PM org.openqa.selenium.devtools.CdpVersionFinder findNearestMatch
WARNING: Unable to find an exact match for CDP version 131, returning the closest version; found: 130; Please update to a Selenium version that supports CDP version 131
]]></system-err>
  </testcase>
  <testcase name="verifyYearRequired" classname="com.zenken.freshers.user.Registration" time="2.534">
    <system-err><![CDATA[Nov 21, 2024 1:30:30 PM org.openqa.selenium.devtools.CdpVersionFinder findNearestMatch
WARNING: Unable to find an exact match for CDP version 131, returning the closest version; found: 130; Please update to a Selenium version that supports CDP version 131
]]></system-err>
  </testcase>
  <testcase name="verifyYearSelect" classname="com.zenken.freshers.user.Registration" time="0.302">
    <system-err><![CDATA[Nov 21, 2024 1:30:36 PM org.openqa.selenium.devtools.CdpVersionFinder findNearestMatch
WARNING: Unable to find an exact match for CDP version 131, returning the closest version; found: 130; Please update to a Selenium version that supports CDP version 131
]]></system-err>
  </testcase>
  <testcase name="verifyUserRegistration" classname="com.zenken.freshers.user.Registration" time="7.569">
    <system-err><![CDATA[Nov 21, 2024 1:30:40 PM org.openqa.selenium.devtools.CdpVersionFinder findNearestMatch
WARNING: Unable to find an exact match for CDP version 131, returning the closest version; found: 130; Please update to a Selenium version that supports CDP version 131
]]></system-err>
  </testcase>
  <testcase name="verifyEmail" classname="com.zenken.freshers.user.Registration" time="2.643"/>
  <testcase name="verifyEmailPageTitle" classname="com.zenken.freshers.user.Registration" time="0.092"/>
  <testcase name="verifyEmailAddress" classname="com.zenken.freshers.user.Registration" time="0.047"/>
  <testcase name="verifyEmailResend" classname="com.zenken.freshers.user.Registration" time="2.379"/>
  <testcase name="verifyEmailVerificationLink" classname="com.zenken.freshers.user.Registration" time="4.77"/>
</testsuite>