<?xml version="1.0" encoding="UTF-8"?>
<testng-results ignored="0" total="18" passed="18" failed="0" skipped="0">
  <reporter-output>
  </reporter-output>
  <suite started-at="2024-11-18T17:21:26 IST" name="Suite" finished-at="2024-11-18T17:26:55 IST" duration-ms="328794">
    <groups>
    </groups>
    <test started-at="2024-11-18T17:21:26 IST" name="Test" finished-at="2024-11-18T17:26:55 IST" duration-ms="328794">
      <class name="com.zenken.freshers.user.Internships">
        <test-method is-config="true" signature="setup(java.lang.reflect.Method)[pri:0, instance:com.zenken.freshers.user.Internships@446a1e84]" started-at="2024-11-18T17:21:26 IST" name="setup" finished-at="2024-11-18T17:21:28 IST" duration-ms="2002" status="PASS">
          <params>
            <param index="0">
              <value>
                <![CDATA[public void com.zenken.freshers.user.Internships.verifyIntNewUrl()]]>
              </value>
            </param>
          </params>
          <reporter-output>
          </reporter-output>
        </test-method> <!-- setup -->
        <test-method is-config="true" signature="setupTest()[pri:0, instance:com.zenken.freshers.user.Internships@446a1e84]" started-at="2024-11-18T17:21:28 IST" name="setupTest" finished-at="2024-11-18T17:22:02 IST" duration-ms="33812" status="PASS">
          <reporter-output>
          </reporter-output>
        </test-method> <!-- setupTest -->
        <test-method signature="verifyIntNewUrl()[pri:1, instance:com.zenken.freshers.user.Internships@446a1e84]" started-at="2024-11-18T17:22:02 IST" name="verifyIntNewUrl" description="This test verifies that user is redirected to Internships (New) page" finished-at="2024-11-18T17:22:03 IST" duration-ms="953" status="PASS">
          <reporter-output>
          </reporter-output>
        </test-method> <!-- verifyIntNewUrl -->
        <test-method is-config="true" signature="tearDown()[pri:0, instance:com.zenken.freshers.user.Internships@446a1e84]" started-at="2024-11-18T17:22:03 IST" name="tearDown" finished-at="2024-11-18T17:22:05 IST" duration-ms="1424" status="PASS">
          <reporter-output>
          </reporter-output>
        </test-method> <!-- tearDown -->
        <test-method is-config="true" signature="setup(java.lang.reflect.Method)[pri:0, instance:com.zenken.freshers.user.Internships@446a1e84]" started-at="2024-11-18T17:22:05 IST" name="setup" finished-at="2024-11-18T17:22:06 IST" duration-ms="1031" status="PASS">
          <params>
            <param index="0">
              <value>
                <![CDATA[public void com.zenken.freshers.user.Internships.verifyInternshipPageTitle()]]>
              </value>
            </param>
          </params>
          <reporter-output>
          </reporter-output>
        </test-method> <!-- setup -->
        <test-method is-config="true" signature="setupTest()[pri:0, instance:com.zenken.freshers.user.Internships@446a1e84]" started-at="2024-11-18T17:22:06 IST" name="setupTest" finished-at="2024-11-18T17:22:14 IST" duration-ms="8855" status="PASS">
          <reporter-output>
          </reporter-output>
        </test-method> <!-- setupTest -->
        <test-method signature="verifyInternshipPageTitle()[pri:2, instance:com.zenken.freshers.user.Internships@446a1e84]" started-at="2024-11-18T17:22:14 IST" name="verifyInternshipPageTitle" description="This test verifies that the Internships page title is correct" finished-at="2024-11-18T17:22:15 IST" duration-ms="998" status="PASS">
          <reporter-output>
          </reporter-output>
        </test-method> <!-- verifyInternshipPageTitle -->
        <test-method is-config="true" signature="tearDown()[pri:0, instance:com.zenken.freshers.user.Internships@446a1e84]" started-at="2024-11-18T17:22:15 IST" name="tearDown" finished-at="2024-11-18T17:22:17 IST" duration-ms="1379" status="PASS">
          <reporter-output>
          </reporter-output>
        </test-method> <!-- tearDown -->
        <test-method is-config="true" signature="setup(java.lang.reflect.Method)[pri:0, instance:com.zenken.freshers.user.Internships@446a1e84]" started-at="2024-11-18T17:22:17 IST" name="setup" finished-at="2024-11-18T17:22:18 IST" duration-ms="955" status="PASS">
          <params>
            <param index="0">
              <value>
                <![CDATA[public void com.zenken.freshers.user.Internships.verifyInternshipPlaceholder()]]>
              </value>
            </param>
          </params>
          <reporter-output>
          </reporter-output>
        </test-method> <!-- setup -->
        <test-method is-config="true" signature="setupTest()[pri:0, instance:com.zenken.freshers.user.Internships@446a1e84]" started-at="2024-11-18T17:22:18 IST" name="setupTest" finished-at="2024-11-18T17:22:26 IST" duration-ms="8233" status="PASS">
          <reporter-output>
          </reporter-output>
        </test-method> <!-- setupTest -->
        <test-method signature="verifyInternshipPlaceholder()[pri:3, instance:com.zenken.freshers.user.Internships@446a1e84]" started-at="2024-11-18T17:22:26 IST" name="verifyInternshipPlaceholder" description="This test verifies that expected placeholder for &#039;Internship Details&#039; is displayed" finished-at="2024-11-18T17:22:27 IST" duration-ms="926" status="PASS">
          <reporter-output>
          </reporter-output>
        </test-method> <!-- verifyInternshipPlaceholder -->
        <test-method is-config="true" signature="tearDown()[pri:0, instance:com.zenken.freshers.user.Internships@446a1e84]" started-at="2024-11-18T17:22:27 IST" name="tearDown" finished-at="2024-11-18T17:22:28 IST" duration-ms="1377" status="PASS">
          <reporter-output>
          </reporter-output>
        </test-method> <!-- tearDown -->
        <test-method is-config="true" signature="setup(java.lang.reflect.Method)[pri:0, instance:com.zenken.freshers.user.Internships@446a1e84]" started-at="2024-11-18T17:22:28 IST" name="setup" finished-at="2024-11-18T17:22:29 IST" duration-ms="965" status="PASS">
          <params>
            <param index="0">
              <value>
                <![CDATA[public void com.zenken.freshers.user.Internships.verifyEndDateDdDisable()]]>
              </value>
            </param>
          </params>
          <reporter-output>
          </reporter-output>
        </test-method> <!-- setup -->
        <test-method is-config="true" signature="setupTest()[pri:0, instance:com.zenken.freshers.user.Internships@446a1e84]" started-at="2024-11-18T17:22:29 IST" name="setupTest" finished-at="2024-11-18T17:22:38 IST" duration-ms="8467" status="PASS">
          <reporter-output>
          </reporter-output>
        </test-method> <!-- setupTest -->
        <test-method signature="verifyEndDateDdDisable()[pri:4, instance:com.zenken.freshers.user.Internships@446a1e84]" started-at="2024-11-18T17:22:38 IST" name="verifyEndDateDdDisable" description="This test verifies that end date dropdowns turn inactive after selecting the checkbox" finished-at="2024-11-18T17:22:39 IST" duration-ms="1053" status="PASS">
          <reporter-output>
          </reporter-output>
        </test-method> <!-- verifyEndDateDdDisable -->
        <test-method is-config="true" signature="tearDown()[pri:0, instance:com.zenken.freshers.user.Internships@446a1e84]" started-at="2024-11-18T17:22:39 IST" name="tearDown" finished-at="2024-11-18T17:22:40 IST" duration-ms="1330" status="PASS">
          <reporter-output>
          </reporter-output>
        </test-method> <!-- tearDown -->
        <test-method is-config="true" signature="setup(java.lang.reflect.Method)[pri:0, instance:com.zenken.freshers.user.Internships@446a1e84]" started-at="2024-11-18T17:22:40 IST" name="setup" finished-at="2024-11-18T17:22:41 IST" duration-ms="942" status="PASS">
          <params>
            <param index="0">
              <value>
                <![CDATA[public void com.zenken.freshers.user.Internships.verifyInternshipAddition()]]>
              </value>
            </param>
          </params>
          <reporter-output>
          </reporter-output>
        </test-method> <!-- setup -->
        <test-method is-config="true" signature="setupTest()[pri:0, instance:com.zenken.freshers.user.Internships@446a1e84]" started-at="2024-11-18T17:22:41 IST" name="setupTest" finished-at="2024-11-18T17:22:50 IST" duration-ms="8789" status="PASS">
          <reporter-output>
          </reporter-output>
        </test-method> <!-- setupTest -->
        <test-method signature="verifyInternshipAddition()[pri:5, instance:com.zenken.freshers.user.Internships@446a1e84]" started-at="2024-11-18T17:22:50 IST" name="verifyInternshipAddition" description="This test verifies that an internship is added successfully with required to save fields" finished-at="2024-11-18T17:22:54 IST" duration-ms="4149" status="PASS">
          <reporter-output>
          </reporter-output>
        </test-method> <!-- verifyInternshipAddition -->
        <test-method is-config="true" signature="tearDown()[pri:0, instance:com.zenken.freshers.user.Internships@446a1e84]" started-at="2024-11-18T17:22:54 IST" name="tearDown" finished-at="2024-11-18T17:22:55 IST" duration-ms="1439" status="PASS">
          <reporter-output>
          </reporter-output>
        </test-method> <!-- tearDown -->
        <test-method is-config="true" signature="setup(java.lang.reflect.Method)[pri:0, instance:com.zenken.freshers.user.Internships@446a1e84]" started-at="2024-11-18T17:22:55 IST" name="setup" finished-at="2024-11-18T17:22:56 IST" duration-ms="968" status="PASS">
          <params>
            <param index="0">
              <value>
                <![CDATA[public void com.zenken.freshers.user.Internships.verifyIntAdditionWithDetails()]]>
              </value>
            </param>
          </params>
          <reporter-output>
          </reporter-output>
        </test-method> <!-- setup -->
        <test-method is-config="true" signature="setupTest()[pri:0, instance:com.zenken.freshers.user.Internships@446a1e84]" started-at="2024-11-18T17:22:56 IST" name="setupTest" finished-at="2024-11-18T17:23:05 IST" duration-ms="8746" status="PASS">
          <reporter-output>
          </reporter-output>
        </test-method> <!-- setupTest -->
        <test-method signature="verifyIntAdditionWithDetails()[pri:6, instance:com.zenken.freshers.user.Internships@446a1e84]" started-at="2024-11-18T17:23:05 IST" name="verifyIntAdditionWithDetails" description="This test verifies that an internship is added successfully with required to save fields along with internship details" finished-at="2024-11-18T17:23:10 IST" duration-ms="4584" status="PASS">
          <reporter-output>
          </reporter-output>
        </test-method> <!-- verifyIntAdditionWithDetails -->
        <test-method is-config="true" signature="tearDown()[pri:0, instance:com.zenken.freshers.user.Internships@446a1e84]" started-at="2024-11-18T17:23:10 IST" name="tearDown" finished-at="2024-11-18T17:23:11 IST" duration-ms="1390" status="PASS">
          <reporter-output>
          </reporter-output>
        </test-method> <!-- tearDown -->
        <test-method is-config="true" signature="setup(java.lang.reflect.Method)[pri:0, instance:com.zenken.freshers.user.Internships@446a1e84]" started-at="2024-11-18T17:23:11 IST" name="setup" finished-at="2024-11-18T17:23:12 IST" duration-ms="994" status="PASS">
          <params>
            <param index="0">
              <value>
                <![CDATA[public void com.zenken.freshers.user.Internships.verifyIntEditUrl()]]>
              </value>
            </param>
          </params>
          <reporter-output>
          </reporter-output>
        </test-method> <!-- setup -->
        <test-method is-config="true" signature="setupTest()[pri:0, instance:com.zenken.freshers.user.Internships@446a1e84]" started-at="2024-11-18T17:23:12 IST" name="setupTest" finished-at="2024-11-18T17:23:20 IST" duration-ms="8140" status="PASS">
          <reporter-output>
          </reporter-output>
        </test-method> <!-- setupTest -->
        <test-method signature="verifyIntEditUrl()[pri:7, instance:com.zenken.freshers.user.Internships@446a1e84]" started-at="2024-11-18T17:23:20 IST" name="verifyIntEditUrl" description="This test verifies that user is redirected to Internships (Edit) page" finished-at="2024-11-18T17:23:21 IST" duration-ms="997" status="PASS">
          <reporter-output>
          </reporter-output>
        </test-method> <!-- verifyIntEditUrl -->
        <test-method is-config="true" signature="tearDown()[pri:0, instance:com.zenken.freshers.user.Internships@446a1e84]" started-at="2024-11-18T17:23:21 IST" name="tearDown" finished-at="2024-11-18T17:23:23 IST" duration-ms="1335" status="PASS">
          <reporter-output>
          </reporter-output>
        </test-method> <!-- tearDown -->
        <test-method is-config="true" signature="setup(java.lang.reflect.Method)[pri:0, instance:com.zenken.freshers.user.Internships@446a1e84]" started-at="2024-11-18T17:23:23 IST" name="setup" finished-at="2024-11-18T17:23:23 IST" duration-ms="874" status="PASS">
          <params>
            <param index="0">
              <value>
                <![CDATA[public void com.zenken.freshers.user.Internships.verifyIntSavedData()]]>
              </value>
            </param>
          </params>
          <reporter-output>
          </reporter-output>
        </test-method> <!-- setup -->
        <test-method is-config="true" signature="setupTest()[pri:0, instance:com.zenken.freshers.user.Internships@446a1e84]" started-at="2024-11-18T17:23:23 IST" name="setupTest" finished-at="2024-11-18T17:23:32 IST" duration-ms="8493" status="PASS">
          <reporter-output>
          </reporter-output>
        </test-method> <!-- setupTest -->
        <test-method signature="verifyIntSavedData()[pri:8, instance:com.zenken.freshers.user.Internships@446a1e84]" started-at="2024-11-18T17:23:32 IST" name="verifyIntSavedData" description="This test verifies that information saved for internship is correct" finished-at="2024-11-18T17:23:34 IST" duration-ms="1633" status="PASS">
          <reporter-output>
          </reporter-output>
        </test-method> <!-- verifyIntSavedData -->
        <test-method is-config="true" signature="tearDown()[pri:0, instance:com.zenken.freshers.user.Internships@446a1e84]" started-at="2024-11-18T17:23:34 IST" name="tearDown" finished-at="2024-11-18T17:23:35 IST" duration-ms="1381" status="PASS">
          <reporter-output>
          </reporter-output>
        </test-method> <!-- tearDown -->
        <test-method is-config="true" signature="setup(java.lang.reflect.Method)[pri:0, instance:com.zenken.freshers.user.Internships@446a1e84]" started-at="2024-11-18T17:23:35 IST" name="setup" finished-at="2024-11-18T17:23:36 IST" duration-ms="1116" status="PASS">
          <params>
            <param index="0">
              <value>
                <![CDATA[public void com.zenken.freshers.user.Internships.verifyIntCharCount()]]>
              </value>
            </param>
          </params>
          <reporter-output>
          </reporter-output>
        </test-method> <!-- setup -->
        <test-method is-config="true" signature="setupTest()[pri:0, instance:com.zenken.freshers.user.Internships@446a1e84]" started-at="2024-11-18T17:23:36 IST" name="setupTest" finished-at="2024-11-18T17:23:44 IST" duration-ms="8007" status="PASS">
          <reporter-output>
          </reporter-output>
        </test-method> <!-- setupTest -->
        <test-method signature="verifyIntCharCount()[pri:9, instance:com.zenken.freshers.user.Internships@446a1e84]" started-at="2024-11-18T17:23:44 IST" name="verifyIntCharCount" description="This test verifies that character count for &#039;Internship Details&#039; field is updated dynamically" finished-at="2024-11-18T17:24:21 IST" duration-ms="36577" status="PASS">
          <reporter-output>
          </reporter-output>
        </test-method> <!-- verifyIntCharCount -->
        <test-method is-config="true" signature="tearDown()[pri:0, instance:com.zenken.freshers.user.Internships@446a1e84]" started-at="2024-11-18T17:24:21 IST" name="tearDown" finished-at="2024-11-18T17:24:22 IST" duration-ms="1354" status="PASS">
          <reporter-output>
          </reporter-output>
        </test-method> <!-- tearDown -->
        <test-method is-config="true" signature="setup(java.lang.reflect.Method)[pri:0, instance:com.zenken.freshers.user.Internships@446a1e84]" started-at="2024-11-18T17:24:22 IST" name="setup" finished-at="2024-11-18T17:24:23 IST" duration-ms="839" status="PASS">
          <params>
            <param index="0">
              <value>
                <![CDATA[public void com.zenken.freshers.user.Internships.verifyTenIntExceed()]]>
              </value>
            </param>
          </params>
          <reporter-output>
          </reporter-output>
        </test-method> <!-- setup -->
        <test-method is-config="true" signature="setupTest()[pri:0, instance:com.zenken.freshers.user.Internships@446a1e84]" started-at="2024-11-18T17:24:23 IST" name="setupTest" finished-at="2024-11-18T17:24:32 IST" duration-ms="8897" status="PASS">
          <reporter-output>
          </reporter-output>
        </test-method> <!-- setupTest -->
        <test-method signature="verifyTenIntExceed()[pri:10, instance:com.zenken.freshers.user.Internships@446a1e84]" started-at="2024-11-18T17:24:32 IST" name="verifyTenIntExceed" description="This test verifies that &#039;Add Internship&#039; button turns inactive after adding ten internships" finished-at="2024-11-18T17:24:59 IST" duration-ms="27376" status="PASS">
          <reporter-output>
          </reporter-output>
        </test-method> <!-- verifyTenIntExceed -->
        <test-method is-config="true" signature="tearDown()[pri:0, instance:com.zenken.freshers.user.Internships@446a1e84]" started-at="2024-11-18T17:24:59 IST" name="tearDown" finished-at="2024-11-18T17:25:00 IST" duration-ms="1353" status="PASS">
          <reporter-output>
          </reporter-output>
        </test-method> <!-- tearDown -->
        <test-method is-config="true" signature="setup(java.lang.reflect.Method)[pri:0, instance:com.zenken.freshers.user.Internships@446a1e84]" started-at="2024-11-18T17:25:00 IST" name="setup" finished-at="2024-11-18T17:25:01 IST" duration-ms="1020" status="PASS">
          <params>
            <param index="0">
              <value>
                <![CDATA[public void com.zenken.freshers.user.Internships.verifyIntDeletePopUp()]]>
              </value>
            </param>
          </params>
          <reporter-output>
          </reporter-output>
        </test-method> <!-- setup -->
        <test-method is-config="true" signature="setupTest()[pri:0, instance:com.zenken.freshers.user.Internships@446a1e84]" started-at="2024-11-18T17:25:01 IST" name="setupTest" finished-at="2024-11-18T17:25:10 IST" duration-ms="8432" status="PASS">
          <reporter-output>
          </reporter-output>
        </test-method> <!-- setupTest -->
        <test-method signature="verifyIntDeletePopUp()[pri:11, instance:com.zenken.freshers.user.Internships@446a1e84]" started-at="2024-11-18T17:25:10 IST" name="verifyIntDeletePopUp" description="This test verifies that confirmation popup is displayed while deleting the internship" finished-at="2024-11-18T17:25:11 IST" duration-ms="994" status="PASS">
          <reporter-output>
          </reporter-output>
        </test-method> <!-- verifyIntDeletePopUp -->
        <test-method is-config="true" signature="tearDown()[pri:0, instance:com.zenken.freshers.user.Internships@446a1e84]" started-at="2024-11-18T17:25:11 IST" name="tearDown" finished-at="2024-11-18T17:25:12 IST" duration-ms="1396" status="PASS">
          <reporter-output>
          </reporter-output>
        </test-method> <!-- tearDown -->
        <test-method is-config="true" signature="setup(java.lang.reflect.Method)[pri:0, instance:com.zenken.freshers.user.Internships@446a1e84]" started-at="2024-11-18T17:25:12 IST" name="setup" finished-at="2024-11-18T17:25:13 IST" duration-ms="884" status="PASS">
          <params>
            <param index="0">
              <value>
                <![CDATA[public void com.zenken.freshers.user.Internships.verifyIntDelete()]]>
              </value>
            </param>
          </params>
          <reporter-output>
          </reporter-output>
        </test-method> <!-- setup -->
        <test-method is-config="true" signature="setupTest()[pri:0, instance:com.zenken.freshers.user.Internships@446a1e84]" started-at="2024-11-18T17:25:13 IST" name="setupTest" finished-at="2024-11-18T17:25:22 IST" duration-ms="8692" status="PASS">
          <reporter-output>
          </reporter-output>
        </test-method> <!-- setupTest -->
        <test-method signature="verifyIntDelete()[pri:12, instance:com.zenken.freshers.user.Internships@446a1e84]" started-at="2024-11-18T17:25:22 IST" name="verifyIntDelete" description="This test verifies that internship can be deleted" finished-at="2024-11-18T17:25:25 IST" duration-ms="3301" status="PASS">
          <reporter-output>
          </reporter-output>
        </test-method> <!-- verifyIntDelete -->
        <test-method is-config="true" signature="tearDown()[pri:0, instance:com.zenken.freshers.user.Internships@446a1e84]" started-at="2024-11-18T17:25:25 IST" name="tearDown" finished-at="2024-11-18T17:25:27 IST" duration-ms="1445" status="PASS">
          <reporter-output>
          </reporter-output>
        </test-method> <!-- tearDown -->
        <test-method is-config="true" signature="setup(java.lang.reflect.Method)[pri:0, instance:com.zenken.freshers.user.Internships@446a1e84]" started-at="2024-11-18T17:25:27 IST" name="setup" finished-at="2024-11-18T17:25:28 IST" duration-ms="904" status="PASS">
          <params>
            <param index="0">
              <value>
                <![CDATA[public void com.zenken.freshers.user.Internships.verifyIntDetailsCharExceed()]]>
              </value>
            </param>
          </params>
          <reporter-output>
          </reporter-output>
        </test-method> <!-- setup -->
        <test-method is-config="true" signature="setupTest()[pri:0, instance:com.zenken.freshers.user.Internships@446a1e84]" started-at="2024-11-18T17:25:28 IST" name="setupTest" finished-at="2024-11-18T17:25:36 IST" duration-ms="8729" status="PASS">
          <reporter-output>
          </reporter-output>
        </test-method> <!-- setupTest -->
        <test-method signature="verifyIntDetailsCharExceed()[pri:13, instance:com.zenken.freshers.user.Internships@446a1e84]" started-at="2024-11-18T17:25:36 IST" name="verifyIntDetailsCharExceed" description="This test verifies that validation error occurs for maximum characters occurs: Internship Details" finished-at="2024-11-18T17:25:47 IST" duration-ms="10948" status="PASS">
          <reporter-output>
          </reporter-output>
        </test-method> <!-- verifyIntDetailsCharExceed -->
        <test-method is-config="true" signature="tearDown()[pri:0, instance:com.zenken.freshers.user.Internships@446a1e84]" started-at="2024-11-18T17:25:47 IST" name="tearDown" finished-at="2024-11-18T17:25:49 IST" duration-ms="1388" status="PASS">
          <reporter-output>
          </reporter-output>
        </test-method> <!-- tearDown -->
        <test-method is-config="true" signature="setup(java.lang.reflect.Method)[pri:0, instance:com.zenken.freshers.user.Internships@446a1e84]" started-at="2024-11-18T17:25:49 IST" name="setup" finished-at="2024-11-18T17:25:50 IST" duration-ms="903" status="PASS">
          <params>
            <param index="0">
              <value>
                <![CDATA[public void com.zenken.freshers.user.Internships.verifyEndDateMismatch()]]>
              </value>
            </param>
          </params>
          <reporter-output>
          </reporter-output>
        </test-method> <!-- setup -->
        <test-method is-config="true" signature="setupTest()[pri:0, instance:com.zenken.freshers.user.Internships@446a1e84]" started-at="2024-11-18T17:25:50 IST" name="setupTest" finished-at="2024-11-18T17:25:58 IST" duration-ms="8569" status="PASS">
          <reporter-output>
          </reporter-output>
        </test-method> <!-- setupTest -->
        <test-method signature="verifyEndDateMismatch()[pri:14, instance:com.zenken.freshers.user.Internships@446a1e84]" started-at="2024-11-18T17:25:58 IST" name="verifyEndDateMismatch" description="This test verifies that validation error occurs when end date selected is before the start date" finished-at="2024-11-18T17:26:01 IST" duration-ms="3301" status="PASS">
          <reporter-output>
          </reporter-output>
        </test-method> <!-- verifyEndDateMismatch -->
        <test-method is-config="true" signature="tearDown()[pri:0, instance:com.zenken.freshers.user.Internships@446a1e84]" started-at="2024-11-18T17:26:01 IST" name="tearDown" finished-at="2024-11-18T17:26:03 IST" duration-ms="1421" status="PASS">
          <reporter-output>
          </reporter-output>
        </test-method> <!-- tearDown -->
        <test-method is-config="true" signature="setup(java.lang.reflect.Method)[pri:0, instance:com.zenken.freshers.user.Internships@446a1e84]" started-at="2024-11-18T17:26:03 IST" name="setup" finished-at="2024-11-18T17:26:04 IST" duration-ms="883" status="PASS">
          <params>
            <param index="0">
              <value>
                <![CDATA[public void com.zenken.freshers.user.Internships.verifyStartMonthRequired()]]>
              </value>
            </param>
          </params>
          <reporter-output>
          </reporter-output>
        </test-method> <!-- setup -->
        <test-method is-config="true" signature="setupTest()[pri:0, instance:com.zenken.freshers.user.Internships@446a1e84]" started-at="2024-11-18T17:26:04 IST" name="setupTest" finished-at="2024-11-18T17:26:12 IST" duration-ms="8169" status="PASS">
          <reporter-output>
          </reporter-output>
        </test-method> <!-- setupTest -->
        <test-method signature="verifyStartMonthRequired()[pri:15, instance:com.zenken.freshers.user.Internships@446a1e84]" started-at="2024-11-18T17:26:12 IST" name="verifyStartMonthRequired" description="This test verifies that validation error occurs when start month is not selected" finished-at="2024-11-18T17:26:15 IST" duration-ms="3109" status="PASS">
          <reporter-output>
          </reporter-output>
        </test-method> <!-- verifyStartMonthRequired -->
        <test-method is-config="true" signature="tearDown()[pri:0, instance:com.zenken.freshers.user.Internships@446a1e84]" started-at="2024-11-18T17:26:15 IST" name="tearDown" finished-at="2024-11-18T17:26:16 IST" duration-ms="1385" status="PASS">
          <reporter-output>
          </reporter-output>
        </test-method> <!-- tearDown -->
        <test-method is-config="true" signature="setup(java.lang.reflect.Method)[pri:0, instance:com.zenken.freshers.user.Internships@446a1e84]" started-at="2024-11-18T17:26:16 IST" name="setup" finished-at="2024-11-18T17:26:17 IST" duration-ms="951" status="PASS">
          <params>
            <param index="0">
              <value>
                <![CDATA[public void com.zenken.freshers.user.Internships.verifyStartYearRequired()]]>
              </value>
            </param>
          </params>
          <reporter-output>
          </reporter-output>
        </test-method> <!-- setup -->
        <test-method is-config="true" signature="setupTest()[pri:0, instance:com.zenken.freshers.user.Internships@446a1e84]" started-at="2024-11-18T17:26:17 IST" name="setupTest" finished-at="2024-11-18T17:26:23 IST" duration-ms="6141" status="PASS">
          <reporter-output>
          </reporter-output>
        </test-method> <!-- setupTest -->
        <test-method signature="verifyStartYearRequired()[pri:16, instance:com.zenken.freshers.user.Internships@446a1e84]" started-at="2024-11-18T17:26:23 IST" name="verifyStartYearRequired" description="This test verifies that validation error occurs when start year is not selected" finished-at="2024-11-18T17:26:26 IST" duration-ms="2663" status="PASS">
          <reporter-output>
          </reporter-output>
        </test-method> <!-- verifyStartYearRequired -->
        <test-method is-config="true" signature="tearDown()[pri:0, instance:com.zenken.freshers.user.Internships@446a1e84]" started-at="2024-11-18T17:26:26 IST" name="tearDown" finished-at="2024-11-18T17:26:28 IST" duration-ms="1432" status="PASS">
          <reporter-output>
          </reporter-output>
        </test-method> <!-- tearDown -->
        <test-method is-config="true" signature="setup(java.lang.reflect.Method)[pri:0, instance:com.zenken.freshers.user.Internships@446a1e84]" started-at="2024-11-18T17:26:28 IST" name="setup" finished-at="2024-11-18T17:26:28 IST" duration-ms="884" status="PASS">
          <params>
            <param index="0">
              <value>
                <![CDATA[public void com.zenken.freshers.user.Internships.verifyEndMonthRequired()]]>
              </value>
            </param>
          </params>
          <reporter-output>
          </reporter-output>
        </test-method> <!-- setup -->
        <test-method is-config="true" signature="setupTest()[pri:0, instance:com.zenken.freshers.user.Internships@446a1e84]" started-at="2024-11-18T17:26:28 IST" name="setupTest" finished-at="2024-11-18T17:26:37 IST" duration-ms="8570" status="PASS">
          <reporter-output>
          </reporter-output>
        </test-method> <!-- setupTest -->
        <test-method signature="verifyEndMonthRequired()[pri:17, instance:com.zenken.freshers.user.Internships@446a1e84]" started-at="2024-11-18T17:26:37 IST" name="verifyEndMonthRequired" description="This test verifies that validation error occurs when end month is not selected" finished-at="2024-11-18T17:26:40 IST" duration-ms="2903" status="PASS">
          <reporter-output>
          </reporter-output>
        </test-method> <!-- verifyEndMonthRequired -->
        <test-method is-config="true" signature="tearDown()[pri:0, instance:com.zenken.freshers.user.Internships@446a1e84]" started-at="2024-11-18T17:26:40 IST" name="tearDown" finished-at="2024-11-18T17:26:41 IST" duration-ms="1393" status="PASS">
          <reporter-output>
          </reporter-output>
        </test-method> <!-- tearDown -->
        <test-method is-config="true" signature="setup(java.lang.reflect.Method)[pri:0, instance:com.zenken.freshers.user.Internships@446a1e84]" started-at="2024-11-18T17:26:41 IST" name="setup" finished-at="2024-11-18T17:26:42 IST" duration-ms="904" status="PASS">
          <params>
            <param index="0">
              <value>
                <![CDATA[public void com.zenken.freshers.user.Internships.verifyEndYearRequired()]]>
              </value>
            </param>
          </params>
          <reporter-output>
          </reporter-output>
        </test-method> <!-- setup -->
        <test-method is-config="true" signature="setupTest()[pri:0, instance:com.zenken.freshers.user.Internships@446a1e84]" started-at="2024-11-18T17:26:42 IST" name="setupTest" finished-at="2024-11-18T17:26:51 IST" duration-ms="8426" status="PASS">
          <reporter-output>
          </reporter-output>
        </test-method> <!-- setupTest -->
        <test-method signature="verifyEndYearRequired()[pri:18, instance:com.zenken.freshers.user.Internships@446a1e84]" started-at="2024-11-18T17:26:51 IST" name="verifyEndYearRequired" description="This test verifies that validation error occurs when end year is not selected" finished-at="2024-11-18T17:26:54 IST" duration-ms="2969" status="PASS">
          <reporter-output>
          </reporter-output>
        </test-method> <!-- verifyEndYearRequired -->
        <test-method is-config="true" signature="tearDown()[pri:0, instance:com.zenken.freshers.user.Internships@446a1e84]" started-at="2024-11-18T17:26:54 IST" name="tearDown" finished-at="2024-11-18T17:26:55 IST" duration-ms="1402" status="PASS">
          <reporter-output>
          </reporter-output>
        </test-method> <!-- tearDown -->
      </class> <!-- com.zenken.freshers.user.Internships -->
    </test> <!-- Test -->
  </suite> <!-- Suite -->
</testng-results>
