<?xml version="1.0" encoding="UTF-8"?>
<testng-results ignored="0" total="5" passed="5" failed="0" skipped="0">
  <reporter-output>
  </reporter-output>
  <suite started-at="2024-11-14T16:20:14 IST" name="Suite" finished-at="2024-11-14T16:21:19 IST" duration-ms="65410">
    <groups>
    </groups>
    <test started-at="2024-11-14T16:20:14 IST" name="Test" finished-at="2024-11-14T16:21:19 IST" duration-ms="65410">
      <class name="com.zenken.freshers.user.Settings">
        <test-method is-config="true" signature="setup(java.lang.reflect.Method)[pri:0, instance:com.zenken.freshers.user.Settings@624ea235]" started-at="2024-11-14T16:20:14 IST" name="setup" finished-at="2024-11-14T16:20:15 IST" duration-ms="1594" status="PASS">
          <params>
            <param index="0">
              <value>
                <![CDATA[public void com.zenken.freshers.user.Settings.verifySetDesTexts()]]>
              </value>
            </param>
          </params>
          <reporter-output>
          </reporter-output>
        </test-method> <!-- setup -->
        <test-method is-config="true" signature="setUpTest()[pri:0, instance:com.zenken.freshers.user.Settings@624ea235]" started-at="2024-11-14T16:20:15 IST" name="setUpTest" finished-at="2024-11-14T16:20:25 IST" duration-ms="9344" status="PASS">
          <reporter-output>
          </reporter-output>
        </test-method> <!-- setUpTest -->
        <test-method signature="verifySetDesTexts()[pri:0, instance:com.zenken.freshers.user.Settings@624ea235]" started-at="2024-11-14T16:20:25 IST" name="verifySetDesTexts" description="This test verifies that the texts describing &#039;Yaaay Midcareer&#039; and &#039;Zenken Newsletter&#039; are correct" finished-at="2024-11-14T16:20:26 IST" duration-ms="967" status="PASS">
          <reporter-output>
          </reporter-output>
        </test-method> <!-- verifySetDesTexts -->
        <test-method is-config="true" signature="tearDown()[pri:0, instance:com.zenken.freshers.user.Settings@624ea235]" started-at="2024-11-14T16:20:26 IST" name="tearDown" finished-at="2024-11-14T16:20:26 IST" duration-ms="269" status="PASS">
          <reporter-output>
          </reporter-output>
        </test-method> <!-- tearDown -->
        <test-method is-config="true" signature="setup(java.lang.reflect.Method)[pri:0, instance:com.zenken.freshers.user.Settings@624ea235]" started-at="2024-11-14T16:20:26 IST" name="setup" finished-at="2024-11-14T16:20:27 IST" duration-ms="962" status="PASS">
          <params>
            <param index="0">
              <value>
                <![CDATA[public void com.zenken.freshers.user.Settings.verifySetNotSelected()]]>
              </value>
            </param>
          </params>
          <reporter-output>
          </reporter-output>
        </test-method> <!-- setup -->
        <test-method is-config="true" signature="setUpTest()[pri:0, instance:com.zenken.freshers.user.Settings@624ea235]" started-at="2024-11-14T16:20:27 IST" name="setUpTest" finished-at="2024-11-14T16:20:35 IST" duration-ms="7862" status="PASS">
          <reporter-output>
          </reporter-output>
        </test-method> <!-- setUpTest -->
        <test-method signature="verifySetNotSelected()[pri:0, instance:com.zenken.freshers.user.Settings@624ea235]" started-at="2024-11-14T16:20:35 IST" name="verifySetNotSelected" description="This test verifies that appropriate texts are displayed on preview page when checkboxes for &#039;Yaaay Midcareer&#039; and &#039;Zenken Newsletter&#039; are NOT selected" finished-at="2024-11-14T16:20:40 IST" duration-ms="4900" status="PASS">
          <reporter-output>
          </reporter-output>
        </test-method> <!-- verifySetNotSelected -->
        <test-method is-config="true" signature="tearDown()[pri:0, instance:com.zenken.freshers.user.Settings@624ea235]" started-at="2024-11-14T16:20:40 IST" name="tearDown" finished-at="2024-11-14T16:20:40 IST" duration-ms="239" status="PASS">
          <reporter-output>
          </reporter-output>
        </test-method> <!-- tearDown -->
        <test-method is-config="true" signature="setup(java.lang.reflect.Method)[pri:0, instance:com.zenken.freshers.user.Settings@624ea235]" started-at="2024-11-14T16:20:40 IST" name="setup" finished-at="2024-11-14T16:20:41 IST" duration-ms="891" status="PASS">
          <params>
            <param index="0">
              <value>
                <![CDATA[public void com.zenken.freshers.user.Settings.verifySetSelected()]]>
              </value>
            </param>
          </params>
          <reporter-output>
          </reporter-output>
        </test-method> <!-- setup -->
        <test-method is-config="true" signature="setUpTest()[pri:0, instance:com.zenken.freshers.user.Settings@624ea235]" started-at="2024-11-14T16:20:41 IST" name="setUpTest" finished-at="2024-11-14T16:20:52 IST" duration-ms="10679" status="PASS">
          <reporter-output>
          </reporter-output>
        </test-method> <!-- setUpTest -->
        <test-method signature="verifySetSelected()[pri:0, instance:com.zenken.freshers.user.Settings@624ea235]" started-at="2024-11-14T16:20:52 IST" name="verifySetSelected" description="This test verifies that appropriate texts are displayed on preview page when checkboxes for &#039;Yaaay Midcareer&#039; and &#039;Zenken Newsletter&#039; are selected" finished-at="2024-11-14T16:20:56 IST" duration-ms="4048" status="PASS">
          <reporter-output>
          </reporter-output>
        </test-method> <!-- verifySetSelected -->
        <test-method is-config="true" signature="tearDown()[pri:0, instance:com.zenken.freshers.user.Settings@624ea235]" started-at="2024-11-14T16:20:56 IST" name="tearDown" finished-at="2024-11-14T16:20:56 IST" duration-ms="235" status="PASS">
          <reporter-output>
          </reporter-output>
        </test-method> <!-- tearDown -->
        <test-method is-config="true" signature="setup(java.lang.reflect.Method)[pri:0, instance:com.zenken.freshers.user.Settings@624ea235]" started-at="2024-11-14T16:20:56 IST" name="setup" finished-at="2024-11-14T16:20:57 IST" duration-ms="934" status="PASS">
          <params>
            <param index="0">
              <value>
                <![CDATA[public void com.zenken.freshers.user.Settings.verifySettingsTitle()]]>
              </value>
            </param>
          </params>
          <reporter-output>
          </reporter-output>
        </test-method> <!-- setup -->
        <test-method is-config="true" signature="setUpTest()[pri:0, instance:com.zenken.freshers.user.Settings@624ea235]" started-at="2024-11-14T16:20:57 IST" name="setUpTest" finished-at="2024-11-14T16:21:07 IST" duration-ms="9690" status="PASS">
          <reporter-output>
          </reporter-output>
        </test-method> <!-- setUpTest -->
        <test-method signature="verifySettingsTitle()[pri:0, instance:com.zenken.freshers.user.Settings@624ea235]" started-at="2024-11-14T16:21:07 IST" name="verifySettingsTitle" description="This test verifies that Settings page title is correct" finished-at="2024-11-14T16:21:07 IST" duration-ms="783" status="PASS">
          <reporter-output>
          </reporter-output>
        </test-method> <!-- verifySettingsTitle -->
        <test-method is-config="true" signature="tearDown()[pri:0, instance:com.zenken.freshers.user.Settings@624ea235]" started-at="2024-11-14T16:21:07 IST" name="tearDown" finished-at="2024-11-14T16:21:08 IST" duration-ms="266" status="PASS">
          <reporter-output>
          </reporter-output>
        </test-method> <!-- tearDown -->
        <test-method is-config="true" signature="setup(java.lang.reflect.Method)[pri:0, instance:com.zenken.freshers.user.Settings@624ea235]" started-at="2024-11-14T16:21:08 IST" name="setup" finished-at="2024-11-14T16:21:09 IST" duration-ms="932" status="PASS">
          <params>
            <param index="0">
              <value>
                <![CDATA[public void com.zenken.freshers.user.Settings.verifySettingsUrl() throws java.lang.InterruptedException]]>
              </value>
            </param>
          </params>
          <reporter-output>
          </reporter-output>
        </test-method> <!-- setup -->
        <test-method is-config="true" signature="setUpTest()[pri:0, instance:com.zenken.freshers.user.Settings@624ea235]" started-at="2024-11-14T16:21:09 IST" name="setUpTest" finished-at="2024-11-14T16:21:18 IST" duration-ms="9591" status="PASS">
          <reporter-output>
          </reporter-output>
        </test-method> <!-- setUpTest -->
        <test-method signature="verifySettingsUrl()[pri:0, instance:com.zenken.freshers.user.Settings@624ea235]" started-at="2024-11-14T16:21:18 IST" name="verifySettingsUrl" description="This test verifies that user is redirected to &#039;Settings&#039; edit page" finished-at="2024-11-14T16:21:19 IST" duration-ms="900" status="PASS">
          <reporter-output>
          </reporter-output>
        </test-method> <!-- verifySettingsUrl -->
        <test-method is-config="true" signature="tearDown()[pri:0, instance:com.zenken.freshers.user.Settings@624ea235]" started-at="2024-11-14T16:21:19 IST" name="tearDown" finished-at="2024-11-14T16:21:19 IST" duration-ms="238" status="PASS">
          <reporter-output>
          </reporter-output>
        </test-method> <!-- tearDown -->
      </class> <!-- com.zenken.freshers.user.Settings -->
    </test> <!-- Test -->
  </suite> <!-- Suite -->
</testng-results>
