<?xml version="1.0" encoding="UTF-8"?>
<testng-results retried="2" ignored="2" total="5" passed="0" failed="1" skipped="0">
  <reporter-output>
  </reporter-output>
  <suite started-at="2025-01-31T17:24:41 IST" name="Suite" finished-at="2025-01-31T17:25:10 IST" duration-ms="28931">
    <groups>
    </groups>
    <test started-at="2025-01-31T17:24:41 IST" name="Test" finished-at="2025-01-31T17:25:10 IST" duration-ms="28931">
      <class name="com.zenken.freshers.company.CompanyLogin">
        <test-method is-config="true" signature="generateComUser()[pri:0, instance:com.zenken.freshers.company.CompanyLogin@3b35a229]" started-at="2025-01-31T17:24:41 IST" name="generateComUser" finished-at="2025-01-31T17:24:41 IST" duration-ms="7" status="PASS">
          <reporter-output>
          </reporter-output>
        </test-method> <!-- generateComUser -->
        <test-method is-config="true" signature="setup(java.lang.reflect.Method)[pri:0, instance:com.zenken.freshers.company.CompanyLogin@3b35a229]" started-at="2025-01-31T17:24:41 IST" name="setup" finished-at="2025-01-31T17:24:43 IST" duration-ms="1608" status="PASS">
          <params>
            <param index="0">
              <value>
                <![CDATA[public void com.zenken.freshers.company.CompanyLogin.verifyComBlankEmail()]]>
              </value>
            </param>
          </params>
          <reporter-output>
          </reporter-output>
        </test-method> <!-- setup -->
        <test-method is-config="true" signature="setupCLogin(org.testng.ITestResult)[pri:0, instance:com.zenken.freshers.company.CompanyLogin@3b35a229]" started-at="2025-01-31T17:24:43 IST" name="setupCLogin" finished-at="2025-01-31T17:24:51 IST" duration-ms="7502" status="PASS">
          <params>
            <param index="0">
              <value>
                <![CDATA[[TestResult name={null} status=CREATED method=CompanyLogin.verifyComBlankEmail()[pri:0, instance:com.zenken.freshers.company.CompanyLogin@3b35a229] output={null}]]]>
              </value>
            </param>
          </params>
          <reporter-output>
          </reporter-output>
        </test-method> <!-- setupCLogin -->
        <test-method retried="true" signature="verifyComBlankEmail()[pri:0, instance:com.zenken.freshers.company.CompanyLogin@3b35a229]" started-at="2025-01-31T17:24:51 IST" name="verifyComBlankEmail" description="This test verifies that validation error occurs when email field is left blank on Forgot Password page" finished-at="2025-01-31T17:24:53 IST" duration-ms="2000" status="SKIP">
          <exception class="java.lang.AssertionError">
            <message>
              <![CDATA[Validation text is not correct expected [true] but found [false]]]>
            </message>
            <full-stacktrace>
              <![CDATA[java.lang.AssertionError: Validation text is not correct expected [true] but found [false]
at org.testng.Assert.fail(Assert.java:111)
at org.testng.Assert.failNotEquals(Assert.java:1578)
at org.testng.Assert.assertTrue(Assert.java:57)
at com.zenken.freshers.company.CompanyLogin.verifyComBlankEmail(CompanyLogin.java:186)
at java.base/jdk.internal.reflect.DirectMethodHandleAccessor.invoke(DirectMethodHandleAccessor.java:103)
at java.base/java.lang.reflect.Method.invoke(Method.java:580)
at org.testng.internal.invokers.MethodInvocationHelper.invokeMethod(MethodInvocationHelper.java:141)
at org.testng.internal.invokers.TestInvoker.invokeMethod(TestInvoker.java:686)
at org.testng.internal.invokers.TestInvoker.invokeTestMethod(TestInvoker.java:230)
at org.testng.internal.invokers.MethodRunner.runInSequence(MethodRunner.java:63)
at org.testng.internal.invokers.TestInvoker$MethodInvocationAgent.invoke(TestInvoker.java:992)
at org.testng.internal.invokers.TestInvoker.invokeTestMethods(TestInvoker.java:203)
at org.testng.internal.invokers.TestMethodWorker.invokeTestMethods(TestMethodWorker.java:154)
at org.testng.internal.invokers.TestMethodWorker.run(TestMethodWorker.java:134)
at java.base/java.util.concurrent.Executors$RunnableAdapter.call(Executors.java:572)
at java.base/java.util.concurrent.FutureTask.run(FutureTask.java:317)
at org.testng.internal.thread.graph.TestNGFutureTask.run(TestNGFutureTask.java:22)
at java.base/java.util.concurrent.ThreadPoolExecutor.runWorker(ThreadPoolExecutor.java:1144)
at java.base/java.util.concurrent.ThreadPoolExecutor$Worker.run(ThreadPoolExecutor.java:642)
at java.base/java.lang.Thread.run(Thread.java:1583)
]]>
            </full-stacktrace>
          </exception> <!-- java.lang.AssertionError -->
          <reporter-output>
          </reporter-output>
        </test-method> <!-- verifyComBlankEmail -->
        <test-method is-config="true" signature="tearDown()[pri:0, instance:com.zenken.freshers.company.CompanyLogin@3b35a229]" started-at="2025-01-31T17:24:53 IST" name="tearDown" finished-at="2025-01-31T17:24:53 IST" duration-ms="178" status="PASS">
          <reporter-output>
          </reporter-output>
        </test-method> <!-- tearDown -->
        <test-method is-config="true" signature="setup(java.lang.reflect.Method)[pri:0, instance:com.zenken.freshers.company.CompanyLogin@3b35a229]" started-at="2025-01-31T17:24:53 IST" name="setup" finished-at="2025-01-31T17:24:53 IST" duration-ms="723" status="PASS">
          <params>
            <param index="0">
              <value>
                <![CDATA[public void com.zenken.freshers.company.CompanyLogin.verifyComBlankEmail()]]>
              </value>
            </param>
          </params>
          <reporter-output>
          </reporter-output>
        </test-method> <!-- setup -->
        <test-method is-config="true" signature="setupCLogin(org.testng.ITestResult)[pri:0, instance:com.zenken.freshers.company.CompanyLogin@3b35a229]" started-at="2025-01-31T17:24:53 IST" name="setupCLogin" finished-at="2025-01-31T17:24:58 IST" duration-ms="4835" status="PASS">
          <params>
            <param index="0">
              <value>
                <![CDATA[[TestResult name={null} status=CREATED method=CompanyLogin.verifyComBlankEmail()[pri:0, instance:com.zenken.freshers.company.CompanyLogin@3b35a229] output={null}]]]>
              </value>
            </param>
          </params>
          <reporter-output>
          </reporter-output>
        </test-method> <!-- setupCLogin -->
        <test-method retried="true" signature="verifyComBlankEmail()[pri:0, instance:com.zenken.freshers.company.CompanyLogin@3b35a229]" started-at="2025-01-31T17:24:58 IST" name="verifyComBlankEmail" description="This test verifies that validation error occurs when email field is left blank on Forgot Password page" finished-at="2025-01-31T17:25:00 IST" duration-ms="2146" status="SKIP">
          <exception class="java.lang.AssertionError">
            <message>
              <![CDATA[Validation text is not correct expected [true] but found [false]]]>
            </message>
            <full-stacktrace>
              <![CDATA[java.lang.AssertionError: Validation text is not correct expected [true] but found [false]
at org.testng.Assert.fail(Assert.java:111)
at org.testng.Assert.failNotEquals(Assert.java:1578)
at org.testng.Assert.assertTrue(Assert.java:57)
at com.zenken.freshers.company.CompanyLogin.verifyComBlankEmail(CompanyLogin.java:186)
at java.base/jdk.internal.reflect.DirectMethodHandleAccessor.invoke(DirectMethodHandleAccessor.java:103)
at java.base/java.lang.reflect.Method.invoke(Method.java:580)
at org.testng.internal.invokers.MethodInvocationHelper.invokeMethod(MethodInvocationHelper.java:141)
at org.testng.internal.invokers.TestInvoker.invokeMethod(TestInvoker.java:686)
at org.testng.internal.invokers.TestInvoker.retryFailed(TestInvoker.java:269)
at org.testng.internal.invokers.MethodRunner.runInSequence(MethodRunner.java:76)
at org.testng.internal.invokers.TestInvoker$MethodInvocationAgent.invoke(TestInvoker.java:992)
at org.testng.internal.invokers.TestInvoker.invokeTestMethods(TestInvoker.java:203)
at org.testng.internal.invokers.TestMethodWorker.invokeTestMethods(TestMethodWorker.java:154)
at org.testng.internal.invokers.TestMethodWorker.run(TestMethodWorker.java:134)
at java.base/java.util.concurrent.Executors$RunnableAdapter.call(Executors.java:572)
at java.base/java.util.concurrent.FutureTask.run(FutureTask.java:317)
at org.testng.internal.thread.graph.TestNGFutureTask.run(TestNGFutureTask.java:22)
at java.base/java.util.concurrent.ThreadPoolExecutor.runWorker(ThreadPoolExecutor.java:1144)
at java.base/java.util.concurrent.ThreadPoolExecutor$Worker.run(ThreadPoolExecutor.java:642)
at java.base/java.lang.Thread.run(Thread.java:1583)
]]>
            </full-stacktrace>
          </exception> <!-- java.lang.AssertionError -->
          <reporter-output>
          </reporter-output>
        </test-method> <!-- verifyComBlankEmail -->
        <test-method is-config="true" signature="tearDown()[pri:0, instance:com.zenken.freshers.company.CompanyLogin@3b35a229]" started-at="2025-01-31T17:25:00 IST" name="tearDown" finished-at="2025-01-31T17:25:01 IST" duration-ms="121" status="PASS">
          <reporter-output>
          </reporter-output>
        </test-method> <!-- tearDown -->
        <test-method is-config="true" signature="setup(java.lang.reflect.Method)[pri:0, instance:com.zenken.freshers.company.CompanyLogin@3b35a229]" started-at="2025-01-31T17:25:01 IST" name="setup" finished-at="2025-01-31T17:25:01 IST" duration-ms="738" status="PASS">
          <params>
            <param index="0">
              <value>
                <![CDATA[public void com.zenken.freshers.company.CompanyLogin.verifyComBlankEmail()]]>
              </value>
            </param>
          </params>
          <reporter-output>
          </reporter-output>
        </test-method> <!-- setup -->
        <test-method is-config="true" signature="setupCLogin(org.testng.ITestResult)[pri:0, instance:com.zenken.freshers.company.CompanyLogin@3b35a229]" started-at="2025-01-31T17:25:01 IST" name="setupCLogin" finished-at="2025-01-31T17:25:07 IST" duration-ms="5602" status="PASS">
          <params>
            <param index="0">
              <value>
                <![CDATA[[TestResult name={null} status=CREATED method=CompanyLogin.verifyComBlankEmail()[pri:0, instance:com.zenken.freshers.company.CompanyLogin@3b35a229] output={null}]]]>
              </value>
            </param>
          </params>
          <reporter-output>
          </reporter-output>
        </test-method> <!-- setupCLogin -->
        <test-method signature="verifyComBlankEmail()[pri:0, instance:com.zenken.freshers.company.CompanyLogin@3b35a229]" started-at="2025-01-31T17:25:07 IST" name="verifyComBlankEmail" description="This test verifies that validation error occurs when email field is left blank on Forgot Password page" finished-at="2025-01-31T17:25:09 IST" duration-ms="2030" status="FAIL">
          <exception class="java.lang.AssertionError">
            <message>
              <![CDATA[Validation text is not correct expected [true] but found [false]]]>
            </message>
            <full-stacktrace>
              <![CDATA[java.lang.AssertionError: Validation text is not correct expected [true] but found [false]
at org.testng.Assert.fail(Assert.java:111)
at org.testng.Assert.failNotEquals(Assert.java:1578)
at org.testng.Assert.assertTrue(Assert.java:57)
at com.zenken.freshers.company.CompanyLogin.verifyComBlankEmail(CompanyLogin.java:186)
at java.base/jdk.internal.reflect.DirectMethodHandleAccessor.invoke(DirectMethodHandleAccessor.java:103)
at java.base/java.lang.reflect.Method.invoke(Method.java:580)
at org.testng.internal.invokers.MethodInvocationHelper.invokeMethod(MethodInvocationHelper.java:141)
at org.testng.internal.invokers.TestInvoker.invokeMethod(TestInvoker.java:686)
at org.testng.internal.invokers.TestInvoker.retryFailed(TestInvoker.java:269)
at org.testng.internal.invokers.MethodRunner.runInSequence(MethodRunner.java:76)
at org.testng.internal.invokers.TestInvoker$MethodInvocationAgent.invoke(TestInvoker.java:992)
at org.testng.internal.invokers.TestInvoker.invokeTestMethods(TestInvoker.java:203)
at org.testng.internal.invokers.TestMethodWorker.invokeTestMethods(TestMethodWorker.java:154)
at org.testng.internal.invokers.TestMethodWorker.run(TestMethodWorker.java:134)
at java.base/java.util.concurrent.Executors$RunnableAdapter.call(Executors.java:572)
at java.base/java.util.concurrent.FutureTask.run(FutureTask.java:317)
at org.testng.internal.thread.graph.TestNGFutureTask.run(TestNGFutureTask.java:22)
at java.base/java.util.concurrent.ThreadPoolExecutor.runWorker(ThreadPoolExecutor.java:1144)
at java.base/java.util.concurrent.ThreadPoolExecutor$Worker.run(ThreadPoolExecutor.java:642)
at java.base/java.lang.Thread.run(Thread.java:1583)
]]>
            </full-stacktrace>
          </exception> <!-- java.lang.AssertionError -->
          <reporter-output>
          </reporter-output>
        </test-method> <!-- verifyComBlankEmail -->
        <test-method is-config="true" signature="tearDown()[pri:0, instance:com.zenken.freshers.company.CompanyLogin@3b35a229]" started-at="2025-01-31T17:25:10 IST" name="tearDown" finished-at="2025-01-31T17:25:10 IST" duration-ms="185" status="PASS">
          <reporter-output>
          </reporter-output>
        </test-method> <!-- tearDown -->
      </class> <!-- com.zenken.freshers.company.CompanyLogin -->
    </test> <!-- Test -->
  </suite> <!-- Suite -->
</testng-results>
