<?xml version="1.0" encoding="UTF-8"?>
<testng-results ignored="0" total="59" passed="59" failed="0" skipped="0">
  <reporter-output>
  </reporter-output>
  <suite started-at="2024-11-20T16:07:19 IST" name="Suite" finished-at="2024-11-20T16:16:24 IST" duration-ms="544828">
    <groups>
    </groups>
    <test started-at="2024-11-20T16:07:19 IST" name="Test" finished-at="2024-11-20T16:16:24 IST" duration-ms="544828">
      <class name="com.zenken.freshers.user.Photo">
        <test-method is-config="true" signature="setup(java.lang.reflect.Method)[pri:0, instance:com.zenken.freshers.user.Photo@2f953efd]" started-at="2024-11-20T16:07:19 IST" name="setup" finished-at="2024-11-20T16:07:24 IST" duration-ms="4602" status="PASS">
          <params>
            <param index="0">
              <value>
                <![CDATA[public void com.zenken.freshers.user.Photo.verifyPhotoUrl()]]>
              </value>
            </param>
          </params>
          <reporter-output>
          </reporter-output>
        </test-method> <!-- setup -->
        <test-method is-config="true" signature="setUpTest()[pri:0, instance:com.zenken.freshers.user.Photo@2f953efd]" started-at="2024-11-20T16:07:24 IST" name="setUpTest" finished-at="2024-11-20T16:07:59 IST" duration-ms="35745" status="PASS">
          <reporter-output>
          </reporter-output>
        </test-method> <!-- setUpTest -->
        <test-method signature="verifyPhotoUrl()[pri:1, instance:com.zenken.freshers.user.Photo@2f953efd]" started-at="2024-11-20T16:07:59 IST" name="verifyPhotoUrl" description="This test verifies that user is redirected to Photo edit page" finished-at="2024-11-20T16:08:02 IST" duration-ms="3019" status="PASS">
          <reporter-output>
          </reporter-output>
        </test-method> <!-- verifyPhotoUrl -->
        <test-method is-config="true" signature="tearDown()[pri:0, instance:com.zenken.freshers.user.Photo@2f953efd]" started-at="2024-11-20T16:08:02 IST" name="tearDown" finished-at="2024-11-20T16:08:04 IST" duration-ms="1421" status="PASS">
          <reporter-output>
          </reporter-output>
        </test-method> <!-- tearDown -->
        <test-method is-config="true" signature="setup(java.lang.reflect.Method)[pri:0, instance:com.zenken.freshers.user.Photo@2f953efd]" started-at="2024-11-20T16:08:04 IST" name="setup" finished-at="2024-11-20T16:08:06 IST" duration-ms="2582" status="PASS">
          <params>
            <param index="0">
              <value>
                <![CDATA[public void com.zenken.freshers.user.Photo.verifyPhotoTitle()]]>
              </value>
            </param>
          </params>
          <reporter-output>
          </reporter-output>
        </test-method> <!-- setup -->
        <test-method is-config="true" signature="setUpTest()[pri:0, instance:com.zenken.freshers.user.Photo@2f953efd]" started-at="2024-11-20T16:08:06 IST" name="setUpTest" finished-at="2024-11-20T16:08:38 IST" duration-ms="31296" status="PASS">
          <reporter-output>
          </reporter-output>
        </test-method> <!-- setUpTest -->
        <test-method signature="verifyPhotoTitle()[pri:2, instance:com.zenken.freshers.user.Photo@2f953efd]" started-at="2024-11-20T16:08:38 IST" name="verifyPhotoTitle" description="This test verifies that the Photo page title is correct" finished-at="2024-11-20T16:08:42 IST" duration-ms="4761" status="PASS">
          <reporter-output>
          </reporter-output>
        </test-method> <!-- verifyPhotoTitle -->
        <test-method is-config="true" signature="tearDown()[pri:0, instance:com.zenken.freshers.user.Photo@2f953efd]" started-at="2024-11-20T16:08:42 IST" name="tearDown" finished-at="2024-11-20T16:08:44 IST" duration-ms="1398" status="PASS">
          <reporter-output>
          </reporter-output>
        </test-method> <!-- tearDown -->
        <test-method is-config="true" signature="setup(java.lang.reflect.Method)[pri:0, instance:com.zenken.freshers.user.Photo@2f953efd]" started-at="2024-11-20T16:08:44 IST" name="setup" finished-at="2024-11-20T16:08:46 IST" duration-ms="2538" status="PASS">
          <params>
            <param index="0">
              <value>
                <![CDATA[public void com.zenken.freshers.user.Photo.verifyUploadModalDisplay()]]>
              </value>
            </param>
          </params>
          <reporter-output>
          </reporter-output>
        </test-method> <!-- setup -->
        <test-method is-config="true" signature="setUpTest()[pri:0, instance:com.zenken.freshers.user.Photo@2f953efd]" started-at="2024-11-20T16:08:46 IST" name="setUpTest" finished-at="2024-11-20T16:09:14 IST" duration-ms="27362" status="PASS">
          <reporter-output>
          </reporter-output>
        </test-method> <!-- setUpTest -->
        <test-method signature="verifyUploadModalDisplay()[pri:3, instance:com.zenken.freshers.user.Photo@2f953efd]" started-at="2024-11-20T16:09:14 IST" name="verifyUploadModalDisplay" description="This test verifies that upload modal appears when upload icon is clicked" finished-at="2024-11-20T16:09:17 IST" duration-ms="3261" status="PASS">
          <reporter-output>
          </reporter-output>
        </test-method> <!-- verifyUploadModalDisplay -->
        <test-method is-config="true" signature="tearDown()[pri:0, instance:com.zenken.freshers.user.Photo@2f953efd]" started-at="2024-11-20T16:09:17 IST" name="tearDown" finished-at="2024-11-20T16:09:18 IST" duration-ms="1532" status="PASS">
          <reporter-output>
          </reporter-output>
        </test-method> <!-- tearDown -->
        <test-method is-config="true" signature="setup(java.lang.reflect.Method)[pri:0, instance:com.zenken.freshers.user.Photo@2f953efd]" started-at="2024-11-20T16:09:18 IST" name="setup" finished-at="2024-11-20T16:09:21 IST" duration-ms="2570" status="PASS">
          <params>
            <param index="0">
              <value>
                <![CDATA[public void com.zenken.freshers.user.Photo.verifyImageResize()]]>
              </value>
            </param>
          </params>
          <reporter-output>
          </reporter-output>
        </test-method> <!-- setup -->
        <test-method is-config="true" signature="setUpTest()[pri:0, instance:com.zenken.freshers.user.Photo@2f953efd]" started-at="2024-11-20T16:09:21 IST" name="setUpTest" finished-at="2024-11-20T16:09:53 IST" duration-ms="31928" status="PASS">
          <reporter-output>
          </reporter-output>
        </test-method> <!-- setUpTest -->
        <test-method signature="verifyImageResize()[pri:4, instance:com.zenken.freshers.user.Photo@2f953efd]" started-at="2024-11-20T16:09:53 IST" name="verifyImageResize" description="This test verifies that the uploaded image can be resized" finished-at="2024-11-20T16:09:56 IST" duration-ms="2630" status="PASS">
          <reporter-output>
          </reporter-output>
        </test-method> <!-- verifyImageResize -->
        <test-method is-config="true" signature="tearDown()[pri:0, instance:com.zenken.freshers.user.Photo@2f953efd]" started-at="2024-11-20T16:09:56 IST" name="tearDown" finished-at="2024-11-20T16:09:57 IST" duration-ms="1384" status="PASS">
          <reporter-output>
          </reporter-output>
        </test-method> <!-- tearDown -->
        <test-method is-config="true" signature="setup(java.lang.reflect.Method)[pri:0, instance:com.zenken.freshers.user.Photo@2f953efd]" started-at="2024-11-20T16:09:57 IST" name="setup" finished-at="2024-11-20T16:10:01 IST" duration-ms="4015" status="PASS">
          <params>
            <param index="0">
              <value>
                <![CDATA[public void com.zenken.freshers.user.Photo.verifyImageDrag()]]>
              </value>
            </param>
          </params>
          <reporter-output>
          </reporter-output>
        </test-method> <!-- setup -->
        <test-method is-config="true" signature="setUpTest()[pri:0, instance:com.zenken.freshers.user.Photo@2f953efd]" started-at="2024-11-20T16:10:01 IST" name="setUpTest" finished-at="2024-11-20T16:10:39 IST" duration-ms="38157" status="PASS">
          <reporter-output>
          </reporter-output>
        </test-method> <!-- setUpTest -->
        <test-method signature="verifyImageDrag()[pri:5, instance:com.zenken.freshers.user.Photo@2f953efd]" started-at="2024-11-20T16:10:39 IST" name="verifyImageDrag" description="This test verifies that the uploaded image can be dragged" finished-at="2024-11-20T16:10:43 IST" duration-ms="4147" status="PASS">
          <reporter-output>
          </reporter-output>
        </test-method> <!-- verifyImageDrag -->
        <test-method is-config="true" signature="tearDown()[pri:0, instance:com.zenken.freshers.user.Photo@2f953efd]" started-at="2024-11-20T16:10:43 IST" name="tearDown" finished-at="2024-11-20T16:10:45 IST" duration-ms="1379" status="PASS">
          <reporter-output>
          </reporter-output>
        </test-method> <!-- tearDown -->
        <test-method is-config="true" signature="setup(java.lang.reflect.Method)[pri:0, instance:com.zenken.freshers.user.Photo@2f953efd]" started-at="2024-11-20T16:10:45 IST" name="setup" finished-at="2024-11-20T16:10:48 IST" duration-ms="3323" status="PASS">
          <params>
            <param index="0">
              <value>
                <![CDATA[public void com.zenken.freshers.user.Photo.verifyPhotoUpload()]]>
              </value>
            </param>
          </params>
          <reporter-output>
          </reporter-output>
        </test-method> <!-- setup -->
        <test-method is-config="true" signature="setUpTest()[pri:0, instance:com.zenken.freshers.user.Photo@2f953efd]" started-at="2024-11-20T16:10:48 IST" name="setUpTest" finished-at="2024-11-20T16:11:21 IST" duration-ms="32609" status="PASS">
          <reporter-output>
          </reporter-output>
        </test-method> <!-- setUpTest -->
        <test-method signature="verifyPhotoUpload()[pri:6, instance:com.zenken.freshers.user.Photo@2f953efd]" started-at="2024-11-20T16:11:21 IST" name="verifyPhotoUpload" description="This test verifies that the image can be uploaded successfully" finished-at="2024-11-20T16:11:35 IST" duration-ms="14663" status="PASS">
          <reporter-output>
          </reporter-output>
        </test-method> <!-- verifyPhotoUpload -->
        <test-method is-config="true" signature="tearDown()[pri:0, instance:com.zenken.freshers.user.Photo@2f953efd]" started-at="2024-11-20T16:11:35 IST" name="tearDown" finished-at="2024-11-20T16:11:37 IST" duration-ms="1431" status="PASS">
          <reporter-output>
          </reporter-output>
        </test-method> <!-- tearDown -->
        <test-method is-config="true" signature="setup(java.lang.reflect.Method)[pri:0, instance:com.zenken.freshers.user.Photo@2f953efd]" started-at="2024-11-20T16:11:37 IST" name="setup" finished-at="2024-11-20T16:11:39 IST" duration-ms="2573" status="PASS">
          <params>
            <param index="0">
              <value>
                <![CDATA[public void com.zenken.freshers.user.Photo.verifyPhotoImage() throws java.lang.InterruptedException]]>
              </value>
            </param>
          </params>
          <reporter-output>
          </reporter-output>
        </test-method> <!-- setup -->
        <test-method is-config="true" signature="setUpTest()[pri:0, instance:com.zenken.freshers.user.Photo@2f953efd]" started-at="2024-11-20T16:11:39 IST" name="setUpTest" finished-at="2024-11-20T16:12:09 IST" duration-ms="29615" status="PASS">
          <reporter-output>
          </reporter-output>
        </test-method> <!-- setUpTest -->
        <test-method signature="verifyPhotoImage()[pri:7, instance:com.zenken.freshers.user.Photo@2f953efd]" started-at="2024-11-20T16:12:09 IST" name="verifyPhotoImage" description="This test verifies that the uploaded image is same and &#039;Required to apply&#039; text is not displayed on preview and Photo edit page" finished-at="2024-11-20T16:12:52 IST" duration-ms="42827" status="PASS">
          <reporter-output>
          </reporter-output>
        </test-method> <!-- verifyPhotoImage -->
        <test-method is-config="true" signature="tearDown()[pri:0, instance:com.zenken.freshers.user.Photo@2f953efd]" started-at="2024-11-20T16:12:52 IST" name="tearDown" finished-at="2024-11-20T16:12:53 IST" duration-ms="1446" status="PASS">
          <reporter-output>
          </reporter-output>
        </test-method> <!-- tearDown -->
        <test-method is-config="true" signature="setup(java.lang.reflect.Method)[pri:0, instance:com.zenken.freshers.user.Photo@2f953efd]" started-at="2024-11-20T16:12:53 IST" name="setup" finished-at="2024-11-20T16:12:56 IST" duration-ms="2610" status="PASS">
          <params>
            <param index="0">
              <value>
                <![CDATA[public void com.zenken.freshers.user.Photo.verifyPhotoChange()]]>
              </value>
            </param>
          </params>
          <reporter-output>
          </reporter-output>
        </test-method> <!-- setup -->
        <test-method is-config="true" signature="setUpTest()[pri:0, instance:com.zenken.freshers.user.Photo@2f953efd]" started-at="2024-11-20T16:12:56 IST" name="setUpTest" finished-at="2024-11-20T16:13:17 IST" duration-ms="20816" status="PASS">
          <reporter-output>
          </reporter-output>
        </test-method> <!-- setUpTest -->
        <test-method signature="verifyPhotoChange()[pri:8, instance:com.zenken.freshers.user.Photo@2f953efd]" started-at="2024-11-20T16:13:17 IST" name="verifyPhotoChange" description="This test verifies that the uploaded image can be changed" finished-at="2024-11-20T16:13:20 IST" duration-ms="3158" status="PASS">
          <reporter-output>
          </reporter-output>
        </test-method> <!-- verifyPhotoChange -->
        <test-method is-config="true" signature="tearDown()[pri:0, instance:com.zenken.freshers.user.Photo@2f953efd]" started-at="2024-11-20T16:13:20 IST" name="tearDown" finished-at="2024-11-20T16:13:21 IST" duration-ms="1326" status="PASS">
          <reporter-output>
          </reporter-output>
        </test-method> <!-- tearDown -->
        <test-method is-config="true" signature="setup(java.lang.reflect.Method)[pri:0, instance:com.zenken.freshers.user.Photo@2f953efd]" started-at="2024-11-20T16:13:21 IST" name="setup" finished-at="2024-11-20T16:13:24 IST" duration-ms="2428" status="PASS">
          <params>
            <param index="0">
              <value>
                <![CDATA[public void com.zenken.freshers.user.Photo.verifyPhotoDelete()]]>
              </value>
            </param>
          </params>
          <reporter-output>
          </reporter-output>
        </test-method> <!-- setup -->
        <test-method is-config="true" signature="setUpTest()[pri:0, instance:com.zenken.freshers.user.Photo@2f953efd]" started-at="2024-11-20T16:13:24 IST" name="setUpTest" finished-at="2024-11-20T16:13:45 IST" duration-ms="21301" status="PASS">
          <reporter-output>
          </reporter-output>
        </test-method> <!-- setUpTest -->
        <test-method signature="verifyPhotoDelete()[pri:9, instance:com.zenken.freshers.user.Photo@2f953efd]" started-at="2024-11-20T16:13:45 IST" name="verifyPhotoDelete" description="This test verifies that the image can be deleted and &#039;Required to apply&#039; text is displayed on Photo edit and preview page" finished-at="2024-11-20T16:13:52 IST" duration-ms="7269" status="PASS">
          <reporter-output>
          </reporter-output>
        </test-method> <!-- verifyPhotoDelete -->
        <test-method is-config="true" signature="tearDown()[pri:0, instance:com.zenken.freshers.user.Photo@2f953efd]" started-at="2024-11-20T16:13:52 IST" name="tearDown" finished-at="2024-11-20T16:13:53 IST" duration-ms="1352" status="PASS">
          <reporter-output>
          </reporter-output>
        </test-method> <!-- tearDown -->
        <test-method is-config="true" signature="setup(java.lang.reflect.Method)[pri:0, instance:com.zenken.freshers.user.Photo@2f953efd]" started-at="2024-11-20T16:13:53 IST" name="setup" finished-at="2024-11-20T16:13:56 IST" duration-ms="2524" status="PASS">
          <params>
            <param index="0">
              <value>
                <![CDATA[public void com.zenken.freshers.user.Photo.verifyPhotoInvalidFile()]]>
              </value>
            </param>
          </params>
          <reporter-output>
          </reporter-output>
        </test-method> <!-- setup -->
        <test-method is-config="true" signature="setUpTest()[pri:0, instance:com.zenken.freshers.user.Photo@2f953efd]" started-at="2024-11-20T16:13:56 IST" name="setUpTest" finished-at="2024-11-20T16:14:16 IST" duration-ms="19528" status="PASS">
          <reporter-output>
          </reporter-output>
        </test-method> <!-- setUpTest -->
        <test-method signature="verifyPhotoInvalidFile()[pri:10, instance:com.zenken.freshers.user.Photo@2f953efd]" started-at="2024-11-20T16:14:16 IST" name="verifyPhotoInvalidFile" description="This test verifies that validation error occurs for invalid file format" finished-at="2024-11-20T16:14:21 IST" duration-ms="5560" status="PASS">
          <reporter-output>
          </reporter-output>
        </test-method> <!-- verifyPhotoInvalidFile -->
        <test-method is-config="true" signature="tearDown()[pri:0, instance:com.zenken.freshers.user.Photo@2f953efd]" started-at="2024-11-20T16:14:21 IST" name="tearDown" finished-at="2024-11-20T16:14:22 IST" duration-ms="1401" status="PASS">
          <reporter-output>
          </reporter-output>
        </test-method> <!-- tearDown -->
        <test-method is-config="true" signature="setup(java.lang.reflect.Method)[pri:0, instance:com.zenken.freshers.user.Photo@2f953efd]" started-at="2024-11-20T16:14:22 IST" name="setup" finished-at="2024-11-20T16:14:25 IST" duration-ms="2570" status="PASS">
          <params>
            <param index="0">
              <value>
                <![CDATA[public void com.zenken.freshers.user.Photo.verifyPhotoInvalidSize()]]>
              </value>
            </param>
          </params>
          <reporter-output>
          </reporter-output>
        </test-method> <!-- setup -->
        <test-method is-config="true" signature="setUpTest()[pri:0, instance:com.zenken.freshers.user.Photo@2f953efd]" started-at="2024-11-20T16:14:25 IST" name="setUpTest" finished-at="2024-11-20T16:14:37 IST" duration-ms="12207" status="PASS">
          <reporter-output>
          </reporter-output>
        </test-method> <!-- setUpTest -->
        <test-method signature="verifyPhotoInvalidSize()[pri:11, instance:com.zenken.freshers.user.Photo@2f953efd]" started-at="2024-11-20T16:14:37 IST" name="verifyPhotoInvalidSize" description="This test verifies that validation error occurs when image size is more than 5MB" finished-at="2024-11-20T16:14:39 IST" duration-ms="2235" status="PASS">
          <reporter-output>
          </reporter-output>
        </test-method> <!-- verifyPhotoInvalidSize -->
        <test-method is-config="true" signature="tearDown()[pri:0, instance:com.zenken.freshers.user.Photo@2f953efd]" started-at="2024-11-20T16:14:39 IST" name="tearDown" finished-at="2024-11-20T16:14:41 IST" duration-ms="1359" status="PASS">
          <reporter-output>
          </reporter-output>
        </test-method> <!-- tearDown -->
      </class> <!-- com.zenken.freshers.user.Photo -->
      <class name="com.zenken.freshers.user.CommonParts">
        <test-method is-config="true" signature="setup(java.lang.reflect.Method)[pri:0, instance:com.zenken.freshers.user.CommonParts@5f9edf14]" started-at="2024-11-20T16:07:19 IST" name="setup" finished-at="2024-11-20T16:07:23 IST" duration-ms="4536" status="PASS">
          <params>
            <param index="0">
              <value>
                <![CDATA[public void com.zenken.freshers.user.CommonParts.verifyAltText()]]>
              </value>
            </param>
          </params>
          <reporter-output>
          </reporter-output>
        </test-method> <!-- setup -->
        <test-method is-config="true" signature="setUpTest()[pri:0, instance:com.zenken.freshers.user.CommonParts@5f9edf14]" started-at="2024-11-20T16:07:23 IST" name="setUpTest" finished-at="2024-11-20T16:07:38 IST" duration-ms="14932" status="PASS">
          <reporter-output>
          </reporter-output>
        </test-method> <!-- setUpTest -->
        <test-method signature="verifyAltText()[pri:0, instance:com.zenken.freshers.user.CommonParts@5f9edf14]" started-at="2024-11-20T16:07:38 IST" name="verifyAltText" description="This test verifies that Alt text is displyaed on header" finished-at="2024-11-20T16:07:39 IST" duration-ms="119" status="PASS">
          <reporter-output>
          </reporter-output>
        </test-method> <!-- verifyAltText -->
        <test-method is-config="true" signature="tearDown()[pri:0, instance:com.zenken.freshers.user.CommonParts@5f9edf14]" started-at="2024-11-20T16:07:39 IST" name="tearDown" finished-at="2024-11-20T16:07:40 IST" duration-ms="1433" status="PASS">
          <reporter-output>
          </reporter-output>
        </test-method> <!-- tearDown -->
        <test-method is-config="true" signature="setup(java.lang.reflect.Method)[pri:0, instance:com.zenken.freshers.user.CommonParts@5f9edf14]" started-at="2024-11-20T16:07:40 IST" name="setup" finished-at="2024-11-20T16:07:43 IST" duration-ms="2695" status="PASS">
          <params>
            <param index="0">
              <value>
                <![CDATA[public void com.zenken.freshers.user.CommonParts.verifyAltTextPostLogIn()]]>
              </value>
            </param>
          </params>
          <reporter-output>
          </reporter-output>
        </test-method> <!-- setup -->
        <test-method is-config="true" signature="setUpTest()[pri:0, instance:com.zenken.freshers.user.CommonParts@5f9edf14]" started-at="2024-11-20T16:07:43 IST" name="setUpTest" finished-at="2024-11-20T16:08:03 IST" duration-ms="19923" status="PASS">
          <reporter-output>
          </reporter-output>
        </test-method> <!-- setUpTest -->
        <test-method signature="verifyAltTextPostLogIn()[pri:0, instance:com.zenken.freshers.user.CommonParts@5f9edf14]" started-at="2024-11-20T16:08:03 IST" name="verifyAltTextPostLogIn" description="This test verifies that Alt text is displyaed on the header of the profile preview page" finished-at="2024-11-20T16:08:21 IST" duration-ms="17984" status="PASS">
          <reporter-output>
          </reporter-output>
        </test-method> <!-- verifyAltTextPostLogIn -->
        <test-method is-config="true" signature="tearDown()[pri:0, instance:com.zenken.freshers.user.CommonParts@5f9edf14]" started-at="2024-11-20T16:08:21 IST" name="tearDown" finished-at="2024-11-20T16:08:22 IST" duration-ms="1655" status="PASS">
          <reporter-output>
          </reporter-output>
        </test-method> <!-- tearDown -->
        <test-method is-config="true" signature="setup(java.lang.reflect.Method)[pri:0, instance:com.zenken.freshers.user.CommonParts@5f9edf14]" started-at="2024-11-20T16:08:22 IST" name="setup" finished-at="2024-11-20T16:08:26 IST" duration-ms="3908" status="PASS">
          <params>
            <param index="0">
              <value>
                <![CDATA[public void com.zenken.freshers.user.CommonParts.verifyCopyrightMark()]]>
              </value>
            </param>
          </params>
          <reporter-output>
          </reporter-output>
        </test-method> <!-- setup -->
        <test-method is-config="true" signature="setUpTest()[pri:0, instance:com.zenken.freshers.user.CommonParts@5f9edf14]" started-at="2024-11-20T16:08:26 IST" name="setUpTest" finished-at="2024-11-20T16:08:40 IST" duration-ms="13903" status="PASS">
          <reporter-output>
          </reporter-output>
        </test-method> <!-- setUpTest -->
        <test-method signature="verifyCopyrightMark()[pri:0, instance:com.zenken.freshers.user.CommonParts@5f9edf14]" started-at="2024-11-20T16:08:40 IST" name="verifyCopyrightMark" description="This test verifies that Zenken&#039;s copyright mark is displayed on footer" finished-at="2024-11-20T16:08:40 IST" duration-ms="91" status="PASS">
          <reporter-output>
          </reporter-output>
        </test-method> <!-- verifyCopyrightMark -->
        <test-method is-config="true" signature="tearDown()[pri:0, instance:com.zenken.freshers.user.CommonParts@5f9edf14]" started-at="2024-11-20T16:08:40 IST" name="tearDown" finished-at="2024-11-20T16:08:42 IST" duration-ms="1376" status="PASS">
          <reporter-output>
          </reporter-output>
        </test-method> <!-- tearDown -->
        <test-method is-config="true" signature="setup(java.lang.reflect.Method)[pri:0, instance:com.zenken.freshers.user.CommonParts@5f9edf14]" started-at="2024-11-20T16:08:42 IST" name="setup" finished-at="2024-11-20T16:08:44 IST" duration-ms="2493" status="PASS">
          <params>
            <param index="0">
              <value>
                <![CDATA[public void com.zenken.freshers.user.CommonParts.verifyDropdown()]]>
              </value>
            </param>
          </params>
          <reporter-output>
          </reporter-output>
        </test-method> <!-- setup -->
        <test-method is-config="true" signature="setUpTest()[pri:0, instance:com.zenken.freshers.user.CommonParts@5f9edf14]" started-at="2024-11-20T16:08:44 IST" name="setUpTest" finished-at="2024-11-20T16:08:55 IST" duration-ms="10803" status="PASS">
          <reporter-output>
          </reporter-output>
        </test-method> <!-- setUpTest -->
        <test-method signature="verifyDropdown()[pri:0, instance:com.zenken.freshers.user.CommonParts@5f9edf14]" started-at="2024-11-20T16:08:55 IST" name="verifyDropdown" description="This test verifies that the expected dropdown options are displayed" finished-at="2024-11-20T16:09:10 IST" duration-ms="15378" status="PASS">
          <reporter-output>
          </reporter-output>
        </test-method> <!-- verifyDropdown -->
        <test-method is-config="true" signature="tearDown()[pri:0, instance:com.zenken.freshers.user.CommonParts@5f9edf14]" started-at="2024-11-20T16:09:10 IST" name="tearDown" finished-at="2024-11-20T16:09:12 IST" duration-ms="1691" status="PASS">
          <reporter-output>
          </reporter-output>
        </test-method> <!-- tearDown -->
        <test-method is-config="true" signature="setup(java.lang.reflect.Method)[pri:0, instance:com.zenken.freshers.user.CommonParts@5f9edf14]" started-at="2024-11-20T16:09:12 IST" name="setup" finished-at="2024-11-20T16:09:15 IST" duration-ms="3396" status="PASS">
          <params>
            <param index="0">
              <value>
                <![CDATA[public void com.zenken.freshers.user.CommonParts.verifyHeaderImage()]]>
              </value>
            </param>
          </params>
          <reporter-output>
          </reporter-output>
        </test-method> <!-- setup -->
        <test-method is-config="true" signature="setUpTest()[pri:0, instance:com.zenken.freshers.user.CommonParts@5f9edf14]" started-at="2024-11-20T16:09:15 IST" name="setUpTest" finished-at="2024-11-20T16:09:30 IST" duration-ms="14497" status="PASS">
          <reporter-output>
          </reporter-output>
        </test-method> <!-- setUpTest -->
        <test-method signature="verifyHeaderImage()[pri:0, instance:com.zenken.freshers.user.CommonParts@5f9edf14]" started-at="2024-11-20T16:09:30 IST" name="verifyHeaderImage" description="This test verifies that Freshers logo is displyaed on header" finished-at="2024-11-20T16:09:30 IST" duration-ms="109" status="PASS">
          <reporter-output>
          </reporter-output>
        </test-method> <!-- verifyHeaderImage -->
        <test-method is-config="true" signature="tearDown()[pri:0, instance:com.zenken.freshers.user.CommonParts@5f9edf14]" started-at="2024-11-20T16:09:30 IST" name="tearDown" finished-at="2024-11-20T16:09:31 IST" duration-ms="1405" status="PASS">
          <reporter-output>
          </reporter-output>
        </test-method> <!-- tearDown -->
        <test-method is-config="true" signature="setup(java.lang.reflect.Method)[pri:0, instance:com.zenken.freshers.user.CommonParts@5f9edf14]" started-at="2024-11-20T16:09:31 IST" name="setup" finished-at="2024-11-20T16:09:34 IST" duration-ms="2556" status="PASS">
          <params>
            <param index="0">
              <value>
                <![CDATA[public void com.zenken.freshers.user.CommonParts.verifyHeaderImagePostLogIn()]]>
              </value>
            </param>
          </params>
          <reporter-output>
          </reporter-output>
        </test-method> <!-- setup -->
        <test-method is-config="true" signature="setUpTest()[pri:0, instance:com.zenken.freshers.user.CommonParts@5f9edf14]" started-at="2024-11-20T16:09:34 IST" name="setUpTest" finished-at="2024-11-20T16:09:47 IST" duration-ms="12694" status="PASS">
          <reporter-output>
          </reporter-output>
        </test-method> <!-- setUpTest -->
        <test-method signature="verifyHeaderImagePostLogIn()[pri:0, instance:com.zenken.freshers.user.CommonParts@5f9edf14]" started-at="2024-11-20T16:09:47 IST" name="verifyHeaderImagePostLogIn" description="This test verifies that Freshers logo is displyaed on the header of the profile preview page" finished-at="2024-11-20T16:09:56 IST" duration-ms="9648" status="PASS">
          <reporter-output>
          </reporter-output>
        </test-method> <!-- verifyHeaderImagePostLogIn -->
        <test-method is-config="true" signature="tearDown()[pri:0, instance:com.zenken.freshers.user.CommonParts@5f9edf14]" started-at="2024-11-20T16:09:56 IST" name="tearDown" finished-at="2024-11-20T16:09:58 IST" duration-ms="1445" status="PASS">
          <reporter-output>
          </reporter-output>
        </test-method> <!-- tearDown -->
        <test-method is-config="true" signature="setup(java.lang.reflect.Method)[pri:0, instance:com.zenken.freshers.user.CommonParts@5f9edf14]" started-at="2024-11-20T16:09:58 IST" name="setup" finished-at="2024-11-20T16:10:02 IST" duration-ms="4540" status="PASS">
          <params>
            <param index="0">
              <value>
                <![CDATA[public void com.zenken.freshers.user.CommonParts.verifyLogOut()]]>
              </value>
            </param>
          </params>
          <reporter-output>
          </reporter-output>
        </test-method> <!-- setup -->
        <test-method is-config="true" signature="setUpTest()[pri:0, instance:com.zenken.freshers.user.CommonParts@5f9edf14]" started-at="2024-11-20T16:10:02 IST" name="setUpTest" finished-at="2024-11-20T16:10:15 IST" duration-ms="13084" status="PASS">
          <reporter-output>
          </reporter-output>
        </test-method> <!-- setUpTest -->
        <test-method signature="verifyLogOut()[pri:0, instance:com.zenken.freshers.user.CommonParts@5f9edf14]" started-at="2024-11-20T16:10:15 IST" name="verifyLogOut" description="This test verifies that user is logged out from the account after clicking on &#039;Log Out&#039;" finished-at="2024-11-20T16:10:43 IST" duration-ms="27925" status="PASS">
          <reporter-output>
          </reporter-output>
        </test-method> <!-- verifyLogOut -->
        <test-method is-config="true" signature="tearDown()[pri:0, instance:com.zenken.freshers.user.CommonParts@5f9edf14]" started-at="2024-11-20T16:10:43 IST" name="tearDown" finished-at="2024-11-20T16:10:45 IST" duration-ms="1495" status="PASS">
          <reporter-output>
          </reporter-output>
        </test-method> <!-- tearDown -->
        <test-method is-config="true" signature="setup(java.lang.reflect.Method)[pri:0, instance:com.zenken.freshers.user.CommonParts@5f9edf14]" started-at="2024-11-20T16:10:45 IST" name="setup" finished-at="2024-11-20T16:10:47 IST" duration-ms="2645" status="PASS">
          <params>
            <param index="0">
              <value>
                <![CDATA[public void com.zenken.freshers.user.CommonParts.verifyPolicy()]]>
              </value>
            </param>
          </params>
          <reporter-output>
          </reporter-output>
        </test-method> <!-- setup -->
        <test-method is-config="true" signature="setUpTest()[pri:0, instance:com.zenken.freshers.user.CommonParts@5f9edf14]" started-at="2024-11-20T16:10:47 IST" name="setUpTest" finished-at="2024-11-20T16:11:01 IST" duration-ms="13193" status="PASS">
          <reporter-output>
          </reporter-output>
        </test-method> <!-- setUpTest -->
        <test-method signature="verifyPolicy()[pri:0, instance:com.zenken.freshers.user.CommonParts@5f9edf14]" started-at="2024-11-20T16:11:01 IST" name="verifyPolicy" description="This test verifies that the link for Privacy Policy is opened in a separate tab" finished-at="2024-11-20T16:11:05 IST" duration-ms="4211" status="PASS">
          <reporter-output>
          </reporter-output>
        </test-method> <!-- verifyPolicy -->
        <test-method is-config="true" signature="tearDown()[pri:0, instance:com.zenken.freshers.user.CommonParts@5f9edf14]" started-at="2024-11-20T16:11:05 IST" name="tearDown" finished-at="2024-11-20T16:11:07 IST" duration-ms="2218" status="PASS">
          <reporter-output>
          </reporter-output>
        </test-method> <!-- tearDown -->
        <test-method is-config="true" signature="setup(java.lang.reflect.Method)[pri:0, instance:com.zenken.freshers.user.CommonParts@5f9edf14]" started-at="2024-11-20T16:11:07 IST" name="setup" finished-at="2024-11-20T16:11:09 IST" duration-ms="2506" status="PASS">
          <params>
            <param index="0">
              <value>
                <![CDATA[public void com.zenken.freshers.user.CommonParts.verifyPolicyPostLogIn()]]>
              </value>
            </param>
          </params>
          <reporter-output>
          </reporter-output>
        </test-method> <!-- setup -->
        <test-method is-config="true" signature="setUpTest()[pri:0, instance:com.zenken.freshers.user.CommonParts@5f9edf14]" started-at="2024-11-20T16:11:09 IST" name="setUpTest" finished-at="2024-11-20T16:11:21 IST" duration-ms="11638" status="PASS">
          <reporter-output>
          </reporter-output>
        </test-method> <!-- setUpTest -->
        <test-method signature="verifyPolicyPostLogIn()[pri:0, instance:com.zenken.freshers.user.CommonParts@5f9edf14]" started-at="2024-11-20T16:11:21 IST" name="verifyPolicyPostLogIn" description="This test verifies that the link for Privacy Policy is opened in a separate tab from the footer of profile preview page" finished-at="2024-11-20T16:11:37 IST" duration-ms="15932" status="PASS">
          <reporter-output>
          </reporter-output>
        </test-method> <!-- verifyPolicyPostLogIn -->
        <test-method is-config="true" signature="tearDown()[pri:0, instance:com.zenken.freshers.user.CommonParts@5f9edf14]" started-at="2024-11-20T16:11:37 IST" name="tearDown" finished-at="2024-11-20T16:11:38 IST" duration-ms="1413" status="PASS">
          <reporter-output>
          </reporter-output>
        </test-method> <!-- tearDown -->
        <test-method is-config="true" signature="setup(java.lang.reflect.Method)[pri:0, instance:com.zenken.freshers.user.CommonParts@5f9edf14]" started-at="2024-11-20T16:11:38 IST" name="setup" finished-at="2024-11-20T16:11:42 IST" duration-ms="3222" status="PASS">
          <params>
            <param index="0">
              <value>
                <![CDATA[public void com.zenken.freshers.user.CommonParts.verifyProfileClick()]]>
              </value>
            </param>
          </params>
          <reporter-output>
          </reporter-output>
        </test-method> <!-- setup -->
        <test-method is-config="true" signature="setUpTest()[pri:0, instance:com.zenken.freshers.user.CommonParts@5f9edf14]" started-at="2024-11-20T16:11:42 IST" name="setUpTest" finished-at="2024-11-20T16:11:50 IST" duration-ms="8343" status="PASS">
          <reporter-output>
          </reporter-output>
        </test-method> <!-- setUpTest -->
        <test-method signature="verifyProfileClick()[pri:0, instance:com.zenken.freshers.user.CommonParts@5f9edf14]" started-at="2024-11-20T16:11:50 IST" name="verifyProfileClick" description="This test verifies that user is redirected to profile preview page after clicking on &#039;Profile&#039;" finished-at="2024-11-20T16:12:15 IST" duration-ms="25270" status="PASS">
          <reporter-output>
          </reporter-output>
        </test-method> <!-- verifyProfileClick -->
        <test-method is-config="true" signature="tearDown()[pri:0, instance:com.zenken.freshers.user.CommonParts@5f9edf14]" started-at="2024-11-20T16:12:15 IST" name="tearDown" finished-at="2024-11-20T16:12:17 IST" duration-ms="1326" status="PASS">
          <reporter-output>
          </reporter-output>
        </test-method> <!-- tearDown -->
        <test-method is-config="true" signature="setup(java.lang.reflect.Method)[pri:0, instance:com.zenken.freshers.user.CommonParts@5f9edf14]" started-at="2024-11-20T16:12:17 IST" name="setup" finished-at="2024-11-20T16:12:19 IST" duration-ms="2504" status="PASS">
          <params>
            <param index="0">
              <value>
                <![CDATA[public void com.zenken.freshers.user.CommonParts.verifyTermsPDF()]]>
              </value>
            </param>
          </params>
          <reporter-output>
          </reporter-output>
        </test-method> <!-- setup -->
        <test-method is-config="true" signature="setUpTest()[pri:0, instance:com.zenken.freshers.user.CommonParts@5f9edf14]" started-at="2024-11-20T16:12:19 IST" name="setUpTest" finished-at="2024-11-20T16:12:28 IST" duration-ms="9338" status="PASS">
          <reporter-output>
          </reporter-output>
        </test-method> <!-- setUpTest -->
        <test-method signature="verifyTermsPDF()[pri:0, instance:com.zenken.freshers.user.CommonParts@5f9edf14]" started-at="2024-11-20T16:12:28 IST" name="verifyTermsPDF" description="This test verifies that Terms PDF is opened in a separate tab" finished-at="2024-11-20T16:12:29 IST" duration-ms="372" status="PASS">
          <reporter-output>
          </reporter-output>
        </test-method> <!-- verifyTermsPDF -->
        <test-method is-config="true" signature="tearDown()[pri:0, instance:com.zenken.freshers.user.CommonParts@5f9edf14]" started-at="2024-11-20T16:12:29 IST" name="tearDown" finished-at="2024-11-20T16:12:30 IST" duration-ms="1353" status="PASS">
          <reporter-output>
          </reporter-output>
        </test-method> <!-- tearDown -->
        <test-method is-config="true" signature="setup(java.lang.reflect.Method)[pri:0, instance:com.zenken.freshers.user.CommonParts@5f9edf14]" started-at="2024-11-20T16:12:30 IST" name="setup" finished-at="2024-11-20T16:12:31 IST" duration-ms="987" status="PASS">
          <params>
            <param index="0">
              <value>
                <![CDATA[public void com.zenken.freshers.user.CommonParts.verifyTermsPDFPostLogIn()]]>
              </value>
            </param>
          </params>
          <reporter-output>
          </reporter-output>
        </test-method> <!-- setup -->
        <test-method is-config="true" signature="setUpTest()[pri:0, instance:com.zenken.freshers.user.CommonParts@5f9edf14]" started-at="2024-11-20T16:12:31 IST" name="setUpTest" finished-at="2024-11-20T16:12:39 IST" duration-ms="7973" status="PASS">
          <reporter-output>
          </reporter-output>
        </test-method> <!-- setUpTest -->
        <test-method signature="verifyTermsPDFPostLogIn()[pri:0, instance:com.zenken.freshers.user.CommonParts@5f9edf14]" started-at="2024-11-20T16:12:39 IST" name="verifyTermsPDFPostLogIn" description="This test verifies that Terms PDF is opened in a separate tab from the footer of profile preview page" finished-at="2024-11-20T16:12:54 IST" duration-ms="15165" status="PASS">
          <reporter-output>
          </reporter-output>
        </test-method> <!-- verifyTermsPDFPostLogIn -->
        <test-method is-config="true" signature="tearDown()[pri:0, instance:com.zenken.freshers.user.CommonParts@5f9edf14]" started-at="2024-11-20T16:12:54 IST" name="tearDown" finished-at="2024-11-20T16:12:56 IST" duration-ms="1411" status="PASS">
          <reporter-output>
          </reporter-output>
        </test-method> <!-- tearDown -->
      </class> <!-- com.zenken.freshers.user.CommonParts -->
      <class name="com.zenken.freshers.user.FieldOfStudy">
        <test-method is-config="true" signature="setup(java.lang.reflect.Method)[pri:0, instance:com.zenken.freshers.user.FieldOfStudy@2f01783a]" started-at="2024-11-20T16:07:19 IST" name="setup" finished-at="2024-11-20T16:07:23 IST" duration-ms="4283" status="PASS">
          <params>
            <param index="0">
              <value>
                <![CDATA[public void com.zenken.freshers.user.FieldOfStudy.verifyCancelRedirection()]]>
              </value>
            </param>
          </params>
          <reporter-output>
          </reporter-output>
        </test-method> <!-- setup -->
        <test-method is-config="true" signature="setUpTest()[pri:0, instance:com.zenken.freshers.user.FieldOfStudy@2f01783a]" started-at="2024-11-20T16:07:23 IST" name="setUpTest" finished-at="2024-11-20T16:08:04 IST" duration-ms="40440" status="PASS">
          <reporter-output>
          </reporter-output>
        </test-method> <!-- setUpTest -->
        <test-method signature="verifyCancelRedirection()[pri:0, instance:com.zenken.freshers.user.FieldOfStudy@2f01783a]" started-at="2024-11-20T16:08:04 IST" name="verifyCancelRedirection" description="This test verifies that the user is redirected to preview page upon clicking on &#039;Cancel&#039; button on Field of Study edit page" finished-at="2024-11-20T16:08:10 IST" duration-ms="6753" status="PASS">
          <reporter-output>
          </reporter-output>
        </test-method> <!-- verifyCancelRedirection -->
        <test-method is-config="true" signature="tearDown()[pri:0, instance:com.zenken.freshers.user.FieldOfStudy@2f01783a]" started-at="2024-11-20T16:08:10 IST" name="tearDown" finished-at="2024-11-20T16:08:12 IST" duration-ms="1611" status="PASS">
          <reporter-output>
          </reporter-output>
        </test-method> <!-- tearDown -->
        <test-method is-config="true" signature="setup(java.lang.reflect.Method)[pri:0, instance:com.zenken.freshers.user.FieldOfStudy@2f01783a]" started-at="2024-11-20T16:08:12 IST" name="setup" finished-at="2024-11-20T16:08:16 IST" duration-ms="4258" status="PASS">
          <params>
            <param index="0">
              <value>
                <![CDATA[public void com.zenken.freshers.user.FieldOfStudy.verifyCoreOptions()]]>
              </value>
            </param>
          </params>
          <reporter-output>
          </reporter-output>
        </test-method> <!-- setup -->
        <test-method is-config="true" signature="setUpTest()[pri:0, instance:com.zenken.freshers.user.FieldOfStudy@2f01783a]" started-at="2024-11-20T16:08:16 IST" name="setUpTest" finished-at="2024-11-20T16:08:55 IST" duration-ms="38497" status="PASS">
          <reporter-output>
          </reporter-output>
        </test-method> <!-- setUpTest -->
        <test-method signature="verifyCoreOptions()[pri:0, instance:com.zenken.freshers.user.FieldOfStudy@2f01783a]" started-at="2024-11-20T16:08:55 IST" name="verifyCoreOptions" description="This test verifies that expected options are displayed for &#039;Core&#039; field" finished-at="2024-11-20T16:08:56 IST" duration-ms="849" status="PASS">
          <reporter-output>
          </reporter-output>
        </test-method> <!-- verifyCoreOptions -->
        <test-method is-config="true" signature="tearDown()[pri:0, instance:com.zenken.freshers.user.FieldOfStudy@2f01783a]" started-at="2024-11-20T16:08:56 IST" name="tearDown" finished-at="2024-11-20T16:08:58 IST" duration-ms="2459" status="PASS">
          <reporter-output>
          </reporter-output>
        </test-method> <!-- tearDown -->
        <test-method is-config="true" signature="setup(java.lang.reflect.Method)[pri:0, instance:com.zenken.freshers.user.FieldOfStudy@2f01783a]" started-at="2024-11-20T16:08:58 IST" name="setup" finished-at="2024-11-20T16:09:01 IST" duration-ms="3118" status="PASS">
          <params>
            <param index="0">
              <value>
                <![CDATA[public void com.zenken.freshers.user.FieldOfStudy.verifyCoreOtherCharExceedError()]]>
              </value>
            </param>
          </params>
          <reporter-output>
          </reporter-output>
        </test-method> <!-- setup -->
        <test-method is-config="true" signature="setUpTest()[pri:0, instance:com.zenken.freshers.user.FieldOfStudy@2f01783a]" started-at="2024-11-20T16:09:01 IST" name="setUpTest" finished-at="2024-11-20T16:09:42 IST" duration-ms="40313" status="PASS">
          <reporter-output>
          </reporter-output>
        </test-method> <!-- setUpTest -->
        <test-method signature="verifyCoreOtherCharExceedError()[pri:0, instance:com.zenken.freshers.user.FieldOfStudy@2f01783a]" started-at="2024-11-20T16:09:42 IST" name="verifyCoreOtherCharExceedError" description="The test verifies that validation error for maximum characters occurs: Other (core field)" finished-at="2024-11-20T16:09:52 IST" duration-ms="10253" status="PASS">
          <reporter-output>
          </reporter-output>
        </test-method> <!-- verifyCoreOtherCharExceedError -->
        <test-method is-config="true" signature="tearDown()[pri:0, instance:com.zenken.freshers.user.FieldOfStudy@2f01783a]" started-at="2024-11-20T16:09:52 IST" name="tearDown" finished-at="2024-11-20T16:09:53 IST" duration-ms="1595" status="PASS">
          <reporter-output>
          </reporter-output>
        </test-method> <!-- tearDown -->
        <test-method is-config="true" signature="setup(java.lang.reflect.Method)[pri:0, instance:com.zenken.freshers.user.FieldOfStudy@2f01783a]" started-at="2024-11-20T16:09:53 IST" name="setup" finished-at="2024-11-20T16:09:55 IST" duration-ms="1912" status="PASS">
          <params>
            <param index="0">
              <value>
                <![CDATA[public void com.zenken.freshers.user.FieldOfStudy.verifyCoreOtherField()]]>
              </value>
            </param>
          </params>
          <reporter-output>
          </reporter-output>
        </test-method> <!-- setup -->
        <test-method is-config="true" signature="setUpTest()[pri:0, instance:com.zenken.freshers.user.FieldOfStudy@2f01783a]" started-at="2024-11-20T16:09:55 IST" name="setUpTest" finished-at="2024-11-20T16:10:21 IST" duration-ms="25950" status="PASS">
          <reporter-output>
          </reporter-output>
        </test-method> <!-- setUpTest -->
        <test-method signature="verifyCoreOtherField()[pri:0, instance:com.zenken.freshers.user.FieldOfStudy@2f01783a]" started-at="2024-11-20T16:10:21 IST" name="verifyCoreOtherField" description="This test verifies that a core other option can be saved and is displayed accordingly on preview page" finished-at="2024-11-20T16:10:43 IST" duration-ms="21540" status="PASS">
          <reporter-output>
          </reporter-output>
        </test-method> <!-- verifyCoreOtherField -->
        <test-method is-config="true" signature="tearDown()[pri:0, instance:com.zenken.freshers.user.FieldOfStudy@2f01783a]" started-at="2024-11-20T16:10:43 IST" name="tearDown" finished-at="2024-11-20T16:10:45 IST" duration-ms="1772" status="PASS">
          <reporter-output>
          </reporter-output>
        </test-method> <!-- tearDown -->
        <test-method is-config="true" signature="setup(java.lang.reflect.Method)[pri:0, instance:com.zenken.freshers.user.FieldOfStudy@2f01783a]" started-at="2024-11-20T16:10:45 IST" name="setup" finished-at="2024-11-20T16:10:46 IST" duration-ms="996" status="PASS">
          <params>
            <param index="0">
              <value>
                <![CDATA[public void com.zenken.freshers.user.FieldOfStudy.verifyCoreOtherFieldRequired()]]>
              </value>
            </param>
          </params>
          <reporter-output>
          </reporter-output>
        </test-method> <!-- setup -->
        <test-method is-config="true" signature="setUpTest()[pri:0, instance:com.zenken.freshers.user.FieldOfStudy@2f01783a]" started-at="2024-11-20T16:10:46 IST" name="setUpTest" finished-at="2024-11-20T16:11:19 IST" duration-ms="33770" status="PASS">
          <reporter-output>
          </reporter-output>
        </test-method> <!-- setUpTest -->
        <test-method signature="verifyCoreOtherFieldRequired()[pri:0, instance:com.zenken.freshers.user.FieldOfStudy@2f01783a]" started-at="2024-11-20T16:11:19 IST" name="verifyCoreOtherFieldRequired" description="This test verifies that validation error occurs when &#039;Other (core field)&#039; is blank" finished-at="2024-11-20T16:11:25 IST" duration-ms="5866" status="PASS">
          <reporter-output>
          </reporter-output>
        </test-method> <!-- verifyCoreOtherFieldRequired -->
        <test-method is-config="true" signature="tearDown()[pri:0, instance:com.zenken.freshers.user.FieldOfStudy@2f01783a]" started-at="2024-11-20T16:11:25 IST" name="tearDown" finished-at="2024-11-20T16:11:27 IST" duration-ms="1397" status="PASS">
          <reporter-output>
          </reporter-output>
        </test-method> <!-- tearDown -->
        <test-method is-config="true" signature="setup(java.lang.reflect.Method)[pri:0, instance:com.zenken.freshers.user.FieldOfStudy@2f01783a]" started-at="2024-11-20T16:11:27 IST" name="setup" finished-at="2024-11-20T16:11:27 IST" duration-ms="840" status="PASS">
          <params>
            <param index="0">
              <value>
                <![CDATA[public void com.zenken.freshers.user.FieldOfStudy.verifyCoreOtherPlaceholder()]]>
              </value>
            </param>
          </params>
          <reporter-output>
          </reporter-output>
        </test-method> <!-- setup -->
        <test-method is-config="true" signature="setUpTest()[pri:0, instance:com.zenken.freshers.user.FieldOfStudy@2f01783a]" started-at="2024-11-20T16:11:27 IST" name="setUpTest" finished-at="2024-11-20T16:11:41 IST" duration-ms="13507" status="PASS">
          <reporter-output>
          </reporter-output>
        </test-method> <!-- setUpTest -->
        <test-method signature="verifyCoreOtherPlaceholder()[pri:0, instance:com.zenken.freshers.user.FieldOfStudy@2f01783a]" started-at="2024-11-20T16:11:41 IST" name="verifyCoreOtherPlaceholder" description="This test verifies that placeholder for &#039;Other (core field)&#039; text box is correct" finished-at="2024-11-20T16:11:42 IST" duration-ms="649" status="PASS">
          <reporter-output>
          </reporter-output>
        </test-method> <!-- verifyCoreOtherPlaceholder -->
        <test-method is-config="true" signature="tearDown()[pri:0, instance:com.zenken.freshers.user.FieldOfStudy@2f01783a]" started-at="2024-11-20T16:11:42 IST" name="tearDown" finished-at="2024-11-20T16:11:43 IST" duration-ms="1839" status="PASS">
          <reporter-output>
          </reporter-output>
        </test-method> <!-- tearDown -->
        <test-method is-config="true" signature="setup(java.lang.reflect.Method)[pri:0, instance:com.zenken.freshers.user.FieldOfStudy@2f01783a]" started-at="2024-11-20T16:11:43 IST" name="setup" finished-at="2024-11-20T16:11:44 IST" duration-ms="1056" status="PASS">
          <params>
            <param index="0">
              <value>
                <![CDATA[public void com.zenken.freshers.user.FieldOfStudy.verifyCoreOtherTextBoxStates()]]>
              </value>
            </param>
          </params>
          <reporter-output>
          </reporter-output>
        </test-method> <!-- setup -->
        <test-method is-config="true" signature="setUpTest()[pri:0, instance:com.zenken.freshers.user.FieldOfStudy@2f01783a]" started-at="2024-11-20T16:11:44 IST" name="setUpTest" finished-at="2024-11-20T16:12:16 IST" duration-ms="31455" status="PASS">
          <reporter-output>
          </reporter-output>
        </test-method> <!-- setUpTest -->
        <test-method signature="verifyCoreOtherTextBoxStates()[pri:0, instance:com.zenken.freshers.user.FieldOfStudy@2f01783a]" started-at="2024-11-20T16:12:16 IST" name="verifyCoreOtherTextBoxStates" description="This test verifies that the text box for &#039;Other (core field)&#039; turns active/inactive based on the options selected" finished-at="2024-11-20T16:12:17 IST" duration-ms="905" status="PASS">
          <reporter-output>
          </reporter-output>
        </test-method> <!-- verifyCoreOtherTextBoxStates -->
        <test-method is-config="true" signature="tearDown()[pri:0, instance:com.zenken.freshers.user.FieldOfStudy@2f01783a]" started-at="2024-11-20T16:12:17 IST" name="tearDown" finished-at="2024-11-20T16:12:18 IST" duration-ms="1410" status="PASS">
          <reporter-output>
          </reporter-output>
        </test-method> <!-- tearDown -->
        <test-method is-config="true" signature="setup(java.lang.reflect.Method)[pri:0, instance:com.zenken.freshers.user.FieldOfStudy@2f01783a]" started-at="2024-11-20T16:12:18 IST" name="setup" finished-at="2024-11-20T16:12:21 IST" duration-ms="2519" status="PASS">
          <params>
            <param index="0">
              <value>
                <![CDATA[public void com.zenken.freshers.user.FieldOfStudy.verifyFieldOfStudyUrl()]]>
              </value>
            </param>
          </params>
          <reporter-output>
          </reporter-output>
        </test-method> <!-- setup -->
        <test-method is-config="true" signature="setUpTest()[pri:0, instance:com.zenken.freshers.user.FieldOfStudy@2f01783a]" started-at="2024-11-20T16:12:21 IST" name="setUpTest" finished-at="2024-11-20T16:12:52 IST" duration-ms="31053" status="PASS">
          <reporter-output>
          </reporter-output>
        </test-method> <!-- setUpTest -->
        <test-method signature="verifyFieldOfStudyUrl()[pri:0, instance:com.zenken.freshers.user.FieldOfStudy@2f01783a]" started-at="2024-11-20T16:12:52 IST" name="verifyFieldOfStudyUrl" description="This test verifies that user is redirected to Field of Study edit page" finished-at="2024-11-20T16:12:52 IST" duration-ms="40" status="PASS">
          <reporter-output>
          </reporter-output>
        </test-method> <!-- verifyFieldOfStudyUrl -->
        <test-method is-config="true" signature="tearDown()[pri:0, instance:com.zenken.freshers.user.FieldOfStudy@2f01783a]" started-at="2024-11-20T16:12:52 IST" name="tearDown" finished-at="2024-11-20T16:12:53 IST" duration-ms="1317" status="PASS">
          <reporter-output>
          </reporter-output>
        </test-method> <!-- tearDown -->
        <test-method is-config="true" signature="setup(java.lang.reflect.Method)[pri:0, instance:com.zenken.freshers.user.FieldOfStudy@2f01783a]" started-at="2024-11-20T16:12:53 IST" name="setup" finished-at="2024-11-20T16:12:56 IST" duration-ms="2572" status="PASS">
          <params>
            <param index="0">
              <value>
                <![CDATA[public void com.zenken.freshers.user.FieldOfStudy.verifyITOptionSelection() throws java.lang.InterruptedException]]>
              </value>
            </param>
          </params>
          <reporter-output>
          </reporter-output>
        </test-method> <!-- setup -->
        <test-method is-config="true" signature="setUpTest()[pri:0, instance:com.zenken.freshers.user.FieldOfStudy@2f01783a]" started-at="2024-11-20T16:12:56 IST" name="setUpTest" finished-at="2024-11-20T16:13:19 IST" duration-ms="23716" status="PASS">
          <reporter-output>
          </reporter-output>
        </test-method> <!-- setUpTest -->
        <test-method signature="verifyITOptionSelection()[pri:0, instance:com.zenken.freshers.user.FieldOfStudy@2f01783a]" started-at="2024-11-20T16:13:19 IST" name="verifyITOptionSelection" description="This test verifies that an IT option can be saved and is displayed accordingly on preview page" finished-at="2024-11-20T16:13:25 IST" duration-ms="5742" status="PASS">
          <reporter-output>
          </reporter-output>
        </test-method> <!-- verifyITOptionSelection -->
        <test-method is-config="true" signature="tearDown()[pri:0, instance:com.zenken.freshers.user.FieldOfStudy@2f01783a]" started-at="2024-11-20T16:13:25 IST" name="tearDown" finished-at="2024-11-20T16:13:27 IST" duration-ms="1366" status="PASS">
          <reporter-output>
          </reporter-output>
        </test-method> <!-- tearDown -->
        <test-method is-config="true" signature="setup(java.lang.reflect.Method)[pri:0, instance:com.zenken.freshers.user.FieldOfStudy@2f01783a]" started-at="2024-11-20T16:13:27 IST" name="setup" finished-at="2024-11-20T16:13:29 IST" duration-ms="2442" status="PASS">
          <params>
            <param index="0">
              <value>
                <![CDATA[public void com.zenken.freshers.user.FieldOfStudy.verifyITOptions()]]>
              </value>
            </param>
          </params>
          <reporter-output>
          </reporter-output>
        </test-method> <!-- setup -->
        <test-method is-config="true" signature="setUpTest()[pri:0, instance:com.zenken.freshers.user.FieldOfStudy@2f01783a]" started-at="2024-11-20T16:13:29 IST" name="setUpTest" finished-at="2024-11-20T16:13:48 IST" duration-ms="18527" status="PASS">
          <reporter-output>
          </reporter-output>
        </test-method> <!-- setUpTest -->
        <test-method signature="verifyITOptions()[pri:0, instance:com.zenken.freshers.user.FieldOfStudy@2f01783a]" started-at="2024-11-20T16:13:48 IST" name="verifyITOptions" description="This test verifies that expected options are displayed for &#039;IT&#039; field" finished-at="2024-11-20T16:13:48 IST" duration-ms="287" status="PASS">
          <reporter-output>
          </reporter-output>
        </test-method> <!-- verifyITOptions -->
        <test-method is-config="true" signature="tearDown()[pri:0, instance:com.zenken.freshers.user.FieldOfStudy@2f01783a]" started-at="2024-11-20T16:13:48 IST" name="tearDown" finished-at="2024-11-20T16:13:49 IST" duration-ms="1405" status="PASS">
          <reporter-output>
          </reporter-output>
        </test-method> <!-- tearDown -->
        <test-method is-config="true" signature="setup(java.lang.reflect.Method)[pri:0, instance:com.zenken.freshers.user.FieldOfStudy@2f01783a]" started-at="2024-11-20T16:13:49 IST" name="setup" finished-at="2024-11-20T16:13:52 IST" duration-ms="2558" status="PASS">
          <params>
            <param index="0">
              <value>
                <![CDATA[public void com.zenken.freshers.user.FieldOfStudy.verifyITOtherCharExceedError()]]>
              </value>
            </param>
          </params>
          <reporter-output>
          </reporter-output>
        </test-method> <!-- setup -->
        <test-method is-config="true" signature="setUpTest()[pri:0, instance:com.zenken.freshers.user.FieldOfStudy@2f01783a]" started-at="2024-11-20T16:13:52 IST" name="setUpTest" finished-at="2024-11-20T16:14:13 IST" duration-ms="20975" status="PASS">
          <reporter-output>
          </reporter-output>
        </test-method> <!-- setUpTest -->
        <test-method signature="verifyITOtherCharExceedError()[pri:0, instance:com.zenken.freshers.user.FieldOfStudy@2f01783a]" started-at="2024-11-20T16:14:13 IST" name="verifyITOtherCharExceedError" description="The test verifies that validation error for maximum characters occurs: Other (IT field)" finished-at="2024-11-20T16:14:18 IST" duration-ms="4909" status="PASS">
          <reporter-output>
          </reporter-output>
        </test-method> <!-- verifyITOtherCharExceedError -->
        <test-method is-config="true" signature="tearDown()[pri:0, instance:com.zenken.freshers.user.FieldOfStudy@2f01783a]" started-at="2024-11-20T16:14:18 IST" name="tearDown" finished-at="2024-11-20T16:14:19 IST" duration-ms="1408" status="PASS">
          <reporter-output>
          </reporter-output>
        </test-method> <!-- tearDown -->
        <test-method is-config="true" signature="setup(java.lang.reflect.Method)[pri:0, instance:com.zenken.freshers.user.FieldOfStudy@2f01783a]" started-at="2024-11-20T16:14:19 IST" name="setup" finished-at="2024-11-20T16:14:22 IST" duration-ms="2537" status="PASS">
          <params>
            <param index="0">
              <value>
                <![CDATA[public void com.zenken.freshers.user.FieldOfStudy.verifyITOtherFieldRequired()]]>
              </value>
            </param>
          </params>
          <reporter-output>
          </reporter-output>
        </test-method> <!-- setup -->
        <test-method is-config="true" signature="setUpTest()[pri:0, instance:com.zenken.freshers.user.FieldOfStudy@2f01783a]" started-at="2024-11-20T16:14:22 IST" name="setUpTest" finished-at="2024-11-20T16:14:36 IST" duration-ms="14695" status="PASS">
          <reporter-output>
          </reporter-output>
        </test-method> <!-- setUpTest -->
        <test-method signature="verifyITOtherFieldRequired()[pri:0, instance:com.zenken.freshers.user.FieldOfStudy@2f01783a]" started-at="2024-11-20T16:14:36 IST" name="verifyITOtherFieldRequired" description="This test verifies that validation error occurs when &#039;Other (IT field)&#039; is blank" finished-at="2024-11-20T16:14:40 IST" duration-ms="3209" status="PASS">
          <reporter-output>
          </reporter-output>
        </test-method> <!-- verifyITOtherFieldRequired -->
        <test-method is-config="true" signature="tearDown()[pri:0, instance:com.zenken.freshers.user.FieldOfStudy@2f01783a]" started-at="2024-11-20T16:14:40 IST" name="tearDown" finished-at="2024-11-20T16:14:41 IST" duration-ms="1384" status="PASS">
          <reporter-output>
          </reporter-output>
        </test-method> <!-- tearDown -->
        <test-method is-config="true" signature="setup(java.lang.reflect.Method)[pri:0, instance:com.zenken.freshers.user.FieldOfStudy@2f01783a]" started-at="2024-11-20T16:14:41 IST" name="setup" finished-at="2024-11-20T16:14:43 IST" duration-ms="2509" status="PASS">
          <params>
            <param index="0">
              <value>
                <![CDATA[public void com.zenken.freshers.user.FieldOfStudy.verifyITOtherPlaceholder()]]>
              </value>
            </param>
          </params>
          <reporter-output>
          </reporter-output>
        </test-method> <!-- setup -->
        <test-method is-config="true" signature="setUpTest()[pri:0, instance:com.zenken.freshers.user.FieldOfStudy@2f01783a]" started-at="2024-11-20T16:14:43 IST" name="setUpTest" finished-at="2024-11-20T16:14:59 IST" duration-ms="15333" status="PASS">
          <reporter-output>
          </reporter-output>
        </test-method> <!-- setUpTest -->
        <test-method signature="verifyITOtherPlaceholder()[pri:0, instance:com.zenken.freshers.user.FieldOfStudy@2f01783a]" started-at="2024-11-20T16:14:59 IST" name="verifyITOtherPlaceholder" description="This test verifies that placeholder for &#039;Other (IT field)&#039; text box is correct" finished-at="2024-11-20T16:14:59 IST" duration-ms="262" status="PASS">
          <reporter-output>
          </reporter-output>
        </test-method> <!-- verifyITOtherPlaceholder -->
        <test-method is-config="true" signature="tearDown()[pri:0, instance:com.zenken.freshers.user.FieldOfStudy@2f01783a]" started-at="2024-11-20T16:14:59 IST" name="tearDown" finished-at="2024-11-20T16:15:00 IST" duration-ms="1329" status="PASS">
          <reporter-output>
          </reporter-output>
        </test-method> <!-- tearDown -->
        <test-method is-config="true" signature="setup(java.lang.reflect.Method)[pri:0, instance:com.zenken.freshers.user.FieldOfStudy@2f01783a]" started-at="2024-11-20T16:15:00 IST" name="setup" finished-at="2024-11-20T16:15:03 IST" duration-ms="2455" status="PASS">
          <params>
            <param index="0">
              <value>
                <![CDATA[public void com.zenken.freshers.user.FieldOfStudy.verifyITOtherTextBoxStates()]]>
              </value>
            </param>
          </params>
          <reporter-output>
          </reporter-output>
        </test-method> <!-- setup -->
        <test-method is-config="true" signature="setUpTest()[pri:0, instance:com.zenken.freshers.user.FieldOfStudy@2f01783a]" started-at="2024-11-20T16:15:03 IST" name="setUpTest" finished-at="2024-11-20T16:15:12 IST" duration-ms="8817" status="PASS">
          <reporter-output>
          </reporter-output>
        </test-method> <!-- setUpTest -->
        <test-method signature="verifyITOtherTextBoxStates()[pri:0, instance:com.zenken.freshers.user.FieldOfStudy@2f01783a]" started-at="2024-11-20T16:15:12 IST" name="verifyITOtherTextBoxStates" description="This test verifies that the text box for &#039;Other (IT field)&#039; turns active/inactive based on the options selected" finished-at="2024-11-20T16:15:13 IST" duration-ms="1217" status="PASS">
          <reporter-output>
          </reporter-output>
        </test-method> <!-- verifyITOtherTextBoxStates -->
        <test-method is-config="true" signature="tearDown()[pri:0, instance:com.zenken.freshers.user.FieldOfStudy@2f01783a]" started-at="2024-11-20T16:15:13 IST" name="tearDown" finished-at="2024-11-20T16:15:14 IST" duration-ms="1235" status="PASS">
          <reporter-output>
          </reporter-output>
        </test-method> <!-- tearDown -->
        <test-method is-config="true" signature="setup(java.lang.reflect.Method)[pri:0, instance:com.zenken.freshers.user.FieldOfStudy@2f01783a]" started-at="2024-11-20T16:15:14 IST" name="setup" finished-at="2024-11-20T16:15:15 IST" duration-ms="868" status="PASS">
          <params>
            <param index="0">
              <value>
                <![CDATA[public void com.zenken.freshers.user.FieldOfStudy.verifyResearchRequired()]]>
              </value>
            </param>
          </params>
          <reporter-output>
          </reporter-output>
        </test-method> <!-- setup -->
        <test-method is-config="true" signature="setUpTest()[pri:0, instance:com.zenken.freshers.user.FieldOfStudy@2f01783a]" started-at="2024-11-20T16:15:15 IST" name="setUpTest" finished-at="2024-11-20T16:15:24 IST" duration-ms="8924" status="PASS">
          <reporter-output>
          </reporter-output>
        </test-method> <!-- setUpTest -->
        <test-method signature="verifyResearchRequired()[pri:0, instance:com.zenken.freshers.user.FieldOfStudy@2f01783a]" started-at="2024-11-20T16:15:24 IST" name="verifyResearchRequired" description="This test verifies that validation error occurs when area of research is not selected" finished-at="2024-11-20T16:15:26 IST" duration-ms="1810" status="PASS">
          <reporter-output>
          </reporter-output>
        </test-method> <!-- verifyResearchRequired -->
        <test-method is-config="true" signature="tearDown()[pri:0, instance:com.zenken.freshers.user.FieldOfStudy@2f01783a]" started-at="2024-11-20T16:15:26 IST" name="tearDown" finished-at="2024-11-20T16:15:27 IST" duration-ms="1327" status="PASS">
          <reporter-output>
          </reporter-output>
        </test-method> <!-- tearDown -->
        <test-method is-config="true" signature="setup(java.lang.reflect.Method)[pri:0, instance:com.zenken.freshers.user.FieldOfStudy@2f01783a]" started-at="2024-11-20T16:15:27 IST" name="setup" finished-at="2024-11-20T16:15:28 IST" duration-ms="826" status="PASS">
          <params>
            <param index="0">
              <value>
                <![CDATA[public void com.zenken.freshers.user.FieldOfStudy.verifyITOtherField()]]>
              </value>
            </param>
          </params>
          <reporter-output>
          </reporter-output>
        </test-method> <!-- setup -->
        <test-method is-config="true" signature="setUpTest()[pri:0, instance:com.zenken.freshers.user.FieldOfStudy@2f01783a]" started-at="2024-11-20T16:15:28 IST" name="setUpTest" finished-at="2024-11-20T16:15:37 IST" duration-ms="9417" status="PASS">
          <reporter-output>
          </reporter-output>
        </test-method> <!-- setUpTest -->
        <test-method signature="verifyITOtherField()[pri:1, instance:com.zenken.freshers.user.FieldOfStudy@2f01783a]" started-at="2024-11-20T16:15:37 IST" name="verifyITOtherField" description="This test verifies that an IT other option can be saved and is displayed accordingly on preview page" finished-at="2024-11-20T16:15:41 IST" duration-ms="3731" status="PASS">
          <reporter-output>
          </reporter-output>
        </test-method> <!-- verifyITOtherField -->
        <test-method is-config="true" signature="tearDown()[pri:0, instance:com.zenken.freshers.user.FieldOfStudy@2f01783a]" started-at="2024-11-20T16:15:41 IST" name="tearDown" finished-at="2024-11-20T16:15:42 IST" duration-ms="1376" status="PASS">
          <reporter-output>
          </reporter-output>
        </test-method> <!-- tearDown -->
        <test-method is-config="true" signature="setup(java.lang.reflect.Method)[pri:0, instance:com.zenken.freshers.user.FieldOfStudy@2f01783a]" started-at="2024-11-20T16:15:42 IST" name="setup" finished-at="2024-11-20T16:15:43 IST" duration-ms="854" status="PASS">
          <params>
            <param index="0">
              <value>
                <![CDATA[public void com.zenken.freshers.user.FieldOfStudy.verifyCoreFieldRequired()]]>
              </value>
            </param>
          </params>
          <reporter-output>
          </reporter-output>
        </test-method> <!-- setup -->
        <test-method is-config="true" signature="setUpTest()[pri:0, instance:com.zenken.freshers.user.FieldOfStudy@2f01783a]" started-at="2024-11-20T16:15:43 IST" name="setUpTest" finished-at="2024-11-20T16:15:54 IST" duration-ms="10345" status="PASS">
          <reporter-output>
          </reporter-output>
        </test-method> <!-- setUpTest -->
        <test-method signature="verifyCoreFieldRequired()[pri:2, instance:com.zenken.freshers.user.FieldOfStudy@2f01783a]" started-at="2024-11-20T16:15:54 IST" name="verifyCoreFieldRequired" description="This test verifies that validation error occurs when core area of study is not selected" finished-at="2024-11-20T16:15:55 IST" duration-ms="1781" status="PASS">
          <reporter-output>
          </reporter-output>
        </test-method> <!-- verifyCoreFieldRequired -->
        <test-method is-config="true" signature="tearDown()[pri:0, instance:com.zenken.freshers.user.FieldOfStudy@2f01783a]" started-at="2024-11-20T16:15:55 IST" name="tearDown" finished-at="2024-11-20T16:15:57 IST" duration-ms="1343" status="PASS">
          <reporter-output>
          </reporter-output>
        </test-method> <!-- tearDown -->
        <test-method is-config="true" signature="setup(java.lang.reflect.Method)[pri:0, instance:com.zenken.freshers.user.FieldOfStudy@2f01783a]" started-at="2024-11-20T16:15:57 IST" name="setup" finished-at="2024-11-20T16:15:58 IST" duration-ms="802" status="PASS">
          <params>
            <param index="0">
              <value>
                <![CDATA[public void com.zenken.freshers.user.FieldOfStudy.verifyCoreOptionSelection() throws java.io.IOException]]>
              </value>
            </param>
          </params>
          <reporter-output>
          </reporter-output>
        </test-method> <!-- setup -->
        <test-method is-config="true" signature="setUpTest()[pri:0, instance:com.zenken.freshers.user.FieldOfStudy@2f01783a]" started-at="2024-11-20T16:15:58 IST" name="setUpTest" finished-at="2024-11-20T16:16:05 IST" duration-ms="7962" status="PASS">
          <reporter-output>
          </reporter-output>
        </test-method> <!-- setUpTest -->
        <test-method signature="verifyCoreOptionSelection()[pri:3, instance:com.zenken.freshers.user.FieldOfStudy@2f01783a]" started-at="2024-11-20T16:16:05 IST" name="verifyCoreOptionSelection" description="This test verifies that a core option can be saved and is displayed accordingly on preview page" finished-at="2024-11-20T16:16:09 IST" duration-ms="3608" status="PASS">
          <reporter-output>
          </reporter-output>
        </test-method> <!-- verifyCoreOptionSelection -->
        <test-method is-config="true" signature="tearDown()[pri:0, instance:com.zenken.freshers.user.FieldOfStudy@2f01783a]" started-at="2024-11-20T16:16:09 IST" name="tearDown" finished-at="2024-11-20T16:16:10 IST" duration-ms="1414" status="PASS">
          <reporter-output>
          </reporter-output>
        </test-method> <!-- tearDown -->
        <test-method is-config="true" signature="setup(java.lang.reflect.Method)[pri:0, instance:com.zenken.freshers.user.FieldOfStudy@2f01783a]" started-at="2024-11-20T16:16:10 IST" name="setup" finished-at="2024-11-20T16:16:11 IST" duration-ms="825" status="PASS">
          <params>
            <param index="0">
              <value>
                <![CDATA[public void com.zenken.freshers.user.FieldOfStudy.verifyITFieldRequired()]]>
              </value>
            </param>
          </params>
          <reporter-output>
          </reporter-output>
        </test-method> <!-- setup -->
        <test-method is-config="true" signature="setUpTest()[pri:0, instance:com.zenken.freshers.user.FieldOfStudy@2f01783a]" started-at="2024-11-20T16:16:11 IST" name="setUpTest" finished-at="2024-11-20T16:16:20 IST" duration-ms="9134" status="PASS">
          <reporter-output>
          </reporter-output>
        </test-method> <!-- setUpTest -->
        <test-method signature="verifyITFieldRequired()[pri:4, instance:com.zenken.freshers.user.FieldOfStudy@2f01783a]" started-at="2024-11-20T16:16:20 IST" name="verifyITFieldRequired" description="This test verifies that validation error occurs when IT area of study is not selected" finished-at="2024-11-20T16:16:22 IST" duration-ms="1895" status="PASS">
          <reporter-output>
          </reporter-output>
        </test-method> <!-- verifyITFieldRequired -->
        <test-method is-config="true" signature="tearDown()[pri:0, instance:com.zenken.freshers.user.FieldOfStudy@2f01783a]" started-at="2024-11-20T16:16:22 IST" name="tearDown" finished-at="2024-11-20T16:16:24 IST" duration-ms="1365" status="PASS">
          <reporter-output>
          </reporter-output>
        </test-method> <!-- tearDown -->
      </class> <!-- com.zenken.freshers.user.FieldOfStudy -->
      <class name="com.zenken.freshers.user.JobPreferences">
        <test-method is-config="true" signature="setup(java.lang.reflect.Method)[pri:0, instance:com.zenken.freshers.user.JobPreferences@68746f22]" started-at="2024-11-20T16:07:19 IST" name="setup" finished-at="2024-11-20T16:07:23 IST" duration-ms="4196" status="PASS">
          <params>
            <param index="0">
              <value>
                <![CDATA[public void com.zenken.freshers.user.JobPreferences.verifyCancelRedirection()]]>
              </value>
            </param>
          </params>
          <reporter-output>
          </reporter-output>
        </test-method> <!-- setup -->
        <test-method is-config="true" signature="testSetUp()[pri:0, instance:com.zenken.freshers.user.JobPreferences@68746f22]" started-at="2024-11-20T16:07:23 IST" name="testSetUp" finished-at="2024-11-20T16:08:00 IST" duration-ms="37113" status="PASS">
          <reporter-output>
          </reporter-output>
        </test-method> <!-- testSetUp -->
        <test-method signature="verifyCancelRedirection()[pri:0, instance:com.zenken.freshers.user.JobPreferences@68746f22]" started-at="2024-11-20T16:08:00 IST" name="verifyCancelRedirection" description="This test verifies that the user is redirected to preview page upon clicking on &#039;Cancel&#039; button on Job Preference edit page" finished-at="2024-11-20T16:08:07 IST" duration-ms="6658" status="PASS">
          <reporter-output>
          </reporter-output>
        </test-method> <!-- verifyCancelRedirection -->
        <test-method is-config="true" signature="tearDown()[pri:0, instance:com.zenken.freshers.user.JobPreferences@68746f22]" started-at="2024-11-20T16:08:07 IST" name="tearDown" finished-at="2024-11-20T16:08:08 IST" duration-ms="1399" status="PASS">
          <reporter-output>
          </reporter-output>
        </test-method> <!-- tearDown -->
        <test-method is-config="true" signature="setup(java.lang.reflect.Method)[pri:0, instance:com.zenken.freshers.user.JobPreferences@68746f22]" started-at="2024-11-20T16:08:08 IST" name="setup" finished-at="2024-11-20T16:08:11 IST" duration-ms="2801" status="PASS">
          <params>
            <param index="0">
              <value>
                <![CDATA[public void com.zenken.freshers.user.JobPreferences.verifyCharExceedFirstPref()]]>
              </value>
            </param>
          </params>
          <reporter-output>
          </reporter-output>
        </test-method> <!-- setup -->
        <test-method is-config="true" signature="testSetUp()[pri:0, instance:com.zenken.freshers.user.JobPreferences@68746f22]" started-at="2024-11-20T16:08:11 IST" name="testSetUp" finished-at="2024-11-20T16:08:50 IST" duration-ms="39091" status="PASS">
          <reporter-output>
          </reporter-output>
        </test-method> <!-- testSetUp -->
        <test-method signature="verifyCharExceedFirstPref()[pri:0, instance:com.zenken.freshers.user.JobPreferences@68746f22]" started-at="2024-11-20T16:08:50 IST" name="verifyCharExceedFirstPref" description="The test verifies that validation error for maximum characters occurs: First Preference" finished-at="2024-11-20T16:08:57 IST" duration-ms="7044" status="PASS">
          <reporter-output>
          </reporter-output>
        </test-method> <!-- verifyCharExceedFirstPref -->
        <test-method is-config="true" signature="tearDown()[pri:0, instance:com.zenken.freshers.user.JobPreferences@68746f22]" started-at="2024-11-20T16:08:57 IST" name="tearDown" finished-at="2024-11-20T16:09:00 IST" duration-ms="2579" status="PASS">
          <reporter-output>
          </reporter-output>
        </test-method> <!-- tearDown -->
        <test-method is-config="true" signature="setup(java.lang.reflect.Method)[pri:0, instance:com.zenken.freshers.user.JobPreferences@68746f22]" started-at="2024-11-20T16:09:00 IST" name="setup" finished-at="2024-11-20T16:09:03 IST" duration-ms="2985" status="PASS">
          <params>
            <param index="0">
              <value>
                <![CDATA[public void com.zenken.freshers.user.JobPreferences.verifyCharExceedSecondPref()]]>
              </value>
            </param>
          </params>
          <reporter-output>
          </reporter-output>
        </test-method> <!-- setup -->
        <test-method is-config="true" signature="testSetUp()[pri:0, instance:com.zenken.freshers.user.JobPreferences@68746f22]" started-at="2024-11-20T16:09:03 IST" name="testSetUp" finished-at="2024-11-20T16:09:42 IST" duration-ms="38706" status="PASS">
          <reporter-output>
          </reporter-output>
        </test-method> <!-- testSetUp -->
        <test-method signature="verifyCharExceedSecondPref()[pri:0, instance:com.zenken.freshers.user.JobPreferences@68746f22]" started-at="2024-11-20T16:09:42 IST" name="verifyCharExceedSecondPref" description="The test verifies that validation error for maximum characters occurs: Second Preference" finished-at="2024-11-20T16:09:52 IST" duration-ms="10793" status="PASS">
          <reporter-output>
          </reporter-output>
        </test-method> <!-- verifyCharExceedSecondPref -->
[...]
          <params>
            <param index="0">
              <value>
                <![CDATA[public void com.zenken.freshers.user.JobPreferences.verifyPlaceholders()]]>
              </value>
            </param>
          </params>
          <reporter-output>
          </reporter-output>
        </test-method> <!-- setup -->
        <test-method is-config="true" signature="testSetUp()[pri:0, instance:com.zenken.freshers.user.JobPreferences@68746f22]" started-at="2024-11-20T16:12:15 IST" name="testSetUp" finished-at="2024-11-20T16:12:38 IST" duration-ms="23261" status="PASS">
          <reporter-output>
          </reporter-output>
        </test-method> <!-- testSetUp -->
        <test-method signature="verifyPlaceholders()[pri:0, instance:com.zenken.freshers.user.JobPreferences@68746f22]" started-at="2024-11-20T16:12:38 IST" name="verifyPlaceholders" description="This test verifies that the placeholders displayed are correct for all text boxes on Job Preferences edit page" finished-at="2024-11-20T16:12:38 IST" duration-ms="147" status="PASS">
          <reporter-output>
          </reporter-output>
        </test-method> <!-- verifyPlaceholders -->
        <test-method is-config="true" signature="tearDown()[pri:0, instance:com.zenken.freshers.user.JobPreferences@68746f22]" started-at="2024-11-20T16:12:38 IST" name="tearDown" finished-at="2024-11-20T16:12:40 IST" duration-ms="1437" status="PASS">
          <reporter-output>
          </reporter-output>
        </test-method> <!-- tearDown -->
        <test-method is-config="true" signature="setup(java.lang.reflect.Method)[pri:0, instance:com.zenken.freshers.user.JobPreferences@68746f22]" started-at="2024-11-20T16:12:40 IST" name="setup" finished-at="2024-11-20T16:12:42 IST" duration-ms="2561" status="PASS">
          <params>
            <param index="0">
              <value>
                <![CDATA[public void com.zenken.freshers.user.JobPreferences.verifyPreferencesOtherValue()]]>
              </value>
            </param>
          </params>
          <reporter-output>
          </reporter-output>
        </test-method> <!-- setup -->
        <test-method is-config="true" signature="testSetUp()[pri:0, instance:com.zenken.freshers.user.JobPreferences@68746f22]" started-at="2024-11-20T16:12:42 IST" name="testSetUp" finished-at="2024-11-20T16:13:02 IST" duration-ms="19522" status="PASS">
          <reporter-output>
          </reporter-output>
        </test-method> <!-- testSetUp -->
        <test-method signature="verifyPreferencesOtherValue()[pri:0, instance:com.zenken.freshers.user.JobPreferences@68746f22]" started-at="2024-11-20T16:13:02 IST" name="verifyPreferencesOtherValue" description="This test verifies that &#039;Other&#039; values entered are displayed accordingly on preview page" finished-at="2024-11-20T16:13:15 IST" duration-ms="13150" status="PASS">
          <reporter-output>
          </reporter-output>
        </test-method> <!-- verifyPreferencesOtherValue -->
        <test-method is-config="true" signature="tearDown()[pri:0, instance:com.zenken.freshers.user.JobPreferences@68746f22]" started-at="2024-11-20T16:13:15 IST" name="tearDown" finished-at="2024-11-20T16:13:16 IST" duration-ms="1259" status="PASS">
          <reporter-output>
          </reporter-output>
        </test-method> <!-- tearDown -->
        <test-method is-config="true" signature="setup(java.lang.reflect.Method)[pri:0, instance:com.zenken.freshers.user.JobPreferences@68746f22]" started-at="2024-11-20T16:13:16 IST" name="setup" finished-at="2024-11-20T16:13:17 IST" duration-ms="883" status="PASS">
          <params>
            <param index="0">
              <value>
                <![CDATA[public void com.zenken.freshers.user.JobPreferences.verifyPreferencesValues()]]>
              </value>
            </param>
          </params>
          <reporter-output>
          </reporter-output>
        </test-method> <!-- setup -->
        <test-method is-config="true" signature="testSetUp()[pri:0, instance:com.zenken.freshers.user.JobPreferences@68746f22]" started-at="2024-11-20T16:13:17 IST" name="testSetUp" finished-at="2024-11-20T16:13:34 IST" duration-ms="16565" status="PASS">
          <reporter-output>
          </reporter-output>
        </test-method> <!-- testSetUp -->
        <test-method signature="verifyPreferencesValues()[pri:0, instance:com.zenken.freshers.user.JobPreferences@68746f22]" started-at="2024-11-20T16:13:34 IST" name="verifyPreferencesValues" description="This test verifies that jon preferences can be saved and their values are displayed accordingly on preview page" finished-at="2024-11-20T16:13:46 IST" duration-ms="12650" status="PASS">
          <reporter-output>
          </reporter-output>
        </test-method> <!-- verifyPreferencesValues -->
        <test-method is-config="true" signature="tearDown()[pri:0, instance:com.zenken.freshers.user.JobPreferences@68746f22]" started-at="2024-11-20T16:13:46 IST" name="tearDown" finished-at="2024-11-20T16:13:48 IST" duration-ms="1382" status="PASS">
          <reporter-output>
          </reporter-output>
        </test-method> <!-- tearDown -->
        <test-method is-config="true" signature="setup(java.lang.reflect.Method)[pri:0, instance:com.zenken.freshers.user.JobPreferences@68746f22]" started-at="2024-11-20T16:13:48 IST" name="setup" finished-at="2024-11-20T16:13:48 IST" duration-ms="845" status="PASS">
          <params>
            <param index="0">
              <value>
                <![CDATA[public void com.zenken.freshers.user.JobPreferences.verifyRequiredToApplyTexts()]]>
              </value>
            </param>
          </params>
          <reporter-output>
          </reporter-output>
        </test-method> <!-- setup -->
        <test-method is-config="true" signature="testSetUp()[pri:0, instance:com.zenken.freshers.user.JobPreferences@68746f22]" started-at="2024-11-20T16:13:48 IST" name="testSetUp" finished-at="2024-11-20T16:14:03 IST" duration-ms="14749" status="PASS">
          <reporter-output>
          </reporter-output>
        </test-method> <!-- testSetUp -->
        <test-method signature="verifyRequiredToApplyTexts()[pri:0, instance:com.zenken.freshers.user.JobPreferences@68746f22]" started-at="2024-11-20T16:14:03 IST" name="verifyRequiredToApplyTexts" description="This test verifies that &#039;Required to apply&#039; text is displayed" finished-at="2024-11-20T16:14:16 IST" duration-ms="12839" status="PASS">
          <reporter-output>
          </reporter-output>
        </test-method> <!-- verifyRequiredToApplyTexts -->
        <test-method is-config="true" signature="tearDown()[pri:0, instance:com.zenken.freshers.user.JobPreferences@68746f22]" started-at="2024-11-20T16:14:16 IST" name="tearDown" finished-at="2024-11-20T16:14:17 IST" duration-ms="1411" status="PASS">
          <reporter-output>
          </reporter-output>
        </test-method> <!-- tearDown -->
        <test-method is-config="true" signature="setup(java.lang.reflect.Method)[pri:0, instance:com.zenken.freshers.user.JobPreferences@68746f22]" started-at="2024-11-20T16:14:17 IST" name="setup" finished-at="2024-11-20T16:14:19 IST" duration-ms="1127" status="PASS">
          <params>
            <param index="0">
              <value>
                <![CDATA[public void com.zenken.freshers.user.JobPreferences.verifySecondPreferenceStates()]]>
              </value>
            </param>
          </params>
          <reporter-output>
          </reporter-output>
        </test-method> <!-- setup -->
        <test-method is-config="true" signature="testSetUp()[pri:0, instance:com.zenken.freshers.user.JobPreferences@68746f22]" started-at="2024-11-20T16:14:19 IST" name="testSetUp" finished-at="2024-11-20T16:14:30 IST" duration-ms="11833" status="PASS">
          <reporter-output>
          </reporter-output>
        </test-method> <!-- testSetUp -->
        <test-method signature="verifySecondPreferenceStates()[pri:0, instance:com.zenken.freshers.user.JobPreferences@68746f22]" started-at="2024-11-20T16:14:30 IST" name="verifySecondPreferenceStates" description="This test verifies the activation and deactivation of Second Preference text box based on the option selected from the dropdown" finished-at="2024-11-20T16:14:42 IST" duration-ms="11095" status="PASS">
          <reporter-output>
          </reporter-output>
        </test-method> <!-- verifySecondPreferenceStates -->
        <test-method is-config="true" signature="tearDown()[pri:0, instance:com.zenken.freshers.user.JobPreferences@68746f22]" started-at="2024-11-20T16:14:42 IST" name="tearDown" finished-at="2024-11-20T16:14:43 IST" duration-ms="1440" status="PASS">
          <reporter-output>
          </reporter-output>
        </test-method> <!-- tearDown -->
        <test-method is-config="true" signature="setup(java.lang.reflect.Method)[pri:0, instance:com.zenken.freshers.user.JobPreferences@68746f22]" started-at="2024-11-20T16:14:43 IST" name="setup" finished-at="2024-11-20T16:14:44 IST" duration-ms="916" status="PASS">
          <params>
            <param index="0">
              <value>
                <![CDATA[public void com.zenken.freshers.user.JobPreferences.verifyThirdPreferenceStates()]]>
              </value>
            </param>
          </params>
          <reporter-output>
          </reporter-output>
        </test-method> <!-- setup -->
        <test-method is-config="true" signature="testSetUp()[pri:0, instance:com.zenken.freshers.user.JobPreferences@68746f22]" started-at="2024-11-20T16:14:44 IST" name="testSetUp" finished-at="2024-11-20T16:14:59 IST" duration-ms="14663" status="PASS">
          <reporter-output>
          </reporter-output>
        </test-method> <!-- testSetUp -->
        <test-method signature="verifyThirdPreferenceStates()[pri:0, instance:com.zenken.freshers.user.JobPreferences@68746f22]" started-at="2024-11-20T16:14:59 IST" name="verifyThirdPreferenceStates" description="This test verifies the activation and deactivation of Third Preference text box based on the option selected from the dropdown" finished-at="2024-11-20T16:15:08 IST" duration-ms="9096" status="PASS">
          <reporter-output>
          </reporter-output>
        </test-method> <!-- verifyThirdPreferenceStates -->
        <test-method is-config="true" signature="tearDown()[pri:0, instance:com.zenken.freshers.user.JobPreferences@68746f22]" started-at="2024-11-20T16:15:08 IST" name="tearDown" finished-at="2024-11-20T16:15:09 IST" duration-ms="1330" status="PASS">
          <reporter-output>
          </reporter-output>
        </test-method> <!-- tearDown -->
      </class> <!-- com.zenken.freshers.user.JobPreferences -->
      <class name="com.zenken.freshers.user.Settings">
        <test-method is-config="true" signature="setup(java.lang.reflect.Method)[pri:0, instance:com.zenken.freshers.user.Settings@2bdd8394]" started-at="2024-11-20T16:07:19 IST" name="setup" finished-at="2024-11-20T16:07:21 IST" duration-ms="1849" status="PASS">
          <params>
            <param index="0">
              <value>
                <![CDATA[public void com.zenken.freshers.user.Settings.verifySetDesTexts()]]>
              </value>
            </param>
          </params>
          <reporter-output>
          </reporter-output>
        </test-method> <!-- setup -->
        <test-method is-config="true" signature="setUpTest()[pri:0, instance:com.zenken.freshers.user.Settings@2bdd8394]" started-at="2024-11-20T16:07:21 IST" name="setUpTest" finished-at="2024-11-20T16:07:57 IST" duration-ms="36624" status="PASS">
          <reporter-output>
          </reporter-output>
        </test-method> <!-- setUpTest -->
        <test-method signature="verifySetDesTexts()[pri:0, instance:com.zenken.freshers.user.Settings@2bdd8394]" started-at="2024-11-20T16:07:57 IST" name="verifySetDesTexts" description="This test verifies that the texts describing &#039;Yaaay Midcareer&#039; and &#039;Zenken Newsletter&#039; are correct" finished-at="2024-11-20T16:08:01 IST" duration-ms="4009" status="PASS">
          <reporter-output>
          </reporter-output>
        </test-method> <!-- verifySetDesTexts -->
        <test-method is-config="true" signature="tearDown()[pri:0, instance:com.zenken.freshers.user.Settings@2bdd8394]" started-at="2024-11-20T16:08:01 IST" name="tearDown" finished-at="2024-11-20T16:08:03 IST" duration-ms="1360" status="PASS">
          <reporter-output>
          </reporter-output>
        </test-method> <!-- tearDown -->
        <test-method is-config="true" signature="setup(java.lang.reflect.Method)[pri:0, instance:com.zenken.freshers.user.Settings@2bdd8394]" started-at="2024-11-20T16:08:03 IST" name="setup" finished-at="2024-11-20T16:08:04 IST" duration-ms="1079" status="PASS">
          <params>
            <param index="0">
              <value>
                <![CDATA[public void com.zenken.freshers.user.Settings.verifySetNotSelected()]]>
              </value>
            </param>
          </params>
          <reporter-output>
          </reporter-output>
        </test-method> <!-- setup -->
        <test-method is-config="true" signature="setUpTest()[pri:0, instance:com.zenken.freshers.user.Settings@2bdd8394]" started-at="2024-11-20T16:08:04 IST" name="setUpTest" finished-at="2024-11-20T16:08:33 IST" duration-ms="29497" status="PASS">
          <reporter-output>
          </reporter-output>
        </test-method> <!-- setUpTest -->
        <test-method signature="verifySetNotSelected()[pri:0, instance:com.zenken.freshers.user.Settings@2bdd8394]" started-at="2024-11-20T16:08:33 IST" name="verifySetNotSelected" description="This test verifies that appropriate texts are displayed on preview page when checkboxes for &#039;Yaaay Midcareer&#039; and &#039;Zenken Newsletter&#039; are NOT selected" finished-at="2024-11-20T16:08:54 IST" duration-ms="20283" status="PASS">
          <reporter-output>
          </reporter-output>
        </test-method> <!-- verifySetNotSelected -->
        <test-method is-config="true" signature="tearDown()[pri:0, instance:com.zenken.freshers.user.Settings@2bdd8394]" started-at="2024-11-20T16:08:54 IST" name="tearDown" finished-at="2024-11-20T16:08:56 IST" duration-ms="2053" status="PASS">
          <reporter-output>
          </reporter-output>
        </test-method> <!-- tearDown -->
        <test-method is-config="true" signature="setup(java.lang.reflect.Method)[pri:0, instance:com.zenken.freshers.user.Settings@2bdd8394]" started-at="2024-11-20T16:08:56 IST" name="setup" finished-at="2024-11-20T16:08:58 IST" duration-ms="2674" status="PASS">
          <params>
            <param index="0">
              <value>
                <![CDATA[public void com.zenken.freshers.user.Settings.verifySetSelected()]]>
              </value>
            </param>
          </params>
          <reporter-output>
          </reporter-output>
        </test-method> <!-- setup -->
        <test-method is-config="true" signature="setUpTest()[pri:0, instance:com.zenken.freshers.user.Settings@2bdd8394]" started-at="2024-11-20T16:08:58 IST" name="setUpTest" finished-at="2024-11-20T16:09:33 IST" duration-ms="34158" status="PASS">
          <reporter-output>
          </reporter-output>
        </test-method> <!-- setUpTest -->
        <test-method signature="verifySetSelected()[pri:0, instance:com.zenken.freshers.user.Settings@2bdd8394]" started-at="2024-11-20T16:09:33 IST" name="verifySetSelected" description="This test verifies that appropriate texts are displayed on preview page when checkboxes for &#039;Yaaay Midcareer&#039; and &#039;Zenken Newsletter&#039; are selected" finished-at="2024-11-20T16:09:53 IST" duration-ms="20234" status="PASS">
          <reporter-output>
          </reporter-output>
        </test-method> <!-- verifySetSelected -->
        <test-method is-config="true" signature="tearDown()[pri:0, instance:com.zenken.freshers.user.Settings@2bdd8394]" started-at="2024-11-20T16:09:53 IST" name="tearDown" finished-at="2024-11-20T16:09:54 IST" duration-ms="1418" status="PASS">
          <reporter-output>
          </reporter-output>
        </test-method> <!-- tearDown -->
        <test-method is-config="true" signature="setup(java.lang.reflect.Method)[pri:0, instance:com.zenken.freshers.user.Settings@2bdd8394]" started-at="2024-11-20T16:09:54 IST" name="setup" finished-at="2024-11-20T16:09:57 IST" duration-ms="2596" status="PASS">
          <params>
            <param index="0">
              <value>
                <![CDATA[public void com.zenken.freshers.user.Settings.verifySettingsTitle()]]>
              </value>
            </param>
          </params>
          <reporter-output>
          </reporter-output>
        </test-method> <!-- setup -->
        <test-method is-config="true" signature="setUpTest()[pri:0, instance:com.zenken.freshers.user.Settings@2bdd8394]" started-at="2024-11-20T16:09:57 IST" name="setUpTest" finished-at="2024-11-20T16:10:36 IST" duration-ms="38850" status="PASS">
          <reporter-output>
          </reporter-output>
        </test-method> <!-- setUpTest -->
        <test-method signature="verifySettingsTitle()[pri:0, instance:com.zenken.freshers.user.Settings@2bdd8394]" started-at="2024-11-20T16:10:36 IST" name="verifySettingsTitle" description="This test verifies that Settings page title is correct" finished-at="2024-11-20T16:10:39 IST" duration-ms="3360" status="PASS">
          <reporter-output>
          </reporter-output>
        </test-method> <!-- verifySettingsTitle -->
        <test-method is-config="true" signature="tearDown()[pri:0, instance:com.zenken.freshers.user.Settings@2bdd8394]" started-at="2024-11-20T16:10:39 IST" name="tearDown" finished-at="2024-11-20T16:10:41 IST" duration-ms="1491" status="PASS">
          <reporter-output>
          </reporter-output>
        </test-method> <!-- tearDown -->
        <test-method is-config="true" signature="setup(java.lang.reflect.Method)[pri:0, instance:com.zenken.freshers.user.Settings@2bdd8394]" started-at="2024-11-20T16:10:41 IST" name="setup" finished-at="2024-11-20T16:10:43 IST" duration-ms="2801" status="PASS">
          <params>
            <param index="0">
              <value>
                <![CDATA[public void com.zenken.freshers.user.Settings.verifySettingsUrl() throws java.lang.InterruptedException]]>
              </value>
            </param>
          </params>
          <reporter-output>
          </reporter-output>
        </test-method> <!-- setup -->
        <test-method is-config="true" signature="setUpTest()[pri:0, instance:com.zenken.freshers.user.Settings@2bdd8394]" started-at="2024-11-20T16:10:43 IST" name="setUpTest" finished-at="2024-11-20T16:11:04 IST" duration-ms="21108" status="PASS">
          <reporter-output>
          </reporter-output>
        </test-method> <!-- setUpTest -->
        <test-method signature="verifySettingsUrl()[pri:0, instance:com.zenken.freshers.user.Settings@2bdd8394]" started-at="2024-11-20T16:11:04 IST" name="verifySettingsUrl" description="This test verifies that user is redirected to &#039;Settings&#039; edit page" finished-at="2024-11-20T16:11:09 IST" duration-ms="4113" status="PASS">
          <reporter-output>
          </reporter-output>
        </test-method> <!-- verifySettingsUrl -->
        <test-method is-config="true" signature="tearDown()[pri:0, instance:com.zenken.freshers.user.Settings@2bdd8394]" started-at="2024-11-20T16:11:09 IST" name="tearDown" finished-at="2024-11-20T16:11:10 IST" duration-ms="1344" status="PASS">
          <reporter-output>
          </reporter-output>
        </test-method> <!-- tearDown -->
      </class> <!-- com.zenken.freshers.user.Settings -->
    </test> <!-- Test -->
  </suite> <!-- Suite -->
</testng-results>
