<?xml version="1.0" encoding="UTF-8"?>
<testng-results retried="1" ignored="1" total="93" passed="91" failed="0" skipped="0">
  <reporter-output>
  </reporter-output>
  <suite started-at="2024-11-22T16:07:24 IST" name="Suite" finished-at="2024-11-22T16:24:10 IST" duration-ms="1006777">
    <groups>
    </groups>
    <test started-at="2024-11-22T16:07:24 IST" name="Test" finished-at="2024-11-22T16:24:10 IST" duration-ms="1006777">
      <class name="com.zenken.freshers.user.Projects">
        <test-method is-config="true" signature="setup(java.lang.reflect.Method)[pri:0, instance:com.zenken.freshers.user.Projects@565f390]" started-at="2024-11-22T16:07:24 IST" name="setup" finished-at="2024-11-22T16:07:29 IST" duration-ms="5041" status="PASS">
          <params>
            <param index="0">
              <value>
                <![CDATA[public void com.zenken.freshers.user.Projects.verifyProjectsNewUrl()]]>
              </value>
            </param>
          </params>
          <reporter-output>
          </reporter-output>
        </test-method> <!-- setup -->
        <test-method is-config="true" signature="setUpTest()[pri:0, instance:com.zenken.freshers.user.Projects@565f390]" started-at="2024-11-22T16:07:29 IST" name="setUpTest" finished-at="2024-11-22T16:09:03 IST" duration-ms="93878" status="PASS">
          <reporter-output>
          </reporter-output>
        </test-method> <!-- setUpTest -->
        <test-method signature="verifyProjectsNewUrl()[pri:1, instance:com.zenken.freshers.user.Projects@565f390]" started-at="2024-11-22T16:09:03 IST" name="verifyProjectsNewUrl" description="This test verifies that the expected &#039;Project New&#039; URL and headline are displayed" finished-at="2024-11-22T16:09:07 IST" duration-ms="4441" status="PASS">
          <reporter-output>
          </reporter-output>
        </test-method> <!-- verifyProjectsNewUrl -->
        <test-method is-config="true" signature="tearDown()[pri:0, instance:com.zenken.freshers.user.Projects@565f390]" started-at="2024-11-22T16:09:07 IST" name="tearDown" finished-at="2024-11-22T16:09:08 IST" duration-ms="1379" status="PASS">
          <reporter-output>
          </reporter-output>
        </test-method> <!-- tearDown -->
        <test-method is-config="true" signature="setup(java.lang.reflect.Method)[pri:0, instance:com.zenken.freshers.user.Projects@565f390]" started-at="2024-11-22T16:09:08 IST" name="setup" finished-at="2024-11-22T16:09:11 IST" duration-ms="2869" status="PASS">
          <params>
            <param index="0">
              <value>
                <![CDATA[public void com.zenken.freshers.user.Projects.verifyProjectPageTitle()]]>
              </value>
            </param>
          </params>
          <reporter-output>
          </reporter-output>
        </test-method> <!-- setup -->
        <test-method is-config="true" signature="setUpTest()[pri:0, instance:com.zenken.freshers.user.Projects@565f390]" started-at="2024-11-22T16:09:11 IST" name="setUpTest" finished-at="2024-11-22T16:09:32 IST" duration-ms="20353" status="PASS">
          <reporter-output>
          </reporter-output>
        </test-method> <!-- setUpTest -->
        <test-method signature="verifyProjectPageTitle()[pri:2, instance:com.zenken.freshers.user.Projects@565f390]" started-at="2024-11-22T16:09:32 IST" name="verifyProjectPageTitle" description="This test verifies that the Project page title is correct" finished-at="2024-11-22T16:09:34 IST" duration-ms="1905" status="PASS">
          <reporter-output>
          </reporter-output>
        </test-method> <!-- verifyProjectPageTitle -->
        <test-method is-config="true" signature="tearDown()[pri:0, instance:com.zenken.freshers.user.Projects@565f390]" started-at="2024-11-22T16:09:34 IST" name="tearDown" finished-at="2024-11-22T16:09:35 IST" duration-ms="1434" status="PASS">
          <reporter-output>
          </reporter-output>
        </test-method> <!-- tearDown -->
        <test-method is-config="true" signature="setup(java.lang.reflect.Method)[pri:0, instance:com.zenken.freshers.user.Projects@565f390]" started-at="2024-11-22T16:09:35 IST" name="setup" finished-at="2024-11-22T16:09:39 IST" duration-ms="3643" status="PASS">
          <params>
            <param index="0">
              <value>
                <![CDATA[public void com.zenken.freshers.user.Projects.verifyProjectPlaceholders()]]>
              </value>
            </param>
          </params>
          <reporter-output>
          </reporter-output>
        </test-method> <!-- setup -->
        <test-method is-config="true" signature="setUpTest()[pri:0, instance:com.zenken.freshers.user.Projects@565f390]" started-at="2024-11-22T16:09:39 IST" name="setUpTest" finished-at="2024-11-22T16:09:59 IST" duration-ms="19956" status="PASS">
          <reporter-output>
          </reporter-output>
        </test-method> <!-- setUpTest -->
        <test-method signature="verifyProjectPlaceholders()[pri:3, instance:com.zenken.freshers.user.Projects@565f390]" started-at="2024-11-22T16:09:59 IST" name="verifyProjectPlaceholders" description="This test verifies that expected placeholders are displayed" finished-at="2024-11-22T16:10:01 IST" duration-ms="2540" status="PASS">
          <reporter-output>
          </reporter-output>
        </test-method> <!-- verifyProjectPlaceholders -->
        <test-method is-config="true" signature="tearDown()[pri:0, instance:com.zenken.freshers.user.Projects@565f390]" started-at="2024-11-22T16:10:01 IST" name="tearDown" finished-at="2024-11-22T16:10:03 IST" duration-ms="1612" status="PASS">
          <reporter-output>
          </reporter-output>
        </test-method> <!-- tearDown -->
        <test-method is-config="true" signature="setup(java.lang.reflect.Method)[pri:0, instance:com.zenken.freshers.user.Projects@565f390]" started-at="2024-11-22T16:10:03 IST" name="setup" finished-at="2024-11-22T16:10:06 IST" duration-ms="3361" status="PASS">
          <params>
            <param index="0">
              <value>
                <![CDATA[public void com.zenken.freshers.user.Projects.verifyProjectEndDateDdDisable()]]>
              </value>
            </param>
          </params>
          <reporter-output>
          </reporter-output>
        </test-method> <!-- setup -->
        <test-method is-config="true" signature="setUpTest()[pri:0, instance:com.zenken.freshers.user.Projects@565f390]" started-at="2024-11-22T16:10:06 IST" name="setUpTest" finished-at="2024-11-22T16:10:28 IST" duration-ms="21547" status="PASS">
          <reporter-output>
          </reporter-output>
        </test-method> <!-- setUpTest -->
        <test-method signature="verifyProjectEndDateDdDisable()[pri:4, instance:com.zenken.freshers.user.Projects@565f390]" started-at="2024-11-22T16:10:28 IST" name="verifyProjectEndDateDdDisable" description="This test verifies that End Date dropdowns turn inactive" finished-at="2024-11-22T16:10:33 IST" duration-ms="4966" status="PASS">
          <reporter-output>
          </reporter-output>
        </test-method> <!-- verifyProjectEndDateDdDisable -->
        <test-method is-config="true" signature="tearDown()[pri:0, instance:com.zenken.freshers.user.Projects@565f390]" started-at="2024-11-22T16:10:33 IST" name="tearDown" finished-at="2024-11-22T16:10:34 IST" duration-ms="1393" status="PASS">
          <reporter-output>
          </reporter-output>
        </test-method> <!-- tearDown -->
        <test-method is-config="true" signature="setup(java.lang.reflect.Method)[pri:0, instance:com.zenken.freshers.user.Projects@565f390]" started-at="2024-11-22T16:10:34 IST" name="setup" finished-at="2024-11-22T16:10:36 IST" duration-ms="2470" status="PASS">
          <params>
            <param index="0">
              <value>
                <![CDATA[public void com.zenken.freshers.user.Projects.verifyProjectAddition()]]>
              </value>
            </param>
          </params>
          <reporter-output>
          </reporter-output>
        </test-method> <!-- setup -->
        <test-method is-config="true" signature="setUpTest()[pri:0, instance:com.zenken.freshers.user.Projects@565f390]" started-at="2024-11-22T16:10:36 IST" name="setUpTest" finished-at="2024-11-22T16:11:03 IST" duration-ms="26267" status="PASS">
          <reporter-output>
          </reporter-output>
        </test-method> <!-- setUpTest -->
        <test-method signature="verifyProjectAddition()[pri:5, instance:com.zenken.freshers.user.Projects@565f390]" started-at="2024-11-22T16:11:03 IST" name="verifyProjectAddition" description="This test verifies that the project is added with only required to save fields" finished-at="2024-11-22T16:11:20 IST" duration-ms="17730" status="PASS">
          <reporter-output>
          </reporter-output>
        </test-method> <!-- verifyProjectAddition -->
        <test-method is-config="true" signature="tearDown()[pri:0, instance:com.zenken.freshers.user.Projects@565f390]" started-at="2024-11-22T16:11:20 IST" name="tearDown" finished-at="2024-11-22T16:11:22 IST" duration-ms="1255" status="PASS">
          <reporter-output>
          </reporter-output>
        </test-method> <!-- tearDown -->
        <test-method is-config="true" signature="setup(java.lang.reflect.Method)[pri:0, instance:com.zenken.freshers.user.Projects@565f390]" started-at="2024-11-22T16:11:22 IST" name="setup" finished-at="2024-11-22T16:11:24 IST" duration-ms="2593" status="PASS">
          <params>
            <param index="0">
              <value>
                <![CDATA[public void com.zenken.freshers.user.Projects.verifyProjectAdditionWithDetails()]]>
              </value>
            </param>
          </params>
          <reporter-output>
          </reporter-output>
        </test-method> <!-- setup -->
        <test-method is-config="true" signature="setUpTest()[pri:0, instance:com.zenken.freshers.user.Projects@565f390]" started-at="2024-11-22T16:11:24 IST" name="setUpTest" finished-at="2024-11-22T16:11:55 IST" duration-ms="30858" status="PASS">
          <reporter-output>
          </reporter-output>
        </test-method> <!-- setUpTest -->
        <test-method signature="verifyProjectAdditionWithDetails()[pri:6, instance:com.zenken.freshers.user.Projects@565f390]" started-at="2024-11-22T16:11:55 IST" name="verifyProjectAdditionWithDetails" description="This test verifies that a project is added with required to save fields + Project Overview" finished-at="2024-11-22T16:12:16 IST" duration-ms="20922" status="PASS">
          <reporter-output>
          </reporter-output>
        </test-method> <!-- verifyProjectAdditionWithDetails -->
        <test-method is-config="true" signature="tearDown()[pri:0, instance:com.zenken.freshers.user.Projects@565f390]" started-at="2024-11-22T16:12:16 IST" name="tearDown" finished-at="2024-11-22T16:12:18 IST" duration-ms="1469" status="PASS">
          <reporter-output>
          </reporter-output>
        </test-method> <!-- tearDown -->
        <test-method is-config="true" signature="setup(java.lang.reflect.Method)[pri:0, instance:com.zenken.freshers.user.Projects@565f390]" started-at="2024-11-22T16:12:18 IST" name="setup" finished-at="2024-11-22T16:12:21 IST" duration-ms="3034" status="PASS">
          <params>
            <param index="0">
              <value>
                <![CDATA[public void com.zenken.freshers.user.Projects.verifyProjectAdditionWithLink()]]>
              </value>
            </param>
          </params>
          <reporter-output>
          </reporter-output>
        </test-method> <!-- setup -->
        <test-method is-config="true" signature="setUpTest()[pri:0, instance:com.zenken.freshers.user.Projects@565f390]" started-at="2024-11-22T16:12:21 IST" name="setUpTest" finished-at="2024-11-22T16:12:49 IST" duration-ms="28617" status="PASS">
          <reporter-output>
          </reporter-output>
        </test-method> <!-- setUpTest -->
        <test-method signature="verifyProjectAdditionWithLink()[pri:7, instance:com.zenken.freshers.user.Projects@565f390]" started-at="2024-11-22T16:12:49 IST" name="verifyProjectAdditionWithLink" description="This test verifies that a project is added with required to save fields, Project Overview and Link" finished-at="2024-11-22T16:13:12 IST" duration-ms="22979" status="PASS">
          <reporter-output>
          </reporter-output>
        </test-method> <!-- verifyProjectAdditionWithLink -->
        <test-method is-config="true" signature="tearDown()[pri:0, instance:com.zenken.freshers.user.Projects@565f390]" started-at="2024-11-22T16:13:12 IST" name="tearDown" finished-at="2024-11-22T16:13:14 IST" duration-ms="1539" status="PASS">
          <reporter-output>
          </reporter-output>
        </test-method> <!-- tearDown -->
        <test-method is-config="true" signature="setup(java.lang.reflect.Method)[pri:0, instance:com.zenken.freshers.user.Projects@565f390]" started-at="2024-11-22T16:13:14 IST" name="setup" finished-at="2024-11-22T16:13:18 IST" duration-ms="3883" status="PASS">
          <params>
            <param index="0">
              <value>
                <![CDATA[public void com.zenken.freshers.user.Projects.verifyProjectLink()]]>
              </value>
            </param>
          </params>
          <reporter-output>
          </reporter-output>
        </test-method> <!-- setup -->
        <test-method is-config="true" signature="setUpTest()[pri:0, instance:com.zenken.freshers.user.Projects@565f390]" started-at="2024-11-22T16:13:18 IST" name="setUpTest" finished-at="2024-11-22T16:13:46 IST" duration-ms="28457" status="PASS">
          <reporter-output>
          </reporter-output>
        </test-method> <!-- setUpTest -->
        <test-method signature="verifyProjectLink()[pri:8, instance:com.zenken.freshers.user.Projects@565f390]" started-at="2024-11-22T16:13:46 IST" name="verifyProjectLink" description="This test verifies that the project link can be accessed from preview page" finished-at="2024-11-22T16:14:00 IST" duration-ms="13896" status="PASS">
          <reporter-output>
          </reporter-output>
        </test-method> <!-- verifyProjectLink -->
        <test-method is-config="true" signature="tearDown()[pri:0, instance:com.zenken.freshers.user.Projects@565f390]" started-at="2024-11-22T16:14:00 IST" name="tearDown" finished-at="2024-11-22T16:14:02 IST" duration-ms="1938" status="PASS">
          <reporter-output>
          </reporter-output>
        </test-method> <!-- tearDown -->
        <test-method is-config="true" signature="setup(java.lang.reflect.Method)[pri:0, instance:com.zenken.freshers.user.Projects@565f390]" started-at="2024-11-22T16:14:02 IST" name="setup" finished-at="2024-11-22T16:14:06 IST" duration-ms="3937" status="PASS">
          <params>
            <param index="0">
              <value>
                <![CDATA[public void com.zenken.freshers.user.Projects.verifyProjectFileUpload()]]>
              </value>
            </param>
          </params>
          <reporter-output>
          </reporter-output>
        </test-method> <!-- setup -->
        <test-method is-config="true" signature="setUpTest()[pri:0, instance:com.zenken.freshers.user.Projects@565f390]" started-at="2024-11-22T16:14:06 IST" name="setUpTest" finished-at="2024-11-22T16:14:35 IST" duration-ms="29421" status="PASS">
          <reporter-output>
          </reporter-output>
        </test-method> <!-- setUpTest -->
        <test-method signature="verifyProjectFileUpload()[pri:9, instance:com.zenken.freshers.user.Projects@565f390]" started-at="2024-11-22T16:14:35 IST" name="verifyProjectFileUpload" description="This test verifies that a project file can be uploaded" finished-at="2024-11-22T16:14:56 IST" duration-ms="20718" status="PASS">
          <reporter-output>
          </reporter-output>
        </test-method> <!-- verifyProjectFileUpload -->
        <test-method is-config="true" signature="tearDown()[pri:0, instance:com.zenken.freshers.user.Projects@565f390]" started-at="2024-11-22T16:14:56 IST" name="tearDown" finished-at="2024-11-22T16:14:58 IST" duration-ms="2093" status="PASS">
          <reporter-output>
          </reporter-output>
        </test-method> <!-- tearDown -->
        <test-method is-config="true" signature="setup(java.lang.reflect.Method)[pri:0, instance:com.zenken.freshers.user.Projects@565f390]" started-at="2024-11-22T16:14:58 IST" name="setup" finished-at="2024-11-22T16:15:01 IST" duration-ms="2972" status="PASS">
          <params>
            <param index="0">
              <value>
                <![CDATA[public void com.zenken.freshers.user.Projects.verifyDefaultProjectName()]]>
              </value>
            </param>
          </params>
          <reporter-output>
          </reporter-output>
        </test-method> <!-- setup -->
        <test-method is-config="true" signature="setUpTest()[pri:0, instance:com.zenken.freshers.user.Projects@565f390]" started-at="2024-11-22T16:15:01 IST" name="setUpTest" finished-at="2024-11-22T16:15:31 IST" duration-ms="29911" status="PASS">
          <reporter-output>
          </reporter-output>
        </test-method> <!-- setUpTest -->
        <test-method signature="verifyDefaultProjectName()[pri:10, instance:com.zenken.freshers.user.Projects@565f390]" started-at="2024-11-22T16:15:31 IST" name="verifyDefaultProjectName" description="This test verifies that default project name is correct" finished-at="2024-11-22T16:15:31 IST" duration-ms="91" status="PASS">
          <reporter-output>
          </reporter-output>
        </test-method> <!-- verifyDefaultProjectName -->
        <test-method is-config="true" signature="tearDown()[pri:0, instance:com.zenken.freshers.user.Projects@565f390]" started-at="2024-11-22T16:15:31 IST" name="tearDown" finished-at="2024-11-22T16:15:32 IST" duration-ms="1420" status="PASS">
          <reporter-output>
          </reporter-output>
        </test-method> <!-- tearDown -->
        <test-method is-config="true" signature="setup(java.lang.reflect.Method)[pri:0, instance:com.zenken.freshers.user.Projects@565f390]" started-at="2024-11-22T16:15:32 IST" name="setup" finished-at="2024-11-22T16:15:35 IST" duration-ms="2702" status="PASS">
          <params>
            <param index="0">
              <value>
                <![CDATA[public void com.zenken.freshers.user.Projects.verifyProjectAdditionWithFile() throws java.lang.InterruptedException]]>
              </value>
            </param>
          </params>
          <reporter-output>
          </reporter-output>
        </test-method> <!-- setup -->
        <test-method is-config="true" signature="setUpTest()[pri:0, instance:com.zenken.freshers.user.Projects@565f390]" started-at="2024-11-22T16:15:35 IST" name="setUpTest" finished-at="2024-11-22T16:15:53 IST" duration-ms="17980" status="PASS">
          <reporter-output>
          </reporter-output>
        </test-method> <!-- setUpTest -->
        <test-method signature="verifyProjectAdditionWithFile()[pri:11, instance:com.zenken.freshers.user.Projects@565f390]" started-at="2024-11-22T16:15:53 IST" name="verifyProjectAdditionWithFile" description="This test verifies that the project is added with file" finished-at="2024-11-22T16:16:35 IST" duration-ms="42278" status="PASS">
          <reporter-output>
          </reporter-output>
        </test-method> <!-- verifyProjectAdditionWithFile -->
        <test-method is-config="true" signature="tearDown()[pri:0, instance:com.zenken.freshers.user.Projects@565f390]" started-at="2024-11-22T16:16:35 IST" name="tearDown" finished-at="2024-11-22T16:16:37 IST" duration-ms="1438" status="PASS">
          <reporter-output>
          </reporter-output>
        </test-method> <!-- tearDown -->
        <test-method is-config="true" signature="setup(java.lang.reflect.Method)[pri:0, instance:com.zenken.freshers.user.Projects@565f390]" started-at="2024-11-22T16:16:37 IST" name="setup" finished-at="2024-11-22T16:16:39 IST" duration-ms="2483" status="PASS">
          <params>
            <param index="0">
              <value>
                <![CDATA[public void com.zenken.freshers.user.Projects.verifyProjectEditUrl()]]>
              </value>
            </param>
          </params>
          <reporter-output>
          </reporter-output>
        </test-method> <!-- setup -->
        <test-method is-config="true" signature="setUpTest()[pri:0, instance:com.zenken.freshers.user.Projects@565f390]" started-at="2024-11-22T16:16:39 IST" name="setUpTest" finished-at="2024-11-22T16:17:01 IST" duration-ms="21813" status="PASS">
          <reporter-output>
          </reporter-output>
        </test-method> <!-- setUpTest -->
        <test-method signature="verifyProjectEditUrl()[pri:12, instance:com.zenken.freshers.user.Projects@565f390]" started-at="2024-11-22T16:17:01 IST" name="verifyProjectEditUrl" description="This test verifies that expected &#039;Project Edit&#039; URL is displayed" finished-at="2024-11-22T16:17:03 IST" duration-ms="1508" status="PASS">
          <reporter-output>
          </reporter-output>
        </test-method> <!-- verifyProjectEditUrl -->
        <test-method is-config="true" signature="tearDown()[pri:0, instance:com.zenken.freshers.user.Projects@565f390]" started-at="2024-11-22T16:17:03 IST" name="tearDown" finished-at="2024-11-22T16:17:04 IST" duration-ms="1242" status="PASS">
          <reporter-output>
          </reporter-output>
        </test-method> <!-- tearDown -->
        <test-method is-config="true" signature="setup(java.lang.reflect.Method)[pri:0, instance:com.zenken.freshers.user.Projects@565f390]" started-at="2024-11-22T16:17:04 IST" name="setup" finished-at="2024-11-22T16:17:06 IST" duration-ms="2327" status="PASS">
          <params>
            <param index="0">
              <value>
                <![CDATA[public void com.zenken.freshers.user.Projects.verifyProjectSavedData()]]>
              </value>
            </param>
          </params>
          <reporter-output>
          </reporter-output>
        </test-method> <!-- setup -->
        <test-method is-config="true" signature="setUpTest()[pri:0, instance:com.zenken.freshers.user.Projects@565f390]" started-at="2024-11-22T16:17:06 IST" name="setUpTest" finished-at="2024-11-22T16:17:16 IST" duration-ms="9769" status="PASS">
          <reporter-output>
          </reporter-output>
        </test-method> <!-- setUpTest -->
        <test-method signature="verifyProjectSavedData()[pri:13, instance:com.zenken.freshers.user.Projects@565f390]" started-at="2024-11-22T16:17:16 IST" name="verifyProjectSavedData" description="This test verifies that the information saved for first project is correct" finished-at="2024-11-22T16:17:18 IST" duration-ms="2436" status="PASS">
          <reporter-output>
          </reporter-output>
        </test-method> <!-- verifyProjectSavedData -->
        <test-method is-config="true" signature="tearDown()[pri:0, instance:com.zenken.freshers.user.Projects@565f390]" started-at="2024-11-22T16:17:18 IST" name="tearDown" finished-at="2024-11-22T16:17:20 IST" duration-ms="1283" status="PASS">
          <reporter-output>
          </reporter-output>
        </test-method> <!-- tearDown -->
        <test-method is-config="true" signature="setup(java.lang.reflect.Method)[pri:0, instance:com.zenken.freshers.user.Projects@565f390]" started-at="2024-11-22T16:17:20 IST" name="setup" finished-at="2024-11-22T16:17:22 IST" duration-ms="2440" status="PASS">
          <params>
            <param index="0">
              <value>
                <![CDATA[public void com.zenken.freshers.user.Projects.verifyProjectCharCount()]]>
              </value>
            </param>
          </params>
          <reporter-output>
          </reporter-output>
        </test-method> <!-- setup -->
        <test-method is-config="true" signature="setUpTest()[pri:0, instance:com.zenken.freshers.user.Projects@565f390]" started-at="2024-11-22T16:17:22 IST" name="setUpTest" finished-at="2024-11-22T16:17:31 IST" duration-ms="9042" status="PASS">
          <reporter-output>
          </reporter-output>
        </test-method> <!-- setUpTest -->
        <test-method signature="verifyProjectCharCount()[pri:14, instance:com.zenken.freshers.user.Projects@565f390]" started-at="2024-11-22T16:17:31 IST" name="verifyProjectCharCount" description="This test verifies that the character count for Project Overview is dynamically updated" finished-at="2024-11-22T16:18:12 IST" duration-ms="40992" status="PASS">
          <reporter-output>
          </reporter-output>
        </test-method> <!-- verifyProjectCharCount -->
        <test-method is-config="true" signature="tearDown()[pri:0, instance:com.zenken.freshers.user.Projects@565f390]" started-at="2024-11-22T16:18:12 IST" name="tearDown" finished-at="2024-11-22T16:18:14 IST" duration-ms="1290" status="PASS">
          <reporter-output>
          </reporter-output>
        </test-method> <!-- tearDown -->
        <test-method is-config="true" signature="setup(java.lang.reflect.Method)[pri:0, instance:com.zenken.freshers.user.Projects@565f390]" started-at="2024-11-22T16:18:14 IST" name="setup" finished-at="2024-11-22T16:18:16 IST" duration-ms="2486" status="PASS">
          <params>
            <param index="0">
              <value>
                <![CDATA[public void com.zenken.freshers.user.Projects.verifyProjectFilesUpload()]]>
              </value>
            </param>
          </params>
          <reporter-output>
          </reporter-output>
        </test-method> <!-- setup -->
        <test-method is-config="true" signature="setUpTest()[pri:0, instance:com.zenken.freshers.user.Projects@565f390]" started-at="2024-11-22T16:18:16 IST" name="setUpTest" finished-at="2024-11-22T16:18:27 IST" duration-ms="11372" status="PASS">
          <reporter-output>
          </reporter-output>
        </test-method> <!-- setUpTest -->
        <test-method signature="verifyProjectFilesUpload()[pri:15, instance:com.zenken.freshers.user.Projects@565f390]" started-at="2024-11-22T16:18:27 IST" name="verifyProjectFilesUpload" description="This test verifies that multiple files with different formats are uploaded" finished-at="2024-11-22T16:18:45 IST" duration-ms="17152" status="PASS">
          <reporter-output>
          </reporter-output>
        </test-method> <!-- verifyProjectFilesUpload -->
        <test-method is-config="true" signature="tearDown()[pri:0, instance:com.zenken.freshers.user.Projects@565f390]" started-at="2024-11-22T16:18:45 IST" name="tearDown" finished-at="2024-11-22T16:18:46 IST" duration-ms="1342" status="PASS">
          <reporter-output>
          </reporter-output>
        </test-method> <!-- tearDown -->
        <test-method is-config="true" signature="setup(java.lang.reflect.Method)[pri:0, instance:com.zenken.freshers.user.Projects@565f390]" started-at="2024-11-22T16:18:46 IST" name="setup" finished-at="2024-11-22T16:18:48 IST" duration-ms="2455" status="PASS">
          <params>
            <param index="0">
              <value>
                <![CDATA[public void com.zenken.freshers.user.Projects.verifyProjectFileDelete()]]>
              </value>
            </param>
          </params>
          <reporter-output>
          </reporter-output>
        </test-method> <!-- setup -->
        <test-method is-config="true" signature="setUpTest()[pri:0, instance:com.zenken.freshers.user.Projects@565f390]" started-at="2024-11-22T16:18:48 IST" name="setUpTest" finished-at="2024-11-22T16:18:59 IST" duration-ms="10244" status="PASS">
          <reporter-output>
          </reporter-output>
        </test-method> <!-- setUpTest -->
        <test-method signature="verifyProjectFileDelete()[pri:16, instance:com.zenken.freshers.user.Projects@565f390]" started-at="2024-11-22T16:18:59 IST" name="verifyProjectFileDelete" description="This test verifies that the project file is deleted" finished-at="2024-11-22T16:19:01 IST" duration-ms="2473" status="PASS">
          <reporter-output>
          </reporter-output>
        </test-method> <!-- verifyProjectFileDelete -->
        <test-method is-config="true" signature="tearDown()[pri:0, instance:com.zenken.freshers.user.Projects@565f390]" started-at="2024-11-22T16:19:01 IST" name="tearDown" finished-at="2024-11-22T16:19:02 IST" duration-ms="1287" status="PASS">
          <reporter-output>
          </reporter-output>
        </test-method> <!-- tearDown -->
        <test-method is-config="true" signature="setup(java.lang.reflect.Method)[pri:0, instance:com.zenken.freshers.user.Projects@565f390]" started-at="2024-11-22T16:19:02 IST" name="setup" finished-at="2024-11-22T16:19:05 IST" duration-ms="2456" status="PASS">
          <params>
            <param index="0">
              <value>
                <![CDATA[public void com.zenken.freshers.user.Projects.verifyProjectCountExceed()]]>
              </value>
            </param>
          </params>
          <reporter-output>
          </reporter-output>
        </test-method> <!-- setup -->
        <test-method is-config="true" signature="setUpTest()[pri:0, instance:com.zenken.freshers.user.Projects@565f390]" started-at="2024-11-22T16:19:05 IST" name="setUpTest" finished-at="2024-11-22T16:19:16 IST" duration-ms="11291" status="PASS">
          <reporter-output>
          </reporter-output>
        </test-method> <!-- setUpTest -->
        <test-method signature="verifyProjectCountExceed()[pri:17, instance:com.zenken.freshers.user.Projects@565f390]" started-at="2024-11-22T16:19:16 IST" name="verifyProjectCountExceed" description="This test verifies that &#039;Add project&#039; button turns inactive once ten projects are added" finished-at="2024-11-22T16:19:35 IST" duration-ms="18790" status="PASS">
          <reporter-output>
          </reporter-output>
        </test-method> <!-- verifyProjectCountExceed -->
        <test-method is-config="true" signature="tearDown()[pri:0, instance:com.zenken.freshers.user.Projects@565f390]" started-at="2024-11-22T16:19:35 IST" name="tearDown" finished-at="2024-11-22T16:19:36 IST" duration-ms="1317" status="PASS">
          <reporter-output>
          </reporter-output>
        </test-method> <!-- tearDown -->
        <test-method is-config="true" signature="setup(java.lang.reflect.Method)[pri:0, instance:com.zenken.freshers.user.Projects@565f390]" started-at="2024-11-22T16:19:36 IST" name="setup" finished-at="2024-11-22T16:19:39 IST" duration-ms="2434" status="PASS">
          <params>
            <param index="0">
              <value>
                <![CDATA[public void com.zenken.freshers.user.Projects.verifyProjectDeletePopUp()]]>
              </value>
            </param>
          </params>
          <reporter-output>
          </reporter-output>
        </test-method> <!-- setup -->
        <test-method is-config="true" signature="setUpTest()[pri:0, instance:com.zenken.freshers.user.Projects@565f390]" started-at="2024-11-22T16:19:39 IST" name="setUpTest" finished-at="2024-11-22T16:19:48 IST" duration-ms="9682" status="PASS">
          <reporter-output>
          </reporter-output>
        </test-method> <!-- setUpTest -->
        <test-method signature="verifyProjectDeletePopUp()[pri:18, instance:com.zenken.freshers.user.Projects@565f390]" started-at="2024-11-22T16:19:48 IST" name="verifyProjectDeletePopUp" description="This test verifies that a confirmation popup to delete the project appears" finished-at="2024-11-22T16:19:51 IST" duration-ms="2368" status="PASS">
          <reporter-output>
          </reporter-output>
        </test-method> <!-- verifyProjectDeletePopUp -->
        <test-method is-config="true" signature="tearDown()[pri:0, instance:com.zenken.freshers.user.Projects@565f390]" started-at="2024-11-22T16:19:51 IST" name="tearDown" finished-at="2024-11-22T16:19:52 IST" duration-ms="1233" status="PASS">
          <reporter-output>
          </reporter-output>
        </test-method> <!-- tearDown -->
        <test-method is-config="true" signature="setup(java.lang.reflect.Method)[pri:0, instance:com.zenken.freshers.user.Projects@565f390]" started-at="2024-11-22T16:19:52 IST" name="setup" finished-at="2024-11-22T16:19:54 IST" duration-ms="2486" status="PASS">
          <params>
            <param index="0">
              <value>
                <![CDATA[public void com.zenken.freshers.user.Projects.verifyProjectDelete()]]>
              </value>
            </param>
          </params>
          <reporter-output>
          </reporter-output>
        </test-method> <!-- setup -->
        <test-method is-config="true" signature="setUpTest()[pri:0, instance:com.zenken.freshers.user.Projects@565f390]" started-at="2024-11-22T16:19:54 IST" name="setUpTest" finished-at="2024-11-22T16:20:05 IST" duration-ms="10306" status="PASS">
          <reporter-output>
          </reporter-output>
        </test-method> <!-- setUpTest -->
        <test-method signature="verifyProjectDelete()[pri:19, instance:com.zenken.freshers.user.Projects@565f390]" started-at="2024-11-22T16:20:05 IST" name="verifyProjectDelete" description="This test verifies that the project is deleted successfully" finished-at="2024-11-22T16:20:11 IST" duration-ms="6290" status="PASS">
          <reporter-output>
          </reporter-output>
        </test-method> <!-- verifyProjectDelete -->
        <test-method is-config="true" signature="tearDown()[pri:0, instance:com.zenken.freshers.user.Projects@565f390]" started-at="2024-11-22T16:20:11 IST" name="tearDown" finished-at="2024-11-22T16:20:12 IST" duration-ms="1227" status="PASS">
          <reporter-output>
          </reporter-output>
        </test-method> <!-- tearDown -->
        <test-method is-config="true" signature="setup(java.lang.reflect.Method)[pri:0, instance:com.zenken.freshers.user.Projects@565f390]" started-at="2024-11-22T16:20:12 IST" name="setup" finished-at="2024-11-22T16:20:15 IST" duration-ms="2422" status="PASS">
          <params>
            <param index="0">
              <value>
                <![CDATA[public void com.zenken.freshers.user.Projects.verifyProjectTitleCharExceed()]]>
              </value>
            </param>
          </params>
          <reporter-output>
          </reporter-output>
        </test-method> <!-- setup -->
        <test-method is-config="true" signature="setUpTest()[pri:0, instance:com.zenken.freshers.user.Projects@565f390]" started-at="2024-11-22T16:20:15 IST" name="setUpTest" finished-at="2024-11-22T16:20:25 IST" duration-ms="10097" status="PASS">
          <reporter-output>
          </reporter-output>
        </test-method> <!-- setUpTest -->
        <test-method signature="verifyProjectTitleCharExceed()[pri:20, instance:com.zenken.freshers.user.Projects@565f390]" started-at="2024-11-22T16:20:25 IST" name="verifyProjectTitleCharExceed" description="This test verifies that validation error for maximum characters occurs: Project Title" finished-at="2024-11-22T16:20:29 IST" duration-ms="4690" status="PASS">
          <reporter-output>
          </reporter-output>
        </test-method> <!-- verifyProjectTitleCharExceed -->
        <test-method is-config="true" signature="tearDown()[pri:0, instance:com.zenken.freshers.user.Projects@565f390]" started-at="2024-11-22T16:20:29 IST" name="tearDown" finished-at="2024-11-22T16:20:31 IST" duration-ms="1242" status="PASS">
          <reporter-output>
          </reporter-output>
        </test-method> <!-- tearDown -->
        <test-method is-config="true" signature="setup(java.lang.reflect.Method)[pri:0, instance:com.zenken.freshers.user.Projects@565f390]" started-at="2024-11-22T16:20:31 IST" name="setup" finished-at="2024-11-22T16:20:33 IST" duration-ms="2397" status="PASS">
          <params>
            <param index="0">
              <value>
                <![CDATA[public void com.zenken.freshers.user.Projects.verifyBeforeEndDateError()]]>
              </value>
            </param>
          </params>
          <reporter-output>
          </reporter-output>
        </test-method> <!-- setup -->
        <test-method is-config="true" signature="setUpTest()[pri:0, instance:com.zenken.freshers.user.Projects@565f390]" started-at="2024-11-22T16:20:33 IST" name="setUpTest" finished-at="2024-11-22T16:20:43 IST" duration-ms="10371" status="PASS">
          <reporter-output>
          </reporter-output>
        </test-method> <!-- setUpTest -->
        <test-method signature="verifyBeforeEndDateError()[pri:21, instance:com.zenken.freshers.user.Projects@565f390]" started-at="2024-11-22T16:20:43 IST" name="verifyBeforeEndDateError" description="This test verifies that validation error occurs when end date selected is before the start date" finished-at="2024-11-22T16:20:48 IST" duration-ms="4576" status="PASS">
          <reporter-output>
          </reporter-output>
        </test-method> <!-- verifyBeforeEndDateError -->
        <test-method is-config="true" signature="tearDown()[pri:0, instance:com.zenken.freshers.user.Projects@565f390]" started-at="2024-11-22T16:20:48 IST" name="tearDown" finished-at="2024-11-22T16:20:49 IST" duration-ms="1214" status="PASS">
          <reporter-output>
          </reporter-output>
        </test-method> <!-- tearDown -->
        <test-method is-config="true" signature="setup(java.lang.reflect.Method)[pri:0, instance:com.zenken.freshers.user.Projects@565f390]" started-at="2024-11-22T16:20:49 IST" name="setup" finished-at="2024-11-22T16:20:52 IST" duration-ms="2398" status="PASS">
          <params>
            <param index="0">
              <value>
                <![CDATA[public void com.zenken.freshers.user.Projects.verifyProjectDetailsCharExceed()]]>
              </value>
            </param>
          </params>
          <reporter-output>
          </reporter-output>
        </test-method> <!-- setup -->
        <test-method is-config="true" signature="setUpTest()[pri:0, instance:com.zenken.freshers.user.Projects@565f390]" started-at="2024-11-22T16:20:52 IST" name="setUpTest" finished-at="2024-11-22T16:21:00 IST" duration-ms="8369" status="PASS">
          <reporter-output>
          </reporter-output>
        </test-method> <!-- setUpTest -->
        <test-method signature="verifyProjectDetailsCharExceed()[pri:22, instance:com.zenken.freshers.user.Projects@565f390]" started-at="2024-11-22T16:21:00 IST" name="verifyProjectDetailsCharExceed" description="This test verifies that validation error for maximum characters occurs: Project Overview" finished-at="2024-11-22T16:21:05 IST" duration-ms="4929" status="PASS">
          <reporter-output>
          </reporter-output>
        </test-method> <!-- verifyProjectDetailsCharExceed -->
        <test-method is-config="true" signature="tearDown()[pri:0, instance:com.zenken.freshers.user.Projects@565f390]" started-at="2024-11-22T16:21:05 IST" name="tearDown" finished-at="2024-11-22T16:21:06 IST" duration-ms="1286" status="PASS">
          <reporter-output>
          </reporter-output>
        </test-method> <!-- tearDown -->
        <test-method is-config="true" signature="setup(java.lang.reflect.Method)[pri:0, instance:com.zenken.freshers.user.Projects@565f390]" started-at="2024-11-22T16:21:06 IST" name="setup" finished-at="2024-11-22T16:21:09 IST" duration-ms="2522" status="PASS">
          <params>
            <param index="0">
              <value>
                <![CDATA[public void com.zenken.freshers.user.Projects.verifyInvalidProjectLinkError()]]>
              </value>
            </param>
          </params>
          <reporter-output>
          </reporter-output>
        </test-method> <!-- setup -->
        <test-method is-config="true" signature="setUpTest()[pri:0, instance:com.zenken.freshers.user.Projects@565f390]" started-at="2024-11-22T16:21:09 IST" name="setUpTest" finished-at="2024-11-22T16:21:19 IST" duration-ms="10334" status="PASS">
          <reporter-output>
          </reporter-output>
        </test-method> <!-- setUpTest -->
        <test-method signature="verifyInvalidProjectLinkError()[pri:23, instance:com.zenken.freshers.user.Projects@565f390]" started-at="2024-11-22T16:21:19 IST" name="verifyInvalidProjectLinkError" description="This test verifies that validation error for invalid project link occurs" finished-at="2024-11-22T16:21:24 IST" duration-ms="4456" status="PASS">
          <reporter-output>
          </reporter-output>
        </test-method> <!-- verifyInvalidProjectLinkError -->
        <test-method is-config="true" signature="tearDown()[pri:0, instance:com.zenken.freshers.user.Projects@565f390]" started-at="2024-11-22T16:21:24 IST" name="tearDown" finished-at="2024-11-22T16:21:25 IST" duration-ms="1238" status="PASS">
          <reporter-output>
          </reporter-output>
        </test-method> <!-- tearDown -->
        <test-method is-config="true" signature="setup(java.lang.reflect.Method)[pri:0, instance:com.zenken.freshers.user.Projects@565f390]" started-at="2024-11-22T16:21:25 IST" name="setup" finished-at="2024-11-22T16:21:27 IST" duration-ms="2497" status="PASS">
          <params>
            <param index="0">
              <value>
                <![CDATA[public void com.zenken.freshers.user.Projects.verifyProjectLinkCharExceed()]]>
              </value>
            </param>
          </params>
          <reporter-output>
          </reporter-output>
        </test-method> <!-- setup -->
        <test-method is-config="true" signature="setUpTest()[pri:0, instance:com.zenken.freshers.user.Projects@565f390]" started-at="2024-11-22T16:21:27 IST" name="setUpTest" finished-at="2024-11-22T16:21:35 IST" duration-ms="7830" status="PASS">
          <reporter-output>
          </reporter-output>
        </test-method> <!-- setUpTest -->
        <test-method signature="verifyProjectLinkCharExceed()[pri:24, instance:com.zenken.freshers.user.Projects@565f390]" started-at="2024-11-22T16:21:35 IST" name="verifyProjectLinkCharExceed" description="The test verifies that validation error for maximum characters occurs: Project Link" finished-at="2024-11-22T16:21:38 IST" duration-ms="2754" status="PASS">
          <reporter-output>
          </reporter-output>
        </test-method> <!-- verifyProjectLinkCharExceed -->
        <test-method is-config="true" signature="tearDown()[pri:0, instance:com.zenken.freshers.user.Projects@565f390]" started-at="2024-11-22T16:21:38 IST" name="tearDown" finished-at="2024-11-22T16:21:39 IST" duration-ms="1243" status="PASS">
          <reporter-output>
          </reporter-output>
        </test-method> <!-- tearDown -->
        <test-method is-config="true" signature="setup(java.lang.reflect.Method)[pri:0, instance:com.zenken.freshers.user.Projects@565f390]" started-at="2024-11-22T16:21:39 IST" name="setup" finished-at="2024-11-22T16:21:42 IST" duration-ms="2441" status="PASS">
          <params>
            <param index="0">
              <value>
                <![CDATA[public void com.zenken.freshers.user.Projects.verifyProjectTitleRequired()]]>
              </value>
            </param>
          </params>
          <reporter-output>
          </reporter-output>
        </test-method> <!-- setup -->
        <test-method is-config="true" signature="setUpTest()[pri:0, instance:com.zenken.freshers.user.Projects@565f390]" started-at="2024-11-22T16:21:42 IST" name="setUpTest" finished-at="2024-11-22T16:21:48 IST" duration-ms="6959" status="PASS">
          <reporter-output>
          </reporter-output>
        </test-method> <!-- setUpTest -->
        <test-method signature="verifyProjectTitleRequired()[pri:25, instance:com.zenken.freshers.user.Projects@565f390]" started-at="2024-11-22T16:21:48 IST" name="verifyProjectTitleRequired" description="This test verifies that validation error for required to save field occurs: Project Title" finished-at="2024-11-22T16:21:51 IST" duration-ms="2870" status="PASS">
          <reporter-output>
          </reporter-output>
        </test-method> <!-- verifyProjectTitleRequired -->
        <test-method is-config="true" signature="tearDown()[pri:0, instance:com.zenken.freshers.user.Projects@565f390]" started-at="2024-11-22T16:21:51 IST" name="tearDown" finished-at="2024-11-22T16:21:53 IST" duration-ms="1267" status="PASS">
          <reporter-output>
          </reporter-output>
        </test-method> <!-- tearDown -->
        <test-method is-config="true" signature="setup(java.lang.reflect.Method)[pri:0, instance:com.zenken.freshers.user.Projects@565f390]" started-at="2024-11-22T16:21:53 IST" name="setup" finished-at="2024-11-22T16:21:55 IST" duration-ms="2448" status="PASS">
          <params>
            <param index="0">
              <value>
                <![CDATA[public void com.zenken.freshers.user.Projects.verifyStartMonthRequired()]]>
              </value>
            </param>
          </params>
          <reporter-output>
          </reporter-output>
        </test-method> <!-- setup -->
        <test-method is-config="true" signature="setUpTest()[pri:0, instance:com.zenken.freshers.user.Projects@565f390]" started-at="2024-11-22T16:21:55 IST" name="setUpTest" finished-at="2024-11-22T16:22:03 IST" duration-ms="7896" status="PASS">
          <reporter-output>
          </reporter-output>
        </test-method> <!-- setUpTest -->
        <test-method signature="verifyStartMonthRequired()[pri:26, instance:com.zenken.freshers.user.Projects@565f390]" started-at="2024-11-22T16:22:03 IST" name="verifyStartMonthRequired" description="This test verifies that validation error for required to save field occurs: Start Month" finished-at="2024-11-22T16:22:06 IST" duration-ms="2821" status="PASS">
          <reporter-output>
          </reporter-output>
        </test-method> <!-- verifyStartMonthRequired -->
        <test-method is-config="true" signature="tearDown()[pri:0, instance:com.zenken.freshers.user.Projects@565f390]" started-at="2024-11-22T16:22:06 IST" name="tearDown" finished-at="2024-11-22T16:22:07 IST" duration-ms="1257" status="PASS">
          <reporter-output>
          </reporter-output>
        </test-method> <!-- tearDown -->
        <test-method is-config="true" signature="setup(java.lang.reflect.Method)[pri:0, instance:com.zenken.freshers.user.Projects@565f390]" started-at="2024-11-22T16:22:07 IST" name="setup" finished-at="2024-11-22T16:22:10 IST" duration-ms="2494" status="PASS">
          <params>
            <param index="0">
              <value>
                <![CDATA[public void com.zenken.freshers.user.Projects.verifyStartYearRequired()]]>
              </value>
            </param>
          </params>
          <reporter-output>
          </reporter-output>
        </test-method> <!-- setup -->
        <test-method is-config="true" signature="setUpTest()[pri:0, instance:com.zenken.freshers.user.Projects@565f390]" started-at="2024-11-22T16:22:10 IST" name="setUpTest" finished-at="2024-11-22T16:22:16 IST" duration-ms="6253" status="PASS">
          <reporter-output>
          </reporter-output>
        </test-method> <!-- setUpTest -->
        <test-method signature="verifyStartYearRequired()[pri:27, instance:com.zenken.freshers.user.Projects@565f390]" started-at="2024-11-22T16:22:16 IST" name="verifyStartYearRequired" description="This test verifies that validation error for required to save field occurs: Start Year" finished-at="2024-11-22T16:22:19 IST" duration-ms="3118" status="PASS">
          <reporter-output>
          </reporter-output>
        </test-method> <!-- verifyStartYearRequired -->
        <test-method is-config="true" signature="tearDown()[pri:0, instance:com.zenken.freshers.user.Projects@565f390]" started-at="2024-11-22T16:22:19 IST" name="tearDown" finished-at="2024-11-22T16:22:20 IST" duration-ms="1268" status="PASS">
          <reporter-output>
          </reporter-output>
        </test-method> <!-- tearDown -->
        <test-method is-config="true" signature="setup(java.lang.reflect.Method)[pri:0, instance:com.zenken.freshers.user.Projects@565f390]" started-at="2024-11-22T16:22:20 IST" name="setup" finished-at="2024-11-22T16:22:23 IST" duration-ms="2507" status="PASS">
          <params>
            <param index="0">
              <value>
                <![CDATA[public void com.zenken.freshers.user.Projects.verifyEndMonthRequired()]]>
              </value>
            </param>
          </params>
          <reporter-output>
          </reporter-output>
        </test-method> <!-- setup -->
        <test-method is-config="true" signature="setUpTest()[pri:0, instance:com.zenken.freshers.user.Projects@565f390]" started-at="2024-11-22T16:22:23 IST" name="setUpTest" finished-at="2024-11-22T16:22:30 IST" duration-ms="7599" status="PASS">
          <reporter-output>
          </reporter-output>
        </test-method> <!-- setUpTest -->
        <test-method signature="verifyEndMonthRequired()[pri:28, instance:com.zenken.freshers.user.Projects@565f390]" started-at="2024-11-22T16:22:30 IST" name="verifyEndMonthRequired" description="This test verifies that validation error for required to save field occurs: End Month" finished-at="2024-11-22T16:22:33 IST" duration-ms="2732" status="PASS">
          <reporter-output>
          </reporter-output>
        </test-method> <!-- verifyEndMonthRequired -->
        <test-method is-config="true" signature="tearDown()[pri:0, instance:com.zenken.freshers.user.Projects@565f390]" started-at="2024-11-22T16:22:33 IST" name="tearDown" finished-at="2024-11-22T16:22:34 IST" duration-ms="1275" status="PASS">
          <reporter-output>
          </reporter-output>
        </test-method> <!-- tearDown -->
        <test-method is-config="true" signature="setup(java.lang.reflect.Method)[pri:0, instance:com.zenken.freshers.user.Projects@565f390]" started-at="2024-11-22T16:22:34 IST" name="setup" finished-at="2024-11-22T16:22:37 IST" duration-ms="2478" status="PASS">
          <params>
            <param index="0">
              <value>
                <![CDATA[public void com.zenken.freshers.user.Projects.verifyEndYearRequired()]]>
              </value>
            </param>
          </params>
          <reporter-output>
          </reporter-output>
        </test-method> <!-- setup -->
        <test-method is-config="true" signature="setUpTest()[pri:0, instance:com.zenken.freshers.user.Projects@565f390]" started-at="2024-11-22T16:22:37 IST" name="setUpTest" finished-at="2024-11-22T16:22:43 IST" duration-ms="6010" status="PASS">
          <reporter-output>
          </reporter-output>
        </test-method> <!-- setUpTest -->
        <test-method signature="verifyEndYearRequired()[pri:29, instance:com.zenken.freshers.user.Projects@565f390]" started-at="2024-11-22T16:22:43 IST" name="verifyEndYearRequired" description="This test verifies that validation error for required to save field occurs: End Year" finished-at="2024-11-22T16:22:46 IST" duration-ms="2986" status="PASS">
          <reporter-output>
          </reporter-output>
        </test-method> <!-- verifyEndYearRequired -->
        <test-method is-config="true" signature="tearDown()[pri:0, instance:com.zenken.freshers.user.Projects@565f390]" started-at="2024-11-22T16:22:46 IST" name="tearDown" finished-at="2024-11-22T16:22:47 IST" duration-ms="1184" status="PASS">
          <reporter-output>
          </reporter-output>
        </test-method> <!-- tearDown -->
        <test-method is-config="true" signature="setup(java.lang.reflect.Method)[pri:0, instance:com.zenken.freshers.user.Projects@565f390]" started-at="2024-11-22T16:22:47 IST" name="setup" finished-at="2024-11-22T16:22:49 IST" duration-ms="2454" status="PASS">
          <params>
            <param index="0">
              <value>
                <![CDATA[public void com.zenken.freshers.user.Projects.verifyInvalidFileFormat()]]>
              </value>
            </param>
          </params>
          <reporter-output>
          </reporter-output>
        </test-method> <!-- setup -->
        <test-method is-config="true" signature="setUpTest()[pri:0, instance:com.zenken.freshers.user.Projects@565f390]" started-at="2024-11-22T16:22:49 IST" name="setUpTest" finished-at="2024-11-22T16:22:56 IST" duration-ms="6925" status="PASS">
          <reporter-output>
          </reporter-output>
        </test-method> <!-- setUpTest -->
        <test-method signature="verifyInvalidFileFormat()[pri:30, instance:com.zenken.freshers.user.Projects@565f390]" started-at="2024-11-22T16:22:56 IST" name="verifyInvalidFileFormat" description="This test verifies that validation error for invalid file format occurs" finished-at="2024-11-22T16:23:00 IST" duration-ms="3525" status="PASS">
          <reporter-output>
          </reporter-output>
        </test-method> <!-- verifyInvalidFileFormat -->
        <test-method is-config="true" signature="tearDown()[pri:0, instance:com.zenken.freshers.user.Projects@565f390]" started-at="2024-11-22T16:23:00 IST" name="tearDown" finished-at="2024-11-22T16:23:01 IST" duration-ms="1359" status="PASS">
          <reporter-output>
          </reporter-output>
        </test-method> <!-- tearDown -->
        <test-method is-config="true" signature="setup(java.lang.reflect.Method)[pri:0, instance:com.zenken.freshers.user.Projects@565f390]" started-at="2024-11-22T16:23:01 IST" name="setup" finished-at="2024-11-22T16:23:04 IST" duration-ms="2465" status="PASS">
          <params>
            <param index="0">
              <value>
                <![CDATA[public void com.zenken.freshers.user.Projects.verifyInvalidFileSize()]]>
              </value>
            </param>
          </params>
          <reporter-output>
          </reporter-output>
        </test-method> <!-- setup -->
        <test-method is-config="true" signature="setUpTest()[pri:0, instance:com.zenken.freshers.user.Projects@565f390]" started-at="2024-11-22T16:23:04 IST" name="setUpTest" finished-at="2024-11-22T16:23:10 IST" duration-ms="6123" status="PASS">
          <reporter-output>
          </reporter-output>
        </test-method> <!-- setUpTest -->
        <test-method signature="verifyInvalidFileSize()[pri:31, instance:com.zenken.freshers.user.Projects@565f390]" started-at="2024-11-22T16:23:10 IST" name="verifyInvalidFileSize" description="This test verifies that validation error for invalid size for project file occurs" finished-at="2024-11-22T16:23:15 IST" duration-ms="5145" status="PASS">
          <reporter-output>
          </reporter-output>
        </test-method> <!-- verifyInvalidFileSize -->
        <test-method is-config="true" signature="tearDown()[pri:0, instance:com.zenken.freshers.user.Projects@565f390]" started-at="2024-11-22T16:23:15 IST" name="tearDown" finished-at="2024-11-22T16:23:16 IST" duration-ms="1258" status="PASS">
          <reporter-output>
          </reporter-output>
        </test-method> <!-- tearDown -->
        <test-method is-config="true" signature="setup(java.lang.reflect.Method)[pri:0, instance:com.zenken.freshers.user.Projects@565f390]" started-at="2024-11-22T16:23:16 IST" name="setup" finished-at="2024-11-22T16:23:19 IST" duration-ms="2428" status="PASS">
          <params>
            <param index="0">
              <value>
                <![CDATA[public void com.zenken.freshers.user.Projects.verifyProjectCancelNewRed()]]>
              </value>
            </param>
          </params>
          <reporter-output>
          </reporter-output>
        </test-method> <!-- setup -->
        <test-method is-config="true" signature="setUpTest()[pri:0, instance:com.zenken.freshers.user.Projects@565f390]" started-at="2024-11-22T16:23:19 IST" name="setUpTest" finished-at="2024-11-22T16:23:26 IST" duration-ms="7591" status="PASS">
          <reporter-output>
          </reporter-output>
        </test-method> <!-- setUpTest -->
        <test-method signature="verifyProjectCancelNewRed()[pri:32, instance:com.zenken.freshers.user.Projects@565f390]" started-at="2024-11-22T16:23:26 IST" name="verifyProjectCancelNewRed" description="This test verifies that &#039;Cancel&#039; from New Project redirectes user to preview page " finished-at="2024-11-22T16:23:28 IST" duration-ms="2020" status="PASS">
          <reporter-output>
          </reporter-output>
        </test-method> <!-- verifyProjectCancelNewRed -->
        <test-method is-config="true" signature="tearDown()[pri:0, instance:com.zenken.freshers.user.Projects@565f390]" started-at="2024-11-22T16:23:28 IST" name="tearDown" finished-at="2024-11-22T16:23:30 IST" duration-ms="1257" status="PASS">
          <reporter-output>
          </reporter-output>
        </test-method> <!-- tearDown -->
        <test-method is-config="true" signature="setup(java.lang.reflect.Method)[pri:0, instance:com.zenken.freshers.user.Projects@565f390]" started-at="2024-11-22T16:23:30 IST" name="setup" finished-at="2024-11-22T16:23:32 IST" duration-ms="2447" status="PASS">
          <params>
            <param index="0">
              <value>
                <![CDATA[public void com.zenken.freshers.user.Projects.verifyMaxFilesUpload()]]>
              </value>
            </param>
          </params>
          <reporter-output>
          </reporter-output>
        </test-method> <!-- setup -->
        <test-method is-config="true" signature="setUpTest()[pri:0, instance:com.zenken.freshers.user.Projects@565f390]" started-at="2024-11-22T16:23:32 IST" name="setUpTest" finished-at="2024-11-22T16:23:39 IST" duration-ms="7025" status="PASS">
          <reporter-output>
          </reporter-output>
        </test-method> <!-- setUpTest -->
        <test-method signature="verifyMaxFilesUpload()[pri:33, instance:com.zenken.freshers.user.Projects@565f390]" started-at="2024-11-22T16:23:39 IST" name="verifyMaxFilesUpload" description="This test verifies that &#039;Select From Files&#039; button turns inactive once five files are uploaded" finished-at="2024-11-22T16:23:57 IST" duration-ms="17728" status="PASS">
          <reporter-output>
          </reporter-output>
        </test-method> <!-- verifyMaxFilesUpload -->
        <test-method is-config="true" signature="tearDown()[pri:0, instance:com.zenken.freshers.user.Projects@565f390]" started-at="2024-11-22T16:23:57 IST" name="tearDown" finished-at="2024-11-22T16:23:58 IST" duration-ms="1316" status="PASS">
          <reporter-output>
          </reporter-output>
        </test-method> <!-- tearDown -->
        <test-method is-config="true" signature="setup(java.lang.reflect.Method)[pri:0, instance:com.zenken.freshers.user.Projects@565f390]" started-at="2024-11-22T16:23:58 IST" name="setup" finished-at="2024-11-22T16:24:00 IST" duration-ms="2464" status="PASS">
          <params>
            <param index="0">
              <value>
                <![CDATA[public void com.zenken.freshers.user.Projects.verifyProjectCancelEditRed()]]>
              </value>
            </param>
          </params>
          <reporter-output>
          </reporter-output>
        </test-method> <!-- setup -->
        <test-method is-config="true" signature="setUpTest()[pri:0, instance:com.zenken.freshers.user.Projects@565f390]" started-at="2024-11-22T16:24:00 IST" name="setUpTest" finished-at="2024-11-22T16:24:07 IST" duration-ms="6474" status="PASS">
          <reporter-output>
          </reporter-output>
        </test-method> <!-- setUpTest -->
        <test-method signature="verifyProjectCancelEditRed()[pri:34, instance:com.zenken.freshers.user.Projects@565f390]" started-at="2024-11-22T16:24:07 IST" name="verifyProjectCancelEditRed" description="This test verifies that &#039;Cancel&#039; from Edit Project redirectes user to preview page" finished-at="2024-11-22T16:24:09 IST" duration-ms="2083" status="PASS">
          <reporter-output>
          </reporter-output>
        </test-method> <!-- verifyProjectCancelEditRed -->
        <test-method is-config="true" signature="tearDown()[pri:0, instance:com.zenken.freshers.user.Projects@565f390]" started-at="2024-11-22T16:24:09 IST" name="tearDown" finished-at="2024-11-22T16:24:10 IST" duration-ms="1283" status="PASS">
          <reporter-output>
          </reporter-output>
        </test-method> <!-- tearDown -->
      </class> <!-- com.zenken.freshers.user.Projects -->
      <class name="com.zenken.freshers.user.JapanesePlacementConsentForm">
        <test-method is-config="true" signature="setup(java.lang.reflect.Method)[pri:0, instance:com.zenken.freshers.user.JapanesePlacementConsentForm@3f1d2e23]" started-at="2024-11-22T16:07:24 IST" name="setup" finished-at="2024-11-22T16:07:29 IST" duration-ms="5016" status="PASS">
          <params>
            <param index="0">
              <value>
                <![CDATA[public void com.zenken.freshers.user.JapanesePlacementConsentForm.verifyConsentFormUrl()]]>
              </value>
            </param>
          </params>
          <reporter-output>
          </reporter-output>
        </test-method> <!-- setup -->
        <test-method is-config="true" signature="setUpTest()[pri:0, instance:com.zenken.freshers.user.JapanesePlacementConsentForm@3f1d2e23]" started-at="2024-11-22T16:07:29 IST" name="setUpTest" finished-at="2024-11-22T16:08:02 IST" duration-ms="33236" status="PASS">
          <reporter-output>
          </reporter-output>
        </test-method> <!-- setUpTest -->
        <test-method signature="verifyConsentFormUrl()[pri:1, instance:com.zenken.freshers.user.JapanesePlacementConsentForm@3f1d2e23]" started-at="2024-11-22T16:08:02 IST" name="verifyConsentFormUrl" description="This test verifies that user is redirected to &#039;Japanese Placement Consent Form&#039; URL" finished-at="2024-11-22T16:08:10 IST" duration-ms="7723" status="PASS">
          <reporter-output>
          </reporter-output>
        </test-method> <!-- verifyConsentFormUrl -->
        <test-method is-config="true" signature="tearDown()[pri:0, instance:com.zenken.freshers.user.JapanesePlacementConsentForm@3f1d2e23]" started-at="2024-11-22T16:08:10 IST" name="tearDown" finished-at="2024-11-22T16:08:11 IST" duration-ms="1306" status="PASS">
          <reporter-output>
          </reporter-output>
        </test-method> <!-- tearDown -->
        <test-method is-config="true" signature="setup(java.lang.reflect.Method)[pri:0, instance:com.zenken.freshers.user.JapanesePlacementConsentForm@3f1d2e23]" started-at="2024-11-22T16:08:11 IST" name="setup" finished-at="2024-11-22T16:08:13 IST" duration-ms="2470" status="PASS">
          <params>
            <param index="0">
              <value>
                <![CDATA[public void com.zenken.freshers.user.JapanesePlacementConsentForm.verifyConsentFormTitle()]]>
              </value>
            </param>
          </params>
          <reporter-output>
          </reporter-output>
        </test-method> <!-- setup -->
        <test-method is-config="true" signature="setUpTest()[pri:0, instance:com.zenken.freshers.user.JapanesePlacementConsentForm@3f1d2e23]" started-at="2024-11-22T16:08:13 IST" name="setUpTest" finished-at="2024-11-22T16:08:42 IST" duration-ms="29007" status="PASS">
          <reporter-output>
          </reporter-output>
        </test-method> <!-- setUpTest -->
        <test-method signature="verifyConsentFormTitle()[pri:2, instance:com.zenken.freshers.user.JapanesePlacementConsentForm@3f1d2e23]" started-at="2024-11-22T16:08:42 IST" name="verifyConsentFormTitle" description="This test verifies that the Japanese Placement Consent Form page title is correct" finished-at="2024-11-22T16:08:46 IST" duration-ms="3889" status="PASS">
          <reporter-output>
          </reporter-output>
        </test-method> <!-- verifyConsentFormTitle -->
        <test-method is-config="true" signature="tearDown()[pri:0, instance:com.zenken.freshers.user.JapanesePlacementConsentForm@3f1d2e23]" started-at="2024-11-22T16:08:46 IST" name="tearDown" finished-at="2024-11-22T16:08:48 IST" duration-ms="1367" status="PASS">
          <reporter-output>
          </reporter-output>
        </test-method> <!-- tearDown -->
        <test-method is-config="true" signature="setup(java.lang.reflect.Method)[pri:0, instance:com.zenken.freshers.user.JapanesePlacementConsentForm@3f1d2e23]" started-at="2024-11-22T16:08:48 IST" name="setup" finished-at="2024-11-22T16:08:50 IST" duration-ms="2618" status="PASS">
          <params>
            <param index="0">
              <value>
                <![CDATA[public void com.zenken.freshers.user.JapanesePlacementConsentForm.verifyIsCFSaved()]]>
              </value>
            </param>
          </params>
          <reporter-output>
          </reporter-output>
        </test-method> <!-- setup -->
        <test-method is-config="true" signature="setUpTest()[pri:0, instance:com.zenken.freshers.user.JapanesePlacementConsentForm@3f1d2e23]" started-at="2024-11-22T16:08:50 IST" name="setUpTest" finished-at="2024-11-22T16:09:18 IST" duration-ms="28107" status="PASS">
          <reporter-output>
          </reporter-output>
        </test-method> <!-- setUpTest -->
        <test-method signature="verifyIsCFSaved()[pri:3, instance:com.zenken.freshers.user.JapanesePlacementConsentForm@3f1d2e23]" started-at="2024-11-22T16:09:18 IST" name="verifyIsCFSaved" description="This test verifies that Consent Form is saved when checkbox is selected" finished-at="2024-11-22T16:09:31 IST" duration-ms="12763" status="PASS">
          <reporter-output>
          </reporter-output>
        </test-method> <!-- verifyIsCFSaved -->
        <test-method is-config="true" signature="tearDown()[pri:0, instance:com.zenken.freshers.user.JapanesePlacementConsentForm@3f1d2e23]" started-at="2024-11-22T16:09:31 IST" name="tearDown" finished-at="2024-11-22T16:09:33 IST" duration-ms="1406" status="PASS">
          <reporter-output>
          </reporter-output>
        </test-method> <!-- tearDown -->
        <test-method is-config="true" signature="setup(java.lang.reflect.Method)[pri:0, instance:com.zenken.freshers.user.JapanesePlacementConsentForm@3f1d2e23]" started-at="2024-11-22T16:09:33 IST" name="setup" finished-at="2024-11-22T16:09:36 IST" duration-ms="3867" status="PASS">
          <params>
            <param index="0">
              <value>
                <![CDATA[public void com.zenken.freshers.user.JapanesePlacementConsentForm.verifyConsentFormDL() throws java.io.IOException]]>
              </value>
            </param>
          </params>
          <reporter-output>
          </reporter-output>
        </test-method> <!-- setup -->
        <test-method is-config="true" signature="setUpTest()[pri:0, instance:com.zenken.freshers.user.JapanesePlacementConsentForm@3f1d2e23]" started-at="2024-11-22T16:09:36 IST" name="setUpTest" finished-at="2024-11-22T16:10:00 IST" duration-ms="23072" status="PASS">
          <reporter-output>
          </reporter-output>
        </test-method> <!-- setUpTest -->
        <test-method signature="verifyConsentFormDL()[pri:4, instance:com.zenken.freshers.user.JapanesePlacementConsentForm@3f1d2e23]" started-at="2024-11-22T16:10:00 IST" name="verifyConsentFormDL" description="This test verifies that consent form can be downloaded successfully" finished-at="2024-11-22T16:10:03 IST" duration-ms="3767" status="PASS">
          <reporter-output>
          </reporter-output>
        </test-method> <!-- verifyConsentFormDL -->
        <test-method is-config="true" signature="tearDown()[pri:0, instance:com.zenken.freshers.user.JapanesePlacementConsentForm@3f1d2e23]" started-at="2024-11-22T16:10:03 IST" name="tearDown" finished-at="2024-11-22T16:10:05 IST" duration-ms="1889" status="PASS">
          <reporter-output>
          </reporter-output>
        </test-method> <!-- tearDown -->
        <test-method is-config="true" signature="setup(java.lang.reflect.Method)[pri:0, instance:com.zenken.freshers.user.JapanesePlacementConsentForm@3f1d2e23]" started-at="2024-11-22T16:10:05 IST" name="setup" finished-at="2024-11-22T16:10:08 IST" duration-ms="3265" status="PASS">
          <params>
            <param index="0">
              <value>
                <![CDATA[public void com.zenken.freshers.user.JapanesePlacementConsentForm.verifyCFUploadAndDl() throws java.lang.InterruptedException]]>
              </value>
            </param>
          </params>
          <reporter-output>
          </reporter-output>
        </test-method> <!-- setup -->
        <test-method is-config="true" signature="setUpTest()[pri:0, instance:com.zenken.freshers.user.JapanesePlacementConsentForm@3f1d2e23]" started-at="2024-11-22T16:10:08 IST" name="setUpTest" finished-at="2024-11-22T16:10:35 IST" duration-ms="26494" status="PASS">
          <reporter-output>
          </reporter-output>
        </test-method> <!-- setUpTest -->
        <test-method signature="verifyCFUploadAndDl()[pri:5, instance:com.zenken.freshers.user.JapanesePlacementConsentForm@3f1d2e23]" started-at="2024-11-22T16:10:35 IST" name="verifyCFUploadAndDl" description="This test verifies that consent form can be uploaded and can be downloaded from preview page" finished-at="2024-11-22T16:11:38 IST" duration-ms="63121" status="PASS">
          <reporter-output>
          </reporter-output>
        </test-method> <!-- verifyCFUploadAndDl -->
        <test-method is-config="true" signature="tearDown()[pri:0, instance:com.zenken.freshers.user.JapanesePlacementConsentForm@3f1d2e23]" started-at="2024-11-22T16:11:38 IST" name="tearDown" finished-at="2024-11-22T16:11:39 IST" duration-ms="1347" status="PASS">
          <reporter-output>
          </reporter-output>
        </test-method> <!-- tearDown -->
        <test-method is-config="true" signature="setup(java.lang.reflect.Method)[pri:0, instance:com.zenken.freshers.user.JapanesePlacementConsentForm@3f1d2e23]" started-at="2024-11-22T16:11:39 IST" name="setup" finished-at="2024-11-22T16:11:44 IST" duration-ms="4157" status="PASS">
          <params>
            <param index="0">
              <value>
                <![CDATA[public void com.zenken.freshers.user.JapanesePlacementConsentForm.verifyConsentFormDelete()]]>
              </value>
            </param>
          </params>
          <reporter-output>
          </reporter-output>
        </test-method> <!-- setup -->
        <test-method is-config="true" signature="setUpTest()[pri:0, instance:com.zenken.freshers.user.JapanesePlacementConsentForm@3f1d2e23]" started-at="2024-11-22T16:11:44 IST" name="setUpTest" finished-at="2024-11-22T16:12:16 IST" duration-ms="31938" status="PASS">
          <reporter-output>
          </reporter-output>
        </test-method> <!-- setUpTest -->
        <test-method signature="verifyConsentFormDelete()[pri:6, instance:com.zenken.freshers.user.JapanesePlacementConsentForm@3f1d2e23]" started-at="2024-11-22T16:12:16 IST" name="verifyConsentFormDelete" description="This test verifies that the consent form can be deleted" finished-at="2024-11-22T16:12:27 IST" duration-ms="11559" status="PASS">
          <reporter-output>
          </reporter-output>
        </test-method> <!-- verifyConsentFormDelete -->
        <test-method is-config="true" signature="tearDown()[pri:0, instance:com.zenken.freshers.user.JapanesePlacementConsentForm@3f1d2e23]" started-at="2024-11-22T16:12:27 IST" name="tearDown" finished-at="2024-11-22T16:12:29 IST" duration-ms="1507" status="PASS">
          <reporter-output>
          </reporter-output>
        </test-method> <!-- tearDown -->
        <test-method is-config="true" signature="setup(java.lang.reflect.Method)[pri:0, instance:com.zenken.freshers.user.JapanesePlacementConsentForm@3f1d2e23]" started-at="2024-11-22T16:12:29 IST" name="setup" finished-at="2024-11-22T16:12:32 IST" duration-ms="3745" status="PASS">
          <params>
            <param index="0">
              <value>
                <![CDATA[public void com.zenken.freshers.user.JapanesePlacementConsentForm.verifyCFReqToApply()]]>
              </value>
            </param>
          </params>
          <reporter-output>
          </reporter-output>
        </test-method> <!-- setup -->
        <test-method is-config="true" signature="setUpTest()[pri:0, instance:com.zenken.freshers.user.JapanesePlacementConsentForm@3f1d2e23]" started-at="2024-11-22T16:12:32 IST" name="setUpTest" finished-at="2024-11-22T16:13:02 IST" duration-ms="29413" status="PASS">
          <reporter-output>
          </reporter-output>
        </test-method> <!-- setUpTest -->
        <test-method signature="verifyCFReqToApply()[pri:7, instance:com.zenken.freshers.user.JapanesePlacementConsentForm@3f1d2e23]" started-at="2024-11-22T16:13:02 IST" name="verifyCFReqToApply" description="This test verifies that &#039;Required to apply&#039; text is displayed for consent form after it is deleted" finished-at="2024-11-22T16:13:06 IST" duration-ms="4625" status="PASS">
          <reporter-output>
          </reporter-output>
        </test-method> <!-- verifyCFReqToApply -->
        <test-method is-config="true" signature="tearDown()[pri:0, instance:com.zenken.freshers.user.JapanesePlacementConsentForm@3f1d2e23]" started-at="2024-11-22T16:13:06 IST" name="tearDown" finished-at="2024-11-22T16:13:08 IST" duration-ms="1390" status="PASS">
          <reporter-output>
          </reporter-output>
        </test-method> <!-- tearDown -->
        <test-method is-config="true" signature="setup(java.lang.reflect.Method)[pri:0, instance:com.zenken.freshers.user.JapanesePlacementConsentForm@3f1d2e23]" started-at="2024-11-22T16:13:08 IST" name="setup" finished-at="2024-11-22T16:13:11 IST" duration-ms="3409" status="PASS">
          <params>
            <param index="0">
              <value>
                <![CDATA[public void com.zenken.freshers.user.JapanesePlacementConsentForm.verifyAgreeCBReqToSave()]]>
              </value>
            </param>
          </params>
          <reporter-output>
          </reporter-output>
        </test-method> <!-- setup -->
        <test-method is-config="true" signature="setUpTest()[pri:0, instance:com.zenken.freshers.user.JapanesePlacementConsentForm@3f1d2e23]" started-at="2024-11-22T16:13:11 IST" name="setUpTest" finished-at="2024-11-22T16:13:43 IST" duration-ms="31929" status="PASS">
          <reporter-output>
          </reporter-output>
        </test-method> <!-- setUpTest -->
        <test-method signature="verifyAgreeCBReqToSave()[pri:8, instance:com.zenken.freshers.user.JapanesePlacementConsentForm@3f1d2e23]" started-at="2024-11-22T16:13:43 IST" name="verifyAgreeCBReqToSave" description="This test verifies that validation error occurs for required to save field: Do your parents/guardians agree with your participation to this Japanese Placement?" finished-at="2024-11-22T16:13:54 IST" duration-ms="10596" status="PASS">
          <reporter-output>
          </reporter-output>
        </test-method> <!-- verifyAgreeCBReqToSave -->
        <test-method is-config="true" signature="tearDown()[pri:0, instance:com.zenken.freshers.user.JapanesePlacementConsentForm@3f1d2e23]" started-at="2024-11-22T16:13:54 IST" name="tearDown" finished-at="2024-11-22T16:13:55 IST" duration-ms="1723" status="PASS">
          <reporter-output>
          </reporter-output>
        </test-method> <!-- tearDown -->
        <test-method is-config="true" signature="setup(java.lang.reflect.Method)[pri:0, instance:com.zenken.freshers.user.JapanesePlacementConsentForm@3f1d2e23]" started-at="2024-11-22T16:13:55 IST" name="setup" finished-at="2024-11-22T16:13:59 IST" duration-ms="3441" status="PASS">
          <params>
            <param index="0">
              <value>
                <![CDATA[public void com.zenken.freshers.user.JapanesePlacementConsentForm.verifyCFInvalidFileFormat()]]>
              </value>
            </param>
          </params>
          <reporter-output>
          </reporter-output>
        </test-method> <!-- setup -->
        <test-method is-config="true" signature="setUpTest()[pri:0, instance:com.zenken.freshers.user.JapanesePlacementConsentForm@3f1d2e23]" started-at="2024-11-22T16:13:59 IST" name="setUpTest" finished-at="2024-11-22T16:14:24 IST" duration-ms="25559" status="PASS">
          <reporter-output>
          </reporter-output>
        </test-method> <!-- setUpTest -->
        <test-method retried="true" signature="verifyCFInvalidFileFormat()[pri:9, instance:com.zenken.freshers.user.JapanesePlacementConsentForm@3f1d2e23]" started-at="2024-11-22T16:14:24 IST" name="verifyCFInvalidFileFormat" description="This test verifies that validation error for invalid consent form file format occurs" finished-at="2024-11-22T16:14:44 IST" duration-ms="20002" status="SKIP">
          <exception class="org.openqa.selenium.TimeoutException">
            <message>
              <![CDATA[Expected condition failed: waiting for visibility of Proxy element for: DefaultElementLocator 'By.cssSelector: [class*='remove']' (tried for 15 second(s) with 500 milliseconds interval)]]>
            </message>
            <full-stacktrace>
              <![CDATA[org.openqa.selenium.TimeoutException: Expected condition failed: waiting for visibility of Proxy element for: DefaultElementLocator 'By.cssSelector: [class*='remove']' (tried for 15 second(s) with 500 milliseconds interval)
at org.openqa.selenium.support.ui.WebDriverWait.timeoutException(WebDriverWait.java:84)
at org.openqa.selenium.support.ui.FluentWait.until(FluentWait.java:228)
at com.zenken.frehsers.abstractcomponents.WebDriverUtils.waitUntilElementAppears(WebDriverUtils.java:67)
at com.zenken.freshers.pages.user.EditConsetFormPage.getCFErrorText(EditConsetFormPage.java:127)
at com.zenken.freshers.user.JapanesePlacementConsentForm.verifyCFInvalidFileFormat(JapanesePlacementConsentForm.java:181)
at java.base/jdk.internal.reflect.DirectMethodHandleAccessor.invoke(DirectMethodHandleAccessor.java:103)
at java.base/java.lang.reflect.Method.invoke(Method.java:580)
at org.testng.internal.invokers.MethodInvocationHelper.invokeMethod(MethodInvocationHelper.java:141)
at org.testng.internal.invokers.TestInvoker.invokeMethod(TestInvoker.java:686)
at org.testng.internal.invokers.TestInvoker.invokeTestMethod(TestInvoker.java:230)
at org.testng.internal.invokers.MethodRunner.runInSequence(MethodRunner.java:63)
at org.testng.internal.invokers.TestInvoker$MethodInvocationAgent.invoke(TestInvoker.java:992)
at org.testng.internal.invokers.TestInvoker.invokeTestMethods(TestInvoker.java:203)
at org.testng.internal.invokers.TestMethodWorker.invokeTestMethods(TestMethodWorker.java:154)
at org.testng.internal.invokers.TestMethodWorker.run(TestMethodWorker.java:134)
at java.base/java.util.concurrent.Executors$RunnableAdapter.call(Executors.java:572)
at java.base/java.util.concurrent.FutureTask.run(FutureTask.java:317)
at org.testng.internal.thread.graph.TestNGFutureTask.run(TestNGFutureTask.java:22)
at java.base/java.util.concurrent.ThreadPoolExecutor.runWorker(ThreadPoolExecutor.java:1144)
at java.base/java.util.concurrent.ThreadPoolExecutor$Worker.run(ThreadPoolExecutor.java:642)
at java.base/java.lang.Thread.run(Thread.java:1583)
Caused by: org.openqa.selenium.NoSuchElementException: no such element: Unable to locate element: {"method":"css selector","selector":"[class*='remove']"}
  (Session info: MicrosoftEdge=131.0.2903.51)
For documentation on this error, please visit: https://www.selenium.dev/documentation/webdriver/troubleshooting/errors#no-such-element-exception
Build info: version: '4.26.0', revision: '8ccf0219d7'
System info: os.name: 'Windows 11', os.arch: 'amd64', os.version: '10.0', java.version: '21.0.2'
Driver info: org.openqa.selenium.edge.EdgeDriver
Command: [3cd872430061f8dac4fbe78e4104c480, findElement {using=css selector, value=[class*='remove']}]
[...]
        <test-method signature="verifyCertCancelEditRed()[pri:22, instance:com.zenken.freshers.user.Certifications@536dbea0]" started-at="2024-11-22T16:21:24 IST" name="verifyCertCancelEditRed" description="This test verifies that &#039;Cancel&#039; from Edit Certification redirectes user to preview page " finished-at="2024-11-22T16:21:27 IST" duration-ms="2125" status="PASS">
          <reporter-output>
          </reporter-output>
        </test-method> <!-- verifyCertCancelEditRed -->
        <test-method is-config="true" signature="tearDown()[pri:0, instance:com.zenken.freshers.user.Certifications@536dbea0]" started-at="2024-11-22T16:21:27 IST" name="tearDown" finished-at="2024-11-22T16:21:28 IST" duration-ms="1248" status="PASS">
          <reporter-output>
          </reporter-output>
        </test-method> <!-- tearDown -->
      </class> <!-- com.zenken.freshers.user.Certifications -->
      <class name="com.zenken.freshers.user.Photo">
        <test-method is-config="true" signature="setup(java.lang.reflect.Method)[pri:0, instance:com.zenken.freshers.user.Photo@47c81abf]" started-at="2024-11-22T16:07:24 IST" name="setup" finished-at="2024-11-22T16:07:29 IST" duration-ms="5006" status="PASS">
          <params>
            <param index="0">
              <value>
                <![CDATA[public void com.zenken.freshers.user.Photo.verifyPhotoUrl()]]>
              </value>
            </param>
          </params>
          <reporter-output>
          </reporter-output>
        </test-method> <!-- setup -->
        <test-method is-config="true" signature="setUpTest()[pri:0, instance:com.zenken.freshers.user.Photo@47c81abf]" started-at="2024-11-22T16:07:29 IST" name="setUpTest" finished-at="2024-11-22T16:08:09 IST" duration-ms="40191" status="PASS">
          <reporter-output>
          </reporter-output>
        </test-method> <!-- setUpTest -->
        <test-method signature="verifyPhotoUrl()[pri:1, instance:com.zenken.freshers.user.Photo@47c81abf]" started-at="2024-11-22T16:08:09 IST" name="verifyPhotoUrl" description="This test verifies that user is redirected to Photo edit page" finished-at="2024-11-22T16:08:13 IST" duration-ms="4478" status="PASS">
          <reporter-output>
          </reporter-output>
        </test-method> <!-- verifyPhotoUrl -->
        <test-method is-config="true" signature="tearDown()[pri:0, instance:com.zenken.freshers.user.Photo@47c81abf]" started-at="2024-11-22T16:08:13 IST" name="tearDown" finished-at="2024-11-22T16:08:15 IST" duration-ms="1581" status="PASS">
          <reporter-output>
          </reporter-output>
        </test-method> <!-- tearDown -->
        <test-method is-config="true" signature="setup(java.lang.reflect.Method)[pri:0, instance:com.zenken.freshers.user.Photo@47c81abf]" started-at="2024-11-22T16:08:15 IST" name="setup" finished-at="2024-11-22T16:08:17 IST" duration-ms="2550" status="PASS">
          <params>
            <param index="0">
              <value>
                <![CDATA[public void com.zenken.freshers.user.Photo.verifyPhotoTitle()]]>
              </value>
            </param>
          </params>
          <reporter-output>
          </reporter-output>
        </test-method> <!-- setup -->
        <test-method is-config="true" signature="setUpTest()[pri:0, instance:com.zenken.freshers.user.Photo@47c81abf]" started-at="2024-11-22T16:08:17 IST" name="setUpTest" finished-at="2024-11-22T16:08:51 IST" duration-ms="33770" status="PASS">
          <reporter-output>
          </reporter-output>
        </test-method> <!-- setUpTest -->
        <test-method signature="verifyPhotoTitle()[pri:2, instance:com.zenken.freshers.user.Photo@47c81abf]" started-at="2024-11-22T16:08:51 IST" name="verifyPhotoTitle" description="This test verifies that the Photo page title is correct" finished-at="2024-11-22T16:08:55 IST" duration-ms="4178" status="PASS">
          <reporter-output>
          </reporter-output>
        </test-method> <!-- verifyPhotoTitle -->
        <test-method is-config="true" signature="tearDown()[pri:0, instance:com.zenken.freshers.user.Photo@47c81abf]" started-at="2024-11-22T16:08:55 IST" name="tearDown" finished-at="2024-11-22T16:08:57 IST" duration-ms="1329" status="PASS">
          <reporter-output>
          </reporter-output>
        </test-method> <!-- tearDown -->
        <test-method is-config="true" signature="setup(java.lang.reflect.Method)[pri:0, instance:com.zenken.freshers.user.Photo@47c81abf]" started-at="2024-11-22T16:08:57 IST" name="setup" finished-at="2024-11-22T16:08:59 IST" duration-ms="2520" status="PASS">
          <params>
            <param index="0">
              <value>
                <![CDATA[public void com.zenken.freshers.user.Photo.verifyUploadModalDisplay()]]>
              </value>
            </param>
          </params>
          <reporter-output>
          </reporter-output>
        </test-method> <!-- setup -->
        <test-method is-config="true" signature="setUpTest()[pri:0, instance:com.zenken.freshers.user.Photo@47c81abf]" started-at="2024-11-22T16:08:59 IST" name="setUpTest" finished-at="2024-11-22T16:09:26 IST" duration-ms="26413" status="PASS">
          <reporter-output>
          </reporter-output>
        </test-method> <!-- setUpTest -->
        <test-method signature="verifyUploadModalDisplay()[pri:3, instance:com.zenken.freshers.user.Photo@47c81abf]" started-at="2024-11-22T16:09:26 IST" name="verifyUploadModalDisplay" description="This test verifies that upload modal appears when upload icon is clicked" finished-at="2024-11-22T16:09:30 IST" duration-ms="4535" status="PASS">
          <reporter-output>
          </reporter-output>
        </test-method> <!-- verifyUploadModalDisplay -->
        <test-method is-config="true" signature="tearDown()[pri:0, instance:com.zenken.freshers.user.Photo@47c81abf]" started-at="2024-11-22T16:09:30 IST" name="tearDown" finished-at="2024-11-22T16:09:32 IST" duration-ms="1877" status="PASS">
          <reporter-output>
          </reporter-output>
        </test-method> <!-- tearDown -->
        <test-method is-config="true" signature="setup(java.lang.reflect.Method)[pri:0, instance:com.zenken.freshers.user.Photo@47c81abf]" started-at="2024-11-22T16:09:32 IST" name="setup" finished-at="2024-11-22T16:09:35 IST" duration-ms="3213" status="PASS">
          <params>
            <param index="0">
              <value>
                <![CDATA[public void com.zenken.freshers.user.Photo.verifyImageResize()]]>
              </value>
            </param>
          </params>
          <reporter-output>
          </reporter-output>
        </test-method> <!-- setup -->
        <test-method is-config="true" signature="setUpTest()[pri:0, instance:com.zenken.freshers.user.Photo@47c81abf]" started-at="2024-11-22T16:09:35 IST" name="setUpTest" finished-at="2024-11-22T16:09:53 IST" duration-ms="17694" status="PASS">
          <reporter-output>
          </reporter-output>
        </test-method> <!-- setUpTest -->
        <test-method signature="verifyImageResize()[pri:4, instance:com.zenken.freshers.user.Photo@47c81abf]" started-at="2024-11-22T16:09:53 IST" name="verifyImageResize" description="This test verifies that the uploaded image can be resized" finished-at="2024-11-22T16:09:58 IST" duration-ms="5421" status="PASS">
          <reporter-output>
          </reporter-output>
        </test-method> <!-- verifyImageResize -->
        <test-method is-config="true" signature="tearDown()[pri:0, instance:com.zenken.freshers.user.Photo@47c81abf]" started-at="2024-11-22T16:09:58 IST" name="tearDown" finished-at="2024-11-22T16:10:00 IST" duration-ms="1626" status="PASS">
          <reporter-output>
          </reporter-output>
        </test-method> <!-- tearDown -->
        <test-method is-config="true" signature="setup(java.lang.reflect.Method)[pri:0, instance:com.zenken.freshers.user.Photo@47c81abf]" started-at="2024-11-22T16:10:00 IST" name="setup" finished-at="2024-11-22T16:10:04 IST" duration-ms="3512" status="PASS">
          <params>
            <param index="0">
              <value>
                <![CDATA[public void com.zenken.freshers.user.Photo.verifyImageDrag()]]>
              </value>
            </param>
          </params>
          <reporter-output>
          </reporter-output>
        </test-method> <!-- setup -->
        <test-method is-config="true" signature="setUpTest()[pri:0, instance:com.zenken.freshers.user.Photo@47c81abf]" started-at="2024-11-22T16:10:04 IST" name="setUpTest" finished-at="2024-11-22T16:10:17 IST" duration-ms="13024" status="PASS">
          <reporter-output>
          </reporter-output>
        </test-method> <!-- setUpTest -->
        <test-method signature="verifyImageDrag()[pri:5, instance:com.zenken.freshers.user.Photo@47c81abf]" started-at="2024-11-22T16:10:17 IST" name="verifyImageDrag" description="This test verifies that the uploaded image can be dragged" finished-at="2024-11-22T16:10:21 IST" duration-ms="4080" status="PASS">
          <reporter-output>
          </reporter-output>
        </test-method> <!-- verifyImageDrag -->
        <test-method is-config="true" signature="tearDown()[pri:0, instance:com.zenken.freshers.user.Photo@47c81abf]" started-at="2024-11-22T16:10:21 IST" name="tearDown" finished-at="2024-11-22T16:10:22 IST" duration-ms="1486" status="PASS">
          <reporter-output>
          </reporter-output>
        </test-method> <!-- tearDown -->
        <test-method is-config="true" signature="setup(java.lang.reflect.Method)[pri:0, instance:com.zenken.freshers.user.Photo@47c81abf]" started-at="2024-11-22T16:10:22 IST" name="setup" finished-at="2024-11-22T16:10:25 IST" duration-ms="2597" status="PASS">
          <params>
            <param index="0">
              <value>
                <![CDATA[public void com.zenken.freshers.user.Photo.verifyPhotoUpload()]]>
              </value>
            </param>
          </params>
          <reporter-output>
          </reporter-output>
        </test-method> <!-- setup -->
        <test-method is-config="true" signature="setUpTest()[pri:0, instance:com.zenken.freshers.user.Photo@47c81abf]" started-at="2024-11-22T16:10:25 IST" name="setUpTest" finished-at="2024-11-22T16:10:55 IST" duration-ms="29957" status="PASS">
          <reporter-output>
          </reporter-output>
        </test-method> <!-- setUpTest -->
        <test-method signature="verifyPhotoUpload()[pri:6, instance:com.zenken.freshers.user.Photo@47c81abf]" started-at="2024-11-22T16:10:55 IST" name="verifyPhotoUpload" description="This test verifies that the image can be uploaded successfully" finished-at="2024-11-22T16:11:21 IST" duration-ms="26423" status="PASS">
          <reporter-output>
          </reporter-output>
        </test-method> <!-- verifyPhotoUpload -->
        <test-method is-config="true" signature="tearDown()[pri:0, instance:com.zenken.freshers.user.Photo@47c81abf]" started-at="2024-11-22T16:11:21 IST" name="tearDown" finished-at="2024-11-22T16:11:22 IST" duration-ms="1263" status="PASS">
          <reporter-output>
          </reporter-output>
        </test-method> <!-- tearDown -->
        <test-method is-config="true" signature="setup(java.lang.reflect.Method)[pri:0, instance:com.zenken.freshers.user.Photo@47c81abf]" started-at="2024-11-22T16:11:22 IST" name="setup" finished-at="2024-11-22T16:11:25 IST" duration-ms="2560" status="PASS">
          <params>
            <param index="0">
              <value>
                <![CDATA[public void com.zenken.freshers.user.Photo.verifyPhotoImage() throws java.lang.InterruptedException]]>
              </value>
            </param>
          </params>
          <reporter-output>
          </reporter-output>
        </test-method> <!-- setup -->
        <test-method is-config="true" signature="setUpTest()[pri:0, instance:com.zenken.freshers.user.Photo@47c81abf]" started-at="2024-11-22T16:11:25 IST" name="setUpTest" finished-at="2024-11-22T16:11:57 IST" duration-ms="31959" status="PASS">
          <reporter-output>
          </reporter-output>
        </test-method> <!-- setUpTest -->
        <test-method signature="verifyPhotoImage()[pri:7, instance:com.zenken.freshers.user.Photo@47c81abf]" started-at="2024-11-22T16:11:57 IST" name="verifyPhotoImage" description="This test verifies that the uploaded image is same and &#039;Required to apply&#039; text is not displayed on preview and Photo edit page" finished-at="2024-11-22T16:12:33 IST" duration-ms="35621" status="PASS">
          <reporter-output>
          </reporter-output>
        </test-method> <!-- verifyPhotoImage -->
        <test-method is-config="true" signature="tearDown()[pri:0, instance:com.zenken.freshers.user.Photo@47c81abf]" started-at="2024-11-22T16:12:33 IST" name="tearDown" finished-at="2024-11-22T16:12:34 IST" duration-ms="1656" status="PASS">
          <reporter-output>
          </reporter-output>
        </test-method> <!-- tearDown -->
        <test-method is-config="true" signature="setup(java.lang.reflect.Method)[pri:0, instance:com.zenken.freshers.user.Photo@47c81abf]" started-at="2024-11-22T16:12:34 IST" name="setup" finished-at="2024-11-22T16:12:37 IST" duration-ms="2881" status="PASS">
          <params>
            <param index="0">
              <value>
                <![CDATA[public void com.zenken.freshers.user.Photo.verifyPhotoChange()]]>
              </value>
            </param>
          </params>
          <reporter-output>
          </reporter-output>
        </test-method> <!-- setup -->
        <test-method is-config="true" signature="setUpTest()[pri:0, instance:com.zenken.freshers.user.Photo@47c81abf]" started-at="2024-11-22T16:12:37 IST" name="setUpTest" finished-at="2024-11-22T16:13:09 IST" duration-ms="31968" status="PASS">
          <reporter-output>
          </reporter-output>
        </test-method> <!-- setUpTest -->
        <test-method signature="verifyPhotoChange()[pri:8, instance:com.zenken.freshers.user.Photo@47c81abf]" started-at="2024-11-22T16:13:09 IST" name="verifyPhotoChange" description="This test verifies that the uploaded image can be changed" finished-at="2024-11-22T16:13:16 IST" duration-ms="6569" status="PASS">
          <reporter-output>
          </reporter-output>
        </test-method> <!-- verifyPhotoChange -->
        <test-method is-config="true" signature="tearDown()[pri:0, instance:com.zenken.freshers.user.Photo@47c81abf]" started-at="2024-11-22T16:13:16 IST" name="tearDown" finished-at="2024-11-22T16:13:20 IST" duration-ms="4167" status="PASS">
          <reporter-output>
          </reporter-output>
        </test-method> <!-- tearDown -->
        <test-method is-config="true" signature="setup(java.lang.reflect.Method)[pri:0, instance:com.zenken.freshers.user.Photo@47c81abf]" started-at="2024-11-22T16:13:20 IST" name="setup" finished-at="2024-11-22T16:13:23 IST" duration-ms="3323" status="PASS">
          <params>
            <param index="0">
              <value>
                <![CDATA[public void com.zenken.freshers.user.Photo.verifyPhotoDelete()]]>
              </value>
            </param>
          </params>
          <reporter-output>
          </reporter-output>
        </test-method> <!-- setup -->
        <test-method is-config="true" signature="setUpTest()[pri:0, instance:com.zenken.freshers.user.Photo@47c81abf]" started-at="2024-11-22T16:13:23 IST" name="setUpTest" finished-at="2024-11-22T16:13:52 IST" duration-ms="29246" status="PASS">
          <reporter-output>
          </reporter-output>
        </test-method> <!-- setUpTest -->
        <test-method signature="verifyPhotoDelete()[pri:9, instance:com.zenken.freshers.user.Photo@47c81abf]" started-at="2024-11-22T16:13:52 IST" name="verifyPhotoDelete" description="This test verifies that the image can be deleted and &#039;Required to apply&#039; text is displayed on Photo edit and preview page" finished-at="2024-11-22T16:14:06 IST" duration-ms="13660" status="PASS">
          <reporter-output>
          </reporter-output>
        </test-method> <!-- verifyPhotoDelete -->
        <test-method is-config="true" signature="tearDown()[pri:0, instance:com.zenken.freshers.user.Photo@47c81abf]" started-at="2024-11-22T16:14:06 IST" name="tearDown" finished-at="2024-11-22T16:14:09 IST" duration-ms="2926" status="PASS">
          <reporter-output>
          </reporter-output>
        </test-method> <!-- tearDown -->
        <test-method is-config="true" signature="setup(java.lang.reflect.Method)[pri:0, instance:com.zenken.freshers.user.Photo@47c81abf]" started-at="2024-11-22T16:14:09 IST" name="setup" finished-at="2024-11-22T16:14:12 IST" duration-ms="3016" status="PASS">
          <params>
            <param index="0">
              <value>
                <![CDATA[public void com.zenken.freshers.user.Photo.verifyPhotoInvalidFile()]]>
              </value>
            </param>
          </params>
          <reporter-output>
          </reporter-output>
        </test-method> <!-- setup -->
        <test-method is-config="true" signature="setUpTest()[pri:0, instance:com.zenken.freshers.user.Photo@47c81abf]" started-at="2024-11-22T16:14:12 IST" name="setUpTest" finished-at="2024-11-22T16:14:43 IST" duration-ms="31340" status="PASS">
          <reporter-output>
          </reporter-output>
        </test-method> <!-- setUpTest -->
        <test-method signature="verifyPhotoInvalidFile()[pri:10, instance:com.zenken.freshers.user.Photo@47c81abf]" started-at="2024-11-22T16:14:43 IST" name="verifyPhotoInvalidFile" description="This test verifies that validation error occurs for invalid file format" finished-at="2024-11-22T16:14:56 IST" duration-ms="12259" status="PASS">
          <reporter-output>
          </reporter-output>
        </test-method> <!-- verifyPhotoInvalidFile -->
        <test-method is-config="true" signature="tearDown()[pri:0, instance:com.zenken.freshers.user.Photo@47c81abf]" started-at="2024-11-22T16:14:56 IST" name="tearDown" finished-at="2024-11-22T16:14:58 IST" duration-ms="2336" status="PASS">
          <reporter-output>
          </reporter-output>
        </test-method> <!-- tearDown -->
        <test-method is-config="true" signature="setup(java.lang.reflect.Method)[pri:0, instance:com.zenken.freshers.user.Photo@47c81abf]" started-at="2024-11-22T16:14:58 IST" name="setup" finished-at="2024-11-22T16:15:01 IST" duration-ms="2781" status="PASS">
          <params>
            <param index="0">
              <value>
                <![CDATA[public void com.zenken.freshers.user.Photo.verifyPhotoInvalidSize()]]>
              </value>
            </param>
          </params>
          <reporter-output>
          </reporter-output>
        </test-method> <!-- setup -->
        <test-method is-config="true" signature="setUpTest()[pri:0, instance:com.zenken.freshers.user.Photo@47c81abf]" started-at="2024-11-22T16:15:01 IST" name="setUpTest" finished-at="2024-11-22T16:15:27 IST" duration-ms="26610" status="PASS">
          <reporter-output>
          </reporter-output>
        </test-method> <!-- setUpTest -->
        <test-method signature="verifyPhotoInvalidSize()[pri:11, instance:com.zenken.freshers.user.Photo@47c81abf]" started-at="2024-11-22T16:15:27 IST" name="verifyPhotoInvalidSize" description="This test verifies that validation error occurs when image size is more than 5MB" finished-at="2024-11-22T16:15:31 IST" duration-ms="3229" status="PASS">
          <reporter-output>
          </reporter-output>
        </test-method> <!-- verifyPhotoInvalidSize -->
        <test-method is-config="true" signature="tearDown()[pri:0, instance:com.zenken.freshers.user.Photo@47c81abf]" started-at="2024-11-22T16:15:31 IST" name="tearDown" finished-at="2024-11-22T16:15:32 IST" duration-ms="1351" status="PASS">
          <reporter-output>
          </reporter-output>
        </test-method> <!-- tearDown -->
      </class> <!-- com.zenken.freshers.user.Photo -->
    </test> <!-- Test -->
  </suite> <!-- Suite -->
</testng-results>
