<?xml version="1.0" encoding="UTF-8"?>
<testng-results ignored="0" total="1" passed="1" failed="0" skipped="0">
  <reporter-output>
  </reporter-output>
  <suite started-at="2024-11-22T13:50:42 IST" name="Suite" finished-at="2024-11-22T13:50:53 IST" duration-ms="11141">
    <groups>
    </groups>
    <test started-at="2024-11-22T13:50:42 IST" name="Test" finished-at="2024-11-22T13:50:53 IST" duration-ms="11141">
      <class name="com.zenken.freshers.user.JapanesePlacementConsentForm">
        <test-method is-config="true" signature="setup(java.lang.reflect.Method)[pri:0, instance:com.zenken.freshers.user.JapanesePlacementConsentForm@389b0789]" started-at="2024-11-22T13:50:42 IST" name="setup" finished-at="2024-11-22T13:50:44 IST" duration-ms="1952" status="PASS">
          <params>
            <param index="0">
              <value>
                <![CDATA[public void com.zenken.freshers.user.JapanesePlacementConsentForm.verifyConsentFormDL() throws java.io.IOException]]>
              </value>
            </param>
          </params>
          <reporter-output>
          </reporter-output>
        </test-method> <!-- setup -->
        <test-method is-config="true" signature="setUpTest()[pri:0, instance:com.zenken.freshers.user.JapanesePlacementConsentForm@389b0789]" started-at="2024-11-22T13:50:44 IST" name="setUpTest" finished-at="2024-11-22T13:50:51 IST" duration-ms="7416" status="PASS">
          <reporter-output>
          </reporter-output>
        </test-method> <!-- setUpTest -->
        <test-method signature="verifyConsentFormDL()[pri:4, instance:com.zenken.freshers.user.JapanesePlacementConsentForm@389b0789]" started-at="2024-11-22T13:50:51 IST" name="verifyConsentFormDL" description="This test verifies that consent form can be downloaded successfully" finished-at="2024-11-22T13:50:52 IST" duration-ms="1447" status="PASS">
          <reporter-output>
          </reporter-output>
        </test-method> <!-- verifyConsentFormDL -->
        <test-method is-config="true" signature="tearDown()[pri:0, instance:com.zenken.freshers.user.JapanesePlacementConsentForm@389b0789]" started-at="2024-11-22T13:50:52 IST" name="tearDown" finished-at="2024-11-22T13:50:53 IST" duration-ms="258" status="PASS">
          <reporter-output>
          </reporter-output>
        </test-method> <!-- tearDown -->
      </class> <!-- com.zenken.freshers.user.JapanesePlacementConsentForm -->
    </test> <!-- Test -->
  </suite> <!-- Suite -->
</testng-results>
