<?xml version="1.0" encoding="UTF-8"?>
<testng-results ignored="0" total="1" passed="1" failed="0" skipped="0">
  <reporter-output>
  </reporter-output>
  <suite started-at="2024-07-04T15:29:08 IST" name="Default suite" finished-at="2024-07-04T15:29:15 IST" duration-ms="6867">
    <groups>
    </groups>
    <test started-at="2024-07-04T15:29:08 IST" name="Default test" finished-at="2024-07-04T15:29:15 IST" duration-ms="6867">
      <class name="com.zenken.freshers.user.Login">
        <test-method is-config="true" signature="setup()[pri:0, instance:com.zenken.freshers.user.Login@368247b9]" started-at="2024-07-04T15:29:08 IST" name="setup" finished-at="2024-07-04T15:29:14 IST" duration-ms="5515" status="PASS">
          <reporter-output>
          </reporter-output>
        </test-method> <!-- setup -->
        <test-method signature="sample()[pri:0, instance:com.zenken.freshers.user.Login@368247b9]" started-at="2024-07-04T15:29:14 IST" name="sample" finished-at="2024-07-04T15:29:15 IST" duration-ms="1093" status="PASS">
          <reporter-output>
          </reporter-output>
        </test-method> <!-- sample -->
        <test-method is-config="true" signature="tearDown()[pri:0, instance:com.zenken.freshers.user.Login@368247b9]" started-at="2024-07-04T15:29:15 IST" name="tearDown" finished-at="2024-07-04T15:29:15 IST" duration-ms="193" status="PASS">
          <reporter-output>
          </reporter-output>
        </test-method> <!-- tearDown -->
      </class> <!-- com.zenken.freshers.user.Login -->
    </test> <!-- Default test -->
  </suite> <!-- Default suite -->
</testng-results>
