<?xml version="1.0" encoding="UTF-8"?>
<testng-results ignored="0" total="18" passed="18" failed="0" skipped="0">
  <reporter-output>
  </reporter-output>
  <suite started-at="2024-09-25T15:22:38 IST" name="Suite" finished-at="2024-09-25T15:26:44 IST" duration-ms="245937">
    <groups>
    </groups>
    <test started-at="2024-09-25T15:22:38 IST" name="Test" finished-at="2024-09-25T15:26:44 IST" duration-ms="245937">
      <class name="com.zenken.freshers.user.Internships">
        <test-method is-config="true" signature="setup(java.lang.reflect.Method)[pri:0, instance:com.zenken.freshers.user.Internships@3576ddc2]" started-at="2024-09-25T15:22:38 IST" name="setup" finished-at="2024-09-25T15:22:40 IST" duration-ms="2041" status="PASS">
          <params>
            <param index="0">
              <value>
                <![CDATA[public void com.zenken.freshers.user.Internships.verifyIntNewUrl()]]>
              </value>
            </param>
          </params>
          <reporter-output>
          </reporter-output>
        </test-method> <!-- setup -->
        <test-method is-config="true" signature="setUpTest()[pri:0, instance:com.zenken.freshers.user.Internships@3576ddc2]" started-at="2024-09-25T15:22:40 IST" name="setUpTest" finished-at="2024-09-25T15:23:06 IST" duration-ms="26298" status="PASS">
          <reporter-output>
          </reporter-output>
        </test-method> <!-- setUpTest -->
        <test-method signature="verifyIntNewUrl()[pri:1, instance:com.zenken.freshers.user.Internships@3576ddc2]" started-at="2024-09-25T15:23:06 IST" name="verifyIntNewUrl" finished-at="2024-09-25T15:23:07 IST" duration-ms="846" status="PASS">
          <reporter-output>
          </reporter-output>
        </test-method> <!-- verifyIntNewUrl -->
        <test-method is-config="true" signature="tearDown()[pri:0, instance:com.zenken.freshers.user.Internships@3576ddc2]" started-at="2024-09-25T15:23:07 IST" name="tearDown" finished-at="2024-09-25T15:23:08 IST" duration-ms="316" status="PASS">
          <reporter-output>
          </reporter-output>
        </test-method> <!-- tearDown -->
        <test-method is-config="true" signature="setup(java.lang.reflect.Method)[pri:0, instance:com.zenken.freshers.user.Internships@3576ddc2]" started-at="2024-09-25T15:23:08 IST" name="setup" finished-at="2024-09-25T15:23:08 IST" duration-ms="908" status="PASS">
          <params>
            <param index="0">
              <value>
                <![CDATA[public void com.zenken.freshers.user.Internships.verifyInternshipPageTitle()]]>
              </value>
            </param>
          </params>
          <reporter-output>
          </reporter-output>
        </test-method> <!-- setup -->
        <test-method is-config="true" signature="setUpTest()[pri:0, instance:com.zenken.freshers.user.Internships@3576ddc2]" started-at="2024-09-25T15:23:08 IST" name="setUpTest" finished-at="2024-09-25T15:23:16 IST" duration-ms="7143" status="PASS">
          <reporter-output>
          </reporter-output>
        </test-method> <!-- setUpTest -->
        <test-method signature="verifyInternshipPageTitle()[pri:2, instance:com.zenken.freshers.user.Internships@3576ddc2]" started-at="2024-09-25T15:23:16 IST" name="verifyInternshipPageTitle" finished-at="2024-09-25T15:23:16 IST" duration-ms="879" status="PASS">
          <reporter-output>
          </reporter-output>
        </test-method> <!-- verifyInternshipPageTitle -->
        <test-method is-config="true" signature="tearDown()[pri:0, instance:com.zenken.freshers.user.Internships@3576ddc2]" started-at="2024-09-25T15:23:16 IST" name="tearDown" finished-at="2024-09-25T15:23:17 IST" duration-ms="159" status="PASS">
          <reporter-output>
          </reporter-output>
        </test-method> <!-- tearDown -->
        <test-method is-config="true" signature="setup(java.lang.reflect.Method)[pri:0, instance:com.zenken.freshers.user.Internships@3576ddc2]" started-at="2024-09-25T15:23:17 IST" name="setup" finished-at="2024-09-25T15:23:18 IST" duration-ms="1200" status="PASS">
          <params>
            <param index="0">
              <value>
                <![CDATA[public void com.zenken.freshers.user.Internships.verifyInternshipPlaceholder()]]>
              </value>
            </param>
          </params>
          <reporter-output>
          </reporter-output>
        </test-method> <!-- setup -->
        <test-method is-config="true" signature="setUpTest()[pri:0, instance:com.zenken.freshers.user.Internships@3576ddc2]" started-at="2024-09-25T15:23:18 IST" name="setUpTest" finished-at="2024-09-25T15:23:25 IST" duration-ms="7423" status="PASS">
          <reporter-output>
          </reporter-output>
        </test-method> <!-- setUpTest -->
        <test-method signature="verifyInternshipPlaceholder()[pri:3, instance:com.zenken.freshers.user.Internships@3576ddc2]" started-at="2024-09-25T15:23:25 IST" name="verifyInternshipPlaceholder" finished-at="2024-09-25T15:23:26 IST" duration-ms="837" status="PASS">
          <reporter-output>
          </reporter-output>
        </test-method> <!-- verifyInternshipPlaceholder -->
        <test-method is-config="true" signature="tearDown()[pri:0, instance:com.zenken.freshers.user.Internships@3576ddc2]" started-at="2024-09-25T15:23:26 IST" name="tearDown" finished-at="2024-09-25T15:23:26 IST" duration-ms="187" status="PASS">
          <reporter-output>
          </reporter-output>
        </test-method> <!-- tearDown -->
        <test-method is-config="true" signature="setup(java.lang.reflect.Method)[pri:0, instance:com.zenken.freshers.user.Internships@3576ddc2]" started-at="2024-09-25T15:23:26 IST" name="setup" finished-at="2024-09-25T15:23:27 IST" duration-ms="998" status="PASS">
          <params>
            <param index="0">
              <value>
                <![CDATA[public void com.zenken.freshers.user.Internships.verifyEndDateDdDisable()]]>
              </value>
            </param>
          </params>
          <reporter-output>
          </reporter-output>
        </test-method> <!-- setup -->
        <test-method is-config="true" signature="setUpTest()[pri:0, instance:com.zenken.freshers.user.Internships@3576ddc2]" started-at="2024-09-25T15:23:27 IST" name="setUpTest" finished-at="2024-09-25T15:23:34 IST" duration-ms="6385" status="PASS">
          <reporter-output>
          </reporter-output>
        </test-method> <!-- setUpTest -->
        <test-method signature="verifyEndDateDdDisable()[pri:4, instance:com.zenken.freshers.user.Internships@3576ddc2]" started-at="2024-09-25T15:23:34 IST" name="verifyEndDateDdDisable" finished-at="2024-09-25T15:23:35 IST" duration-ms="1694" status="PASS">
          <reporter-output>
          </reporter-output>
        </test-method> <!-- verifyEndDateDdDisable -->
        <test-method is-config="true" signature="tearDown()[pri:0, instance:com.zenken.freshers.user.Internships@3576ddc2]" started-at="2024-09-25T15:23:35 IST" name="tearDown" finished-at="2024-09-25T15:23:36 IST" duration-ms="156" status="PASS">
          <reporter-output>
          </reporter-output>
        </test-method> <!-- tearDown -->
        <test-method is-config="true" signature="setup(java.lang.reflect.Method)[pri:0, instance:com.zenken.freshers.user.Internships@3576ddc2]" started-at="2024-09-25T15:23:36 IST" name="setup" finished-at="2024-09-25T15:23:37 IST" duration-ms="1023" status="PASS">
          <params>
            <param index="0">
              <value>
                <![CDATA[public void com.zenken.freshers.user.Internships.verifyInternshipAddition()]]>
              </value>
            </param>
          </params>
          <reporter-output>
          </reporter-output>
        </test-method> <!-- setup -->
        <test-method is-config="true" signature="setUpTest()[pri:0, instance:com.zenken.freshers.user.Internships@3576ddc2]" started-at="2024-09-25T15:23:37 IST" name="setUpTest" finished-at="2024-09-25T15:23:42 IST" duration-ms="5610" status="PASS">
          <reporter-output>
          </reporter-output>
        </test-method> <!-- setUpTest -->
        <test-method signature="verifyInternshipAddition()[pri:5, instance:com.zenken.freshers.user.Internships@3576ddc2]" started-at="2024-09-25T15:23:42 IST" name="verifyInternshipAddition" finished-at="2024-09-25T15:23:46 IST" duration-ms="3359" status="PASS">
          <reporter-output>
          </reporter-output>
        </test-method> <!-- verifyInternshipAddition -->
        <test-method is-config="true" signature="tearDown()[pri:0, instance:com.zenken.freshers.user.Internships@3576ddc2]" started-at="2024-09-25T15:23:46 IST" name="tearDown" finished-at="2024-09-25T15:23:46 IST" duration-ms="391" status="PASS">
          <reporter-output>
          </reporter-output>
        </test-method> <!-- tearDown -->
        <test-method is-config="true" signature="setup(java.lang.reflect.Method)[pri:0, instance:com.zenken.freshers.user.Internships@3576ddc2]" started-at="2024-09-25T15:23:46 IST" name="setup" finished-at="2024-09-25T15:23:47 IST" duration-ms="1049" status="PASS">
          <params>
            <param index="0">
              <value>
                <![CDATA[public void com.zenken.freshers.user.Internships.verifyIntAdditionWithDetails()]]>
              </value>
            </param>
          </params>
          <reporter-output>
          </reporter-output>
        </test-method> <!-- setup -->
        <test-method is-config="true" signature="setUpTest()[pri:0, instance:com.zenken.freshers.user.Internships@3576ddc2]" started-at="2024-09-25T15:23:47 IST" name="setUpTest" finished-at="2024-09-25T15:23:54 IST" duration-ms="6590" status="PASS">
          <reporter-output>
          </reporter-output>
        </test-method> <!-- setUpTest -->
        <test-method signature="verifyIntAdditionWithDetails()[pri:6, instance:com.zenken.freshers.user.Internships@3576ddc2]" started-at="2024-09-25T15:23:54 IST" name="verifyIntAdditionWithDetails" finished-at="2024-09-25T15:23:58 IST" duration-ms="4890" status="PASS">
          <reporter-output>
          </reporter-output>
        </test-method> <!-- verifyIntAdditionWithDetails -->
        <test-method is-config="true" signature="tearDown()[pri:0, instance:com.zenken.freshers.user.Internships@3576ddc2]" started-at="2024-09-25T15:23:58 IST" name="tearDown" finished-at="2024-09-25T15:23:59 IST" duration-ms="236" status="PASS">
          <reporter-output>
          </reporter-output>
        </test-method> <!-- tearDown -->
        <test-method is-config="true" signature="setup(java.lang.reflect.Method)[pri:0, instance:com.zenken.freshers.user.Internships@3576ddc2]" started-at="2024-09-25T15:23:59 IST" name="setup" finished-at="2024-09-25T15:24:00 IST" duration-ms="832" status="PASS">
          <params>
            <param index="0">
              <value>
                <![CDATA[public void com.zenken.freshers.user.Internships.verifyIntEditUrl()]]>
              </value>
            </param>
          </params>
          <reporter-output>
          </reporter-output>
        </test-method> <!-- setup -->
        <test-method is-config="true" signature="setUpTest()[pri:0, instance:com.zenken.freshers.user.Internships@3576ddc2]" started-at="2024-09-25T15:24:00 IST" name="setUpTest" finished-at="2024-09-25T15:24:08 IST" duration-ms="8058" status="PASS">
          <reporter-output>
          </reporter-output>
        </test-method> <!-- setUpTest -->
        <test-method signature="verifyIntEditUrl()[pri:7, instance:com.zenken.freshers.user.Internships@3576ddc2]" started-at="2024-09-25T15:24:08 IST" name="verifyIntEditUrl" finished-at="2024-09-25T15:24:08 IST" duration-ms="819" status="PASS">
          <reporter-output>
          </reporter-output>
        </test-method> <!-- verifyIntEditUrl -->
        <test-method is-config="true" signature="tearDown()[pri:0, instance:com.zenken.freshers.user.Internships@3576ddc2]" started-at="2024-09-25T15:24:08 IST" name="tearDown" finished-at="2024-09-25T15:24:09 IST" duration-ms="317" status="PASS">
          <reporter-output>
          </reporter-output>
        </test-method> <!-- tearDown -->
        <test-method is-config="true" signature="setup(java.lang.reflect.Method)[pri:0, instance:com.zenken.freshers.user.Internships@3576ddc2]" started-at="2024-09-25T15:24:09 IST" name="setup" finished-at="2024-09-25T15:24:10 IST" duration-ms="861" status="PASS">
          <params>
            <param index="0">
              <value>
                <![CDATA[public void com.zenken.freshers.user.Internships.verifyIntSavedData()]]>
              </value>
            </param>
          </params>
          <reporter-output>
          </reporter-output>
        </test-method> <!-- setup -->
        <test-method is-config="true" signature="setUpTest()[pri:0, instance:com.zenken.freshers.user.Internships@3576ddc2]" started-at="2024-09-25T15:24:10 IST" name="setUpTest" finished-at="2024-09-25T15:24:22 IST" duration-ms="12025" status="PASS">
          <reporter-output>
          </reporter-output>
        </test-method> <!-- setUpTest -->
        <test-method signature="verifyIntSavedData()[pri:8, instance:com.zenken.freshers.user.Internships@3576ddc2]" started-at="2024-09-25T15:24:22 IST" name="verifyIntSavedData" finished-at="2024-09-25T15:24:23 IST" duration-ms="1100" status="PASS">
          <reporter-output>
          </reporter-output>
        </test-method> <!-- verifyIntSavedData -->
        <test-method is-config="true" signature="tearDown()[pri:0, instance:com.zenken.freshers.user.Internships@3576ddc2]" started-at="2024-09-25T15:24:23 IST" name="tearDown" finished-at="2024-09-25T15:24:23 IST" duration-ms="197" status="PASS">
          <reporter-output>
          </reporter-output>
        </test-method> <!-- tearDown -->
        <test-method is-config="true" signature="setup(java.lang.reflect.Method)[pri:0, instance:com.zenken.freshers.user.Internships@3576ddc2]" started-at="2024-09-25T15:24:23 IST" name="setup" finished-at="2024-09-25T15:24:24 IST" duration-ms="776" status="PASS">
          <params>
            <param index="0">
              <value>
                <![CDATA[public void com.zenken.freshers.user.Internships.verifyIntCharCount()]]>
              </value>
            </param>
          </params>
          <reporter-output>
          </reporter-output>
        </test-method> <!-- setup -->
        <test-method is-config="true" signature="setUpTest()[pri:0, instance:com.zenken.freshers.user.Internships@3576ddc2]" started-at="2024-09-25T15:24:24 IST" name="setUpTest" finished-at="2024-09-25T15:24:29 IST" duration-ms="5424" status="PASS">
          <reporter-output>
          </reporter-output>
        </test-method> <!-- setUpTest -->
        <test-method signature="verifyIntCharCount()[pri:9, instance:com.zenken.freshers.user.Internships@3576ddc2]" started-at="2024-09-25T15:24:29 IST" name="verifyIntCharCount" finished-at="2024-09-25T15:24:49 IST" duration-ms="19793" status="PASS">
          <reporter-output>
          </reporter-output>
        </test-method> <!-- verifyIntCharCount -->
        <test-method is-config="true" signature="tearDown()[pri:0, instance:com.zenken.freshers.user.Internships@3576ddc2]" started-at="2024-09-25T15:24:49 IST" name="tearDown" finished-at="2024-09-25T15:24:49 IST" duration-ms="246" status="PASS">
          <reporter-output>
          </reporter-output>
        </test-method> <!-- tearDown -->
        <test-method is-config="true" signature="setup(java.lang.reflect.Method)[pri:0, instance:com.zenken.freshers.user.Internships@3576ddc2]" started-at="2024-09-25T15:24:49 IST" name="setup" finished-at="2024-09-25T15:24:50 IST" duration-ms="1078" status="PASS">
          <params>
            <param index="0">
              <value>
                <![CDATA[public void com.zenken.freshers.user.Internships.verifyTenIntExceed()]]>
              </value>
            </param>
          </params>
          <reporter-output>
          </reporter-output>
        </test-method> <!-- setup -->
        <test-method is-config="true" signature="setUpTest()[pri:0, instance:com.zenken.freshers.user.Internships@3576ddc2]" started-at="2024-09-25T15:24:50 IST" name="setUpTest" finished-at="2024-09-25T15:24:56 IST" duration-ms="5604" status="PASS">
          <reporter-output>
          </reporter-output>
        </test-method> <!-- setUpTest -->
        <test-method signature="verifyTenIntExceed()[pri:10, instance:com.zenken.freshers.user.Internships@3576ddc2]" started-at="2024-09-25T15:24:56 IST" name="verifyTenIntExceed" finished-at="2024-09-25T15:25:17 IST" duration-ms="21302" status="PASS">
          <reporter-output>
          </reporter-output>
        </test-method> <!-- verifyTenIntExceed -->
        <test-method is-config="true" signature="tearDown()[pri:0, instance:com.zenken.freshers.user.Internships@3576ddc2]" started-at="2024-09-25T15:25:17 IST" name="tearDown" finished-at="2024-09-25T15:25:17 IST" duration-ms="183" status="PASS">
          <reporter-output>
          </reporter-output>
        </test-method> <!-- tearDown -->
        <test-method is-config="true" signature="setup(java.lang.reflect.Method)[pri:0, instance:com.zenken.freshers.user.Internships@3576ddc2]" started-at="2024-09-25T15:25:17 IST" name="setup" finished-at="2024-09-25T15:25:18 IST" duration-ms="718" status="PASS">
          <params>
            <param index="0">
              <value>
                <![CDATA[public void com.zenken.freshers.user.Internships.verifyIntDeletePopUp()]]>
              </value>
            </param>
          </params>
          <reporter-output>
          </reporter-output>
        </test-method> <!-- setup -->
        <test-method is-config="true" signature="setUpTest()[pri:0, instance:com.zenken.freshers.user.Internships@3576ddc2]" started-at="2024-09-25T15:25:18 IST" name="setUpTest" finished-at="2024-09-25T15:25:25 IST" duration-ms="7076" status="PASS">
          <reporter-output>
          </reporter-output>
        </test-method> <!-- setUpTest -->
        <test-method signature="verifyIntDeletePopUp()[pri:11, instance:com.zenken.freshers.user.Internships@3576ddc2]" started-at="2024-09-25T15:25:25 IST" name="verifyIntDeletePopUp" finished-at="2024-09-25T15:25:26 IST" duration-ms="1329" status="PASS">
          <reporter-output>
          </reporter-output>
        </test-method> <!-- verifyIntDeletePopUp -->
        <test-method is-config="true" signature="tearDown()[pri:0, instance:com.zenken.freshers.user.Internships@3576ddc2]" started-at="2024-09-25T15:25:26 IST" name="tearDown" finished-at="2024-09-25T15:25:27 IST" duration-ms="207" status="PASS">
          <reporter-output>
          </reporter-output>
        </test-method> <!-- tearDown -->
        <test-method is-config="true" signature="setup(java.lang.reflect.Method)[pri:0, instance:com.zenken.freshers.user.Internships@3576ddc2]" started-at="2024-09-25T15:25:27 IST" name="setup" finished-at="2024-09-25T15:25:27 IST" duration-ms="705" status="PASS">
          <params>
            <param index="0">
              <value>
                <![CDATA[public void com.zenken.freshers.user.Internships.verifyIntDelete()]]>
              </value>
            </param>
          </params>
          <reporter-output>
          </reporter-output>
        </test-method> <!-- setup -->
        <test-method is-config="true" signature="setUpTest()[pri:0, instance:com.zenken.freshers.user.Internships@3576ddc2]" started-at="2024-09-25T15:25:27 IST" name="setUpTest" finished-at="2024-09-25T15:25:33 IST" duration-ms="5650" status="PASS">
          <reporter-output>
          </reporter-output>
        </test-method> <!-- setUpTest -->
        <test-method signature="verifyIntDelete()[pri:12, instance:com.zenken.freshers.user.Internships@3576ddc2]" started-at="2024-09-25T15:25:33 IST" name="verifyIntDelete" finished-at="2024-09-25T15:25:36 IST" duration-ms="2853" status="PASS">
          <reporter-output>
          </reporter-output>
        </test-method> <!-- verifyIntDelete -->
        <test-method is-config="true" signature="tearDown()[pri:0, instance:com.zenken.freshers.user.Internships@3576ddc2]" started-at="2024-09-25T15:25:36 IST" name="tearDown" finished-at="2024-09-25T15:25:36 IST" duration-ms="176" status="PASS">
          <reporter-output>
          </reporter-output>
        </test-method> <!-- tearDown -->
        <test-method is-config="true" signature="setup(java.lang.reflect.Method)[pri:0, instance:com.zenken.freshers.user.Internships@3576ddc2]" started-at="2024-09-25T15:25:36 IST" name="setup" finished-at="2024-09-25T15:25:37 IST" duration-ms="692" status="PASS">
          <params>
            <param index="0">
              <value>
                <![CDATA[public void com.zenken.freshers.user.Internships.verifyIntDetailsCharExceed()]]>
              </value>
            </param>
          </params>
          <reporter-output>
          </reporter-output>
        </test-method> <!-- setup -->
        <test-method is-config="true" signature="setUpTest()[pri:0, instance:com.zenken.freshers.user.Internships@3576ddc2]" started-at="2024-09-25T15:25:37 IST" name="setUpTest" finished-at="2024-09-25T15:25:43 IST" duration-ms="5880" status="PASS">
          <reporter-output>
          </reporter-output>
        </test-method> <!-- setUpTest -->
        <test-method signature="verifyIntDetailsCharExceed()[pri:13, instance:com.zenken.freshers.user.Internships@3576ddc2]" started-at="2024-09-25T15:25:43 IST" name="verifyIntDetailsCharExceed" finished-at="2024-09-25T15:25:51 IST" duration-ms="8548" status="PASS">
          <reporter-output>
          </reporter-output>
        </test-method> <!-- verifyIntDetailsCharExceed -->
        <test-method is-config="true" signature="tearDown()[pri:0, instance:com.zenken.freshers.user.Internships@3576ddc2]" started-at="2024-09-25T15:25:51 IST" name="tearDown" finished-at="2024-09-25T15:25:51 IST" duration-ms="177" status="PASS">
          <reporter-output>
          </reporter-output>
        </test-method> <!-- tearDown -->
        <test-method is-config="true" signature="setup(java.lang.reflect.Method)[pri:0, instance:com.zenken.freshers.user.Internships@3576ddc2]" started-at="2024-09-25T15:25:51 IST" name="setup" finished-at="2024-09-25T15:25:52 IST" duration-ms="690" status="PASS">
          <params>
            <param index="0">
              <value>
                <![CDATA[public void com.zenken.freshers.user.Internships.verifyEndDateMismatch()]]>
              </value>
            </param>
          </params>
          <reporter-output>
          </reporter-output>
        </test-method> <!-- setup -->
        <test-method is-config="true" signature="setUpTest()[pri:0, instance:com.zenken.freshers.user.Internships@3576ddc2]" started-at="2024-09-25T15:25:52 IST" name="setUpTest" finished-at="2024-09-25T15:25:58 IST" duration-ms="5804" status="PASS">
          <reporter-output>
          </reporter-output>
        </test-method> <!-- setUpTest -->
        <test-method signature="verifyEndDateMismatch()[pri:14, instance:com.zenken.freshers.user.Internships@3576ddc2]" started-at="2024-09-25T15:25:58 IST" name="verifyEndDateMismatch" finished-at="2024-09-25T15:26:01 IST" duration-ms="3117" status="PASS">
          <reporter-output>
          </reporter-output>
        </test-method> <!-- verifyEndDateMismatch -->
        <test-method is-config="true" signature="tearDown()[pri:0, instance:com.zenken.freshers.user.Internships@3576ddc2]" started-at="2024-09-25T15:26:01 IST" name="tearDown" finished-at="2024-09-25T15:26:01 IST" duration-ms="211" status="PASS">
          <reporter-output>
          </reporter-output>
        </test-method> <!-- tearDown -->
        <test-method is-config="true" signature="setup(java.lang.reflect.Method)[pri:0, instance:com.zenken.freshers.user.Internships@3576ddc2]" started-at="2024-09-25T15:26:01 IST" name="setup" finished-at="2024-09-25T15:26:02 IST" duration-ms="739" status="PASS">
          <params>
            <param index="0">
              <value>
                <![CDATA[public void com.zenken.freshers.user.Internships.verifyStartMonthRequired()]]>
              </value>
            </param>
          </params>
          <reporter-output>
          </reporter-output>
        </test-method> <!-- setup -->
        <test-method is-config="true" signature="setUpTest()[pri:0, instance:com.zenken.freshers.user.Internships@3576ddc2]" started-at="2024-09-25T15:26:02 IST" name="setUpTest" finished-at="2024-09-25T15:26:08 IST" duration-ms="5682" status="PASS">
          <reporter-output>
          </reporter-output>
        </test-method> <!-- setUpTest -->
        <test-method signature="verifyStartMonthRequired()[pri:15, instance:com.zenken.freshers.user.Internships@3576ddc2]" started-at="2024-09-25T15:26:08 IST" name="verifyStartMonthRequired" finished-at="2024-09-25T15:26:10 IST" duration-ms="2657" status="PASS">
          <reporter-output>
          </reporter-output>
        </test-method> <!-- verifyStartMonthRequired -->
        <test-method is-config="true" signature="tearDown()[pri:0, instance:com.zenken.freshers.user.Internships@3576ddc2]" started-at="2024-09-25T15:26:10 IST" name="tearDown" finished-at="2024-09-25T15:26:10 IST" duration-ms="146" status="PASS">
          <reporter-output>
          </reporter-output>
        </test-method> <!-- tearDown -->
        <test-method is-config="true" signature="setup(java.lang.reflect.Method)[pri:0, instance:com.zenken.freshers.user.Internships@3576ddc2]" started-at="2024-09-25T15:26:10 IST" name="setup" finished-at="2024-09-25T15:26:11 IST" duration-ms="788" status="PASS">
          <params>
            <param index="0">
              <value>
                <![CDATA[public void com.zenken.freshers.user.Internships.verifyStartYearRequired()]]>
              </value>
            </param>
          </params>
          <reporter-output>
          </reporter-output>
        </test-method> <!-- setup -->
        <test-method is-config="true" signature="setUpTest()[pri:0, instance:com.zenken.freshers.user.Internships@3576ddc2]" started-at="2024-09-25T15:26:11 IST" name="setUpTest" finished-at="2024-09-25T15:26:19 IST" duration-ms="7485" status="PASS">
          <reporter-output>
          </reporter-output>
        </test-method> <!-- setUpTest -->
        <test-method signature="verifyStartYearRequired()[pri:16, instance:com.zenken.freshers.user.Internships@3576ddc2]" started-at="2024-09-25T15:26:19 IST" name="verifyStartYearRequired" finished-at="2024-09-25T15:26:21 IST" duration-ms="2749" status="PASS">
          <reporter-output>
          </reporter-output>
        </test-method> <!-- verifyStartYearRequired -->
        <test-method is-config="true" signature="tearDown()[pri:0, instance:com.zenken.freshers.user.Internships@3576ddc2]" started-at="2024-09-25T15:26:21 IST" name="tearDown" finished-at="2024-09-25T15:26:22 IST" duration-ms="153" status="PASS">
          <reporter-output>
          </reporter-output>
        </test-method> <!-- tearDown -->
        <test-method is-config="true" signature="setup(java.lang.reflect.Method)[pri:0, instance:com.zenken.freshers.user.Internships@3576ddc2]" started-at="2024-09-25T15:26:22 IST" name="setup" finished-at="2024-09-25T15:26:22 IST" duration-ms="754" status="PASS">
          <params>
            <param index="0">
              <value>
                <![CDATA[public void com.zenken.freshers.user.Internships.verifyEndMonthRequired()]]>
              </value>
            </param>
          </params>
          <reporter-output>
          </reporter-output>
        </test-method> <!-- setup -->
        <test-method is-config="true" signature="setUpTest()[pri:0, instance:com.zenken.freshers.user.Internships@3576ddc2]" started-at="2024-09-25T15:26:22 IST" name="setUpTest" finished-at="2024-09-25T15:26:30 IST" duration-ms="8112" status="PASS">
          <reporter-output>
          </reporter-output>
        </test-method> <!-- setUpTest -->
        <test-method signature="verifyEndMonthRequired()[pri:17, instance:com.zenken.freshers.user.Internships@3576ddc2]" started-at="2024-09-25T15:26:30 IST" name="verifyEndMonthRequired" finished-at="2024-09-25T15:26:33 IST" duration-ms="2912" status="PASS">
          <reporter-output>
          </reporter-output>
        </test-method> <!-- verifyEndMonthRequired -->
        <test-method is-config="true" signature="tearDown()[pri:0, instance:com.zenken.freshers.user.Internships@3576ddc2]" started-at="2024-09-25T15:26:33 IST" name="tearDown" finished-at="2024-09-25T15:26:33 IST" duration-ms="157" status="PASS">
          <reporter-output>
          </reporter-output>
        </test-method> <!-- tearDown -->
        <test-method is-config="true" signature="setup(java.lang.reflect.Method)[pri:0, instance:com.zenken.freshers.user.Internships@3576ddc2]" started-at="2024-09-25T15:26:33 IST" name="setup" finished-at="2024-09-25T15:26:34 IST" duration-ms="700" status="PASS">
          <params>
            <param index="0">
              <value>
                <![CDATA[public void com.zenken.freshers.user.Internships.verifyEndYearRequired()]]>
              </value>
            </param>
          </params>
          <reporter-output>
          </reporter-output>
        </test-method> <!-- setup -->
        <test-method is-config="true" signature="setUpTest()[pri:0, instance:com.zenken.freshers.user.Internships@3576ddc2]" started-at="2024-09-25T15:26:34 IST" name="setUpTest" finished-at="2024-09-25T15:26:41 IST" duration-ms="6788" status="PASS">
          <reporter-output>
          </reporter-output>
        </test-method> <!-- setUpTest -->
        <test-method signature="verifyEndYearRequired()[pri:18, instance:com.zenken.freshers.user.Internships@3576ddc2]" started-at="2024-09-25T15:26:41 IST" name="verifyEndYearRequired" finished-at="2024-09-25T15:26:44 IST" duration-ms="2785" status="PASS">
          <reporter-output>
          </reporter-output>
        </test-method> <!-- verifyEndYearRequired -->
        <test-method is-config="true" signature="tearDown()[pri:0, instance:com.zenken.freshers.user.Internships@3576ddc2]" started-at="2024-09-25T15:26:44 IST" name="tearDown" finished-at="2024-09-25T15:26:44 IST" duration-ms="157" status="PASS">
          <reporter-output>
          </reporter-output>
        </test-method> <!-- tearDown -->
      </class> <!-- com.zenken.freshers.user.Internships -->
    </test> <!-- Test -->
  </suite> <!-- Suite -->
</testng-results>
