<?xml version="1.0" encoding="UTF-8"?>
<testng-results ignored="0" total="13" passed="13" failed="0" skipped="0">
  <reporter-output>
  </reporter-output>
  <suite started-at="2024-11-19T12:02:59 IST" name="Suite" finished-at="2024-11-19T12:05:46 IST" duration-ms="167262">
    <groups>
    </groups>
    <test started-at="2024-11-19T12:02:59 IST" name="Test" finished-at="2024-11-19T12:05:46 IST" duration-ms="167262">
      <class name="com.zenken.freshers.user.Skills">
        <test-method is-config="true" signature="setup(java.lang.reflect.Method)[pri:0, instance:com.zenken.freshers.user.Skills@13df2a8c]" started-at="2024-11-19T12:02:59 IST" name="setup" finished-at="2024-11-19T12:03:01 IST" duration-ms="2245" status="PASS">
          <params>
            <param index="0">
              <value>
                <![CDATA[public void com.zenken.freshers.user.Skills.verifySkillRequiredToApply()]]>
              </value>
            </param>
          </params>
          <reporter-output>
          </reporter-output>
        </test-method> <!-- setup -->
        <test-method is-config="true" signature="setupTest()[pri:0, instance:com.zenken.freshers.user.Skills@13df2a8c]" started-at="2024-11-19T12:03:01 IST" name="setupTest" finished-at="2024-11-19T12:03:10 IST" duration-ms="8500" status="PASS">
          <reporter-output>
          </reporter-output>
        </test-method> <!-- setupTest -->
        <test-method signature="verifySkillRequiredToApply()[pri:1, instance:com.zenken.freshers.user.Skills@13df2a8c]" started-at="2024-11-19T12:03:10 IST" name="verifySkillRequiredToApply" description="This test verifies that &#039;Required to apply&#039; text is displayed on Skills edit page and preview page" finished-at="2024-11-19T12:03:13 IST" duration-ms="3001" status="PASS">
          <reporter-output>
          </reporter-output>
        </test-method> <!-- verifySkillRequiredToApply -->
        <test-method is-config="true" signature="tearDown()[pri:0, instance:com.zenken.freshers.user.Skills@13df2a8c]" started-at="2024-11-19T12:03:13 IST" name="tearDown" finished-at="2024-11-19T12:03:13 IST" duration-ms="193" status="PASS">
          <reporter-output>
          </reporter-output>
        </test-method> <!-- tearDown -->
        <test-method is-config="true" signature="setup(java.lang.reflect.Method)[pri:0, instance:com.zenken.freshers.user.Skills@13df2a8c]" started-at="2024-11-19T12:03:13 IST" name="setup" finished-at="2024-11-19T12:03:14 IST" duration-ms="843" status="PASS">
          <params>
            <param index="0">
              <value>
                <![CDATA[public void com.zenken.freshers.user.Skills.verify100SkillsAddition()]]>
              </value>
            </param>
          </params>
          <reporter-output>
          </reporter-output>
        </test-method> <!-- setup -->
        <test-method is-config="true" signature="setupTest()[pri:0, instance:com.zenken.freshers.user.Skills@13df2a8c]" started-at="2024-11-19T12:03:14 IST" name="setupTest" finished-at="2024-11-19T12:03:21 IST" duration-ms="7701" status="PASS">
          <reporter-output>
          </reporter-output>
        </test-method> <!-- setupTest -->
        <test-method signature="verify100SkillsAddition()[pri:2, instance:com.zenken.freshers.user.Skills@13df2a8c]" started-at="2024-11-19T12:03:21 IST" name="verify100SkillsAddition" description="This test verifies that maximum one hundred skills can be added" finished-at="2024-11-19T12:03:56 IST" duration-ms="34846" status="PASS">
          <reporter-output>
          </reporter-output>
        </test-method> <!-- verify100SkillsAddition -->
        <test-method is-config="true" signature="tearDown()[pri:0, instance:com.zenken.freshers.user.Skills@13df2a8c]" started-at="2024-11-19T12:03:56 IST" name="tearDown" finished-at="2024-11-19T12:03:56 IST" duration-ms="262" status="PASS">
          <reporter-output>
          </reporter-output>
        </test-method> <!-- tearDown -->
        <test-method is-config="true" signature="setup(java.lang.reflect.Method)[pri:0, instance:com.zenken.freshers.user.Skills@13df2a8c]" started-at="2024-11-19T12:03:56 IST" name="setup" finished-at="2024-11-19T12:03:57 IST" duration-ms="790" status="PASS">
          <params>
            <param index="0">
              <value>
                <![CDATA[public void com.zenken.freshers.user.Skills.verifySkillAddition()]]>
              </value>
            </param>
          </params>
          <reporter-output>
          </reporter-output>
        </test-method> <!-- setup -->
        <test-method is-config="true" signature="setupTest()[pri:0, instance:com.zenken.freshers.user.Skills@13df2a8c]" started-at="2024-11-19T12:03:57 IST" name="setupTest" finished-at="2024-11-19T12:04:04 IST" duration-ms="6604" status="PASS">
          <reporter-output>
          </reporter-output>
        </test-method> <!-- setupTest -->
        <test-method signature="verifySkillAddition()[pri:3, instance:com.zenken.freshers.user.Skills@13df2a8c]" started-at="2024-11-19T12:04:04 IST" name="verifySkillAddition" description="This test verifies that the skill added can be saved successfully" finished-at="2024-11-19T12:04:07 IST" duration-ms="2671" status="PASS">
          <reporter-output>
          </reporter-output>
        </test-method> <!-- verifySkillAddition -->
        <test-method is-config="true" signature="tearDown()[pri:0, instance:com.zenken.freshers.user.Skills@13df2a8c]" started-at="2024-11-19T12:04:07 IST" name="tearDown" finished-at="2024-11-19T12:04:07 IST" duration-ms="167" status="PASS">
          <reporter-output>
          </reporter-output>
        </test-method> <!-- tearDown -->
        <test-method is-config="true" signature="setup(java.lang.reflect.Method)[pri:0, instance:com.zenken.freshers.user.Skills@13df2a8c]" started-at="2024-11-19T12:04:07 IST" name="setup" finished-at="2024-11-19T12:04:08 IST" duration-ms="791" status="PASS">
          <params>
            <param index="0">
              <value>
                <![CDATA[public void com.zenken.freshers.user.Skills.verifySkillDeleteOnPreviewPage()]]>
              </value>
            </param>
          </params>
          <reporter-output>
          </reporter-output>
        </test-method> <!-- setup -->
        <test-method is-config="true" signature="setupTest()[pri:0, instance:com.zenken.freshers.user.Skills@13df2a8c]" started-at="2024-11-19T12:04:08 IST" name="setupTest" finished-at="2024-11-19T12:04:17 IST" duration-ms="9183" status="PASS">
          <reporter-output>
          </reporter-output>
        </test-method> <!-- setupTest -->
        <test-method signature="verifySkillDeleteOnPreviewPage()[pri:5, instance:com.zenken.freshers.user.Skills@13df2a8c]" started-at="2024-11-19T12:04:17 IST" name="verifySkillDeleteOnPreviewPage" description="This test verifies that the skill can be deleted from the preview page" finished-at="2024-11-19T12:04:23 IST" duration-ms="6124" status="PASS">
          <reporter-output>
          </reporter-output>
        </test-method> <!-- verifySkillDeleteOnPreviewPage -->
        <test-method is-config="true" signature="tearDown()[pri:0, instance:com.zenken.freshers.user.Skills@13df2a8c]" started-at="2024-11-19T12:04:23 IST" name="tearDown" finished-at="2024-11-19T12:04:23 IST" duration-ms="182" status="PASS">
          <reporter-output>
          </reporter-output>
        </test-method> <!-- tearDown -->
        <test-method is-config="true" signature="setup(java.lang.reflect.Method)[pri:0, instance:com.zenken.freshers.user.Skills@13df2a8c]" started-at="2024-11-19T12:04:23 IST" name="setup" finished-at="2024-11-19T12:04:24 IST" duration-ms="758" status="PASS">
          <params>
            <param index="0">
              <value>
                <![CDATA[public void com.zenken.freshers.user.Skills.verifySkillsUrl()]]>
              </value>
            </param>
          </params>
          <reporter-output>
          </reporter-output>
        </test-method> <!-- setup -->
        <test-method is-config="true" signature="setupTest()[pri:0, instance:com.zenken.freshers.user.Skills@13df2a8c]" started-at="2024-11-19T12:04:24 IST" name="setupTest" finished-at="2024-11-19T12:04:31 IST" duration-ms="6961" status="PASS">
          <reporter-output>
          </reporter-output>
        </test-method> <!-- setupTest -->
        <test-method signature="verifySkillsUrl()[pri:6, instance:com.zenken.freshers.user.Skills@13df2a8c]" started-at="2024-11-19T12:04:31 IST" name="verifySkillsUrl" description="This test verifies that user is redirected to &#039;Skills&#039; edit page" finished-at="2024-11-19T12:04:31 IST" duration-ms="42" status="PASS">
          <reporter-output>
          </reporter-output>
        </test-method> <!-- verifySkillsUrl -->
        <test-method is-config="true" signature="tearDown()[pri:0, instance:com.zenken.freshers.user.Skills@13df2a8c]" started-at="2024-11-19T12:04:31 IST" name="tearDown" finished-at="2024-11-19T12:04:31 IST" duration-ms="136" status="PASS">
          <reporter-output>
          </reporter-output>
        </test-method> <!-- tearDown -->
        <test-method is-config="true" signature="setup(java.lang.reflect.Method)[pri:0, instance:com.zenken.freshers.user.Skills@13df2a8c]" started-at="2024-11-19T12:04:31 IST" name="setup" finished-at="2024-11-19T12:04:32 IST" duration-ms="732" status="PASS">
          <params>
            <param index="0">
              <value>
                <![CDATA[public void com.zenken.freshers.user.Skills.verifyEditSkillsPageTitle()]]>
              </value>
            </param>
          </params>
          <reporter-output>
          </reporter-output>
        </test-method> <!-- setup -->
        <test-method is-config="true" signature="setupTest()[pri:0, instance:com.zenken.freshers.user.Skills@13df2a8c]" started-at="2024-11-19T12:04:32 IST" name="setupTest" finished-at="2024-11-19T12:04:40 IST" duration-ms="8363" status="PASS">
          <reporter-output>
          </reporter-output>
        </test-method> <!-- setupTest -->
        <test-method signature="verifyEditSkillsPageTitle()[pri:7, instance:com.zenken.freshers.user.Skills@13df2a8c]" started-at="2024-11-19T12:04:40 IST" name="verifyEditSkillsPageTitle" description="This test verifies that Skills page title is correct" finished-at="2024-11-19T12:04:40 IST" duration-ms="12" status="PASS">
          <reporter-output>
          </reporter-output>
        </test-method> <!-- verifyEditSkillsPageTitle -->
        <test-method is-config="true" signature="tearDown()[pri:0, instance:com.zenken.freshers.user.Skills@13df2a8c]" started-at="2024-11-19T12:04:40 IST" name="tearDown" finished-at="2024-11-19T12:04:40 IST" duration-ms="120" status="PASS">
          <reporter-output>
          </reporter-output>
        </test-method> <!-- tearDown -->
        <test-method is-config="true" signature="setup(java.lang.reflect.Method)[pri:0, instance:com.zenken.freshers.user.Skills@13df2a8c]" started-at="2024-11-19T12:04:40 IST" name="setup" finished-at="2024-11-19T12:04:41 IST" duration-ms="760" status="PASS">
          <params>
            <param index="0">
              <value>
                <![CDATA[public void com.zenken.freshers.user.Skills.verifySkillsPlaceholder()]]>
              </value>
            </param>
          </params>
          <reporter-output>
          </reporter-output>
        </test-method> <!-- setup -->
        <test-method is-config="true" signature="setupTest()[pri:0, instance:com.zenken.freshers.user.Skills@13df2a8c]" started-at="2024-11-19T12:04:41 IST" name="setupTest" finished-at="2024-11-19T12:04:49 IST" duration-ms="7739" status="PASS">
          <reporter-output>
          </reporter-output>
        </test-method> <!-- setupTest -->
        <test-method signature="verifySkillsPlaceholder()[pri:8, instance:com.zenken.freshers.user.Skills@13df2a8c]" started-at="2024-11-19T12:04:49 IST" name="verifySkillsPlaceholder" description="This test verifies that expected placeholder is displayed" finished-at="2024-11-19T12:04:49 IST" duration-ms="34" status="PASS">
          <reporter-output>
          </reporter-output>
        </test-method> <!-- verifySkillsPlaceholder -->
        <test-method is-config="true" signature="tearDown()[pri:0, instance:com.zenken.freshers.user.Skills@13df2a8c]" started-at="2024-11-19T12:04:49 IST" name="tearDown" finished-at="2024-11-19T12:04:49 IST" duration-ms="130" status="PASS">
          <reporter-output>
          </reporter-output>
        </test-method> <!-- tearDown -->
        <test-method is-config="true" signature="setup(java.lang.reflect.Method)[pri:0, instance:com.zenken.freshers.user.Skills@13df2a8c]" started-at="2024-11-19T12:04:49 IST" name="setup" finished-at="2024-11-19T12:04:50 IST" duration-ms="797" status="PASS">
          <params>
            <param index="0">
              <value>
                <![CDATA[public void com.zenken.freshers.user.Skills.verifySkillOptionsPopulation()]]>
              </value>
            </param>
          </params>
          <reporter-output>
          </reporter-output>
        </test-method> <!-- setup -->
        <test-method is-config="true" signature="setupTest()[pri:0, instance:com.zenken.freshers.user.Skills@13df2a8c]" started-at="2024-11-19T12:04:50 IST" name="setupTest" finished-at="2024-11-19T12:04:56 IST" duration-ms="6712" status="PASS">
          <reporter-output>
          </reporter-output>
        </test-method> <!-- setupTest -->
        <test-method signature="verifySkillOptionsPopulation()[pri:9, instance:com.zenken.freshers.user.Skills@13df2a8c]" started-at="2024-11-19T12:04:56 IST" name="verifySkillOptionsPopulation" description="This test verifies that skills are populated based on the character input provided in the text box" finished-at="2024-11-19T12:04:57 IST" duration-ms="684" status="PASS">
          <reporter-output>
          </reporter-output>
        </test-method> <!-- verifySkillOptionsPopulation -->
        <test-method is-config="true" signature="tearDown()[pri:0, instance:com.zenken.freshers.user.Skills@13df2a8c]" started-at="2024-11-19T12:04:57 IST" name="tearDown" finished-at="2024-11-19T12:04:57 IST" duration-ms="141" status="PASS">
          <reporter-output>
          </reporter-output>
        </test-method> <!-- tearDown -->
        <test-method is-config="true" signature="setup(java.lang.reflect.Method)[pri:0, instance:com.zenken.freshers.user.Skills@13df2a8c]" started-at="2024-11-19T12:04:57 IST" name="setup" finished-at="2024-11-19T12:04:58 IST" duration-ms="728" status="PASS">
          <params>
            <param index="0">
              <value>
                <![CDATA[public void com.zenken.freshers.user.Skills.verifySkillSelection()]]>
              </value>
            </param>
          </params>
          <reporter-output>
          </reporter-output>
        </test-method> <!-- setup -->
        <test-method is-config="true" signature="setupTest()[pri:0, instance:com.zenken.freshers.user.Skills@13df2a8c]" started-at="2024-11-19T12:04:58 IST" name="setupTest" finished-at="2024-11-19T12:05:05 IST" duration-ms="7418" status="PASS">
          <reporter-output>
          </reporter-output>
        </test-method> <!-- setupTest -->
        <test-method signature="verifySkillSelection()[pri:10, instance:com.zenken.freshers.user.Skills@13df2a8c]" started-at="2024-11-19T12:05:05 IST" name="verifySkillSelection" description="This test verifies that a skill option can be selected" finished-at="2024-11-19T12:05:06 IST" duration-ms="229" status="PASS">
          <reporter-output>
          </reporter-output>
        </test-method> <!-- verifySkillSelection -->
        <test-method is-config="true" signature="tearDown()[pri:0, instance:com.zenken.freshers.user.Skills@13df2a8c]" started-at="2024-11-19T12:05:06 IST" name="tearDown" finished-at="2024-11-19T12:05:06 IST" duration-ms="149" status="PASS">
          <reporter-output>
          </reporter-output>
        </test-method> <!-- tearDown -->
        <test-method is-config="true" signature="setup(java.lang.reflect.Method)[pri:0, instance:com.zenken.freshers.user.Skills@13df2a8c]" started-at="2024-11-19T12:05:06 IST" name="setup" finished-at="2024-11-19T12:05:06 IST" duration-ms="817" status="PASS">
          <params>
            <param index="0">
              <value>
                <![CDATA[public void com.zenken.freshers.user.Skills.verifySkillLevelSelection()]]>
              </value>
            </param>
          </params>
          <reporter-output>
          </reporter-output>
        </test-method> <!-- setup -->
        <test-method is-config="true" signature="setupTest()[pri:0, instance:com.zenken.freshers.user.Skills@13df2a8c]" started-at="2024-11-19T12:05:06 IST" name="setupTest" finished-at="2024-11-19T12:05:14 IST" duration-ms="7732" status="PASS">
          <reporter-output>
          </reporter-output>
        </test-method> <!-- setupTest -->
        <test-method signature="verifySkillLevelSelection()[pri:11, instance:com.zenken.freshers.user.Skills@13df2a8c]" started-at="2024-11-19T12:05:14 IST" name="verifySkillLevelSelection" description="This test verifies that all skill level options can be selected" finished-at="2024-11-19T12:05:15 IST" duration-ms="649" status="PASS">
          <reporter-output>
          </reporter-output>
        </test-method> <!-- verifySkillLevelSelection -->
        <test-method is-config="true" signature="tearDown()[pri:0, instance:com.zenken.freshers.user.Skills@13df2a8c]" started-at="2024-11-19T12:05:15 IST" name="tearDown" finished-at="2024-11-19T12:05:15 IST" duration-ms="152" status="PASS">
          <reporter-output>
          </reporter-output>
        </test-method> <!-- tearDown -->
        <test-method is-config="true" signature="setup(java.lang.reflect.Method)[pri:0, instance:com.zenken.freshers.user.Skills@13df2a8c]" started-at="2024-11-19T12:05:15 IST" name="setup" finished-at="2024-11-19T12:05:16 IST" duration-ms="710" status="PASS">
          <params>
            <param index="0">
              <value>
                <![CDATA[public void com.zenken.freshers.user.Skills.verifySkillsCancel()]]>
              </value>
            </param>
          </params>
          <reporter-output>
          </reporter-output>
        </test-method> <!-- setup -->
        <test-method is-config="true" signature="setupTest()[pri:0, instance:com.zenken.freshers.user.Skills@13df2a8c]" started-at="2024-11-19T12:05:16 IST" name="setupTest" finished-at="2024-11-19T12:05:24 IST" duration-ms="8473" status="PASS">
          <reporter-output>
          </reporter-output>
        </test-method> <!-- setupTest -->
        <test-method signature="verifySkillsCancel()[pri:12, instance:com.zenken.freshers.user.Skills@13df2a8c]" started-at="2024-11-19T12:05:24 IST" name="verifySkillsCancel" description="This test verifies that user is redirected to preview page after clicking on &#039;Cancel&#039;" finished-at="2024-11-19T12:05:26 IST" duration-ms="1395" status="PASS">
          <reporter-output>
          </reporter-output>
        </test-method> <!-- verifySkillsCancel -->
        <test-method is-config="true" signature="tearDown()[pri:0, instance:com.zenken.freshers.user.Skills@13df2a8c]" started-at="2024-11-19T12:05:26 IST" name="tearDown" finished-at="2024-11-19T12:05:26 IST" duration-ms="182" status="PASS">
          <reporter-output>
          </reporter-output>
        </test-method> <!-- tearDown -->
        <test-method is-config="true" signature="setup(java.lang.reflect.Method)[pri:0, instance:com.zenken.freshers.user.Skills@13df2a8c]" started-at="2024-11-19T12:05:26 IST" name="setup" finished-at="2024-11-19T12:05:26 IST" duration-ms="725" status="PASS">
          <params>
            <param index="0">
              <value>
                <![CDATA[public void com.zenken.freshers.user.Skills.verifySkillLevelRequired()]]>
              </value>
            </param>
          </params>
          <reporter-output>
          </reporter-output>
        </test-method> <!-- setup -->
        <test-method is-config="true" signature="setupTest()[pri:0, instance:com.zenken.freshers.user.Skills@13df2a8c]" started-at="2024-11-19T12:05:26 IST" name="setupTest" finished-at="2024-11-19T12:05:33 IST" duration-ms="6911" status="PASS">
          <reporter-output>
          </reporter-output>
        </test-method> <!-- setupTest -->
        <test-method signature="verifySkillLevelRequired()[pri:13, instance:com.zenken.freshers.user.Skills@13df2a8c]" started-at="2024-11-19T12:05:33 IST" name="verifySkillLevelRequired" description="This test verifies that validation error occurs when skill level is not selected" finished-at="2024-11-19T12:05:36 IST" duration-ms="2409" status="PASS">
          <reporter-output>
          </reporter-output>
        </test-method> <!-- verifySkillLevelRequired -->
        <test-method is-config="true" signature="tearDown()[pri:0, instance:com.zenken.freshers.user.Skills@13df2a8c]" started-at="2024-11-19T12:05:36 IST" name="tearDown" finished-at="2024-11-19T12:05:36 IST" duration-ms="189" status="PASS">
          <reporter-output>
          </reporter-output>
        </test-method> <!-- tearDown -->
        <test-method is-config="true" signature="setup(java.lang.reflect.Method)[pri:0, instance:com.zenken.freshers.user.Skills@13df2a8c]" started-at="2024-11-19T12:05:36 IST" name="setup" finished-at="2024-11-19T12:05:37 IST" duration-ms="786" status="PASS">
          <params>
            <param index="0">
              <value>
                <![CDATA[public void com.zenken.freshers.user.Skills.verifySkillDeleteOnEditPage()]]>
              </value>
            </param>
          </params>
          <reporter-output>
          </reporter-output>
        </test-method> <!-- setup -->
        <test-method is-config="true" signature="setupTest()[pri:0, instance:com.zenken.freshers.user.Skills@13df2a8c]" started-at="2024-11-19T12:05:37 IST" name="setupTest" finished-at="2024-11-19T12:05:46 IST" duration-ms="8814" status="PASS">
          <reporter-output>
          </reporter-output>
        </test-method> <!-- setupTest -->
        <test-method signature="verifySkillDeleteOnEditPage()[pri:4, instance:com.zenken.freshers.user.Skills@13df2a8c]" started-at="2024-11-19T12:05:46 IST" name="verifySkillDeleteOnEditPage" description="This test verifies that the skill can be deleted on the edit page" finished-at="2024-11-19T12:05:46 IST" depends-on-methods="com.zenken.freshers.user.Skills.verifySkillAddition" duration-ms="318" status="PASS">
          <reporter-output>
          </reporter-output>
        </test-method> <!-- verifySkillDeleteOnEditPage -->
        <test-method is-config="true" signature="tearDown()[pri:0, instance:com.zenken.freshers.user.Skills@13df2a8c]" started-at="2024-11-19T12:05:46 IST" name="tearDown" finished-at="2024-11-19T12:05:46 IST" duration-ms="159" status="PASS">
          <reporter-output>
          </reporter-output>
        </test-method> <!-- tearDown -->
      </class> <!-- com.zenken.freshers.user.Skills -->
    </test> <!-- Test -->
  </suite> <!-- Suite -->
</testng-results>
