<?xml version="1.0" encoding="UTF-8"?>
<testng-results ignored="0" total="1" passed="1" failed="0" skipped="0">
  <reporter-output>
  </reporter-output>
  <suite started-at="2024-11-14T17:23:42 IST" name="Default suite" finished-at="2024-11-14T17:23:55 IST" duration-ms="13138">
    <groups>
    </groups>
    <test started-at="2024-11-14T17:23:42 IST" name="Default test" finished-at="2024-11-14T17:23:55 IST" duration-ms="13138">
      <class name="com.zenken.freshers.user.Settings">
        <test-method is-config="true" signature="setup(java.lang.reflect.Method)[pri:0, instance:com.zenken.freshers.user.Settings@1ff4931d]" started-at="2024-11-14T17:23:42 IST" name="setup" finished-at="2024-11-14T17:23:44 IST" duration-ms="1713" status="PASS">
          <params>
            <param index="0">
              <value>
                <![CDATA[public void com.zenken.freshers.user.Settings.verifySettingsUrl() throws java.lang.InterruptedException]]>
              </value>
            </param>
          </params>
          <reporter-output>
          </reporter-output>
        </test-method> <!-- setup -->
        <test-method is-config="true" signature="setUpTest()[pri:0, instance:com.zenken.freshers.user.Settings@1ff4931d]" started-at="2024-11-14T17:23:44 IST" name="setUpTest" finished-at="2024-11-14T17:23:54 IST" duration-ms="10144" status="PASS">
          <reporter-output>
          </reporter-output>
        </test-method> <!-- setUpTest -->
        <test-method signature="verifySettingsUrl()[pri:0, instance:com.zenken.freshers.user.Settings@1ff4931d]" started-at="2024-11-14T17:23:54 IST" name="verifySettingsUrl" description="This test verifies that user is redirected to &#039;Settings&#039; edit page" finished-at="2024-11-14T17:23:55 IST" duration-ms="884" status="PASS">
          <reporter-output>
          </reporter-output>
        </test-method> <!-- verifySettingsUrl -->
        <test-method is-config="true" signature="tearDown()[pri:0, instance:com.zenken.freshers.user.Settings@1ff4931d]" started-at="2024-11-14T17:23:55 IST" name="tearDown" finished-at="2024-11-14T17:23:55 IST" duration-ms="358" status="PASS">
          <reporter-output>
          </reporter-output>
        </test-method> <!-- tearDown -->
      </class> <!-- com.zenken.freshers.user.Settings -->
    </test> <!-- Default test -->
  </suite> <!-- Default suite -->
</testng-results>
