<?xml version="1.0" encoding="UTF-8"?>
<testng-results ignored="0" total="32" passed="31" failed="1" skipped="0">
  <reporter-output>
  </reporter-output>
  <suite started-at="2024-10-07T14:57:55 IST" name="Suite" finished-at="2024-10-07T15:05:26 IST" duration-ms="451567">
    <groups>
    </groups>
    <test started-at="2024-10-07T14:57:55 IST" name="Test" finished-at="2024-10-07T15:05:26 IST" duration-ms="451567">
      <class name="com.zenken.freshers.user.Projects">
        <test-method is-config="true" signature="setup(java.lang.reflect.Method)[pri:0, instance:com.zenken.freshers.user.Projects@77659b30]" started-at="2024-10-07T14:57:55 IST" name="setup" finished-at="2024-10-07T14:57:56 IST" duration-ms="1514" status="PASS">
          <params>
            <param index="0">
              <value>
                <![CDATA[public void com.zenken.freshers.user.Projects.verifyProjectsNewUrl()]]>
              </value>
            </param>
          </params>
          <reporter-output>
          </reporter-output>
        </test-method> <!-- setup -->
        <test-method is-config="true" signature="setUpTest()[pri:0, instance:com.zenken.freshers.user.Projects@77659b30]" started-at="2024-10-07T14:57:56 IST" name="setUpTest" finished-at="2024-10-07T14:58:34 IST" duration-ms="37188" status="PASS">
          <reporter-output>
          </reporter-output>
        </test-method> <!-- setUpTest -->
        <test-method signature="verifyProjectsNewUrl()[pri:1, instance:com.zenken.freshers.user.Projects@77659b30]" started-at="2024-10-07T14:58:34 IST" name="verifyProjectsNewUrl" finished-at="2024-10-07T14:58:34 IST" duration-ms="883" status="PASS">
          <reporter-output>
          </reporter-output>
        </test-method> <!-- verifyProjectsNewUrl -->
        <test-method is-config="true" signature="tearDown()[pri:0, instance:com.zenken.freshers.user.Projects@77659b30]" started-at="2024-10-07T14:58:34 IST" name="tearDown" finished-at="2024-10-07T14:58:35 IST" duration-ms="286" status="PASS">
          <reporter-output>
          </reporter-output>
        </test-method> <!-- tearDown -->
        <test-method is-config="true" signature="setup(java.lang.reflect.Method)[pri:0, instance:com.zenken.freshers.user.Projects@77659b30]" started-at="2024-10-07T14:58:35 IST" name="setup" finished-at="2024-10-07T14:58:36 IST" duration-ms="955" status="PASS">
          <params>
            <param index="0">
              <value>
                <![CDATA[public void com.zenken.freshers.user.Projects.verifyProjectPageTitle()]]>
              </value>
            </param>
          </params>
          <reporter-output>
          </reporter-output>
        </test-method> <!-- setup -->
        <test-method is-config="true" signature="setUpTest()[pri:0, instance:com.zenken.freshers.user.Projects@77659b30]" started-at="2024-10-07T14:58:36 IST" name="setUpTest" finished-at="2024-10-07T14:58:42 IST" duration-ms="6292" status="PASS">
          <reporter-output>
          </reporter-output>
        </test-method> <!-- setUpTest -->
        <test-method signature="verifyProjectPageTitle()[pri:2, instance:com.zenken.freshers.user.Projects@77659b30]" started-at="2024-10-07T14:58:42 IST" name="verifyProjectPageTitle" finished-at="2024-10-07T14:58:43 IST" duration-ms="913" status="PASS">
          <reporter-output>
          </reporter-output>
        </test-method> <!-- verifyProjectPageTitle -->
        <test-method is-config="true" signature="tearDown()[pri:0, instance:com.zenken.freshers.user.Projects@77659b30]" started-at="2024-10-07T14:58:43 IST" name="tearDown" finished-at="2024-10-07T14:58:43 IST" duration-ms="174" status="PASS">
          <reporter-output>
          </reporter-output>
        </test-method> <!-- tearDown -->
        <test-method is-config="true" signature="setup(java.lang.reflect.Method)[pri:0, instance:com.zenken.freshers.user.Projects@77659b30]" started-at="2024-10-07T14:58:43 IST" name="setup" finished-at="2024-10-07T14:58:44 IST" duration-ms="908" status="PASS">
          <params>
            <param index="0">
              <value>
                <![CDATA[public void com.zenken.freshers.user.Projects.verifyProjectPlaceholders()]]>
              </value>
            </param>
          </params>
          <reporter-output>
          </reporter-output>
        </test-method> <!-- setup -->
        <test-method is-config="true" signature="setUpTest()[pri:0, instance:com.zenken.freshers.user.Projects@77659b30]" started-at="2024-10-07T14:58:44 IST" name="setUpTest" finished-at="2024-10-07T14:58:51 IST" duration-ms="6893" status="PASS">
          <reporter-output>
          </reporter-output>
        </test-method> <!-- setUpTest -->
        <test-method signature="verifyProjectPlaceholders()[pri:3, instance:com.zenken.freshers.user.Projects@77659b30]" started-at="2024-10-07T14:58:51 IST" name="verifyProjectPlaceholders" finished-at="2024-10-07T14:58:52 IST" duration-ms="1040" status="PASS">
          <reporter-output>
          </reporter-output>
        </test-method> <!-- verifyProjectPlaceholders -->
        <test-method is-config="true" signature="tearDown()[pri:0, instance:com.zenken.freshers.user.Projects@77659b30]" started-at="2024-10-07T14:58:52 IST" name="tearDown" finished-at="2024-10-07T14:58:52 IST" duration-ms="210" status="PASS">
          <reporter-output>
          </reporter-output>
        </test-method> <!-- tearDown -->
        <test-method is-config="true" signature="setup(java.lang.reflect.Method)[pri:0, instance:com.zenken.freshers.user.Projects@77659b30]" started-at="2024-10-07T14:58:52 IST" name="setup" finished-at="2024-10-07T14:58:53 IST" duration-ms="867" status="PASS">
          <params>
            <param index="0">
              <value>
                <![CDATA[public void com.zenken.freshers.user.Projects.verifyProjectEndDateDdDisable()]]>
              </value>
            </param>
          </params>
          <reporter-output>
          </reporter-output>
        </test-method> <!-- setup -->
        <test-method is-config="true" signature="setUpTest()[pri:0, instance:com.zenken.freshers.user.Projects@77659b30]" started-at="2024-10-07T14:58:53 IST" name="setUpTest" finished-at="2024-10-07T14:59:01 IST" duration-ms="7787" status="PASS">
          <reporter-output>
          </reporter-output>
        </test-method> <!-- setUpTest -->
        <test-method signature="verifyProjectEndDateDdDisable()[pri:4, instance:com.zenken.freshers.user.Projects@77659b30]" started-at="2024-10-07T14:59:01 IST" name="verifyProjectEndDateDdDisable" finished-at="2024-10-07T14:59:02 IST" duration-ms="1087" status="PASS">
          <reporter-output>
          </reporter-output>
        </test-method> <!-- verifyProjectEndDateDdDisable -->
        <test-method is-config="true" signature="tearDown()[pri:0, instance:com.zenken.freshers.user.Projects@77659b30]" started-at="2024-10-07T14:59:02 IST" name="tearDown" finished-at="2024-10-07T14:59:02 IST" duration-ms="259" status="PASS">
          <reporter-output>
          </reporter-output>
        </test-method> <!-- tearDown -->
        <test-method is-config="true" signature="setup(java.lang.reflect.Method)[pri:0, instance:com.zenken.freshers.user.Projects@77659b30]" started-at="2024-10-07T14:59:02 IST" name="setup" finished-at="2024-10-07T14:59:03 IST" duration-ms="976" status="PASS">
          <params>
            <param index="0">
              <value>
                <![CDATA[public void com.zenken.freshers.user.Projects.verifyProjectAddition()]]>
              </value>
            </param>
          </params>
          <reporter-output>
          </reporter-output>
        </test-method> <!-- setup -->
        <test-method is-config="true" signature="setUpTest()[pri:0, instance:com.zenken.freshers.user.Projects@77659b30]" started-at="2024-10-07T14:59:03 IST" name="setUpTest" finished-at="2024-10-07T14:59:10 IST" duration-ms="6642" status="PASS">
          <reporter-output>
          </reporter-output>
        </test-method> <!-- setUpTest -->
        <test-method signature="verifyProjectAddition()[pri:5, instance:com.zenken.freshers.user.Projects@77659b30]" started-at="2024-10-07T14:59:10 IST" name="verifyProjectAddition" finished-at="2024-10-07T14:59:14 IST" duration-ms="4187" status="PASS">
          <reporter-output>
          </reporter-output>
        </test-method> <!-- verifyProjectAddition -->
        <test-method is-config="true" signature="tearDown()[pri:0, instance:com.zenken.freshers.user.Projects@77659b30]" started-at="2024-10-07T14:59:14 IST" name="tearDown" finished-at="2024-10-07T14:59:14 IST" duration-ms="232" status="PASS">
          <reporter-output>
          </reporter-output>
        </test-method> <!-- tearDown -->
        <test-method is-config="true" signature="setup(java.lang.reflect.Method)[pri:0, instance:com.zenken.freshers.user.Projects@77659b30]" started-at="2024-10-07T14:59:14 IST" name="setup" finished-at="2024-10-07T14:59:15 IST" duration-ms="870" status="PASS">
          <params>
            <param index="0">
              <value>
                <![CDATA[public void com.zenken.freshers.user.Projects.verifyProjectAdditionWithDetails()]]>
              </value>
            </param>
          </params>
          <reporter-output>
          </reporter-output>
        </test-method> <!-- setup -->
        <test-method is-config="true" signature="setUpTest()[pri:0, instance:com.zenken.freshers.user.Projects@77659b30]" started-at="2024-10-07T14:59:15 IST" name="setUpTest" finished-at="2024-10-07T14:59:21 IST" duration-ms="6135" status="PASS">
          <reporter-output>
          </reporter-output>
        </test-method> <!-- setUpTest -->
        <test-method signature="verifyProjectAdditionWithDetails()[pri:6, instance:com.zenken.freshers.user.Projects@77659b30]" started-at="2024-10-07T14:59:21 IST" name="verifyProjectAdditionWithDetails" finished-at="2024-10-07T14:59:26 IST" duration-ms="5059" status="PASS">
          <reporter-output>
          </reporter-output>
        </test-method> <!-- verifyProjectAdditionWithDetails -->
        <test-method is-config="true" signature="tearDown()[pri:0, instance:com.zenken.freshers.user.Projects@77659b30]" started-at="2024-10-07T14:59:26 IST" name="tearDown" finished-at="2024-10-07T14:59:27 IST" duration-ms="247" status="PASS">
          <reporter-output>
          </reporter-output>
        </test-method> <!-- tearDown -->
        <test-method is-config="true" signature="setup(java.lang.reflect.Method)[pri:0, instance:com.zenken.freshers.user.Projects@77659b30]" started-at="2024-10-07T14:59:27 IST" name="setup" finished-at="2024-10-07T14:59:27 IST" duration-ms="774" status="PASS">
          <params>
            <param index="0">
              <value>
                <![CDATA[public void com.zenken.freshers.user.Projects.verifyProjectAdditionWithLink()]]>
              </value>
            </param>
          </params>
          <reporter-output>
          </reporter-output>
        </test-method> <!-- setup -->
        <test-method is-config="true" signature="setUpTest()[pri:0, instance:com.zenken.freshers.user.Projects@77659b30]" started-at="2024-10-07T14:59:27 IST" name="setUpTest" finished-at="2024-10-07T14:59:34 IST" duration-ms="6295" status="PASS">
          <reporter-output>
          </reporter-output>
        </test-method> <!-- setUpTest -->
        <test-method signature="verifyProjectAdditionWithLink()[pri:7, instance:com.zenken.freshers.user.Projects@77659b30]" started-at="2024-10-07T14:59:34 IST" name="verifyProjectAdditionWithLink" finished-at="2024-10-07T14:59:40 IST" duration-ms="6070" status="PASS">
          <reporter-output>
          </reporter-output>
        </test-method> <!-- verifyProjectAdditionWithLink -->
        <test-method is-config="true" signature="tearDown()[pri:0, instance:com.zenken.freshers.user.Projects@77659b30]" started-at="2024-10-07T14:59:40 IST" name="tearDown" finished-at="2024-10-07T14:59:40 IST" duration-ms="228" status="PASS">
          <reporter-output>
          </reporter-output>
        </test-method> <!-- tearDown -->
        <test-method is-config="true" signature="setup(java.lang.reflect.Method)[pri:0, instance:com.zenken.freshers.user.Projects@77659b30]" started-at="2024-10-07T14:59:40 IST" name="setup" finished-at="2024-10-07T14:59:41 IST" duration-ms="867" status="PASS">
          <params>
            <param index="0">
              <value>
                <![CDATA[public void com.zenken.freshers.user.Projects.verifyProjectLink()]]>
              </value>
            </param>
          </params>
          <reporter-output>
          </reporter-output>
        </test-method> <!-- setup -->
        <test-method is-config="true" signature="setUpTest()[pri:0, instance:com.zenken.freshers.user.Projects@77659b30]" started-at="2024-10-07T14:59:41 IST" name="setUpTest" finished-at="2024-10-07T14:59:47 IST" duration-ms="6271" status="PASS">
          <reporter-output>
          </reporter-output>
        </test-method> <!-- setUpTest -->
        <test-method signature="verifyProjectLink()[pri:8, instance:com.zenken.freshers.user.Projects@77659b30]" started-at="2024-10-07T14:59:47 IST" name="verifyProjectLink" finished-at="2024-10-07T14:59:52 IST" duration-ms="4501" status="PASS">
          <reporter-output>
          </reporter-output>
        </test-method> <!-- verifyProjectLink -->
        <test-method is-config="true" signature="tearDown()[pri:0, instance:com.zenken.freshers.user.Projects@77659b30]" started-at="2024-10-07T14:59:52 IST" name="tearDown" finished-at="2024-10-07T14:59:52 IST" duration-ms="238" status="PASS">
          <reporter-output>
          </reporter-output>
        </test-method> <!-- tearDown -->
        <test-method is-config="true" signature="setup(java.lang.reflect.Method)[pri:0, instance:com.zenken.freshers.user.Projects@77659b30]" started-at="2024-10-07T14:59:52 IST" name="setup" finished-at="2024-10-07T14:59:53 IST" duration-ms="870" status="PASS">
          <params>
            <param index="0">
              <value>
                <![CDATA[public void com.zenken.freshers.user.Projects.verifyProjectFileUpload()]]>
              </value>
            </param>
          </params>
          <reporter-output>
          </reporter-output>
        </test-method> <!-- setup -->
        <test-method is-config="true" signature="setUpTest()[pri:0, instance:com.zenken.freshers.user.Projects@77659b30]" started-at="2024-10-07T14:59:53 IST" name="setUpTest" finished-at="2024-10-07T14:59:59 IST" duration-ms="6064" status="PASS">
          <reporter-output>
          </reporter-output>
        </test-method> <!-- setUpTest -->
        <test-method signature="verifyProjectFileUpload()[pri:9, instance:com.zenken.freshers.user.Projects@77659b30]" started-at="2024-10-07T14:59:59 IST" name="verifyProjectFileUpload" finished-at="2024-10-07T15:00:04 IST" duration-ms="5369" status="PASS">
          <reporter-output>
          </reporter-output>
        </test-method> <!-- verifyProjectFileUpload -->
        <test-method is-config="true" signature="tearDown()[pri:0, instance:com.zenken.freshers.user.Projects@77659b30]" started-at="2024-10-07T15:00:04 IST" name="tearDown" finished-at="2024-10-07T15:00:04 IST" duration-ms="268" status="PASS">
          <reporter-output>
          </reporter-output>
        </test-method> <!-- tearDown -->
        <test-method is-config="true" signature="setup(java.lang.reflect.Method)[pri:0, instance:com.zenken.freshers.user.Projects@77659b30]" started-at="2024-10-07T15:00:04 IST" name="setup" finished-at="2024-10-07T15:00:05 IST" duration-ms="840" status="PASS">
          <params>
            <param index="0">
              <value>
                <![CDATA[public void com.zenken.freshers.user.Projects.verifyDefaultProjectName()]]>
              </value>
            </param>
          </params>
          <reporter-output>
          </reporter-output>
        </test-method> <!-- setup -->
        <test-method is-config="true" signature="setUpTest()[pri:0, instance:com.zenken.freshers.user.Projects@77659b30]" started-at="2024-10-07T15:00:05 IST" name="setUpTest" finished-at="2024-10-07T15:00:14 IST" duration-ms="8562" status="PASS">
          <reporter-output>
          </reporter-output>
        </test-method> <!-- setUpTest -->
        <test-method signature="verifyDefaultProjectName()[pri:10, instance:com.zenken.freshers.user.Projects@77659b30]" started-at="2024-10-07T15:00:14 IST" name="verifyDefaultProjectName" finished-at="2024-10-07T15:00:14 IST" duration-ms="54" status="PASS">
          <reporter-output>
          </reporter-output>
        </test-method> <!-- verifyDefaultProjectName -->
        <test-method is-config="true" signature="tearDown()[pri:0, instance:com.zenken.freshers.user.Projects@77659b30]" started-at="2024-10-07T15:00:14 IST" name="tearDown" finished-at="2024-10-07T15:00:14 IST" duration-ms="156" status="PASS">
          <reporter-output>
          </reporter-output>
        </test-method> <!-- tearDown -->
        <test-method is-config="true" signature="setup(java.lang.reflect.Method)[pri:0, instance:com.zenken.freshers.user.Projects@77659b30]" started-at="2024-10-07T15:00:14 IST" name="setup" finished-at="2024-10-07T15:00:15 IST" duration-ms="707" status="PASS">
          <params>
            <param index="0">
              <value>
                <![CDATA[public void com.zenken.freshers.user.Projects.verifyProjectAdditionWithFile() throws java.lang.InterruptedException]]>
              </value>
            </param>
          </params>
          <reporter-output>
          </reporter-output>
        </test-method> <!-- setup -->
        <test-method is-config="true" signature="setUpTest()[pri:0, instance:com.zenken.freshers.user.Projects@77659b30]" started-at="2024-10-07T15:00:15 IST" name="setUpTest" finished-at="2024-10-07T15:00:21 IST" duration-ms="6435" status="PASS">
          <reporter-output>
          </reporter-output>
        </test-method> <!-- setUpTest -->
        <test-method signature="verifyProjectAdditionWithFile()[pri:11, instance:com.zenken.freshers.user.Projects@77659b30]" started-at="2024-10-07T15:00:21 IST" name="verifyProjectAdditionWithFile" finished-at="2024-10-07T15:00:41 IST" duration-ms="19969" status="FAIL">
          <exception class="java.lang.AssertionError">
            <message>
              <![CDATA[expected [Sample_Project.pdf] but found [Sample_Project (1).pdf]]]>
            </message>
            <full-stacktrace>
              <![CDATA[java.lang.AssertionError: expected [Sample_Project.pdf] but found [Sample_Project (1).pdf]
at org.testng.Assert.fail(Assert.java:111)
at org.testng.Assert.failNotEquals(Assert.java:1578)
at org.testng.Assert.assertEqualsImpl(Assert.java:150)
at org.testng.Assert.assertEquals(Assert.java:132)
at org.testng.Assert.assertEquals(Assert.java:656)
at org.testng.Assert.assertEquals(Assert.java:666)
at com.zenken.freshers.user.Projects.verifyProjectAdditionWithFile(Projects.java:180)
at java.base/jdk.internal.reflect.DirectMethodHandleAccessor.invoke(DirectMethodHandleAccessor.java:103)
at java.base/java.lang.reflect.Method.invoke(Method.java:580)
at org.testng.internal.invokers.MethodInvocationHelper.invokeMethod(MethodInvocationHelper.java:141)
at org.testng.internal.invokers.TestInvoker.invokeMethod(TestInvoker.java:686)
at org.testng.internal.invokers.TestInvoker.invokeTestMethod(TestInvoker.java:230)
at org.testng.internal.invokers.MethodRunner.runInSequence(MethodRunner.java:63)
at org.testng.internal.invokers.TestInvoker$MethodInvocationAgent.invoke(TestInvoker.java:992)
at org.testng.internal.invokers.TestInvoker.invokeTestMethods(TestInvoker.java:203)
at org.testng.internal.invokers.TestMethodWorker.invokeTestMethods(TestMethodWorker.java:154)
at org.testng.internal.invokers.TestMethodWorker.run(TestMethodWorker.java:134)
at java.base/java.util.ArrayList.forEach(ArrayList.java:1596)
at org.testng.TestRunner.privateRun(TestRunner.java:739)
at org.testng.TestRunner.run(TestRunner.java:614)
at org.testng.SuiteRunner.runTest(SuiteRunner.java:421)
at org.testng.SuiteRunner.runSequentially(SuiteRunner.java:413)
at org.testng.SuiteRunner.privateRun(SuiteRunner.java:373)
at org.testng.SuiteRunner.run(SuiteRunner.java:312)
at org.testng.SuiteRunnerWorker.runSuite(SuiteRunnerWorker.java:52)
at org.testng.SuiteRunnerWorker.run(SuiteRunnerWorker.java:95)
at org.testng.TestNG.runSuitesSequentially(TestNG.java:1274)
at org.testng.TestNG.runSuitesLocally(TestNG.java:1208)
at org.testng.TestNG.runSuites(TestNG.java:1112)
at org.testng.TestNG.run(TestNG.java:1079)
at org.testng.remote.AbstractRemoteTestNG.run(AbstractRemoteTestNG.java:115)
at org.testng.remote.RemoteTestNG.initAndRun(RemoteTestNG.java:293)
at org.testng.remote.RemoteTestNG.main(RemoteTestNG.java:91)
]]>
            </full-stacktrace>
          </exception> <!-- java.lang.AssertionError -->
          <reporter-output>
          </reporter-output>
        </test-method> <!-- verifyProjectAdditionWithFile -->
        <test-method is-config="true" signature="tearDown()[pri:0, instance:com.zenken.freshers.user.Projects@77659b30]" started-at="2024-10-07T15:00:42 IST" name="tearDown" finished-at="2024-10-07T15:00:42 IST" duration-ms="315" status="PASS">
          <reporter-output>
          </reporter-output>
        </test-method> <!-- tearDown -->
        <test-method is-config="true" signature="setup(java.lang.reflect.Method)[pri:0, instance:com.zenken.freshers.user.Projects@77659b30]" started-at="2024-10-07T15:00:42 IST" name="setup" finished-at="2024-10-07T15:00:43 IST" duration-ms="977" status="PASS">
          <params>
            <param index="0">
              <value>
                <![CDATA[public void com.zenken.freshers.user.Projects.verifyProjectEditUrl()]]>
              </value>
            </param>
          </params>
          <reporter-output>
          </reporter-output>
        </test-method> <!-- setup -->
        <test-method is-config="true" signature="setUpTest()[pri:0, instance:com.zenken.freshers.user.Projects@77659b30]" started-at="2024-10-07T15:00:43 IST" name="setUpTest" finished-at="2024-10-07T15:00:49 IST" duration-ms="6399" status="PASS">
          <reporter-output>
          </reporter-output>
        </test-method> <!-- setUpTest -->
        <test-method signature="verifyProjectEditUrl()[pri:12, instance:com.zenken.freshers.user.Projects@77659b30]" started-at="2024-10-07T15:00:49 IST" name="verifyProjectEditUrl" finished-at="2024-10-07T15:00:50 IST" duration-ms="950" status="PASS">
          <reporter-output>
          </reporter-output>
        </test-method> <!-- verifyProjectEditUrl -->
        <test-method is-config="true" signature="tearDown()[pri:0, instance:com.zenken.freshers.user.Projects@77659b30]" started-at="2024-10-07T15:00:50 IST" name="tearDown" finished-at="2024-10-07T15:00:51 IST" duration-ms="140" status="PASS">
          <reporter-output>
          </reporter-output>
        </test-method> <!-- tearDown -->
        <test-method is-config="true" signature="setup(java.lang.reflect.Method)[pri:0, instance:com.zenken.freshers.user.Projects@77659b30]" started-at="2024-10-07T15:00:51 IST" name="setup" finished-at="2024-10-07T15:00:51 IST" duration-ms="689" status="PASS">
          <params>
            <param index="0">
              <value>
                <![CDATA[public void com.zenken.freshers.user.Projects.verifyProjectSavedData()]]>
              </value>
            </param>
          </params>
          <reporter-output>
          </reporter-output>
        </test-method> <!-- setup -->
        <test-method is-config="true" signature="setUpTest()[pri:0, instance:com.zenken.freshers.user.Projects@77659b30]" started-at="2024-10-07T15:00:51 IST" name="setUpTest" finished-at="2024-10-07T15:00:58 IST" duration-ms="6656" status="PASS">
          <reporter-output>
          </reporter-output>
        </test-method> <!-- setUpTest -->
        <test-method signature="verifyProjectSavedData()[pri:13, instance:com.zenken.freshers.user.Projects@77659b30]" started-at="2024-10-07T15:00:58 IST" name="verifyProjectSavedData" finished-at="2024-10-07T15:00:59 IST" duration-ms="1117" status="PASS">
          <reporter-output>
          </reporter-output>
        </test-method> <!-- verifyProjectSavedData -->
        <test-method is-config="true" signature="tearDown()[pri:0, instance:com.zenken.freshers.user.Projects@77659b30]" started-at="2024-10-07T15:00:59 IST" name="tearDown" finished-at="2024-10-07T15:00:59 IST" duration-ms="163" status="PASS">
          <reporter-output>
          </reporter-output>
        </test-method> <!-- tearDown -->
        <test-method is-config="true" signature="setup(java.lang.reflect.Method)[pri:0, instance:com.zenken.freshers.user.Projects@77659b30]" started-at="2024-10-07T15:00:59 IST" name="setup" finished-at="2024-10-07T15:01:00 IST" duration-ms="788" status="PASS">
          <params>
            <param index="0">
              <value>
                <![CDATA[public void com.zenken.freshers.user.Projects.verifyProjectCharCount()]]>
              </value>
            </param>
          </params>
          <reporter-output>
          </reporter-output>
        </test-method> <!-- setup -->
        <test-method is-config="true" signature="setUpTest()[pri:0, instance:com.zenken.freshers.user.Projects@77659b30]" started-at="2024-10-07T15:01:00 IST" name="setUpTest" finished-at="2024-10-07T15:01:07 IST" duration-ms="6853" status="PASS">
          <reporter-output>
          </reporter-output>
        </test-method> <!-- setUpTest -->
        <test-method signature="verifyProjectCharCount()[pri:14, instance:com.zenken.freshers.user.Projects@77659b30]" started-at="2024-10-07T15:01:07 IST" name="verifyProjectCharCount" finished-at="2024-10-07T15:01:39 IST" duration-ms="31839" status="PASS">
          <reporter-output>
          </reporter-output>
        </test-method> <!-- verifyProjectCharCount -->
        <test-method is-config="true" signature="tearDown()[pri:0, instance:com.zenken.freshers.user.Projects@77659b30]" started-at="2024-10-07T15:01:39 IST" name="tearDown" finished-at="2024-10-07T15:01:39 IST" duration-ms="329" status="PASS">
          <reporter-output>
          </reporter-output>
        </test-method> <!-- tearDown -->
        <test-method is-config="true" signature="setup(java.lang.reflect.Method)[pri:0, instance:com.zenken.freshers.user.Projects@77659b30]" started-at="2024-10-07T15:01:39 IST" name="setup" finished-at="2024-10-07T15:01:40 IST" duration-ms="779" status="PASS">
          <params>
            <param index="0">
              <value>
                <![CDATA[public void com.zenken.freshers.user.Projects.verifyProjectFilesUpload()]]>
              </value>
            </param>
          </params>
          <reporter-output>
          </reporter-output>
        </test-method> <!-- setup -->
        <test-method is-config="true" signature="setUpTest()[pri:0, instance:com.zenken.freshers.user.Projects@77659b30]" started-at="2024-10-07T15:01:40 IST" name="setUpTest" finished-at="2024-10-07T15:01:46 IST" duration-ms="6300" status="PASS">
          <reporter-output>
          </reporter-output>
        </test-method> <!-- setUpTest -->
        <test-method signature="verifyProjectFilesUpload()[pri:15, instance:com.zenken.freshers.user.Projects@77659b30]" started-at="2024-10-07T15:01:46 IST" name="verifyProjectFilesUpload" finished-at="2024-10-07T15:01:59 IST" duration-ms="13034" status="PASS">
          <reporter-output>
          </reporter-output>
        </test-method> <!-- verifyProjectFilesUpload -->
        <test-method is-config="true" signature="tearDown()[pri:0, instance:com.zenken.freshers.user.Projects@77659b30]" started-at="2024-10-07T15:01:59 IST" name="tearDown" finished-at="2024-10-07T15:01:59 IST" duration-ms="315" status="PASS">
          <reporter-output>
          </reporter-output>
        </test-method> <!-- tearDown -->
        <test-method is-config="true" signature="setup(java.lang.reflect.Method)[pri:0, instance:com.zenken.freshers.user.Projects@77659b30]" started-at="2024-10-07T15:01:59 IST" name="setup" finished-at="2024-10-07T15:02:00 IST" duration-ms="893" status="PASS">
          <params>
            <param index="0">
              <value>
                <![CDATA[public void com.zenken.freshers.user.Projects.verifyProjectFileDelete()]]>
              </value>
            </param>
          </params>
          <reporter-output>
          </reporter-output>
        </test-method> <!-- setup -->
        <test-method is-config="true" signature="setUpTest()[pri:0, instance:com.zenken.freshers.user.Projects@77659b30]" started-at="2024-10-07T15:02:00 IST" name="setUpTest" finished-at="2024-10-07T15:02:07 IST" duration-ms="6762" status="PASS">
          <reporter-output>
          </reporter-output>
        </test-method> <!-- setUpTest -->
        <test-method signature="verifyProjectFileDelete()[pri:16, instance:com.zenken.freshers.user.Projects@77659b30]" started-at="2024-10-07T15:02:07 IST" name="verifyProjectFileDelete" finished-at="2024-10-07T15:02:10 IST" duration-ms="2787" status="PASS">
          <reporter-output>
          </reporter-output>
        </test-method> <!-- verifyProjectFileDelete -->
        <test-method is-config="true" signature="tearDown()[pri:0, instance:com.zenken.freshers.user.Projects@77659b30]" started-at="2024-10-07T15:02:10 IST" name="tearDown" finished-at="2024-10-07T15:02:10 IST" duration-ms="237" status="PASS">
          <reporter-output>
          </reporter-output>
        </test-method> <!-- tearDown -->
        <test-method is-config="true" signature="setup(java.lang.reflect.Method)[pri:0, instance:com.zenken.freshers.user.Projects@77659b30]" started-at="2024-10-07T15:02:10 IST" name="setup" finished-at="2024-10-07T15:02:11 IST" duration-ms="857" status="PASS">
          <params>
            <param index="0">
              <value>
                <![CDATA[public void com.zenken.freshers.user.Projects.verifyProjectCountExceed()]]>
              </value>
            </param>
          </params>
          <reporter-output>
          </reporter-output>
        </test-method> <!-- setup -->
        <test-method is-config="true" signature="setUpTest()[pri:0, instance:com.zenken.freshers.user.Projects@77659b30]" started-at="2024-10-07T15:02:11 IST" name="setUpTest" finished-at="2024-10-07T15:02:18 IST" duration-ms="6975" status="PASS">
          <reporter-output>
          </reporter-output>
        </test-method> <!-- setUpTest -->
        <test-method signature="verifyProjectCountExceed()[pri:17, instance:com.zenken.freshers.user.Projects@77659b30]" started-at="2024-10-07T15:02:18 IST" name="verifyProjectCountExceed" finished-at="2024-10-07T15:02:31 IST" duration-ms="13291" status="PASS">
          <reporter-output>
          </reporter-output>
        </test-method> <!-- verifyProjectCountExceed -->
        <test-method is-config="true" signature="tearDown()[pri:0, instance:com.zenken.freshers.user.Projects@77659b30]" started-at="2024-10-07T15:02:31 IST" name="tearDown" finished-at="2024-10-07T15:02:31 IST" duration-ms="237" status="PASS">
          <reporter-output>
          </reporter-output>
        </test-method> <!-- tearDown -->
        <test-method is-config="true" signature="setup(java.lang.reflect.Method)[pri:0, instance:com.zenken.freshers.user.Projects@77659b30]" started-at="2024-10-07T15:02:31 IST" name="setup" finished-at="2024-10-07T15:02:32 IST" duration-ms="869" status="PASS">
          <params>
            <param index="0">
              <value>
                <![CDATA[public void com.zenken.freshers.user.Projects.verifyProjectDeletePopUp()]]>
              </value>
            </param>
          </params>
          <reporter-output>
          </reporter-output>
        </test-method> <!-- setup -->
        <test-method is-config="true" signature="setUpTest()[pri:0, instance:com.zenken.freshers.user.Projects@77659b30]" started-at="2024-10-07T15:02:32 IST" name="setUpTest" finished-at="2024-10-07T15:02:40 IST" duration-ms="7755" status="PASS">
          <reporter-output>
          </reporter-output>
        </test-method> <!-- setUpTest -->
        <test-method signature="verifyProjectDeletePopUp()[pri:18, instance:com.zenken.freshers.user.Projects@77659b30]" started-at="2024-10-07T15:02:40 IST" name="verifyProjectDeletePopUp" finished-at="2024-10-07T15:02:41 IST" duration-ms="1314" status="PASS">
          <reporter-output>
          </reporter-output>
        </test-method> <!-- verifyProjectDeletePopUp -->
        <test-method is-config="true" signature="tearDown()[pri:0, instance:com.zenken.freshers.user.Projects@77659b30]" started-at="2024-10-07T15:02:41 IST" name="tearDown" finished-at="2024-10-07T15:02:42 IST" duration-ms="283" status="PASS">
          <reporter-output>
          </reporter-output>
        </test-method> <!-- tearDown -->
        <test-method is-config="true" signature="setup(java.lang.reflect.Method)[pri:0, instance:com.zenken.freshers.user.Projects@77659b30]" started-at="2024-10-07T15:02:42 IST" name="setup" finished-at="2024-10-07T15:02:43 IST" duration-ms="849" status="PASS">
          <params>
            <param index="0">
              <value>
                <![CDATA[public void com.zenken.freshers.user.Projects.verifyProjectDelete()]]>
              </value>
            </param>
          </params>
          <reporter-output>
          </reporter-output>
        </test-method> <!-- setup -->
        <test-method is-config="true" signature="setUpTest()[pri:0, instance:com.zenken.freshers.user.Projects@77659b30]" started-at="2024-10-07T15:02:43 IST" name="setUpTest" finished-at="2024-10-07T15:02:49 IST" duration-ms="6068" status="PASS">
          <reporter-output>
          </reporter-output>
        </test-method> <!-- setUpTest -->
        <test-method signature="verifyProjectDelete()[pri:19, instance:com.zenken.freshers.user.Projects@77659b30]" started-at="2024-10-07T15:02:49 IST" name="verifyProjectDelete" finished-at="2024-10-07T15:02:52 IST" duration-ms="2971" status="PASS">
          <reporter-output>
          </reporter-output>
        </test-method> <!-- verifyProjectDelete -->
        <test-method is-config="true" signature="tearDown()[pri:0, instance:com.zenken.freshers.user.Projects@77659b30]" started-at="2024-10-07T15:02:52 IST" name="tearDown" finished-at="2024-10-07T15:02:52 IST" duration-ms="240" status="PASS">
          <reporter-output>
          </reporter-output>
        </test-method> <!-- tearDown -->
        <test-method is-config="true" signature="setup(java.lang.reflect.Method)[pri:0, instance:com.zenken.freshers.user.Projects@77659b30]" started-at="2024-10-07T15:02:52 IST" name="setup" finished-at="2024-10-07T15:02:53 IST" duration-ms="771" status="PASS">
          <params>
            <param index="0">
              <value>
                <![CDATA[public void com.zenken.freshers.user.Projects.verifyProjectTitleCharExceed()]]>
              </value>
            </param>
          </params>
          <reporter-output>
          </reporter-output>
        </test-method> <!-- setup -->
        <test-method is-config="true" signature="setUpTest()[pri:0, instance:com.zenken.freshers.user.Projects@77659b30]" started-at="2024-10-07T15:02:53 IST" name="setUpTest" finished-at="2024-10-07T15:02:59 IST" duration-ms="6325" status="PASS">
          <reporter-output>
          </reporter-output>
        </test-method> <!-- setUpTest -->
        <test-method signature="verifyProjectTitleCharExceed()[pri:20, instance:com.zenken.freshers.user.Projects@77659b30]" started-at="2024-10-07T15:02:59 IST" name="verifyProjectTitleCharExceed" finished-at="2024-10-07T15:03:02 IST" duration-ms="3246" status="PASS">
          <reporter-output>
          </reporter-output>
        </test-method> <!-- verifyProjectTitleCharExceed -->
        <test-method is-config="true" signature="tearDown()[pri:0, instance:com.zenken.freshers.user.Projects@77659b30]" started-at="2024-10-07T15:03:02 IST" name="tearDown" finished-at="2024-10-07T15:03:02 IST" duration-ms="245" status="PASS">
          <reporter-output>
          </reporter-output>
        </test-method> <!-- tearDown -->
        <test-method is-config="true" signature="setup(java.lang.reflect.Method)[pri:0, instance:com.zenken.freshers.user.Projects@77659b30]" started-at="2024-10-07T15:03:02 IST" name="setup" finished-at="2024-10-07T15:03:03 IST" duration-ms="892" status="PASS">
          <params>
            <param index="0">
              <value>
                <![CDATA[public void com.zenken.freshers.user.Projects.verifyBeforeEndDateError()]]>
              </value>
            </param>
          </params>
          <reporter-output>
          </reporter-output>
        </test-method> <!-- setup -->
        <test-method is-config="true" signature="setUpTest()[pri:0, instance:com.zenken.freshers.user.Projects@77659b30]" started-at="2024-10-07T15:03:03 IST" name="setUpTest" finished-at="2024-10-07T15:03:10 IST" duration-ms="6479" status="PASS">
          <reporter-output>
          </reporter-output>
        </test-method> <!-- setUpTest -->
        <test-method signature="verifyBeforeEndDateError()[pri:21, instance:com.zenken.freshers.user.Projects@77659b30]" started-at="2024-10-07T15:03:10 IST" name="verifyBeforeEndDateError" finished-at="2024-10-07T15:03:12 IST" duration-ms="2653" status="PASS">
          <reporter-output>
          </reporter-output>
        </test-method> <!-- verifyBeforeEndDateError -->
        <test-method is-config="true" signature="tearDown()[pri:0, instance:com.zenken.freshers.user.Projects@77659b30]" started-at="2024-10-07T15:03:12 IST" name="tearDown" finished-at="2024-10-07T15:03:13 IST" duration-ms="259" status="PASS">
          <reporter-output>
          </reporter-output>
        </test-method> <!-- tearDown -->
        <test-method is-config="true" signature="setup(java.lang.reflect.Method)[pri:0, instance:com.zenken.freshers.user.Projects@77659b30]" started-at="2024-10-07T15:03:13 IST" name="setup" finished-at="2024-10-07T15:03:14 IST" duration-ms="884" status="PASS">
          <params>
            <param index="0">
              <value>
                <![CDATA[public void com.zenken.freshers.user.Projects.verifyProjectDetailsCharExceed()]]>
              </value>
            </param>
          </params>
          <reporter-output>
          </reporter-output>
        </test-method> <!-- setup -->
        <test-method is-config="true" signature="setUpTest()[pri:0, instance:com.zenken.freshers.user.Projects@77659b30]" started-at="2024-10-07T15:03:14 IST" name="setUpTest" finished-at="2024-10-07T15:03:20 IST" duration-ms="6274" status="PASS">
          <reporter-output>
          </reporter-output>
        </test-method> <!-- setUpTest -->
        <test-method signature="verifyProjectDetailsCharExceed()[pri:22, instance:com.zenken.freshers.user.Projects@77659b30]" started-at="2024-10-07T15:03:20 IST" name="verifyProjectDetailsCharExceed" finished-at="2024-10-07T15:03:22 IST" duration-ms="2356" status="PASS">
          <reporter-output>
          </reporter-output>
        </test-method> <!-- verifyProjectDetailsCharExceed -->
        <test-method is-config="true" signature="tearDown()[pri:0, instance:com.zenken.freshers.user.Projects@77659b30]" started-at="2024-10-07T15:03:22 IST" name="tearDown" finished-at="2024-10-07T15:03:22 IST" duration-ms="160" status="PASS">
          <reporter-output>
          </reporter-output>
        </test-method> <!-- tearDown -->
        <test-method is-config="true" signature="setup(java.lang.reflect.Method)[pri:0, instance:com.zenken.freshers.user.Projects@77659b30]" started-at="2024-10-07T15:03:22 IST" name="setup" finished-at="2024-10-07T15:03:23 IST" duration-ms="758" status="PASS">
          <params>
            <param index="0">
              <value>
                <![CDATA[public void com.zenken.freshers.user.Projects.verifyInvalidProjectLinkError()]]>
              </value>
            </param>
          </params>
          <reporter-output>
          </reporter-output>
        </test-method> <!-- setup -->
        <test-method is-config="true" signature="setUpTest()[pri:0, instance:com.zenken.freshers.user.Projects@77659b30]" started-at="2024-10-07T15:03:23 IST" name="setUpTest" finished-at="2024-10-07T15:03:30 IST" duration-ms="6447" status="PASS">
          <reporter-output>
          </reporter-output>
        </test-method> <!-- setUpTest -->
        <test-method signature="verifyInvalidProjectLinkError()[pri:23, instance:com.zenken.freshers.user.Projects@77659b30]" started-at="2024-10-07T15:03:30 IST" name="verifyInvalidProjectLinkError" finished-at="2024-10-07T15:03:32 IST" duration-ms="2393" status="PASS">
          <reporter-output>
          </reporter-output>
        </test-method> <!-- verifyInvalidProjectLinkError -->
        <test-method is-config="true" signature="tearDown()[pri:0, instance:com.zenken.freshers.user.Projects@77659b30]" started-at="2024-10-07T15:03:32 IST" name="tearDown" finished-at="2024-10-07T15:03:32 IST" duration-ms="182" status="PASS">
          <reporter-output>
          </reporter-output>
        </test-method> <!-- tearDown -->
        <test-method is-config="true" signature="setup(java.lang.reflect.Method)[pri:0, instance:com.zenken.freshers.user.Projects@77659b30]" started-at="2024-10-07T15:03:32 IST" name="setup" finished-at="2024-10-07T15:03:33 IST" duration-ms="709" status="PASS">
          <params>
            <param index="0">
              <value>
                <![CDATA[public void com.zenken.freshers.user.Projects.verifyProjectLinkCharExceed()]]>
              </value>
            </param>
          </params>
          <reporter-output>
          </reporter-output>
        </test-method> <!-- setup -->
        <test-method is-config="true" signature="setUpTest()[pri:0, instance:com.zenken.freshers.user.Projects@77659b30]" started-at="2024-10-07T15:03:33 IST" name="setUpTest" finished-at="2024-10-07T15:03:39 IST" duration-ms="6241" status="PASS">
          <reporter-output>
          </reporter-output>
        </test-method> <!-- setUpTest -->
        <test-method signature="verifyProjectLinkCharExceed()[pri:24, instance:com.zenken.freshers.user.Projects@77659b30]" started-at="2024-10-07T15:03:39 IST" name="verifyProjectLinkCharExceed" finished-at="2024-10-07T15:03:42 IST" duration-ms="2985" status="PASS">
          <reporter-output>
          </reporter-output>
        </test-method> <!-- verifyProjectLinkCharExceed -->
        <test-method is-config="true" signature="tearDown()[pri:0, instance:com.zenken.freshers.user.Projects@77659b30]" started-at="2024-10-07T15:03:42 IST" name="tearDown" finished-at="2024-10-07T15:03:42 IST" duration-ms="237" status="PASS">
          <reporter-output>
          </reporter-output>
        </test-method> <!-- tearDown -->
        <test-method is-config="true" signature="setup(java.lang.reflect.Method)[pri:0, instance:com.zenken.freshers.user.Projects@77659b30]" started-at="2024-10-07T15:03:42 IST" name="setup" finished-at="2024-10-07T15:03:43 IST" duration-ms="790" status="PASS">
          <params>
            <param index="0">
              <value>
                <![CDATA[public void com.zenken.freshers.user.Projects.verifyProjectTitleRequired()]]>
              </value>
            </param>
          </params>
          <reporter-output>
          </reporter-output>
        </test-method> <!-- setup -->
        <test-method is-config="true" signature="setUpTest()[pri:0, instance:com.zenken.freshers.user.Projects@77659b30]" started-at="2024-10-07T15:03:43 IST" name="setUpTest" finished-at="2024-10-07T15:03:50 IST" duration-ms="6535" status="PASS">
          <reporter-output>
          </reporter-output>
        </test-method> <!-- setUpTest -->
        <test-method signature="verifyProjectTitleRequired()[pri:25, instance:com.zenken.freshers.user.Projects@77659b30]" started-at="2024-10-07T15:03:50 IST" name="verifyProjectTitleRequired" finished-at="2024-10-07T15:03:52 IST" duration-ms="2763" status="PASS">
          <reporter-output>
          </reporter-output>
        </test-method> <!-- verifyProjectTitleRequired -->
        <test-method is-config="true" signature="tearDown()[pri:0, instance:com.zenken.freshers.user.Projects@77659b30]" started-at="2024-10-07T15:03:52 IST" name="tearDown" finished-at="2024-10-07T15:03:53 IST" duration-ms="230" status="PASS">
          <reporter-output>
          </reporter-output>
        </test-method> <!-- tearDown -->
        <test-method is-config="true" signature="setup(java.lang.reflect.Method)[pri:0, instance:com.zenken.freshers.user.Projects@77659b30]" started-at="2024-10-07T15:03:53 IST" name="setup" finished-at="2024-10-07T15:03:54 IST" duration-ms="872" status="PASS">
          <params>
            <param index="0">
              <value>
                <![CDATA[public void com.zenken.freshers.user.Projects.verifyStartMonthRequired()]]>
              </value>
            </param>
          </params>
          <reporter-output>
          </reporter-output>
        </test-method> <!-- setup -->
        <test-method is-config="true" signature="setUpTest()[pri:0, instance:com.zenken.freshers.user.Projects@77659b30]" started-at="2024-10-07T15:03:54 IST" name="setUpTest" finished-at="2024-10-07T15:04:00 IST" duration-ms="6507" status="PASS">
          <reporter-output>
          </reporter-output>
        </test-method> <!-- setUpTest -->
        <test-method signature="verifyStartMonthRequired()[pri:26, instance:com.zenken.freshers.user.Projects@77659b30]" started-at="2024-10-07T15:04:00 IST" name="verifyStartMonthRequired" finished-at="2024-10-07T15:04:03 IST" duration-ms="2528" status="PASS">
          <reporter-output>
          </reporter-output>
        </test-method> <!-- verifyStartMonthRequired -->
        <test-method is-config="true" signature="tearDown()[pri:0, instance:com.zenken.freshers.user.Projects@77659b30]" started-at="2024-10-07T15:04:03 IST" name="tearDown" finished-at="2024-10-07T15:04:03 IST" duration-ms="270" status="PASS">
          <reporter-output>
          </reporter-output>
        </test-method> <!-- tearDown -->
        <test-method is-config="true" signature="setup(java.lang.reflect.Method)[pri:0, instance:com.zenken.freshers.user.Projects@77659b30]" started-at="2024-10-07T15:04:03 IST" name="setup" finished-at="2024-10-07T15:04:04 IST" duration-ms="879" status="PASS">
          <params>
            <param index="0">
              <value>
                <![CDATA[public void com.zenken.freshers.user.Projects.verifyStartYearRequired()]]>
              </value>
            </param>
          </params>
          <reporter-output>
          </reporter-output>
        </test-method> <!-- setup -->
        <test-method is-config="true" signature="setUpTest()[pri:0, instance:com.zenken.freshers.user.Projects@77659b30]" started-at="2024-10-07T15:04:04 IST" name="setUpTest" finished-at="2024-10-07T15:04:10 IST" duration-ms="6410" status="PASS">
          <reporter-output>
          </reporter-output>
        </test-method> <!-- setUpTest -->
        <test-method signature="verifyStartYearRequired()[pri:27, instance:com.zenken.freshers.user.Projects@77659b30]" started-at="2024-10-07T15:04:10 IST" name="verifyStartYearRequired" finished-at="2024-10-07T15:04:13 IST" duration-ms="2490" status="PASS">
          <reporter-output>
          </reporter-output>
        </test-method> <!-- verifyStartYearRequired -->
        <test-method is-config="true" signature="tearDown()[pri:0, instance:com.zenken.freshers.user.Projects@77659b30]" started-at="2024-10-07T15:04:13 IST" name="tearDown" finished-at="2024-10-07T15:04:13 IST" duration-ms="227" status="PASS">
          <reporter-output>
          </reporter-output>
        </test-method> <!-- tearDown -->
        <test-method is-config="true" signature="setup(java.lang.reflect.Method)[pri:0, instance:com.zenken.freshers.user.Projects@77659b30]" started-at="2024-10-07T15:04:13 IST" name="setup" finished-at="2024-10-07T15:04:14 IST" duration-ms="777" status="PASS">
          <params>
            <param index="0">
              <value>
                <![CDATA[public void com.zenken.freshers.user.Projects.verifyEndMonthRequired()]]>
              </value>
            </param>
          </params>
          <reporter-output>
          </reporter-output>
        </test-method> <!-- setup -->
        <test-method is-config="true" signature="setUpTest()[pri:0, instance:com.zenken.freshers.user.Projects@77659b30]" started-at="2024-10-07T15:04:14 IST" name="setUpTest" finished-at="2024-10-07T15:04:20 IST" duration-ms="6461" status="PASS">
          <reporter-output>
          </reporter-output>
        </test-method> <!-- setUpTest -->
        <test-method signature="verifyEndMonthRequired()[pri:28, instance:com.zenken.freshers.user.Projects@77659b30]" started-at="2024-10-07T15:04:20 IST" name="verifyEndMonthRequired" finished-at="2024-10-07T15:04:23 IST" duration-ms="3133" status="PASS">
          <reporter-output>
          </reporter-output>
        </test-method> <!-- verifyEndMonthRequired -->
        <test-method is-config="true" signature="tearDown()[pri:0, instance:com.zenken.freshers.user.Projects@77659b30]" started-at="2024-10-07T15:04:23 IST" name="tearDown" finished-at="2024-10-07T15:04:23 IST" duration-ms="247" status="PASS">
          <reporter-output>
          </reporter-output>
        </test-method> <!-- tearDown -->
        <test-method is-config="true" signature="setup(java.lang.reflect.Method)[pri:0, instance:com.zenken.freshers.user.Projects@77659b30]" started-at="2024-10-07T15:04:23 IST" name="setup" finished-at="2024-10-07T15:04:24 IST" duration-ms="828" status="PASS">
          <params>
            <param index="0">
              <value>
                <![CDATA[public void com.zenken.freshers.user.Projects.verifyEndYearRequired()]]>
              </value>
            </param>
          </params>
          <reporter-output>
          </reporter-output>
        </test-method> <!-- setup -->
        <test-method is-config="true" signature="setUpTest()[pri:0, instance:com.zenken.freshers.user.Projects@77659b30]" started-at="2024-10-07T15:04:24 IST" name="setUpTest" finished-at="2024-10-07T15:04:31 IST" duration-ms="6654" status="PASS">
          <reporter-output>
          </reporter-output>
        </test-method> <!-- setUpTest -->
        <test-method signature="verifyEndYearRequired()[pri:29, instance:com.zenken.freshers.user.Projects@77659b30]" started-at="2024-10-07T15:04:31 IST" name="verifyEndYearRequired" finished-at="2024-10-07T15:04:34 IST" duration-ms="3074" status="PASS">
          <reporter-output>
          </reporter-output>
        </test-method> <!-- verifyEndYearRequired -->
        <test-method is-config="true" signature="tearDown()[pri:0, instance:com.zenken.freshers.user.Projects@77659b30]" started-at="2024-10-07T15:04:34 IST" name="tearDown" finished-at="2024-10-07T15:04:34 IST" duration-ms="215" status="PASS">
          <reporter-output>
          </reporter-output>
        </test-method> <!-- tearDown -->
        <test-method is-config="true" signature="setup(java.lang.reflect.Method)[pri:0, instance:com.zenken.freshers.user.Projects@77659b30]" started-at="2024-10-07T15:04:34 IST" name="setup" finished-at="2024-10-07T15:04:35 IST" duration-ms="766" status="PASS">
          <params>
            <param index="0">
              <value>
                <![CDATA[public void com.zenken.freshers.user.Projects.verifyInvalidFileFormat()]]>
              </value>
            </param>
          </params>
          <reporter-output>
          </reporter-output>
        </test-method> <!-- setup -->
        <test-method is-config="true" signature="setUpTest()[pri:0, instance:com.zenken.freshers.user.Projects@77659b30]" started-at="2024-10-07T15:04:35 IST" name="setUpTest" finished-at="2024-10-07T15:04:42 IST" duration-ms="6910" status="PASS">
          <reporter-output>
          </reporter-output>
        </test-method> <!-- setUpTest -->
        <test-method signature="verifyInvalidFileFormat()[pri:30, instance:com.zenken.freshers.user.Projects@77659b30]" started-at="2024-10-07T15:04:42 IST" name="verifyInvalidFileFormat" finished-at="2024-10-07T15:04:46 IST" duration-ms="4423" status="PASS">
          <reporter-output>
          </reporter-output>
        </test-method> <!-- verifyInvalidFileFormat -->
        <test-method is-config="true" signature="tearDown()[pri:0, instance:com.zenken.freshers.user.Projects@77659b30]" started-at="2024-10-07T15:04:46 IST" name="tearDown" finished-at="2024-10-07T15:04:47 IST" duration-ms="268" status="PASS">
          <reporter-output>
          </reporter-output>
        </test-method> <!-- tearDown -->
        <test-method is-config="true" signature="setup(java.lang.reflect.Method)[pri:0, instance:com.zenken.freshers.user.Projects@77659b30]" started-at="2024-10-07T15:04:47 IST" name="setup" finished-at="2024-10-07T15:04:47 IST" duration-ms="806" status="PASS">
          <params>
            <param index="0">
              <value>
                <![CDATA[public void com.zenken.freshers.user.Projects.verifyInvalidFileSize()]]>
              </value>
            </param>
          </params>
          <reporter-output>
          </reporter-output>
        </test-method> <!-- setup -->
        <test-method is-config="true" signature="setUpTest()[pri:0, instance:com.zenken.freshers.user.Projects@77659b30]" started-at="2024-10-07T15:04:47 IST" name="setUpTest" finished-at="2024-10-07T15:04:54 IST" duration-ms="6453" status="PASS">
          <reporter-output>
          </reporter-output>
        </test-method> <!-- setUpTest -->
        <test-method signature="verifyInvalidFileSize()[pri:31, instance:com.zenken.freshers.user.Projects@77659b30]" started-at="2024-10-07T15:04:54 IST" name="verifyInvalidFileSize" finished-at="2024-10-07T15:04:59 IST" duration-ms="5472" status="PASS">
          <reporter-output>
          </reporter-output>
        </test-method> <!-- verifyInvalidFileSize -->
        <test-method is-config="true" signature="tearDown()[pri:0, instance:com.zenken.freshers.user.Projects@77659b30]" started-at="2024-10-07T15:04:59 IST" name="tearDown" finished-at="2024-10-07T15:05:00 IST" duration-ms="250" status="PASS">
          <reporter-output>
          </reporter-output>
        </test-method> <!-- tearDown -->
        <test-method is-config="true" signature="setup(java.lang.reflect.Method)[pri:0, instance:com.zenken.freshers.user.Projects@77659b30]" started-at="2024-10-07T15:05:00 IST" name="setup" finished-at="2024-10-07T15:05:00 IST" duration-ms="862" status="PASS">
          <params>
            <param index="0">
              <value>
                <![CDATA[public void com.zenken.freshers.user.Projects.verifyMaxFilesUpload()]]>
              </value>
            </param>
          </params>
          <reporter-output>
          </reporter-output>
        </test-method> <!-- setup -->
        <test-method is-config="true" signature="setUpTest()[pri:0, instance:com.zenken.freshers.user.Projects@77659b30]" started-at="2024-10-07T15:05:00 IST" name="setUpTest" finished-at="2024-10-07T15:05:08 IST" duration-ms="7944" status="PASS">
          <reporter-output>
          </reporter-output>
        </test-method> <!-- setUpTest -->
        <test-method signature="verifyMaxFilesUpload()[pri:32, instance:com.zenken.freshers.user.Projects@77659b30]" started-at="2024-10-07T15:05:08 IST" name="verifyMaxFilesUpload" finished-at="2024-10-07T15:05:26 IST" duration-ms="17650" status="PASS">
          <reporter-output>
          </reporter-output>
        </test-method> <!-- verifyMaxFilesUpload -->
        <test-method is-config="true" signature="tearDown()[pri:0, instance:com.zenken.freshers.user.Projects@77659b30]" started-at="2024-10-07T15:05:26 IST" name="tearDown" finished-at="2024-10-07T15:05:26 IST" duration-ms="330" status="PASS">
          <reporter-output>
          </reporter-output>
        </test-method> <!-- tearDown -->
      </class> <!-- com.zenken.freshers.user.Projects -->
    </test> <!-- Test -->
  </suite> <!-- Suite -->
</testng-results>
