<?xml version="1.0" encoding="UTF-8"?>
<testng-results ignored="0" total="12" passed="12" failed="0" skipped="0">
  <reporter-output>
  </reporter-output>
  <suite started-at="2024-07-09T11:21:25 IST" name="Default suite" finished-at="2024-07-09T11:22:51 IST" duration-ms="85297">
    <groups>
    </groups>
    <test started-at="2024-07-09T11:21:25 IST" name="Default test" finished-at="2024-07-09T11:22:51 IST" duration-ms="85297">
      <class name="com.zenken.freshers.user.CommonParts">
        <test-method is-config="true" signature="setup()[pri:0, instance:com.zenken.freshers.user.CommonParts@71075444]" started-at="2024-07-09T11:21:25 IST" name="setup" finished-at="2024-07-09T11:21:27 IST" duration-ms="1395" status="PASS">
          <reporter-output>
          </reporter-output>
        </test-method> <!-- setup -->
        <test-method signature="verifyAltText()[pri:0, instance:com.zenken.freshers.user.CommonParts@71075444]" started-at="2024-07-09T11:21:27 IST" name="verifyAltText" finished-at="2024-07-09T11:21:30 IST" duration-ms="3045" status="PASS">
          <reporter-output>
          </reporter-output>
        </test-method> <!-- verifyAltText -->
        <test-method is-config="true" signature="tearDown()[pri:0, instance:com.zenken.freshers.user.CommonParts@71075444]" started-at="2024-07-09T11:21:30 IST" name="tearDown" finished-at="2024-07-09T11:21:30 IST" duration-ms="140" status="PASS">
          <reporter-output>
          </reporter-output>
        </test-method> <!-- tearDown -->
        <test-method is-config="true" signature="setup()[pri:0, instance:com.zenken.freshers.user.CommonParts@71075444]" started-at="2024-07-09T11:21:30 IST" name="setup" finished-at="2024-07-09T11:21:31 IST" duration-ms="653" status="PASS">
          <reporter-output>
          </reporter-output>
        </test-method> <!-- setup -->
        <test-method signature="verifyAltTextPostLogIn()[pri:0, instance:com.zenken.freshers.user.CommonParts@71075444]" started-at="2024-07-09T11:21:31 IST" name="verifyAltTextPostLogIn" finished-at="2024-07-09T11:21:37 IST" duration-ms="6807" status="PASS">
          <reporter-output>
          </reporter-output>
        </test-method> <!-- verifyAltTextPostLogIn -->
        <test-method is-config="true" signature="tearDown()[pri:0, instance:com.zenken.freshers.user.CommonParts@71075444]" started-at="2024-07-09T11:21:37 IST" name="tearDown" finished-at="2024-07-09T11:21:38 IST" duration-ms="134" status="PASS">
          <reporter-output>
          </reporter-output>
        </test-method> <!-- tearDown -->
        <test-method is-config="true" signature="setup()[pri:0, instance:com.zenken.freshers.user.CommonParts@71075444]" started-at="2024-07-09T11:21:38 IST" name="setup" finished-at="2024-07-09T11:21:38 IST" duration-ms="664" status="PASS">
          <reporter-output>
          </reporter-output>
        </test-method> <!-- setup -->
        <test-method signature="verifyCopyrightMark()[pri:0, instance:com.zenken.freshers.user.CommonParts@71075444]" started-at="2024-07-09T11:21:38 IST" name="verifyCopyrightMark" finished-at="2024-07-09T11:21:41 IST" duration-ms="2642" status="PASS">
          <reporter-output>
          </reporter-output>
        </test-method> <!-- verifyCopyrightMark -->
        <test-method is-config="true" signature="tearDown()[pri:0, instance:com.zenken.freshers.user.CommonParts@71075444]" started-at="2024-07-09T11:21:41 IST" name="tearDown" finished-at="2024-07-09T11:21:41 IST" duration-ms="133" status="PASS">
          <reporter-output>
          </reporter-output>
        </test-method> <!-- tearDown -->
        <test-method is-config="true" signature="setup()[pri:0, instance:com.zenken.freshers.user.CommonParts@71075444]" started-at="2024-07-09T11:21:41 IST" name="setup" finished-at="2024-07-09T11:21:42 IST" duration-ms="649" status="PASS">
          <reporter-output>
          </reporter-output>
        </test-method> <!-- setup -->
        <test-method signature="verifyDropdown()[pri:0, instance:com.zenken.freshers.user.CommonParts@71075444]" started-at="2024-07-09T11:21:42 IST" name="verifyDropdown" finished-at="2024-07-09T11:21:49 IST" duration-ms="7391" status="PASS">
          <reporter-output>
          </reporter-output>
        </test-method> <!-- verifyDropdown -->
        <test-method is-config="true" signature="tearDown()[pri:0, instance:com.zenken.freshers.user.CommonParts@71075444]" started-at="2024-07-09T11:21:49 IST" name="tearDown" finished-at="2024-07-09T11:21:49 IST" duration-ms="143" status="PASS">
          <reporter-output>
          </reporter-output>
        </test-method> <!-- tearDown -->
        <test-method is-config="true" signature="setup()[pri:0, instance:com.zenken.freshers.user.CommonParts@71075444]" started-at="2024-07-09T11:21:49 IST" name="setup" finished-at="2024-07-09T11:21:50 IST" duration-ms="671" status="PASS">
          <reporter-output>
          </reporter-output>
        </test-method> <!-- setup -->
        <test-method signature="verifyHeaderImage()[pri:0, instance:com.zenken.freshers.user.CommonParts@71075444]" started-at="2024-07-09T11:21:50 IST" name="verifyHeaderImage" finished-at="2024-07-09T11:21:53 IST" duration-ms="2685" status="PASS">
          <reporter-output>
          </reporter-output>
        </test-method> <!-- verifyHeaderImage -->
        <test-method is-config="true" signature="tearDown()[pri:0, instance:com.zenken.freshers.user.CommonParts@71075444]" started-at="2024-07-09T11:21:53 IST" name="tearDown" finished-at="2024-07-09T11:21:53 IST" duration-ms="123" status="PASS">
          <reporter-output>
          </reporter-output>
        </test-method> <!-- tearDown -->
        <test-method is-config="true" signature="setup()[pri:0, instance:com.zenken.freshers.user.CommonParts@71075444]" started-at="2024-07-09T11:21:53 IST" name="setup" finished-at="2024-07-09T11:21:53 IST" duration-ms="682" status="PASS">
          <reporter-output>
          </reporter-output>
        </test-method> <!-- setup -->
        <test-method signature="verifyHeaderImagePostLogIn()[pri:0, instance:com.zenken.freshers.user.CommonParts@71075444]" started-at="2024-07-09T11:21:53 IST" name="verifyHeaderImagePostLogIn" finished-at="2024-07-09T11:22:00 IST" duration-ms="6761" status="PASS">
          <reporter-output>
          </reporter-output>
        </test-method> <!-- verifyHeaderImagePostLogIn -->
        <test-method is-config="true" signature="tearDown()[pri:0, instance:com.zenken.freshers.user.CommonParts@71075444]" started-at="2024-07-09T11:22:00 IST" name="tearDown" finished-at="2024-07-09T11:22:00 IST" duration-ms="134" status="PASS">
          <reporter-output>
          </reporter-output>
        </test-method> <!-- tearDown -->
        <test-method is-config="true" signature="setup()[pri:0, instance:com.zenken.freshers.user.CommonParts@71075444]" started-at="2024-07-09T11:22:00 IST" name="setup" finished-at="2024-07-09T11:22:01 IST" duration-ms="642" status="PASS">
          <reporter-output>
          </reporter-output>
        </test-method> <!-- setup -->
        <test-method signature="verifyLogOut()[pri:0, instance:com.zenken.freshers.user.CommonParts@71075444]" started-at="2024-07-09T11:22:01 IST" name="verifyLogOut" finished-at="2024-07-09T11:22:11 IST" duration-ms="10087" status="PASS">
          <reporter-output>
          </reporter-output>
        </test-method> <!-- verifyLogOut -->
        <test-method is-config="true" signature="tearDown()[pri:0, instance:com.zenken.freshers.user.CommonParts@71075444]" started-at="2024-07-09T11:22:11 IST" name="tearDown" finished-at="2024-07-09T11:22:11 IST" duration-ms="174" status="PASS">
          <reporter-output>
          </reporter-output>
        </test-method> <!-- tearDown -->
        <test-method is-config="true" signature="setup()[pri:0, instance:com.zenken.freshers.user.CommonParts@71075444]" started-at="2024-07-09T11:22:11 IST" name="setup" finished-at="2024-07-09T11:22:12 IST" duration-ms="729" status="PASS">
          <reporter-output>
          </reporter-output>
        </test-method> <!-- setup -->
        <test-method signature="verifyPolicy()[pri:0, instance:com.zenken.freshers.user.CommonParts@71075444]" started-at="2024-07-09T11:22:12 IST" name="verifyPolicy" finished-at="2024-07-09T11:22:17 IST" duration-ms="4843" status="PASS">
          <reporter-output>
          </reporter-output>
        </test-method> <!-- verifyPolicy -->
        <test-method is-config="true" signature="tearDown()[pri:0, instance:com.zenken.freshers.user.CommonParts@71075444]" started-at="2024-07-09T11:22:17 IST" name="tearDown" finished-at="2024-07-09T11:22:17 IST" duration-ms="138" status="PASS">
          <reporter-output>
          </reporter-output>
        </test-method> <!-- tearDown -->
        <test-method is-config="true" signature="setup()[pri:0, instance:com.zenken.freshers.user.CommonParts@71075444]" started-at="2024-07-09T11:22:17 IST" name="setup" finished-at="2024-07-09T11:22:18 IST" duration-ms="748" status="PASS">
          <reporter-output>
          </reporter-output>
        </test-method> <!-- setup -->
        <test-method signature="verifyPolicyPostLogIn()[pri:0, instance:com.zenken.freshers.user.CommonParts@71075444]" started-at="2024-07-09T11:22:18 IST" name="verifyPolicyPostLogIn" finished-at="2024-07-09T11:22:27 IST" duration-ms="8978" status="PASS">
          <reporter-output>
          </reporter-output>
        </test-method> <!-- verifyPolicyPostLogIn -->
        <test-method is-config="true" signature="tearDown()[pri:0, instance:com.zenken.freshers.user.CommonParts@71075444]" started-at="2024-07-09T11:22:27 IST" name="tearDown" finished-at="2024-07-09T11:22:27 IST" duration-ms="136" status="PASS">
          <reporter-output>
          </reporter-output>
        </test-method> <!-- tearDown -->
        <test-method is-config="true" signature="setup()[pri:0, instance:com.zenken.freshers.user.CommonParts@71075444]" started-at="2024-07-09T11:22:27 IST" name="setup" finished-at="2024-07-09T11:22:27 IST" duration-ms="700" status="PASS">
          <reporter-output>
          </reporter-output>
        </test-method> <!-- setup -->
        <test-method signature="verifyProfileClick()[pri:0, instance:com.zenken.freshers.user.CommonParts@71075444]" started-at="2024-07-09T11:22:27 IST" name="verifyProfileClick" finished-at="2024-07-09T11:22:38 IST" duration-ms="10908" status="PASS">
          <reporter-output>
          </reporter-output>
        </test-method> <!-- verifyProfileClick -->
        <test-method is-config="true" signature="tearDown()[pri:0, instance:com.zenken.freshers.user.CommonParts@71075444]" started-at="2024-07-09T11:22:38 IST" name="tearDown" finished-at="2024-07-09T11:22:38 IST" duration-ms="182" status="PASS">
          <reporter-output>
          </reporter-output>
        </test-method> <!-- tearDown -->
        <test-method is-config="true" signature="setup()[pri:0, instance:com.zenken.freshers.user.CommonParts@71075444]" started-at="2024-07-09T11:22:38 IST" name="setup" finished-at="2024-07-09T11:22:39 IST" duration-ms="734" status="PASS">
          <reporter-output>
          </reporter-output>
        </test-method> <!-- setup -->
        <test-method signature="verifyTermsPDF()[pri:0, instance:com.zenken.freshers.user.CommonParts@71075444]" started-at="2024-07-09T11:22:39 IST" name="verifyTermsPDF" finished-at="2024-07-09T11:22:42 IST" duration-ms="3252" status="PASS">
          <reporter-output>
          </reporter-output>
        </test-method> <!-- verifyTermsPDF -->
        <test-method is-config="true" signature="tearDown()[pri:0, instance:com.zenken.freshers.user.CommonParts@71075444]" started-at="2024-07-09T11:22:42 IST" name="tearDown" finished-at="2024-07-09T11:22:43 IST" duration-ms="141" status="PASS">
          <reporter-output>
          </reporter-output>
        </test-method> <!-- tearDown -->
        <test-method is-config="true" signature="setup()[pri:0, instance:com.zenken.freshers.user.CommonParts@71075444]" started-at="2024-07-09T11:22:43 IST" name="setup" finished-at="2024-07-09T11:22:43 IST" duration-ms="710" status="PASS">
          <reporter-output>
          </reporter-output>
        </test-method> <!-- setup -->
        <test-method signature="verifyTermsPDFPostLogIn()[pri:0, instance:com.zenken.freshers.user.CommonParts@71075444]" started-at="2024-07-09T11:22:43 IST" name="verifyTermsPDFPostLogIn" finished-at="2024-07-09T11:22:50 IST" duration-ms="7125" status="PASS">
          <reporter-output>
          </reporter-output>
        </test-method> <!-- verifyTermsPDFPostLogIn -->
        <test-method is-config="true" signature="tearDown()[pri:0, instance:com.zenken.freshers.user.CommonParts@71075444]" started-at="2024-07-09T11:22:50 IST" name="tearDown" finished-at="2024-07-09T11:22:51 IST" duration-ms="141" status="PASS">
          <reporter-output>
          </reporter-output>
        </test-method> <!-- tearDown -->
      </class> <!-- com.zenken.freshers.user.CommonParts -->
    </test> <!-- Default test -->
  </suite> <!-- Default suite -->
</testng-results>
