<?xml version="1.0" encoding="UTF-8"?>
<testng-results retried="2" ignored="2" total="38" passed="33" failed="1" skipped="0">
  <reporter-output>
  </reporter-output>
  <suite started-at="2024-10-11T14:57:10 IST" name="Suite" finished-at="2024-10-11T15:06:20 IST" duration-ms="549845">
    <groups>
    </groups>
    <test started-at="2024-10-11T14:57:10 IST" name="Test" finished-at="2024-10-11T15:06:20 IST" duration-ms="549845">
      <class name="com.zenken.freshers.user.Projects">
        <test-method is-config="true" signature="setup(java.lang.reflect.Method)[pri:0, instance:com.zenken.freshers.user.Projects@7b50df34]" started-at="2024-10-11T14:57:10 IST" name="setup" finished-at="2024-10-11T14:57:12 IST" duration-ms="2030" status="PASS">
          <params>
            <param index="0">
              <value>
                <![CDATA[public void com.zenken.freshers.user.Projects.verifyProjectsNewUrl()]]>
              </value>
            </param>
          </params>
          <reporter-output>
          </reporter-output>
        </test-method> <!-- setup -->
        <test-method is-config="true" signature="setUpTest()[pri:0, instance:com.zenken.freshers.user.Projects@7b50df34]" started-at="2024-10-11T14:57:12 IST" name="setUpTest" finished-at="2024-10-11T14:57:45 IST" duration-ms="33276" status="PASS">
          <reporter-output>
          </reporter-output>
        </test-method> <!-- setUpTest -->
        <test-method signature="verifyProjectsNewUrl()[pri:1, instance:com.zenken.freshers.user.Projects@7b50df34]" started-at="2024-10-11T14:57:45 IST" name="verifyProjectsNewUrl" description="This test verifies that the expected &#039;Project New&#039; URL and headline are displayed" finished-at="2024-10-11T14:57:46 IST" duration-ms="841" status="PASS">
          <reporter-output>
          </reporter-output>
        </test-method> <!-- verifyProjectsNewUrl -->
        <test-method is-config="true" signature="tearDown()[pri:0, instance:com.zenken.freshers.user.Projects@7b50df34]" started-at="2024-10-11T14:57:46 IST" name="tearDown" finished-at="2024-10-11T14:57:46 IST" duration-ms="268" status="PASS">
          <reporter-output>
          </reporter-output>
        </test-method> <!-- tearDown -->
        <test-method is-config="true" signature="setup(java.lang.reflect.Method)[pri:0, instance:com.zenken.freshers.user.Projects@7b50df34]" started-at="2024-10-11T14:57:46 IST" name="setup" finished-at="2024-10-11T14:57:47 IST" duration-ms="1105" status="PASS">
          <params>
            <param index="0">
              <value>
                <![CDATA[public void com.zenken.freshers.user.Projects.verifyProjectPageTitle()]]>
              </value>
            </param>
          </params>
          <reporter-output>
          </reporter-output>
        </test-method> <!-- setup -->
        <test-method is-config="true" signature="setUpTest()[pri:0, instance:com.zenken.freshers.user.Projects@7b50df34]" started-at="2024-10-11T14:57:47 IST" name="setUpTest" finished-at="2024-10-11T14:57:53 IST" duration-ms="6013" status="PASS">
          <reporter-output>
          </reporter-output>
        </test-method> <!-- setUpTest -->
        <test-method signature="verifyProjectPageTitle()[pri:2, instance:com.zenken.freshers.user.Projects@7b50df34]" started-at="2024-10-11T14:57:53 IST" name="verifyProjectPageTitle" description="This test verifies that the Project page title is correct" finished-at="2024-10-11T14:57:54 IST" duration-ms="909" status="PASS">
          <reporter-output>
          </reporter-output>
        </test-method> <!-- verifyProjectPageTitle -->
        <test-method is-config="true" signature="tearDown()[pri:0, instance:com.zenken.freshers.user.Projects@7b50df34]" started-at="2024-10-11T14:57:54 IST" name="tearDown" finished-at="2024-10-11T14:57:54 IST" duration-ms="166" status="PASS">
          <reporter-output>
          </reporter-output>
        </test-method> <!-- tearDown -->
        <test-method is-config="true" signature="setup(java.lang.reflect.Method)[pri:0, instance:com.zenken.freshers.user.Projects@7b50df34]" started-at="2024-10-11T14:57:54 IST" name="setup" finished-at="2024-10-11T14:57:55 IST" duration-ms="773" status="PASS">
          <params>
            <param index="0">
              <value>
                <![CDATA[public void com.zenken.freshers.user.Projects.verifyProjectPlaceholders()]]>
              </value>
            </param>
          </params>
          <reporter-output>
          </reporter-output>
        </test-method> <!-- setup -->
        <test-method is-config="true" signature="setUpTest()[pri:0, instance:com.zenken.freshers.user.Projects@7b50df34]" started-at="2024-10-11T14:57:55 IST" name="setUpTest" finished-at="2024-10-11T14:58:03 IST" duration-ms="7925" status="PASS">
          <reporter-output>
          </reporter-output>
        </test-method> <!-- setUpTest -->
        <test-method signature="verifyProjectPlaceholders()[pri:3, instance:com.zenken.freshers.user.Projects@7b50df34]" started-at="2024-10-11T14:58:03 IST" name="verifyProjectPlaceholders" description="This test verifies that expected placeholders are displayed" finished-at="2024-10-11T14:58:04 IST" duration-ms="841" status="PASS">
          <reporter-output>
          </reporter-output>
        </test-method> <!-- verifyProjectPlaceholders -->
        <test-method is-config="true" signature="tearDown()[pri:0, instance:com.zenken.freshers.user.Projects@7b50df34]" started-at="2024-10-11T14:58:04 IST" name="tearDown" finished-at="2024-10-11T14:58:04 IST" duration-ms="233" status="PASS">
          <reporter-output>
          </reporter-output>
        </test-method> <!-- tearDown -->
        <test-method is-config="true" signature="setup(java.lang.reflect.Method)[pri:0, instance:com.zenken.freshers.user.Projects@7b50df34]" started-at="2024-10-11T14:58:04 IST" name="setup" finished-at="2024-10-11T14:58:05 IST" duration-ms="819" status="PASS">
          <params>
            <param index="0">
              <value>
                <![CDATA[public void com.zenken.freshers.user.Projects.verifyProjectEndDateDdDisable()]]>
              </value>
            </param>
          </params>
          <reporter-output>
          </reporter-output>
        </test-method> <!-- setup -->
        <test-method is-config="true" signature="setUpTest()[pri:0, instance:com.zenken.freshers.user.Projects@7b50df34]" started-at="2024-10-11T14:58:05 IST" name="setUpTest" finished-at="2024-10-11T14:58:11 IST" duration-ms="5983" status="PASS">
          <reporter-output>
          </reporter-output>
        </test-method> <!-- setUpTest -->
        <test-method signature="verifyProjectEndDateDdDisable()[pri:4, instance:com.zenken.freshers.user.Projects@7b50df34]" started-at="2024-10-11T14:58:11 IST" name="verifyProjectEndDateDdDisable" description="This test verifies that End Date dropdowns turn inactive" finished-at="2024-10-11T14:58:12 IST" duration-ms="1001" status="PASS">
          <reporter-output>
          </reporter-output>
        </test-method> <!-- verifyProjectEndDateDdDisable -->
        <test-method is-config="true" signature="tearDown()[pri:0, instance:com.zenken.freshers.user.Projects@7b50df34]" started-at="2024-10-11T14:58:12 IST" name="tearDown" finished-at="2024-10-11T14:58:12 IST" duration-ms="196" status="PASS">
          <reporter-output>
          </reporter-output>
        </test-method> <!-- tearDown -->
        <test-method is-config="true" signature="setup(java.lang.reflect.Method)[pri:0, instance:com.zenken.freshers.user.Projects@7b50df34]" started-at="2024-10-11T14:58:12 IST" name="setup" finished-at="2024-10-11T14:58:13 IST" duration-ms="740" status="PASS">
          <params>
            <param index="0">
              <value>
                <![CDATA[public void com.zenken.freshers.user.Projects.verifyProjectAddition()]]>
              </value>
            </param>
          </params>
          <reporter-output>
          </reporter-output>
        </test-method> <!-- setup -->
        <test-method is-config="true" signature="setUpTest()[pri:0, instance:com.zenken.freshers.user.Projects@7b50df34]" started-at="2024-10-11T14:58:13 IST" name="setUpTest" finished-at="2024-10-11T14:58:21 IST" duration-ms="7932" status="PASS">
          <reporter-output>
          </reporter-output>
        </test-method> <!-- setUpTest -->
        <test-method signature="verifyProjectAddition()[pri:5, instance:com.zenken.freshers.user.Projects@7b50df34]" started-at="2024-10-11T14:58:21 IST" name="verifyProjectAddition" description="This test verifies that the project is added with only required to save fields" finished-at="2024-10-11T14:58:25 IST" duration-ms="4368" status="PASS">
          <reporter-output>
          </reporter-output>
        </test-method> <!-- verifyProjectAddition -->
        <test-method is-config="true" signature="tearDown()[pri:0, instance:com.zenken.freshers.user.Projects@7b50df34]" started-at="2024-10-11T14:58:25 IST" name="tearDown" finished-at="2024-10-11T14:58:25 IST" duration-ms="216" status="PASS">
          <reporter-output>
          </reporter-output>
        </test-method> <!-- tearDown -->
        <test-method is-config="true" signature="setup(java.lang.reflect.Method)[pri:0, instance:com.zenken.freshers.user.Projects@7b50df34]" started-at="2024-10-11T14:58:25 IST" name="setup" finished-at="2024-10-11T14:58:26 IST" duration-ms="834" status="PASS">
          <params>
            <param index="0">
              <value>
                <![CDATA[public void com.zenken.freshers.user.Projects.verifyProjectAdditionWithDetails()]]>
              </value>
            </param>
          </params>
          <reporter-output>
          </reporter-output>
        </test-method> <!-- setup -->
        <test-method is-config="true" signature="setUpTest()[pri:0, instance:com.zenken.freshers.user.Projects@7b50df34]" started-at="2024-10-11T14:58:26 IST" name="setUpTest" finished-at="2024-10-11T14:58:33 IST" duration-ms="6367" status="PASS">
          <reporter-output>
          </reporter-output>
        </test-method> <!-- setUpTest -->
        <test-method signature="verifyProjectAdditionWithDetails()[pri:6, instance:com.zenken.freshers.user.Projects@7b50df34]" started-at="2024-10-11T14:58:33 IST" name="verifyProjectAdditionWithDetails" description="This test verifies that a project is added with required to save fields + Project Overview" finished-at="2024-10-11T14:58:38 IST" duration-ms="5100" status="PASS">
          <reporter-output>
          </reporter-output>
        </test-method> <!-- verifyProjectAdditionWithDetails -->
        <test-method is-config="true" signature="tearDown()[pri:0, instance:com.zenken.freshers.user.Projects@7b50df34]" started-at="2024-10-11T14:58:38 IST" name="tearDown" finished-at="2024-10-11T14:58:38 IST" duration-ms="266" status="PASS">
          <reporter-output>
          </reporter-output>
        </test-method> <!-- tearDown -->
        <test-method is-config="true" signature="setup(java.lang.reflect.Method)[pri:0, instance:com.zenken.freshers.user.Projects@7b50df34]" started-at="2024-10-11T14:58:38 IST" name="setup" finished-at="2024-10-11T14:58:39 IST" duration-ms="921" status="PASS">
          <params>
            <param index="0">
              <value>
                <![CDATA[public void com.zenken.freshers.user.Projects.verifyProjectAdditionWithLink()]]>
              </value>
            </param>
          </params>
          <reporter-output>
          </reporter-output>
        </test-method> <!-- setup -->
        <test-method is-config="true" signature="setUpTest()[pri:0, instance:com.zenken.freshers.user.Projects@7b50df34]" started-at="2024-10-11T14:58:39 IST" name="setUpTest" finished-at="2024-10-11T14:58:46 IST" duration-ms="6610" status="PASS">
          <reporter-output>
          </reporter-output>
        </test-method> <!-- setUpTest -->
        <test-method signature="verifyProjectAdditionWithLink()[pri:7, instance:com.zenken.freshers.user.Projects@7b50df34]" started-at="2024-10-11T14:58:46 IST" name="verifyProjectAdditionWithLink" description="This test verifies that a project is added with required to save fields, Project Overview and Link" finished-at="2024-10-11T14:58:51 IST" duration-ms="5720" status="PASS">
          <reporter-output>
          </reporter-output>
        </test-method> <!-- verifyProjectAdditionWithLink -->
        <test-method is-config="true" signature="tearDown()[pri:0, instance:com.zenken.freshers.user.Projects@7b50df34]" started-at="2024-10-11T14:58:51 IST" name="tearDown" finished-at="2024-10-11T14:58:52 IST" duration-ms="269" status="PASS">
          <reporter-output>
          </reporter-output>
        </test-method> <!-- tearDown -->
        <test-method is-config="true" signature="setup(java.lang.reflect.Method)[pri:0, instance:com.zenken.freshers.user.Projects@7b50df34]" started-at="2024-10-11T14:58:52 IST" name="setup" finished-at="2024-10-11T14:58:52 IST" duration-ms="887" status="PASS">
          <params>
            <param index="0">
              <value>
                <![CDATA[public void com.zenken.freshers.user.Projects.verifyProjectLink()]]>
              </value>
            </param>
          </params>
          <reporter-output>
          </reporter-output>
        </test-method> <!-- setup -->
        <test-method is-config="true" signature="setUpTest()[pri:0, instance:com.zenken.freshers.user.Projects@7b50df34]" started-at="2024-10-11T14:58:52 IST" name="setUpTest" finished-at="2024-10-11T14:58:58 IST" duration-ms="5951" status="PASS">
          <reporter-output>
          </reporter-output>
        </test-method> <!-- setUpTest -->
        <test-method signature="verifyProjectLink()[pri:8, instance:com.zenken.freshers.user.Projects@7b50df34]" started-at="2024-10-11T14:58:58 IST" name="verifyProjectLink" description="This test verifies that the project link can be accessed from preview page" finished-at="2024-10-11T14:59:27 IST" duration-ms="28923" status="PASS">
          <reporter-output>
          </reporter-output>
        </test-method> <!-- verifyProjectLink -->
        <test-method is-config="true" signature="tearDown()[pri:0, instance:com.zenken.freshers.user.Projects@7b50df34]" started-at="2024-10-11T14:59:27 IST" name="tearDown" finished-at="2024-10-11T14:59:28 IST" duration-ms="252" status="PASS">
          <reporter-output>
          </reporter-output>
        </test-method> <!-- tearDown -->
        <test-method is-config="true" signature="setup(java.lang.reflect.Method)[pri:0, instance:com.zenken.freshers.user.Projects@7b50df34]" started-at="2024-10-11T14:59:28 IST" name="setup" finished-at="2024-10-11T14:59:28 IST" duration-ms="876" status="PASS">
          <params>
            <param index="0">
              <value>
                <![CDATA[public void com.zenken.freshers.user.Projects.verifyProjectFileUpload()]]>
              </value>
            </param>
          </params>
          <reporter-output>
          </reporter-output>
        </test-method> <!-- setup -->
        <test-method is-config="true" signature="setUpTest()[pri:0, instance:com.zenken.freshers.user.Projects@7b50df34]" started-at="2024-10-11T14:59:28 IST" name="setUpTest" finished-at="2024-10-11T14:59:35 IST" duration-ms="6760" status="PASS">
          <reporter-output>
          </reporter-output>
        </test-method> <!-- setUpTest -->
        <test-method signature="verifyProjectFileUpload()[pri:9, instance:com.zenken.freshers.user.Projects@7b50df34]" started-at="2024-10-11T14:59:35 IST" name="verifyProjectFileUpload" description="This test verifies that a project file can be uploaded" finished-at="2024-10-11T14:59:40 IST" duration-ms="4922" status="PASS">
          <reporter-output>
          </reporter-output>
        </test-method> <!-- verifyProjectFileUpload -->
        <test-method is-config="true" signature="tearDown()[pri:0, instance:com.zenken.freshers.user.Projects@7b50df34]" started-at="2024-10-11T14:59:40 IST" name="tearDown" finished-at="2024-10-11T14:59:40 IST" duration-ms="298" status="PASS">
          <reporter-output>
          </reporter-output>
        </test-method> <!-- tearDown -->
        <test-method is-config="true" signature="setup(java.lang.reflect.Method)[pri:0, instance:com.zenken.freshers.user.Projects@7b50df34]" started-at="2024-10-11T14:59:40 IST" name="setup" finished-at="2024-10-11T14:59:41 IST" duration-ms="819" status="PASS">
          <params>
            <param index="0">
              <value>
                <![CDATA[public void com.zenken.freshers.user.Projects.verifyDefaultProjectName()]]>
              </value>
            </param>
          </params>
          <reporter-output>
          </reporter-output>
        </test-method> <!-- setup -->
        <test-method is-config="true" signature="setUpTest()[pri:0, instance:com.zenken.freshers.user.Projects@7b50df34]" started-at="2024-10-11T14:59:41 IST" name="setUpTest" finished-at="2024-10-11T14:59:48 IST" duration-ms="6859" status="PASS">
          <reporter-output>
          </reporter-output>
        </test-method> <!-- setUpTest -->
        <test-method signature="verifyDefaultProjectName()[pri:10, instance:com.zenken.freshers.user.Projects@7b50df34]" started-at="2024-10-11T14:59:48 IST" name="verifyDefaultProjectName" description="This test verifies that default project name is correct" finished-at="2024-10-11T14:59:48 IST" duration-ms="44" status="PASS">
          <reporter-output>
          </reporter-output>
        </test-method> <!-- verifyDefaultProjectName -->
        <test-method is-config="true" signature="tearDown()[pri:0, instance:com.zenken.freshers.user.Projects@7b50df34]" started-at="2024-10-11T14:59:48 IST" name="tearDown" finished-at="2024-10-11T14:59:48 IST" duration-ms="175" status="PASS">
          <reporter-output>
          </reporter-output>
        </test-method> <!-- tearDown -->
        <test-method is-config="true" signature="setup(java.lang.reflect.Method)[pri:0, instance:com.zenken.freshers.user.Projects@7b50df34]" started-at="2024-10-11T14:59:48 IST" name="setup" finished-at="2024-10-11T14:59:49 IST" duration-ms="851" status="PASS">
          <params>
            <param index="0">
              <value>
                <![CDATA[public void com.zenken.freshers.user.Projects.verifyProjectAdditionWithFile() throws java.lang.InterruptedException]]>
              </value>
            </param>
          </params>
          <reporter-output>
          </reporter-output>
        </test-method> <!-- setup -->
        <test-method is-config="true" signature="setUpTest()[pri:0, instance:com.zenken.freshers.user.Projects@7b50df34]" started-at="2024-10-11T14:59:49 IST" name="setUpTest" finished-at="2024-10-11T14:59:56 IST" duration-ms="6494" status="PASS">
          <reporter-output>
          </reporter-output>
        </test-method> <!-- setUpTest -->
        <test-method signature="verifyProjectAdditionWithFile()[pri:11, instance:com.zenken.freshers.user.Projects@7b50df34]" started-at="2024-10-11T14:59:56 IST" name="verifyProjectAdditionWithFile" description="This test verifies that the project is added with file" finished-at="2024-10-11T15:00:16 IST" duration-ms="20575" status="PASS">
          <reporter-output>
          </reporter-output>
        </test-method> <!-- verifyProjectAdditionWithFile -->
        <test-method is-config="true" signature="tearDown()[pri:0, instance:com.zenken.freshers.user.Projects@7b50df34]" started-at="2024-10-11T15:00:16 IST" name="tearDown" finished-at="2024-10-11T15:00:17 IST" duration-ms="353" status="PASS">
          <reporter-output>
          </reporter-output>
        </test-method> <!-- tearDown -->
        <test-method is-config="true" signature="setup(java.lang.reflect.Method)[pri:0, instance:com.zenken.freshers.user.Projects@7b50df34]" started-at="2024-10-11T15:00:17 IST" name="setup" finished-at="2024-10-11T15:00:18 IST" duration-ms="924" status="PASS">
          <params>
            <param index="0">
              <value>
                <![CDATA[public void com.zenken.freshers.user.Projects.verifyProjectEditUrl()]]>
              </value>
            </param>
          </params>
          <reporter-output>
          </reporter-output>
        </test-method> <!-- setup -->
        <test-method is-config="true" signature="setUpTest()[pri:0, instance:com.zenken.freshers.user.Projects@7b50df34]" started-at="2024-10-11T15:00:18 IST" name="setUpTest" finished-at="2024-10-11T15:00:24 IST" duration-ms="6240" status="PASS">
          <reporter-output>
          </reporter-output>
        </test-method> <!-- setUpTest -->
        <test-method signature="verifyProjectEditUrl()[pri:12, instance:com.zenken.freshers.user.Projects@7b50df34]" started-at="2024-10-11T15:00:24 IST" name="verifyProjectEditUrl" description="This test verifies that expected &#039;Project Edit&#039; URL is displayed" finished-at="2024-10-11T15:00:25 IST" duration-ms="836" status="PASS">
          <reporter-output>
          </reporter-output>
        </test-method> <!-- verifyProjectEditUrl -->
        <test-method is-config="true" signature="tearDown()[pri:0, instance:com.zenken.freshers.user.Projects@7b50df34]" started-at="2024-10-11T15:00:25 IST" name="tearDown" finished-at="2024-10-11T15:00:25 IST" duration-ms="194" status="PASS">
          <reporter-output>
          </reporter-output>
        </test-method> <!-- tearDown -->
        <test-method is-config="true" signature="setup(java.lang.reflect.Method)[pri:0, instance:com.zenken.freshers.user.Projects@7b50df34]" started-at="2024-10-11T15:00:25 IST" name="setup" finished-at="2024-10-11T15:00:26 IST" duration-ms="716" status="PASS">
          <params>
            <param index="0">
              <value>
                <![CDATA[public void com.zenken.freshers.user.Projects.verifyProjectSavedData()]]>
              </value>
            </param>
          </params>
          <reporter-output>
          </reporter-output>
        </test-method> <!-- setup -->
        <test-method is-config="true" signature="setUpTest()[pri:0, instance:com.zenken.freshers.user.Projects@7b50df34]" started-at="2024-10-11T15:00:26 IST" name="setUpTest" finished-at="2024-10-11T15:00:33 IST" duration-ms="7533" status="PASS">
          <reporter-output>
          </reporter-output>
        </test-method> <!-- setUpTest -->
        <test-method signature="verifyProjectSavedData()[pri:13, instance:com.zenken.freshers.user.Projects@7b50df34]" started-at="2024-10-11T15:00:33 IST" name="verifyProjectSavedData" description="This test verifies that the information saved for first project is correct" finished-at="2024-10-11T15:00:34 IST" duration-ms="1172" status="PASS">
          <reporter-output>
          </reporter-output>
        </test-method> <!-- verifyProjectSavedData -->
        <test-method is-config="true" signature="tearDown()[pri:0, instance:com.zenken.freshers.user.Projects@7b50df34]" started-at="2024-10-11T15:00:34 IST" name="tearDown" finished-at="2024-10-11T15:00:34 IST" duration-ms="220" status="PASS">
          <reporter-output>
          </reporter-output>
        </test-method> <!-- tearDown -->
        <test-method is-config="true" signature="setup(java.lang.reflect.Method)[pri:0, instance:com.zenken.freshers.user.Projects@7b50df34]" started-at="2024-10-11T15:00:34 IST" name="setup" finished-at="2024-10-11T15:00:35 IST" duration-ms="677" status="PASS">
          <params>
            <param index="0">
              <value>
                <![CDATA[public void com.zenken.freshers.user.Projects.verifyProjectCharCount()]]>
              </value>
            </param>
          </params>
          <reporter-output>
          </reporter-output>
        </test-method> <!-- setup -->
        <test-method is-config="true" signature="setUpTest()[pri:0, instance:com.zenken.freshers.user.Projects@7b50df34]" started-at="2024-10-11T15:00:35 IST" name="setUpTest" finished-at="2024-10-11T15:00:41 IST" duration-ms="6167" status="PASS">
          <reporter-output>
          </reporter-output>
        </test-method> <!-- setUpTest -->
        <test-method signature="verifyProjectCharCount()[pri:14, instance:com.zenken.freshers.user.Projects@7b50df34]" started-at="2024-10-11T15:00:41 IST" name="verifyProjectCharCount" description="This test verifies that the character count for Project Overview is dynamically updated" finished-at="2024-10-11T15:01:12 IST" duration-ms="30936" status="PASS">
          <reporter-output>
          </reporter-output>
        </test-method> <!-- verifyProjectCharCount -->
        <test-method is-config="true" signature="tearDown()[pri:0, instance:com.zenken.freshers.user.Projects@7b50df34]" started-at="2024-10-11T15:01:12 IST" name="tearDown" finished-at="2024-10-11T15:01:13 IST" duration-ms="381" status="PASS">
          <reporter-output>
          </reporter-output>
        </test-method> <!-- tearDown -->
        <test-method is-config="true" signature="setup(java.lang.reflect.Method)[pri:0, instance:com.zenken.freshers.user.Projects@7b50df34]" started-at="2024-10-11T15:01:13 IST" name="setup" finished-at="2024-10-11T15:01:14 IST" duration-ms="915" status="PASS">
          <params>
            <param index="0">
              <value>
                <![CDATA[public void com.zenken.freshers.user.Projects.verifyProjectFilesUpload()]]>
              </value>
            </param>
          </params>
          <reporter-output>
          </reporter-output>
        </test-method> <!-- setup -->
        <test-method is-config="true" signature="setUpTest()[pri:0, instance:com.zenken.freshers.user.Projects@7b50df34]" started-at="2024-10-11T15:01:14 IST" name="setUpTest" finished-at="2024-10-11T15:01:20 IST" duration-ms="6146" status="PASS">
          <reporter-output>
          </reporter-output>
        </test-method> <!-- setUpTest -->
        <test-method signature="verifyProjectFilesUpload()[pri:15, instance:com.zenken.freshers.user.Projects@7b50df34]" started-at="2024-10-11T15:01:20 IST" name="verifyProjectFilesUpload" description="This test verifies that multiple files with different formats are uploaded" finished-at="2024-10-11T15:01:32 IST" duration-ms="12477" status="PASS">
          <reporter-output>
          </reporter-output>
        </test-method> <!-- verifyProjectFilesUpload -->
        <test-method is-config="true" signature="tearDown()[pri:0, instance:com.zenken.freshers.user.Projects@7b50df34]" started-at="2024-10-11T15:01:32 IST" name="tearDown" finished-at="2024-10-11T15:01:32 IST" duration-ms="344" status="PASS">
          <reporter-output>
          </reporter-output>
        </test-method> <!-- tearDown -->
        <test-method is-config="true" signature="setup(java.lang.reflect.Method)[pri:0, instance:com.zenken.freshers.user.Projects@7b50df34]" started-at="2024-10-11T15:01:32 IST" name="setup" finished-at="2024-10-11T15:01:33 IST" duration-ms="778" status="PASS">
          <params>
            <param index="0">
              <value>
                <![CDATA[public void com.zenken.freshers.user.Projects.verifyProjectFileDelete()]]>
              </value>
            </param>
          </params>
          <reporter-output>
          </reporter-output>
        </test-method> <!-- setup -->
        <test-method is-config="true" signature="setUpTest()[pri:0, instance:com.zenken.freshers.user.Projects@7b50df34]" started-at="2024-10-11T15:01:33 IST" name="setUpTest" finished-at="2024-10-11T15:01:40 IST" duration-ms="6615" status="PASS">
          <reporter-output>
          </reporter-output>
        </test-method> <!-- setUpTest -->
        <test-method signature="verifyProjectFileDelete()[pri:16, instance:com.zenken.freshers.user.Projects@7b50df34]" started-at="2024-10-11T15:01:40 IST" name="verifyProjectFileDelete" description="This test verifies that the project file is deleted" finished-at="2024-10-11T15:01:43 IST" duration-ms="2845" status="PASS">
          <reporter-output>
          </reporter-output>
        </test-method> <!-- verifyProjectFileDelete -->
        <test-method is-config="true" signature="tearDown()[pri:0, instance:com.zenken.freshers.user.Projects@7b50df34]" started-at="2024-10-11T15:01:43 IST" name="tearDown" finished-at="2024-10-11T15:01:45 IST" duration-ms="1892" status="PASS">
          <reporter-output>
          </reporter-output>
        </test-method> <!-- tearDown -->
        <test-method is-config="true" signature="setup(java.lang.reflect.Method)[pri:0, instance:com.zenken.freshers.user.Projects@7b50df34]" started-at="2024-10-11T15:01:45 IST" name="setup" finished-at="2024-10-11T15:01:45 IST" duration-ms="818" status="PASS">
          <params>
            <param index="0">
              <value>
                <![CDATA[public void com.zenken.freshers.user.Projects.verifyProjectCountExceed()]]>
              </value>
            </param>
          </params>
          <reporter-output>
          </reporter-output>
        </test-method> <!-- setup -->
        <test-method is-config="true" signature="setUpTest()[pri:0, instance:com.zenken.freshers.user.Projects@7b50df34]" started-at="2024-10-11T15:01:45 IST" name="setUpTest" finished-at="2024-10-11T15:01:52 IST" duration-ms="6763" status="PASS">
          <reporter-output>
          </reporter-output>
        </test-method> <!-- setUpTest -->
        <test-method signature="verifyProjectCountExceed()[pri:17, instance:com.zenken.freshers.user.Projects@7b50df34]" started-at="2024-10-11T15:01:52 IST" name="verifyProjectCountExceed" description="This test verifies that &#039;Add project&#039; button turns inactive once ten projects are added" finished-at="2024-10-11T15:02:05 IST" duration-ms="12983" status="PASS">
          <reporter-output>
          </reporter-output>
        </test-method> <!-- verifyProjectCountExceed -->
        <test-method is-config="true" signature="tearDown()[pri:0, instance:com.zenken.freshers.user.Projects@7b50df34]" started-at="2024-10-11T15:02:05 IST" name="tearDown" finished-at="2024-10-11T15:02:05 IST" duration-ms="277" status="PASS">
          <reporter-output>
          </reporter-output>
        </test-method> <!-- tearDown -->
        <test-method is-config="true" signature="setup(java.lang.reflect.Method)[pri:0, instance:com.zenken.freshers.user.Projects@7b50df34]" started-at="2024-10-11T15:02:05 IST" name="setup" finished-at="2024-10-11T15:02:06 IST" duration-ms="811" status="PASS">
          <params>
            <param index="0">
              <value>
                <![CDATA[public void com.zenken.freshers.user.Projects.verifyProjectDeletePopUp()]]>
              </value>
            </param>
          </params>
          <reporter-output>
          </reporter-output>
        </test-method> <!-- setup -->
        <test-method is-config="true" signature="setUpTest()[pri:0, instance:com.zenken.freshers.user.Projects@7b50df34]" started-at="2024-10-11T15:02:06 IST" name="setUpTest" finished-at="2024-10-11T15:02:13 IST" duration-ms="6244" status="PASS">
          <reporter-output>
          </reporter-output>
        </test-method> <!-- setUpTest -->
        <test-method retried="true" signature="verifyProjectDeletePopUp()[pri:18, instance:com.zenken.freshers.user.Projects@7b50df34]" started-at="2024-10-11T15:02:13 IST" name="verifyProjectDeletePopUp" description="This test verifies that a confirmation popup to delete the project appears" finished-at="2024-10-11T15:02:23 IST" duration-ms="10903" status="SKIP">
          <exception class="org.openqa.selenium.TimeoutException">
            <message>
              <![CDATA[Expected condition failed: waiting for visibility of [[ChromeDriver: chrome on windows (24733ca5289b1f71d0db5f1f577d27cf)] -> css selector: [role=dialog]] (tried for 10 second(s) with 500 milliseconds interval)
Build info: version: '4.22.0', revision: 'c5f3146703*'
System info: os.name: 'Windows 11', os.arch: 'amd64', os.version: '10.0', java.version: '21.0.2'
Driver info: org.openqa.selenium.chrome.ChromeDriver
Capabilities {acceptInsecureCerts: false, browserName: chrome, browserVersion: 129.0.6668.90, chrome: {chromedriverVersion: 129.0.6668.100 (cf58cba358d..., userDataDir: C:\Users\prasa\AppData\Loca...}, fedcm:accounts: true, goog:chromeOptions: {debuggerAddress: localhost:63203}, networkConnectionEnabled: false, pageLoadStrategy: normal, platformName: windows, proxy: Proxy(), se:cdp: ws://localhost:63203/devtoo..., se:cdpVersion: 129.0.6668.90, setWindowRect: true, strictFileInteractability: false, timeouts: {implicit: 0, pageLoad: 300000, script: 30000}, unhandledPromptBehavior: dismiss and notify, webauthn:extension:credBlob: true, webauthn:extension:largeBlob: true, webauthn:extension:minPinLength: true, webauthn:extension:prf: true, webauthn:virtualAuthenticators: true}
Session ID: 24733ca5289b1f71d0db5f1f577d27cf]]>
            </message>
            <full-stacktrace>
              <![CDATA[org.openqa.selenium.TimeoutException: Expected condition failed: waiting for visibility of [[ChromeDriver: chrome on windows (24733ca5289b1f71d0db5f1f577d27cf)] -> css selector: [role=dialog]] (tried for 10 second(s) with 500 milliseconds interval)
Build info: version: '4.22.0', revision: 'c5f3146703*'
System info: os.name: 'Windows 11', os.arch: 'amd64', os.version: '10.0', java.version: '21.0.2'
Driver info: org.openqa.selenium.chrome.ChromeDriver
Capabilities {acceptInsecureCerts: false, browserName: chrome, browserVersion: 129.0.6668.90, chrome: {chromedriverVersion: 129.0.6668.100 (cf58cba358d..., userDataDir: C:\Users\prasa\AppData\Loca...}, fedcm:accounts: true, goog:chromeOptions: {debuggerAddress: localhost:63203}, networkConnectionEnabled: false, pageLoadStrategy: normal, platformName: windows, proxy: Proxy(), se:cdp: ws://localhost:63203/devtoo..., se:cdpVersion: 129.0.6668.90, setWindowRect: true, strictFileInteractability: false, timeouts: {implicit: 0, pageLoad: 300000, script: 30000}, unhandledPromptBehavior: dismiss and notify, webauthn:extension:credBlob: true, webauthn:extension:largeBlob: true, webauthn:extension:minPinLength: true, webauthn:extension:prf: true, webauthn:virtualAuthenticators: true}
Session ID: 24733ca5289b1f71d0db5f1f577d27cf
at org.openqa.selenium.support.ui.WebDriverWait.timeoutException(WebDriverWait.java:84)
at org.openqa.selenium.support.ui.FluentWait.until(FluentWait.java:228)
at com.zenken.frehsers.abstractcomponents.WebDriverUtils.waitUntilElementAppears(WebDriverUtils.java:67)
at com.zenken.freshers.pages.user.EditProjectsPage.waitForGodDamnPopUp(EditProjectsPage.java:288)
at com.zenken.freshers.user.Projects.verifyProjectDeletePopUp(Projects.java:344)
at java.base/jdk.internal.reflect.DirectMethodHandleAccessor.invoke(DirectMethodHandleAccessor.java:103)
at java.base/java.lang.reflect.Method.invoke(Method.java:580)
at org.testng.internal.invokers.MethodInvocationHelper.invokeMethod(MethodInvocationHelper.java:141)
at org.testng.internal.invokers.TestInvoker.invokeMethod(TestInvoker.java:686)
at org.testng.internal.invokers.TestInvoker.invokeTestMethod(TestInvoker.java:230)
at org.testng.internal.invokers.MethodRunner.runInSequence(MethodRunner.java:63)
at org.testng.internal.invokers.TestInvoker$MethodInvocationAgent.invoke(TestInvoker.java:992)
at org.testng.internal.invokers.TestInvoker.invokeTestMethods(TestInvoker.java:203)
at org.testng.internal.invokers.TestMethodWorker.invokeTestMethods(TestMethodWorker.java:154)
at org.testng.internal.invokers.TestMethodWorker.run(TestMethodWorker.java:134)
at java.base/java.util.ArrayList.forEach(ArrayList.java:1596)
at org.testng.TestRunner.privateRun(TestRunner.java:739)
at org.testng.TestRunner.run(TestRunner.java:614)
at org.testng.SuiteRunner.runTest(SuiteRunner.java:421)
at org.testng.SuiteRunner.runSequentially(SuiteRunner.java:413)
at org.testng.SuiteRunner.privateRun(SuiteRunner.java:373)
at org.testng.SuiteRunner.run(SuiteRunner.java:312)
at org.testng.SuiteRunnerWorker.runSuite(SuiteRunnerWorker.java:52)
at org.testng.SuiteRunnerWorker.run(SuiteRunnerWorker.java:95)
at org.testng.TestNG.runSuitesSequentially(TestNG.java:1274)
at org.testng.TestNG.runSuitesLocally(TestNG.java:1208)
at org.testng.TestNG.runSuites(TestNG.java:1112)
at org.testng.TestNG.run(TestNG.java:1079)
at org.testng.remote.AbstractRemoteTestNG.run(AbstractRemoteTestNG.java:115)
at org.testng.remote.RemoteTestNG.initAndRun(RemoteTestNG.java:293)
at org.testng.remote.RemoteTestNG.main(RemoteTestNG.java:91)
]]>
            </full-stacktrace>
          </exception> <!-- org.openqa.selenium.TimeoutException -->
          <reporter-output>
          </reporter-output>
        </test-method> <!-- verifyProjectDeletePopUp -->
        <test-method is-config="true" signature="tearDown()[pri:0, instance:com.zenken.freshers.user.Projects@7b50df34]" started-at="2024-10-11T15:02:23 IST" name="tearDown" finished-at="2024-10-11T15:02:24 IST" duration-ms="289" status="PASS">
          <reporter-output>
          </reporter-output>
        </test-method> <!-- tearDown -->
        <test-method is-config="true" signature="setup(java.lang.reflect.Method)[pri:0, instance:com.zenken.freshers.user.Projects@7b50df34]" started-at="2024-10-11T15:02:24 IST" name="setup" finished-at="2024-10-11T15:02:24 IST" duration-ms="723" status="PASS">
          <params>
            <param index="0">
              <value>
                <![CDATA[public void com.zenken.freshers.user.Projects.verifyProjectDeletePopUp()]]>
              </value>
            </param>
          </params>
          <reporter-output>
          </reporter-output>
        </test-method> <!-- setup -->
        <test-method is-config="true" signature="setUpTest()[pri:0, instance:com.zenken.freshers.user.Projects@7b50df34]" started-at="2024-10-11T15:02:24 IST" name="setUpTest" finished-at="2024-10-11T15:02:31 IST" duration-ms="6269" status="PASS">
          <reporter-output>
          </reporter-output>
        </test-method> <!-- setUpTest -->
        <test-method retried="true" signature="verifyProjectDeletePopUp()[pri:18, instance:com.zenken.freshers.user.Projects@7b50df34]" started-at="2024-10-11T15:02:31 IST" name="verifyProjectDeletePopUp" description="This test verifies that a confirmation popup to delete the project appears" finished-at="2024-10-11T15:02:42 IST" duration-ms="10906" status="SKIP">
          <exception class="org.openqa.selenium.TimeoutException">
            <message>
              <![CDATA[Expected condition failed: waiting for visibility of [[ChromeDriver: chrome on windows (39e6f9cec89c91a701def0443530a39a)] -> css selector: [role=dialog]] (tried for 10 second(s) with 500 milliseconds interval)
Build info: version: '4.22.0', revision: 'c5f3146703*'
System info: os.name: 'Windows 11', os.arch: 'amd64', os.version: '10.0', java.version: '21.0.2'
Driver info: org.openqa.selenium.chrome.ChromeDriver
Capabilities {acceptInsecureCerts: false, browserName: chrome, browserVersion: 129.0.6668.90, chrome: {chromedriverVersion: 129.0.6668.100 (cf58cba358d..., userDataDir: C:\Users\prasa\AppData\Loca...}, fedcm:accounts: true, goog:chromeOptions: {debuggerAddress: localhost:63237}, networkConnectionEnabled: false, pageLoadStrategy: normal, platformName: windows, proxy: Proxy(), se:cdp: ws://localhost:63237/devtoo..., se:cdpVersion: 129.0.6668.90, setWindowRect: true, strictFileInteractability: false, timeouts: {implicit: 0, pageLoad: 300000, script: 30000}, unhandledPromptBehavior: dismiss and notify, webauthn:extension:credBlob: true, webauthn:extension:largeBlob: true, webauthn:extension:minPinLength: true, webauthn:extension:prf: true, webauthn:virtualAuthenticators: true}
Session ID: 39e6f9cec89c91a701def0443530a39a]]>
            </message>
            <full-stacktrace>
              <![CDATA[org.openqa.selenium.TimeoutException: Expected condition failed: waiting for visibility of [[ChromeDriver: chrome on windows (39e6f9cec89c91a701def0443530a39a)] -> css selector: [role=dialog]] (tried for 10 second(s) with 500 milliseconds interval)
Build info: version: '4.22.0', revision: 'c5f3146703*'
System info: os.name: 'Windows 11', os.arch: 'amd64', os.version: '10.0', java.version: '21.0.2'
Driver info: org.openqa.selenium.chrome.ChromeDriver
Capabilities {acceptInsecureCerts: false, browserName: chrome, browserVersion: 129.0.6668.90, chrome: {chromedriverVersion: 129.0.6668.100 (cf58cba358d..., userDataDir: C:\Users\prasa\AppData\Loca...}, fedcm:accounts: true, goog:chromeOptions: {debuggerAddress: localhost:63237}, networkConnectionEnabled: false, pageLoadStrategy: normal, platformName: windows, proxy: Proxy(), se:cdp: ws://localhost:63237/devtoo..., se:cdpVersion: 129.0.6668.90, setWindowRect: true, strictFileInteractability: false, timeouts: {implicit: 0, pageLoad: 300000, script: 30000}, unhandledPromptBehavior: dismiss and notify, webauthn:extension:credBlob: true, webauthn:extension:largeBlob: true, webauthn:extension:minPinLength: true, webauthn:extension:prf: true, webauthn:virtualAuthenticators: true}
Session ID: 39e6f9cec89c91a701def0443530a39a
at org.openqa.selenium.support.ui.WebDriverWait.timeoutException(WebDriverWait.java:84)
at org.openqa.selenium.support.ui.FluentWait.until(FluentWait.java:228)
at com.zenken.frehsers.abstractcomponents.WebDriverUtils.waitUntilElementAppears(WebDriverUtils.java:67)
at com.zenken.freshers.pages.user.EditProjectsPage.waitForGodDamnPopUp(EditProjectsPage.java:288)
at com.zenken.freshers.user.Projects.verifyProjectDeletePopUp(Projects.java:344)
at java.base/jdk.internal.reflect.DirectMethodHandleAccessor.invoke(DirectMethodHandleAccessor.java:103)
at java.base/java.lang.reflect.Method.invoke(Method.java:580)
at org.testng.internal.invokers.MethodInvocationHelper.invokeMethod(MethodInvocationHelper.java:141)
at org.testng.internal.invokers.TestInvoker.invokeMethod(TestInvoker.java:686)
at org.testng.internal.invokers.TestInvoker.retryFailed(TestInvoker.java:269)
at org.testng.internal.invokers.MethodRunner.runInSequence(MethodRunner.java:76)
at org.testng.internal.invokers.TestInvoker$MethodInvocationAgent.invoke(TestInvoker.java:992)
at org.testng.internal.invokers.TestInvoker.invokeTestMethods(TestInvoker.java:203)
at org.testng.internal.invokers.TestMethodWorker.invokeTestMethods(TestMethodWorker.java:154)
at org.testng.internal.invokers.TestMethodWorker.run(TestMethodWorker.java:134)
at java.base/java.util.ArrayList.forEach(ArrayList.java:1596)
at org.testng.TestRunner.privateRun(TestRunner.java:739)
at org.testng.TestRunner.run(TestRunner.java:614)
at org.testng.SuiteRunner.runTest(SuiteRunner.java:421)
at org.testng.SuiteRunner.runSequentially(SuiteRunner.java:413)
at org.testng.SuiteRunner.privateRun(SuiteRunner.java:373)
at org.testng.SuiteRunner.run(SuiteRunner.java:312)
at org.testng.SuiteRunnerWorker.runSuite(SuiteRunnerWorker.java:52)
at org.testng.SuiteRunnerWorker.run(SuiteRunnerWorker.java:95)
at org.testng.TestNG.runSuitesSequentially(TestNG.java:1274)
at org.testng.TestNG.runSuitesLocally(TestNG.java:1208)
at org.testng.TestNG.runSuites(TestNG.java:1112)
at org.testng.TestNG.run(TestNG.java:1079)
at org.testng.remote.AbstractRemoteTestNG.run(AbstractRemoteTestNG.java:115)
at org.testng.remote.RemoteTestNG.initAndRun(RemoteTestNG.java:293)
at org.testng.remote.RemoteTestNG.main(RemoteTestNG.java:91)
]]>
            </full-stacktrace>
          </exception> <!-- org.openqa.selenium.TimeoutException -->
          <reporter-output>
          </reporter-output>
        </test-method> <!-- verifyProjectDeletePopUp -->
        <test-method is-config="true" signature="tearDown()[pri:0, instance:com.zenken.freshers.user.Projects@7b50df34]" started-at="2024-10-11T15:02:42 IST" name="tearDown" finished-at="2024-10-11T15:02:42 IST" duration-ms="305" status="PASS">
          <reporter-output>
          </reporter-output>
        </test-method> <!-- tearDown -->
        <test-method is-config="true" signature="setup(java.lang.reflect.Method)[pri:0, instance:com.zenken.freshers.user.Projects@7b50df34]" started-at="2024-10-11T15:02:42 IST" name="setup" finished-at="2024-10-11T15:02:43 IST" duration-ms="916" status="PASS">
          <params>
            <param index="0">
              <value>
                <![CDATA[public void com.zenken.freshers.user.Projects.verifyProjectDeletePopUp()]]>
              </value>
            </param>
          </params>
          <reporter-output>
          </reporter-output>
        </test-method> <!-- setup -->
        <test-method is-config="true" signature="setUpTest()[pri:0, instance:com.zenken.freshers.user.Projects@7b50df34]" started-at="2024-10-11T15:02:43 IST" name="setUpTest" finished-at="2024-10-11T15:02:49 IST" duration-ms="6205" status="PASS">
          <reporter-output>
          </reporter-output>
        </test-method> <!-- setUpTest -->
        <test-method signature="verifyProjectDeletePopUp()[pri:18, instance:com.zenken.freshers.user.Projects@7b50df34]" started-at="2024-10-11T15:02:49 IST" name="verifyProjectDeletePopUp" description="This test verifies that a confirmation popup to delete the project appears" finished-at="2024-10-11T15:03:00 IST" duration-ms="10835" status="FAIL">
          <exception class="org.openqa.selenium.TimeoutException">
            <message>
              <![CDATA[Expected condition failed: waiting for visibility of [[ChromeDriver: chrome on windows (fa3e5429416d96a6a2af67e6123777a8)] -> css selector: [role=dialog]] (tried for 10 second(s) with 500 milliseconds interval)
Build info: version: '4.22.0', revision: 'c5f3146703*'
System info: os.name: 'Windows 11', os.arch: 'amd64', os.version: '10.0', java.version: '21.0.2'
Driver info: org.openqa.selenium.chrome.ChromeDriver
Capabilities {acceptInsecureCerts: false, browserName: chrome, browserVersion: 129.0.6668.90, chrome: {chromedriverVersion: 129.0.6668.100 (cf58cba358d..., userDataDir: C:\Users\prasa\AppData\Loca...}, fedcm:accounts: true, goog:chromeOptions: {debuggerAddress: localhost:63271}, networkConnectionEnabled: false, pageLoadStrategy: normal, platformName: windows, proxy: Proxy(), se:cdp: ws://localhost:63271/devtoo..., se:cdpVersion: 129.0.6668.90, setWindowRect: true, strictFileInteractability: false, timeouts: {implicit: 0, pageLoad: 300000, script: 30000}, unhandledPromptBehavior: dismiss and notify, webauthn:extension:credBlob: true, webauthn:extension:largeBlob: true, webauthn:extension:minPinLength: true, webauthn:extension:prf: true, webauthn:virtualAuthenticators: true}
Session ID: fa3e5429416d96a6a2af67e6123777a8]]>
            </message>
            <full-stacktrace>
              <![CDATA[org.openqa.selenium.TimeoutException: Expected condition failed: waiting for visibility of [[ChromeDriver: chrome on windows (fa3e5429416d96a6a2af67e6123777a8)] -> css selector: [role=dialog]] (tried for 10 second(s) with 500 milliseconds interval)
Build info: version: '4.22.0', revision: 'c5f3146703*'
System info: os.name: 'Windows 11', os.arch: 'amd64', os.version: '10.0', java.version: '21.0.2'
Driver info: org.openqa.selenium.chrome.ChromeDriver
Capabilities {acceptInsecureCerts: false, browserName: chrome, browserVersion: 129.0.6668.90, chrome: {chromedriverVersion: 129.0.6668.100 (cf58cba358d..., userDataDir: C:\Users\prasa\AppData\Loca...}, fedcm:accounts: true, goog:chromeOptions: {debuggerAddress: localhost:63271}, networkConnectionEnabled: false, pageLoadStrategy: normal, platformName: windows, proxy: Proxy(), se:cdp: ws://localhost:63271/devtoo..., se:cdpVersion: 129.0.6668.90, setWindowRect: true, strictFileInteractability: false, timeouts: {implicit: 0, pageLoad: 300000, script: 30000}, unhandledPromptBehavior: dismiss and notify, webauthn:extension:credBlob: true, webauthn:extension:largeBlob: true, webauthn:extension:minPinLength: true, webauthn:extension:prf: true, webauthn:virtualAuthenticators: true}
Session ID: fa3e5429416d96a6a2af67e6123777a8
at org.openqa.selenium.support.ui.WebDriverWait.timeoutException(WebDriverWait.java:84)
at org.openqa.selenium.support.ui.FluentWait.until(FluentWait.java:228)
at com.zenken.frehsers.abstractcomponents.WebDriverUtils.waitUntilElementAppears(WebDriverUtils.java:67)
at com.zenken.freshers.pages.user.EditProjectsPage.waitForGodDamnPopUp(EditProjectsPage.java:288)
at com.zenken.freshers.user.Projects.verifyProjectDeletePopUp(Projects.java:344)
at java.base/jdk.internal.reflect.DirectMethodHandleAccessor.invoke(DirectMethodHandleAccessor.java:103)
at java.base/java.lang.reflect.Method.invoke(Method.java:580)
at org.testng.internal.invokers.MethodInvocationHelper.invokeMethod(MethodInvocationHelper.java:141)
at org.testng.internal.invokers.TestInvoker.invokeMethod(TestInvoker.java:686)
at org.testng.internal.invokers.TestInvoker.retryFailed(TestInvoker.java:269)
at org.testng.internal.invokers.MethodRunner.runInSequence(MethodRunner.java:76)
at org.testng.internal.invokers.TestInvoker$MethodInvocationAgent.invoke(TestInvoker.java:992)
at org.testng.internal.invokers.TestInvoker.invokeTestMethods(TestInvoker.java:203)
at org.testng.internal.invokers.TestMethodWorker.invokeTestMethods(TestMethodWorker.java:154)
at org.testng.internal.invokers.TestMethodWorker.run(TestMethodWorker.java:134)
at java.base/java.util.ArrayList.forEach(ArrayList.java:1596)
at org.testng.TestRunner.privateRun(TestRunner.java:739)
at org.testng.TestRunner.run(TestRunner.java:614)
at org.testng.SuiteRunner.runTest(SuiteRunner.java:421)
at org.testng.SuiteRunner.runSequentially(SuiteRunner.java:413)
at org.testng.SuiteRunner.privateRun(SuiteRunner.java:373)
at org.testng.SuiteRunner.run(SuiteRunner.java:312)
at org.testng.SuiteRunnerWorker.runSuite(SuiteRunnerWorker.java:52)
at org.testng.SuiteRunnerWorker.run(SuiteRunnerWorker.java:95)
at org.testng.TestNG.runSuitesSequentially(TestNG.java:1274)
at org.testng.TestNG.runSuitesLocally(TestNG.java:1208)
at org.testng.TestNG.runSuites(TestNG.java:1112)
at org.testng.TestNG.run(TestNG.java:1079)
at org.testng.remote.AbstractRemoteTestNG.run(AbstractRemoteTestNG.java:115)
at org.testng.remote.RemoteTestNG.initAndRun(RemoteTestNG.java:293)
at org.testng.remote.RemoteTestNG.main(RemoteTestNG.java:91)
]]>
            </full-stacktrace>
          </exception> <!-- org.openqa.selenium.TimeoutException -->
          <reporter-output>
          </reporter-output>
        </test-method> <!-- verifyProjectDeletePopUp -->
        <test-method is-config="true" signature="tearDown()[pri:0, instance:com.zenken.freshers.user.Projects@7b50df34]" started-at="2024-10-11T15:03:01 IST" name="tearDown" finished-at="2024-10-11T15:03:01 IST" duration-ms="285" status="PASS">
          <reporter-output>
          </reporter-output>
        </test-method> <!-- tearDown -->
        <test-method is-config="true" signature="setup(java.lang.reflect.Method)[pri:0, instance:com.zenken.freshers.user.Projects@7b50df34]" started-at="2024-10-11T15:03:01 IST" name="setup" finished-at="2024-10-11T15:03:02 IST" duration-ms="819" status="PASS">
          <params>
            <param index="0">
              <value>
                <![CDATA[public void com.zenken.freshers.user.Projects.verifyProjectDelete()]]>
              </value>
            </param>
          </params>
          <reporter-output>
          </reporter-output>
        </test-method> <!-- setup -->
        <test-method is-config="true" signature="setUpTest()[pri:0, instance:com.zenken.freshers.user.Projects@7b50df34]" started-at="2024-10-11T15:03:02 IST" name="setUpTest" finished-at="2024-10-11T15:03:08 IST" duration-ms="6246" status="PASS">
          <reporter-output>
          </reporter-output>
        </test-method> <!-- setUpTest -->
        <test-method signature="verifyProjectDelete()[pri:19, instance:com.zenken.freshers.user.Projects@7b50df34]" started-at="2024-10-11T15:03:08 IST" name="verifyProjectDelete" description="This test verifies that the project is deleted successfully" finished-at="2024-10-11T15:03:11 IST" duration-ms="3244" status="PASS">
          <reporter-output>
          </reporter-output>
        </test-method> <!-- verifyProjectDelete -->
        <test-method is-config="true" signature="tearDown()[pri:0, instance:com.zenken.freshers.user.Projects@7b50df34]" started-at="2024-10-11T15:03:11 IST" name="tearDown" finished-at="2024-10-11T15:03:11 IST" duration-ms="241" status="PASS">
          <reporter-output>
          </reporter-output>
        </test-method> <!-- tearDown -->
        <test-method is-config="true" signature="setup(java.lang.reflect.Method)[pri:0, instance:com.zenken.freshers.user.Projects@7b50df34]" started-at="2024-10-11T15:03:11 IST" name="setup" finished-at="2024-10-11T15:03:12 IST" duration-ms="760" status="PASS">
          <params>
            <param index="0">
              <value>
                <![CDATA[public void com.zenken.freshers.user.Projects.verifyProjectTitleCharExceed()]]>
              </value>
            </param>
          </params>
          <reporter-output>
          </reporter-output>
        </test-method> <!-- setup -->
        <test-method is-config="true" signature="setUpTest()[pri:0, instance:com.zenken.freshers.user.Projects@7b50df34]" started-at="2024-10-11T15:03:12 IST" name="setUpTest" finished-at="2024-10-11T15:03:21 IST" duration-ms="8417" status="PASS">
          <reporter-output>
          </reporter-output>
        </test-method> <!-- setUpTest -->
        <test-method signature="verifyProjectTitleCharExceed()[pri:20, instance:com.zenken.freshers.user.Projects@7b50df34]" started-at="2024-10-11T15:03:21 IST" name="verifyProjectTitleCharExceed" description="This test verifies that validation error for maximum characters occurs: Project Title" finished-at="2024-10-11T15:03:24 IST" duration-ms="3087" status="PASS">
          <reporter-output>
          </reporter-output>
        </test-method> <!-- verifyProjectTitleCharExceed -->
        <test-method is-config="true" signature="tearDown()[pri:0, instance:com.zenken.freshers.user.Projects@7b50df34]" started-at="2024-10-11T15:03:24 IST" name="tearDown" finished-at="2024-10-11T15:03:24 IST" duration-ms="295" status="PASS">
          <reporter-output>
          </reporter-output>
        </test-method> <!-- tearDown -->
        <test-method is-config="true" signature="setup(java.lang.reflect.Method)[pri:0, instance:com.zenken.freshers.user.Projects@7b50df34]" started-at="2024-10-11T15:03:24 IST" name="setup" finished-at="2024-10-11T15:03:25 IST" duration-ms="854" status="PASS">
          <params>
            <param index="0">
              <value>
                <![CDATA[public void com.zenken.freshers.user.Projects.verifyBeforeEndDateError()]]>
              </value>
            </param>
          </params>
          <reporter-output>
          </reporter-output>
        </test-method> <!-- setup -->
        <test-method is-config="true" signature="setUpTest()[pri:0, instance:com.zenken.freshers.user.Projects@7b50df34]" started-at="2024-10-11T15:03:25 IST" name="setUpTest" finished-at="2024-10-11T15:03:38 IST" duration-ms="12977" status="PASS">
          <reporter-output>
          </reporter-output>
        </test-method> <!-- setUpTest -->
        <test-method signature="verifyBeforeEndDateError()[pri:21, instance:com.zenken.freshers.user.Projects@7b50df34]" started-at="2024-10-11T15:03:38 IST" name="verifyBeforeEndDateError" description="This test verifies that validation error occurs when end date selected is before the start date" finished-at="2024-10-11T15:03:41 IST" duration-ms="2860" status="PASS">
          <reporter-output>
          </reporter-output>
        </test-method> <!-- verifyBeforeEndDateError -->
        <test-method is-config="true" signature="tearDown()[pri:0, instance:com.zenken.freshers.user.Projects@7b50df34]" started-at="2024-10-11T15:03:41 IST" name="tearDown" finished-at="2024-10-11T15:03:41 IST" duration-ms="269" status="PASS">
          <reporter-output>
          </reporter-output>
        </test-method> <!-- tearDown -->
        <test-method is-config="true" signature="setup(java.lang.reflect.Method)[pri:0, instance:com.zenken.freshers.user.Projects@7b50df34]" started-at="2024-10-11T15:03:41 IST" name="setup" finished-at="2024-10-11T15:03:42 IST" duration-ms="716" status="PASS">
          <params>
            <param index="0">
              <value>
                <![CDATA[public void com.zenken.freshers.user.Projects.verifyProjectDetailsCharExceed()]]>
              </value>
            </param>
          </params>
          <reporter-output>
          </reporter-output>
        </test-method> <!-- setup -->
        <test-method is-config="true" signature="setUpTest()[pri:0, instance:com.zenken.freshers.user.Projects@7b50df34]" started-at="2024-10-11T15:03:42 IST" name="setUpTest" finished-at="2024-10-11T15:03:56 IST" duration-ms="14018" status="PASS">
          <reporter-output>
          </reporter-output>
        </test-method> <!-- setUpTest -->
        <test-method signature="verifyProjectDetailsCharExceed()[pri:22, instance:com.zenken.freshers.user.Projects@7b50df34]" started-at="2024-10-11T15:03:56 IST" name="verifyProjectDetailsCharExceed" description="This test verifies that validation error for maximum characters occurs: Project Overview" finished-at="2024-10-11T15:04:00 IST" duration-ms="4325" status="PASS">
          <reporter-output>
          </reporter-output>
        </test-method> <!-- verifyProjectDetailsCharExceed -->
        <test-method is-config="true" signature="tearDown()[pri:0, instance:com.zenken.freshers.user.Projects@7b50df34]" started-at="2024-10-11T15:04:00 IST" name="tearDown" finished-at="2024-10-11T15:04:00 IST" duration-ms="211" status="PASS">
          <reporter-output>
          </reporter-output>
        </test-method> <!-- tearDown -->
        <test-method is-config="true" signature="setup(java.lang.reflect.Method)[pri:0, instance:com.zenken.freshers.user.Projects@7b50df34]" started-at="2024-10-11T15:04:00 IST" name="setup" finished-at="2024-10-11T15:04:01 IST" duration-ms="856" status="PASS">
          <params>
            <param index="0">
              <value>
                <![CDATA[public void com.zenken.freshers.user.Projects.verifyInvalidProjectLinkError()]]>
              </value>
            </param>
          </params>
          <reporter-output>
          </reporter-output>
        </test-method> <!-- setup -->
        <test-method is-config="true" signature="setUpTest()[pri:0, instance:com.zenken.freshers.user.Projects@7b50df34]" started-at="2024-10-11T15:04:01 IST" name="setUpTest" finished-at="2024-10-11T15:04:08 IST" duration-ms="6453" status="PASS">
          <reporter-output>
          </reporter-output>
        </test-method> <!-- setUpTest -->
        <test-method signature="verifyInvalidProjectLinkError()[pri:23, instance:com.zenken.freshers.user.Projects@7b50df34]" started-at="2024-10-11T15:04:08 IST" name="verifyInvalidProjectLinkError" description="This test verifies that validation error for invalid project link occurs" finished-at="2024-10-11T15:04:10 IST" duration-ms="2396" status="PASS">
          <reporter-output>
          </reporter-output>
        </test-method> <!-- verifyInvalidProjectLinkError -->
        <test-method is-config="true" signature="tearDown()[pri:0, instance:com.zenken.freshers.user.Projects@7b50df34]" started-at="2024-10-11T15:04:10 IST" name="tearDown" finished-at="2024-10-11T15:04:10 IST" duration-ms="209" status="PASS">
          <reporter-output>
          </reporter-output>
        </test-method> <!-- tearDown -->
        <test-method is-config="true" signature="setup(java.lang.reflect.Method)[pri:0, instance:com.zenken.freshers.user.Projects@7b50df34]" started-at="2024-10-11T15:04:10 IST" name="setup" finished-at="2024-10-11T15:04:11 IST" duration-ms="759" status="PASS">
          <params>
            <param index="0">
              <value>
                <![CDATA[public void com.zenken.freshers.user.Projects.verifyProjectLinkCharExceed()]]>
              </value>
            </param>
          </params>
          <reporter-output>
          </reporter-output>
        </test-method> <!-- setup -->
        <test-method is-config="true" signature="setUpTest()[pri:0, instance:com.zenken.freshers.user.Projects@7b50df34]" started-at="2024-10-11T15:04:11 IST" name="setUpTest" finished-at="2024-10-11T15:04:17 IST" duration-ms="6233" status="PASS">
          <reporter-output>
          </reporter-output>
        </test-method> <!-- setUpTest -->
        <test-method signature="verifyProjectLinkCharExceed()[pri:24, instance:com.zenken.freshers.user.Projects@7b50df34]" started-at="2024-10-11T15:04:17 IST" name="verifyProjectLinkCharExceed" description="The test verifies that validation error for maximum characters occurs: Project Link" finished-at="2024-10-11T15:04:20 IST" duration-ms="3036" status="PASS">
          <reporter-output>
          </reporter-output>
        </test-method> <!-- verifyProjectLinkCharExceed -->
        <test-method is-config="true" signature="tearDown()[pri:0, instance:com.zenken.freshers.user.Projects@7b50df34]" started-at="2024-10-11T15:04:20 IST" name="tearDown" finished-at="2024-10-11T15:04:20 IST" duration-ms="231" status="PASS">
          <reporter-output>
          </reporter-output>
        </test-method> <!-- tearDown -->
        <test-method is-config="true" signature="setup(java.lang.reflect.Method)[pri:0, instance:com.zenken.freshers.user.Projects@7b50df34]" started-at="2024-10-11T15:04:20 IST" name="setup" finished-at="2024-10-11T15:04:21 IST" duration-ms="835" status="PASS">
          <params>
            <param index="0">
              <value>
                <![CDATA[public void com.zenken.freshers.user.Projects.verifyProjectTitleRequired()]]>
              </value>
            </param>
          </params>
          <reporter-output>
          </reporter-output>
        </test-method> <!-- setup -->
        <test-method is-config="true" signature="setUpTest()[pri:0, instance:com.zenken.freshers.user.Projects@7b50df34]" started-at="2024-10-11T15:04:21 IST" name="setUpTest" finished-at="2024-10-11T15:04:27 IST" duration-ms="6241" status="PASS">
          <reporter-output>
          </reporter-output>
        </test-method> <!-- setUpTest -->
        <test-method signature="verifyProjectTitleRequired()[pri:25, instance:com.zenken.freshers.user.Projects@7b50df34]" started-at="2024-10-11T15:04:27 IST" name="verifyProjectTitleRequired" description="This test verifies that validation error for required to save field occurs: Project Title" finished-at="2024-10-11T15:04:30 IST" duration-ms="2816" status="PASS">
          <reporter-output>
          </reporter-output>
        </test-method> <!-- verifyProjectTitleRequired -->
        <test-method is-config="true" signature="tearDown()[pri:0, instance:com.zenken.freshers.user.Projects@7b50df34]" started-at="2024-10-11T15:04:30 IST" name="tearDown" finished-at="2024-10-11T15:04:31 IST" duration-ms="244" status="PASS">
          <reporter-output>
          </reporter-output>
        </test-method> <!-- tearDown -->
        <test-method is-config="true" signature="setup(java.lang.reflect.Method)[pri:0, instance:com.zenken.freshers.user.Projects@7b50df34]" started-at="2024-10-11T15:04:31 IST" name="setup" finished-at="2024-10-11T15:04:31 IST" duration-ms="856" status="PASS">
          <params>
            <param index="0">
              <value>
                <![CDATA[public void com.zenken.freshers.user.Projects.verifyStartMonthRequired()]]>
              </value>
            </param>
          </params>
          <reporter-output>
          </reporter-output>
        </test-method> <!-- setup -->
        <test-method is-config="true" signature="setUpTest()[pri:0, instance:com.zenken.freshers.user.Projects@7b50df34]" started-at="2024-10-11T15:04:31 IST" name="setUpTest" finished-at="2024-10-11T15:04:37 IST" duration-ms="6112" status="PASS">
          <reporter-output>
          </reporter-output>
        </test-method> <!-- setUpTest -->
        <test-method signature="verifyStartMonthRequired()[pri:26, instance:com.zenken.freshers.user.Projects@7b50df34]" started-at="2024-10-11T15:04:37 IST" name="verifyStartMonthRequired" description="This test verifies that validation error for required to save field occurs: Start Month" finished-at="2024-10-11T15:04:40 IST" duration-ms="2739" status="PASS">
          <reporter-output>
          </reporter-output>
        </test-method> <!-- verifyStartMonthRequired -->
        <test-method is-config="true" signature="tearDown()[pri:0, instance:com.zenken.freshers.user.Projects@7b50df34]" started-at="2024-10-11T15:04:40 IST" name="tearDown" finished-at="2024-10-11T15:04:40 IST" duration-ms="179" status="PASS">
          <reporter-output>
          </reporter-output>
        </test-method> <!-- tearDown -->
        <test-method is-config="true" signature="setup(java.lang.reflect.Method)[pri:0, instance:com.zenken.freshers.user.Projects@7b50df34]" started-at="2024-10-11T15:04:40 IST" name="setup" finished-at="2024-10-11T15:04:41 IST" duration-ms="849" status="PASS">
          <params>
            <param index="0">
              <value>
                <![CDATA[public void com.zenken.freshers.user.Projects.verifyStartYearRequired()]]>
              </value>
            </param>
          </params>
          <reporter-output>
          </reporter-output>
        </test-method> <!-- setup -->
        <test-method is-config="true" signature="setUpTest()[pri:0, instance:com.zenken.freshers.user.Projects@7b50df34]" started-at="2024-10-11T15:04:41 IST" name="setUpTest" finished-at="2024-10-11T15:04:48 IST" duration-ms="6384" status="PASS">
          <reporter-output>
          </reporter-output>
        </test-method> <!-- setUpTest -->
        <test-method signature="verifyStartYearRequired()[pri:27, instance:com.zenken.freshers.user.Projects@7b50df34]" started-at="2024-10-11T15:04:48 IST" name="verifyStartYearRequired" description="This test verifies that validation error for required to save field occurs: Start Year" finished-at="2024-10-11T15:04:50 IST" duration-ms="2729" status="PASS">
          <reporter-output>
          </reporter-output>
        </test-method> <!-- verifyStartYearRequired -->
        <test-method is-config="true" signature="tearDown()[pri:0, instance:com.zenken.freshers.user.Projects@7b50df34]" started-at="2024-10-11T15:04:50 IST" name="tearDown" finished-at="2024-10-11T15:04:51 IST" duration-ms="241" status="PASS">
          <reporter-output>
          </reporter-output>
        </test-method> <!-- tearDown -->
        <test-method is-config="true" signature="setup(java.lang.reflect.Method)[pri:0, instance:com.zenken.freshers.user.Projects@7b50df34]" started-at="2024-10-11T15:04:51 IST" name="setup" finished-at="2024-10-11T15:04:52 IST" duration-ms="904" status="PASS">
          <params>
            <param index="0">
              <value>
                <![CDATA[public void com.zenken.freshers.user.Projects.verifyEndMonthRequired()]]>
              </value>
            </param>
          </params>
          <reporter-output>
          </reporter-output>
        </test-method> <!-- setup -->
        <test-method is-config="true" signature="setUpTest()[pri:0, instance:com.zenken.freshers.user.Projects@7b50df34]" started-at="2024-10-11T15:04:52 IST" name="setUpTest" finished-at="2024-10-11T15:04:58 IST" duration-ms="6203" status="PASS">
          <reporter-output>
          </reporter-output>
        </test-method> <!-- setUpTest -->
        <test-method signature="verifyEndMonthRequired()[pri:28, instance:com.zenken.freshers.user.Projects@7b50df34]" started-at="2024-10-11T15:04:58 IST" name="verifyEndMonthRequired" description="This test verifies that validation error for required to save field occurs: End Month" finished-at="2024-10-11T15:05:00 IST" duration-ms="2668" status="PASS">
          <reporter-output>
          </reporter-output>
        </test-method> <!-- verifyEndMonthRequired -->
        <test-method is-config="true" signature="tearDown()[pri:0, instance:com.zenken.freshers.user.Projects@7b50df34]" started-at="2024-10-11T15:05:00 IST" name="tearDown" finished-at="2024-10-11T15:05:01 IST" duration-ms="222" status="PASS">
          <reporter-output>
          </reporter-output>
        </test-method> <!-- tearDown -->
        <test-method is-config="true" signature="setup(java.lang.reflect.Method)[pri:0, instance:com.zenken.freshers.user.Projects@7b50df34]" started-at="2024-10-11T15:05:01 IST" name="setup" finished-at="2024-10-11T15:05:01 IST" duration-ms="727" status="PASS">
          <params>
            <param index="0">
              <value>
                <![CDATA[public void com.zenken.freshers.user.Projects.verifyEndYearRequired()]]>
              </value>
            </param>
          </params>
          <reporter-output>
          </reporter-output>
        </test-method> <!-- setup -->
        <test-method is-config="true" signature="setUpTest()[pri:0, instance:com.zenken.freshers.user.Projects@7b50df34]" started-at="2024-10-11T15:05:01 IST" name="setUpTest" finished-at="2024-10-11T15:05:08 IST" duration-ms="6823" status="PASS">
          <reporter-output>
          </reporter-output>
        </test-method> <!-- setUpTest -->
        <test-method signature="verifyEndYearRequired()[pri:29, instance:com.zenken.freshers.user.Projects@7b50df34]" started-at="2024-10-11T15:05:08 IST" name="verifyEndYearRequired" description="This test verifies that validation error for required to save field occurs: End Year" finished-at="2024-10-11T15:05:11 IST" duration-ms="3091" status="PASS">
          <reporter-output>
          </reporter-output>
        </test-method> <!-- verifyEndYearRequired -->
        <test-method is-config="true" signature="tearDown()[pri:0, instance:com.zenken.freshers.user.Projects@7b50df34]" started-at="2024-10-11T15:05:11 IST" name="tearDown" finished-at="2024-10-11T15:05:12 IST" duration-ms="311" status="PASS">
          <reporter-output>
          </reporter-output>
        </test-method> <!-- tearDown -->
        <test-method is-config="true" signature="setup(java.lang.reflect.Method)[pri:0, instance:com.zenken.freshers.user.Projects@7b50df34]" started-at="2024-10-11T15:05:12 IST" name="setup" finished-at="2024-10-11T15:05:12 IST" duration-ms="810" status="PASS">
          <params>
            <param index="0">
              <value>
                <![CDATA[public void com.zenken.freshers.user.Projects.verifyInvalidFileFormat()]]>
              </value>
            </param>
          </params>
          <reporter-output>
          </reporter-output>
        </test-method> <!-- setup -->
        <test-method is-config="true" signature="setUpTest()[pri:0, instance:com.zenken.freshers.user.Projects@7b50df34]" started-at="2024-10-11T15:05:12 IST" name="setUpTest" finished-at="2024-10-11T15:05:19 IST" duration-ms="6261" status="PASS">
          <reporter-output>
          </reporter-output>
        </test-method> <!-- setUpTest -->
        <test-method signature="verifyInvalidFileFormat()[pri:30, instance:com.zenken.freshers.user.Projects@7b50df34]" started-at="2024-10-11T15:05:19 IST" name="verifyInvalidFileFormat" description="This test verifies that validation error for invalid file format occurs" finished-at="2024-10-11T15:05:23 IST" duration-ms="4129" status="PASS">
          <reporter-output>
          </reporter-output>
        </test-method> <!-- verifyInvalidFileFormat -->
        <test-method is-config="true" signature="tearDown()[pri:0, instance:com.zenken.freshers.user.Projects@7b50df34]" started-at="2024-10-11T15:05:23 IST" name="tearDown" finished-at="2024-10-11T15:05:23 IST" duration-ms="268" status="PASS">
          <reporter-output>
          </reporter-output>
        </test-method> <!-- tearDown -->
        <test-method is-config="true" signature="setup(java.lang.reflect.Method)[pri:0, instance:com.zenken.freshers.user.Projects@7b50df34]" started-at="2024-10-11T15:05:23 IST" name="setup" finished-at="2024-10-11T15:05:24 IST" duration-ms="831" status="PASS">
          <params>
            <param index="0">
              <value>
                <![CDATA[public void com.zenken.freshers.user.Projects.verifyInvalidFileSize()]]>
              </value>
            </param>
          </params>
          <reporter-output>
          </reporter-output>
        </test-method> <!-- setup -->
        <test-method is-config="true" signature="setUpTest()[pri:0, instance:com.zenken.freshers.user.Projects@7b50df34]" started-at="2024-10-11T15:05:24 IST" name="setUpTest" finished-at="2024-10-11T15:05:30 IST" duration-ms="6255" status="PASS">
          <reporter-output>
          </reporter-output>
        </test-method> <!-- setUpTest -->
        <test-method signature="verifyInvalidFileSize()[pri:31, instance:com.zenken.freshers.user.Projects@7b50df34]" started-at="2024-10-11T15:05:30 IST" name="verifyInvalidFileSize" description="This test verifies that validation error for invalid size for project file occurs" finished-at="2024-10-11T15:05:35 IST" duration-ms="5059" status="PASS">
          <reporter-output>
          </reporter-output>
        </test-method> <!-- verifyInvalidFileSize -->
        <test-method is-config="true" signature="tearDown()[pri:0, instance:com.zenken.freshers.user.Projects@7b50df34]" started-at="2024-10-11T15:05:35 IST" name="tearDown" finished-at="2024-10-11T15:05:35 IST" duration-ms="253" status="PASS">
          <reporter-output>
          </reporter-output>
        </test-method> <!-- tearDown -->
        <test-method is-config="true" signature="setup(java.lang.reflect.Method)[pri:0, instance:com.zenken.freshers.user.Projects@7b50df34]" started-at="2024-10-11T15:05:35 IST" name="setup" finished-at="2024-10-11T15:05:36 IST" duration-ms="839" status="PASS">
          <params>
            <param index="0">
              <value>
                <![CDATA[public void com.zenken.freshers.user.Projects.verifyProjectCancelNewRed()]]>
              </value>
            </param>
          </params>
          <reporter-output>
          </reporter-output>
        </test-method> <!-- setup -->
        <test-method is-config="true" signature="setUpTest()[pri:0, instance:com.zenken.freshers.user.Projects@7b50df34]" started-at="2024-10-11T15:05:36 IST" name="setUpTest" finished-at="2024-10-11T15:05:42 IST" duration-ms="6105" status="PASS">
          <reporter-output>
          </reporter-output>
        </test-method> <!-- setUpTest -->
        <test-method signature="verifyProjectCancelNewRed()[pri:32, instance:com.zenken.freshers.user.Projects@7b50df34]" started-at="2024-10-11T15:05:42 IST" name="verifyProjectCancelNewRed" description="This test verifies that &#039;Cancel&#039; from New Project redirectes user to preview page " finished-at="2024-10-11T15:05:44 IST" duration-ms="2074" status="PASS">
          <reporter-output>
          </reporter-output>
        </test-method> <!-- verifyProjectCancelNewRed -->
        <test-method is-config="true" signature="tearDown()[pri:0, instance:com.zenken.freshers.user.Projects@7b50df34]" started-at="2024-10-11T15:05:44 IST" name="tearDown" finished-at="2024-10-11T15:05:45 IST" duration-ms="210" status="PASS">
          <reporter-output>
          </reporter-output>
        </test-method> <!-- tearDown -->
        <test-method is-config="true" signature="setup(java.lang.reflect.Method)[pri:0, instance:com.zenken.freshers.user.Projects@7b50df34]" started-at="2024-10-11T15:05:45 IST" name="setup" finished-at="2024-10-11T15:05:45 IST" duration-ms="770" status="PASS">
          <params>
            <param index="0">
              <value>
                <![CDATA[public void com.zenken.freshers.user.Projects.verifyMaxFilesUpload()]]>
              </value>
            </param>
          </params>
          <reporter-output>
          </reporter-output>
        </test-method> <!-- setup -->
        <test-method is-config="true" signature="setUpTest()[pri:0, instance:com.zenken.freshers.user.Projects@7b50df34]" started-at="2024-10-11T15:05:45 IST" name="setUpTest" finished-at="2024-10-11T15:05:52 IST" duration-ms="6471" status="PASS">
          <reporter-output>
          </reporter-output>
        </test-method> <!-- setUpTest -->
        <test-method signature="verifyMaxFilesUpload()[pri:33, instance:com.zenken.freshers.user.Projects@7b50df34]" started-at="2024-10-11T15:05:52 IST" name="verifyMaxFilesUpload" description="This test verifies that &#039;Select From Files&#039; button turns inactive once five files are uploaded" finished-at="2024-10-11T15:06:10 IST" duration-ms="17955" status="PASS">
          <reporter-output>
          </reporter-output>
        </test-method> <!-- verifyMaxFilesUpload -->
        <test-method is-config="true" signature="tearDown()[pri:0, instance:com.zenken.freshers.user.Projects@7b50df34]" started-at="2024-10-11T15:06:10 IST" name="tearDown" finished-at="2024-10-11T15:06:10 IST" duration-ms="299" status="PASS">
          <reporter-output>
          </reporter-output>
        </test-method> <!-- tearDown -->
        <test-method is-config="true" signature="setup(java.lang.reflect.Method)[pri:0, instance:com.zenken.freshers.user.Projects@7b50df34]" started-at="2024-10-11T15:06:10 IST" name="setup" finished-at="2024-10-11T15:06:11 IST" duration-ms="811" status="PASS">
          <params>
            <param index="0">
              <value>
                <![CDATA[public void com.zenken.freshers.user.Projects.verifyProjectCancelEditRed()]]>
              </value>
            </param>
          </params>
          <reporter-output>
          </reporter-output>
        </test-method> <!-- setup -->
        <test-method is-config="true" signature="setUpTest()[pri:0, instance:com.zenken.freshers.user.Projects@7b50df34]" started-at="2024-10-11T15:06:11 IST" name="setUpTest" finished-at="2024-10-11T15:06:17 IST" duration-ms="6032" status="PASS">
          <reporter-output>
          </reporter-output>
        </test-method> <!-- setUpTest -->
        <test-method signature="verifyProjectCancelEditRed()[pri:34, instance:com.zenken.freshers.user.Projects@7b50df34]" started-at="2024-10-11T15:06:17 IST" name="verifyProjectCancelEditRed" description="This test verifies that &#039;Cancel&#039; from Edit Project redirectes user to preview page" finished-at="2024-10-11T15:06:19 IST" duration-ms="2378" status="PASS">
          <reporter-output>
          </reporter-output>
        </test-method> <!-- verifyProjectCancelEditRed -->
        <test-method is-config="true" signature="tearDown()[pri:0, instance:com.zenken.freshers.user.Projects@7b50df34]" started-at="2024-10-11T15:06:19 IST" name="tearDown" finished-at="2024-10-11T15:06:20 IST" duration-ms="165" status="PASS">
          <reporter-output>
          </reporter-output>
        </test-method> <!-- tearDown -->
      </class> <!-- com.zenken.freshers.user.Projects -->
    </test> <!-- Test -->
  </suite> <!-- Suite -->
</testng-results>
