<?xml version="1.0" encoding="UTF-8"?>
<testng-results ignored="0" total="1" passed="1" failed="0" skipped="0">
  <reporter-output>
  </reporter-output>
  <suite started-at="2024-10-08T10:10:44 IST" name="Default suite" finished-at="2024-10-08T10:10:55 IST" duration-ms="11282">
    <groups>
    </groups>
    <test started-at="2024-10-08T10:10:44 IST" name="Default test" finished-at="2024-10-08T10:10:55 IST" duration-ms="11282">
      <class name="com.zenken.freshers.user.Projects">
        <test-method is-config="true" signature="setup(java.lang.reflect.Method)[pri:0, instance:com.zenken.freshers.user.Projects@70325e14]" started-at="2024-10-08T10:10:44 IST" name="setup" finished-at="2024-10-08T10:10:46 IST" duration-ms="1475" status="PASS">
          <params>
            <param index="0">
              <value>
                <![CDATA[public void com.zenken.freshers.user.Projects.verifyProjectCancelEditRed()]]>
              </value>
            </param>
          </params>
          <reporter-output>
          </reporter-output>
        </test-method> <!-- setup -->
        <test-method is-config="true" signature="setUpTest()[pri:0, instance:com.zenken.freshers.user.Projects@70325e14]" started-at="2024-10-08T10:10:46 IST" name="setUpTest" finished-at="2024-10-08T10:10:52 IST" duration-ms="6633" status="PASS">
          <reporter-output>
          </reporter-output>
        </test-method> <!-- setUpTest -->
        <test-method signature="verifyProjectCancelEditRed()[pri:0, instance:com.zenken.freshers.user.Projects@70325e14]" started-at="2024-10-08T10:10:52 IST" name="verifyProjectCancelEditRed" finished-at="2024-10-08T10:10:55 IST" duration-ms="2661" status="PASS">
          <reporter-output>
          </reporter-output>
        </test-method> <!-- verifyProjectCancelEditRed -->
        <test-method is-config="true" signature="tearDown()[pri:0, instance:com.zenken.freshers.user.Projects@70325e14]" started-at="2024-10-08T10:10:55 IST" name="tearDown" finished-at="2024-10-08T10:10:55 IST" duration-ms="443" status="PASS">
          <reporter-output>
          </reporter-output>
        </test-method> <!-- tearDown -->
      </class> <!-- com.zenken.freshers.user.Projects -->
    </test> <!-- Default test -->
  </suite> <!-- Default suite -->
</testng-results>
