<?xml version="1.0" encoding="UTF-8"?>
<testng-results ignored="0" total="11" passed="11" failed="0" skipped="0">
  <reporter-output>
  </reporter-output>
  <suite started-at="2024-10-23T14:36:12 IST" name="Suite" finished-at="2024-10-23T14:38:35 IST" duration-ms="143070">
    <groups>
    </groups>
    <test started-at="2024-10-23T14:36:12 IST" name="Test" finished-at="2024-10-23T14:38:35 IST" duration-ms="143070">
      <class name="com.zenken.freshers.user.JapanesePlacementConsentForm">
        <test-method is-config="true" signature="setup(java.lang.reflect.Method)[pri:0, instance:com.zenken.freshers.user.JapanesePlacementConsentForm@b86de0d]" started-at="2024-10-23T14:36:12 IST" name="setup" finished-at="2024-10-23T14:36:14 IST" duration-ms="1557" status="PASS">
          <params>
            <param index="0">
              <value>
                <![CDATA[public void com.zenken.freshers.user.JapanesePlacementConsentForm.verifyConsentFormUrl()]]>
              </value>
            </param>
          </params>
          <reporter-output>
          </reporter-output>
        </test-method> <!-- setup -->
        <test-method is-config="true" signature="setUpTest()[pri:0, instance:com.zenken.freshers.user.JapanesePlacementConsentForm@b86de0d]" started-at="2024-10-23T14:36:14 IST" name="setUpTest" finished-at="2024-10-23T14:36:20 IST" duration-ms="6519" status="PASS">
          <reporter-output>
          </reporter-output>
        </test-method> <!-- setUpTest -->
        <test-method signature="verifyConsentFormUrl()[pri:1, instance:com.zenken.freshers.user.JapanesePlacementConsentForm@b86de0d]" started-at="2024-10-23T14:36:20 IST" name="verifyConsentFormUrl" description="This test verifies that user is redirected to &#039;Japanese Placement Consent Form&#039; URL" finished-at="2024-10-23T14:36:21 IST" duration-ms="852" status="PASS">
          <reporter-output>
          </reporter-output>
        </test-method> <!-- verifyConsentFormUrl -->
        <test-method is-config="true" signature="tearDown()[pri:0, instance:com.zenken.freshers.user.JapanesePlacementConsentForm@b86de0d]" started-at="2024-10-23T14:36:21 IST" name="tearDown" finished-at="2024-10-23T14:36:21 IST" duration-ms="298" status="PASS">
          <reporter-output>
          </reporter-output>
        </test-method> <!-- tearDown -->
        <test-method is-config="true" signature="setup(java.lang.reflect.Method)[pri:0, instance:com.zenken.freshers.user.JapanesePlacementConsentForm@b86de0d]" started-at="2024-10-23T14:36:21 IST" name="setup" finished-at="2024-10-23T14:36:22 IST" duration-ms="1032" status="PASS">
          <params>
            <param index="0">
              <value>
                <![CDATA[public void com.zenken.freshers.user.JapanesePlacementConsentForm.verifyConsentFormTitle()]]>
              </value>
            </param>
          </params>
          <reporter-output>
          </reporter-output>
        </test-method> <!-- setup -->
        <test-method is-config="true" signature="setUpTest()[pri:0, instance:com.zenken.freshers.user.JapanesePlacementConsentForm@b86de0d]" started-at="2024-10-23T14:36:22 IST" name="setUpTest" finished-at="2024-10-23T14:36:29 IST" duration-ms="6236" status="PASS">
          <reporter-output>
          </reporter-output>
        </test-method> <!-- setUpTest -->
        <test-method signature="verifyConsentFormTitle()[pri:2, instance:com.zenken.freshers.user.JapanesePlacementConsentForm@b86de0d]" started-at="2024-10-23T14:36:29 IST" name="verifyConsentFormTitle" description="This test verifies that the Japanese Placement Consent Form page title is correct" finished-at="2024-10-23T14:36:29 IST" duration-ms="745" status="PASS">
          <reporter-output>
          </reporter-output>
        </test-method> <!-- verifyConsentFormTitle -->
        <test-method is-config="true" signature="tearDown()[pri:0, instance:com.zenken.freshers.user.JapanesePlacementConsentForm@b86de0d]" started-at="2024-10-23T14:36:29 IST" name="tearDown" finished-at="2024-10-23T14:36:29 IST" duration-ms="179" status="PASS">
          <reporter-output>
          </reporter-output>
        </test-method> <!-- tearDown -->
        <test-method is-config="true" signature="setup(java.lang.reflect.Method)[pri:0, instance:com.zenken.freshers.user.JapanesePlacementConsentForm@b86de0d]" started-at="2024-10-23T14:36:29 IST" name="setup" finished-at="2024-10-23T14:36:30 IST" duration-ms="775" status="PASS">
          <params>
            <param index="0">
              <value>
                <![CDATA[public void com.zenken.freshers.user.JapanesePlacementConsentForm.verifyIsCFSaved()]]>
              </value>
            </param>
          </params>
          <reporter-output>
          </reporter-output>
        </test-method> <!-- setup -->
        <test-method is-config="true" signature="setUpTest()[pri:0, instance:com.zenken.freshers.user.JapanesePlacementConsentForm@b86de0d]" started-at="2024-10-23T14:36:30 IST" name="setUpTest" finished-at="2024-10-23T14:36:37 IST" duration-ms="6588" status="PASS">
          <reporter-output>
          </reporter-output>
        </test-method> <!-- setUpTest -->
        <test-method signature="verifyIsCFSaved()[pri:3, instance:com.zenken.freshers.user.JapanesePlacementConsentForm@b86de0d]" started-at="2024-10-23T14:36:37 IST" name="verifyIsCFSaved" description="This test verifies that Consent Form is saved when checkbox is selected" finished-at="2024-10-23T14:36:40 IST" duration-ms="2919" status="PASS">
          <reporter-output>
          </reporter-output>
        </test-method> <!-- verifyIsCFSaved -->
        <test-method is-config="true" signature="tearDown()[pri:0, instance:com.zenken.freshers.user.JapanesePlacementConsentForm@b86de0d]" started-at="2024-10-23T14:36:40 IST" name="tearDown" finished-at="2024-10-23T14:36:40 IST" duration-ms="230" status="PASS">
          <reporter-output>
          </reporter-output>
        </test-method> <!-- tearDown -->
        <test-method is-config="true" signature="setup(java.lang.reflect.Method)[pri:0, instance:com.zenken.freshers.user.JapanesePlacementConsentForm@b86de0d]" started-at="2024-10-23T14:36:40 IST" name="setup" finished-at="2024-10-23T14:36:41 IST" duration-ms="1016" status="PASS">
          <params>
            <param index="0">
              <value>
                <![CDATA[public void com.zenken.freshers.user.JapanesePlacementConsentForm.verifyConsentFormDL()]]>
              </value>
            </param>
          </params>
          <reporter-output>
          </reporter-output>
        </test-method> <!-- setup -->
        <test-method is-config="true" signature="setUpTest()[pri:0, instance:com.zenken.freshers.user.JapanesePlacementConsentForm@b86de0d]" started-at="2024-10-23T14:36:41 IST" name="setUpTest" finished-at="2024-10-23T14:36:47 IST" duration-ms="6025" status="PASS">
          <reporter-output>
          </reporter-output>
        </test-method> <!-- setUpTest -->
        <test-method signature="verifyConsentFormDL()[pri:4, instance:com.zenken.freshers.user.JapanesePlacementConsentForm@b86de0d]" started-at="2024-10-23T14:36:47 IST" name="verifyConsentFormDL" description="This test verifies that consent form can be downloaded successfully" finished-at="2024-10-23T14:36:49 IST" duration-ms="1506" status="PASS">
          <reporter-output>
          </reporter-output>
        </test-method> <!-- verifyConsentFormDL -->
        <test-method is-config="true" signature="tearDown()[pri:0, instance:com.zenken.freshers.user.JapanesePlacementConsentForm@b86de0d]" started-at="2024-10-23T14:36:49 IST" name="tearDown" finished-at="2024-10-23T14:36:49 IST" duration-ms="234" status="PASS">
          <reporter-output>
          </reporter-output>
        </test-method> <!-- tearDown -->
        <test-method is-config="true" signature="setup(java.lang.reflect.Method)[pri:0, instance:com.zenken.freshers.user.JapanesePlacementConsentForm@b86de0d]" started-at="2024-10-23T14:36:49 IST" name="setup" finished-at="2024-10-23T14:36:50 IST" duration-ms="925" status="PASS">
          <params>
            <param index="0">
              <value>
                <![CDATA[public void com.zenken.freshers.user.JapanesePlacementConsentForm.verifyCFUploadAndDl() throws java.lang.InterruptedException]]>
              </value>
            </param>
          </params>
          <reporter-output>
          </reporter-output>
        </test-method> <!-- setup -->
        <test-method is-config="true" signature="setUpTest()[pri:0, instance:com.zenken.freshers.user.JapanesePlacementConsentForm@b86de0d]" started-at="2024-10-23T14:36:50 IST" name="setUpTest" finished-at="2024-10-23T14:36:58 IST" duration-ms="8020" status="PASS">
          <reporter-output>
          </reporter-output>
        </test-method> <!-- setUpTest -->
        <test-method signature="verifyCFUploadAndDl()[pri:5, instance:com.zenken.freshers.user.JapanesePlacementConsentForm@b86de0d]" started-at="2024-10-23T14:36:58 IST" name="verifyCFUploadAndDl" description="This test verifies that consent form can be uploaded and can be downloaded from preview page" finished-at="2024-10-23T14:37:30 IST" duration-ms="31987" status="PASS">
          <reporter-output>
          </reporter-output>
        </test-method> <!-- verifyCFUploadAndDl -->
        <test-method is-config="true" signature="tearDown()[pri:0, instance:com.zenken.freshers.user.JapanesePlacementConsentForm@b86de0d]" started-at="2024-10-23T14:37:30 IST" name="tearDown" finished-at="2024-10-23T14:37:30 IST" duration-ms="314" status="PASS">
          <reporter-output>
          </reporter-output>
        </test-method> <!-- tearDown -->
        <test-method is-config="true" signature="setup(java.lang.reflect.Method)[pri:0, instance:com.zenken.freshers.user.JapanesePlacementConsentForm@b86de0d]" started-at="2024-10-23T14:37:30 IST" name="setup" finished-at="2024-10-23T14:37:31 IST" duration-ms="892" status="PASS">
          <params>
            <param index="0">
              <value>
                <![CDATA[public void com.zenken.freshers.user.JapanesePlacementConsentForm.verifyConsentFormDelete()]]>
              </value>
            </param>
          </params>
          <reporter-output>
          </reporter-output>
        </test-method> <!-- setup -->
        <test-method is-config="true" signature="setUpTest()[pri:0, instance:com.zenken.freshers.user.JapanesePlacementConsentForm@b86de0d]" started-at="2024-10-23T14:37:31 IST" name="setUpTest" finished-at="2024-10-23T14:37:38 IST" duration-ms="6691" status="PASS">
          <reporter-output>
          </reporter-output>
        </test-method> <!-- setUpTest -->
        <test-method signature="verifyConsentFormDelete()[pri:6, instance:com.zenken.freshers.user.JapanesePlacementConsentForm@b86de0d]" started-at="2024-10-23T14:37:38 IST" name="verifyConsentFormDelete" description="This test verifies that the consent form can be deleted" finished-at="2024-10-23T14:37:40 IST" duration-ms="2320" status="PASS">
          <reporter-output>
          </reporter-output>
        </test-method> <!-- verifyConsentFormDelete -->
        <test-method is-config="true" signature="tearDown()[pri:0, instance:com.zenken.freshers.user.JapanesePlacementConsentForm@b86de0d]" started-at="2024-10-23T14:37:40 IST" name="tearDown" finished-at="2024-10-23T14:37:40 IST" duration-ms="184" status="PASS">
          <reporter-output>
          </reporter-output>
        </test-method> <!-- tearDown -->
        <test-method is-config="true" signature="setup(java.lang.reflect.Method)[pri:0, instance:com.zenken.freshers.user.JapanesePlacementConsentForm@b86de0d]" started-at="2024-10-23T14:37:40 IST" name="setup" finished-at="2024-10-23T14:37:41 IST" duration-ms="795" status="PASS">
          <params>
            <param index="0">
              <value>
                <![CDATA[public void com.zenken.freshers.user.JapanesePlacementConsentForm.verifyCFReqToApply()]]>
              </value>
            </param>
          </params>
          <reporter-output>
          </reporter-output>
        </test-method> <!-- setup -->
        <test-method is-config="true" signature="setUpTest()[pri:0, instance:com.zenken.freshers.user.JapanesePlacementConsentForm@b86de0d]" started-at="2024-10-23T14:37:41 IST" name="setUpTest" finished-at="2024-10-23T14:37:47 IST" duration-ms="6465" status="PASS">
          <reporter-output>
          </reporter-output>
        </test-method> <!-- setUpTest -->
        <test-method signature="verifyCFReqToApply()[pri:7, instance:com.zenken.freshers.user.JapanesePlacementConsentForm@b86de0d]" started-at="2024-10-23T14:37:47 IST" name="verifyCFReqToApply" description="This test verifies that &#039;Required to apply&#039; text is displayed for consent form after it is deleted" finished-at="2024-10-23T14:37:48 IST" duration-ms="825" status="PASS">
          <reporter-output>
          </reporter-output>
        </test-method> <!-- verifyCFReqToApply -->
        <test-method is-config="true" signature="tearDown()[pri:0, instance:com.zenken.freshers.user.JapanesePlacementConsentForm@b86de0d]" started-at="2024-10-23T14:37:48 IST" name="tearDown" finished-at="2024-10-23T14:37:48 IST" duration-ms="224" status="PASS">
          <reporter-output>
          </reporter-output>
        </test-method> <!-- tearDown -->
        <test-method is-config="true" signature="setup(java.lang.reflect.Method)[pri:0, instance:com.zenken.freshers.user.JapanesePlacementConsentForm@b86de0d]" started-at="2024-10-23T14:37:48 IST" name="setup" finished-at="2024-10-23T14:37:49 IST" duration-ms="849" status="PASS">
          <params>
            <param index="0">
              <value>
                <![CDATA[public void com.zenken.freshers.user.JapanesePlacementConsentForm.verifyAgreeCBReqToSave()]]>
              </value>
            </param>
          </params>
          <reporter-output>
          </reporter-output>
        </test-method> <!-- setup -->
        <test-method is-config="true" signature="setUpTest()[pri:0, instance:com.zenken.freshers.user.JapanesePlacementConsentForm@b86de0d]" started-at="2024-10-23T14:37:49 IST" name="setUpTest" finished-at="2024-10-23T14:37:56 IST" duration-ms="6656" status="PASS">
          <reporter-output>
          </reporter-output>
        </test-method> <!-- setUpTest -->
        <test-method signature="verifyAgreeCBReqToSave()[pri:8, instance:com.zenken.freshers.user.JapanesePlacementConsentForm@b86de0d]" started-at="2024-10-23T14:37:56 IST" name="verifyAgreeCBReqToSave" description="This test verifies that validation error occurs for required to save field: Do your parents/guardians agree with your participation to this Japanese Placement?" finished-at="2024-10-23T14:37:58 IST" duration-ms="2398" status="PASS">
          <reporter-output>
          </reporter-output>
        </test-method> <!-- verifyAgreeCBReqToSave -->
        <test-method is-config="true" signature="tearDown()[pri:0, instance:com.zenken.freshers.user.JapanesePlacementConsentForm@b86de0d]" started-at="2024-10-23T14:37:58 IST" name="tearDown" finished-at="2024-10-23T14:37:59 IST" duration-ms="216" status="PASS">
          <reporter-output>
          </reporter-output>
        </test-method> <!-- tearDown -->
        <test-method is-config="true" signature="setup(java.lang.reflect.Method)[pri:0, instance:com.zenken.freshers.user.JapanesePlacementConsentForm@b86de0d]" started-at="2024-10-23T14:37:59 IST" name="setup" finished-at="2024-10-23T14:38:00 IST" duration-ms="907" status="PASS">
          <params>
            <param index="0">
              <value>
                <![CDATA[public void com.zenken.freshers.user.JapanesePlacementConsentForm.verifyCFInvalidFileFormat()]]>
              </value>
            </param>
          </params>
          <reporter-output>
          </reporter-output>
        </test-method> <!-- setup -->
        <test-method is-config="true" signature="setUpTest()[pri:0, instance:com.zenken.freshers.user.JapanesePlacementConsentForm@b86de0d]" started-at="2024-10-23T14:38:00 IST" name="setUpTest" finished-at="2024-10-23T14:38:06 IST" duration-ms="6466" status="PASS">
          <reporter-output>
          </reporter-output>
        </test-method> <!-- setUpTest -->
        <test-method signature="verifyCFInvalidFileFormat()[pri:9, instance:com.zenken.freshers.user.JapanesePlacementConsentForm@b86de0d]" started-at="2024-10-23T14:38:06 IST" name="verifyCFInvalidFileFormat" description="This test verifies that validation error for invalid consent form file format occurs" finished-at="2024-10-23T14:38:11 IST" duration-ms="5023" status="PASS">
          <reporter-output>
          </reporter-output>
        </test-method> <!-- verifyCFInvalidFileFormat -->
        <test-method is-config="true" signature="tearDown()[pri:0, instance:com.zenken.freshers.user.JapanesePlacementConsentForm@b86de0d]" started-at="2024-10-23T14:38:11 IST" name="tearDown" finished-at="2024-10-23T14:38:11 IST" duration-ms="292" status="PASS">
          <reporter-output>
          </reporter-output>
        </test-method> <!-- tearDown -->
        <test-method is-config="true" signature="setup(java.lang.reflect.Method)[pri:0, instance:com.zenken.freshers.user.JapanesePlacementConsentForm@b86de0d]" started-at="2024-10-23T14:38:11 IST" name="setup" finished-at="2024-10-23T14:38:12 IST" duration-ms="940" status="PASS">
          <params>
            <param index="0">
              <value>
                <![CDATA[public void com.zenken.freshers.user.JapanesePlacementConsentForm.verifyCFInvalidFileSize()]]>
              </value>
            </param>
          </params>
          <reporter-output>
          </reporter-output>
        </test-method> <!-- setup -->
        <test-method is-config="true" signature="setUpTest()[pri:0, instance:com.zenken.freshers.user.JapanesePlacementConsentForm@b86de0d]" started-at="2024-10-23T14:38:12 IST" name="setUpTest" finished-at="2024-10-23T14:38:18 IST" duration-ms="6212" status="PASS">
          <reporter-output>
          </reporter-output>
        </test-method> <!-- setUpTest -->
        <test-method signature="verifyCFInvalidFileSize()[pri:10, instance:com.zenken.freshers.user.JapanesePlacementConsentForm@b86de0d]" started-at="2024-10-23T14:38:18 IST" name="verifyCFInvalidFileSize" description="This test verifies that validation error for invalid size for consent form file occurs" finished-at="2024-10-23T14:38:24 IST" duration-ms="5197" status="PASS">
          <reporter-output>
          </reporter-output>
        </test-method> <!-- verifyCFInvalidFileSize -->
        <test-method is-config="true" signature="tearDown()[pri:0, instance:com.zenken.freshers.user.JapanesePlacementConsentForm@b86de0d]" started-at="2024-10-23T14:38:24 IST" name="tearDown" finished-at="2024-10-23T14:38:24 IST" duration-ms="244" status="PASS">
          <reporter-output>
          </reporter-output>
        </test-method> <!-- tearDown -->
        <test-method is-config="true" signature="setup(java.lang.reflect.Method)[pri:0, instance:com.zenken.freshers.user.JapanesePlacementConsentForm@b86de0d]" started-at="2024-10-23T14:38:24 IST" name="setup" finished-at="2024-10-23T14:38:25 IST" duration-ms="905" status="PASS">
          <params>
            <param index="0">
              <value>
                <![CDATA[public void com.zenken.freshers.user.JapanesePlacementConsentForm.verifyCFCancelRed()]]>
              </value>
            </param>
          </params>
          <reporter-output>
          </reporter-output>
        </test-method> <!-- setup -->
        <test-method is-config="true" signature="setUpTest()[pri:0, instance:com.zenken.freshers.user.JapanesePlacementConsentForm@b86de0d]" started-at="2024-10-23T14:38:25 IST" name="setUpTest" finished-at="2024-10-23T14:38:33 IST" duration-ms="8027" status="PASS">
          <reporter-output>
          </reporter-output>
        </test-method> <!-- setUpTest -->
        <test-method signature="verifyCFCancelRed()[pri:11, instance:com.zenken.freshers.user.JapanesePlacementConsentForm@b86de0d]" started-at="2024-10-23T14:38:33 IST" name="verifyCFCancelRed" description="This test verifies that &#039;Cancel&#039; from Japanese Placement Consent Form redirectes user to preview page " finished-at="2024-10-23T14:38:35 IST" duration-ms="2044" status="PASS">
          <reporter-output>
          </reporter-output>
        </test-method> <!-- verifyCFCancelRed -->
        <test-method is-config="true" signature="tearDown()[pri:0, instance:com.zenken.freshers.user.JapanesePlacementConsentForm@b86de0d]" started-at="2024-10-23T14:38:35 IST" name="tearDown" finished-at="2024-10-23T14:38:35 IST" duration-ms="215" status="PASS">
          <reporter-output>
          </reporter-output>
        </test-method> <!-- tearDown -->
      </class> <!-- com.zenken.freshers.user.JapanesePlacementConsentForm -->
    </test> <!-- Test -->
  </suite> <!-- Suite -->
</testng-results>
