<?xml version="1.0" encoding="UTF-8"?>
<testng-results ignored="0" total="28" passed="27" failed="1" skipped="0">
  <reporter-output>
  </reporter-output>
  <suite started-at="2024-09-03T12:35:32 IST" name="Default suite" finished-at="2024-09-03T12:37:59 IST" duration-ms="146913">
    <groups>
      <group name="cucumber">
        <method signature="AbstractTestNGCucumberTests.runScenario(io.cucumber.testng.PickleWrapper,io.cucumber.testng.FeatureWrapper)[pri:0, instance:features.TestRunner@45c7e403]" name="runScenario" class="io.cucumber.testng.AbstractTestNGCucumberTests"/>
      </group> <!-- cucumber -->
    </groups>
    <test started-at="2024-09-03T12:35:32 IST" name="Default test" finished-at="2024-09-03T12:37:59 IST" duration-ms="146913">
      <class name="features.TestRunner">
        <test-method is-config="true" signature="setUpClass(org.testng.ITestContext)[pri:0, instance:features.TestRunner@45c7e403]" started-at="2024-09-03T12:35:32 IST" name="setUpClass" finished-at="2024-09-03T12:35:33 IST" duration-ms="527" status="PASS">
          <params>
            <param index="0">
              <value>
                <![CDATA[org.testng.TestRunner@df432ec]]>
              </value>
            </param>
          </params>
          <reporter-output>
          </reporter-output>
        </test-method> <!-- setUpClass -->
        <test-method signature="runScenario(io.cucumber.testng.PickleWrapper,io.cucumber.testng.FeatureWrapper)[pri:0, instance:features.TestRunner@45c7e403]" started-at="2024-09-03T12:35:33 IST" name="runScenario" description="Runs Cucumber Scenarios" data-provider="scenarios" finished-at="2024-09-03T12:35:36 IST" duration-ms="3445" status="PASS">
          <params>
            <param index="0">
              <value>
                <![CDATA["Verify title (of tab) of the page"]]>
              </value>
            </param>
            <param index="1">
              <value>
                <![CDATA["Login functionality"]]>
              </value>
            </param>
          </params>
          <reporter-output>
          </reporter-output>
        </test-method> <!-- runScenario -->
        <test-method signature="runScenario(io.cucumber.testng.PickleWrapper,io.cucumber.testng.FeatureWrapper)[pri:0, instance:features.TestRunner@45c7e403]" started-at="2024-09-03T12:35:36 IST" name="runScenario" description="Runs Cucumber Scenarios" data-provider="scenarios" finished-at="2024-09-03T12:35:43 IST" duration-ms="7033" status="PASS">
          <params>
            <param index="0">
              <value>
                <![CDATA["Verify successful login"]]>
              </value>
            </param>
            <param index="1">
              <value>
                <![CDATA["Login functionality"]]>
              </value>
            </param>
          </params>
          <reporter-output>
          </reporter-output>
        </test-method> <!-- runScenario -->
        <test-method signature="runScenario(io.cucumber.testng.PickleWrapper,io.cucumber.testng.FeatureWrapper)[pri:0, instance:features.TestRunner@45c7e403]" started-at="2024-09-03T12:35:43 IST" name="runScenario" description="Runs Cucumber Scenarios" data-provider="scenarios" finished-at="2024-09-03T12:35:48 IST" duration-ms="4603" status="PASS">
          <params>
            <param index="0">
              <value>
                <![CDATA["Verify 見出し of the page"]]>
              </value>
            </param>
            <param index="1">
              <value>
                <![CDATA["Login functionality"]]>
              </value>
            </param>
          </params>
          <reporter-output>
          </reporter-output>
        </test-method> <!-- runScenario -->
        <test-method signature="runScenario(io.cucumber.testng.PickleWrapper,io.cucumber.testng.FeatureWrapper)[pri:0, instance:features.TestRunner@45c7e403]" started-at="2024-09-03T12:35:48 IST" name="runScenario" description="Runs Cucumber Scenarios" data-provider="scenarios" finished-at="2024-09-03T12:35:51 IST" duration-ms="3334" status="PASS">
          <params>
            <param index="0">
              <value>
                <![CDATA["Verify Forgot your password? link"]]>
              </value>
            </param>
            <param index="1">
              <value>
                <![CDATA["Login functionality"]]>
              </value>
            </param>
          </params>
          <reporter-output>
          </reporter-output>
        </test-method> <!-- runScenario -->
        <test-method signature="runScenario(io.cucumber.testng.PickleWrapper,io.cucumber.testng.FeatureWrapper)[pri:0, instance:features.TestRunner@45c7e403]" started-at="2024-09-03T12:35:51 IST" name="runScenario" description="Runs Cucumber Scenarios" data-provider="scenarios" finished-at="2024-09-03T12:35:57 IST" duration-ms="5428" status="PASS">
          <params>
            <param index="0">
              <value>
                <![CDATA["Verify Create an Account link"]]>
              </value>
            </param>
            <param index="1">
              <value>
                <![CDATA["Login functionality"]]>
              </value>
            </param>
          </params>
          <reporter-output>
          </reporter-output>
        </test-method> <!-- runScenario -->
        <test-method signature="runScenario(io.cucumber.testng.PickleWrapper,io.cucumber.testng.FeatureWrapper)[pri:0, instance:features.TestRunner@45c7e403]" started-at="2024-09-03T12:35:57 IST" name="runScenario" description="Runs Cucumber Scenarios" data-provider="scenarios" finished-at="2024-09-03T12:36:01 IST" duration-ms="4292" status="PASS">
          <params>
            <param index="0">
              <value>
                <![CDATA["Verify validation error for invalid email"]]>
              </value>
            </param>
            <param index="1">
              <value>
                <![CDATA["Login functionality"]]>
              </value>
            </param>
          </params>
          <reporter-output>
          </reporter-output>
        </test-method> <!-- runScenario -->
        <test-method signature="runScenario(io.cucumber.testng.PickleWrapper,io.cucumber.testng.FeatureWrapper)[pri:0, instance:features.TestRunner@45c7e403]" started-at="2024-09-03T12:36:01 IST" name="runScenario" description="Runs Cucumber Scenarios" data-provider="scenarios" finished-at="2024-09-03T12:36:07 IST" duration-ms="5974" status="PASS">
          <params>
            <param index="0">
              <value>
                <![CDATA["Verify validation error for blank email"]]>
              </value>
            </param>
            <param index="1">
              <value>
                <![CDATA["Login functionality"]]>
              </value>
            </param>
          </params>
          <reporter-output>
          </reporter-output>
        </test-method> <!-- runScenario -->
        <test-method signature="runScenario(io.cucumber.testng.PickleWrapper,io.cucumber.testng.FeatureWrapper)[pri:0, instance:features.TestRunner@45c7e403]" started-at="2024-09-03T12:36:07 IST" name="runScenario" description="Runs Cucumber Scenarios" data-provider="scenarios" finished-at="2024-09-03T12:36:12 IST" duration-ms="5319" status="PASS">
          <params>
            <param index="0">
              <value>
                <![CDATA["Verify validation error for blank password"]]>
              </value>
            </param>
            <param index="1">
              <value>
                <![CDATA["Login functionality"]]>
              </value>
            </param>
          </params>
          <reporter-output>
          </reporter-output>
        </test-method> <!-- runScenario -->
        <test-method signature="runScenario(io.cucumber.testng.PickleWrapper,io.cucumber.testng.FeatureWrapper)[pri:0, instance:features.TestRunner@45c7e403]" started-at="2024-09-03T12:36:12 IST" name="runScenario" description="Runs Cucumber Scenarios" data-provider="scenarios" finished-at="2024-09-03T12:36:17 IST" duration-ms="4397" status="PASS">
          <params>
            <param index="0">
              <value>
                <![CDATA["Verify validation error for invalid credentials"]]>
              </value>
            </param>
            <param index="1">
              <value>
                <![CDATA["Login functionality"]]>
              </value>
            </param>
          </params>
          <reporter-output>
          </reporter-output>
        </test-method> <!-- runScenario -->
        <test-method signature="runScenario(io.cucumber.testng.PickleWrapper,io.cucumber.testng.FeatureWrapper)[pri:0, instance:features.TestRunner@45c7e403]" started-at="2024-09-03T12:36:17 IST" name="runScenario" description="Runs Cucumber Scenarios" data-provider="scenarios" finished-at="2024-09-03T12:36:22 IST" duration-ms="5660" status="PASS">
          <params>
            <param index="0">
              <value>
                <![CDATA["Verify title of forgot password page"]]>
              </value>
            </param>
            <param index="1">
              <value>
                <![CDATA["Login functionality"]]>
              </value>
            </param>
          </params>
          <reporter-output>
          </reporter-output>
        </test-method> <!-- runScenario -->
        <test-method signature="runScenario(io.cucumber.testng.PickleWrapper,io.cucumber.testng.FeatureWrapper)[pri:0, instance:features.TestRunner@45c7e403]" started-at="2024-09-03T12:36:22 IST" name="runScenario" description="Runs Cucumber Scenarios" data-provider="scenarios" finished-at="2024-09-03T12:36:26 IST" duration-ms="3441" status="PASS">
          <params>
            <param index="0">
              <value>
                <![CDATA["Verify headline of forgot password page"]]>
              </value>
            </param>
            <param index="1">
              <value>
                <![CDATA["Login functionality"]]>
              </value>
            </param>
          </params>
          <reporter-output>
          </reporter-output>
        </test-method> <!-- runScenario -->
        <test-method signature="runScenario(io.cucumber.testng.PickleWrapper,io.cucumber.testng.FeatureWrapper)[pri:0, instance:features.TestRunner@45c7e403]" started-at="2024-09-03T12:36:26 IST" name="runScenario" description="Runs Cucumber Scenarios" data-provider="scenarios" finished-at="2024-09-03T12:36:34 IST" duration-ms="8587" status="PASS">
          <params>
            <param index="0">
              <value>
                <![CDATA["Verify that password reset mail is sent"]]>
              </value>
            </param>
            <param index="1">
              <value>
                <![CDATA["Login functionality"]]>
              </value>
            </param>
          </params>
          <reporter-output>
          </reporter-output>
        </test-method> <!-- runScenario -->
        <test-method signature="runScenario(io.cucumber.testng.PickleWrapper,io.cucumber.testng.FeatureWrapper)[pri:0, instance:features.TestRunner@45c7e403]" started-at="2024-09-03T12:36:34 IST" name="runScenario" description="Runs Cucumber Scenarios" data-provider="scenarios" finished-at="2024-09-03T12:36:42 IST" duration-ms="7303" status="PASS">
          <params>
            <param index="0">
              <value>
                <![CDATA["Verfiy that same mail cannot be sent within one minute"]]>
              </value>
            </param>
            <param index="1">
              <value>
                <![CDATA["Login functionality"]]>
              </value>
            </param>
          </params>
          <reporter-output>
          </reporter-output>
        </test-method> <!-- runScenario -->
        <test-method signature="runScenario(io.cucumber.testng.PickleWrapper,io.cucumber.testng.FeatureWrapper)[pri:0, instance:features.TestRunner@45c7e403]" started-at="2024-09-03T12:36:42 IST" name="runScenario" description="Runs Cucumber Scenarios" data-provider="scenarios" finished-at="2024-09-03T12:36:46 IST" duration-ms="4694" status="PASS">
          <params>
            <param index="0">
              <value>
                <![CDATA["Verify that Reset Password mail is delivered"]]>
              </value>
            </param>
            <param index="1">
              <value>
                <![CDATA["Login functionality"]]>
              </value>
            </param>
          </params>
          <reporter-output>
          </reporter-output>
        </test-method> <!-- runScenario -->
        <test-method signature="runScenario(io.cucumber.testng.PickleWrapper,io.cucumber.testng.FeatureWrapper)[pri:0, instance:features.TestRunner@45c7e403]" started-at="2024-09-03T12:36:46 IST" name="runScenario" description="Runs Cucumber Scenarios" data-provider="scenarios" finished-at="2024-09-03T12:36:50 IST" duration-ms="3175" status="PASS">
          <params>
            <param index="0">
              <value>
                <![CDATA["Verify that password reset link in the mail works"]]>
              </value>
            </param>
            <param index="1">
              <value>
                <![CDATA["Login functionality"]]>
              </value>
            </param>
          </params>
          <reporter-output>
          </reporter-output>
        </test-method> <!-- runScenario -->
        <test-method signature="runScenario(io.cucumber.testng.PickleWrapper,io.cucumber.testng.FeatureWrapper)[pri:0, instance:features.TestRunner@45c7e403]" started-at="2024-09-03T12:36:50 IST" name="runScenario" description="Runs Cucumber Scenarios" data-provider="scenarios" finished-at="2024-09-03T12:36:57 IST" duration-ms="7441" status="PASS">
          <params>
            <param index="0">
              <value>
                <![CDATA["Verify that password can be reset"]]>
              </value>
            </param>
            <param index="1">
              <value>
                <![CDATA["Login functionality"]]>
              </value>
            </param>
          </params>
          <reporter-output>
          </reporter-output>
        </test-method> <!-- runScenario -->
        <test-method signature="runScenario(io.cucumber.testng.PickleWrapper,io.cucumber.testng.FeatureWrapper)[pri:0, instance:features.TestRunner@45c7e403]" started-at="2024-09-03T12:36:57 IST" name="runScenario" description="Runs Cucumber Scenarios" data-provider="scenarios" finished-at="2024-09-03T12:36:57 IST" duration-ms="34" status="PASS">
          <params>
            <param index="0">
              <value>
                <![CDATA["Verify that page displayed is correct after password reset"]]>
              </value>
            </param>
            <param index="1">
              <value>
                <![CDATA["Login functionality"]]>
              </value>
            </param>
          </params>
          <reporter-output>
          </reporter-output>
        </test-method> <!-- runScenario -->
        <test-method signature="runScenario(io.cucumber.testng.PickleWrapper,io.cucumber.testng.FeatureWrapper)[pri:0, instance:features.TestRunner@45c7e403]" started-at="2024-09-03T12:36:57 IST" name="runScenario" description="Runs Cucumber Scenarios" data-provider="scenarios" finished-at="2024-09-03T12:36:58 IST" duration-ms="921" status="PASS">
          <params>
            <param index="0">
              <value>
                <![CDATA["Verify redirection to login page after password is reset"]]>
              </value>
            </param>
            <param index="1">
              <value>
                <![CDATA["Login functionality"]]>
              </value>
            </param>
          </params>
          <reporter-output>
          </reporter-output>
        </test-method> <!-- runScenario -->
        <test-method signature="runScenario(io.cucumber.testng.PickleWrapper,io.cucumber.testng.FeatureWrapper)[pri:0, instance:features.TestRunner@45c7e403]" started-at="2024-09-03T12:36:58 IST" name="runScenario" description="Runs Cucumber Scenarios" data-provider="scenarios" finished-at="2024-09-03T12:37:04 IST" duration-ms="5912" status="PASS">
          <params>
            <param index="0">
              <value>
                <![CDATA["Verify successful login after password is reset"]]>
              </value>
            </param>
            <param index="1">
              <value>
                <![CDATA["Login functionality"]]>
              </value>
            </param>
          </params>
          <reporter-output>
          </reporter-output>
        </test-method> <!-- runScenario -->
        <test-method signature="runScenario(io.cucumber.testng.PickleWrapper,io.cucumber.testng.FeatureWrapper)[pri:0, instance:features.TestRunner@45c7e403]" started-at="2024-09-03T12:37:04 IST" name="runScenario" description="Runs Cucumber Scenarios" data-provider="scenarios" finished-at="2024-09-03T12:37:08 IST" duration-ms="4528" status="PASS">
          <params>
            <param index="0">
              <value>
                <![CDATA["Verify validation error for blank email on forgot password page"]]>
              </value>
            </param>
            <param index="1">
              <value>
                <![CDATA["Login functionality"]]>
              </value>
            </param>
          </params>
          <reporter-output>
          </reporter-output>
        </test-method> <!-- runScenario -->
        <test-method signature="runScenario(io.cucumber.testng.PickleWrapper,io.cucumber.testng.FeatureWrapper)[pri:0, instance:features.TestRunner@45c7e403]" started-at="2024-09-03T12:37:08 IST" name="runScenario" description="Runs Cucumber Scenarios" data-provider="scenarios" finished-at="2024-09-03T12:37:13 IST" duration-ms="4563" status="PASS">
          <params>
            <param index="0">
              <value>
                <![CDATA["Verify validation error for non-existent email on forgot password page"]]>
              </value>
            </param>
            <param index="1">
              <value>
                <![CDATA["Login functionality"]]>
              </value>
            </param>
          </params>
          <reporter-output>
          </reporter-output>
        </test-method> <!-- runScenario -->
        <test-method signature="runScenario(io.cucumber.testng.PickleWrapper,io.cucumber.testng.FeatureWrapper)[pri:0, instance:features.TestRunner@45c7e403]" started-at="2024-09-03T12:37:13 IST" name="runScenario" description="Runs Cucumber Scenarios" data-provider="scenarios" finished-at="2024-09-03T12:37:18 IST" duration-ms="4819" status="PASS">
          <params>
            <param index="0">
              <value>
                <![CDATA["Verify validation error for invalid email on forgot password page"]]>
              </value>
            </param>
            <param index="1">
              <value>
                <![CDATA["Login functionality"]]>
              </value>
            </param>
          </params>
          <reporter-output>
          </reporter-output>
        </test-method> <!-- runScenario -->
        <test-method signature="runScenario(io.cucumber.testng.PickleWrapper,io.cucumber.testng.FeatureWrapper)[pri:0, instance:features.TestRunner@45c7e403]" started-at="2024-09-03T12:37:18 IST" name="runScenario" description="Runs Cucumber Scenarios" data-provider="scenarios" finished-at="2024-09-03T12:37:26 IST" duration-ms="8084" status="PASS">
          <params>
            <param index="0">
              <value>
                <![CDATA["Verify validation error for invalid password: less than 8 characters"]]>
              </value>
            </param>
            <param index="1">
              <value>
                <![CDATA["Login functionality"]]>
              </value>
            </param>
          </params>
          <reporter-output>
          </reporter-output>
        </test-method> <!-- runScenario -->
        <test-method signature="runScenario(io.cucumber.testng.PickleWrapper,io.cucumber.testng.FeatureWrapper)[pri:0, instance:features.TestRunner@45c7e403]" started-at="2024-09-03T12:37:26 IST" name="runScenario" description="Runs Cucumber Scenarios" data-provider="scenarios" finished-at="2024-09-03T12:37:34 IST" duration-ms="8066" status="PASS">
          <params>
            <param index="0">
              <value>
                <![CDATA["Verify validation error for invalid password: No numbers"]]>
              </value>
            </param>
            <param index="1">
              <value>
                <![CDATA["Login functionality"]]>
              </value>
            </param>
          </params>
          <reporter-output>
          </reporter-output>
        </test-method> <!-- runScenario -->
        <test-method signature="runScenario(io.cucumber.testng.PickleWrapper,io.cucumber.testng.FeatureWrapper)[pri:0, instance:features.TestRunner@45c7e403]" started-at="2024-09-03T12:37:34 IST" name="runScenario" description="Runs Cucumber Scenarios" data-provider="scenarios" finished-at="2024-09-03T12:37:40 IST" duration-ms="5725" status="PASS">
          <params>
            <param index="0">
              <value>
                <![CDATA["Verify validation error for invalid password: No upper case characters"]]>
              </value>
            </param>
            <param index="1">
              <value>
                <![CDATA["Login functionality"]]>
              </value>
            </param>
          </params>
          <reporter-output>
          </reporter-output>
        </test-method> <!-- runScenario -->
        <test-method signature="runScenario(io.cucumber.testng.PickleWrapper,io.cucumber.testng.FeatureWrapper)[pri:0, instance:features.TestRunner@45c7e403]" started-at="2024-09-03T12:37:40 IST" name="runScenario" description="Runs Cucumber Scenarios" data-provider="scenarios" finished-at="2024-09-03T12:37:48 IST" duration-ms="8033" status="PASS">
          <params>
            <param index="0">
              <value>
                <![CDATA["Verify validation error for invalid password: No special characters"]]>
              </value>
            </param>
            <param index="1">
              <value>
                <![CDATA["Login functionality"]]>
              </value>
            </param>
          </params>
          <reporter-output>
          </reporter-output>
        </test-method> <!-- runScenario -->
        <test-method signature="runScenario(io.cucumber.testng.PickleWrapper,io.cucumber.testng.FeatureWrapper)[pri:0, instance:features.TestRunner@45c7e403]" started-at="2024-09-03T12:37:48 IST" name="runScenario" description="Runs Cucumber Scenarios" data-provider="scenarios" finished-at="2024-09-03T12:37:54 IST" duration-ms="5904" status="PASS">
          <params>
            <param index="0">
              <value>
                <![CDATA["Verify validation error for invalid token"]]>
              </value>
            </param>
            <param index="1">
              <value>
                <![CDATA["Login functionality"]]>
              </value>
            </param>
          </params>
          <reporter-output>
          </reporter-output>
        </test-method> <!-- runScenario -->
        <test-method signature="runScenario(io.cucumber.testng.PickleWrapper,io.cucumber.testng.FeatureWrapper)[pri:0, instance:features.TestRunner@45c7e403]" started-at="2024-09-03T12:37:54 IST" name="runScenario" description="Runs Cucumber Scenarios" data-provider="scenarios" finished-at="2024-09-03T12:37:59 IST" duration-ms="5610" status="FAIL">
          <params>
            <param index="0">
              <value>
                <![CDATA["Verify validation error for setting same password as previous"]]>
              </value>
            </param>
            <param index="1">
              <value>
                <![CDATA["Login functionality"]]>
              </value>
            </param>
          </params>
          <exception class="java.lang.AssertionError">
            <message>
              <![CDATA[expected [true] but found [false]]]>
            </message>
            <full-stacktrace>
              <![CDATA[java.lang.AssertionError: expected [true] but found [false]
at org.testng.Assert.fail(Assert.java:111)
at org.testng.Assert.failNotEquals(Assert.java:1578)
at org.testng.Assert.assertTrue(Assert.java:57)
at org.testng.Assert.assertTrue(Assert.java:67)
at stepDefinitions.LoginSteps.i_get_same_password_error(LoginSteps.java:347)
at ✽.I get error for same password as previous(file:///C:/Users/prasa/eclipse-workspace/YaaayFreshers/src/test/java/features/Login.feature:166)
]]>
            </full-stacktrace>
          </exception> <!-- java.lang.AssertionError -->
          <reporter-output>
          </reporter-output>
        </test-method> <!-- runScenario -->
        <test-method is-config="true" signature="tearDownClass()[pri:0, instance:features.TestRunner@45c7e403]" started-at="2024-09-03T12:37:59 IST" name="tearDownClass" finished-at="2024-09-03T12:37:59 IST" duration-ms="0" status="PASS">
          <reporter-output>
          </reporter-output>
        </test-method> <!-- tearDownClass -->
      </class> <!-- features.TestRunner -->
    </test> <!-- Default test -->
  </suite> <!-- Default suite -->
</testng-results>
