<?xml version="1.0" encoding="UTF-8"?>
<testng-results ignored="0" total="12" passed="12" failed="0" skipped="0">
  <reporter-output>
  </reporter-output>
  <suite started-at="2024-08-21T15:27:22 IST" name="Default suite" finished-at="2024-08-21T15:30:05 IST" duration-ms="163224">
    <groups>
    </groups>
    <test started-at="2024-08-21T15:27:22 IST" name="Default test" finished-at="2024-08-21T15:30:05 IST" duration-ms="163224">
      <class name="com.zenken.freshers.user.JobPreferences">
        <test-method is-config="true" signature="setup(java.lang.reflect.Method)[pri:0, instance:com.zenken.freshers.user.JobPreferences@76a4ebf2]" started-at="2024-08-21T15:27:22 IST" name="setup" finished-at="2024-08-21T15:27:24 IST" duration-ms="1590" status="PASS">
          <params>
            <param index="0">
              <value>
                <![CDATA[public void com.zenken.freshers.user.JobPreferences.verifyCancelRedirection()]]>
              </value>
            </param>
          </params>
          <reporter-output>
          </reporter-output>
        </test-method> <!-- setup -->
        <test-method is-config="true" signature="testSetUp()[pri:0, instance:com.zenken.freshers.user.JobPreferences@76a4ebf2]" started-at="2024-08-21T15:27:24 IST" name="testSetUp" finished-at="2024-08-21T15:27:32 IST" duration-ms="8589" status="PASS">
          <reporter-output>
          </reporter-output>
        </test-method> <!-- testSetUp -->
        <test-method signature="verifyCancelRedirection()[pri:0, instance:com.zenken.freshers.user.JobPreferences@76a4ebf2]" started-at="2024-08-21T15:27:32 IST" name="verifyCancelRedirection" finished-at="2024-08-21T15:27:34 IST" duration-ms="2100" status="PASS">
          <reporter-output>
          </reporter-output>
        </test-method> <!-- verifyCancelRedirection -->
        <test-method is-config="true" signature="tearDown()[pri:0, instance:com.zenken.freshers.user.JobPreferences@76a4ebf2]" started-at="2024-08-21T15:27:34 IST" name="tearDown" finished-at="2024-08-21T15:27:34 IST" duration-ms="247" status="PASS">
          <reporter-output>
          </reporter-output>
        </test-method> <!-- tearDown -->
        <test-method is-config="true" signature="setup(java.lang.reflect.Method)[pri:0, instance:com.zenken.freshers.user.JobPreferences@76a4ebf2]" started-at="2024-08-21T15:27:34 IST" name="setup" finished-at="2024-08-21T15:27:35 IST" duration-ms="898" status="PASS">
          <params>
            <param index="0">
              <value>
                <![CDATA[public void com.zenken.freshers.user.JobPreferences.verifyCharExceedFirstPref()]]>
              </value>
            </param>
          </params>
          <reporter-output>
          </reporter-output>
        </test-method> <!-- setup -->
        <test-method is-config="true" signature="testSetUp()[pri:0, instance:com.zenken.freshers.user.JobPreferences@76a4ebf2]" started-at="2024-08-21T15:27:35 IST" name="testSetUp" finished-at="2024-08-21T15:27:45 IST" duration-ms="9433" status="PASS">
          <reporter-output>
          </reporter-output>
        </test-method> <!-- testSetUp -->
        <test-method signature="verifyCharExceedFirstPref()[pri:0, instance:com.zenken.freshers.user.JobPreferences@76a4ebf2]" started-at="2024-08-21T15:27:45 IST" name="verifyCharExceedFirstPref" finished-at="2024-08-21T15:27:47 IST" duration-ms="2539" status="PASS">
          <reporter-output>
          </reporter-output>
        </test-method> <!-- verifyCharExceedFirstPref -->
        <test-method is-config="true" signature="tearDown()[pri:0, instance:com.zenken.freshers.user.JobPreferences@76a4ebf2]" started-at="2024-08-21T15:27:47 IST" name="tearDown" finished-at="2024-08-21T15:27:47 IST" duration-ms="167" status="PASS">
          <reporter-output>
          </reporter-output>
        </test-method> <!-- tearDown -->
        <test-method is-config="true" signature="setup(java.lang.reflect.Method)[pri:0, instance:com.zenken.freshers.user.JobPreferences@76a4ebf2]" started-at="2024-08-21T15:27:47 IST" name="setup" finished-at="2024-08-21T15:27:48 IST" duration-ms="687" status="PASS">
          <params>
            <param index="0">
              <value>
                <![CDATA[public void com.zenken.freshers.user.JobPreferences.verifyCharExceedSecondPref()]]>
              </value>
            </param>
          </params>
          <reporter-output>
          </reporter-output>
        </test-method> <!-- setup -->
        <test-method is-config="true" signature="testSetUp()[pri:0, instance:com.zenken.freshers.user.JobPreferences@76a4ebf2]" started-at="2024-08-21T15:27:48 IST" name="testSetUp" finished-at="2024-08-21T15:27:57 IST" duration-ms="9209" status="PASS">
          <reporter-output>
          </reporter-output>
        </test-method> <!-- testSetUp -->
        <test-method signature="verifyCharExceedSecondPref()[pri:0, instance:com.zenken.freshers.user.JobPreferences@76a4ebf2]" started-at="2024-08-21T15:27:57 IST" name="verifyCharExceedSecondPref" finished-at="2024-08-21T15:28:00 IST" duration-ms="2462" status="PASS">
          <reporter-output>
          </reporter-output>
        </test-method> <!-- verifyCharExceedSecondPref -->
        <test-method is-config="true" signature="tearDown()[pri:0, instance:com.zenken.freshers.user.JobPreferences@76a4ebf2]" started-at="2024-08-21T15:28:00 IST" name="tearDown" finished-at="2024-08-21T15:28:00 IST" duration-ms="170" status="PASS">
          <reporter-output>
          </reporter-output>
        </test-method> <!-- tearDown -->
        <test-method is-config="true" signature="setup(java.lang.reflect.Method)[pri:0, instance:com.zenken.freshers.user.JobPreferences@76a4ebf2]" started-at="2024-08-21T15:28:00 IST" name="setup" finished-at="2024-08-21T15:28:01 IST" duration-ms="838" status="PASS">
          <params>
            <param index="0">
              <value>
                <![CDATA[public void com.zenken.freshers.user.JobPreferences.verifyCharExceedThirdPref()]]>
              </value>
            </param>
          </params>
          <reporter-output>
          </reporter-output>
        </test-method> <!-- setup -->
        <test-method is-config="true" signature="testSetUp()[pri:0, instance:com.zenken.freshers.user.JobPreferences@76a4ebf2]" started-at="2024-08-21T15:28:01 IST" name="testSetUp" finished-at="2024-08-21T15:28:09 IST" duration-ms="8290" status="PASS">
          <reporter-output>
          </reporter-output>
        </test-method> <!-- testSetUp -->
        <test-method signature="verifyCharExceedThirdPref()[pri:0, instance:com.zenken.freshers.user.JobPreferences@76a4ebf2]" started-at="2024-08-21T15:28:09 IST" name="verifyCharExceedThirdPref" finished-at="2024-08-21T15:28:12 IST" duration-ms="2718" status="PASS">
          <reporter-output>
          </reporter-output>
        </test-method> <!-- verifyCharExceedThirdPref -->
        <test-method is-config="true" signature="tearDown()[pri:0, instance:com.zenken.freshers.user.JobPreferences@76a4ebf2]" started-at="2024-08-21T15:28:12 IST" name="tearDown" finished-at="2024-08-21T15:28:12 IST" duration-ms="217" status="PASS">
          <reporter-output>
          </reporter-output>
        </test-method> <!-- tearDown -->
        <test-method is-config="true" signature="setup(java.lang.reflect.Method)[pri:0, instance:com.zenken.freshers.user.JobPreferences@76a4ebf2]" started-at="2024-08-21T15:28:12 IST" name="setup" finished-at="2024-08-21T15:28:13 IST" duration-ms="806" status="PASS">
          <params>
            <param index="0">
              <value>
                <![CDATA[public void com.zenken.freshers.user.JobPreferences.verifyFirstPreferenceStates()]]>
              </value>
            </param>
          </params>
          <reporter-output>
          </reporter-output>
        </test-method> <!-- setup -->
        <test-method is-config="true" signature="testSetUp()[pri:0, instance:com.zenken.freshers.user.JobPreferences@76a4ebf2]" started-at="2024-08-21T15:28:13 IST" name="testSetUp" finished-at="2024-08-21T15:28:23 IST" duration-ms="10230" status="PASS">
          <reporter-output>
          </reporter-output>
        </test-method> <!-- testSetUp -->
        <test-method signature="verifyFirstPreferenceStates()[pri:0, instance:com.zenken.freshers.user.JobPreferences@76a4ebf2]" started-at="2024-08-21T15:28:23 IST" name="verifyFirstPreferenceStates" finished-at="2024-08-21T15:28:30 IST" duration-ms="7144" status="PASS">
          <reporter-output>
          </reporter-output>
        </test-method> <!-- verifyFirstPreferenceStates -->
        <test-method is-config="true" signature="tearDown()[pri:0, instance:com.zenken.freshers.user.JobPreferences@76a4ebf2]" started-at="2024-08-21T15:28:30 IST" name="tearDown" finished-at="2024-08-21T15:28:31 IST" duration-ms="257" status="PASS">
          <reporter-output>
          </reporter-output>
        </test-method> <!-- tearDown -->
        <test-method is-config="true" signature="setup(java.lang.reflect.Method)[pri:0, instance:com.zenken.freshers.user.JobPreferences@76a4ebf2]" started-at="2024-08-21T15:28:31 IST" name="setup" finished-at="2024-08-21T15:28:31 IST" duration-ms="804" status="PASS">
          <params>
            <param index="0">
              <value>
                <![CDATA[public void com.zenken.freshers.user.JobPreferences.verifyJobPreferenceUrl()]]>
              </value>
            </param>
          </params>
          <reporter-output>
          </reporter-output>
        </test-method> <!-- setup -->
        <test-method is-config="true" signature="testSetUp()[pri:0, instance:com.zenken.freshers.user.JobPreferences@76a4ebf2]" started-at="2024-08-21T15:28:31 IST" name="testSetUp" finished-at="2024-08-21T15:28:40 IST" duration-ms="8849" status="PASS">
          <reporter-output>
          </reporter-output>
        </test-method> <!-- testSetUp -->
        <test-method signature="verifyJobPreferenceUrl()[pri:0, instance:com.zenken.freshers.user.JobPreferences@76a4ebf2]" started-at="2024-08-21T15:28:40 IST" name="verifyJobPreferenceUrl" finished-at="2024-08-21T15:28:40 IST" duration-ms="2" status="PASS">
          <reporter-output>
          </reporter-output>
        </test-method> <!-- verifyJobPreferenceUrl -->
        <test-method is-config="true" signature="tearDown()[pri:0, instance:com.zenken.freshers.user.JobPreferences@76a4ebf2]" started-at="2024-08-21T15:28:40 IST" name="tearDown" finished-at="2024-08-21T15:28:40 IST" duration-ms="171" status="PASS">
          <reporter-output>
          </reporter-output>
        </test-method> <!-- tearDown -->
        <test-method is-config="true" signature="setup(java.lang.reflect.Method)[pri:0, instance:com.zenken.freshers.user.JobPreferences@76a4ebf2]" started-at="2024-08-21T15:28:40 IST" name="setup" finished-at="2024-08-21T15:28:42 IST" duration-ms="1442" status="PASS">
          <params>
            <param index="0">
              <value>
                <![CDATA[public void com.zenken.freshers.user.JobPreferences.verifyPlaceholders()]]>
              </value>
            </param>
          </params>
          <reporter-output>
          </reporter-output>
        </test-method> <!-- setup -->
        <test-method is-config="true" signature="testSetUp()[pri:0, instance:com.zenken.freshers.user.JobPreferences@76a4ebf2]" started-at="2024-08-21T15:28:42 IST" name="testSetUp" finished-at="2024-08-21T15:28:50 IST" duration-ms="8544" status="PASS">
          <reporter-output>
          </reporter-output>
        </test-method> <!-- testSetUp -->
        <test-method signature="verifyPlaceholders()[pri:0, instance:com.zenken.freshers.user.JobPreferences@76a4ebf2]" started-at="2024-08-21T15:28:50 IST" name="verifyPlaceholders" finished-at="2024-08-21T15:28:50 IST" duration-ms="98" status="PASS">
          <reporter-output>
          </reporter-output>
        </test-method> <!-- verifyPlaceholders -->
        <test-method is-config="true" signature="tearDown()[pri:0, instance:com.zenken.freshers.user.JobPreferences@76a4ebf2]" started-at="2024-08-21T15:28:50 IST" name="tearDown" finished-at="2024-08-21T15:28:51 IST" duration-ms="188" status="PASS">
          <reporter-output>
          </reporter-output>
        </test-method> <!-- tearDown -->
        <test-method is-config="true" signature="setup(java.lang.reflect.Method)[pri:0, instance:com.zenken.freshers.user.JobPreferences@76a4ebf2]" started-at="2024-08-21T15:28:51 IST" name="setup" finished-at="2024-08-21T15:28:51 IST" duration-ms="702" status="PASS">
          <params>
            <param index="0">
              <value>
                <![CDATA[public void com.zenken.freshers.user.JobPreferences.verifyPreferencesOtherValue()]]>
              </value>
            </param>
          </params>
          <reporter-output>
          </reporter-output>
        </test-method> <!-- setup -->
        <test-method is-config="true" signature="testSetUp()[pri:0, instance:com.zenken.freshers.user.JobPreferences@76a4ebf2]" started-at="2024-08-21T15:28:51 IST" name="testSetUp" finished-at="2024-08-21T15:28:59 IST" duration-ms="7831" status="PASS">
          <reporter-output>
          </reporter-output>
        </test-method> <!-- testSetUp -->
        <test-method signature="verifyPreferencesOtherValue()[pri:0, instance:com.zenken.freshers.user.JobPreferences@76a4ebf2]" started-at="2024-08-21T15:28:59 IST" name="verifyPreferencesOtherValue" finished-at="2024-08-21T15:29:04 IST" duration-ms="5193" status="PASS">
          <reporter-output>
          </reporter-output>
        </test-method> <!-- verifyPreferencesOtherValue -->
        <test-method is-config="true" signature="tearDown()[pri:0, instance:com.zenken.freshers.user.JobPreferences@76a4ebf2]" started-at="2024-08-21T15:29:04 IST" name="tearDown" finished-at="2024-08-21T15:29:05 IST" duration-ms="239" status="PASS">
          <reporter-output>
          </reporter-output>
        </test-method> <!-- tearDown -->
        <test-method is-config="true" signature="setup(java.lang.reflect.Method)[pri:0, instance:com.zenken.freshers.user.JobPreferences@76a4ebf2]" started-at="2024-08-21T15:29:05 IST" name="setup" finished-at="2024-08-21T15:29:05 IST" duration-ms="799" status="PASS">
          <params>
            <param index="0">
              <value>
                <![CDATA[public void com.zenken.freshers.user.JobPreferences.verifyPreferencesValues()]]>
              </value>
            </param>
          </params>
          <reporter-output>
          </reporter-output>
        </test-method> <!-- setup -->
        <test-method is-config="true" signature="testSetUp()[pri:0, instance:com.zenken.freshers.user.JobPreferences@76a4ebf2]" started-at="2024-08-21T15:29:05 IST" name="testSetUp" finished-at="2024-08-21T15:29:16 IST" duration-ms="10398" status="PASS">
          <reporter-output>
          </reporter-output>
        </test-method> <!-- testSetUp -->
        <test-method signature="verifyPreferencesValues()[pri:0, instance:com.zenken.freshers.user.JobPreferences@76a4ebf2]" started-at="2024-08-21T15:29:16 IST" name="verifyPreferencesValues" finished-at="2024-08-21T15:29:20 IST" duration-ms="4096" status="PASS">
          <reporter-output>
          </reporter-output>
        </test-method> <!-- verifyPreferencesValues -->
        <test-method is-config="true" signature="tearDown()[pri:0, instance:com.zenken.freshers.user.JobPreferences@76a4ebf2]" started-at="2024-08-21T15:29:20 IST" name="tearDown" finished-at="2024-08-21T15:29:20 IST" duration-ms="249" status="PASS">
          <reporter-output>
          </reporter-output>
        </test-method> <!-- tearDown -->
        <test-method is-config="true" signature="setup(java.lang.reflect.Method)[pri:0, instance:com.zenken.freshers.user.JobPreferences@76a4ebf2]" started-at="2024-08-21T15:29:20 IST" name="setup" finished-at="2024-08-21T15:29:21 IST" duration-ms="755" status="PASS">
          <params>
            <param index="0">
              <value>
                <![CDATA[public void com.zenken.freshers.user.JobPreferences.verifyRequiredToApplyTexts()]]>
              </value>
            </param>
          </params>
          <reporter-output>
          </reporter-output>
        </test-method> <!-- setup -->
        <test-method is-config="true" signature="testSetUp()[pri:0, instance:com.zenken.freshers.user.JobPreferences@76a4ebf2]" started-at="2024-08-21T15:29:21 IST" name="testSetUp" finished-at="2024-08-21T15:29:29 IST" duration-ms="7984" status="PASS">
          <reporter-output>
          </reporter-output>
        </test-method> <!-- testSetUp -->
        <test-method signature="verifyRequiredToApplyTexts()[pri:0, instance:com.zenken.freshers.user.JobPreferences@76a4ebf2]" started-at="2024-08-21T15:29:29 IST" name="verifyRequiredToApplyTexts" finished-at="2024-08-21T15:29:35 IST" duration-ms="5682" status="PASS">
          <reporter-output>
          </reporter-output>
        </test-method> <!-- verifyRequiredToApplyTexts -->
        <test-method is-config="true" signature="tearDown()[pri:0, instance:com.zenken.freshers.user.JobPreferences@76a4ebf2]" started-at="2024-08-21T15:29:35 IST" name="tearDown" finished-at="2024-08-21T15:29:35 IST" duration-ms="211" status="PASS">
          <reporter-output>
          </reporter-output>
        </test-method> <!-- tearDown -->
        <test-method is-config="true" signature="setup(java.lang.reflect.Method)[pri:0, instance:com.zenken.freshers.user.JobPreferences@76a4ebf2]" started-at="2024-08-21T15:29:35 IST" name="setup" finished-at="2024-08-21T15:29:36 IST" duration-ms="890" status="PASS">
          <params>
            <param index="0">
              <value>
                <![CDATA[public void com.zenken.freshers.user.JobPreferences.verifySecondPreferenceStates()]]>
              </value>
            </param>
          </params>
          <reporter-output>
          </reporter-output>
        </test-method> <!-- setup -->
        <test-method is-config="true" signature="testSetUp()[pri:0, instance:com.zenken.freshers.user.JobPreferences@76a4ebf2]" started-at="2024-08-21T15:29:36 IST" name="testSetUp" finished-at="2024-08-21T15:29:44 IST" duration-ms="8080" status="PASS">
          <reporter-output>
          </reporter-output>
        </test-method> <!-- testSetUp -->
        <test-method signature="verifySecondPreferenceStates()[pri:0, instance:com.zenken.freshers.user.JobPreferences@76a4ebf2]" started-at="2024-08-21T15:29:44 IST" name="verifySecondPreferenceStates" finished-at="2024-08-21T15:29:50 IST" duration-ms="5872" status="PASS">
          <reporter-output>
          </reporter-output>
        </test-method> <!-- verifySecondPreferenceStates -->
        <test-method is-config="true" signature="tearDown()[pri:0, instance:com.zenken.freshers.user.JobPreferences@76a4ebf2]" started-at="2024-08-21T15:29:50 IST" name="tearDown" finished-at="2024-08-21T15:29:50 IST" duration-ms="273" status="PASS">
          <reporter-output>
          </reporter-output>
        </test-method> <!-- tearDown -->
        <test-method is-config="true" signature="setup(java.lang.reflect.Method)[pri:0, instance:com.zenken.freshers.user.JobPreferences@76a4ebf2]" started-at="2024-08-21T15:29:50 IST" name="setup" finished-at="2024-08-21T15:29:51 IST" duration-ms="887" status="PASS">
          <params>
            <param index="0">
              <value>
                <![CDATA[public void com.zenken.freshers.user.JobPreferences.verifyThirdPreferenceStates()]]>
              </value>
            </param>
          </params>
          <reporter-output>
          </reporter-output>
        </test-method> <!-- setup -->
        <test-method is-config="true" signature="testSetUp()[pri:0, instance:com.zenken.freshers.user.JobPreferences@76a4ebf2]" started-at="2024-08-21T15:29:51 IST" name="testSetUp" finished-at="2024-08-21T15:29:59 IST" duration-ms="8038" status="PASS">
          <reporter-output>
          </reporter-output>
        </test-method> <!-- testSetUp -->
        <test-method signature="verifyThirdPreferenceStates()[pri:0, instance:com.zenken.freshers.user.JobPreferences@76a4ebf2]" started-at="2024-08-21T15:29:59 IST" name="verifyThirdPreferenceStates" finished-at="2024-08-21T15:30:05 IST" duration-ms="5971" status="PASS">
          <reporter-output>
          </reporter-output>
        </test-method> <!-- verifyThirdPreferenceStates -->
        <test-method is-config="true" signature="tearDown()[pri:0, instance:com.zenken.freshers.user.JobPreferences@76a4ebf2]" started-at="2024-08-21T15:30:05 IST" name="tearDown" finished-at="2024-08-21T15:30:05 IST" duration-ms="283" status="PASS">
          <reporter-output>
          </reporter-output>
        </test-method> <!-- tearDown -->
      </class> <!-- com.zenken.freshers.user.JobPreferences -->
    </test> <!-- Default test -->
  </suite> <!-- Default suite -->
</testng-results>
