<?xml version="1.0" encoding="UTF-8"?>
<testng-results ignored="0" total="1" passed="1" failed="0" skipped="0">
  <reporter-output>
  </reporter-output>
  <suite started-at="2024-12-31T15:12:42 IST" name="Default suite" finished-at="2024-12-31T15:12:49 IST" duration-ms="7314">
    <groups>
    </groups>
    <test started-at="2024-12-31T15:12:42 IST" name="Default test" finished-at="2024-12-31T15:12:49 IST" duration-ms="7314">
      <class name="com.zenken.freshers.user.Jobs">
        <test-method is-config="true" signature="setup(java.lang.reflect.Method)[pri:0, instance:com.zenken.freshers.user.Jobs@7d20d0b]" started-at="2024-12-31T15:12:42 IST" name="setup" finished-at="2024-12-31T15:12:44 IST" duration-ms="1963" status="PASS">
          <params>
            <param index="0">
              <value>
                <![CDATA[public void com.zenken.freshers.user.Jobs.verifyCompaniesUrl()]]>
              </value>
            </param>
          </params>
          <reporter-output>
          </reporter-output>
        </test-method> <!-- setup -->
        <test-method is-config="true" signature="setupJobs()[pri:0, instance:com.zenken.freshers.user.Jobs@7d20d0b]" started-at="2024-12-31T15:12:44 IST" name="setupJobs" finished-at="2024-12-31T15:12:48 IST" duration-ms="4399" status="PASS">
          <reporter-output>
          </reporter-output>
        </test-method> <!-- setupJobs -->
        <test-method signature="verifyCompaniesUrl()[pri:0, instance:com.zenken.freshers.user.Jobs@7d20d0b]" started-at="2024-12-31T15:12:48 IST" name="verifyCompaniesUrl" description="This test verifies that user is redirected to Companies page" finished-at="2024-12-31T15:12:49 IST" duration-ms="772" status="PASS">
          <reporter-output>
          </reporter-output>
        </test-method> <!-- verifyCompaniesUrl -->
        <test-method is-config="true" signature="tearDown()[pri:0, instance:com.zenken.freshers.user.Jobs@7d20d0b]" started-at="2024-12-31T15:12:49 IST" name="tearDown" finished-at="2024-12-31T15:12:49 IST" duration-ms="129" status="PASS">
          <reporter-output>
          </reporter-output>
        </test-method> <!-- tearDown -->
      </class> <!-- com.zenken.freshers.user.Jobs -->
    </test> <!-- Default test -->
  </suite> <!-- Default suite -->
</testng-results>
