<?xml version="1.0" encoding="UTF-8"?>
<testng-results ignored="0" total="28" passed="28" failed="0" skipped="0">
  <reporter-output>
  </reporter-output>
  <suite started-at="2024-07-18T16:21:10 IST" name="Default suite" finished-at="2024-07-18T16:23:36 IST" duration-ms="145197">
    <groups>
    </groups>
    <test started-at="2024-07-18T16:21:10 IST" name="Default test" finished-at="2024-07-18T16:23:36 IST" duration-ms="145197">
      <class name="com.zenken.freshers.user.Login">
        <test-method is-config="true" signature="setup(java.lang.reflect.Method)[pri:0, instance:com.zenken.freshers.user.Login@74ea2410]" started-at="2024-07-18T16:21:10 IST" name="setup" finished-at="2024-07-18T16:21:12 IST" duration-ms="1589" status="PASS">
          <params>
            <param index="0">
              <value>
                <![CDATA[public void com.zenken.freshers.user.Login.verifyCreateAccountUrl()]]>
              </value>
            </param>
          </params>
          <reporter-output>
          </reporter-output>
        </test-method> <!-- setup -->
        <test-method is-config="true" signature="setUpTest(org.testng.ITestResult)[pri:0, instance:com.zenken.freshers.user.Login@74ea2410]" started-at="2024-07-18T16:21:12 IST" name="setUpTest" finished-at="2024-07-18T16:21:14 IST" duration-ms="1720" status="PASS">
          <params>
            <param index="0">
              <value>
                <![CDATA[[TestResult name={null} status=CREATED method=Login.verifyCreateAccountUrl()[pri:0, instance:com.zenken.freshers.user.Login@74ea2410] output={null}]]]>
              </value>
            </param>
          </params>
          <reporter-output>
          </reporter-output>
        </test-method> <!-- setUpTest -->
        <test-method signature="verifyCreateAccountUrl()[pri:0, instance:com.zenken.freshers.user.Login@74ea2410]" started-at="2024-07-18T16:21:14 IST" name="verifyCreateAccountUrl" finished-at="2024-07-18T16:21:15 IST" duration-ms="857" status="PASS">
          <reporter-output>
          </reporter-output>
        </test-method> <!-- verifyCreateAccountUrl -->
        <test-method is-config="true" signature="tearDown()[pri:0, instance:com.zenken.freshers.user.Login@74ea2410]" started-at="2024-07-18T16:21:15 IST" name="tearDown" finished-at="2024-07-18T16:21:15 IST" duration-ms="176" status="PASS">
          <reporter-output>
          </reporter-output>
        </test-method> <!-- tearDown -->
        <test-method is-config="true" signature="setup(java.lang.reflect.Method)[pri:0, instance:com.zenken.freshers.user.Login@74ea2410]" started-at="2024-07-18T16:21:15 IST" name="setup" finished-at="2024-07-18T16:21:15 IST" duration-ms="734" status="PASS">
          <params>
            <param index="0">
              <value>
                <![CDATA[public void com.zenken.freshers.user.Login.verifyCredentialsMismatch()]]>
              </value>
            </param>
          </params>
          <reporter-output>
          </reporter-output>
        </test-method> <!-- setup -->
        <test-method is-config="true" signature="setUpTest(org.testng.ITestResult)[pri:0, instance:com.zenken.freshers.user.Login@74ea2410]" started-at="2024-07-18T16:21:15 IST" name="setUpTest" finished-at="2024-07-18T16:21:16 IST" duration-ms="897" status="PASS">
          <params>
            <param index="0">
              <value>
                <![CDATA[[TestResult name={null} status=CREATED method=Login.verifyCredentialsMismatch()[pri:0, instance:com.zenken.freshers.user.Login@74ea2410] output={null}]]]>
              </value>
            </param>
          </params>
          <reporter-output>
          </reporter-output>
        </test-method> <!-- setUpTest -->
        <test-method signature="verifyCredentialsMismatch()[pri:0, instance:com.zenken.freshers.user.Login@74ea2410]" started-at="2024-07-18T16:21:16 IST" name="verifyCredentialsMismatch" finished-at="2024-07-18T16:21:20 IST" duration-ms="3444" status="PASS">
          <reporter-output>
          </reporter-output>
        </test-method> <!-- verifyCredentialsMismatch -->
        <test-method is-config="true" signature="tearDown()[pri:0, instance:com.zenken.freshers.user.Login@74ea2410]" started-at="2024-07-18T16:21:20 IST" name="tearDown" finished-at="2024-07-18T16:21:20 IST" duration-ms="155" status="PASS">
          <reporter-output>
          </reporter-output>
        </test-method> <!-- tearDown -->
        <test-method is-config="true" signature="setup(java.lang.reflect.Method)[pri:0, instance:com.zenken.freshers.user.Login@74ea2410]" started-at="2024-07-18T16:21:20 IST" name="setup" finished-at="2024-07-18T16:21:21 IST" duration-ms="841" status="PASS">
          <params>
            <param index="0">
              <value>
                <![CDATA[public void com.zenken.freshers.user.Login.verifyEmailRequired()]]>
              </value>
            </param>
          </params>
          <reporter-output>
          </reporter-output>
        </test-method> <!-- setup -->
        <test-method is-config="true" signature="setUpTest(org.testng.ITestResult)[pri:0, instance:com.zenken.freshers.user.Login@74ea2410]" started-at="2024-07-18T16:21:21 IST" name="setUpTest" finished-at="2024-07-18T16:21:23 IST" duration-ms="1722" status="PASS">
          <params>
            <param index="0">
              <value>
                <![CDATA[[TestResult name={null} status=CREATED method=Login.verifyEmailRequired()[pri:0, instance:com.zenken.freshers.user.Login@74ea2410] output={null}]]]>
              </value>
            </param>
          </params>
          <reporter-output>
          </reporter-output>
        </test-method> <!-- setUpTest -->
        <test-method signature="verifyEmailRequired()[pri:0, instance:com.zenken.freshers.user.Login@74ea2410]" started-at="2024-07-18T16:21:23 IST" name="verifyEmailRequired" finished-at="2024-07-18T16:21:24 IST" duration-ms="1256" status="PASS">
          <reporter-output>
          </reporter-output>
        </test-method> <!-- verifyEmailRequired -->
        <test-method is-config="true" signature="tearDown()[pri:0, instance:com.zenken.freshers.user.Login@74ea2410]" started-at="2024-07-18T16:21:24 IST" name="tearDown" finished-at="2024-07-18T16:21:24 IST" duration-ms="234" status="PASS">
          <reporter-output>
          </reporter-output>
        </test-method> <!-- tearDown -->
        <test-method is-config="true" signature="setup(java.lang.reflect.Method)[pri:0, instance:com.zenken.freshers.user.Login@74ea2410]" started-at="2024-07-18T16:21:24 IST" name="setup" finished-at="2024-07-18T16:21:25 IST" duration-ms="833" status="PASS">
          <params>
            <param index="0">
              <value>
                <![CDATA[public void com.zenken.freshers.user.Login.verifyEmailRequiredOnForgotPasswordPage()]]>
              </value>
            </param>
          </params>
          <reporter-output>
          </reporter-output>
        </test-method> <!-- setup -->
        <test-method is-config="true" signature="setUpTest(org.testng.ITestResult)[pri:0, instance:com.zenken.freshers.user.Login@74ea2410]" started-at="2024-07-18T16:21:25 IST" name="setUpTest" finished-at="2024-07-18T16:21:27 IST" duration-ms="2051" status="PASS">
          <params>
            <param index="0">
              <value>
                <![CDATA[[TestResult name={null} status=CREATED method=Login.verifyEmailRequiredOnForgotPasswordPage()[pri:0, instance:com.zenken.freshers.user.Login@74ea2410] output={null}]]]>
              </value>
            </param>
          </params>
          <reporter-output>
          </reporter-output>
        </test-method> <!-- setUpTest -->
        <test-method signature="verifyEmailRequiredOnForgotPasswordPage()[pri:0, instance:com.zenken.freshers.user.Login@74ea2410]" started-at="2024-07-18T16:21:27 IST" name="verifyEmailRequiredOnForgotPasswordPage" finished-at="2024-07-18T16:21:29 IST" duration-ms="2084" status="PASS">
          <reporter-output>
          </reporter-output>
        </test-method> <!-- verifyEmailRequiredOnForgotPasswordPage -->
        <test-method is-config="true" signature="tearDown()[pri:0, instance:com.zenken.freshers.user.Login@74ea2410]" started-at="2024-07-18T16:21:29 IST" name="tearDown" finished-at="2024-07-18T16:21:29 IST" duration-ms="202" status="PASS">
          <reporter-output>
          </reporter-output>
        </test-method> <!-- tearDown -->
        <test-method is-config="true" signature="setup(java.lang.reflect.Method)[pri:0, instance:com.zenken.freshers.user.Login@74ea2410]" started-at="2024-07-18T16:21:29 IST" name="setup" finished-at="2024-07-18T16:21:30 IST" duration-ms="799" status="PASS">
          <params>
            <param index="0">
              <value>
                <![CDATA[public void com.zenken.freshers.user.Login.verifyForgotPasswordPageHeadline()]]>
              </value>
            </param>
          </params>
          <reporter-output>
          </reporter-output>
        </test-method> <!-- setup -->
        <test-method is-config="true" signature="setUpTest(org.testng.ITestResult)[pri:0, instance:com.zenken.freshers.user.Login@74ea2410]" started-at="2024-07-18T16:21:30 IST" name="setUpTest" finished-at="2024-07-18T16:21:34 IST" duration-ms="3754" status="PASS">
          <params>
            <param index="0">
              <value>
                <![CDATA[[TestResult name={null} status=CREATED method=Login.verifyForgotPasswordPageHeadline()[pri:0, instance:com.zenken.freshers.user.Login@74ea2410] output={null}]]]>
              </value>
            </param>
          </params>
          <reporter-output>
          </reporter-output>
        </test-method> <!-- setUpTest -->
        <test-method signature="verifyForgotPasswordPageHeadline()[pri:0, instance:com.zenken.freshers.user.Login@74ea2410]" started-at="2024-07-18T16:21:34 IST" name="verifyForgotPasswordPageHeadline" finished-at="2024-07-18T16:21:35 IST" duration-ms="906" status="PASS">
          <reporter-output>
          </reporter-output>
        </test-method> <!-- verifyForgotPasswordPageHeadline -->
        <test-method is-config="true" signature="tearDown()[pri:0, instance:com.zenken.freshers.user.Login@74ea2410]" started-at="2024-07-18T16:21:35 IST" name="tearDown" finished-at="2024-07-18T16:21:35 IST" duration-ms="165" status="PASS">
          <reporter-output>
          </reporter-output>
        </test-method> <!-- tearDown -->
        <test-method is-config="true" signature="setup(java.lang.reflect.Method)[pri:0, instance:com.zenken.freshers.user.Login@74ea2410]" started-at="2024-07-18T16:21:35 IST" name="setup" finished-at="2024-07-18T16:21:36 IST" duration-ms="750" status="PASS">
          <params>
            <param index="0">
              <value>
                <![CDATA[public void com.zenken.freshers.user.Login.verifyForgotPasswordPageTitle()]]>
              </value>
            </param>
          </params>
          <reporter-output>
          </reporter-output>
        </test-method> <!-- setup -->
        <test-method is-config="true" signature="setUpTest(org.testng.ITestResult)[pri:0, instance:com.zenken.freshers.user.Login@74ea2410]" started-at="2024-07-18T16:21:36 IST" name="setUpTest" finished-at="2024-07-18T16:21:36 IST" duration-ms="823" status="PASS">
          <params>
            <param index="0">
              <value>
                <![CDATA[[TestResult name={null} status=CREATED method=Login.verifyForgotPasswordPageTitle()[pri:0, instance:com.zenken.freshers.user.Login@74ea2410] output={null}]]]>
              </value>
            </param>
          </params>
          <reporter-output>
          </reporter-output>
        </test-method> <!-- setUpTest -->
        <test-method signature="verifyForgotPasswordPageTitle()[pri:0, instance:com.zenken.freshers.user.Login@74ea2410]" started-at="2024-07-18T16:21:36 IST" name="verifyForgotPasswordPageTitle" finished-at="2024-07-18T16:21:40 IST" duration-ms="3811" status="PASS">
          <reporter-output>
          </reporter-output>
        </test-method> <!-- verifyForgotPasswordPageTitle -->
        <test-method is-config="true" signature="tearDown()[pri:0, instance:com.zenken.freshers.user.Login@74ea2410]" started-at="2024-07-18T16:21:40 IST" name="tearDown" finished-at="2024-07-18T16:21:40 IST" duration-ms="194" status="PASS">
          <reporter-output>
          </reporter-output>
        </test-method> <!-- tearDown -->
        <test-method is-config="true" signature="setup(java.lang.reflect.Method)[pri:0, instance:com.zenken.freshers.user.Login@74ea2410]" started-at="2024-07-18T16:21:40 IST" name="setup" finished-at="2024-07-18T16:21:41 IST" duration-ms="823" status="PASS">
          <params>
            <param index="0">
              <value>
                <![CDATA[public void com.zenken.freshers.user.Login.verifyForgotPasswordUrl()]]>
              </value>
            </param>
          </params>
          <reporter-output>
          </reporter-output>
        </test-method> <!-- setup -->
        <test-method is-config="true" signature="setUpTest(org.testng.ITestResult)[pri:0, instance:com.zenken.freshers.user.Login@74ea2410]" started-at="2024-07-18T16:21:41 IST" name="setUpTest" finished-at="2024-07-18T16:21:43 IST" duration-ms="1905" status="PASS">
          <params>
            <param index="0">
              <value>
                <![CDATA[[TestResult name={null} status=CREATED method=Login.verifyForgotPasswordUrl()[pri:0, instance:com.zenken.freshers.user.Login@74ea2410] output={null}]]]>
              </value>
            </param>
          </params>
          <reporter-output>
          </reporter-output>
        </test-method> <!-- setUpTest -->
        <test-method signature="verifyForgotPasswordUrl()[pri:0, instance:com.zenken.freshers.user.Login@74ea2410]" started-at="2024-07-18T16:21:43 IST" name="verifyForgotPasswordUrl" finished-at="2024-07-18T16:21:44 IST" duration-ms="737" status="PASS">
          <reporter-output>
          </reporter-output>
        </test-method> <!-- verifyForgotPasswordUrl -->
        <test-method is-config="true" signature="tearDown()[pri:0, instance:com.zenken.freshers.user.Login@74ea2410]" started-at="2024-07-18T16:21:44 IST" name="tearDown" finished-at="2024-07-18T16:21:44 IST" duration-ms="182" status="PASS">
          <reporter-output>
          </reporter-output>
        </test-method> <!-- tearDown -->
        <test-method is-config="true" signature="setup(java.lang.reflect.Method)[pri:0, instance:com.zenken.freshers.user.Login@74ea2410]" started-at="2024-07-18T16:21:44 IST" name="setup" finished-at="2024-07-18T16:21:45 IST" duration-ms="873" status="PASS">
          <params>
            <param index="0">
              <value>
                <![CDATA[public void com.zenken.freshers.user.Login.verifyHeadLineText()]]>
              </value>
            </param>
          </params>
          <reporter-output>
          </reporter-output>
        </test-method> <!-- setup -->
        <test-method is-config="true" signature="setUpTest(org.testng.ITestResult)[pri:0, instance:com.zenken.freshers.user.Login@74ea2410]" started-at="2024-07-18T16:21:45 IST" name="setUpTest" finished-at="2024-07-18T16:21:47 IST" duration-ms="2034" status="PASS">
          <params>
            <param index="0">
              <value>
                <![CDATA[[TestResult name={null} status=CREATED method=Login.verifyHeadLineText()[pri:0, instance:com.zenken.freshers.user.Login@74ea2410] output={null}]]]>
              </value>
            </param>
          </params>
          <reporter-output>
          </reporter-output>
        </test-method> <!-- setUpTest -->
        <test-method signature="verifyHeadLineText()[pri:0, instance:com.zenken.freshers.user.Login@74ea2410]" started-at="2024-07-18T16:21:47 IST" name="verifyHeadLineText" finished-at="2024-07-18T16:21:47 IST" duration-ms="34" status="PASS">
          <reporter-output>
          </reporter-output>
        </test-method> <!-- verifyHeadLineText -->
        <test-method is-config="true" signature="tearDown()[pri:0, instance:com.zenken.freshers.user.Login@74ea2410]" started-at="2024-07-18T16:21:47 IST" name="tearDown" finished-at="2024-07-18T16:21:47 IST" duration-ms="176" status="PASS">
          <reporter-output>
          </reporter-output>
        </test-method> <!-- tearDown -->
        <test-method is-config="true" signature="setup(java.lang.reflect.Method)[pri:0, instance:com.zenken.freshers.user.Login@74ea2410]" started-at="2024-07-18T16:21:47 IST" name="setup" finished-at="2024-07-18T16:21:48 IST" duration-ms="730" status="PASS">
          <params>
            <param index="0">
              <value>
                <![CDATA[public void com.zenken.freshers.user.Login.verifyInvalidEmail()]]>
              </value>
            </param>
          </params>
          <reporter-output>
          </reporter-output>
        </test-method> <!-- setup -->
        <test-method is-config="true" signature="setUpTest(org.testng.ITestResult)[pri:0, instance:com.zenken.freshers.user.Login@74ea2410]" started-at="2024-07-18T16:21:48 IST" name="setUpTest" finished-at="2024-07-18T16:21:49 IST" duration-ms="954" status="PASS">
          <params>
            <param index="0">
              <value>
                <![CDATA[[TestResult name={null} status=CREATED method=Login.verifyInvalidEmail()[pri:0, instance:com.zenken.freshers.user.Login@74ea2410] output={null}]]]>
              </value>
            </param>
          </params>
          <reporter-output>
          </reporter-output>
        </test-method> <!-- setUpTest -->
        <test-method signature="verifyInvalidEmail()[pri:0, instance:com.zenken.freshers.user.Login@74ea2410]" started-at="2024-07-18T16:21:49 IST" name="verifyInvalidEmail" finished-at="2024-07-18T16:21:51 IST" duration-ms="2314" status="PASS">
          <reporter-output>
          </reporter-output>
        </test-method> <!-- verifyInvalidEmail -->
        <test-method is-config="true" signature="tearDown()[pri:0, instance:com.zenken.freshers.user.Login@74ea2410]" started-at="2024-07-18T16:21:51 IST" name="tearDown" finished-at="2024-07-18T16:21:51 IST" duration-ms="160" status="PASS">
          <reporter-output>
          </reporter-output>
        </test-method> <!-- tearDown -->
        <test-method is-config="true" signature="setup(java.lang.reflect.Method)[pri:0, instance:com.zenken.freshers.user.Login@74ea2410]" started-at="2024-07-18T16:21:51 IST" name="setup" finished-at="2024-07-18T16:21:52 IST" duration-ms="774" status="PASS">
          <params>
            <param index="0">
              <value>
                <![CDATA[public void com.zenken.freshers.user.Login.verifyInvalidEmailOnForgotPasswordPage()]]>
              </value>
            </param>
          </params>
          <reporter-output>
          </reporter-output>
        </test-method> <!-- setup -->
        <test-method is-config="true" signature="setUpTest(org.testng.ITestResult)[pri:0, instance:com.zenken.freshers.user.Login@74ea2410]" started-at="2024-07-18T16:21:52 IST" name="setUpTest" finished-at="2024-07-18T16:21:54 IST" duration-ms="1997" status="PASS">
          <params>
            <param index="0">
              <value>
                <![CDATA[[TestResult name={null} status=CREATED method=Login.verifyInvalidEmailOnForgotPasswordPage()[pri:0, instance:com.zenken.freshers.user.Login@74ea2410] output={null}]]]>
              </value>
            </param>
          </params>
          <reporter-output>
          </reporter-output>
        </test-method> <!-- setUpTest -->
        <test-method signature="verifyInvalidEmailOnForgotPasswordPage()[pri:0, instance:com.zenken.freshers.user.Login@74ea2410]" started-at="2024-07-18T16:21:54 IST" name="verifyInvalidEmailOnForgotPasswordPage" finished-at="2024-07-18T16:21:56 IST" duration-ms="2286" status="PASS">
          <reporter-output>
          </reporter-output>
        </test-method> <!-- verifyInvalidEmailOnForgotPasswordPage -->
        <test-method is-config="true" signature="tearDown()[pri:0, instance:com.zenken.freshers.user.Login@74ea2410]" started-at="2024-07-18T16:21:56 IST" name="tearDown" finished-at="2024-07-18T16:21:57 IST" duration-ms="187" status="PASS">
          <reporter-output>
          </reporter-output>
        </test-method> <!-- tearDown -->
        <test-method is-config="true" signature="setup(java.lang.reflect.Method)[pri:0, instance:com.zenken.freshers.user.Login@74ea2410]" started-at="2024-07-18T16:21:57 IST" name="setup" finished-at="2024-07-18T16:21:57 IST" duration-ms="725" status="PASS">
          <params>
            <param index="0">
              <value>
                <![CDATA[public void com.zenken.freshers.user.Login.verifyInvalidPassword1OnResetPasswordPage()]]>
              </value>
            </param>
          </params>
          <reporter-output>
          </reporter-output>
        </test-method> <!-- setup -->
        <test-method is-config="true" signature="setUpTest(org.testng.ITestResult)[pri:0, instance:com.zenken.freshers.user.Login@74ea2410]" started-at="2024-07-18T16:21:57 IST" name="setUpTest" finished-at="2024-07-18T16:21:59 IST" duration-ms="1907" status="PASS">
          <params>
            <param index="0">
              <value>
                <![CDATA[[TestResult name={null} status=CREATED method=Login.verifyInvalidPassword1OnResetPasswordPage()[pri:0, instance:com.zenken.freshers.user.Login@74ea2410] output={null}]]]>
              </value>
            </param>
          </params>
          <reporter-output>
          </reporter-output>
        </test-method> <!-- setUpTest -->
        <test-method signature="verifyInvalidPassword1OnResetPasswordPage()[pri:0, instance:com.zenken.freshers.user.Login@74ea2410]" started-at="2024-07-18T16:21:59 IST" name="verifyInvalidPassword1OnResetPasswordPage" finished-at="2024-07-18T16:22:02 IST" duration-ms="2926" status="PASS">
          <reporter-output>
          </reporter-output>
        </test-method> <!-- verifyInvalidPassword1OnResetPasswordPage -->
        <test-method is-config="true" signature="tearDown()[pri:0, instance:com.zenken.freshers.user.Login@74ea2410]" started-at="2024-07-18T16:22:02 IST" name="tearDown" finished-at="2024-07-18T16:22:02 IST" duration-ms="165" status="PASS">
          <reporter-output>
          </reporter-output>
        </test-method> <!-- tearDown -->
        <test-method is-config="true" signature="setup(java.lang.reflect.Method)[pri:0, instance:com.zenken.freshers.user.Login@74ea2410]" started-at="2024-07-18T16:22:02 IST" name="setup" finished-at="2024-07-18T16:22:03 IST" duration-ms="717" status="PASS">
          <params>
            <param index="0">
              <value>
                <![CDATA[public void com.zenken.freshers.user.Login.verifyInvalidPassword2OnResetPasswordPage()]]>
              </value>
            </param>
          </params>
          <reporter-output>
          </reporter-output>
        </test-method> <!-- setup -->
        <test-method is-config="true" signature="setUpTest(org.testng.ITestResult)[pri:0, instance:com.zenken.freshers.user.Login@74ea2410]" started-at="2024-07-18T16:22:03 IST" name="setUpTest" finished-at="2024-07-18T16:22:05 IST" duration-ms="1814" status="PASS">
          <params>
            <param index="0">
              <value>
                <![CDATA[[TestResult name={null} status=CREATED method=Login.verifyInvalidPassword2OnResetPasswordPage()[pri:0, instance:com.zenken.freshers.user.Login@74ea2410] output={null}]]]>
              </value>
            </param>
          </params>
          <reporter-output>
          </reporter-output>
        </test-method> <!-- setUpTest -->
        <test-method signature="verifyInvalidPassword2OnResetPasswordPage()[pri:0, instance:com.zenken.freshers.user.Login@74ea2410]" started-at="2024-07-18T16:22:05 IST" name="verifyInvalidPassword2OnResetPasswordPage" finished-at="2024-07-18T16:22:08 IST" duration-ms="3118" status="PASS">
          <reporter-output>
          </reporter-output>
        </test-method> <!-- verifyInvalidPassword2OnResetPasswordPage -->
        <test-method is-config="true" signature="tearDown()[pri:0, instance:com.zenken.freshers.user.Login@74ea2410]" started-at="2024-07-18T16:22:08 IST" name="tearDown" finished-at="2024-07-18T16:22:08 IST" duration-ms="178" status="PASS">
          <reporter-output>
          </reporter-output>
        </test-method> <!-- tearDown -->
        <test-method is-config="true" signature="setup(java.lang.reflect.Method)[pri:0, instance:com.zenken.freshers.user.Login@74ea2410]" started-at="2024-07-18T16:22:08 IST" name="setup" finished-at="2024-07-18T16:22:09 IST" duration-ms="782" status="PASS">
          <params>
            <param index="0">
              <value>
                <![CDATA[public void com.zenken.freshers.user.Login.verifyInvalidPassword3OnResetPasswordPage()]]>
              </value>
            </param>
          </params>
          <reporter-output>
          </reporter-output>
        </test-method> <!-- setup -->
        <test-method is-config="true" signature="setUpTest(org.testng.ITestResult)[pri:0, instance:com.zenken.freshers.user.Login@74ea2410]" started-at="2024-07-18T16:22:09 IST" name="setUpTest" finished-at="2024-07-18T16:22:13 IST" duration-ms="3861" status="PASS">
          <params>
            <param index="0">
              <value>
                <![CDATA[[TestResult name={null} status=CREATED method=Login.verifyInvalidPassword3OnResetPasswordPage()[pri:0, instance:com.zenken.freshers.user.Login@74ea2410] output={null}]]]>
              </value>
            </param>
          </params>
          <reporter-output>
          </reporter-output>
        </test-method> <!-- setUpTest -->
        <test-method signature="verifyInvalidPassword3OnResetPasswordPage()[pri:0, instance:com.zenken.freshers.user.Login@74ea2410]" started-at="2024-07-18T16:22:13 IST" name="verifyInvalidPassword3OnResetPasswordPage" finished-at="2024-07-18T16:22:16 IST" duration-ms="2988" status="PASS">
          <reporter-output>
          </reporter-output>
        </test-method> <!-- verifyInvalidPassword3OnResetPasswordPage -->
        <test-method is-config="true" signature="tearDown()[pri:0, instance:com.zenken.freshers.user.Login@74ea2410]" started-at="2024-07-18T16:22:16 IST" name="tearDown" finished-at="2024-07-18T16:22:16 IST" duration-ms="163" status="PASS">
          <reporter-output>
          </reporter-output>
        </test-method> <!-- tearDown -->
        <test-method is-config="true" signature="setup(java.lang.reflect.Method)[pri:0, instance:com.zenken.freshers.user.Login@74ea2410]" started-at="2024-07-18T16:22:16 IST" name="setup" finished-at="2024-07-18T16:22:17 IST" duration-ms="724" status="PASS">
          <params>
            <param index="0">
              <value>
                <![CDATA[public void com.zenken.freshers.user.Login.verifyInvalidPassword4OnResetPasswordPage()]]>
              </value>
            </param>
          </params>
          <reporter-output>
          </reporter-output>
        </test-method> <!-- setup -->
        <test-method is-config="true" signature="setUpTest(org.testng.ITestResult)[pri:0, instance:com.zenken.freshers.user.Login@74ea2410]" started-at="2024-07-18T16:22:17 IST" name="setUpTest" finished-at="2024-07-18T16:22:20 IST" duration-ms="3681" status="PASS">
          <params>
            <param index="0">
              <value>
                <![CDATA[[TestResult name={null} status=CREATED method=Login.verifyInvalidPassword4OnResetPasswordPage()[pri:0, instance:com.zenken.freshers.user.Login@74ea2410] output={null}]]]>
              </value>
            </param>
          </params>
          <reporter-output>
          </reporter-output>
        </test-method> <!-- setUpTest -->
        <test-method signature="verifyInvalidPassword4OnResetPasswordPage()[pri:0, instance:com.zenken.freshers.user.Login@74ea2410]" started-at="2024-07-18T16:22:20 IST" name="verifyInvalidPassword4OnResetPasswordPage" finished-at="2024-07-18T16:22:24 IST" duration-ms="3230" status="PASS">
          <reporter-output>
          </reporter-output>
        </test-method> <!-- verifyInvalidPassword4OnResetPasswordPage -->
        <test-method is-config="true" signature="tearDown()[pri:0, instance:com.zenken.freshers.user.Login@74ea2410]" started-at="2024-07-18T16:22:24 IST" name="tearDown" finished-at="2024-07-18T16:22:24 IST" duration-ms="205" status="PASS">
          <reporter-output>
          </reporter-output>
        </test-method> <!-- tearDown -->
        <test-method is-config="true" signature="setup(java.lang.reflect.Method)[pri:0, instance:com.zenken.freshers.user.Login@74ea2410]" started-at="2024-07-18T16:22:24 IST" name="setup" finished-at="2024-07-18T16:22:25 IST" duration-ms="697" status="PASS">
          <params>
            <param index="0">
              <value>
                <![CDATA[public void com.zenken.freshers.user.Login.verifyInvalidTokenOnResetPasswordPage()]]>
              </value>
            </param>
          </params>
          <reporter-output>
          </reporter-output>
        </test-method> <!-- setup -->
        <test-method is-config="true" signature="setUpTest(org.testng.ITestResult)[pri:0, instance:com.zenken.freshers.user.Login@74ea2410]" started-at="2024-07-18T16:22:25 IST" name="setUpTest" finished-at="2024-07-18T16:22:28 IST" duration-ms="3135" status="PASS">
          <params>
            <param index="0">
              <value>
                <![CDATA[[TestResult name={null} status=CREATED method=Login.verifyInvalidTokenOnResetPasswordPage()[pri:0, instance:com.zenken.freshers.user.Login@74ea2410] output={null}]]]>
              </value>
            </param>
          </params>
          <reporter-output>
          </reporter-output>
        </test-method> <!-- setUpTest -->
        <test-method signature="verifyInvalidTokenOnResetPasswordPage()[pri:0, instance:com.zenken.freshers.user.Login@74ea2410]" started-at="2024-07-18T16:22:28 IST" name="verifyInvalidTokenOnResetPasswordPage" finished-at="2024-07-18T16:22:31 IST" duration-ms="3339" status="PASS">
          <reporter-output>
          </reporter-output>
        </test-method> <!-- verifyInvalidTokenOnResetPasswordPage -->
        <test-method is-config="true" signature="tearDown()[pri:0, instance:com.zenken.freshers.user.Login@74ea2410]" started-at="2024-07-18T16:22:31 IST" name="tearDown" finished-at="2024-07-18T16:22:31 IST" duration-ms="167" status="PASS">
          <reporter-output>
          </reporter-output>
        </test-method> <!-- tearDown -->
        <test-method is-config="true" signature="setup(java.lang.reflect.Method)[pri:0, instance:com.zenken.freshers.user.Login@74ea2410]" started-at="2024-07-18T16:22:31 IST" name="setup" finished-at="2024-07-18T16:22:32 IST" duration-ms="691" status="PASS">
          <params>
            <param index="0">
              <value>
                <![CDATA[public void com.zenken.freshers.user.Login.verifyNonExistentEmailOnForgotPasswordPage()]]>
              </value>
            </param>
          </params>
          <reporter-output>
          </reporter-output>
        </test-method> <!-- setup -->
        <test-method is-config="true" signature="setUpTest(org.testng.ITestResult)[pri:0, instance:com.zenken.freshers.user.Login@74ea2410]" started-at="2024-07-18T16:22:32 IST" name="setUpTest" finished-at="2024-07-18T16:22:34 IST" duration-ms="1806" status="PASS">
          <params>
            <param index="0">
              <value>
                <![CDATA[[TestResult name={null} status=CREATED method=Login.verifyNonExistentEmailOnForgotPasswordPage()[pri:0, instance:com.zenken.freshers.user.Login@74ea2410] output={null}]]]>
              </value>
            </param>
          </params>
          <reporter-output>
          </reporter-output>
        </test-method> <!-- setUpTest -->
        <test-method signature="verifyNonExistentEmailOnForgotPasswordPage()[pri:0, instance:com.zenken.freshers.user.Login@74ea2410]" started-at="2024-07-18T16:22:34 IST" name="verifyNonExistentEmailOnForgotPasswordPage" finished-at="2024-07-18T16:22:36 IST" duration-ms="2038" status="PASS">
          <reporter-output>
          </reporter-output>
        </test-method> <!-- verifyNonExistentEmailOnForgotPasswordPage -->
        <test-method is-config="true" signature="tearDown()[pri:0, instance:com.zenken.freshers.user.Login@74ea2410]" started-at="2024-07-18T16:22:36 IST" name="tearDown" finished-at="2024-07-18T16:22:36 IST" duration-ms="177" status="PASS">
          <reporter-output>
          </reporter-output>
        </test-method> <!-- tearDown -->
        <test-method is-config="true" signature="setup(java.lang.reflect.Method)[pri:0, instance:com.zenken.freshers.user.Login@74ea2410]" started-at="2024-07-18T16:22:36 IST" name="setup" finished-at="2024-07-18T16:22:37 IST" duration-ms="700" status="PASS">
          <params>
            <param index="0">
              <value>
                <![CDATA[public void com.zenken.freshers.user.Login.verifyPasswordRequired()]]>
              </value>
            </param>
          </params>
          <reporter-output>
          </reporter-output>
        </test-method> <!-- setup -->
        <test-method is-config="true" signature="setUpTest(org.testng.ITestResult)[pri:0, instance:com.zenken.freshers.user.Login@74ea2410]" started-at="2024-07-18T16:22:37 IST" name="setUpTest" finished-at="2024-07-18T16:22:39 IST" duration-ms="2109" status="PASS">
          <params>
            <param index="0">
              <value>
                <![CDATA[[TestResult name={null} status=CREATED method=Login.verifyPasswordRequired()[pri:0, instance:com.zenken.freshers.user.Login@74ea2410] output={null}]]]>
              </value>
            </param>
          </params>
          <reporter-output>
          </reporter-output>
        </test-method> <!-- setUpTest -->
        <test-method signature="verifyPasswordRequired()[pri:0, instance:com.zenken.freshers.user.Login@74ea2410]" started-at="2024-07-18T16:22:39 IST" name="verifyPasswordRequired" finished-at="2024-07-18T16:22:40 IST" duration-ms="1559" status="PASS">
          <reporter-output>
          </reporter-output>
        </test-method> <!-- verifyPasswordRequired -->
        <test-method is-config="true" signature="tearDown()[pri:0, instance:com.zenken.freshers.user.Login@74ea2410]" started-at="2024-07-18T16:22:40 IST" name="tearDown" finished-at="2024-07-18T16:22:40 IST" duration-ms="164" status="PASS">
          <reporter-output>
          </reporter-output>
        </test-method> <!-- tearDown -->
        <test-method is-config="true" signature="setup(java.lang.reflect.Method)[pri:0, instance:com.zenken.freshers.user.Login@74ea2410]" started-at="2024-07-18T16:22:40 IST" name="setup" finished-at="2024-07-18T16:22:41 IST" duration-ms="836" status="PASS">
          <params>
            <param index="0">
              <value>
                <![CDATA[public void com.zenken.freshers.user.Login.verifySamePasswordOnResetPasswordPage()]]>
              </value>
            </param>
          </params>
          <reporter-output>
          </reporter-output>
        </test-method> <!-- setup -->
        <test-method is-config="true" signature="setUpTest(org.testng.ITestResult)[pri:0, instance:com.zenken.freshers.user.Login@74ea2410]" started-at="2024-07-18T16:22:41 IST" name="setUpTest" finished-at="2024-07-18T16:22:43 IST" duration-ms="1896" status="PASS">
          <params>
            <param index="0">
              <value>
                <![CDATA[[TestResult name={null} status=CREATED method=Login.verifySamePasswordOnResetPasswordPage()[pri:0, instance:com.zenken.freshers.user.Login@74ea2410] output={null}]]]>
              </value>
            </param>
          </params>
          <reporter-output>
          </reporter-output>
        </test-method> <!-- setUpTest -->
        <test-method signature="verifySamePasswordOnResetPasswordPage()[pri:0, instance:com.zenken.freshers.user.Login@74ea2410]" started-at="2024-07-18T16:22:43 IST" name="verifySamePasswordOnResetPasswordPage" finished-at="2024-07-18T16:22:46 IST" duration-ms="2944" status="PASS">
          <reporter-output>
          </reporter-output>
        </test-method> <!-- verifySamePasswordOnResetPasswordPage -->
        <test-method is-config="true" signature="tearDown()[pri:0, instance:com.zenken.freshers.user.Login@74ea2410]" started-at="2024-07-18T16:22:46 IST" name="tearDown" finished-at="2024-07-18T16:22:46 IST" duration-ms="168" status="PASS">
          <reporter-output>
          </reporter-output>
        </test-method> <!-- tearDown -->
        <test-method is-config="true" signature="setup(java.lang.reflect.Method)[pri:0, instance:com.zenken.freshers.user.Login@74ea2410]" started-at="2024-07-18T16:22:46 IST" name="setup" finished-at="2024-07-18T16:22:47 IST" duration-ms="678" status="PASS">
          <params>
            <param index="0">
              <value>
                <![CDATA[public void com.zenken.freshers.user.Login.verifyTitle()]]>
              </value>
            </param>
          </params>
          <reporter-output>
          </reporter-output>
        </test-method> <!-- setup -->
        <test-method is-config="true" signature="setUpTest(org.testng.ITestResult)[pri:0, instance:com.zenken.freshers.user.Login@74ea2410]" started-at="2024-07-18T16:22:47 IST" name="setUpTest" finished-at="2024-07-18T16:22:49 IST" duration-ms="1891" status="PASS">
          <params>
            <param index="0">
              <value>
                <![CDATA[[TestResult name={null} status=CREATED method=Login.verifyTitle()[pri:0, instance:com.zenken.freshers.user.Login@74ea2410] output={null}]]]>
              </value>
            </param>
          </params>
          <reporter-output>
          </reporter-output>
        </test-method> <!-- setUpTest -->
        <test-method signature="verifyTitle()[pri:0, instance:com.zenken.freshers.user.Login@74ea2410]" started-at="2024-07-18T16:22:49 IST" name="verifyTitle" finished-at="2024-07-18T16:22:49 IST" duration-ms="10" status="PASS">
          <reporter-output>
          </reporter-output>
        </test-method> <!-- verifyTitle -->
        <test-method is-config="true" signature="tearDown()[pri:0, instance:com.zenken.freshers.user.Login@74ea2410]" started-at="2024-07-18T16:22:49 IST" name="tearDown" finished-at="2024-07-18T16:22:49 IST" duration-ms="183" status="PASS">
          <reporter-output>
          </reporter-output>
        </test-method> <!-- tearDown -->
        <test-method is-config="true" signature="setup(java.lang.reflect.Method)[pri:0, instance:com.zenken.freshers.user.Login@74ea2410]" started-at="2024-07-18T16:22:49 IST" name="setup" finished-at="2024-07-18T16:22:50 IST" duration-ms="793" status="PASS">
          <params>
            <param index="0">
              <value>
                <![CDATA[public void com.zenken.freshers.user.Login.verifyUserLogIn()]]>
              </value>
            </param>
          </params>
          <reporter-output>
          </reporter-output>
        </test-method> <!-- setup -->
        <test-method is-config="true" signature="setUpTest(org.testng.ITestResult)[pri:0, instance:com.zenken.freshers.user.Login@74ea2410]" started-at="2024-07-18T16:22:50 IST" name="setUpTest" finished-at="2024-07-18T16:22:52 IST" duration-ms="2065" status="PASS">
          <params>
            <param index="0">
              <value>
                <![CDATA[[TestResult name={null} status=CREATED method=Login.verifyUserLogIn()[pri:0, instance:com.zenken.freshers.user.Login@74ea2410] output={null}]]]>
              </value>
            </param>
          </params>
          <reporter-output>
          </reporter-output>
        </test-method> <!-- setUpTest -->
        <test-method signature="verifyUserLogIn()[pri:0, instance:com.zenken.freshers.user.Login@74ea2410]" started-at="2024-07-18T16:22:52 IST" name="verifyUserLogIn" finished-at="2024-07-18T16:22:56 IST" duration-ms="4024" status="PASS">
          <reporter-output>
          </reporter-output>
        </test-method> <!-- verifyUserLogIn -->
        <test-method is-config="true" signature="tearDown()[pri:0, instance:com.zenken.freshers.user.Login@74ea2410]" started-at="2024-07-18T16:22:56 IST" name="tearDown" finished-at="2024-07-18T16:22:56 IST" duration-ms="210" status="PASS">
          <reporter-output>
          </reporter-output>
        </test-method> <!-- tearDown -->
        <test-method is-config="true" signature="setup(java.lang.reflect.Method)[pri:0, instance:com.zenken.freshers.user.Login@74ea2410]" started-at="2024-07-18T16:22:56 IST" name="setup" finished-at="2024-07-18T16:22:57 IST" duration-ms="726" status="PASS">
          <params>
            <param index="0">
              <value>
                <![CDATA[public void com.zenken.freshers.user.Login.verifyPasswordResetMailSend()]]>
              </value>
            </param>
          </params>
          <reporter-output>
          </reporter-output>
        </test-method> <!-- setup -->
        <test-method is-config="true" signature="setUpTest(org.testng.ITestResult)[pri:0, instance:com.zenken.freshers.user.Login@74ea2410]" started-at="2024-07-18T16:22:57 IST" name="setUpTest" finished-at="2024-07-18T16:22:59 IST" duration-ms="1942" status="PASS">
          <params>
            <param index="0">
              <value>
                <![CDATA[[TestResult name={null} status=CREATED method=Login.verifyPasswordResetMailSend()[pri:1, instance:com.zenken.freshers.user.Login@74ea2410] output={null}]]]>
              </value>
            </param>
          </params>
          <reporter-output>
          </reporter-output>
        </test-method> <!-- setUpTest -->
        <test-method signature="verifyPasswordResetMailSend()[pri:1, instance:com.zenken.freshers.user.Login@74ea2410]" started-at="2024-07-18T16:22:59 IST" name="verifyPasswordResetMailSend" finished-at="2024-07-18T16:23:02 IST" duration-ms="3430" status="PASS">
          <reporter-output>
          </reporter-output>
        </test-method> <!-- verifyPasswordResetMailSend -->
        <test-method is-config="true" signature="tearDown()[pri:0, instance:com.zenken.freshers.user.Login@74ea2410]" started-at="2024-07-18T16:23:02 IST" name="tearDown" finished-at="2024-07-18T16:23:02 IST" duration-ms="164" status="PASS">
          <reporter-output>
          </reporter-output>
        </test-method> <!-- tearDown -->
        <test-method is-config="true" signature="setup(java.lang.reflect.Method)[pri:0, instance:com.zenken.freshers.user.Login@74ea2410]" started-at="2024-07-18T16:23:02 IST" name="setup" finished-at="2024-07-18T16:23:03 IST" duration-ms="757" status="PASS">
          <params>
            <param index="0">
              <value>
                <![CDATA[public void com.zenken.freshers.user.Login.verifySameMailSendWithinMinute()]]>
              </value>
            </param>
          </params>
          <reporter-output>
          </reporter-output>
        </test-method> <!-- setup -->
        <test-method is-config="true" signature="setUpTest(org.testng.ITestResult)[pri:0, instance:com.zenken.freshers.user.Login@74ea2410]" started-at="2024-07-18T16:23:03 IST" name="setUpTest" finished-at="2024-07-18T16:23:07 IST" duration-ms="4111" status="PASS">
          <params>
            <param index="0">
              <value>
                <![CDATA[[TestResult name={null} status=CREATED method=Login.verifySameMailSendWithinMinute()[pri:2, instance:com.zenken.freshers.user.Login@74ea2410] output={null}]]]>
              </value>
            </param>
          </params>
          <reporter-output>
          </reporter-output>
        </test-method> <!-- setUpTest -->
        <test-method signature="verifySameMailSendWithinMinute()[pri:2, instance:com.zenken.freshers.user.Login@74ea2410]" started-at="2024-07-18T16:23:07 IST" name="verifySameMailSendWithinMinute" finished-at="2024-07-18T16:23:10 IST" duration-ms="2525" status="PASS">
          <reporter-output>
          </reporter-output>
        </test-method> <!-- verifySameMailSendWithinMinute -->
        <test-method is-config="true" signature="tearDown()[pri:0, instance:com.zenken.freshers.user.Login@74ea2410]" started-at="2024-07-18T16:23:10 IST" name="tearDown" finished-at="2024-07-18T16:23:10 IST" duration-ms="187" status="PASS">
          <reporter-output>
          </reporter-output>
        </test-method> <!-- tearDown -->
        <test-method is-config="true" signature="setup(java.lang.reflect.Method)[pri:0, instance:com.zenken.freshers.user.Login@74ea2410]" started-at="2024-07-18T16:23:10 IST" name="setup" finished-at="2024-07-18T16:23:11 IST" duration-ms="886" status="PASS">
          <params>
            <param index="0">
              <value>
                <![CDATA[public void com.zenken.freshers.user.Login.verifyPasswordResetEmail() throws com.mailslurp.clients.ApiException]]>
              </value>
            </param>
          </params>
          <reporter-output>
          </reporter-output>
        </test-method> <!-- setup -->
        <test-method is-config="true" signature="setUpTest(org.testng.ITestResult)[pri:0, instance:com.zenken.freshers.user.Login@74ea2410]" started-at="2024-07-18T16:23:11 IST" name="setUpTest" finished-at="2024-07-18T16:23:14 IST" duration-ms="3374" status="PASS">
          <params>
            <param index="0">
              <value>
                <![CDATA[[TestResult name={null} status=CREATED method=Login.verifyPasswordResetEmail()[pri:3, instance:com.zenken.freshers.user.Login@74ea2410] output={null}]]]>
              </value>
            </param>
          </params>
          <reporter-output>
          </reporter-output>
        </test-method> <!-- setUpTest -->
        <test-method signature="verifyPasswordResetEmail()[pri:3, instance:com.zenken.freshers.user.Login@74ea2410]" started-at="2024-07-18T16:23:14 IST" name="verifyPasswordResetEmail" finished-at="2024-07-18T16:23:16 IST" duration-ms="2149" status="PASS">
          <reporter-output>
          </reporter-output>
        </test-method> <!-- verifyPasswordResetEmail -->
        <test-method is-config="true" signature="tearDown()[pri:0, instance:com.zenken.freshers.user.Login@74ea2410]" started-at="2024-07-18T16:23:16 IST" name="tearDown" finished-at="2024-07-18T16:23:17 IST" duration-ms="167" status="PASS">
          <reporter-output>
          </reporter-output>
        </test-method> <!-- tearDown -->
        <test-method is-config="true" signature="setup(java.lang.reflect.Method)[pri:0, instance:com.zenken.freshers.user.Login@74ea2410]" started-at="2024-07-18T16:23:17 IST" name="setup" finished-at="2024-07-18T16:23:17 IST" duration-ms="744" status="PASS">
          <params>
            <param index="0">
              <value>
                <![CDATA[public void com.zenken.freshers.user.Login.verifyPasswordResetLink() throws com.mailslurp.clients.ApiException]]>
              </value>
            </param>
          </params>
          <reporter-output>
          </reporter-output>
        </test-method> <!-- setup -->
        <test-method is-config="true" signature="setUpTest(org.testng.ITestResult)[pri:0, instance:com.zenken.freshers.user.Login@74ea2410]" started-at="2024-07-18T16:23:17 IST" name="setUpTest" finished-at="2024-07-18T16:23:19 IST" duration-ms="1909" status="PASS">
          <params>
            <param index="0">
              <value>
                <![CDATA[[TestResult name={null} status=CREATED method=Login.verifyPasswordResetLink()[pri:4, instance:com.zenken.freshers.user.Login@74ea2410] output={null}]]]>
              </value>
            </param>
          </params>
          <reporter-output>
          </reporter-output>
        </test-method> <!-- setUpTest -->
        <test-method signature="verifyPasswordResetLink()[pri:4, instance:com.zenken.freshers.user.Login@74ea2410]" started-at="2024-07-18T16:23:19 IST" name="verifyPasswordResetLink" finished-at="2024-07-18T16:23:20 IST" duration-ms="851" status="PASS">
          <reporter-output>
          </reporter-output>
        </test-method> <!-- verifyPasswordResetLink -->
        <test-method is-config="true" signature="tearDown()[pri:0, instance:com.zenken.freshers.user.Login@74ea2410]" started-at="2024-07-18T16:23:20 IST" name="tearDown" finished-at="2024-07-18T16:23:20 IST" duration-ms="179" status="PASS">
          <reporter-output>
          </reporter-output>
        </test-method> <!-- tearDown -->
        <test-method is-config="true" signature="setup(java.lang.reflect.Method)[pri:0, instance:com.zenken.freshers.user.Login@74ea2410]" started-at="2024-07-18T16:23:20 IST" name="setup" finished-at="2024-07-18T16:23:21 IST" duration-ms="755" status="PASS">
          <params>
            <param index="0">
              <value>
                <![CDATA[public void com.zenken.freshers.user.Login.verifyPasswordReset()]]>
              </value>
            </param>
          </params>
          <reporter-output>
          </reporter-output>
        </test-method> <!-- setup -->
        <test-method is-config="true" signature="setUpTest(org.testng.ITestResult)[pri:0, instance:com.zenken.freshers.user.Login@74ea2410]" started-at="2024-07-18T16:23:21 IST" name="setUpTest" finished-at="2024-07-18T16:23:23 IST" duration-ms="1787" status="PASS">
          <params>
            <param index="0">
              <value>
                <![CDATA[[TestResult name={null} status=CREATED method=Login.verifyPasswordReset()[pri:5, instance:com.zenken.freshers.user.Login@74ea2410] output={null}]]]>
              </value>
            </param>
          </params>
          <reporter-output>
          </reporter-output>
        </test-method> <!-- setUpTest -->
        <test-method signature="verifyPasswordReset()[pri:5, instance:com.zenken.freshers.user.Login@74ea2410]" started-at="2024-07-18T16:23:23 IST" name="verifyPasswordReset" finished-at="2024-07-18T16:23:27 IST" duration-ms="4394" status="PASS">
          <reporter-output>
          </reporter-output>
        </test-method> <!-- verifyPasswordReset -->
        <test-method is-config="true" signature="tearDown()[pri:0, instance:com.zenken.freshers.user.Login@74ea2410]" started-at="2024-07-18T16:23:27 IST" name="tearDown" finished-at="2024-07-18T16:23:27 IST" duration-ms="9" status="PASS">
          <reporter-output>
          </reporter-output>
        </test-method> <!-- tearDown -->
        <test-method is-config="true" signature="setup(java.lang.reflect.Method)[pri:0, instance:com.zenken.freshers.user.Login@74ea2410]" started-at="2024-07-18T16:23:27 IST" name="setup" finished-at="2024-07-18T16:23:27 IST" duration-ms="1" status="PASS">
          <params>
            <param index="0">
              <value>
                <![CDATA[public void com.zenken.freshers.user.Login.verifyPasswordResetCompleteHeadline() throws java.lang.InterruptedException]]>
              </value>
            </param>
          </params>
          <reporter-output>
          </reporter-output>
        </test-method> <!-- setup -->
        <test-method is-config="true" signature="setUpTest(org.testng.ITestResult)[pri:0, instance:com.zenken.freshers.user.Login@74ea2410]" started-at="2024-07-18T16:23:27 IST" name="setUpTest" finished-at="2024-07-18T16:23:27 IST" duration-ms="3" status="PASS">
          <params>
            <param index="0">
              <value>
                <![CDATA[[TestResult name={null} status=CREATED method=Login.verifyPasswordResetCompleteHeadline()[pri:6, instance:com.zenken.freshers.user.Login@74ea2410] output={null}]]]>
              </value>
            </param>
          </params>
          <reporter-output>
          </reporter-output>
        </test-method> <!-- setUpTest -->
        <test-method signature="verifyPasswordResetCompleteHeadline()[pri:6, instance:com.zenken.freshers.user.Login@74ea2410]" started-at="2024-07-18T16:23:27 IST" name="verifyPasswordResetCompleteHeadline" finished-at="2024-07-18T16:23:27 IST" duration-ms="28" status="PASS">
          <reporter-output>
          </reporter-output>
        </test-method> <!-- verifyPasswordResetCompleteHeadline -->
        <test-method is-config="true" signature="setUpTest(org.testng.ITestResult)[pri:0, instance:com.zenken.freshers.user.Login@74ea2410]" started-at="2024-07-18T16:23:27 IST" name="setUpTest" finished-at="2024-07-18T16:23:27 IST" duration-ms="7" status="PASS">
          <params>
            <param index="0">
              <value>
                <![CDATA[[TestResult name={null} status=CREATED method=Login.verifyLogInUrl()[pri:7, instance:com.zenken.freshers.user.Login@74ea2410] output={null}]]]>
              </value>
            </param>
          </params>
          <reporter-output>
          </reporter-output>
        </test-method> <!-- setUpTest -->
        <test-method is-config="true" signature="tearDown()[pri:0, instance:com.zenken.freshers.user.Login@74ea2410]" started-at="2024-07-18T16:23:27 IST" name="tearDown" finished-at="2024-07-18T16:23:27 IST" duration-ms="0" status="PASS">
          <reporter-output>
          </reporter-output>
        </test-method> <!-- tearDown -->
        <test-method is-config="true" signature="setup(java.lang.reflect.Method)[pri:0, instance:com.zenken.freshers.user.Login@74ea2410]" started-at="2024-07-18T16:23:27 IST" name="setup" finished-at="2024-07-18T16:23:27 IST" duration-ms="0" status="PASS">
          <params>
            <param index="0">
              <value>
                <![CDATA[public void com.zenken.freshers.user.Login.verifyLogInUrl()]]>
              </value>
            </param>
          </params>
          <reporter-output>
          </reporter-output>
        </test-method> <!-- setup -->
        <test-method signature="verifyLogInUrl()[pri:7, instance:com.zenken.freshers.user.Login@74ea2410]" started-at="2024-07-18T16:23:27 IST" name="verifyLogInUrl" finished-at="2024-07-18T16:23:28 IST" duration-ms="644" status="PASS">
          <reporter-output>
          </reporter-output>
        </test-method> <!-- verifyLogInUrl -->
        <test-method is-config="true" signature="tearDown()[pri:0, instance:com.zenken.freshers.user.Login@74ea2410]" started-at="2024-07-18T16:23:28 IST" name="tearDown" finished-at="2024-07-18T16:23:28 IST" duration-ms="176" status="PASS">
          <reporter-output>
          </reporter-output>
        </test-method> <!-- tearDown -->
        <test-method is-config="true" signature="setup(java.lang.reflect.Method)[pri:0, instance:com.zenken.freshers.user.Login@74ea2410]" started-at="2024-07-18T16:23:28 IST" name="setup" finished-at="2024-07-18T16:23:29 IST" duration-ms="766" status="PASS">
          <params>
            <param index="0">
              <value>
                <![CDATA[public void com.zenken.freshers.user.Login.verifyLogInAfterPasswordChange() throws java.lang.InterruptedException]]>
              </value>
            </param>
          </params>
          <reporter-output>
          </reporter-output>
        </test-method> <!-- setup -->
        <test-method is-config="true" signature="setUpTest(org.testng.ITestResult)[pri:0, instance:com.zenken.freshers.user.Login@74ea2410]" started-at="2024-07-18T16:23:29 IST" name="setUpTest" finished-at="2024-07-18T16:23:33 IST" duration-ms="3724" status="PASS">
          <params>
            <param index="0">
              <value>
                <![CDATA[[TestResult name={null} status=CREATED method=Login.verifyLogInAfterPasswordChange()[pri:8, instance:com.zenken.freshers.user.Login@74ea2410] output={null}]]]>
              </value>
            </param>
          </params>
          <reporter-output>
          </reporter-output>
        </test-method> <!-- setUpTest -->
        <test-method signature="verifyLogInAfterPasswordChange()[pri:8, instance:com.zenken.freshers.user.Login@74ea2410]" started-at="2024-07-18T16:23:33 IST" name="verifyLogInAfterPasswordChange" finished-at="2024-07-18T16:23:35 IST" duration-ms="2846" status="PASS">
          <reporter-output>
          </reporter-output>
        </test-method> <!-- verifyLogInAfterPasswordChange -->
        <test-method is-config="true" signature="tearDown()[pri:0, instance:com.zenken.freshers.user.Login@74ea2410]" started-at="2024-07-18T16:23:35 IST" name="tearDown" finished-at="2024-07-18T16:23:36 IST" duration-ms="198" status="PASS">
          <reporter-output>
          </reporter-output>
        </test-method> <!-- tearDown -->
      </class> <!-- com.zenken.freshers.user.Login -->
    </test> <!-- Default test -->
  </suite> <!-- Default suite -->
</testng-results>
