<?xml version="1.0" encoding="UTF-8"?>
<testng-results ignored="0" total="7" passed="7" failed="0" skipped="0">
  <reporter-output>
  </reporter-output>
  <suite started-at="2025-02-18T14:20:28 IST" name="Suite" finished-at="2025-02-18T14:22:59 IST" duration-ms="150601">
    <groups>
    </groups>
    <test started-at="2025-02-18T14:20:28 IST" name="Test" finished-at="2025-02-18T14:22:59 IST" duration-ms="150601">
      <class name="com.zenken.freshers.company.ApplicantListCsv">
        <test-method is-config="true" signature="setup(java.lang.reflect.Method)[pri:0, instance:com.zenken.freshers.company.ApplicantListCsv@747f281]" started-at="2025-02-18T14:20:28 IST" name="setup" finished-at="2025-02-18T14:20:31 IST" duration-ms="2464" status="PASS">
          <params>
            <param index="0">
              <value>
                <![CDATA[public void com.zenken.freshers.company.ApplicantListCsv.verifyCsvDlLink()]]>
              </value>
            </param>
          </params>
          <reporter-output>
          </reporter-output>
        </test-method> <!-- setup -->
        <test-method is-config="true" signature="setupApplicantListCsv(org.testng.ITestResult)[pri:0, instance:com.zenken.freshers.company.ApplicantListCsv@747f281]" started-at="2025-02-18T14:20:31 IST" name="setupApplicantListCsv" finished-at="2025-02-18T14:21:49 IST" duration-ms="78187" status="PASS">
          <params>
            <param index="0">
              <value>
                <![CDATA[[TestResult name={null} status=CREATED method=ApplicantListCsv.verifyCsvDlLink()[pri:0, instance:com.zenken.freshers.company.ApplicantListCsv@747f281] output={null}]]]>
              </value>
            </param>
          </params>
          <reporter-output>
          </reporter-output>
        </test-method> <!-- setupApplicantListCsv -->
        <test-method signature="verifyCsvDlLink()[pri:0, instance:com.zenken.freshers.company.ApplicantListCsv@747f281]" started-at="2025-02-18T14:21:49 IST" name="verifyCsvDlLink" description="This test verifies that the text of the link to download the CSV file is correct" finished-at="2025-02-18T14:21:49 IST" duration-ms="620" status="PASS">
          <reporter-output>
          </reporter-output>
        </test-method> <!-- verifyCsvDlLink -->
        <test-method is-config="true" signature="tearDown()[pri:0, instance:com.zenken.freshers.company.ApplicantListCsv@747f281]" started-at="2025-02-18T14:21:49 IST" name="tearDown" finished-at="2025-02-18T14:21:50 IST" duration-ms="422" status="PASS">
          <reporter-output>
          </reporter-output>
        </test-method> <!-- tearDown -->
        <test-method is-config="true" signature="setup(java.lang.reflect.Method)[pri:0, instance:com.zenken.freshers.company.ApplicantListCsv@747f281]" started-at="2025-02-18T14:21:50 IST" name="setup" finished-at="2025-02-18T14:21:51 IST" duration-ms="1321" status="PASS">
          <params>
            <param index="0">
              <value>
                <![CDATA[public void com.zenken.freshers.company.ApplicantListCsv.verifyCsvDlPopup()]]>
              </value>
            </param>
          </params>
          <reporter-output>
          </reporter-output>
        </test-method> <!-- setup -->
        <test-method is-config="true" signature="setupApplicantListCsv(org.testng.ITestResult)[pri:0, instance:com.zenken.freshers.company.ApplicantListCsv@747f281]" started-at="2025-02-18T14:21:51 IST" name="setupApplicantListCsv" finished-at="2025-02-18T14:22:00 IST" duration-ms="8976" status="PASS">
          <params>
            <param index="0">
              <value>
                <![CDATA[[TestResult name={null} status=CREATED method=ApplicantListCsv.verifyCsvDlPopup()[pri:0, instance:com.zenken.freshers.company.ApplicantListCsv@747f281] output={null}]]]>
              </value>
            </param>
          </params>
          <reporter-output>
          </reporter-output>
        </test-method> <!-- setupApplicantListCsv -->
        <test-method signature="verifyCsvDlPopup()[pri:0, instance:com.zenken.freshers.company.ApplicantListCsv@747f281]" started-at="2025-02-18T14:22:00 IST" name="verifyCsvDlPopup" description="This test verifies that an expected popup is displayed after clicking on the CSV download link" finished-at="2025-02-18T14:22:01 IST" duration-ms="826" status="PASS">
          <reporter-output>
          </reporter-output>
        </test-method> <!-- verifyCsvDlPopup -->
        <test-method is-config="true" signature="tearDown()[pri:0, instance:com.zenken.freshers.company.ApplicantListCsv@747f281]" started-at="2025-02-18T14:22:01 IST" name="tearDown" finished-at="2025-02-18T14:22:01 IST" duration-ms="270" status="PASS">
          <reporter-output>
          </reporter-output>
        </test-method> <!-- tearDown -->
        <test-method is-config="true" signature="setup(java.lang.reflect.Method)[pri:0, instance:com.zenken.freshers.company.ApplicantListCsv@747f281]" started-at="2025-02-18T14:22:01 IST" name="setup" finished-at="2025-02-18T14:22:03 IST" duration-ms="1351" status="PASS">
          <params>
            <param index="0">
              <value>
                <![CDATA[public void com.zenken.freshers.company.ApplicantListCsv.verifyCsvDl() throws java.io.FileNotFoundException,java.io.IOException]]>
              </value>
            </param>
          </params>
          <reporter-output>
          </reporter-output>
        </test-method> <!-- setup -->
        <test-method is-config="true" signature="setupApplicantListCsv(org.testng.ITestResult)[pri:0, instance:com.zenken.freshers.company.ApplicantListCsv@747f281]" started-at="2025-02-18T14:22:03 IST" name="setupApplicantListCsv" finished-at="2025-02-18T14:22:12 IST" duration-ms="9225" status="PASS">
          <params>
            <param index="0">
              <value>
                <![CDATA[[TestResult name={null} status=CREATED method=ApplicantListCsv.verifyCsvDl()[pri:1, instance:com.zenken.freshers.company.ApplicantListCsv@747f281] output={null}]]]>
              </value>
            </param>
          </params>
          <reporter-output>
          </reporter-output>
        </test-method> <!-- setupApplicantListCsv -->
        <test-method signature="verifyCsvDl()[pri:1, instance:com.zenken.freshers.company.ApplicantListCsv@747f281]" started-at="2025-02-18T14:22:12 IST" name="verifyCsvDl" description="This test verifies that the CSV file is downloaded in zip format and that the zip file name and CSV file names are correct" finished-at="2025-02-18T14:22:14 IST" duration-ms="2158" status="PASS">
          <reporter-output>
          </reporter-output>
        </test-method> <!-- verifyCsvDl -->
        <test-method is-config="true" signature="tearDown()[pri:0, instance:com.zenken.freshers.company.ApplicantListCsv@747f281]" started-at="2025-02-18T14:22:14 IST" name="tearDown" finished-at="2025-02-18T14:22:14 IST" duration-ms="260" status="PASS">
          <reporter-output>
          </reporter-output>
        </test-method> <!-- tearDown -->
        <test-method is-config="true" signature="setup(java.lang.reflect.Method)[pri:0, instance:com.zenken.freshers.company.ApplicantListCsv@747f281]" started-at="2025-02-18T14:22:14 IST" name="setup" finished-at="2025-02-18T14:22:16 IST" duration-ms="1395" status="PASS">
          <params>
            <param index="0">
              <value>
                <![CDATA[public void com.zenken.freshers.company.ApplicantListCsv.verifyCsvHeader1() throws java.io.FileNotFoundException,java.io.IOException]]>
              </value>
            </param>
          </params>
          <reporter-output>
          </reporter-output>
        </test-method> <!-- setup -->
        <test-method is-config="true" signature="setupApplicantListCsv(org.testng.ITestResult)[pri:0, instance:com.zenken.freshers.company.ApplicantListCsv@747f281]" started-at="2025-02-18T14:22:16 IST" name="setupApplicantListCsv" finished-at="2025-02-18T14:22:25 IST" duration-ms="9151" status="PASS">
          <params>
            <param index="0">
              <value>
                <![CDATA[[TestResult name={null} status=CREATED method=ApplicantListCsv.verifyCsvHeader1()[pri:2, instance:com.zenken.freshers.company.ApplicantListCsv@747f281] output={null}]]]>
              </value>
            </param>
          </params>
          <reporter-output>
          </reporter-output>
        </test-method> <!-- setupApplicantListCsv -->
        <test-method signature="verifyCsvHeader1()[pri:2, instance:com.zenken.freshers.company.ApplicantListCsv@747f281]" started-at="2025-02-18T14:22:25 IST" name="verifyCsvHeader1" description="This test verifies that the header (field names) of all extractedCSV files are correct (応募者なし)" finished-at="2025-02-18T14:22:25 IST" duration-ms="30" status="PASS">
          <reporter-output>
          </reporter-output>
        </test-method> <!-- verifyCsvHeader1 -->
        <test-method is-config="true" signature="tearDown()[pri:0, instance:com.zenken.freshers.company.ApplicantListCsv@747f281]" started-at="2025-02-18T14:22:25 IST" name="tearDown" finished-at="2025-02-18T14:22:25 IST" duration-ms="223" status="PASS">
          <reporter-output>
          </reporter-output>
        </test-method> <!-- tearDown -->
        <test-method is-config="true" signature="setup(java.lang.reflect.Method)[pri:0, instance:com.zenken.freshers.company.ApplicantListCsv@747f281]" started-at="2025-02-18T14:22:25 IST" name="setup" finished-at="2025-02-18T14:22:26 IST" duration-ms="1341" status="PASS">
          <params>
            <param index="0">
              <value>
                <![CDATA[public void com.zenken.freshers.company.ApplicantListCsv.verifyCsvNoApplicant() throws java.io.UnsupportedEncodingException,java.io.FileNotFoundException,java.io.IOException]]>
              </value>
            </param>
          </params>
          <reporter-output>
          </reporter-output>
        </test-method> <!-- setup -->
        <test-method is-config="true" signature="setupApplicantListCsv(org.testng.ITestResult)[pri:0, instance:com.zenken.freshers.company.ApplicantListCsv@747f281]" started-at="2025-02-18T14:22:26 IST" name="setupApplicantListCsv" finished-at="2025-02-18T14:22:35 IST" duration-ms="8128" status="PASS">
          <params>
            <param index="0">
              <value>
                <![CDATA[[TestResult name={null} status=CREATED method=ApplicantListCsv.verifyCsvNoApplicant()[pri:3, instance:com.zenken.freshers.company.ApplicantListCsv@747f281] output={null}]]]>
              </value>
            </param>
          </params>
          <reporter-output>
          </reporter-output>
        </test-method> <!-- setupApplicantListCsv -->
        <test-method signature="verifyCsvNoApplicant()[pri:3, instance:com.zenken.freshers.company.ApplicantListCsv@747f281]" started-at="2025-02-18T14:22:35 IST" name="verifyCsvNoApplicant" description="This test verifies that the CSV files do not have any candidate records" finished-at="2025-02-18T14:22:35 IST" duration-ms="13" status="PASS">
          <reporter-output>
          </reporter-output>
        </test-method> <!-- verifyCsvNoApplicant -->
        <test-method is-config="true" signature="tearDown()[pri:0, instance:com.zenken.freshers.company.ApplicantListCsv@747f281]" started-at="2025-02-18T14:22:35 IST" name="tearDown" finished-at="2025-02-18T14:22:35 IST" duration-ms="193" status="PASS">
          <reporter-output>
          </reporter-output>
        </test-method> <!-- tearDown -->
        <test-method is-config="true" signature="setup(java.lang.reflect.Method)[pri:0, instance:com.zenken.freshers.company.ApplicantListCsv@747f281]" started-at="2025-02-18T14:22:35 IST" name="setup" finished-at="2025-02-18T14:22:36 IST" duration-ms="1298" status="PASS">
          <params>
            <param index="0">
              <value>
                <![CDATA[public void com.zenken.freshers.company.ApplicantListCsv.verifyCsvHeader2() throws java.io.FileNotFoundException,java.io.IOException]]>
              </value>
            </param>
          </params>
          <reporter-output>
          </reporter-output>
        </test-method> <!-- setup -->
        <test-method is-config="true" signature="setupApplicantListCsv(org.testng.ITestResult)[pri:0, instance:com.zenken.freshers.company.ApplicantListCsv@747f281]" started-at="2025-02-18T14:22:36 IST" name="setupApplicantListCsv" finished-at="2025-02-18T14:22:46 IST" duration-ms="9652" status="PASS">
          <params>
            <param index="0">
              <value>
                <![CDATA[[TestResult name={null} status=CREATED method=ApplicantListCsv.verifyCsvHeader2()[pri:4, instance:com.zenken.freshers.company.ApplicantListCsv@747f281] output={null}]]]>
              </value>
            </param>
          </params>
          <reporter-output>
          </reporter-output>
        </test-method> <!-- setupApplicantListCsv -->
        <test-method signature="verifyCsvHeader2()[pri:4, instance:com.zenken.freshers.company.ApplicantListCsv@747f281]" started-at="2025-02-18T14:22:46 IST" name="verifyCsvHeader2" description="This test verifies that the header (field names) of all extracted CSV files are correct (応募者あり)" finished-at="2025-02-18T14:22:47 IST" duration-ms="1636" status="PASS">
          <reporter-output>
          </reporter-output>
        </test-method> <!-- verifyCsvHeader2 -->
        <test-method is-config="true" signature="tearDown()[pri:0, instance:com.zenken.freshers.company.ApplicantListCsv@747f281]" started-at="2025-02-18T14:22:47 IST" name="tearDown" finished-at="2025-02-18T14:22:48 IST" duration-ms="442" status="PASS">
          <reporter-output>
          </reporter-output>
        </test-method> <!-- tearDown -->
        <test-method is-config="true" signature="setup(java.lang.reflect.Method)[pri:0, instance:com.zenken.freshers.company.ApplicantListCsv@747f281]" started-at="2025-02-18T14:22:48 IST" name="setup" finished-at="2025-02-18T14:22:49 IST" duration-ms="1244" status="PASS">
          <params>
            <param index="0">
              <value>
                <![CDATA[public void com.zenken.freshers.company.ApplicantListCsv.verifyCsvValues() throws java.io.UnsupportedEncodingException,java.io.FileNotFoundException,java.io.IOException]]>
              </value>
            </param>
          </params>
          <reporter-output>
          </reporter-output>
        </test-method> <!-- setup -->
        <test-method is-config="true" signature="setupApplicantListCsv(org.testng.ITestResult)[pri:0, instance:com.zenken.freshers.company.ApplicantListCsv@747f281]" started-at="2025-02-18T14:22:49 IST" name="setupApplicantListCsv" finished-at="2025-02-18T14:22:58 IST" duration-ms="9049" status="PASS">
          <params>
            <param index="0">
              <value>
                <![CDATA[[TestResult name={null} status=CREATED method=ApplicantListCsv.verifyCsvValues()[pri:5, instance:com.zenken.freshers.company.ApplicantListCsv@747f281] output={null}]]]>
              </value>
            </param>
          </params>
          <reporter-output>
          </reporter-output>
        </test-method> <!-- setupApplicantListCsv -->
        <test-method signature="verifyCsvValues()[pri:5, instance:com.zenken.freshers.company.ApplicantListCsv@747f281]" started-at="2025-02-18T14:22:58 IST" name="verifyCsvValues" description="This test verifies that the values are updated in all CSV files after profile is updated (Company ID: 878fca2e, 応募者ID: 8)" finished-at="2025-02-18T14:22:58 IST" duration-ms="252" status="PASS">
          <reporter-output>
          </reporter-output>
        </test-method> <!-- verifyCsvValues -->
        <test-method is-config="true" signature="tearDown()[pri:0, instance:com.zenken.freshers.company.ApplicantListCsv@747f281]" started-at="2025-02-18T14:22:58 IST" name="tearDown" finished-at="2025-02-18T14:22:59 IST" duration-ms="258" status="PASS">
          <reporter-output>
          </reporter-output>
        </test-method> <!-- tearDown -->
      </class> <!-- com.zenken.freshers.company.ApplicantListCsv -->
    </test> <!-- Test -->
  </suite> <!-- Suite -->
</testng-results>
