<?xml version="1.0" encoding="UTF-8"?>
<testng-results ignored="0" total="5" passed="5" failed="0" skipped="0">
  <reporter-output>
  </reporter-output>
  <suite started-at="2024-10-11T17:52:28 IST" name="Suite" finished-at="2024-10-11T17:53:00 IST" duration-ms="31885">
    <groups>
    </groups>
    <test started-at="2024-10-11T17:52:28 IST" name="Test" finished-at="2024-10-11T17:53:00 IST" duration-ms="31885">
      <class name="com.zenken.freshers.user.Registration">
        <test-method is-config="true" signature="setup(java.lang.reflect.Method)[pri:0, instance:com.zenken.freshers.user.Registration@3b79fd76]" started-at="2024-10-11T17:52:44 IST" name="setup" finished-at="2024-10-11T17:52:45 IST" duration-ms="703" status="PASS">
          <params>
            <param index="0">
              <value>
                <![CDATA[public void com.zenken.freshers.user.Registration.verifyIncorrectPassword1()]]>
              </value>
            </param>
          </params>
          <reporter-output>
          </reporter-output>
        </test-method> <!-- setup -->
        <test-method is-config="true" signature="setUpTest(java.lang.reflect.Method)[pri:0, instance:com.zenken.freshers.user.Registration@3b79fd76]" started-at="2024-10-11T17:52:45 IST" name="setUpTest" finished-at="2024-10-11T17:52:47 IST" duration-ms="1876" status="PASS">
          <params>
            <param index="0">
              <value>
                <![CDATA[public void com.zenken.freshers.user.Registration.verifyIncorrectPassword1()]]>
              </value>
            </param>
          </params>
          <reporter-output>
          </reporter-output>
        </test-method> <!-- setUpTest -->
        <test-method signature="verifyIncorrectPassword1()[pri:0, instance:com.zenken.freshers.user.Registration@3b79fd76]" started-at="2024-10-11T17:52:47 IST" name="verifyIncorrectPassword1" finished-at="2024-10-11T17:52:49 IST" duration-ms="2626" status="PASS">
          <reporter-output>
          </reporter-output>
        </test-method> <!-- verifyIncorrectPassword1 -->
        <test-method is-config="true" signature="tearDown()[pri:0, instance:com.zenken.freshers.user.Registration@3b79fd76]" started-at="2024-10-11T17:52:49 IST" name="tearDown" finished-at="2024-10-11T17:52:49 IST" duration-ms="140" status="PASS">
          <reporter-output>
          </reporter-output>
        </test-method> <!-- tearDown -->
        <test-method is-config="true" signature="setup(java.lang.reflect.Method)[pri:0, instance:com.zenken.freshers.user.Registration@3b79fd76]" started-at="2024-10-11T17:52:49 IST" name="setup" finished-at="2024-10-11T17:52:50 IST" duration-ms="699" status="PASS">
          <params>
            <param index="0">
              <value>
                <![CDATA[public void com.zenken.freshers.user.Registration.verifyLogInUrl()]]>
              </value>
            </param>
          </params>
          <reporter-output>
          </reporter-output>
        </test-method> <!-- setup -->
        <test-method is-config="true" signature="setUpTest(java.lang.reflect.Method)[pri:0, instance:com.zenken.freshers.user.Registration@3b79fd76]" started-at="2024-10-11T17:52:50 IST" name="setUpTest" finished-at="2024-10-11T17:52:54 IST" duration-ms="3732" status="PASS">
          <params>
            <param index="0">
              <value>
                <![CDATA[public void com.zenken.freshers.user.Registration.verifyLogInUrl()]]>
              </value>
            </param>
          </params>
          <reporter-output>
          </reporter-output>
        </test-method> <!-- setUpTest -->
        <test-method signature="verifyLogInUrl()[pri:0, instance:com.zenken.freshers.user.Registration@3b79fd76]" started-at="2024-10-11T17:52:54 IST" name="verifyLogInUrl" finished-at="2024-10-11T17:52:55 IST" duration-ms="742" status="PASS">
          <reporter-output>
          </reporter-output>
        </test-method> <!-- verifyLogInUrl -->
        <test-method is-config="true" signature="tearDown()[pri:0, instance:com.zenken.freshers.user.Registration@3b79fd76]" started-at="2024-10-11T17:52:55 IST" name="tearDown" finished-at="2024-10-11T17:52:55 IST" duration-ms="133" status="PASS">
          <reporter-output>
          </reporter-output>
        </test-method> <!-- tearDown -->
        <test-method is-config="true" signature="setup(java.lang.reflect.Method)[pri:0, instance:com.zenken.freshers.user.Registration@3b79fd76]" started-at="2024-10-11T17:52:55 IST" name="setup" finished-at="2024-10-11T17:52:55 IST" duration-ms="667" status="PASS">
          <params>
            <param index="0">
              <value>
                <![CDATA[public void com.zenken.freshers.user.Registration.verifyTermsPDF()]]>
              </value>
            </param>
          </params>
          <reporter-output>
          </reporter-output>
        </test-method> <!-- setup -->
        <test-method is-config="true" signature="setUpTest(java.lang.reflect.Method)[pri:0, instance:com.zenken.freshers.user.Registration@3b79fd76]" started-at="2024-10-11T17:52:55 IST" name="setUpTest" finished-at="2024-10-11T17:52:59 IST" duration-ms="3782" status="PASS">
          <params>
            <param index="0">
              <value>
                <![CDATA[public void com.zenken.freshers.user.Registration.verifyTermsPDF()]]>
              </value>
            </param>
          </params>
          <reporter-output>
          </reporter-output>
        </test-method> <!-- setUpTest -->
        <test-method signature="verifyTermsPDF()[pri:0, instance:com.zenken.freshers.user.Registration@3b79fd76]" started-at="2024-10-11T17:52:59 IST" name="verifyTermsPDF" finished-at="2024-10-11T17:53:00 IST" duration-ms="693" status="PASS">
          <reporter-output>
          </reporter-output>
        </test-method> <!-- verifyTermsPDF -->
        <test-method is-config="true" signature="tearDown()[pri:0, instance:com.zenken.freshers.user.Registration@3b79fd76]" started-at="2024-10-11T17:53:00 IST" name="tearDown" finished-at="2024-10-11T17:53:00 IST" duration-ms="138" status="PASS">
          <reporter-output>
          </reporter-output>
        </test-method> <!-- tearDown -->
      </class> <!-- com.zenken.freshers.user.Registration -->
      <class name="com.zenken.freshers.user.Projects">
        <test-method is-config="true" signature="setup(java.lang.reflect.Method)[pri:0, instance:com.zenken.freshers.user.Projects@2bec854f]" started-at="2024-10-11T17:52:28 IST" name="setup" finished-at="2024-10-11T17:52:30 IST" duration-ms="1363" status="PASS">
          <params>
            <param index="0">
              <value>
                <![CDATA[public void com.zenken.freshers.user.Projects.verifyProjectsNewUrl()]]>
              </value>
            </param>
          </params>
          <reporter-output>
          </reporter-output>
        </test-method> <!-- setup -->
        <test-method is-config="true" signature="setUpTest()[pri:0, instance:com.zenken.freshers.user.Projects@2bec854f]" started-at="2024-10-11T17:52:30 IST" name="setUpTest" finished-at="2024-10-11T17:52:35 IST" duration-ms="5792" status="PASS">
          <reporter-output>
          </reporter-output>
        </test-method> <!-- setUpTest -->
        <test-method signature="verifyProjectsNewUrl()[pri:1, instance:com.zenken.freshers.user.Projects@2bec854f]" started-at="2024-10-11T17:52:35 IST" name="verifyProjectsNewUrl" description="This test verifies that the expected &#039;Project New&#039; URL and headline are displayed" finished-at="2024-10-11T17:52:36 IST" duration-ms="903" status="PASS">
          <reporter-output>
          </reporter-output>
        </test-method> <!-- verifyProjectsNewUrl -->
        <test-method is-config="true" signature="tearDown()[pri:0, instance:com.zenken.freshers.user.Projects@2bec854f]" started-at="2024-10-11T17:52:36 IST" name="tearDown" finished-at="2024-10-11T17:52:36 IST" duration-ms="200" status="PASS">
          <reporter-output>
          </reporter-output>
        </test-method> <!-- tearDown -->
        <test-method is-config="true" signature="setup(java.lang.reflect.Method)[pri:0, instance:com.zenken.freshers.user.Projects@2bec854f]" started-at="2024-10-11T17:52:36 IST" name="setup" finished-at="2024-10-11T17:52:37 IST" duration-ms="791" status="PASS">
          <params>
            <param index="0">
              <value>
                <![CDATA[public void com.zenken.freshers.user.Projects.verifyProjectEndDateDdDisable()]]>
              </value>
            </param>
          </params>
          <reporter-output>
          </reporter-output>
        </test-method> <!-- setup -->
        <test-method is-config="true" signature="setUpTest()[pri:0, instance:com.zenken.freshers.user.Projects@2bec854f]" started-at="2024-10-11T17:52:37 IST" name="setUpTest" finished-at="2024-10-11T17:52:43 IST" duration-ms="5864" status="PASS">
          <reporter-output>
          </reporter-output>
        </test-method> <!-- setUpTest -->
        <test-method signature="verifyProjectEndDateDdDisable()[pri:4, instance:com.zenken.freshers.user.Projects@2bec854f]" started-at="2024-10-11T17:52:43 IST" name="verifyProjectEndDateDdDisable" description="This test verifies that End Date dropdowns turn inactive" finished-at="2024-10-11T17:52:44 IST" duration-ms="807" status="PASS">
          <reporter-output>
          </reporter-output>
        </test-method> <!-- verifyProjectEndDateDdDisable -->
        <test-method is-config="true" signature="tearDown()[pri:0, instance:com.zenken.freshers.user.Projects@2bec854f]" started-at="2024-10-11T17:52:44 IST" name="tearDown" finished-at="2024-10-11T17:52:44 IST" duration-ms="156" status="PASS">
          <reporter-output>
          </reporter-output>
        </test-method> <!-- tearDown -->
      </class> <!-- com.zenken.freshers.user.Projects -->
    </test> <!-- Test -->
  </suite> <!-- Suite -->
</testng-results>
