<?xml version="1.0" encoding="UTF-8"?>
<testng-results retried="3" ignored="3" total="104" passed="97" failed="1" skipped="0">
  <reporter-output>
  </reporter-output>
  <suite started-at="2025-01-28T12:03:37 IST" name="Suite" finished-at="2025-01-28T12:12:29 IST" duration-ms="531398">
    <groups>
    </groups>
    <test started-at="2025-01-28T12:03:37 IST" name="Test" finished-at="2025-01-28T12:12:29 IST" duration-ms="531398">
      <class name="com.zenken.freshers.user.Registration">
        <test-method is-config="true" signature="setup(java.lang.reflect.Method)[pri:0, instance:com.zenken.freshers.user.Registration@2b9ed6da]" started-at="2025-01-28T12:03:37 IST" name="setup" finished-at="2025-01-28T12:03:40 IST" duration-ms="2243" status="PASS">
          <params>
            <param index="0">
              <value>
                <![CDATA[public void com.zenken.freshers.user.Registration.verifyCharExceedFirstName()]]>
              </value>
            </param>
          </params>
          <reporter-output>
          </reporter-output>
        </test-method> <!-- setup -->
        <test-method is-config="true" signature="setUpTest(java.lang.reflect.Method)[pri:0, instance:com.zenken.freshers.user.Registration@2b9ed6da]" started-at="2025-01-28T12:03:40 IST" name="setUpTest" finished-at="2025-01-28T12:03:46 IST" duration-ms="6028" status="PASS">
          <params>
            <param index="0">
              <value>
                <![CDATA[public void com.zenken.freshers.user.Registration.verifyCharExceedFirstName()]]>
              </value>
            </param>
          </params>
          <reporter-output>
          </reporter-output>
        </test-method> <!-- setUpTest -->
        <test-method signature="verifyCharExceedFirstName()[pri:0, instance:com.zenken.freshers.user.Registration@2b9ed6da]" started-at="2025-01-28T12:03:46 IST" name="verifyCharExceedFirstName" description="This test verifies that validation error for maximum characters occurs for field: &#039;First Name&#039;" finished-at="2025-01-28T12:03:55 IST" duration-ms="9672" status="PASS">
          <reporter-output>
          </reporter-output>
        </test-method> <!-- verifyCharExceedFirstName -->
        <test-method is-config="true" signature="tearDown()[pri:0, instance:com.zenken.freshers.user.Registration@2b9ed6da]" started-at="2025-01-28T12:03:55 IST" name="tearDown" finished-at="2025-01-28T12:03:56 IST" duration-ms="494" status="PASS">
          <reporter-output>
          </reporter-output>
        </test-method> <!-- tearDown -->
        <test-method is-config="true" signature="setup(java.lang.reflect.Method)[pri:0, instance:com.zenken.freshers.user.Registration@2b9ed6da]" started-at="2025-01-28T12:03:56 IST" name="setup" finished-at="2025-01-28T12:03:58 IST" duration-ms="1646" status="PASS">
          <params>
            <param index="0">
              <value>
                <![CDATA[public void com.zenken.freshers.user.Registration.verifyCharExceedLastName()]]>
              </value>
            </param>
          </params>
          <reporter-output>
          </reporter-output>
        </test-method> <!-- setup -->
        <test-method is-config="true" signature="setUpTest(java.lang.reflect.Method)[pri:0, instance:com.zenken.freshers.user.Registration@2b9ed6da]" started-at="2025-01-28T12:03:58 IST" name="setUpTest" finished-at="2025-01-28T12:04:05 IST" duration-ms="7477" status="PASS">
          <params>
            <param index="0">
              <value>
                <![CDATA[public void com.zenken.freshers.user.Registration.verifyCharExceedLastName()]]>
              </value>
            </param>
          </params>
          <reporter-output>
          </reporter-output>
        </test-method> <!-- setUpTest -->
        <test-method signature="verifyCharExceedLastName()[pri:0, instance:com.zenken.freshers.user.Registration@2b9ed6da]" started-at="2025-01-28T12:04:05 IST" name="verifyCharExceedLastName" description="This test verifies that validation error for maximum characters occurs for field: &#039;Last Name&#039;" finished-at="2025-01-28T12:04:10 IST" duration-ms="5291" status="PASS">
          <reporter-output>
          </reporter-output>
        </test-method> <!-- verifyCharExceedLastName -->
        <test-method is-config="true" signature="tearDown()[pri:0, instance:com.zenken.freshers.user.Registration@2b9ed6da]" started-at="2025-01-28T12:04:10 IST" name="tearDown" finished-at="2025-01-28T12:04:13 IST" duration-ms="2137" status="PASS">
          <reporter-output>
          </reporter-output>
        </test-method> <!-- tearDown -->
        <test-method is-config="true" signature="setup(java.lang.reflect.Method)[pri:0, instance:com.zenken.freshers.user.Registration@2b9ed6da]" started-at="2025-01-28T12:04:13 IST" name="setup" finished-at="2025-01-28T12:04:14 IST" duration-ms="1268" status="PASS">
          <params>
            <param index="0">
              <value>
                <![CDATA[public void com.zenken.freshers.user.Registration.verifyCharExceedMiddleName()]]>
              </value>
            </param>
          </params>
          <reporter-output>
          </reporter-output>
        </test-method> <!-- setup -->
        <test-method is-config="true" signature="setUpTest(java.lang.reflect.Method)[pri:0, instance:com.zenken.freshers.user.Registration@2b9ed6da]" started-at="2025-01-28T12:04:14 IST" name="setUpTest" finished-at="2025-01-28T12:04:19 IST" duration-ms="5356" status="PASS">
          <params>
            <param index="0">
              <value>
                <![CDATA[public void com.zenken.freshers.user.Registration.verifyCharExceedMiddleName()]]>
              </value>
            </param>
          </params>
          <reporter-output>
          </reporter-output>
        </test-method> <!-- setUpTest -->
        <test-method signature="verifyCharExceedMiddleName()[pri:0, instance:com.zenken.freshers.user.Registration@2b9ed6da]" started-at="2025-01-28T12:04:19 IST" name="verifyCharExceedMiddleName" description="This test verifies that validation error for maximum characters occurs for field: &#039;Middle Name&#039;" finished-at="2025-01-28T12:04:26 IST" duration-ms="6547" status="PASS">
          <reporter-output>
          </reporter-output>
        </test-method> <!-- verifyCharExceedMiddleName -->
        <test-method is-config="true" signature="tearDown()[pri:0, instance:com.zenken.freshers.user.Registration@2b9ed6da]" started-at="2025-01-28T12:04:26 IST" name="tearDown" finished-at="2025-01-28T12:04:28 IST" duration-ms="2156" status="PASS">
          <reporter-output>
          </reporter-output>
        </test-method> <!-- tearDown -->
        <test-method is-config="true" signature="setup(java.lang.reflect.Method)[pri:0, instance:com.zenken.freshers.user.Registration@2b9ed6da]" started-at="2025-01-28T12:04:28 IST" name="setup" finished-at="2025-01-28T12:04:29 IST" duration-ms="1286" status="PASS">
          <params>
            <param index="0">
              <value>
                <![CDATA[public void com.zenken.freshers.user.Registration.verifyCharExceedUsn()]]>
              </value>
            </param>
          </params>
          <reporter-output>
          </reporter-output>
        </test-method> <!-- setup -->
        <test-method is-config="true" signature="setUpTest(java.lang.reflect.Method)[pri:0, instance:com.zenken.freshers.user.Registration@2b9ed6da]" started-at="2025-01-28T12:04:29 IST" name="setUpTest" finished-at="2025-01-28T12:04:33 IST" duration-ms="3962" status="PASS">
          <params>
            <param index="0">
              <value>
                <![CDATA[public void com.zenken.freshers.user.Registration.verifyCharExceedUsn()]]>
              </value>
            </param>
          </params>
          <reporter-output>
          </reporter-output>
        </test-method> <!-- setUpTest -->
        <test-method signature="verifyCharExceedUsn()[pri:0, instance:com.zenken.freshers.user.Registration@2b9ed6da]" started-at="2025-01-28T12:04:33 IST" name="verifyCharExceedUsn" description="This test verifies that validation error for maximum characters occurs for field: &#039;USN / Registration Number&#039;" finished-at="2025-01-28T12:04:41 IST" duration-ms="8214" status="PASS">
          <reporter-output>
          </reporter-output>
        </test-method> <!-- verifyCharExceedUsn -->
        <test-method is-config="true" signature="tearDown()[pri:0, instance:com.zenken.freshers.user.Registration@2b9ed6da]" started-at="2025-01-28T12:04:41 IST" name="tearDown" finished-at="2025-01-28T12:04:42 IST" duration-ms="330" status="PASS">
          <reporter-output>
          </reporter-output>
        </test-method> <!-- tearDown -->
        <test-method is-config="true" signature="setup(java.lang.reflect.Method)[pri:0, instance:com.zenken.freshers.user.Registration@2b9ed6da]" started-at="2025-01-28T12:04:42 IST" name="setup" finished-at="2025-01-28T12:04:43 IST" duration-ms="1217" status="PASS">
          <params>
            <param index="0">
              <value>
                <![CDATA[public void com.zenken.freshers.user.Registration.verifyCheckBoxState()]]>
              </value>
            </param>
          </params>
          <reporter-output>
          </reporter-output>
        </test-method> <!-- setup -->
        <test-method is-config="true" signature="setUpTest(java.lang.reflect.Method)[pri:0, instance:com.zenken.freshers.user.Registration@2b9ed6da]" started-at="2025-01-28T12:04:43 IST" name="setUpTest" finished-at="2025-01-28T12:04:45 IST" duration-ms="2248" status="PASS">
          <params>
            <param index="0">
              <value>
                <![CDATA[public void com.zenken.freshers.user.Registration.verifyCheckBoxState()]]>
              </value>
            </param>
          </params>
          <reporter-output>
          </reporter-output>
        </test-method> <!-- setUpTest -->
        <test-method signature="verifyCheckBoxState()[pri:0, instance:com.zenken.freshers.user.Registration@2b9ed6da]" started-at="2025-01-28T12:04:45 IST" name="verifyCheckBoxState" description="This test verifies that the checkboxes &#039;Yaaay Midcareer&#039; and &#039;Zenken Newsletter&#039; are selected by default" finished-at="2025-01-28T12:04:47 IST" duration-ms="1576" status="PASS">
          <reporter-output>
          </reporter-output>
        </test-method> <!-- verifyCheckBoxState -->
        <test-method is-config="true" signature="tearDown()[pri:0, instance:com.zenken.freshers.user.Registration@2b9ed6da]" started-at="2025-01-28T12:04:47 IST" name="tearDown" finished-at="2025-01-28T12:04:47 IST" duration-ms="153" status="PASS">
          <reporter-output>
          </reporter-output>
        </test-method> <!-- tearDown -->
        <test-method is-config="true" signature="setup(java.lang.reflect.Method)[pri:0, instance:com.zenken.freshers.user.Registration@2b9ed6da]" started-at="2025-01-28T12:04:47 IST" name="setup" finished-at="2025-01-28T12:04:48 IST" duration-ms="1323" status="PASS">
          <params>
            <param index="0">
              <value>
                <![CDATA[public void com.zenken.freshers.user.Registration.verifyCollegeRequired()]]>
              </value>
            </param>
          </params>
          <reporter-output>
          </reporter-output>
        </test-method> <!-- setup -->
        <test-method is-config="true" signature="setUpTest(java.lang.reflect.Method)[pri:0, instance:com.zenken.freshers.user.Registration@2b9ed6da]" started-at="2025-01-28T12:04:48 IST" name="setUpTest" finished-at="2025-01-28T12:04:54 IST" duration-ms="6272" status="PASS">
          <params>
            <param index="0">
              <value>
                <![CDATA[public void com.zenken.freshers.user.Registration.verifyCollegeRequired()]]>
              </value>
            </param>
          </params>
          <reporter-output>
          </reporter-output>
        </test-method> <!-- setUpTest -->
        <test-method signature="verifyCollegeRequired()[pri:0, instance:com.zenken.freshers.user.Registration@2b9ed6da]" started-at="2025-01-28T12:04:54 IST" name="verifyCollegeRequired" description="This test verifies that validation error occurs for required field: &#039;College&#039;" finished-at="2025-01-28T12:05:01 IST" duration-ms="6638" status="PASS">
          <reporter-output>
          </reporter-output>
        </test-method> <!-- verifyCollegeRequired -->
        <test-method is-config="true" signature="tearDown()[pri:0, instance:com.zenken.freshers.user.Registration@2b9ed6da]" started-at="2025-01-28T12:05:01 IST" name="tearDown" finished-at="2025-01-28T12:05:01 IST" duration-ms="232" status="PASS">
          <reporter-output>
          </reporter-output>
        </test-method> <!-- tearDown -->
        <test-method is-config="true" signature="setup(java.lang.reflect.Method)[pri:0, instance:com.zenken.freshers.user.Registration@2b9ed6da]" started-at="2025-01-28T12:05:01 IST" name="setup" finished-at="2025-01-28T12:05:03 IST" duration-ms="1371" status="PASS">
          <params>
            <param index="0">
              <value>
                <![CDATA[public void com.zenken.freshers.user.Registration.verifyCollegeSelect()]]>
              </value>
            </param>
          </params>
          <reporter-output>
          </reporter-output>
        </test-method> <!-- setup -->
        <test-method is-config="true" signature="setUpTest(java.lang.reflect.Method)[pri:0, instance:com.zenken.freshers.user.Registration@2b9ed6da]" started-at="2025-01-28T12:05:03 IST" name="setUpTest" finished-at="2025-01-28T12:05:06 IST" duration-ms="3531" status="PASS">
          <params>
            <param index="0">
              <value>
                <![CDATA[public void com.zenken.freshers.user.Registration.verifyCollegeSelect()]]>
              </value>
            </param>
          </params>
          <reporter-output>
          </reporter-output>
        </test-method> <!-- setUpTest -->
        <test-method signature="verifyCollegeSelect()[pri:0, instance:com.zenken.freshers.user.Registration@2b9ed6da]" started-at="2025-01-28T12:05:06 IST" name="verifyCollegeSelect" description="This test verifies that college can be selected from the dropdown" finished-at="2025-01-28T12:05:07 IST" duration-ms="989" status="PASS">
          <reporter-output>
          </reporter-output>
        </test-method> <!-- verifyCollegeSelect -->
        <test-method is-config="true" signature="tearDown()[pri:0, instance:com.zenken.freshers.user.Registration@2b9ed6da]" started-at="2025-01-28T12:05:07 IST" name="tearDown" finished-at="2025-01-28T12:05:07 IST" duration-ms="160" status="PASS">
          <reporter-output>
          </reporter-output>
        </test-method> <!-- tearDown -->
        <test-method is-config="true" signature="setup(java.lang.reflect.Method)[pri:0, instance:com.zenken.freshers.user.Registration@2b9ed6da]" started-at="2025-01-28T12:05:07 IST" name="setup" finished-at="2025-01-28T12:05:09 IST" duration-ms="1298" status="PASS">
          <params>
            <param index="0">
              <value>
                <![CDATA[public void com.zenken.freshers.user.Registration.verifyEmailRequired()]]>
              </value>
            </param>
          </params>
          <reporter-output>
          </reporter-output>
        </test-method> <!-- setup -->
        <test-method is-config="true" signature="setUpTest(java.lang.reflect.Method)[pri:0, instance:com.zenken.freshers.user.Registration@2b9ed6da]" started-at="2025-01-28T12:05:09 IST" name="setUpTest" finished-at="2025-01-28T12:05:13 IST" duration-ms="4571" status="PASS">
          <params>
            <param index="0">
              <value>
                <![CDATA[public void com.zenken.freshers.user.Registration.verifyEmailRequired()]]>
              </value>
            </param>
          </params>
          <reporter-output>
          </reporter-output>
        </test-method> <!-- setUpTest -->
        <test-method signature="verifyEmailRequired()[pri:0, instance:com.zenken.freshers.user.Registration@2b9ed6da]" started-at="2025-01-28T12:05:13 IST" name="verifyEmailRequired" description="This test verifies that validation error occurs for required field: &#039;Email&#039;" finished-at="2025-01-28T12:05:19 IST" duration-ms="5884" status="PASS">
          <reporter-output>
          </reporter-output>
        </test-method> <!-- verifyEmailRequired -->
        <test-method is-config="true" signature="tearDown()[pri:0, instance:com.zenken.freshers.user.Registration@2b9ed6da]" started-at="2025-01-28T12:05:19 IST" name="tearDown" finished-at="2025-01-28T12:05:19 IST" duration-ms="229" status="PASS">
          <reporter-output>
          </reporter-output>
        </test-method> <!-- tearDown -->
        <test-method is-config="true" signature="setup(java.lang.reflect.Method)[pri:0, instance:com.zenken.freshers.user.Registration@2b9ed6da]" started-at="2025-01-28T12:05:19 IST" name="setup" finished-at="2025-01-28T12:05:21 IST" duration-ms="1220" status="PASS">
          <params>
            <param index="0">
              <value>
                <![CDATA[public void com.zenken.freshers.user.Registration.verifyFirstNameRequired()]]>
              </value>
            </param>
          </params>
          <reporter-output>
          </reporter-output>
        </test-method> <!-- setup -->
        <test-method is-config="true" signature="setUpTest(java.lang.reflect.Method)[pri:0, instance:com.zenken.freshers.user.Registration@2b9ed6da]" started-at="2025-01-28T12:05:21 IST" name="setUpTest" finished-at="2025-01-28T12:05:25 IST" duration-ms="4466" status="PASS">
          <params>
            <param index="0">
              <value>
                <![CDATA[public void com.zenken.freshers.user.Registration.verifyFirstNameRequired()]]>
              </value>
            </param>
          </params>
          <reporter-output>
          </reporter-output>
        </test-method> <!-- setUpTest -->
        <test-method signature="verifyFirstNameRequired()[pri:0, instance:com.zenken.freshers.user.Registration@2b9ed6da]" started-at="2025-01-28T12:05:25 IST" name="verifyFirstNameRequired" description="This test verifies that validation error occurs for required field: &#039;First Name&#039;" finished-at="2025-01-28T12:05:31 IST" duration-ms="5612" status="PASS">
          <reporter-output>
          </reporter-output>
        </test-method> <!-- verifyFirstNameRequired -->
        <test-method is-config="true" signature="tearDown()[pri:0, instance:com.zenken.freshers.user.Registration@2b9ed6da]" started-at="2025-01-28T12:05:31 IST" name="tearDown" finished-at="2025-01-28T12:05:31 IST" duration-ms="221" status="PASS">
          <reporter-output>
          </reporter-output>
        </test-method> <!-- tearDown -->
        <test-method is-config="true" signature="setup(java.lang.reflect.Method)[pri:0, instance:com.zenken.freshers.user.Registration@2b9ed6da]" started-at="2025-01-28T12:05:31 IST" name="setup" finished-at="2025-01-28T12:05:32 IST" duration-ms="1223" status="PASS">
          <params>
            <param index="0">
              <value>
                <![CDATA[public void com.zenken.freshers.user.Registration.verifyIncorrectPassword1()]]>
              </value>
            </param>
          </params>
          <reporter-output>
          </reporter-output>
        </test-method> <!-- setup -->
        <test-method is-config="true" signature="setUpTest(java.lang.reflect.Method)[pri:0, instance:com.zenken.freshers.user.Registration@2b9ed6da]" started-at="2025-01-28T12:05:32 IST" name="setUpTest" finished-at="2025-01-28T12:05:36 IST" duration-ms="3477" status="PASS">
          <params>
            <param index="0">
              <value>
                <![CDATA[public void com.zenken.freshers.user.Registration.verifyIncorrectPassword1()]]>
              </value>
            </param>
          </params>
          <reporter-output>
          </reporter-output>
        </test-method> <!-- setUpTest -->
        <test-method signature="verifyIncorrectPassword1()[pri:0, instance:com.zenken.freshers.user.Registration@2b9ed6da]" started-at="2025-01-28T12:05:36 IST" name="verifyIncorrectPassword1" description="This test verifies that a validation error occurs for the &#039;Password&#039; field when fewer than 8 characters are entered" finished-at="2025-01-28T12:05:40 IST" duration-ms="4247" status="PASS">
          <reporter-output>
          </reporter-output>
        </test-method> <!-- verifyIncorrectPassword1 -->
        <test-method is-config="true" signature="tearDown()[pri:0, instance:com.zenken.freshers.user.Registration@2b9ed6da]" started-at="2025-01-28T12:05:40 IST" name="tearDown" finished-at="2025-01-28T12:05:40 IST" duration-ms="482" status="PASS">
          <reporter-output>
          </reporter-output>
        </test-method> <!-- tearDown -->
        <test-method is-config="true" signature="setup(java.lang.reflect.Method)[pri:0, instance:com.zenken.freshers.user.Registration@2b9ed6da]" started-at="2025-01-28T12:05:40 IST" name="setup" finished-at="2025-01-28T12:05:42 IST" duration-ms="1476" status="PASS">
          <params>
            <param index="0">
              <value>
                <![CDATA[public void com.zenken.freshers.user.Registration.verifyIncorrectPassword2()]]>
              </value>
            </param>
          </params>
          <reporter-output>
          </reporter-output>
        </test-method> <!-- setup -->
        <test-method is-config="true" signature="setUpTest(java.lang.reflect.Method)[pri:0, instance:com.zenken.freshers.user.Registration@2b9ed6da]" started-at="2025-01-28T12:05:42 IST" name="setUpTest" finished-at="2025-01-28T12:05:44 IST" duration-ms="2359" status="PASS">
          <params>
            <param index="0">
              <value>
                <![CDATA[public void com.zenken.freshers.user.Registration.verifyIncorrectPassword2()]]>
              </value>
            </param>
          </params>
          <reporter-output>
          </reporter-output>
        </test-method> <!-- setUpTest -->
        <test-method signature="verifyIncorrectPassword2()[pri:0, instance:com.zenken.freshers.user.Registration@2b9ed6da]" started-at="2025-01-28T12:05:44 IST" name="verifyIncorrectPassword2" description="This test verifies that a validation error occurs for the &#039;Password&#039; field when password entered does not contain a number" finished-at="2025-01-28T12:05:51 IST" duration-ms="6551" status="PASS">
          <reporter-output>
          </reporter-output>
        </test-method> <!-- verifyIncorrectPassword2 -->
        <test-method is-config="true" signature="tearDown()[pri:0, instance:com.zenken.freshers.user.Registration@2b9ed6da]" started-at="2025-01-28T12:05:51 IST" name="tearDown" finished-at="2025-01-28T12:05:51 IST" duration-ms="313" status="PASS">
          <reporter-output>
          </reporter-output>
        </test-method> <!-- tearDown -->
        <test-method is-config="true" signature="setup(java.lang.reflect.Method)[pri:0, instance:com.zenken.freshers.user.Registration@2b9ed6da]" started-at="2025-01-28T12:05:51 IST" name="setup" finished-at="2025-01-28T12:05:53 IST" duration-ms="1800" status="PASS">
          <params>
            <param index="0">
              <value>
                <![CDATA[public void com.zenken.freshers.user.Registration.verifyIncorrectPassword3()]]>
              </value>
            </param>
          </params>
          <reporter-output>
          </reporter-output>
        </test-method> <!-- setup -->
        <test-method is-config="true" signature="setUpTest(java.lang.reflect.Method)[pri:0, instance:com.zenken.freshers.user.Registration@2b9ed6da]" started-at="2025-01-28T12:05:53 IST" name="setUpTest" finished-at="2025-01-28T12:05:56 IST" duration-ms="3394" status="PASS">
          <params>
            <param index="0">
              <value>
                <![CDATA[public void com.zenken.freshers.user.Registration.verifyIncorrectPassword3()]]>
              </value>
            </param>
          </params>
          <reporter-output>
          </reporter-output>
        </test-method> <!-- setUpTest -->
        <test-method signature="verifyIncorrectPassword3()[pri:0, instance:com.zenken.freshers.user.Registration@2b9ed6da]" started-at="2025-01-28T12:05:56 IST" name="verifyIncorrectPassword3" description="This test verifies that a validation error occurs for the &#039;Password&#039; field when password entered does not contain any uppercase character" finished-at="2025-01-28T12:06:02 IST" duration-ms="5754" status="PASS">
          <reporter-output>
          </reporter-output>
        </test-method> <!-- verifyIncorrectPassword3 -->
        <test-method is-config="true" signature="tearDown()[pri:0, instance:com.zenken.freshers.user.Registration@2b9ed6da]" started-at="2025-01-28T12:06:02 IST" name="tearDown" finished-at="2025-01-28T12:06:02 IST" duration-ms="283" status="PASS">
          <reporter-output>
          </reporter-output>
        </test-method> <!-- tearDown -->
        <test-method is-config="true" signature="setup(java.lang.reflect.Method)[pri:0, instance:com.zenken.freshers.user.Registration@2b9ed6da]" started-at="2025-01-28T12:06:02 IST" name="setup" finished-at="2025-01-28T12:06:04 IST" duration-ms="1333" status="PASS">
          <params>
            <param index="0">
              <value>
                <![CDATA[public void com.zenken.freshers.user.Registration.verifyIncorrectPassword4()]]>
              </value>
            </param>
          </params>
          <reporter-output>
          </reporter-output>
        </test-method> <!-- setup -->
        <test-method is-config="true" signature="setUpTest(java.lang.reflect.Method)[pri:0, instance:com.zenken.freshers.user.Registration@2b9ed6da]" started-at="2025-01-28T12:06:04 IST" name="setUpTest" finished-at="2025-01-28T12:06:09 IST" duration-ms="4967" status="PASS">
          <params>
            <param index="0">
              <value>
                <![CDATA[public void com.zenken.freshers.user.Registration.verifyIncorrectPassword4()]]>
              </value>
            </param>
          </params>
          <reporter-output>
          </reporter-output>
        </test-method> <!-- setUpTest -->
        <test-method signature="verifyIncorrectPassword4()[pri:0, instance:com.zenken.freshers.user.Registration@2b9ed6da]" started-at="2025-01-28T12:06:09 IST" name="verifyIncorrectPassword4" description="This test verifies that a validation error occurs for the &#039;Password&#039; field when password entered does not any special characters" finished-at="2025-01-28T12:06:14 IST" duration-ms="5032" status="PASS">
          <reporter-output>
          </reporter-output>
        </test-method> <!-- verifyIncorrectPassword4 -->
        <test-method is-config="true" signature="tearDown()[pri:0, instance:com.zenken.freshers.user.Registration@2b9ed6da]" started-at="2025-01-28T12:06:14 IST" name="tearDown" finished-at="2025-01-28T12:06:14 IST" duration-ms="320" status="PASS">
          <reporter-output>
          </reporter-output>
        </test-method> <!-- tearDown -->
        <test-method is-config="true" signature="setup(java.lang.reflect.Method)[pri:0, instance:com.zenken.freshers.user.Registration@2b9ed6da]" started-at="2025-01-28T12:06:14 IST" name="setup" finished-at="2025-01-28T12:06:15 IST" duration-ms="1466" status="PASS">
          <params>
            <param index="0">
              <value>
                <![CDATA[public void com.zenken.freshers.user.Registration.verifyInterestRequired()]]>
              </value>
            </param>
          </params>
          <reporter-output>
          </reporter-output>
        </test-method> <!-- setup -->
        <test-method is-config="true" signature="setUpTest(java.lang.reflect.Method)[pri:0, instance:com.zenken.freshers.user.Registration@2b9ed6da]" started-at="2025-01-28T12:06:15 IST" name="setUpTest" finished-at="2025-01-28T12:06:18 IST" duration-ms="2362" status="PASS">
          <params>
            <param index="0">
              <value>
                <![CDATA[public void com.zenken.freshers.user.Registration.verifyInterestRequired()]]>
              </value>
            </param>
          </params>
          <reporter-output>
          </reporter-output>
        </test-method> <!-- setUpTest -->
        <test-method signature="verifyInterestRequired()[pri:0, instance:com.zenken.freshers.user.Registration@2b9ed6da]" started-at="2025-01-28T12:06:18 IST" name="verifyInterestRequired" description="This test verifies that validation error occurs for required field: &#039;Are you interested in studying Japanese language?&#039;" finished-at="2025-01-28T12:06:22 IST" duration-ms="4386" status="PASS">
          <reporter-output>
          </reporter-output>
        </test-method> <!-- verifyInterestRequired -->
        <test-method is-config="true" signature="tearDown()[pri:0, instance:com.zenken.freshers.user.Registration@2b9ed6da]" started-at="2025-01-28T12:06:22 IST" name="tearDown" finished-at="2025-01-28T12:06:22 IST" duration-ms="247" status="PASS">
          <reporter-output>
          </reporter-output>
        </test-method> <!-- tearDown -->
        <test-method is-config="true" signature="setup(java.lang.reflect.Method)[pri:0, instance:com.zenken.freshers.user.Registration@2b9ed6da]" started-at="2025-01-28T12:06:22 IST" name="setup" finished-at="2025-01-28T12:06:24 IST" duration-ms="2021" status="PASS">
          <params>
            <param index="0">
              <value>
                <![CDATA[public void com.zenken.freshers.user.Registration.verifyInvalidEmail()]]>
              </value>
            </param>
          </params>
          <reporter-output>
          </reporter-output>
        </test-method> <!-- setup -->
        <test-method is-config="true" signature="setUpTest(java.lang.reflect.Method)[pri:0, instance:com.zenken.freshers.user.Registration@2b9ed6da]" started-at="2025-01-28T12:06:24 IST" name="setUpTest" finished-at="2025-01-28T12:06:28 IST" duration-ms="3369" status="PASS">
          <params>
            <param index="0">
              <value>
                <![CDATA[public void com.zenken.freshers.user.Registration.verifyInvalidEmail()]]>
              </value>
            </param>
          </params>
          <reporter-output>
          </reporter-output>
        </test-method> <!-- setUpTest -->
        <test-method signature="verifyInvalidEmail()[pri:0, instance:com.zenken.freshers.user.Registration@2b9ed6da]" started-at="2025-01-28T12:06:28 IST" name="verifyInvalidEmail" description="This test verifies that validation error for invalid input occurs for field: &#039;Email&#039;" finished-at="2025-01-28T12:06:37 IST" duration-ms="8780" status="PASS">
          <reporter-output>
          </reporter-output>
        </test-method> <!-- verifyInvalidEmail -->
        <test-method is-config="true" signature="tearDown()[pri:0, instance:com.zenken.freshers.user.Registration@2b9ed6da]" started-at="2025-01-28T12:06:37 IST" name="tearDown" finished-at="2025-01-28T12:06:37 IST" duration-ms="701" status="PASS">
          <reporter-output>
          </reporter-output>
        </test-method> <!-- tearDown -->
        <test-method is-config="true" signature="setup(java.lang.reflect.Method)[pri:0, instance:com.zenken.freshers.user.Registration@2b9ed6da]" started-at="2025-01-28T12:06:37 IST" name="setup" finished-at="2025-01-28T12:06:39 IST" duration-ms="1966" status="PASS">
          <params>
            <param index="0">
              <value>
                <![CDATA[public void com.zenken.freshers.user.Registration.verifyInvalidUsn()]]>
              </value>
            </param>
          </params>
          <reporter-output>
          </reporter-output>
        </test-method> <!-- setup -->
        <test-method is-config="true" signature="setUpTest(java.lang.reflect.Method)[pri:0, instance:com.zenken.freshers.user.Registration@2b9ed6da]" started-at="2025-01-28T12:06:39 IST" name="setUpTest" finished-at="2025-01-28T12:06:42 IST" duration-ms="2677" status="PASS">
          <params>
            <param index="0">
              <value>
                <![CDATA[public void com.zenken.freshers.user.Registration.verifyInvalidUsn()]]>
              </value>
            </param>
          </params>
          <reporter-output>
          </reporter-output>
        </test-method> <!-- setUpTest -->
        <test-method signature="verifyInvalidUsn()[pri:0, instance:com.zenken.freshers.user.Registration@2b9ed6da]" started-at="2025-01-28T12:06:42 IST" name="verifyInvalidUsn" description="This test verifies that validation error for invalid input occurs for field: &#039;USN / Registration Number&#039;" finished-at="2025-01-28T12:06:50 IST" duration-ms="7709" status="PASS">
          <reporter-output>
          </reporter-output>
        </test-method> <!-- verifyInvalidUsn -->
        <test-method is-config="true" signature="tearDown()[pri:0, instance:com.zenken.freshers.user.Registration@2b9ed6da]" started-at="2025-01-28T12:06:50 IST" name="tearDown" finished-at="2025-01-28T12:06:50 IST" duration-ms="344" status="PASS">
          <reporter-output>
          </reporter-output>
        </test-method> <!-- tearDown -->
        <test-method is-config="true" signature="setup(java.lang.reflect.Method)[pri:0, instance:com.zenken.freshers.user.Registration@2b9ed6da]" started-at="2025-01-28T12:06:50 IST" name="setup" finished-at="2025-01-28T12:06:52 IST" duration-ms="1738" status="PASS">
          <params>
            <param index="0">
              <value>
                <![CDATA[public void com.zenken.freshers.user.Registration.verifyLastNameRequired()]]>
              </value>
            </param>
          </params>
          <reporter-output>
          </reporter-output>
        </test-method> <!-- setup -->
        <test-method is-config="true" signature="setUpTest(java.lang.reflect.Method)[pri:0, instance:com.zenken.freshers.user.Registration@2b9ed6da]" started-at="2025-01-28T12:06:52 IST" name="setUpTest" finished-at="2025-01-28T12:06:53 IST" duration-ms="1697" status="PASS">
          <params>
            <param index="0">
              <value>
                <![CDATA[public void com.zenken.freshers.user.Registration.verifyLastNameRequired()]]>
              </value>
            </param>
          </params>
          <reporter-output>
          </reporter-output>
        </test-method> <!-- setUpTest -->
        <test-method signature="verifyLastNameRequired()[pri:0, instance:com.zenken.freshers.user.Registration@2b9ed6da]" started-at="2025-01-28T12:06:53 IST" name="verifyLastNameRequired" description="This test verifies that validation error occurs for required field: &#039;Last Name&#039;" finished-at="2025-01-28T12:07:01 IST" duration-ms="7792" status="PASS">
          <reporter-output>
          </reporter-output>
        </test-method> <!-- verifyLastNameRequired -->
        <test-method is-config="true" signature="tearDown()[pri:0, instance:com.zenken.freshers.user.Registration@2b9ed6da]" started-at="2025-01-28T12:07:01 IST" name="tearDown" finished-at="2025-01-28T12:07:02 IST" duration-ms="309" status="PASS">
          <reporter-output>
          </reporter-output>
        </test-method> <!-- tearDown -->
        <test-method is-config="true" signature="setup(java.lang.reflect.Method)[pri:0, instance:com.zenken.freshers.user.Registration@2b9ed6da]" started-at="2025-01-28T12:07:02 IST" name="setup" finished-at="2025-01-28T12:07:03 IST" duration-ms="1217" status="PASS">
          <params>
            <param index="0">
              <value>
                <![CDATA[public void com.zenken.freshers.user.Registration.verifyLogInUrl()]]>
              </value>
            </param>
          </params>
          <reporter-output>
          </reporter-output>
        </test-method> <!-- setup -->
        <test-method is-config="true" signature="setUpTest(java.lang.reflect.Method)[pri:0, instance:com.zenken.freshers.user.Registration@2b9ed6da]" started-at="2025-01-28T12:07:03 IST" name="setUpTest" finished-at="2025-01-28T12:07:07 IST" duration-ms="4245" status="PASS">
          <params>
            <param index="0">
              <value>
                <![CDATA[public void com.zenken.freshers.user.Registration.verifyLogInUrl()]]>
              </value>
            </param>
          </params>
          <reporter-output>
          </reporter-output>
        </test-method> <!-- setUpTest -->
        <test-method signature="verifyLogInUrl()[pri:0, instance:com.zenken.freshers.user.Registration@2b9ed6da]" started-at="2025-01-28T12:07:07 IST" name="verifyLogInUrl" description="This test verifies that user is redirected to Login page after clicking on the login link" finished-at="2025-01-28T12:07:10 IST" duration-ms="3083" status="PASS">
          <reporter-output>
          </reporter-output>
        </test-method> <!-- verifyLogInUrl -->
        <test-method is-config="true" signature="tearDown()[pri:0, instance:com.zenken.freshers.user.Registration@2b9ed6da]" started-at="2025-01-28T12:07:10 IST" name="tearDown" finished-at="2025-01-28T12:07:10 IST" duration-ms="181" status="PASS">
          <reporter-output>
          </reporter-output>
        </test-method> <!-- tearDown -->
        <test-method is-config="true" signature="setup(java.lang.reflect.Method)[pri:0, instance:com.zenken.freshers.user.Registration@2b9ed6da]" started-at="2025-01-28T12:07:10 IST" name="setup" finished-at="2025-01-28T12:07:12 IST" duration-ms="1289" status="PASS">
          <params>
            <param index="0">
              <value>
                <![CDATA[public void com.zenken.freshers.user.Registration.verifyPasswordRequired()]]>
              </value>
            </param>
          </params>
          <reporter-output>
          </reporter-output>
        </test-method> <!-- setup -->
        <test-method is-config="true" signature="setUpTest(java.lang.reflect.Method)[pri:0, instance:com.zenken.freshers.user.Registration@2b9ed6da]" started-at="2025-01-28T12:07:12 IST" name="setUpTest" finished-at="2025-01-28T12:07:16 IST" duration-ms="4483" status="PASS">
          <params>
            <param index="0">
              <value>
                <![CDATA[public void com.zenken.freshers.user.Registration.verifyPasswordRequired()]]>
              </value>
            </param>
          </params>
          <reporter-output>
          </reporter-output>
        </test-method> <!-- setUpTest -->
        <test-method signature="verifyPasswordRequired()[pri:0, instance:com.zenken.freshers.user.Registration@2b9ed6da]" started-at="2025-01-28T12:07:16 IST" name="verifyPasswordRequired" description="This test verifies that validation error occurs for required field: &#039;Password&#039;" finished-at="2025-01-28T12:07:27 IST" duration-ms="10540" status="PASS">
          <reporter-output>
          </reporter-output>
        </test-method> <!-- verifyPasswordRequired -->
        <test-method is-config="true" signature="tearDown()[pri:0, instance:com.zenken.freshers.user.Registration@2b9ed6da]" started-at="2025-01-28T12:07:27 IST" name="tearDown" finished-at="2025-01-28T12:07:29 IST" duration-ms="2269" status="PASS">
          <reporter-output>
          </reporter-output>
        </test-method> <!-- tearDown -->
        <test-method is-config="true" signature="setup(java.lang.reflect.Method)[pri:0, instance:com.zenken.freshers.user.Registration@2b9ed6da]" started-at="2025-01-28T12:07:29 IST" name="setup" finished-at="2025-01-28T12:07:30 IST" duration-ms="1213" status="PASS">
          <params>
            <param index="0">
              <value>
                <![CDATA[public void com.zenken.freshers.user.Registration.verifyPlaceholders()]]>
              </value>
            </param>
          </params>
          <reporter-output>
          </reporter-output>
        </test-method> <!-- setup -->
        <test-method is-config="true" signature="setUpTest(java.lang.reflect.Method)[pri:0, instance:com.zenken.freshers.user.Registration@2b9ed6da]" started-at="2025-01-28T12:07:30 IST" name="setUpTest" finished-at="2025-01-28T12:07:32 IST" duration-ms="1719" status="PASS">
          <params>
            <param index="0">
              <value>
                <![CDATA[public void com.zenken.freshers.user.Registration.verifyPlaceholders()]]>
              </value>
            </param>
          </params>
          <reporter-output>
          </reporter-output>
        </test-method> <!-- setUpTest -->
        <test-method signature="verifyPlaceholders()[pri:0, instance:com.zenken.freshers.user.Registration@2b9ed6da]" started-at="2025-01-28T12:07:32 IST" name="verifyPlaceholders" description="This test verifies that expected placeholders are displayed" finished-at="2025-01-28T12:07:32 IST" duration-ms="157" status="PASS">
          <reporter-output>
          </reporter-output>
        </test-method> <!-- verifyPlaceholders -->
        <test-method is-config="true" signature="tearDown()[pri:0, instance:com.zenken.freshers.user.Registration@2b9ed6da]" started-at="2025-01-28T12:07:32 IST" name="tearDown" finished-at="2025-01-28T12:07:32 IST" duration-ms="135" status="PASS">
          <reporter-output>
          </reporter-output>
        </test-method> <!-- tearDown -->
        <test-method is-config="true" signature="setup(java.lang.reflect.Method)[pri:0, instance:com.zenken.freshers.user.Registration@2b9ed6da]" started-at="2025-01-28T12:07:32 IST" name="setup" finished-at="2025-01-28T12:07:33 IST" duration-ms="1305" status="PASS">
          <params>
            <param index="0">
              <value>
                <![CDATA[public void com.zenken.freshers.user.Registration.verifyPolicy()]]>
              </value>
            </param>
          </params>
          <reporter-output>
          </reporter-output>
        </test-method> <!-- setup -->
        <test-method is-config="true" signature="setUpTest(java.lang.reflect.Method)[pri:0, instance:com.zenken.freshers.user.Registration@2b9ed6da]" started-at="2025-01-28T12:07:33 IST" name="setUpTest" finished-at="2025-01-28T12:07:37 IST" duration-ms="3676" status="PASS">
          <params>
            <param index="0">
              <value>
                <![CDATA[public void com.zenken.freshers.user.Registration.verifyPolicy()]]>
              </value>
            </param>
          </params>
          <reporter-output>
          </reporter-output>
        </test-method> <!-- setUpTest -->
        <test-method signature="verifyPolicy()[pri:0, instance:com.zenken.freshers.user.Registration@2b9ed6da]" started-at="2025-01-28T12:07:37 IST" name="verifyPolicy" description="This test verifies that the link for Privacy Policy is opened in a separate tab" finished-at="2025-01-28T12:07:41 IST" duration-ms="4352" status="PASS">
          <reporter-output>
          </reporter-output>
        </test-method> <!-- verifyPolicy -->
        <test-method is-config="true" signature="tearDown()[pri:0, instance:com.zenken.freshers.user.Registration@2b9ed6da]" started-at="2025-01-28T12:07:41 IST" name="tearDown" finished-at="2025-01-28T12:07:42 IST" duration-ms="228" status="PASS">
          <reporter-output>
          </reporter-output>
        </test-method> <!-- tearDown -->
        <test-method is-config="true" signature="setup(java.lang.reflect.Method)[pri:0, instance:com.zenken.freshers.user.Registration@2b9ed6da]" started-at="2025-01-28T12:07:42 IST" name="setup" finished-at="2025-01-28T12:07:43 IST" duration-ms="1266" status="PASS">
          <params>
            <param index="0">
              <value>
                <![CDATA[public void com.zenken.freshers.user.Registration.verifyRadioSelect()]]>
              </value>
            </param>
          </params>
          <reporter-output>
          </reporter-output>
        </test-method> <!-- setup -->
        <test-method is-config="true" signature="setUpTest(java.lang.reflect.Method)[pri:0, instance:com.zenken.freshers.user.Registration@2b9ed6da]" started-at="2025-01-28T12:07:43 IST" name="setUpTest" finished-at="2025-01-28T12:07:46 IST" duration-ms="3051" status="PASS">
          <params>
            <param index="0">
              <value>
                <![CDATA[public void com.zenken.freshers.user.Registration.verifyRadioSelect()]]>
              </value>
            </param>
          </params>
          <reporter-output>
          </reporter-output>
        </test-method> <!-- setUpTest -->
        <test-method signature="verifyRadioSelect()[pri:0, instance:com.zenken.freshers.user.Registration@2b9ed6da]" started-at="2025-01-28T12:07:46 IST" name="verifyRadioSelect" description="This test verifies that radio button can be selected" finished-at="2025-01-28T12:07:46 IST" duration-ms="79" status="PASS">
          <reporter-output>
          </reporter-output>
        </test-method> <!-- verifyRadioSelect -->
        <test-method is-config="true" signature="tearDown()[pri:0, instance:com.zenken.freshers.user.Registration@2b9ed6da]" started-at="2025-01-28T12:07:46 IST" name="tearDown" finished-at="2025-01-28T12:07:46 IST" duration-ms="283" status="PASS">
          <reporter-output>
          </reporter-output>
        </test-method> <!-- tearDown -->
        <test-method is-config="true" signature="setup(java.lang.reflect.Method)[pri:0, instance:com.zenken.freshers.user.Registration@2b9ed6da]" started-at="2025-01-28T12:07:46 IST" name="setup" finished-at="2025-01-28T12:07:48 IST" duration-ms="1197" status="PASS">
          <params>
            <param index="0">
              <value>
                <![CDATA[public void com.zenken.freshers.user.Registration.verifyTermsAgreementRequired()]]>
              </value>
            </param>
          </params>
          <reporter-output>
          </reporter-output>
        </test-method> <!-- setup -->
        <test-method is-config="true" signature="setUpTest(java.lang.reflect.Method)[pri:0, instance:com.zenken.freshers.user.Registration@2b9ed6da]" started-at="2025-01-28T12:07:48 IST" name="setUpTest" finished-at="2025-01-28T12:07:50 IST" duration-ms="2482" status="PASS">
          <params>
            <param index="0">
              <value>
                <![CDATA[public void com.zenken.freshers.user.Registration.verifyTermsAgreementRequired()]]>
              </value>
            </param>
          </params>
          <reporter-output>
          </reporter-output>
        </test-method> <!-- setUpTest -->
        <test-method signature="verifyTermsAgreementRequired()[pri:0, instance:com.zenken.freshers.user.Registration@2b9ed6da]" started-at="2025-01-28T12:07:50 IST" name="verifyTermsAgreementRequired" description="This test verifies that validation error occurs for required field: &#039;I agree to the Terms and Privacy Policy&#039;" finished-at="2025-01-28T12:07:58 IST" duration-ms="8037" status="PASS">
          <reporter-output>
          </reporter-output>
        </test-method> <!-- verifyTermsAgreementRequired -->
        <test-method is-config="true" signature="tearDown()[pri:0, instance:com.zenken.freshers.user.Registration@2b9ed6da]" started-at="2025-01-28T12:07:58 IST" name="tearDown" finished-at="2025-01-28T12:08:00 IST" duration-ms="2323" status="PASS">
          <reporter-output>
          </reporter-output>
        </test-method> <!-- tearDown -->
        <test-method is-config="true" signature="setup(java.lang.reflect.Method)[pri:0, instance:com.zenken.freshers.user.Registration@2b9ed6da]" started-at="2025-01-28T12:08:00 IST" name="setup" finished-at="2025-01-28T12:08:02 IST" duration-ms="1312" status="PASS">
          <params>
            <param index="0">
              <value>
                <![CDATA[public void com.zenken.freshers.user.Registration.verifyTermsPDF()]]>
              </value>
            </param>
          </params>
          <reporter-output>
          </reporter-output>
        </test-method> <!-- setup -->
        <test-method is-config="true" signature="setUpTest(java.lang.reflect.Method)[pri:0, instance:com.zenken.freshers.user.Registration@2b9ed6da]" started-at="2025-01-28T12:08:02 IST" name="setUpTest" finished-at="2025-01-28T12:08:08 IST" duration-ms="5885" status="PASS">
          <params>
            <param index="0">
              <value>
                <![CDATA[public void com.zenken.freshers.user.Registration.verifyTermsPDF()]]>
              </value>
            </param>
          </params>
          <reporter-output>
          </reporter-output>
        </test-method> <!-- setUpTest -->
        <test-method signature="verifyTermsPDF()[pri:0, instance:com.zenken.freshers.user.Registration@2b9ed6da]" started-at="2025-01-28T12:08:08 IST" name="verifyTermsPDF" description="This test verifies that Terms PDF is opened in a separate tab" finished-at="2025-01-28T12:08:08 IST" duration-ms="741" status="PASS">
          <reporter-output>
          </reporter-output>
        </test-method> <!-- verifyTermsPDF -->
        <test-method is-config="true" signature="tearDown()[pri:0, instance:com.zenken.freshers.user.Registration@2b9ed6da]" started-at="2025-01-28T12:08:08 IST" name="tearDown" finished-at="2025-01-28T12:08:09 IST" duration-ms="225" status="PASS">
          <reporter-output>
          </reporter-output>
        </test-method> <!-- tearDown -->
        <test-method is-config="true" signature="setup(java.lang.reflect.Method)[pri:0, instance:com.zenken.freshers.user.Registration@2b9ed6da]" started-at="2025-01-28T12:08:09 IST" name="setup" finished-at="2025-01-28T12:08:10 IST" duration-ms="1381" status="PASS">
          <params>
            <param index="0">
              <value>
                <![CDATA[public void com.zenken.freshers.user.Registration.verifyTextBoxDisable()]]>
              </value>
            </param>
          </params>
          <reporter-output>
          </reporter-output>
        </test-method> <!-- setup -->
        <test-method is-config="true" signature="setUpTest(java.lang.reflect.Method)[pri:0, instance:com.zenken.freshers.user.Registration@2b9ed6da]" started-at="2025-01-28T12:08:10 IST" name="setUpTest" finished-at="2025-01-28T12:08:14 IST" duration-ms="3814" status="PASS">
          <params>
            <param index="0">
              <value>
                <![CDATA[public void com.zenken.freshers.user.Registration.verifyTextBoxDisable()]]>
              </value>
            </param>
          </params>
          <reporter-output>
          </reporter-output>
        </test-method> <!-- setUpTest -->
        <test-method signature="verifyTextBoxDisable()[pri:0, instance:com.zenken.freshers.user.Registration@2b9ed6da]" started-at="2025-01-28T12:08:14 IST" name="verifyTextBoxDisable" description="This test verifies that the text box for &#039;Last Name&#039; field turns inactive after clicking on checkbox" finished-at="2025-01-28T12:08:14 IST" duration-ms="148" status="PASS">
          <reporter-output>
          </reporter-output>
        </test-method> <!-- verifyTextBoxDisable -->
        <test-method is-config="true" signature="tearDown()[pri:0, instance:com.zenken.freshers.user.Registration@2b9ed6da]" started-at="2025-01-28T12:08:14 IST" name="tearDown" finished-at="2025-01-28T12:08:14 IST" duration-ms="148" status="PASS">
          <reporter-output>
          </reporter-output>
        </test-method> <!-- tearDown -->
        <test-method is-config="true" signature="setup(java.lang.reflect.Method)[pri:0, instance:com.zenken.freshers.user.Registration@2b9ed6da]" started-at="2025-01-28T12:08:14 IST" name="setup" finished-at="2025-01-28T12:08:15 IST" duration-ms="1217" status="PASS">
          <params>
            <param index="0">
              <value>
                <![CDATA[public void com.zenken.freshers.user.Registration.verifyTexts()]]>
              </value>
            </param>
          </params>
          <reporter-output>
          </reporter-output>
        </test-method> <!-- setup -->
        <test-method is-config="true" signature="setUpTest(java.lang.reflect.Method)[pri:0, instance:com.zenken.freshers.user.Registration@2b9ed6da]" started-at="2025-01-28T12:08:15 IST" name="setUpTest" finished-at="2025-01-28T12:08:18 IST" duration-ms="2885" status="PASS">
          <params>
            <param index="0">
              <value>
                <![CDATA[public void com.zenken.freshers.user.Registration.verifyTexts()]]>
              </value>
            </param>
          </params>
          <reporter-output>
          </reporter-output>
        </test-method> <!-- setUpTest -->
        <test-method signature="verifyTexts()[pri:0, instance:com.zenken.freshers.user.Registration@2b9ed6da]" started-at="2025-01-28T12:08:18 IST" name="verifyTexts" description="This test verifies that expected texts are displayed at the top of the page" finished-at="2025-01-28T12:08:18 IST" duration-ms="62" status="PASS">
          <reporter-output>
          </reporter-output>
        </test-method> <!-- verifyTexts -->
        <test-method is-config="true" signature="tearDown()[pri:0, instance:com.zenken.freshers.user.Registration@2b9ed6da]" started-at="2025-01-28T12:08:18 IST" name="tearDown" finished-at="2025-01-28T12:08:18 IST" duration-ms="173" status="PASS">
          <reporter-output>
          </reporter-output>
        </test-method> <!-- tearDown -->
        <test-method is-config="true" signature="setup(java.lang.reflect.Method)[pri:0, instance:com.zenken.freshers.user.Registration@2b9ed6da]" started-at="2025-01-28T12:08:18 IST" name="setup" finished-at="2025-01-28T12:08:20 IST" duration-ms="1242" status="PASS">
          <params>
            <param index="0">
              <value>
                <![CDATA[public void com.zenken.freshers.user.Registration.verifyTitle()]]>
              </value>
            </param>
          </params>
          <reporter-output>
          </reporter-output>
        </test-method> <!-- setup -->
        <test-method is-config="true" signature="setUpTest(java.lang.reflect.Method)[pri:0, instance:com.zenken.freshers.user.Registration@2b9ed6da]" started-at="2025-01-28T12:08:20 IST" name="setUpTest" finished-at="2025-01-28T12:08:24 IST" duration-ms="4237" status="PASS">
          <params>
            <param index="0">
              <value>
                <![CDATA[public void com.zenken.freshers.user.Registration.verifyTitle()]]>
              </value>
            </param>
          </params>
          <reporter-output>
          </reporter-output>
        </test-method> <!-- setUpTest -->
        <test-method signature="verifyTitle()[pri:0, instance:com.zenken.freshers.user.Registration@2b9ed6da]" started-at="2025-01-28T12:08:24 IST" name="verifyTitle" description="This test verifies that the Registration page title is correct" finished-at="2025-01-28T12:08:24 IST" duration-ms="11" status="PASS">
          <reporter-output>
          </reporter-output>
        </test-method> <!-- verifyTitle -->
        <test-method is-config="true" signature="tearDown()[pri:0, instance:com.zenken.freshers.user.Registration@2b9ed6da]" started-at="2025-01-28T12:08:24 IST" name="tearDown" finished-at="2025-01-28T12:08:24 IST" duration-ms="159" status="PASS">
          <reporter-output>
          </reporter-output>
        </test-method> <!-- tearDown -->
        <test-method is-config="true" signature="setup(java.lang.reflect.Method)[pri:0, instance:com.zenken.freshers.user.Registration@2b9ed6da]" started-at="2025-01-28T12:08:24 IST" name="setup" finished-at="2025-01-28T12:08:25 IST" duration-ms="1302" status="PASS">
          <params>
            <param index="0">
              <value>
                <![CDATA[public void com.zenken.freshers.user.Registration.verifyUSNRequired()]]>
              </value>
            </param>
          </params>
          <reporter-output>
          </reporter-output>
        </test-method> <!-- setup -->
        <test-method is-config="true" signature="setUpTest(java.lang.reflect.Method)[pri:0, instance:com.zenken.freshers.user.Registration@2b9ed6da]" started-at="2025-01-28T12:08:25 IST" name="setUpTest" finished-at="2025-01-28T12:08:28 IST" duration-ms="2539" status="PASS">
          <params>
            <param index="0">
              <value>
                <![CDATA[public void com.zenken.freshers.user.Registration.verifyUSNRequired()]]>
              </value>
            </param>
          </params>
          <reporter-output>
          </reporter-output>
        </test-method> <!-- setUpTest -->
        <test-method signature="verifyUSNRequired()[pri:0, instance:com.zenken.freshers.user.Registration@2b9ed6da]" started-at="2025-01-28T12:08:28 IST" name="verifyUSNRequired" description="This test verifies that validation error occurs for required field: &#039;USN / Registration Number&#039;" finished-at="2025-01-28T12:08:32 IST" duration-ms="4315" status="PASS">
          <reporter-output>
          </reporter-output>
        </test-method> <!-- verifyUSNRequired -->
        <test-method is-config="true" signature="tearDown()[pri:0, instance:com.zenken.freshers.user.Registration@2b9ed6da]" started-at="2025-01-28T12:08:32 IST" name="tearDown" finished-at="2025-01-28T12:08:32 IST" duration-ms="111" status="PASS">
          <reporter-output>
          </reporter-output>
        </test-method> <!-- tearDown -->
        <test-method is-config="true" signature="setup(java.lang.reflect.Method)[pri:0, instance:com.zenken.freshers.user.Registration@2b9ed6da]" started-at="2025-01-28T12:08:32 IST" name="setup" finished-at="2025-01-28T12:08:34 IST" duration-ms="1213" status="PASS">
          <params>
            <param index="0">
              <value>
                <![CDATA[public void com.zenken.freshers.user.Registration.verifyUsedEmail()]]>
              </value>
            </param>
          </params>
          <reporter-output>
          </reporter-output>
        </test-method> <!-- setup -->
        <test-method is-config="true" signature="setUpTest(java.lang.reflect.Method)[pri:0, instance:com.zenken.freshers.user.Registration@2b9ed6da]" started-at="2025-01-28T12:08:34 IST" name="setUpTest" finished-at="2025-01-28T12:08:38 IST" duration-ms="4548" status="PASS">
          <params>
            <param index="0">
              <value>
                <![CDATA[public void com.zenken.freshers.user.Registration.verifyUsedEmail()]]>
              </value>
            </param>
          </params>
          <reporter-output>
          </reporter-output>
        </test-method> <!-- setUpTest -->
        <test-method signature="verifyUsedEmail()[pri:0, instance:com.zenken.freshers.user.Registration@2b9ed6da]" started-at="2025-01-28T12:08:38 IST" name="verifyUsedEmail" description="This test verifies that validation error for same email occursfor &#039;Email&#039; field" finished-at="2025-01-28T12:08:45 IST" duration-ms="6994" status="PASS">
          <reporter-output>
          </reporter-output>
        </test-method> <!-- verifyUsedEmail -->
        <test-method is-config="true" signature="tearDown()[pri:0, instance:com.zenken.freshers.user.Registration@2b9ed6da]" started-at="2025-01-28T12:08:45 IST" name="tearDown" finished-at="2025-01-28T12:08:45 IST" duration-ms="437" status="PASS">
          <reporter-output>
          </reporter-output>
        </test-method> <!-- tearDown -->
        <test-method is-config="true" signature="setup(java.lang.reflect.Method)[pri:0, instance:com.zenken.freshers.user.Registration@2b9ed6da]" started-at="2025-01-28T12:08:45 IST" name="setup" finished-at="2025-01-28T12:08:47 IST" duration-ms="1552" status="PASS">
          <params>
            <param index="0">
              <value>
                <![CDATA[public void com.zenken.freshers.user.Registration.verifyYearRequired()]]>
              </value>
            </param>
          </params>
          <reporter-output>
          </reporter-output>
        </test-method> <!-- setup -->
        <test-method is-config="true" signature="setUpTest(java.lang.reflect.Method)[pri:0, instance:com.zenken.freshers.user.Registration@2b9ed6da]" started-at="2025-01-28T12:08:47 IST" name="setUpTest" finished-at="2025-01-28T12:08:51 IST" duration-ms="4444" status="PASS">
          <params>
            <param index="0">
              <value>
                <![CDATA[public void com.zenken.freshers.user.Registration.verifyYearRequired()]]>
              </value>
            </param>
          </params>
          <reporter-output>
          </reporter-output>
        </test-method> <!-- setUpTest -->
        <test-method signature="verifyYearRequired()[pri:0, instance:com.zenken.freshers.user.Registration@2b9ed6da]" started-at="2025-01-28T12:08:51 IST" name="verifyYearRequired" description="This test verifies that validation error occurs for required field: &#039;Expected Graduation Year&#039;" finished-at="2025-01-28T12:08:56 IST" duration-ms="4228" status="PASS">
          <reporter-output>
          </reporter-output>
        </test-method> <!-- verifyYearRequired -->
        <test-method is-config="true" signature="tearDown()[pri:0, instance:com.zenken.freshers.user.Registration@2b9ed6da]" started-at="2025-01-28T12:08:56 IST" name="tearDown" finished-at="2025-01-28T12:08:56 IST" duration-ms="236" status="PASS">
          <reporter-output>
          </reporter-output>
        </test-method> <!-- tearDown -->
        <test-method is-config="true" signature="setup(java.lang.reflect.Method)[pri:0, instance:com.zenken.freshers.user.Registration@2b9ed6da]" started-at="2025-01-28T12:08:56 IST" name="setup" finished-at="2025-01-28T12:08:57 IST" duration-ms="1421" status="PASS">
          <params>
            <param index="0">
              <value>
                <![CDATA[public void com.zenken.freshers.user.Registration.verifyYearSelect()]]>
              </value>
            </param>
          </params>
          <reporter-output>
          </reporter-output>
        </test-method> <!-- setup -->
        <test-method is-config="true" signature="setUpTest(java.lang.reflect.Method)[pri:0, instance:com.zenken.freshers.user.Registration@2b9ed6da]" started-at="2025-01-28T12:08:57 IST" name="setUpTest" finished-at="2025-01-28T12:09:02 IST" duration-ms="4197" status="PASS">
          <params>
            <param index="0">
              <value>
                <![CDATA[public void com.zenken.freshers.user.Registration.verifyYearSelect()]]>
              </value>
            </param>
          </params>
          <reporter-output>
          </reporter-output>
        </test-method> <!-- setUpTest -->
        <test-method signature="verifyYearSelect()[pri:0, instance:com.zenken.freshers.user.Registration@2b9ed6da]" started-at="2025-01-28T12:09:02 IST" name="verifyYearSelect" description="This test verifies that year can be selected from the dropdown" finished-at="2025-01-28T12:09:02 IST" duration-ms="309" status="PASS">
          <reporter-output>
          </reporter-output>
        </test-method> <!-- verifyYearSelect -->
        <test-method is-config="true" signature="tearDown()[pri:0, instance:com.zenken.freshers.user.Registration@2b9ed6da]" started-at="2025-01-28T12:09:02 IST" name="tearDown" finished-at="2025-01-28T12:09:02 IST" duration-ms="145" status="PASS">
          <reporter-output>
          </reporter-output>
        </test-method> <!-- tearDown -->
        <test-method is-config="true" signature="setup(java.lang.reflect.Method)[pri:0, instance:com.zenken.freshers.user.Registration@2b9ed6da]" started-at="2025-01-28T12:09:02 IST" name="setup" finished-at="2025-01-28T12:09:03 IST" duration-ms="1367" status="PASS">
          <params>
            <param index="0">
              <value>
                <![CDATA[public void com.zenken.freshers.user.Registration.verifyUserRegistration() throws com.mailslurp.clients.ApiException]]>
              </value>
            </param>
          </params>
          <reporter-output>
          </reporter-output>
        </test-method> <!-- setup -->
        <test-method is-config="true" signature="setUpTest(java.lang.reflect.Method)[pri:0, instance:com.zenken.freshers.user.Registration@2b9ed6da]" started-at="2025-01-28T12:09:03 IST" name="setUpTest" finished-at="2025-01-28T12:09:05 IST" duration-ms="1367" status="PASS">
          <params>
            <param index="0">
              <value>
                <![CDATA[public void com.zenken.freshers.user.Registration.verifyUserRegistration() throws com.mailslurp.clients.ApiException]]>
              </value>
            </param>
          </params>
          <reporter-output>
          </reporter-output>
        </test-method> <!-- setUpTest -->
        <test-method signature="verifyUserRegistration()[pri:1, instance:com.zenken.freshers.user.Registration@2b9ed6da]" started-at="2025-01-28T12:09:05 IST" name="verifyUserRegistration" description="This test verifies that the user can create an account" finished-at="2025-01-28T12:09:15 IST" duration-ms="10705" status="PASS">
          <reporter-output>
          </reporter-output>
        </test-method> <!-- verifyUserRegistration -->
        <test-method is-config="true" signature="tearDown()[pri:0, instance:com.zenken.freshers.user.Registration@2b9ed6da]" started-at="2025-01-28T12:09:15 IST" name="tearDown" finished-at="2025-01-28T12:09:15 IST" duration-ms="0" status="PASS">
          <reporter-output>
          </reporter-output>
        </test-method> <!-- tearDown -->
        <test-method is-config="true" signature="setup(java.lang.reflect.Method)[pri:0, instance:com.zenken.freshers.user.Registration@2b9ed6da]" started-at="2025-01-28T12:09:15 IST" name="setup" finished-at="2025-01-28T12:09:15 IST" duration-ms="3" status="PASS">
          <params>
            <param index="0">
              <value>
                <![CDATA[public void com.zenken.freshers.user.Registration.verifyEmail() throws com.mailslurp.clients.ApiException]]>
              </value>
            </param>
          </params>
          <reporter-output>
          </reporter-output>
        </test-method> <!-- setup -->
        <test-method is-config="true" signature="setUpTest(java.lang.reflect.Method)[pri:0, instance:com.zenken.freshers.user.Registration@2b9ed6da]" started-at="2025-01-28T12:09:15 IST" name="setUpTest" finished-at="2025-01-28T12:09:21 IST" duration-ms="5718" status="PASS">
          <params>
            <param index="0">
              <value>
                <![CDATA[public void com.zenken.freshers.user.Registration.verifyEmail() throws com.mailslurp.clients.ApiException]]>
              </value>
            </param>
          </params>
          <reporter-output>
          </reporter-output>
        </test-method> <!-- setUpTest -->
        <test-method signature="verifyEmail()[pri:2, instance:com.zenken.freshers.user.Registration@2b9ed6da]" started-at="2025-01-28T12:09:21 IST" name="verifyEmail" description="This test verifies that user receives a verification email to the user&#039;s email address" finished-at="2025-01-28T12:09:23 IST" duration-ms="1576" status="PASS">
          <reporter-output>
          </reporter-output>
        </test-method> <!-- verifyEmail -->
        <test-method is-config="true" signature="tearDown()[pri:0, instance:com.zenken.freshers.user.Registration@2b9ed6da]" started-at="2025-01-28T12:09:23 IST" name="tearDown" finished-at="2025-01-28T12:09:23 IST" duration-ms="5" status="PASS">
          <reporter-output>
          </reporter-output>
        </test-method> <!-- tearDown -->
        <test-method is-config="true" signature="setUpTest(java.lang.reflect.Method)[pri:0, instance:com.zenken.freshers.user.Registration@2b9ed6da]" started-at="2025-01-28T12:09:23 IST" name="setUpTest" finished-at="2025-01-28T12:09:27 IST" duration-ms="3715" status="PASS">
          <params>
            <param index="0">
              <value>
                <![CDATA[public void com.zenken.freshers.user.Registration.verifyEmailPageTitle()]]>
              </value>
            </param>
          </params>
          <reporter-output>
          </reporter-output>
        </test-method> <!-- setUpTest -->
        <test-method is-config="true" signature="setup(java.lang.reflect.Method)[pri:0, instance:com.zenken.freshers.user.Registration@2b9ed6da]" started-at="2025-01-28T12:09:23 IST" name="setup" finished-at="2025-01-28T12:09:23 IST" duration-ms="0" status="PASS">
          <params>
            <param index="0">
              <value>
                <![CDATA[public void com.zenken.freshers.user.Registration.verifyEmailPageTitle()]]>
              </value>
            </param>
          </params>
          <reporter-output>
          </reporter-output>
        </test-method> <!-- setup -->
        <test-method signature="verifyEmailPageTitle()[pri:3, instance:com.zenken.freshers.user.Registration@2b9ed6da]" started-at="2025-01-28T12:09:27 IST" name="verifyEmailPageTitle" description="This test verifies that expected text for headline is displayed on the Email Verification page" finished-at="2025-01-28T12:09:27 IST" duration-ms="64" status="PASS">
          <reporter-output>
          </reporter-output>
        </test-method> <!-- verifyEmailPageTitle -->
        <test-method is-config="true" signature="tearDown()[pri:0, instance:com.zenken.freshers.user.Registration@2b9ed6da]" started-at="2025-01-28T12:09:27 IST" name="tearDown" finished-at="2025-01-28T12:09:27 IST" duration-ms="0" status="PASS">
          <reporter-output>
          </reporter-output>
        </test-method> <!-- tearDown -->
        <test-method is-config="true" signature="setup(java.lang.reflect.Method)[pri:0, instance:com.zenken.freshers.user.Registration@2b9ed6da]" started-at="2025-01-28T12:09:27 IST" name="setup" finished-at="2025-01-28T12:09:27 IST" duration-ms="2" status="PASS">
          <params>
            <param index="0">
              <value>
                <![CDATA[public void com.zenken.freshers.user.Registration.verifyEmailAddress()]]>
              </value>
            </param>
          </params>
          <reporter-output>
          </reporter-output>
        </test-method> <!-- setup -->
        <test-method is-config="true" signature="setUpTest(java.lang.reflect.Method)[pri:0, instance:com.zenken.freshers.user.Registration@2b9ed6da]" started-at="2025-01-28T12:09:27 IST" name="setUpTest" finished-at="2025-01-28T12:09:31 IST" duration-ms="4615" status="PASS">
          <params>
            <param index="0">
              <value>
                <![CDATA[public void com.zenken.freshers.user.Registration.verifyEmailAddress()]]>
              </value>
            </param>
          </params>
          <reporter-output>
          </reporter-output>
        </test-method> <!-- setUpTest -->
        <test-method signature="verifyEmailAddress()[pri:4, instance:com.zenken.freshers.user.Registration@2b9ed6da]" started-at="2025-01-28T12:09:31 IST" name="verifyEmailAddress" description="This test verifies that the email address displayed on the Email Verification page is correct" finished-at="2025-01-28T12:09:31 IST" duration-ms="49" status="PASS">
          <reporter-output>
          </reporter-output>
        </test-method> <!-- verifyEmailAddress -->
        <test-method is-config="true" signature="setup(java.lang.reflect.Method)[pri:0, instance:com.zenken.freshers.user.Registration@2b9ed6da]" started-at="2025-01-28T12:09:31 IST" name="setup" finished-at="2025-01-28T12:09:31 IST" duration-ms="2" status="PASS">
          <params>
            <param index="0">
              <value>
                <![CDATA[public void com.zenken.freshers.user.Registration.verifyEmailResend() throws com.mailslurp.clients.ApiException]]>
              </value>
            </param>
          </params>
          <reporter-output>
          </reporter-output>
        </test-method> <!-- setup -->
        <test-method is-config="true" signature="tearDown()[pri:0, instance:com.zenken.freshers.user.Registration@2b9ed6da]" started-at="2025-01-28T12:09:31 IST" name="tearDown" finished-at="2025-01-28T12:09:31 IST" duration-ms="0" status="PASS">
          <reporter-output>
          </reporter-output>
        </test-method> <!-- tearDown -->
        <test-method is-config="true" signature="setUpTest(java.lang.reflect.Method)[pri:0, instance:com.zenken.freshers.user.Registration@2b9ed6da]" started-at="2025-01-28T12:09:31 IST" name="setUpTest" finished-at="2025-01-28T12:09:35 IST" duration-ms="3928" status="PASS">
          <params>
            <param index="0">
              <value>
                <![CDATA[public void com.zenken.freshers.user.Registration.verifyEmailResend() throws com.mailslurp.clients.ApiException]]>
              </value>
            </param>
          </params>
          <reporter-output>
          </reporter-output>
        </test-method> <!-- setUpTest -->
        <test-method signature="verifyEmailResend()[pri:5, instance:com.zenken.freshers.user.Registration@2b9ed6da]" started-at="2025-01-28T12:09:35 IST" name="verifyEmailResend" description="This test verifies that the email is resent after clicking on &#039;Resend&#039; link" finished-at="2025-01-28T12:09:38 IST" duration-ms="2479" status="PASS">
          <reporter-output>
          </reporter-output>
        </test-method> <!-- verifyEmailResend -->
        <test-method is-config="true" signature="setup(java.lang.reflect.Method)[pri:0, instance:com.zenken.freshers.user.Registration@2b9ed6da]" started-at="2025-01-28T12:09:38 IST" name="setup" finished-at="2025-01-28T12:09:38 IST" duration-ms="2" status="PASS">
          <params>
            <param index="0">
              <value>
                <![CDATA[public void com.zenken.freshers.user.Registration.verifyEmailVerificationLink() throws com.mailslurp.clients.ApiException]]>
              </value>
            </param>
          </params>
          <reporter-output>
          </reporter-output>
        </test-method> <!-- setup -->
        <test-method is-config="true" signature="tearDown()[pri:0, instance:com.zenken.freshers.user.Registration@2b9ed6da]" started-at="2025-01-28T12:09:38 IST" name="tearDown" finished-at="2025-01-28T12:09:38 IST" duration-ms="0" status="PASS">
          <reporter-output>
          </reporter-output>
        </test-method> <!-- tearDown -->
        <test-method is-config="true" signature="setUpTest(java.lang.reflect.Method)[pri:0, instance:com.zenken.freshers.user.Registration@2b9ed6da]" started-at="2025-01-28T12:09:38 IST" name="setUpTest" finished-at="2025-01-28T12:09:44 IST" duration-ms="6098" status="PASS">
          <params>
            <param index="0">
              <value>
                <![CDATA[public void com.zenken.freshers.user.Registration.verifyEmailVerificationLink() throws com.mailslurp.clients.ApiException]]>
              </value>
            </param>
          </params>
          <reporter-output>
          </reporter-output>
        </test-method> <!-- setUpTest -->
        <test-method signature="verifyEmailVerificationLink()[pri:6, instance:com.zenken.freshers.user.Registration@2b9ed6da]" started-at="2025-01-28T12:09:44 IST" name="verifyEmailVerificationLink" description="This test verifies that the link mentioned in the mail redirects user to the profile preview page of his/her account" finished-at="2025-01-28T12:09:53 IST" duration-ms="8768" status="PASS">
          <reporter-output>
          </reporter-output>
        </test-method> <!-- verifyEmailVerificationLink -->
        <test-method is-config="true" signature="tearDown()[pri:0, instance:com.zenken.freshers.user.Registration@2b9ed6da]" started-at="2025-01-28T12:09:53 IST" name="tearDown" finished-at="2025-01-28T12:09:53 IST" duration-ms="399" status="PASS">
          <reporter-output>
          </reporter-output>
        </test-method> <!-- tearDown -->
      </class> <!-- com.zenken.freshers.user.Registration -->
      <class name="com.zenken.freshers.user.Companies">
        <test-method is-config="true" signature="setup(java.lang.reflect.Method)[pri:0, instance:com.zenken.freshers.user.Companies@421e361]" started-at="2025-01-28T12:03:37 IST" name="setup" finished-at="2025-01-28T12:03:40 IST" duration-ms="2243" status="PASS">
          <params>
            <param index="0">
              <value>
                <![CDATA[public void com.zenken.freshers.user.Companies.verifyComAnchorLink() throws java.lang.InterruptedException]]>
              </value>
            </param>
          </params>
          <reporter-output>
          </reporter-output>
        </test-method> <!-- setup -->
        <test-method is-config="true" signature="setupCom()[pri:0, instance:com.zenken.freshers.user.Companies@421e361]" started-at="2025-01-28T12:03:40 IST" name="setupCom" finished-at="2025-01-28T12:05:41 IST" duration-ms="121280" status="PASS">
          <reporter-output>
          </reporter-output>
        </test-method> <!-- setupCom -->
        <test-method signature="verifyComAnchorLink()[pri:0, instance:com.zenken.freshers.user.Companies@421e361]" started-at="2025-01-28T12:05:41 IST" name="verifyComAnchorLink" description="This test verifies that user is navigated to respective sectionsafter clicking on their anchor links" finished-at="2025-01-28T12:05:42 IST" duration-ms="928" status="PASS">
          <reporter-output>
          </reporter-output>
        </test-method> <!-- verifyComAnchorLink -->
        <test-method is-config="true" signature="tearDown()[pri:0, instance:com.zenken.freshers.user.Companies@421e361]" started-at="2025-01-28T12:05:42 IST" name="tearDown" finished-at="2025-01-28T12:05:42 IST" duration-ms="440" status="PASS">
          <reporter-output>
          </reporter-output>
        </test-method> <!-- tearDown -->
        <test-method is-config="true" signature="setup(java.lang.reflect.Method)[pri:0, instance:com.zenken.freshers.user.Companies@421e361]" started-at="2025-01-28T12:05:42 IST" name="setup" finished-at="2025-01-28T12:05:44 IST" duration-ms="1535" status="PASS">
          <params>
            <param index="0">
              <value>
                <![CDATA[public void com.zenken.freshers.user.Companies.verifyComImages() throws java.io.IOException]]>
              </value>
            </param>
          </params>
          <reporter-output>
          </reporter-output>
        </test-method> <!-- setup -->
        <test-method is-config="true" signature="setupCom()[pri:0, instance:com.zenken.freshers.user.Companies@421e361]" started-at="2025-01-28T12:05:44 IST" name="setupCom" finished-at="2025-01-28T12:05:50 IST" duration-ms="6300" status="PASS">
          <reporter-output>
          </reporter-output>
        </test-method> <!-- setupCom -->
        <test-method signature="verifyComImages()[pri:0, instance:com.zenken.freshers.user.Companies@421e361]" started-at="2025-01-28T12:05:50 IST" name="verifyComImages" description="This test verifies that the images uploaded for company logo and header images in Admin account are displayed accrodingly" finished-at="2025-01-28T12:05:55 IST" duration-ms="4341" status="PASS">
          <reporter-output>
          </reporter-output>
        </test-method> <!-- verifyComImages -->
        <test-method is-config="true" signature="tearDown()[pri:0, instance:com.zenken.freshers.user.Companies@421e361]" started-at="2025-01-28T12:05:55 IST" name="tearDown" finished-at="2025-01-28T12:05:55 IST" duration-ms="532" status="PASS">
          <reporter-output>
          </reporter-output>
        </test-method> <!-- tearDown -->
        <test-method is-config="true" signature="setup(java.lang.reflect.Method)[pri:0, instance:com.zenken.freshers.user.Companies@421e361]" started-at="2025-01-28T12:05:55 IST" name="setup" finished-at="2025-01-28T12:05:56 IST" duration-ms="1329" status="PASS">
          <params>
            <param index="0">
              <value>
[...]
          </params>
          <reporter-output>
          </reporter-output>
        </test-method> <!-- setup -->
        <test-method is-config="true" signature="setUpTest(org.testng.ITestResult)[pri:0, instance:com.zenken.freshers.user.Login@389c4eb1]" started-at="2025-01-28T12:12:06 IST" name="setUpTest" finished-at="2025-01-28T12:12:06 IST" duration-ms="5" status="PASS">
          <params>
            <param index="0">
              <value>
                <![CDATA[[TestResult name={null} status=CREATED method=Login.verifyPasswordResetCompleteHeadline()[pri:6, instance:com.zenken.freshers.user.Login@389c4eb1] output={null}]]]>
              </value>
            </param>
          </params>
          <reporter-output>
          </reporter-output>
        </test-method> <!-- setUpTest -->
        <test-method signature="verifyPasswordResetCompleteHeadline()[pri:6, instance:com.zenken.freshers.user.Login@389c4eb1]" started-at="2025-01-28T12:12:06 IST" name="verifyPasswordResetCompleteHeadline" description="This test verifies that expected headline text is displayed on Reset Password Complete page" finished-at="2025-01-28T12:12:06 IST" duration-ms="69" status="PASS">
          <reporter-output>
          </reporter-output>
        </test-method> <!-- verifyPasswordResetCompleteHeadline -->
        <test-method is-config="true" signature="tearDown()[pri:0, instance:com.zenken.freshers.user.Login@389c4eb1]" started-at="2025-01-28T12:12:06 IST" name="tearDown" finished-at="2025-01-28T12:12:06 IST" duration-ms="0" status="PASS">
          <reporter-output>
          </reporter-output>
        </test-method> <!-- tearDown -->
        <test-method is-config="true" signature="setup(java.lang.reflect.Method)[pri:0, instance:com.zenken.freshers.user.Login@389c4eb1]" started-at="2025-01-28T12:12:06 IST" name="setup" finished-at="2025-01-28T12:12:06 IST" duration-ms="6" status="PASS">
          <params>
            <param index="0">
              <value>
                <![CDATA[public void com.zenken.freshers.user.Login.verifyLogInUrl()]]>
              </value>
            </param>
          </params>
          <reporter-output>
          </reporter-output>
        </test-method> <!-- setup -->
        <test-method is-config="true" signature="setUpTest(org.testng.ITestResult)[pri:0, instance:com.zenken.freshers.user.Login@389c4eb1]" started-at="2025-01-28T12:12:06 IST" name="setUpTest" finished-at="2025-01-28T12:12:06 IST" duration-ms="0" status="PASS">
          <params>
            <param index="0">
              <value>
                <![CDATA[[TestResult name={null} status=CREATED method=Login.verifyLogInUrl()[pri:7, instance:com.zenken.freshers.user.Login@389c4eb1] output={null}]]]>
              </value>
            </param>
          </params>
          <reporter-output>
          </reporter-output>
        </test-method> <!-- setUpTest -->
        <test-method signature="verifyLogInUrl()[pri:7, instance:com.zenken.freshers.user.Login@389c4eb1]" started-at="2025-01-28T12:12:06 IST" name="verifyLogInUrl" description="This test verifies that user is redirected to Login page upon clicking on &#039;Log In&#039; button on Reset Password Complete page" finished-at="2025-01-28T12:12:07 IST" duration-ms="1270" status="PASS">
          <reporter-output>
          </reporter-output>
        </test-method> <!-- verifyLogInUrl -->
        <test-method is-config="true" signature="tearDown()[pri:0, instance:com.zenken.freshers.user.Login@389c4eb1]" started-at="2025-01-28T12:12:07 IST" name="tearDown" finished-at="2025-01-28T12:12:08 IST" duration-ms="245" status="PASS">
          <reporter-output>
          </reporter-output>
        </test-method> <!-- tearDown -->
        <test-method is-config="true" signature="setup(java.lang.reflect.Method)[pri:0, instance:com.zenken.freshers.user.Login@389c4eb1]" started-at="2025-01-28T12:12:08 IST" name="setup" finished-at="2025-01-28T12:12:09 IST" duration-ms="1168" status="PASS">
          <params>
            <param index="0">
              <value>
                <![CDATA[public void com.zenken.freshers.user.Login.verifyLogInAfterPasswordChange() throws java.lang.InterruptedException]]>
              </value>
            </param>
          </params>
          <reporter-output>
          </reporter-output>
        </test-method> <!-- setup -->
        <test-method is-config="true" signature="setUpTest(org.testng.ITestResult)[pri:0, instance:com.zenken.freshers.user.Login@389c4eb1]" started-at="2025-01-28T12:12:09 IST" name="setUpTest" finished-at="2025-01-28T12:12:11 IST" duration-ms="2608" status="PASS">
          <params>
            <param index="0">
              <value>
                <![CDATA[[TestResult name={null} status=CREATED method=Login.verifyLogInAfterPasswordChange()[pri:8, instance:com.zenken.freshers.user.Login@389c4eb1] output={null}]]]>
              </value>
            </param>
          </params>
          <reporter-output>
          </reporter-output>
        </test-method> <!-- setUpTest -->
        <test-method signature="verifyLogInAfterPasswordChange()[pri:8, instance:com.zenken.freshers.user.Login@389c4eb1]" started-at="2025-01-28T12:12:11 IST" name="verifyLogInAfterPasswordChange" description="This test verifies that user is able to login into his/her account with the password that has been reset" finished-at="2025-01-28T12:12:14 IST" duration-ms="2641" status="PASS">
          <reporter-output>
          </reporter-output>
        </test-method> <!-- verifyLogInAfterPasswordChange -->
        <test-method is-config="true" signature="tearDown()[pri:0, instance:com.zenken.freshers.user.Login@389c4eb1]" started-at="2025-01-28T12:12:14 IST" name="tearDown" finished-at="2025-01-28T12:12:14 IST" duration-ms="130" status="PASS">
          <reporter-output>
          </reporter-output>
        </test-method> <!-- tearDown -->
      </class> <!-- com.zenken.freshers.user.Login -->
      <class name="com.zenken.freshers.user.Jobs">
        <test-method is-config="true" signature="setup(java.lang.reflect.Method)[pri:0, instance:com.zenken.freshers.user.Jobs@59d4cd39]" started-at="2025-01-28T12:06:54 IST" name="setup" finished-at="2025-01-28T12:06:55 IST" duration-ms="1312" status="PASS">
          <params>
            <param index="0">
              <value>
                <![CDATA[public void com.zenken.freshers.user.Jobs.verifyCompanyOverviewAnchor()]]>
              </value>
            </param>
          </params>
          <reporter-output>
          </reporter-output>
        </test-method> <!-- setup -->
        <test-method is-config="true" signature="setupJobs()[pri:0, instance:com.zenken.freshers.user.Jobs@59d4cd39]" started-at="2025-01-28T12:06:55 IST" name="setupJobs" finished-at="2025-01-28T12:07:39 IST" duration-ms="43499" status="PASS">
          <reporter-output>
          </reporter-output>
        </test-method> <!-- setupJobs -->
        <test-method signature="verifyCompanyOverviewAnchor()[pri:0, instance:com.zenken.freshers.user.Jobs@59d4cd39]" started-at="2025-01-28T12:07:39 IST" name="verifyCompanyOverviewAnchor" description="This test verifies that user is navigated to Company Overview section upon clicking on &quot;Company Overview&quot; anchor link" finished-at="2025-01-28T12:07:39 IST" duration-ms="187" status="PASS">
          <reporter-output>
          </reporter-output>
        </test-method> <!-- verifyCompanyOverviewAnchor -->
        <test-method is-config="true" signature="tearDown()[pri:0, instance:com.zenken.freshers.user.Jobs@59d4cd39]" started-at="2025-01-28T12:07:39 IST" name="tearDown" finished-at="2025-01-28T12:07:39 IST" duration-ms="271" status="PASS">
          <reporter-output>
          </reporter-output>
        </test-method> <!-- tearDown -->
        <test-method is-config="true" signature="setup(java.lang.reflect.Method)[pri:0, instance:com.zenken.freshers.user.Jobs@59d4cd39]" started-at="2025-01-28T12:07:39 IST" name="setup" finished-at="2025-01-28T12:07:41 IST" duration-ms="1637" status="PASS">
          <params>
            <param index="0">
              <value>
                <![CDATA[public void com.zenken.freshers.user.Jobs.verifyCondtionsAnchor()]]>
              </value>
            </param>
          </params>
          <reporter-output>
          </reporter-output>
        </test-method> <!-- setup -->
        <test-method is-config="true" signature="setupJobs()[pri:0, instance:com.zenken.freshers.user.Jobs@59d4cd39]" started-at="2025-01-28T12:07:41 IST" name="setupJobs" finished-at="2025-01-28T12:07:45 IST" duration-ms="4313" status="PASS">
          <reporter-output>
          </reporter-output>
        </test-method> <!-- setupJobs -->
        <test-method signature="verifyCondtionsAnchor()[pri:0, instance:com.zenken.freshers.user.Jobs@59d4cd39]" started-at="2025-01-28T12:07:45 IST" name="verifyCondtionsAnchor" description="This test verifies that user is navigated to Condtions section upon clicking on &quot;Condtions&quot; anchor link" finished-at="2025-01-28T12:07:45 IST" duration-ms="139" status="PASS">
          <reporter-output>
          </reporter-output>
        </test-method> <!-- verifyCondtionsAnchor -->
        <test-method is-config="true" signature="tearDown()[pri:0, instance:com.zenken.freshers.user.Jobs@59d4cd39]" started-at="2025-01-28T12:07:45 IST" name="tearDown" finished-at="2025-01-28T12:07:46 IST" duration-ms="155" status="PASS">
          <reporter-output>
          </reporter-output>
        </test-method> <!-- tearDown -->
        <test-method is-config="true" signature="setup(java.lang.reflect.Method)[pri:0, instance:com.zenken.freshers.user.Jobs@59d4cd39]" started-at="2025-01-28T12:07:46 IST" name="setup" finished-at="2025-01-28T12:07:47 IST" duration-ms="1234" status="PASS">
          <params>
            <param index="0">
              <value>
                <![CDATA[public void com.zenken.freshers.user.Jobs.verifyJobDetailAnchor()]]>
              </value>
            </param>
          </params>
          <reporter-output>
          </reporter-output>
        </test-method> <!-- setup -->
        <test-method is-config="true" signature="setupJobs()[pri:0, instance:com.zenken.freshers.user.Jobs@59d4cd39]" started-at="2025-01-28T12:07:47 IST" name="setupJobs" finished-at="2025-01-28T12:07:51 IST" duration-ms="4539" status="PASS">
          <reporter-output>
          </reporter-output>
        </test-method> <!-- setupJobs -->
        <test-method signature="verifyJobDetailAnchor()[pri:0, instance:com.zenken.freshers.user.Jobs@59d4cd39]" started-at="2025-01-28T12:07:51 IST" name="verifyJobDetailAnchor" description="This test verifies that user is navigated to Job Details section upon clicking on &quot;Job Detail&quot; anchor link" finished-at="2025-01-28T12:07:52 IST" duration-ms="210" status="PASS">
          <reporter-output>
          </reporter-output>
        </test-method> <!-- verifyJobDetailAnchor -->
        <test-method is-config="true" signature="tearDown()[pri:0, instance:com.zenken.freshers.user.Jobs@59d4cd39]" started-at="2025-01-28T12:07:52 IST" name="tearDown" finished-at="2025-01-28T12:07:52 IST" duration-ms="158" status="PASS">
          <reporter-output>
          </reporter-output>
        </test-method> <!-- tearDown -->
        <test-method is-config="true" signature="setup(java.lang.reflect.Method)[pri:0, instance:com.zenken.freshers.user.Jobs@59d4cd39]" started-at="2025-01-28T12:07:52 IST" name="setup" finished-at="2025-01-28T12:07:53 IST" duration-ms="1262" status="PASS">
          <params>
            <param index="0">
              <value>
                <![CDATA[public void com.zenken.freshers.user.Jobs.verifyJobsCompaniesUrl()]]>
              </value>
            </param>
          </params>
          <reporter-output>
          </reporter-output>
        </test-method> <!-- setup -->
        <test-method is-config="true" signature="setupJobs()[pri:0, instance:com.zenken.freshers.user.Jobs@59d4cd39]" started-at="2025-01-28T12:07:53 IST" name="setupJobs" finished-at="2025-01-28T12:07:58 IST" duration-ms="5061" status="PASS">
          <reporter-output>
          </reporter-output>
        </test-method> <!-- setupJobs -->
        <test-method signature="verifyJobsCompaniesUrl()[pri:0, instance:com.zenken.freshers.user.Jobs@59d4cd39]" started-at="2025-01-28T12:07:58 IST" name="verifyJobsCompaniesUrl" description="This test verifies that user is redirected to Companies page" finished-at="2025-01-28T12:08:01 IST" duration-ms="3016" status="PASS">
          <reporter-output>
          </reporter-output>
        </test-method> <!-- verifyJobsCompaniesUrl -->
        <test-method is-config="true" signature="tearDown()[pri:0, instance:com.zenken.freshers.user.Jobs@59d4cd39]" started-at="2025-01-28T12:08:01 IST" name="tearDown" finished-at="2025-01-28T12:08:01 IST" duration-ms="245" status="PASS">
          <reporter-output>
          </reporter-output>
        </test-method> <!-- tearDown -->
        <test-method is-config="true" signature="setup(java.lang.reflect.Method)[pri:0, instance:com.zenken.freshers.user.Jobs@59d4cd39]" started-at="2025-01-28T12:08:01 IST" name="setup" finished-at="2025-01-28T12:08:03 IST" duration-ms="1435" status="PASS">
          <params>
            <param index="0">
              <value>
                <![CDATA[public void com.zenken.freshers.user.Jobs.verifyJobsPageTitle()]]>
              </value>
            </param>
          </params>
          <reporter-output>
          </reporter-output>
        </test-method> <!-- setup -->
        <test-method is-config="true" signature="setupJobs()[pri:0, instance:com.zenken.freshers.user.Jobs@59d4cd39]" started-at="2025-01-28T12:08:03 IST" name="setupJobs" finished-at="2025-01-28T12:08:08 IST" duration-ms="5639" status="PASS">
          <reporter-output>
          </reporter-output>
        </test-method> <!-- setupJobs -->
        <test-method signature="verifyJobsPageTitle()[pri:0, instance:com.zenken.freshers.user.Jobs@59d4cd39]" started-at="2025-01-28T12:08:08 IST" name="verifyJobsPageTitle" description="This test verifies that expected Jobs page title is displayed" finished-at="2025-01-28T12:08:08 IST" duration-ms="16" status="PASS">
          <reporter-output>
          </reporter-output>
        </test-method> <!-- verifyJobsPageTitle -->
        <test-method is-config="true" signature="tearDown()[pri:0, instance:com.zenken.freshers.user.Jobs@59d4cd39]" started-at="2025-01-28T12:08:08 IST" name="tearDown" finished-at="2025-01-28T12:08:09 IST" duration-ms="113" status="PASS">
          <reporter-output>
          </reporter-output>
        </test-method> <!-- tearDown -->
        <test-method is-config="true" signature="setup(java.lang.reflect.Method)[pri:0, instance:com.zenken.freshers.user.Jobs@59d4cd39]" started-at="2025-01-28T12:08:09 IST" name="setup" finished-at="2025-01-28T12:08:10 IST" duration-ms="1374" status="PASS">
          <params>
            <param index="0">
              <value>
                <![CDATA[public void com.zenken.freshers.user.Jobs.verifyJobsUrl()]]>
              </value>
            </param>
          </params>
          <reporter-output>
          </reporter-output>
        </test-method> <!-- setup -->
        <test-method is-config="true" signature="setupJobs()[pri:0, instance:com.zenken.freshers.user.Jobs@59d4cd39]" started-at="2025-01-28T12:08:10 IST" name="setupJobs" finished-at="2025-01-28T12:08:14 IST" duration-ms="4267" status="PASS">
          <reporter-output>
          </reporter-output>
        </test-method> <!-- setupJobs -->
        <test-method signature="verifyJobsUrl()[pri:0, instance:com.zenken.freshers.user.Jobs@59d4cd39]" started-at="2025-01-28T12:08:14 IST" name="verifyJobsUrl" description="This test verifies that user is redirected to Jobs page" finished-at="2025-01-28T12:08:16 IST" duration-ms="1974" status="PASS">
          <reporter-output>
          </reporter-output>
        </test-method> <!-- verifyJobsUrl -->
        <test-method is-config="true" signature="tearDown()[pri:0, instance:com.zenken.freshers.user.Jobs@59d4cd39]" started-at="2025-01-28T12:08:16 IST" name="tearDown" finished-at="2025-01-28T12:08:16 IST" duration-ms="149" status="PASS">
          <reporter-output>
          </reporter-output>
        </test-method> <!-- tearDown -->
        <test-method is-config="true" signature="setup(java.lang.reflect.Method)[pri:0, instance:com.zenken.freshers.user.Jobs@59d4cd39]" started-at="2025-01-28T12:08:16 IST" name="setup" finished-at="2025-01-28T12:08:18 IST" duration-ms="1237" status="PASS">
          <params>
            <param index="0">
              <value>
                <![CDATA[public void com.zenken.freshers.user.Jobs.verifyJobsValues() throws java.io.IOException]]>
              </value>
            </param>
          </params>
          <reporter-output>
          </reporter-output>
        </test-method> <!-- setup -->
        <test-method is-config="true" signature="setupJobs()[pri:0, instance:com.zenken.freshers.user.Jobs@59d4cd39]" started-at="2025-01-28T12:08:18 IST" name="setupJobs" finished-at="2025-01-28T12:08:23 IST" duration-ms="4919" status="PASS">
          <reporter-output>
          </reporter-output>
        </test-method> <!-- setupJobs -->
        <test-method signature="verifyJobsValues()[pri:0, instance:com.zenken.freshers.user.Jobs@59d4cd39]" started-at="2025-01-28T12:08:23 IST" name="verifyJobsValues" description="This test verifies that the Jobs page is updated and expected values are displayed as they had been set in Admin account" finished-at="2025-01-28T12:08:24 IST" duration-ms="1535" status="PASS">
          <reporter-output>
          </reporter-output>
        </test-method> <!-- verifyJobsValues -->
        <test-method is-config="true" signature="tearDown()[pri:0, instance:com.zenken.freshers.user.Jobs@59d4cd39]" started-at="2025-01-28T12:08:24 IST" name="tearDown" finished-at="2025-01-28T12:08:24 IST" duration-ms="196" status="PASS">
          <reporter-output>
          </reporter-output>
        </test-method> <!-- tearDown -->
        <test-method is-config="true" signature="setup(java.lang.reflect.Method)[pri:0, instance:com.zenken.freshers.user.Jobs@59d4cd39]" started-at="2025-01-28T12:08:24 IST" name="setup" finished-at="2025-01-28T12:08:26 IST" duration-ms="1307" status="PASS">
          <params>
            <param index="0">
              <value>
                <![CDATA[public void com.zenken.freshers.user.Jobs.verifyJobsWarningText()]]>
              </value>
            </param>
          </params>
          <reporter-output>
          </reporter-output>
        </test-method> <!-- setup -->
        <test-method is-config="true" signature="setupJobs()[pri:0, instance:com.zenken.freshers.user.Jobs@59d4cd39]" started-at="2025-01-28T12:08:26 IST" name="setupJobs" finished-at="2025-01-28T12:08:27 IST" duration-ms="1814" status="PASS">
          <reporter-output>
          </reporter-output>
        </test-method> <!-- setupJobs -->
        <test-method signature="verifyJobsWarningText()[pri:0, instance:com.zenken.freshers.user.Jobs@59d4cd39]" started-at="2025-01-28T12:08:27 IST" name="verifyJobsWarningText" description="This test verifies that the warning text displayed below the Jobs page is correct" finished-at="2025-01-28T12:08:28 IST" duration-ms="903" status="PASS">
          <reporter-output>
          </reporter-output>
        </test-method> <!-- verifyJobsWarningText -->
        <test-method is-config="true" signature="tearDown()[pri:0, instance:com.zenken.freshers.user.Jobs@59d4cd39]" started-at="2025-01-28T12:08:28 IST" name="tearDown" finished-at="2025-01-28T12:08:28 IST" duration-ms="150" status="PASS">
          <reporter-output>
          </reporter-output>
        </test-method> <!-- tearDown -->
      </class> <!-- com.zenken.freshers.user.Jobs -->
    </test> <!-- Test -->
  </suite> <!-- Suite -->
</testng-results>
