<?xml version="1.0" encoding="UTF-8"?>
<testng-results ignored="0" total="12" passed="12" failed="0" skipped="0">
  <reporter-output>
  </reporter-output>
  <suite started-at="2024-07-08T17:22:09 IST" name="Default suite" finished-at="2024-07-08T17:23:44 IST" duration-ms="94644">
    <groups>
    </groups>
    <test started-at="2024-07-08T17:22:09 IST" name="Default test" finished-at="2024-07-08T17:23:44 IST" duration-ms="94644">
      <class name="com.zenken.freshers.user.CommonParts">
        <test-method is-config="true" signature="setup()[pri:0, instance:com.zenken.freshers.user.CommonParts@71075444]" started-at="2024-07-08T17:22:09 IST" name="setup" finished-at="2024-07-08T17:22:11 IST" duration-ms="1680" status="PASS">
          <reporter-output>
          </reporter-output>
        </test-method> <!-- setup -->
        <test-method signature="verifyAltText()[pri:0, instance:com.zenken.freshers.user.CommonParts@71075444]" started-at="2024-07-08T17:22:11 IST" name="verifyAltText" finished-at="2024-07-08T17:22:14 IST" duration-ms="2773" status="PASS">
          <reporter-output>
          </reporter-output>
        </test-method> <!-- verifyAltText -->
        <test-method is-config="true" signature="tearDown()[pri:0, instance:com.zenken.freshers.user.CommonParts@71075444]" started-at="2024-07-08T17:22:14 IST" name="tearDown" finished-at="2024-07-08T17:22:14 IST" duration-ms="201" status="PASS">
          <reporter-output>
          </reporter-output>
        </test-method> <!-- tearDown -->
        <test-method is-config="true" signature="setup()[pri:0, instance:com.zenken.freshers.user.CommonParts@71075444]" started-at="2024-07-08T17:22:14 IST" name="setup" finished-at="2024-07-08T17:22:15 IST" duration-ms="732" status="PASS">
          <reporter-output>
          </reporter-output>
        </test-method> <!-- setup -->
        <test-method signature="verifyAltTextPostLogIn()[pri:0, instance:com.zenken.freshers.user.CommonParts@71075444]" started-at="2024-07-08T17:22:15 IST" name="verifyAltTextPostLogIn" finished-at="2024-07-08T17:22:22 IST" duration-ms="7184" status="PASS">
          <reporter-output>
          </reporter-output>
        </test-method> <!-- verifyAltTextPostLogIn -->
        <test-method is-config="true" signature="tearDown()[pri:0, instance:com.zenken.freshers.user.CommonParts@71075444]" started-at="2024-07-08T17:22:22 IST" name="tearDown" finished-at="2024-07-08T17:22:22 IST" duration-ms="148" status="PASS">
          <reporter-output>
          </reporter-output>
        </test-method> <!-- tearDown -->
        <test-method is-config="true" signature="setup()[pri:0, instance:com.zenken.freshers.user.CommonParts@71075444]" started-at="2024-07-08T17:22:22 IST" name="setup" finished-at="2024-07-08T17:22:23 IST" duration-ms="686" status="PASS">
          <reporter-output>
          </reporter-output>
        </test-method> <!-- setup -->
        <test-method signature="verifyCopyrightMark()[pri:0, instance:com.zenken.freshers.user.CommonParts@71075444]" started-at="2024-07-08T17:22:23 IST" name="verifyCopyrightMark" finished-at="2024-07-08T17:22:26 IST" duration-ms="3044" status="PASS">
          <reporter-output>
          </reporter-output>
        </test-method> <!-- verifyCopyrightMark -->
        <test-method is-config="true" signature="tearDown()[pri:0, instance:com.zenken.freshers.user.CommonParts@71075444]" started-at="2024-07-08T17:22:26 IST" name="tearDown" finished-at="2024-07-08T17:22:26 IST" duration-ms="229" status="PASS">
          <reporter-output>
          </reporter-output>
        </test-method> <!-- tearDown -->
        <test-method is-config="true" signature="setup()[pri:0, instance:com.zenken.freshers.user.CommonParts@71075444]" started-at="2024-07-08T17:22:26 IST" name="setup" finished-at="2024-07-08T17:22:27 IST" duration-ms="786" status="PASS">
          <reporter-output>
          </reporter-output>
        </test-method> <!-- setup -->
        <test-method signature="verifyDropdown()[pri:0, instance:com.zenken.freshers.user.CommonParts@71075444]" started-at="2024-07-08T17:22:27 IST" name="verifyDropdown" finished-at="2024-07-08T17:22:36 IST" duration-ms="9418" status="PASS">
          <reporter-output>
          </reporter-output>
        </test-method> <!-- verifyDropdown -->
        <test-method is-config="true" signature="tearDown()[pri:0, instance:com.zenken.freshers.user.CommonParts@71075444]" started-at="2024-07-08T17:22:36 IST" name="tearDown" finished-at="2024-07-08T17:22:36 IST" duration-ms="185" status="PASS">
          <reporter-output>
          </reporter-output>
        </test-method> <!-- tearDown -->
        <test-method is-config="true" signature="setup()[pri:0, instance:com.zenken.freshers.user.CommonParts@71075444]" started-at="2024-07-08T17:22:36 IST" name="setup" finished-at="2024-07-08T17:22:37 IST" duration-ms="699" status="PASS">
          <reporter-output>
          </reporter-output>
        </test-method> <!-- setup -->
        <test-method signature="verifyHeaderImage()[pri:0, instance:com.zenken.freshers.user.CommonParts@71075444]" started-at="2024-07-08T17:22:37 IST" name="verifyHeaderImage" finished-at="2024-07-08T17:22:40 IST" duration-ms="3173" status="PASS">
          <reporter-output>
          </reporter-output>
        </test-method> <!-- verifyHeaderImage -->
        <test-method is-config="true" signature="tearDown()[pri:0, instance:com.zenken.freshers.user.CommonParts@71075444]" started-at="2024-07-08T17:22:40 IST" name="tearDown" finished-at="2024-07-08T17:22:41 IST" duration-ms="205" status="PASS">
          <reporter-output>
          </reporter-output>
        </test-method> <!-- tearDown -->
        <test-method is-config="true" signature="setup()[pri:0, instance:com.zenken.freshers.user.CommonParts@71075444]" started-at="2024-07-08T17:22:41 IST" name="setup" finished-at="2024-07-08T17:22:41 IST" duration-ms="762" status="PASS">
          <reporter-output>
          </reporter-output>
        </test-method> <!-- setup -->
        <test-method signature="verifyHeaderImagePostLogIn()[pri:0, instance:com.zenken.freshers.user.CommonParts@71075444]" started-at="2024-07-08T17:22:41 IST" name="verifyHeaderImagePostLogIn" finished-at="2024-07-08T17:22:48 IST" duration-ms="6928" status="PASS">
          <reporter-output>
          </reporter-output>
        </test-method> <!-- verifyHeaderImagePostLogIn -->
        <test-method is-config="true" signature="tearDown()[pri:0, instance:com.zenken.freshers.user.CommonParts@71075444]" started-at="2024-07-08T17:22:48 IST" name="tearDown" finished-at="2024-07-08T17:22:48 IST" duration-ms="168" status="PASS">
          <reporter-output>
          </reporter-output>
        </test-method> <!-- tearDown -->
        <test-method is-config="true" signature="setup()[pri:0, instance:com.zenken.freshers.user.CommonParts@71075444]" started-at="2024-07-08T17:22:48 IST" name="setup" finished-at="2024-07-08T17:22:49 IST" duration-ms="775" status="PASS">
          <reporter-output>
          </reporter-output>
        </test-method> <!-- setup -->
        <test-method signature="verifyLogOut()[pri:0, instance:com.zenken.freshers.user.CommonParts@71075444]" started-at="2024-07-08T17:22:49 IST" name="verifyLogOut" finished-at="2024-07-08T17:23:00 IST" duration-ms="10437" status="PASS">
          <reporter-output>
          </reporter-output>
        </test-method> <!-- verifyLogOut -->
        <test-method is-config="true" signature="tearDown()[pri:0, instance:com.zenken.freshers.user.CommonParts@71075444]" started-at="2024-07-08T17:23:00 IST" name="tearDown" finished-at="2024-07-08T17:23:00 IST" duration-ms="218" status="PASS">
          <reporter-output>
          </reporter-output>
        </test-method> <!-- tearDown -->
        <test-method is-config="true" signature="setup()[pri:0, instance:com.zenken.freshers.user.CommonParts@71075444]" started-at="2024-07-08T17:23:00 IST" name="setup" finished-at="2024-07-08T17:23:01 IST" duration-ms="843" status="PASS">
          <reporter-output>
          </reporter-output>
        </test-method> <!-- setup -->
        <test-method signature="verifyPolicy()[pri:0, instance:com.zenken.freshers.user.CommonParts@71075444]" started-at="2024-07-08T17:23:01 IST" name="verifyPolicy" finished-at="2024-07-08T17:23:06 IST" duration-ms="5213" status="PASS">
          <reporter-output>
          </reporter-output>
        </test-method> <!-- verifyPolicy -->
        <test-method is-config="true" signature="tearDown()[pri:0, instance:com.zenken.freshers.user.CommonParts@71075444]" started-at="2024-07-08T17:23:06 IST" name="tearDown" finished-at="2024-07-08T17:23:06 IST" duration-ms="214" status="PASS">
          <reporter-output>
          </reporter-output>
        </test-method> <!-- tearDown -->
        <test-method is-config="true" signature="setup()[pri:0, instance:com.zenken.freshers.user.CommonParts@71075444]" started-at="2024-07-08T17:23:06 IST" name="setup" finished-at="2024-07-08T17:23:07 IST" duration-ms="870" status="PASS">
          <reporter-output>
          </reporter-output>
        </test-method> <!-- setup -->
        <test-method signature="verifyPolicyPostLogIn()[pri:0, instance:com.zenken.freshers.user.CommonParts@71075444]" started-at="2024-07-08T17:23:07 IST" name="verifyPolicyPostLogIn" finished-at="2024-07-08T17:23:18 IST" duration-ms="11115" status="PASS">
          <reporter-output>
          </reporter-output>
        </test-method> <!-- verifyPolicyPostLogIn -->
        <test-method is-config="true" signature="tearDown()[pri:0, instance:com.zenken.freshers.user.CommonParts@71075444]" started-at="2024-07-08T17:23:18 IST" name="tearDown" finished-at="2024-07-08T17:23:18 IST" duration-ms="289" status="PASS">
          <reporter-output>
          </reporter-output>
        </test-method> <!-- tearDown -->
        <test-method is-config="true" signature="setup()[pri:0, instance:com.zenken.freshers.user.CommonParts@71075444]" started-at="2024-07-08T17:23:18 IST" name="setup" finished-at="2024-07-08T17:23:19 IST" duration-ms="807" status="PASS">
          <reporter-output>
          </reporter-output>
        </test-method> <!-- setup -->
        <test-method signature="verifyProfileClick()[pri:0, instance:com.zenken.freshers.user.CommonParts@71075444]" started-at="2024-07-08T17:23:19 IST" name="verifyProfileClick" finished-at="2024-07-08T17:23:29 IST" duration-ms="10307" status="PASS">
          <reporter-output>
          </reporter-output>
        </test-method> <!-- verifyProfileClick -->
        <test-method is-config="true" signature="tearDown()[pri:0, instance:com.zenken.freshers.user.CommonParts@71075444]" started-at="2024-07-08T17:23:29 IST" name="tearDown" finished-at="2024-07-08T17:23:30 IST" duration-ms="259" status="PASS">
          <reporter-output>
          </reporter-output>
        </test-method> <!-- tearDown -->
        <test-method is-config="true" signature="setup()[pri:0, instance:com.zenken.freshers.user.CommonParts@71075444]" started-at="2024-07-08T17:23:30 IST" name="setup" finished-at="2024-07-08T17:23:31 IST" duration-ms="799" status="PASS">
          <reporter-output>
          </reporter-output>
        </test-method> <!-- setup -->
        <test-method signature="verifyTermsPDF()[pri:0, instance:com.zenken.freshers.user.CommonParts@71075444]" started-at="2024-07-08T17:23:31 IST" name="verifyTermsPDF" finished-at="2024-07-08T17:23:33 IST" duration-ms="2895" status="PASS">
          <reporter-output>
          </reporter-output>
        </test-method> <!-- verifyTermsPDF -->
        <test-method is-config="true" signature="tearDown()[pri:0, instance:com.zenken.freshers.user.CommonParts@71075444]" started-at="2024-07-08T17:23:33 IST" name="tearDown" finished-at="2024-07-08T17:23:34 IST" duration-ms="178" status="PASS">
          <reporter-output>
          </reporter-output>
        </test-method> <!-- tearDown -->
        <test-method is-config="true" signature="setup()[pri:0, instance:com.zenken.freshers.user.CommonParts@71075444]" started-at="2024-07-08T17:23:34 IST" name="setup" finished-at="2024-07-08T17:23:35 IST" duration-ms="961" status="PASS">
          <reporter-output>
          </reporter-output>
        </test-method> <!-- setup -->
        <test-method signature="verifyTermsPDFPostLogIn()[pri:0, instance:com.zenken.freshers.user.CommonParts@71075444]" started-at="2024-07-08T17:23:35 IST" name="verifyTermsPDFPostLogIn" finished-at="2024-07-08T17:23:44 IST" duration-ms="9108" status="PASS">
          <reporter-output>
          </reporter-output>
        </test-method> <!-- verifyTermsPDFPostLogIn -->
        <test-method is-config="true" signature="tearDown()[pri:0, instance:com.zenken.freshers.user.CommonParts@71075444]" started-at="2024-07-08T17:23:44 IST" name="tearDown" finished-at="2024-07-08T17:23:44 IST" duration-ms="264" status="PASS">
          <reporter-output>
          </reporter-output>
        </test-method> <!-- tearDown -->
      </class> <!-- com.zenken.freshers.user.CommonParts -->
    </test> <!-- Default test -->
  </suite> <!-- Default suite -->
</testng-results>
