<?xml version="1.0" encoding="UTF-8"?>
<testng-results ignored="0" total="31" passed="30" failed="1" skipped="0">
  <reporter-output>
  </reporter-output>
  <suite started-at="2024-09-25T14:08:16 IST" name="Suite" finished-at="2024-09-25T14:14:51 IST" duration-ms="395140">
    <groups>
    </groups>
    <test started-at="2024-09-25T14:08:16 IST" name="Test" finished-at="2024-09-25T14:14:51 IST" duration-ms="395140">
      <class name="com.zenken.freshers.user.Internships">
        <test-method is-config="true" signature="setup(java.lang.reflect.Method)[pri:0, instance:com.zenken.freshers.user.Internships@1787f2a0]" started-at="2024-09-25T14:08:16 IST" name="setup" finished-at="2024-09-25T14:08:17 IST" duration-ms="1472" status="PASS">
          <params>
            <param index="0">
              <value>
                <![CDATA[public void com.zenken.freshers.user.Internships.verifyIntNewUrl()]]>
              </value>
            </param>
          </params>
          <reporter-output>
          </reporter-output>
        </test-method> <!-- setup -->
        <test-method is-config="true" signature="setUpTest()[pri:0, instance:com.zenken.freshers.user.Internships@1787f2a0]" started-at="2024-09-25T14:08:17 IST" name="setUpTest" finished-at="2024-09-25T14:08:24 IST" duration-ms="6197" status="PASS">
          <reporter-output>
          </reporter-output>
        </test-method> <!-- setUpTest -->
        <test-method signature="verifyIntNewUrl()[pri:1, instance:com.zenken.freshers.user.Internships@1787f2a0]" started-at="2024-09-25T14:08:24 IST" name="verifyIntNewUrl" finished-at="2024-09-25T14:08:25 IST" duration-ms="1078" status="PASS">
          <reporter-output>
          </reporter-output>
        </test-method> <!-- verifyIntNewUrl -->
        <test-method is-config="true" signature="tearDown()[pri:0, instance:com.zenken.freshers.user.Internships@1787f2a0]" started-at="2024-09-25T14:08:25 IST" name="tearDown" finished-at="2024-09-25T14:08:25 IST" duration-ms="232" status="PASS">
          <reporter-output>
          </reporter-output>
        </test-method> <!-- tearDown -->
        <test-method is-config="true" signature="setup(java.lang.reflect.Method)[pri:0, instance:com.zenken.freshers.user.Internships@1787f2a0]" started-at="2024-09-25T14:08:25 IST" name="setup" finished-at="2024-09-25T14:08:26 IST" duration-ms="1056" status="PASS">
          <params>
            <param index="0">
              <value>
                <![CDATA[public void com.zenken.freshers.user.Internships.verifyInternshipPageTitle()]]>
              </value>
            </param>
          </params>
          <reporter-output>
          </reporter-output>
        </test-method> <!-- setup -->
        <test-method is-config="true" signature="setUpTest()[pri:0, instance:com.zenken.freshers.user.Internships@1787f2a0]" started-at="2024-09-25T14:08:26 IST" name="setUpTest" finished-at="2024-09-25T14:08:32 IST" duration-ms="5629" status="PASS">
          <reporter-output>
          </reporter-output>
        </test-method> <!-- setUpTest -->
        <test-method signature="verifyInternshipPageTitle()[pri:2, instance:com.zenken.freshers.user.Internships@1787f2a0]" started-at="2024-09-25T14:08:32 IST" name="verifyInternshipPageTitle" finished-at="2024-09-25T14:08:32 IST" duration-ms="779" status="PASS">
          <reporter-output>
          </reporter-output>
        </test-method> <!-- verifyInternshipPageTitle -->
        <test-method is-config="true" signature="tearDown()[pri:0, instance:com.zenken.freshers.user.Internships@1787f2a0]" started-at="2024-09-25T14:08:32 IST" name="tearDown" finished-at="2024-09-25T14:08:33 IST" duration-ms="150" status="PASS">
          <reporter-output>
          </reporter-output>
        </test-method> <!-- tearDown -->
        <test-method is-config="true" signature="setup(java.lang.reflect.Method)[pri:0, instance:com.zenken.freshers.user.Internships@1787f2a0]" started-at="2024-09-25T14:08:33 IST" name="setup" finished-at="2024-09-25T14:08:34 IST" duration-ms="1018" status="PASS">
          <params>
            <param index="0">
              <value>
                <![CDATA[public void com.zenken.freshers.user.Internships.verifyInternshipPlaceholder()]]>
              </value>
            </param>
          </params>
          <reporter-output>
          </reporter-output>
        </test-method> <!-- setup -->
        <test-method is-config="true" signature="setUpTest()[pri:0, instance:com.zenken.freshers.user.Internships@1787f2a0]" started-at="2024-09-25T14:08:34 IST" name="setUpTest" finished-at="2024-09-25T14:08:42 IST" duration-ms="7954" status="PASS">
          <reporter-output>
          </reporter-output>
        </test-method> <!-- setUpTest -->
        <test-method signature="verifyInternshipPlaceholder()[pri:3, instance:com.zenken.freshers.user.Internships@1787f2a0]" started-at="2024-09-25T14:08:42 IST" name="verifyInternshipPlaceholder" finished-at="2024-09-25T14:08:45 IST" duration-ms="3737" status="PASS">
          <reporter-output>
          </reporter-output>
        </test-method> <!-- verifyInternshipPlaceholder -->
        <test-method is-config="true" signature="tearDown()[pri:0, instance:com.zenken.freshers.user.Internships@1787f2a0]" started-at="2024-09-25T14:08:45 IST" name="tearDown" finished-at="2024-09-25T14:08:45 IST" duration-ms="253" status="PASS">
          <reporter-output>
          </reporter-output>
        </test-method> <!-- tearDown -->
        <test-method is-config="true" signature="setup(java.lang.reflect.Method)[pri:0, instance:com.zenken.freshers.user.Internships@1787f2a0]" started-at="2024-09-25T14:08:45 IST" name="setup" finished-at="2024-09-25T14:08:46 IST" duration-ms="971" status="PASS">
          <params>
            <param index="0">
              <value>
                <![CDATA[public void com.zenken.freshers.user.Internships.verifyEndDateDdDisable()]]>
              </value>
            </param>
          </params>
          <reporter-output>
          </reporter-output>
        </test-method> <!-- setup -->
        <test-method is-config="true" signature="setUpTest()[pri:0, instance:com.zenken.freshers.user.Internships@1787f2a0]" started-at="2024-09-25T14:08:46 IST" name="setUpTest" finished-at="2024-09-25T14:08:52 IST" duration-ms="5648" status="PASS">
          <reporter-output>
          </reporter-output>
        </test-method> <!-- setUpTest -->
        <test-method signature="verifyEndDateDdDisable()[pri:4, instance:com.zenken.freshers.user.Internships@1787f2a0]" started-at="2024-09-25T14:08:52 IST" name="verifyEndDateDdDisable" finished-at="2024-09-25T14:08:53 IST" duration-ms="1013" status="PASS">
          <reporter-output>
          </reporter-output>
        </test-method> <!-- verifyEndDateDdDisable -->
        <test-method is-config="true" signature="tearDown()[pri:0, instance:com.zenken.freshers.user.Internships@1787f2a0]" started-at="2024-09-25T14:08:53 IST" name="tearDown" finished-at="2024-09-25T14:08:53 IST" duration-ms="151" status="PASS">
          <reporter-output>
          </reporter-output>
        </test-method> <!-- tearDown -->
        <test-method is-config="true" signature="setup(java.lang.reflect.Method)[pri:0, instance:com.zenken.freshers.user.Internships@1787f2a0]" started-at="2024-09-25T14:08:53 IST" name="setup" finished-at="2024-09-25T14:08:54 IST" duration-ms="824" status="PASS">
          <params>
            <param index="0">
              <value>
                <![CDATA[public void com.zenken.freshers.user.Internships.verifyInternshipAddition()]]>
              </value>
            </param>
          </params>
          <reporter-output>
          </reporter-output>
        </test-method> <!-- setup -->
        <test-method is-config="true" signature="setUpTest()[pri:0, instance:com.zenken.freshers.user.Internships@1787f2a0]" started-at="2024-09-25T14:08:54 IST" name="setUpTest" finished-at="2024-09-25T14:09:00 IST" duration-ms="6024" status="PASS">
          <reporter-output>
          </reporter-output>
        </test-method> <!-- setUpTest -->
        <test-method signature="verifyInternshipAddition()[pri:5, instance:com.zenken.freshers.user.Internships@1787f2a0]" started-at="2024-09-25T14:09:00 IST" name="verifyInternshipAddition" finished-at="2024-09-25T14:09:04 IST" duration-ms="3832" status="PASS">
          <reporter-output>
          </reporter-output>
        </test-method> <!-- verifyInternshipAddition -->
        <test-method is-config="true" signature="tearDown()[pri:0, instance:com.zenken.freshers.user.Internships@1787f2a0]" started-at="2024-09-25T14:09:04 IST" name="tearDown" finished-at="2024-09-25T14:09:04 IST" duration-ms="211" status="PASS">
          <reporter-output>
          </reporter-output>
        </test-method> <!-- tearDown -->
        <test-method is-config="true" signature="setup(java.lang.reflect.Method)[pri:0, instance:com.zenken.freshers.user.Internships@1787f2a0]" started-at="2024-09-25T14:09:04 IST" name="setup" finished-at="2024-09-25T14:09:05 IST" duration-ms="1017" status="PASS">
          <params>
            <param index="0">
              <value>
                <![CDATA[public void com.zenken.freshers.user.Internships.verifyIntAdditionWithDetails()]]>
              </value>
            </param>
          </params>
          <reporter-output>
          </reporter-output>
        </test-method> <!-- setup -->
        <test-method is-config="true" signature="setUpTest()[pri:0, instance:com.zenken.freshers.user.Internships@1787f2a0]" started-at="2024-09-25T14:09:05 IST" name="setUpTest" finished-at="2024-09-25T14:09:11 IST" duration-ms="6029" status="PASS">
          <reporter-output>
          </reporter-output>
        </test-method> <!-- setUpTest -->
        <test-method signature="verifyIntAdditionWithDetails()[pri:6, instance:com.zenken.freshers.user.Internships@1787f2a0]" started-at="2024-09-25T14:09:11 IST" name="verifyIntAdditionWithDetails" finished-at="2024-09-25T14:09:15 IST" duration-ms="4122" status="PASS">
          <reporter-output>
          </reporter-output>
        </test-method> <!-- verifyIntAdditionWithDetails -->
        <test-method is-config="true" signature="tearDown()[pri:0, instance:com.zenken.freshers.user.Internships@1787f2a0]" started-at="2024-09-25T14:09:15 IST" name="tearDown" finished-at="2024-09-25T14:09:16 IST" duration-ms="216" status="PASS">
          <reporter-output>
          </reporter-output>
        </test-method> <!-- tearDown -->
        <test-method is-config="true" signature="setup(java.lang.reflect.Method)[pri:0, instance:com.zenken.freshers.user.Internships@1787f2a0]" started-at="2024-09-25T14:09:16 IST" name="setup" finished-at="2024-09-25T14:09:16 IST" duration-ms="777" status="PASS">
          <params>
            <param index="0">
              <value>
                <![CDATA[public void com.zenken.freshers.user.Internships.verifyIntEditUrl()]]>
              </value>
            </param>
          </params>
          <reporter-output>
          </reporter-output>
        </test-method> <!-- setup -->
        <test-method is-config="true" signature="setUpTest()[pri:0, instance:com.zenken.freshers.user.Internships@1787f2a0]" started-at="2024-09-25T14:09:16 IST" name="setUpTest" finished-at="2024-09-25T14:09:23 IST" duration-ms="6606" status="PASS">
          <reporter-output>
          </reporter-output>
        </test-method> <!-- setUpTest -->
        <test-method signature="verifyIntEditUrl()[pri:7, instance:com.zenken.freshers.user.Internships@1787f2a0]" started-at="2024-09-25T14:09:23 IST" name="verifyIntEditUrl" finished-at="2024-09-25T14:09:24 IST" duration-ms="816" status="PASS">
          <reporter-output>
          </reporter-output>
        </test-method> <!-- verifyIntEditUrl -->
        <test-method is-config="true" signature="tearDown()[pri:0, instance:com.zenken.freshers.user.Internships@1787f2a0]" started-at="2024-09-25T14:09:24 IST" name="tearDown" finished-at="2024-09-25T14:09:24 IST" duration-ms="184" status="PASS">
          <reporter-output>
          </reporter-output>
        </test-method> <!-- tearDown -->
        <test-method is-config="true" signature="setup(java.lang.reflect.Method)[pri:0, instance:com.zenken.freshers.user.Internships@1787f2a0]" started-at="2024-09-25T14:09:24 IST" name="setup" finished-at="2024-09-25T14:09:25 IST" duration-ms="755" status="PASS">
          <params>
            <param index="0">
              <value>
                <![CDATA[public void com.zenken.freshers.user.Internships.verifyIntSavedData()]]>
              </value>
            </param>
          </params>
          <reporter-output>
          </reporter-output>
        </test-method> <!-- setup -->
        <test-method is-config="true" signature="setUpTest()[pri:0, instance:com.zenken.freshers.user.Internships@1787f2a0]" started-at="2024-09-25T14:09:25 IST" name="setUpTest" finished-at="2024-09-25T14:09:30 IST" duration-ms="5603" status="PASS">
          <reporter-output>
          </reporter-output>
        </test-method> <!-- setUpTest -->
        <test-method signature="verifyIntSavedData()[pri:8, instance:com.zenken.freshers.user.Internships@1787f2a0]" started-at="2024-09-25T14:09:30 IST" name="verifyIntSavedData" finished-at="2024-09-25T14:09:31 IST" duration-ms="1134" status="PASS">
          <reporter-output>
          </reporter-output>
        </test-method> <!-- verifyIntSavedData -->
        <test-method is-config="true" signature="tearDown()[pri:0, instance:com.zenken.freshers.user.Internships@1787f2a0]" started-at="2024-09-25T14:09:31 IST" name="tearDown" finished-at="2024-09-25T14:09:32 IST" duration-ms="188" status="PASS">
          <reporter-output>
          </reporter-output>
        </test-method> <!-- tearDown -->
        <test-method is-config="true" signature="setup(java.lang.reflect.Method)[pri:0, instance:com.zenken.freshers.user.Internships@1787f2a0]" started-at="2024-09-25T14:09:32 IST" name="setup" finished-at="2024-09-25T14:09:32 IST" duration-ms="757" status="PASS">
          <params>
            <param index="0">
              <value>
                <![CDATA[public void com.zenken.freshers.user.Internships.verifyIntCharCount()]]>
              </value>
            </param>
          </params>
          <reporter-output>
          </reporter-output>
        </test-method> <!-- setup -->
        <test-method is-config="true" signature="setUpTest()[pri:0, instance:com.zenken.freshers.user.Internships@1787f2a0]" started-at="2024-09-25T14:09:32 IST" name="setUpTest" finished-at="2024-09-25T14:09:39 IST" duration-ms="6418" status="PASS">
          <reporter-output>
          </reporter-output>
        </test-method> <!-- setUpTest -->
        <test-method signature="verifyIntCharCount()[pri:9, instance:com.zenken.freshers.user.Internships@1787f2a0]" started-at="2024-09-25T14:09:39 IST" name="verifyIntCharCount" finished-at="2024-09-25T14:10:05 IST" duration-ms="25832" status="PASS">
          <reporter-output>
          </reporter-output>
        </test-method> <!-- verifyIntCharCount -->
        <test-method is-config="true" signature="tearDown()[pri:0, instance:com.zenken.freshers.user.Internships@1787f2a0]" started-at="2024-09-25T14:10:05 IST" name="tearDown" finished-at="2024-09-25T14:10:05 IST" duration-ms="311" status="PASS">
          <reporter-output>
          </reporter-output>
        </test-method> <!-- tearDown -->
        <test-method is-config="true" signature="setup(java.lang.reflect.Method)[pri:0, instance:com.zenken.freshers.user.Internships@1787f2a0]" started-at="2024-09-25T14:10:05 IST" name="setup" finished-at="2024-09-25T14:10:06 IST" duration-ms="881" status="PASS">
          <params>
            <param index="0">
              <value>
                <![CDATA[public void com.zenken.freshers.user.Internships.verifyTenIntExceed()]]>
              </value>
            </param>
          </params>
          <reporter-output>
          </reporter-output>
        </test-method> <!-- setup -->
        <test-method is-config="true" signature="setUpTest()[pri:0, instance:com.zenken.freshers.user.Internships@1787f2a0]" started-at="2024-09-25T14:10:06 IST" name="setUpTest" finished-at="2024-09-25T14:10:12 IST" duration-ms="5886" status="PASS">
          <reporter-output>
          </reporter-output>
        </test-method> <!-- setUpTest -->
        <test-method signature="verifyTenIntExceed()[pri:10, instance:com.zenken.freshers.user.Internships@1787f2a0]" started-at="2024-09-25T14:10:12 IST" name="verifyTenIntExceed" finished-at="2024-09-25T14:10:34 IST" duration-ms="22275" status="PASS">
          <reporter-output>
          </reporter-output>
        </test-method> <!-- verifyTenIntExceed -->
        <test-method is-config="true" signature="tearDown()[pri:0, instance:com.zenken.freshers.user.Internships@1787f2a0]" started-at="2024-09-25T14:10:34 IST" name="tearDown" finished-at="2024-09-25T14:10:34 IST" duration-ms="232" status="PASS">
          <reporter-output>
          </reporter-output>
        </test-method> <!-- tearDown -->
        <test-method is-config="true" signature="setup(java.lang.reflect.Method)[pri:0, instance:com.zenken.freshers.user.Internships@1787f2a0]" started-at="2024-09-25T14:10:34 IST" name="setup" finished-at="2024-09-25T14:10:35 IST" duration-ms="767" status="PASS">
          <params>
            <param index="0">
              <value>
                <![CDATA[public void com.zenken.freshers.user.Internships.verifyIntDeletePopUp()]]>
              </value>
            </param>
          </params>
          <reporter-output>
          </reporter-output>
        </test-method> <!-- setup -->
        <test-method is-config="true" signature="setUpTest()[pri:0, instance:com.zenken.freshers.user.Internships@1787f2a0]" started-at="2024-09-25T14:10:35 IST" name="setUpTest" finished-at="2024-09-25T14:10:41 IST" duration-ms="5598" status="PASS">
          <reporter-output>
          </reporter-output>
        </test-method> <!-- setUpTest -->
        <test-method signature="verifyIntDeletePopUp()[pri:11, instance:com.zenken.freshers.user.Internships@1787f2a0]" started-at="2024-09-25T14:10:41 IST" name="verifyIntDeletePopUp" finished-at="2024-09-25T14:10:52 IST" duration-ms="11298" status="FAIL">
          <exception class="org.openqa.selenium.TimeoutException">
            <message>
              <![CDATA[Expected condition failed: waiting for visibility of [[ChromeDriver: chrome on windows (a04dab56c79082b7211bb5a8eaba4427)] -> css selector: [role=dialog]] (tried for 10 second(s) with 500 milliseconds interval)
Build info: version: '4.22.0', revision: 'c5f3146703*'
System info: os.name: 'Windows 11', os.arch: 'amd64', os.version: '10.0', java.version: '21.0.2'
Driver info: org.openqa.selenium.chrome.ChromeDriver
Capabilities {acceptInsecureCerts: false, browserName: chrome, browserVersion: 129.0.6668.59, chrome: {chromedriverVersion: 129.0.6668.70 (df87d5cf12b1..., userDataDir: C:\Users\prasa\AppData\Loca...}, fedcm:accounts: true, goog:chromeOptions: {debuggerAddress: localhost:59680}, networkConnectionEnabled: false, pageLoadStrategy: normal, platformName: windows, proxy: Proxy(), se:cdp: ws://localhost:59680/devtoo..., se:cdpVersion: 129.0.6668.59, setWindowRect: true, strictFileInteractability: false, timeouts: {implicit: 0, pageLoad: 300000, script: 30000}, unhandledPromptBehavior: dismiss and notify, webauthn:extension:credBlob: true, webauthn:extension:largeBlob: true, webauthn:extension:minPinLength: true, webauthn:extension:prf: true, webauthn:virtualAuthenticators: true}
Session ID: a04dab56c79082b7211bb5a8eaba4427]]>
            </message>
            <full-stacktrace>
              <![CDATA[org.openqa.selenium.TimeoutException: Expected condition failed: waiting for visibility of [[ChromeDriver: chrome on windows (a04dab56c79082b7211bb5a8eaba4427)] -> css selector: [role=dialog]] (tried for 10 second(s) with 500 milliseconds interval)
Build info: version: '4.22.0', revision: 'c5f3146703*'
System info: os.name: 'Windows 11', os.arch: 'amd64', os.version: '10.0', java.version: '21.0.2'
Driver info: org.openqa.selenium.chrome.ChromeDriver
Capabilities {acceptInsecureCerts: false, browserName: chrome, browserVersion: 129.0.6668.59, chrome: {chromedriverVersion: 129.0.6668.70 (df87d5cf12b1..., userDataDir: C:\Users\prasa\AppData\Loca...}, fedcm:accounts: true, goog:chromeOptions: {debuggerAddress: localhost:59680}, networkConnectionEnabled: false, pageLoadStrategy: normal, platformName: windows, proxy: Proxy(), se:cdp: ws://localhost:59680/devtoo..., se:cdpVersion: 129.0.6668.59, setWindowRect: true, strictFileInteractability: false, timeouts: {implicit: 0, pageLoad: 300000, script: 30000}, unhandledPromptBehavior: dismiss and notify, webauthn:extension:credBlob: true, webauthn:extension:largeBlob: true, webauthn:extension:minPinLength: true, webauthn:extension:prf: true, webauthn:virtualAuthenticators: true}
Session ID: a04dab56c79082b7211bb5a8eaba4427
at org.openqa.selenium.support.ui.WebDriverWait.timeoutException(WebDriverWait.java:84)
at org.openqa.selenium.support.ui.FluentWait.until(FluentWait.java:228)
at com.zenken.frehsers.abstractcomponents.WebDriverUtils.waitUntilElementAppears(WebDriverUtils.java:67)
at com.zenken.freshers.pages.user.EditInternshipsPage.getPopUpText(EditInternshipsPage.java:185)
at com.zenken.freshers.user.Internships.verifyIntDeletePopUp(Internships.java:160)
at java.base/jdk.internal.reflect.DirectMethodHandleAccessor.invoke(DirectMethodHandleAccessor.java:103)
at java.base/java.lang.reflect.Method.invoke(Method.java:580)
at org.testng.internal.invokers.MethodInvocationHelper.invokeMethod(MethodInvocationHelper.java:141)
at org.testng.internal.invokers.TestInvoker.invokeMethod(TestInvoker.java:686)
at org.testng.internal.invokers.TestInvoker.invokeTestMethod(TestInvoker.java:230)
at org.testng.internal.invokers.MethodRunner.runInSequence(MethodRunner.java:63)
at org.testng.internal.invokers.TestInvoker$MethodInvocationAgent.invoke(TestInvoker.java:992)
at org.testng.internal.invokers.TestInvoker.invokeTestMethods(TestInvoker.java:203)
at org.testng.internal.invokers.TestMethodWorker.invokeTestMethods(TestMethodWorker.java:154)
at org.testng.internal.invokers.TestMethodWorker.run(TestMethodWorker.java:134)
at java.base/java.util.ArrayList.forEach(ArrayList.java:1596)
at org.testng.TestRunner.privateRun(TestRunner.java:739)
at org.testng.TestRunner.run(TestRunner.java:614)
at org.testng.SuiteRunner.runTest(SuiteRunner.java:421)
at org.testng.SuiteRunner.runSequentially(SuiteRunner.java:413)
at org.testng.SuiteRunner.privateRun(SuiteRunner.java:373)
at org.testng.SuiteRunner.run(SuiteRunner.java:312)
at org.testng.SuiteRunnerWorker.runSuite(SuiteRunnerWorker.java:52)
at org.testng.SuiteRunnerWorker.run(SuiteRunnerWorker.java:95)
at org.testng.TestNG.runSuitesSequentially(TestNG.java:1274)
at org.testng.TestNG.runSuitesLocally(TestNG.java:1208)
at org.testng.TestNG.runSuites(TestNG.java:1112)
at org.testng.TestNG.run(TestNG.java:1079)
at org.testng.remote.AbstractRemoteTestNG.run(AbstractRemoteTestNG.java:115)
at org.testng.remote.RemoteTestNG.initAndRun(RemoteTestNG.java:293)
at org.testng.remote.RemoteTestNG.main(RemoteTestNG.java:91)
]]>
            </full-stacktrace>
          </exception> <!-- org.openqa.selenium.TimeoutException -->
          <reporter-output>
          </reporter-output>
        </test-method> <!-- verifyIntDeletePopUp -->
        <test-method is-config="true" signature="tearDown()[pri:0, instance:com.zenken.freshers.user.Internships@1787f2a0]" started-at="2024-09-25T14:10:53 IST" name="tearDown" finished-at="2024-09-25T14:10:53 IST" duration-ms="234" status="PASS">
          <reporter-output>
          </reporter-output>
        </test-method> <!-- tearDown -->
        <test-method is-config="true" signature="setup(java.lang.reflect.Method)[pri:0, instance:com.zenken.freshers.user.Internships@1787f2a0]" started-at="2024-09-25T14:10:53 IST" name="setup" finished-at="2024-09-25T14:10:54 IST" duration-ms="788" status="PASS">
          <params>
            <param index="0">
              <value>
                <![CDATA[public void com.zenken.freshers.user.Internships.verifyIntDelete()]]>
              </value>
            </param>
          </params>
          <reporter-output>
          </reporter-output>
        </test-method> <!-- setup -->
        <test-method is-config="true" signature="setUpTest()[pri:0, instance:com.zenken.freshers.user.Internships@1787f2a0]" started-at="2024-09-25T14:10:54 IST" name="setUpTest" finished-at="2024-09-25T14:10:59 IST" duration-ms="5652" status="PASS">
          <reporter-output>
          </reporter-output>
        </test-method> <!-- setUpTest -->
        <test-method signature="verifyIntDelete()[pri:12, instance:com.zenken.freshers.user.Internships@1787f2a0]" started-at="2024-09-25T14:10:59 IST" name="verifyIntDelete" finished-at="2024-09-25T14:11:02 IST" duration-ms="2421" status="PASS">
          <reporter-output>
          </reporter-output>
        </test-method> <!-- verifyIntDelete -->
        <test-method is-config="true" signature="tearDown()[pri:0, instance:com.zenken.freshers.user.Internships@1787f2a0]" started-at="2024-09-25T14:11:02 IST" name="tearDown" finished-at="2024-09-25T14:11:02 IST" duration-ms="184" status="PASS">
          <reporter-output>
          </reporter-output>
        </test-method> <!-- tearDown -->
        <test-method is-config="true" signature="setup(java.lang.reflect.Method)[pri:0, instance:com.zenken.freshers.user.Internships@1787f2a0]" started-at="2024-09-25T14:11:02 IST" name="setup" finished-at="2024-09-25T14:11:03 IST" duration-ms="799" status="PASS">
          <params>
            <param index="0">
              <value>
                <![CDATA[public void com.zenken.freshers.user.Internships.verifyIntDetailsCharExceed()]]>
              </value>
            </param>
          </params>
          <reporter-output>
          </reporter-output>
        </test-method> <!-- setup -->
        <test-method is-config="true" signature="setUpTest()[pri:0, instance:com.zenken.freshers.user.Internships@1787f2a0]" started-at="2024-09-25T14:11:03 IST" name="setUpTest" finished-at="2024-09-25T14:11:08 IST" duration-ms="5788" status="PASS">
          <reporter-output>
          </reporter-output>
        </test-method> <!-- setUpTest -->
        <test-method signature="verifyIntDetailsCharExceed()[pri:13, instance:com.zenken.freshers.user.Internships@1787f2a0]" started-at="2024-09-25T14:11:08 IST" name="verifyIntDetailsCharExceed" finished-at="2024-09-25T14:11:26 IST" duration-ms="17827" status="PASS">
          <reporter-output>
          </reporter-output>
        </test-method> <!-- verifyIntDetailsCharExceed -->
        <test-method is-config="true" signature="tearDown()[pri:0, instance:com.zenken.freshers.user.Internships@1787f2a0]" started-at="2024-09-25T14:11:26 IST" name="tearDown" finished-at="2024-09-25T14:11:26 IST" duration-ms="231" status="PASS">
          <reporter-output>
          </reporter-output>
        </test-method> <!-- tearDown -->
        <test-method is-config="true" signature="setup(java.lang.reflect.Method)[pri:0, instance:com.zenken.freshers.user.Internships@1787f2a0]" started-at="2024-09-25T14:11:26 IST" name="setup" finished-at="2024-09-25T14:11:27 IST" duration-ms="799" status="PASS">
          <params>
            <param index="0">
              <value>
                <![CDATA[public void com.zenken.freshers.user.Internships.verifyEndDateMismatch()]]>
              </value>
            </param>
          </params>
          <reporter-output>
          </reporter-output>
        </test-method> <!-- setup -->
        <test-method is-config="true" signature="setUpTest()[pri:0, instance:com.zenken.freshers.user.Internships@1787f2a0]" started-at="2024-09-25T14:11:27 IST" name="setUpTest" finished-at="2024-09-25T14:11:33 IST" duration-ms="5963" status="PASS">
          <reporter-output>
          </reporter-output>
        </test-method> <!-- setUpTest -->
        <test-method signature="verifyEndDateMismatch()[pri:14, instance:com.zenken.freshers.user.Internships@1787f2a0]" started-at="2024-09-25T14:11:33 IST" name="verifyEndDateMismatch" finished-at="2024-09-25T14:11:36 IST" duration-ms="2914" status="PASS">
          <reporter-output>
          </reporter-output>
        </test-method> <!-- verifyEndDateMismatch -->
        <test-method is-config="true" signature="tearDown()[pri:0, instance:com.zenken.freshers.user.Internships@1787f2a0]" started-at="2024-09-25T14:11:36 IST" name="tearDown" finished-at="2024-09-25T14:11:36 IST" duration-ms="177" status="PASS">
          <reporter-output>
          </reporter-output>
        </test-method> <!-- tearDown -->
        <test-method is-config="true" signature="setup(java.lang.reflect.Method)[pri:0, instance:com.zenken.freshers.user.Internships@1787f2a0]" started-at="2024-09-25T14:11:36 IST" name="setup" finished-at="2024-09-25T14:11:37 IST" duration-ms="828" status="PASS">
          <params>
            <param index="0">
              <value>
                <![CDATA[public void com.zenken.freshers.user.Internships.verifyStartMonthRequired()]]>
              </value>
            </param>
          </params>
          <reporter-output>
          </reporter-output>
        </test-method> <!-- setup -->
        <test-method is-config="true" signature="setUpTest()[pri:0, instance:com.zenken.freshers.user.Internships@1787f2a0]" started-at="2024-09-25T14:11:37 IST" name="setUpTest" finished-at="2024-09-25T14:11:43 IST" duration-ms="5691" status="PASS">
          <reporter-output>
          </reporter-output>
        </test-method> <!-- setUpTest -->
        <test-method signature="verifyStartMonthRequired()[pri:15, instance:com.zenken.freshers.user.Internships@1787f2a0]" started-at="2024-09-25T14:11:43 IST" name="verifyStartMonthRequired" finished-at="2024-09-25T14:11:46 IST" duration-ms="2739" status="PASS">
          <reporter-output>
          </reporter-output>
        </test-method> <!-- verifyStartMonthRequired -->
        <test-method is-config="true" signature="tearDown()[pri:0, instance:com.zenken.freshers.user.Internships@1787f2a0]" started-at="2024-09-25T14:11:46 IST" name="tearDown" finished-at="2024-09-25T14:11:46 IST" duration-ms="184" status="PASS">
          <reporter-output>
          </reporter-output>
        </test-method> <!-- tearDown -->
        <test-method is-config="true" signature="setup(java.lang.reflect.Method)[pri:0, instance:com.zenken.freshers.user.Internships@1787f2a0]" started-at="2024-09-25T14:11:46 IST" name="setup" finished-at="2024-09-25T14:11:47 IST" duration-ms="848" status="PASS">
          <params>
            <param index="0">
              <value>
                <![CDATA[public void com.zenken.freshers.user.Internships.verifyStartYearRequired()]]>
              </value>
            </param>
          </params>
          <reporter-output>
          </reporter-output>
        </test-method> <!-- setup -->
        <test-method is-config="true" signature="setUpTest()[pri:0, instance:com.zenken.freshers.user.Internships@1787f2a0]" started-at="2024-09-25T14:11:47 IST" name="setUpTest" finished-at="2024-09-25T14:11:52 IST" duration-ms="5536" status="PASS">
          <reporter-output>
          </reporter-output>
        </test-method> <!-- setUpTest -->
        <test-method signature="verifyStartYearRequired()[pri:16, instance:com.zenken.freshers.user.Internships@1787f2a0]" started-at="2024-09-25T14:11:52 IST" name="verifyStartYearRequired" finished-at="2024-09-25T14:11:55 IST" duration-ms="2808" status="PASS">
          <reporter-output>
          </reporter-output>
        </test-method> <!-- verifyStartYearRequired -->
        <test-method is-config="true" signature="tearDown()[pri:0, instance:com.zenken.freshers.user.Internships@1787f2a0]" started-at="2024-09-25T14:11:55 IST" name="tearDown" finished-at="2024-09-25T14:11:55 IST" duration-ms="183" status="PASS">
          <reporter-output>
          </reporter-output>
        </test-method> <!-- tearDown -->
        <test-method is-config="true" signature="setup(java.lang.reflect.Method)[pri:0, instance:com.zenken.freshers.user.Internships@1787f2a0]" started-at="2024-09-25T14:11:55 IST" name="setup" finished-at="2024-09-25T14:11:56 IST" duration-ms="938" status="PASS">
          <params>
            <param index="0">
              <value>
                <![CDATA[public void com.zenken.freshers.user.Internships.verifyEndMonthRequired()]]>
              </value>
            </param>
          </params>
          <reporter-output>
          </reporter-output>
        </test-method> <!-- setup -->
        <test-method is-config="true" signature="setUpTest()[pri:0, instance:com.zenken.freshers.user.Internships@1787f2a0]" started-at="2024-09-25T14:11:56 IST" name="setUpTest" finished-at="2024-09-25T14:12:02 IST" duration-ms="5865" status="PASS">
          <reporter-output>
          </reporter-output>
        </test-method> <!-- setUpTest -->
        <test-method signature="verifyEndMonthRequired()[pri:17, instance:com.zenken.freshers.user.Internships@1787f2a0]" started-at="2024-09-25T14:12:02 IST" name="verifyEndMonthRequired" finished-at="2024-09-25T14:12:05 IST" duration-ms="2636" status="PASS">
          <reporter-output>
          </reporter-output>
        </test-method> <!-- verifyEndMonthRequired -->
        <test-method is-config="true" signature="tearDown()[pri:0, instance:com.zenken.freshers.user.Internships@1787f2a0]" started-at="2024-09-25T14:12:05 IST" name="tearDown" finished-at="2024-09-25T14:12:05 IST" duration-ms="205" status="PASS">
          <reporter-output>
          </reporter-output>
        </test-method> <!-- tearDown -->
        <test-method is-config="true" signature="setup(java.lang.reflect.Method)[pri:0, instance:com.zenken.freshers.user.Internships@1787f2a0]" started-at="2024-09-25T14:12:05 IST" name="setup" finished-at="2024-09-25T14:12:06 IST" duration-ms="814" status="PASS">
          <params>
            <param index="0">
              <value>
                <![CDATA[public void com.zenken.freshers.user.Internships.verifyEndYearRequired()]]>
              </value>
            </param>
          </params>
          <reporter-output>
          </reporter-output>
        </test-method> <!-- setup -->
        <test-method is-config="true" signature="setUpTest()[pri:0, instance:com.zenken.freshers.user.Internships@1787f2a0]" started-at="2024-09-25T14:12:06 IST" name="setUpTest" finished-at="2024-09-25T14:12:11 IST" duration-ms="5710" status="PASS">
          <reporter-output>
          </reporter-output>
        </test-method> <!-- setUpTest -->
        <test-method signature="verifyEndYearRequired()[pri:18, instance:com.zenken.freshers.user.Internships@1787f2a0]" started-at="2024-09-25T14:12:11 IST" name="verifyEndYearRequired" finished-at="2024-09-25T14:12:14 IST" duration-ms="2598" status="PASS">
          <reporter-output>
          </reporter-output>
        </test-method> <!-- verifyEndYearRequired -->
        <test-method is-config="true" signature="tearDown()[pri:0, instance:com.zenken.freshers.user.Internships@1787f2a0]" started-at="2024-09-25T14:12:14 IST" name="tearDown" finished-at="2024-09-25T14:12:14 IST" duration-ms="170" status="PASS">
          <reporter-output>
          </reporter-output>
        </test-method> <!-- tearDown -->
      </class> <!-- com.zenken.freshers.user.Internships -->
      <class name="com.zenken.freshers.user.Skills">
        <test-method is-config="true" signature="setup(java.lang.reflect.Method)[pri:0, instance:com.zenken.freshers.user.Skills@3116c353]" started-at="2024-09-25T14:12:14 IST" name="setup" finished-at="2024-09-25T14:12:15 IST" duration-ms="867" status="PASS">
          <params>
            <param index="0">
              <value>
                <![CDATA[public void com.zenken.freshers.user.Skills.verifySkillRequiredToApply()]]>
              </value>
            </param>
          </params>
          <reporter-output>
          </reporter-output>
        </test-method> <!-- setup -->
        <test-method is-config="true" signature="setUpTest()[pri:0, instance:com.zenken.freshers.user.Skills@3116c353]" started-at="2024-09-25T14:12:15 IST" name="setUpTest" finished-at="2024-09-25T14:12:22 IST" duration-ms="7380" status="PASS">
          <reporter-output>
          </reporter-output>
        </test-method> <!-- setUpTest -->
        <test-method signature="verifySkillRequiredToApply()[pri:1, instance:com.zenken.freshers.user.Skills@3116c353]" started-at="2024-09-25T14:12:22 IST" name="verifySkillRequiredToApply" finished-at="2024-09-25T14:12:25 IST" duration-ms="2274" status="PASS">
          <reporter-output>
          </reporter-output>
        </test-method> <!-- verifySkillRequiredToApply -->
        <test-method is-config="true" signature="tearDown()[pri:0, instance:com.zenken.freshers.user.Skills@3116c353]" started-at="2024-09-25T14:12:25 IST" name="tearDown" finished-at="2024-09-25T14:12:25 IST" duration-ms="270" status="PASS">
          <reporter-output>
          </reporter-output>
        </test-method> <!-- tearDown -->
        <test-method is-config="true" signature="setup(java.lang.reflect.Method)[pri:0, instance:com.zenken.freshers.user.Skills@3116c353]" started-at="2024-09-25T14:12:25 IST" name="setup" finished-at="2024-09-25T14:12:26 IST" duration-ms="824" status="PASS">
          <params>
            <param index="0">
              <value>
                <![CDATA[public void com.zenken.freshers.user.Skills.verify100SkillsAddition()]]>
              </value>
            </param>
          </params>
          <reporter-output>
          </reporter-output>
        </test-method> <!-- setup -->
        <test-method is-config="true" signature="setUpTest()[pri:0, instance:com.zenken.freshers.user.Skills@3116c353]" started-at="2024-09-25T14:12:26 IST" name="setUpTest" finished-at="2024-09-25T14:12:33 IST" duration-ms="6886" status="PASS">
          <reporter-output>
          </reporter-output>
        </test-method> <!-- setUpTest -->
        <test-method signature="verify100SkillsAddition()[pri:2, instance:com.zenken.freshers.user.Skills@3116c353]" started-at="2024-09-25T14:12:33 IST" name="verify100SkillsAddition" finished-at="2024-09-25T14:12:59 IST" duration-ms="25995" status="PASS">
          <reporter-output>
          </reporter-output>
        </test-method> <!-- verify100SkillsAddition -->
        <test-method is-config="true" signature="tearDown()[pri:0, instance:com.zenken.freshers.user.Skills@3116c353]" started-at="2024-09-25T14:12:59 IST" name="tearDown" finished-at="2024-09-25T14:12:59 IST" duration-ms="276" status="PASS">
          <reporter-output>
          </reporter-output>
        </test-method> <!-- tearDown -->
        <test-method is-config="true" signature="setup(java.lang.reflect.Method)[pri:0, instance:com.zenken.freshers.user.Skills@3116c353]" started-at="2024-09-25T14:12:59 IST" name="setup" finished-at="2024-09-25T14:13:00 IST" duration-ms="909" status="PASS">
          <params>
            <param index="0">
              <value>
                <![CDATA[public void com.zenken.freshers.user.Skills.verifySkillAddition()]]>
              </value>
            </param>
          </params>
          <reporter-output>
          </reporter-output>
        </test-method> <!-- setup -->
        <test-method is-config="true" signature="setUpTest()[pri:0, instance:com.zenken.freshers.user.Skills@3116c353]" started-at="2024-09-25T14:13:00 IST" name="setUpTest" finished-at="2024-09-25T14:13:14 IST" duration-ms="13852" status="PASS">
          <reporter-output>
          </reporter-output>
        </test-method> <!-- setUpTest -->
        <test-method signature="verifySkillAddition()[pri:3, instance:com.zenken.freshers.user.Skills@3116c353]" started-at="2024-09-25T14:13:14 IST" name="verifySkillAddition" finished-at="2024-09-25T14:13:16 IST" duration-ms="2742" status="PASS">
          <reporter-output>
          </reporter-output>
        </test-method> <!-- verifySkillAddition -->
        <test-method is-config="true" signature="tearDown()[pri:0, instance:com.zenken.freshers.user.Skills@3116c353]" started-at="2024-09-25T14:13:16 IST" name="tearDown" finished-at="2024-09-25T14:13:17 IST" duration-ms="230" status="PASS">
          <reporter-output>
          </reporter-output>
        </test-method> <!-- tearDown -->
        <test-method is-config="true" signature="setup(java.lang.reflect.Method)[pri:0, instance:com.zenken.freshers.user.Skills@3116c353]" started-at="2024-09-25T14:13:17 IST" name="setup" finished-at="2024-09-25T14:13:17 IST" duration-ms="813" status="PASS">
          <params>
            <param index="0">
              <value>
                <![CDATA[public void com.zenken.freshers.user.Skills.verifySkillDeleteOnEditPage()]]>
              </value>
            </param>
          </params>
          <reporter-output>
          </reporter-output>
        </test-method> <!-- setup -->
        <test-method is-config="true" signature="setUpTest()[pri:0, instance:com.zenken.freshers.user.Skills@3116c353]" started-at="2024-09-25T14:13:17 IST" name="setUpTest" finished-at="2024-09-25T14:13:25 IST" duration-ms="7907" status="PASS">
          <reporter-output>
          </reporter-output>
        </test-method> <!-- setUpTest -->
        <test-method signature="verifySkillDeleteOnEditPage()[pri:4, instance:com.zenken.freshers.user.Skills@3116c353]" started-at="2024-09-25T14:13:25 IST" name="verifySkillDeleteOnEditPage" finished-at="2024-09-25T14:13:26 IST" depends-on-methods="com.zenken.freshers.user.Skills.verifySkillAddition" duration-ms="351" status="PASS">
          <reporter-output>
          </reporter-output>
        </test-method> <!-- verifySkillDeleteOnEditPage -->
        <test-method is-config="true" signature="tearDown()[pri:0, instance:com.zenken.freshers.user.Skills@3116c353]" started-at="2024-09-25T14:13:26 IST" name="tearDown" finished-at="2024-09-25T14:13:26 IST" duration-ms="240" status="PASS">
          <reporter-output>
          </reporter-output>
        </test-method> <!-- tearDown -->
        <test-method is-config="true" signature="setup(java.lang.reflect.Method)[pri:0, instance:com.zenken.freshers.user.Skills@3116c353]" started-at="2024-09-25T14:13:26 IST" name="setup" finished-at="2024-09-25T14:13:27 IST" duration-ms="861" status="PASS">
          <params>
            <param index="0">
              <value>
                <![CDATA[public void com.zenken.freshers.user.Skills.verifySkillDeleteOnPreviewPage()]]>
              </value>
            </param>
          </params>
          <reporter-output>
          </reporter-output>
        </test-method> <!-- setup -->
        <test-method is-config="true" signature="setUpTest()[pri:0, instance:com.zenken.freshers.user.Skills@3116c353]" started-at="2024-09-25T14:13:27 IST" name="setUpTest" finished-at="2024-09-25T14:13:35 IST" duration-ms="8125" status="PASS">
          <reporter-output>
          </reporter-output>
        </test-method> <!-- setUpTest -->
        <test-method signature="verifySkillDeleteOnPreviewPage()[pri:5, instance:com.zenken.freshers.user.Skills@3116c353]" started-at="2024-09-25T14:13:35 IST" name="verifySkillDeleteOnPreviewPage" finished-at="2024-09-25T14:13:40 IST" duration-ms="4768" status="PASS">
          <reporter-output>
          </reporter-output>
        </test-method> <!-- verifySkillDeleteOnPreviewPage -->
        <test-method is-config="true" signature="tearDown()[pri:0, instance:com.zenken.freshers.user.Skills@3116c353]" started-at="2024-09-25T14:13:40 IST" name="tearDown" finished-at="2024-09-25T14:13:40 IST" duration-ms="223" status="PASS">
          <reporter-output>
          </reporter-output>
        </test-method> <!-- tearDown -->
        <test-method is-config="true" signature="setup(java.lang.reflect.Method)[pri:0, instance:com.zenken.freshers.user.Skills@3116c353]" started-at="2024-09-25T14:13:40 IST" name="setup" finished-at="2024-09-25T14:13:41 IST" duration-ms="891" status="PASS">
          <params>
            <param index="0">
              <value>
                <![CDATA[public void com.zenken.freshers.user.Skills.verifySkillsUrl()]]>
              </value>
            </param>
          </params>
          <reporter-output>
          </reporter-output>
        </test-method> <!-- setup -->
        <test-method is-config="true" signature="setUpTest()[pri:0, instance:com.zenken.freshers.user.Skills@3116c353]" started-at="2024-09-25T14:13:41 IST" name="setUpTest" finished-at="2024-09-25T14:13:47 IST" duration-ms="6284" status="PASS">
          <reporter-output>
          </reporter-output>
        </test-method> <!-- setUpTest -->
        <test-method signature="verifySkillsUrl()[pri:6, instance:com.zenken.freshers.user.Skills@3116c353]" started-at="2024-09-25T14:13:47 IST" name="verifySkillsUrl" finished-at="2024-09-25T14:13:47 IST" duration-ms="32" status="PASS">
          <reporter-output>
          </reporter-output>
        </test-method> <!-- verifySkillsUrl -->
        <test-method is-config="true" signature="tearDown()[pri:0, instance:com.zenken.freshers.user.Skills@3116c353]" started-at="2024-09-25T14:13:47 IST" name="tearDown" finished-at="2024-09-25T14:13:47 IST" duration-ms="188" status="PASS">
          <reporter-output>
          </reporter-output>
        </test-method> <!-- tearDown -->
        <test-method is-config="true" signature="setup(java.lang.reflect.Method)[pri:0, instance:com.zenken.freshers.user.Skills@3116c353]" started-at="2024-09-25T14:13:47 IST" name="setup" finished-at="2024-09-25T14:13:48 IST" duration-ms="813" status="PASS">
          <params>
            <param index="0">
              <value>
                <![CDATA[public void com.zenken.freshers.user.Skills.verifyEditSkillsPageTitle()]]>
              </value>
            </param>
          </params>
          <reporter-output>
          </reporter-output>
        </test-method> <!-- setup -->
        <test-method is-config="true" signature="setUpTest()[pri:0, instance:com.zenken.freshers.user.Skills@3116c353]" started-at="2024-09-25T14:13:48 IST" name="setUpTest" finished-at="2024-09-25T14:13:55 IST" duration-ms="6692" status="PASS">
          <reporter-output>
          </reporter-output>
        </test-method> <!-- setUpTest -->
        <test-method signature="verifyEditSkillsPageTitle()[pri:7, instance:com.zenken.freshers.user.Skills@3116c353]" started-at="2024-09-25T14:13:55 IST" name="verifyEditSkillsPageTitle" finished-at="2024-09-25T14:13:55 IST" duration-ms="10" status="PASS">
          <reporter-output>
          </reporter-output>
        </test-method> <!-- verifyEditSkillsPageTitle -->
        <test-method is-config="true" signature="tearDown()[pri:0, instance:com.zenken.freshers.user.Skills@3116c353]" started-at="2024-09-25T14:13:55 IST" name="tearDown" finished-at="2024-09-25T14:13:55 IST" duration-ms="197" status="PASS">
          <reporter-output>
          </reporter-output>
        </test-method> <!-- tearDown -->
        <test-method is-config="true" signature="setup(java.lang.reflect.Method)[pri:0, instance:com.zenken.freshers.user.Skills@3116c353]" started-at="2024-09-25T14:13:55 IST" name="setup" finished-at="2024-09-25T14:13:56 IST" duration-ms="742" status="PASS">
          <params>
            <param index="0">
              <value>
                <![CDATA[public void com.zenken.freshers.user.Skills.verifySkillsPlaceholder()]]>
              </value>
            </param>
          </params>
          <reporter-output>
          </reporter-output>
        </test-method> <!-- setup -->
        <test-method is-config="true" signature="setUpTest()[pri:0, instance:com.zenken.freshers.user.Skills@3116c353]" started-at="2024-09-25T14:13:56 IST" name="setUpTest" finished-at="2024-09-25T14:14:02 IST" duration-ms="6469" status="PASS">
          <reporter-output>
          </reporter-output>
        </test-method> <!-- setUpTest -->
        <test-method signature="verifySkillsPlaceholder()[pri:8, instance:com.zenken.freshers.user.Skills@3116c353]" started-at="2024-09-25T14:14:02 IST" name="verifySkillsPlaceholder" finished-at="2024-09-25T14:14:02 IST" duration-ms="30" status="PASS">
          <reporter-output>
          </reporter-output>
        </test-method> <!-- verifySkillsPlaceholder -->
        <test-method is-config="true" signature="tearDown()[pri:0, instance:com.zenken.freshers.user.Skills@3116c353]" started-at="2024-09-25T14:14:02 IST" name="tearDown" finished-at="2024-09-25T14:14:02 IST" duration-ms="179" status="PASS">
          <reporter-output>
          </reporter-output>
        </test-method> <!-- tearDown -->
        <test-method is-config="true" signature="setup(java.lang.reflect.Method)[pri:0, instance:com.zenken.freshers.user.Skills@3116c353]" started-at="2024-09-25T14:14:02 IST" name="setup" finished-at="2024-09-25T14:14:03 IST" duration-ms="751" status="PASS">
          <params>
            <param index="0">
              <value>
                <![CDATA[public void com.zenken.freshers.user.Skills.verifySkillOptionsPopulation()]]>
              </value>
            </param>
          </params>
          <reporter-output>
          </reporter-output>
        </test-method> <!-- setup -->
        <test-method is-config="true" signature="setUpTest()[pri:0, instance:com.zenken.freshers.user.Skills@3116c353]" started-at="2024-09-25T14:14:03 IST" name="setUpTest" finished-at="2024-09-25T14:14:12 IST" duration-ms="8712" status="PASS">
          <reporter-output>
          </reporter-output>
        </test-method> <!-- setUpTest -->
        <test-method signature="verifySkillOptionsPopulation()[pri:9, instance:com.zenken.freshers.user.Skills@3116c353]" started-at="2024-09-25T14:14:12 IST" name="verifySkillOptionsPopulation" finished-at="2024-09-25T14:14:13 IST" duration-ms="645" status="PASS">
          <reporter-output>
          </reporter-output>
        </test-method> <!-- verifySkillOptionsPopulation -->
        <test-method is-config="true" signature="tearDown()[pri:0, instance:com.zenken.freshers.user.Skills@3116c353]" started-at="2024-09-25T14:14:13 IST" name="tearDown" finished-at="2024-09-25T14:14:13 IST" duration-ms="263" status="PASS">
          <reporter-output>
          </reporter-output>
        </test-method> <!-- tearDown -->
        <test-method is-config="true" signature="setup(java.lang.reflect.Method)[pri:0, instance:com.zenken.freshers.user.Skills@3116c353]" started-at="2024-09-25T14:14:13 IST" name="setup" finished-at="2024-09-25T14:14:14 IST" duration-ms="821" status="PASS">
          <params>
            <param index="0">
              <value>
                <![CDATA[public void com.zenken.freshers.user.Skills.verifySkillSelection()]]>
              </value>
            </param>
          </params>
          <reporter-output>
          </reporter-output>
        </test-method> <!-- setup -->
        <test-method is-config="true" signature="setUpTest()[pri:0, instance:com.zenken.freshers.user.Skills@3116c353]" started-at="2024-09-25T14:14:14 IST" name="setUpTest" finished-at="2024-09-25T14:14:21 IST" duration-ms="6957" status="PASS">
          <reporter-output>
          </reporter-output>
        </test-method> <!-- setUpTest -->
        <test-method signature="verifySkillSelection()[pri:10, instance:com.zenken.freshers.user.Skills@3116c353]" started-at="2024-09-25T14:14:21 IST" name="verifySkillSelection" finished-at="2024-09-25T14:14:21 IST" duration-ms="212" status="PASS">
          <reporter-output>
          </reporter-output>
        </test-method> <!-- verifySkillSelection -->
        <test-method is-config="true" signature="tearDown()[pri:0, instance:com.zenken.freshers.user.Skills@3116c353]" started-at="2024-09-25T14:14:21 IST" name="tearDown" finished-at="2024-09-25T14:14:21 IST" duration-ms="152" status="PASS">
          <reporter-output>
          </reporter-output>
        </test-method> <!-- tearDown -->
        <test-method is-config="true" signature="setup(java.lang.reflect.Method)[pri:0, instance:com.zenken.freshers.user.Skills@3116c353]" started-at="2024-09-25T14:14:21 IST" name="setup" finished-at="2024-09-25T14:14:22 IST" duration-ms="738" status="PASS">
          <params>
            <param index="0">
              <value>
                <![CDATA[public void com.zenken.freshers.user.Skills.verifySkillLevelSelection()]]>
              </value>
            </param>
          </params>
          <reporter-output>
          </reporter-output>
        </test-method> <!-- setup -->
        <test-method is-config="true" signature="setUpTest()[pri:0, instance:com.zenken.freshers.user.Skills@3116c353]" started-at="2024-09-25T14:14:22 IST" name="setUpTest" finished-at="2024-09-25T14:14:28 IST" duration-ms="6303" status="PASS">
          <reporter-output>
          </reporter-output>
        </test-method> <!-- setUpTest -->
        <test-method signature="verifySkillLevelSelection()[pri:11, instance:com.zenken.freshers.user.Skills@3116c353]" started-at="2024-09-25T14:14:28 IST" name="verifySkillLevelSelection" finished-at="2024-09-25T14:14:29 IST" duration-ms="613" status="PASS">
          <reporter-output>
          </reporter-output>
        </test-method> <!-- verifySkillLevelSelection -->
        <test-method is-config="true" signature="tearDown()[pri:0, instance:com.zenken.freshers.user.Skills@3116c353]" started-at="2024-09-25T14:14:29 IST" name="tearDown" finished-at="2024-09-25T14:14:29 IST" duration-ms="150" status="PASS">
          <reporter-output>
          </reporter-output>
        </test-method> <!-- tearDown -->
        <test-method is-config="true" signature="setup(java.lang.reflect.Method)[pri:0, instance:com.zenken.freshers.user.Skills@3116c353]" started-at="2024-09-25T14:14:29 IST" name="setup" finished-at="2024-09-25T14:14:30 IST" duration-ms="792" status="PASS">
          <params>
            <param index="0">
              <value>
                <![CDATA[public void com.zenken.freshers.user.Skills.verifySkillsCancel()]]>
              </value>
            </param>
          </params>
          <reporter-output>
          </reporter-output>
        </test-method> <!-- setup -->
        <test-method is-config="true" signature="setUpTest()[pri:0, instance:com.zenken.freshers.user.Skills@3116c353]" started-at="2024-09-25T14:14:30 IST" name="setUpTest" finished-at="2024-09-25T14:14:39 IST" duration-ms="9008" status="PASS">
          <reporter-output>
          </reporter-output>
        </test-method> <!-- setUpTest -->
        <test-method signature="verifySkillsCancel()[pri:12, instance:com.zenken.freshers.user.Skills@3116c353]" started-at="2024-09-25T14:14:39 IST" name="verifySkillsCancel" finished-at="2024-09-25T14:14:40 IST" duration-ms="1008" status="PASS">
          <reporter-output>
          </reporter-output>
        </test-method> <!-- verifySkillsCancel -->
        <test-method is-config="true" signature="tearDown()[pri:0, instance:com.zenken.freshers.user.Skills@3116c353]" started-at="2024-09-25T14:14:40 IST" name="tearDown" finished-at="2024-09-25T14:14:40 IST" duration-ms="239" status="PASS">
          <reporter-output>
          </reporter-output>
        </test-method> <!-- tearDown -->
        <test-method is-config="true" signature="setup(java.lang.reflect.Method)[pri:0, instance:com.zenken.freshers.user.Skills@3116c353]" started-at="2024-09-25T14:14:40 IST" name="setup" finished-at="2024-09-25T14:14:41 IST" duration-ms="837" status="PASS">
          <params>
            <param index="0">
              <value>
                <![CDATA[public void com.zenken.freshers.user.Skills.verifySkillLevelRequired()]]>
              </value>
            </param>
          </params>
          <reporter-output>
          </reporter-output>
        </test-method> <!-- setup -->
        <test-method is-config="true" signature="setUpTest()[pri:0, instance:com.zenken.freshers.user.Skills@3116c353]" started-at="2024-09-25T14:14:41 IST" name="setUpTest" finished-at="2024-09-25T14:14:49 IST" duration-ms="8046" status="PASS">
          <reporter-output>
          </reporter-output>
        </test-method> <!-- setUpTest -->
        <test-method signature="verifySkillLevelRequired()[pri:13, instance:com.zenken.freshers.user.Skills@3116c353]" started-at="2024-09-25T14:14:49 IST" name="verifySkillLevelRequired" finished-at="2024-09-25T14:14:51 IST" duration-ms="2031" status="PASS">
          <reporter-output>
          </reporter-output>
        </test-method> <!-- verifySkillLevelRequired -->
        <test-method is-config="true" signature="tearDown()[pri:0, instance:com.zenken.freshers.user.Skills@3116c353]" started-at="2024-09-25T14:14:51 IST" name="tearDown" finished-at="2024-09-25T14:14:51 IST" duration-ms="258" status="PASS">
          <reporter-output>
          </reporter-output>
        </test-method> <!-- tearDown -->
      </class> <!-- com.zenken.freshers.user.Skills -->
    </test> <!-- Test -->
  </suite> <!-- Suite -->
</testng-results>
