<?xml version="1.0" encoding="UTF-8"?>
<testng-results ignored="0" total="16" passed="16" failed="0" skipped="0">
  <reporter-output>
  </reporter-output>
  <suite started-at="2024-10-30T15:10:26 IST" name="Suite" finished-at="2024-10-30T15:14:09 IST" duration-ms="223820">
    <groups>
    </groups>
    <test started-at="2024-10-30T15:10:26 IST" name="Test2" finished-at="2024-10-30T15:12:15 IST" duration-ms="109746">
      <class name="com.zenken.freshers.user.Settings">
        <test-method is-config="true" signature="setup(java.lang.reflect.Method)[pri:0, instance:com.zenken.freshers.user.Settings@4e07b95f]" started-at="2024-10-30T15:10:26 IST" name="setup" finished-at="2024-10-30T15:10:27 IST" duration-ms="1646" status="PASS">
          <params>
            <param index="0">
              <value>
                <![CDATA[public void com.zenken.freshers.user.Settings.verifySetDesTexts()]]>
              </value>
            </param>
          </params>
          <reporter-output>
          </reporter-output>
        </test-method> <!-- setup -->
        <test-method is-config="true" signature="setUpTest()[pri:0, instance:com.zenken.freshers.user.Settings@4e07b95f]" started-at="2024-10-30T15:10:27 IST" name="setUpTest" finished-at="2024-10-30T15:10:45 IST" duration-ms="17846" status="PASS">
          <reporter-output>
          </reporter-output>
        </test-method> <!-- setUpTest -->
        <test-method signature="verifySetDesTexts()[pri:0, instance:com.zenken.freshers.user.Settings@4e07b95f]" started-at="2024-10-30T15:10:45 IST" name="verifySetDesTexts" description="This test verifies that the texts describing &#039;Yaaay Midcareer&#039; and &#039;Zenken Newsletter&#039; are correct" finished-at="2024-10-30T15:10:46 IST" duration-ms="1020" status="PASS">
          <reporter-output>
          </reporter-output>
        </test-method> <!-- verifySetDesTexts -->
        <test-method is-config="true" signature="tearDown()[pri:0, instance:com.zenken.freshers.user.Settings@4e07b95f]" started-at="2024-10-30T15:10:46 IST" name="tearDown" finished-at="2024-10-30T15:10:46 IST" duration-ms="248" status="PASS">
          <reporter-output>
          </reporter-output>
        </test-method> <!-- tearDown -->
        <test-method is-config="true" signature="setup(java.lang.reflect.Method)[pri:0, instance:com.zenken.freshers.user.Settings@4e07b95f]" started-at="2024-10-30T15:10:46 IST" name="setup" finished-at="2024-10-30T15:10:47 IST" duration-ms="905" status="PASS">
          <params>
            <param index="0">
              <value>
                <![CDATA[public void com.zenken.freshers.user.Settings.verifySetNotSelected()]]>
              </value>
            </param>
          </params>
          <reporter-output>
          </reporter-output>
        </test-method> <!-- setup -->
        <test-method is-config="true" signature="setUpTest()[pri:0, instance:com.zenken.freshers.user.Settings@4e07b95f]" started-at="2024-10-30T15:10:47 IST" name="setUpTest" finished-at="2024-10-30T15:11:01 IST" duration-ms="14052" status="PASS">
          <reporter-output>
          </reporter-output>
        </test-method> <!-- setUpTest -->
        <test-method signature="verifySetNotSelected()[pri:0, instance:com.zenken.freshers.user.Settings@4e07b95f]" started-at="2024-10-30T15:11:01 IST" name="verifySetNotSelected" description="This test verifies that appropriate texts are displayed on preview page when checkboxes for &#039;Yaaay Midcareer&#039; and &#039;Zenken Newsletter&#039; are NOT selected" finished-at="2024-10-30T15:11:08 IST" duration-ms="6764" status="PASS">
          <reporter-output>
          </reporter-output>
        </test-method> <!-- verifySetNotSelected -->
        <test-method is-config="true" signature="tearDown()[pri:0, instance:com.zenken.freshers.user.Settings@4e07b95f]" started-at="2024-10-30T15:11:08 IST" name="tearDown" finished-at="2024-10-30T15:11:09 IST" duration-ms="368" status="PASS">
          <reporter-output>
          </reporter-output>
        </test-method> <!-- tearDown -->
        <test-method is-config="true" signature="setup(java.lang.reflect.Method)[pri:0, instance:com.zenken.freshers.user.Settings@4e07b95f]" started-at="2024-10-30T15:11:09 IST" name="setup" finished-at="2024-10-30T15:11:09 IST" duration-ms="899" status="PASS">
          <params>
            <param index="0">
              <value>
                <![CDATA[public void com.zenken.freshers.user.Settings.verifySetSelected()]]>
              </value>
            </param>
          </params>
          <reporter-output>
          </reporter-output>
        </test-method> <!-- setup -->
        <test-method is-config="true" signature="setUpTest()[pri:0, instance:com.zenken.freshers.user.Settings@4e07b95f]" started-at="2024-10-30T15:11:09 IST" name="setUpTest" finished-at="2024-10-30T15:11:26 IST" duration-ms="16614" status="PASS">
          <reporter-output>
          </reporter-output>
        </test-method> <!-- setUpTest -->
        <test-method signature="verifySetSelected()[pri:0, instance:com.zenken.freshers.user.Settings@4e07b95f]" started-at="2024-10-30T15:11:26 IST" name="verifySetSelected" description="This test verifies that appropriate texts are displayed on preview page when checkboxes for &#039;Yaaay Midcareer&#039; and &#039;Zenken Newsletter&#039; are selected" finished-at="2024-10-30T15:11:36 IST" duration-ms="10025" status="PASS">
          <reporter-output>
          </reporter-output>
        </test-method> <!-- verifySetSelected -->
        <test-method is-config="true" signature="tearDown()[pri:0, instance:com.zenken.freshers.user.Settings@4e07b95f]" started-at="2024-10-30T15:11:36 IST" name="tearDown" finished-at="2024-10-30T15:11:36 IST" duration-ms="391" status="PASS">
          <reporter-output>
          </reporter-output>
        </test-method> <!-- tearDown -->
        <test-method is-config="true" signature="setup(java.lang.reflect.Method)[pri:0, instance:com.zenken.freshers.user.Settings@4e07b95f]" started-at="2024-10-30T15:11:36 IST" name="setup" finished-at="2024-10-30T15:11:37 IST" duration-ms="821" status="PASS">
          <params>
            <param index="0">
              <value>
                <![CDATA[public void com.zenken.freshers.user.Settings.verifySettingsTitle()]]>
              </value>
            </param>
          </params>
          <reporter-output>
          </reporter-output>
        </test-method> <!-- setup -->
        <test-method is-config="true" signature="setUpTest()[pri:0, instance:com.zenken.freshers.user.Settings@4e07b95f]" started-at="2024-10-30T15:11:37 IST" name="setUpTest" finished-at="2024-10-30T15:11:48 IST" duration-ms="10793" status="PASS">
          <reporter-output>
          </reporter-output>
        </test-method> <!-- setUpTest -->
        <test-method signature="verifySettingsTitle()[pri:0, instance:com.zenken.freshers.user.Settings@4e07b95f]" started-at="2024-10-30T15:11:48 IST" name="verifySettingsTitle" description="This test verifies that Settings page title is correct" finished-at="2024-10-30T15:11:50 IST" duration-ms="1878" status="PASS">
          <reporter-output>
          </reporter-output>
        </test-method> <!-- verifySettingsTitle -->
        <test-method is-config="true" signature="tearDown()[pri:0, instance:com.zenken.freshers.user.Settings@4e07b95f]" started-at="2024-10-30T15:11:50 IST" name="tearDown" finished-at="2024-10-30T15:11:50 IST" duration-ms="227" status="PASS">
          <reporter-output>
          </reporter-output>
        </test-method> <!-- tearDown -->
        <test-method is-config="true" signature="setup(java.lang.reflect.Method)[pri:0, instance:com.zenken.freshers.user.Settings@4e07b95f]" started-at="2024-10-30T15:11:50 IST" name="setup" finished-at="2024-10-30T15:11:51 IST" duration-ms="831" status="PASS">
          <params>
            <param index="0">
              <value>
                <![CDATA[public void com.zenken.freshers.user.Settings.verifySettingsUrl()]]>
              </value>
            </param>
          </params>
          <reporter-output>
          </reporter-output>
        </test-method> <!-- setup -->
        <test-method is-config="true" signature="setUpTest()[pri:0, instance:com.zenken.freshers.user.Settings@4e07b95f]" started-at="2024-10-30T15:11:51 IST" name="setUpTest" finished-at="2024-10-30T15:12:13 IST" duration-ms="21897" status="PASS">
          <reporter-output>
          </reporter-output>
        </test-method> <!-- setUpTest -->
        <test-method signature="verifySettingsUrl()[pri:0, instance:com.zenken.freshers.user.Settings@4e07b95f]" started-at="2024-10-30T15:12:13 IST" name="verifySettingsUrl" description="This test verifies that user is redirected to &#039;Settings&#039; edit page" finished-at="2024-10-30T15:12:15 IST" duration-ms="2113" status="PASS">
          <reporter-output>
          </reporter-output>
        </test-method> <!-- verifySettingsUrl -->
        <test-method is-config="true" signature="tearDown()[pri:0, instance:com.zenken.freshers.user.Settings@4e07b95f]" started-at="2024-10-30T15:12:15 IST" name="tearDown" finished-at="2024-10-30T15:12:15 IST" duration-ms="328" status="PASS">
          <reporter-output>
          </reporter-output>
        </test-method> <!-- tearDown -->
      </class> <!-- com.zenken.freshers.user.Settings -->
    </test> <!-- Test2 -->
    <test started-at="2024-10-30T15:10:26 IST" name="Test" finished-at="2024-10-30T15:14:09 IST" duration-ms="223820">
      <class name="com.zenken.freshers.user.Photo">
        <test-method is-config="true" signature="setup(java.lang.reflect.Method)[pri:0, instance:com.zenken.freshers.user.Photo@2e570ded]" started-at="2024-10-30T15:10:26 IST" name="setup" finished-at="2024-10-30T15:10:27 IST" duration-ms="1634" status="PASS">
          <params>
            <param index="0">
              <value>
                <![CDATA[public void com.zenken.freshers.user.Photo.verifyPhotoUrl()]]>
              </value>
            </param>
          </params>
          <reporter-output>
          </reporter-output>
        </test-method> <!-- setup -->
        <test-method is-config="true" signature="setUpTest()[pri:0, instance:com.zenken.freshers.user.Photo@2e570ded]" started-at="2024-10-30T15:10:27 IST" name="setUpTest" finished-at="2024-10-30T15:10:42 IST" duration-ms="14326" status="PASS">
          <reporter-output>
          </reporter-output>
        </test-method> <!-- setUpTest -->
        <test-method signature="verifyPhotoUrl()[pri:1, instance:com.zenken.freshers.user.Photo@2e570ded]" started-at="2024-10-30T15:10:42 IST" name="verifyPhotoUrl" description="This test verifies that user is redirected to Photo edit page" finished-at="2024-10-30T15:10:44 IST" duration-ms="2238" status="PASS">
          <reporter-output>
          </reporter-output>
        </test-method> <!-- verifyPhotoUrl -->
        <test-method is-config="true" signature="tearDown()[pri:0, instance:com.zenken.freshers.user.Photo@2e570ded]" started-at="2024-10-30T15:10:44 IST" name="tearDown" finished-at="2024-10-30T15:10:44 IST" duration-ms="257" status="PASS">
          <reporter-output>
          </reporter-output>
        </test-method> <!-- tearDown -->
        <test-method is-config="true" signature="setup(java.lang.reflect.Method)[pri:0, instance:com.zenken.freshers.user.Photo@2e570ded]" started-at="2024-10-30T15:10:44 IST" name="setup" finished-at="2024-10-30T15:10:45 IST" duration-ms="865" status="PASS">
          <params>
            <param index="0">
              <value>
                <![CDATA[public void com.zenken.freshers.user.Photo.verifyPhotoTitle()]]>
              </value>
            </param>
          </params>
          <reporter-output>
          </reporter-output>
        </test-method> <!-- setup -->
        <test-method is-config="true" signature="setUpTest()[pri:0, instance:com.zenken.freshers.user.Photo@2e570ded]" started-at="2024-10-30T15:10:45 IST" name="setUpTest" finished-at="2024-10-30T15:10:57 IST" duration-ms="11871" status="PASS">
          <reporter-output>
          </reporter-output>
        </test-method> <!-- setUpTest -->
        <test-method signature="verifyPhotoTitle()[pri:2, instance:com.zenken.freshers.user.Photo@2e570ded]" started-at="2024-10-30T15:10:57 IST" name="verifyPhotoTitle" description="This test verifies that the Photo page title is correct" finished-at="2024-10-30T15:10:59 IST" duration-ms="2177" status="PASS">
          <reporter-output>
          </reporter-output>
        </test-method> <!-- verifyPhotoTitle -->
        <test-method is-config="true" signature="tearDown()[pri:0, instance:com.zenken.freshers.user.Photo@2e570ded]" started-at="2024-10-30T15:10:59 IST" name="tearDown" finished-at="2024-10-30T15:10:59 IST" duration-ms="266" status="PASS">
          <reporter-output>
          </reporter-output>
        </test-method> <!-- tearDown -->
        <test-method is-config="true" signature="setup(java.lang.reflect.Method)[pri:0, instance:com.zenken.freshers.user.Photo@2e570ded]" started-at="2024-10-30T15:10:59 IST" name="setup" finished-at="2024-10-30T15:11:00 IST" duration-ms="825" status="PASS">
          <params>
            <param index="0">
              <value>
                <![CDATA[public void com.zenken.freshers.user.Photo.verifyUploadModalDisplay()]]>
              </value>
            </param>
          </params>
          <reporter-output>
          </reporter-output>
        </test-method> <!-- setup -->
        <test-method is-config="true" signature="setUpTest()[pri:0, instance:com.zenken.freshers.user.Photo@2e570ded]" started-at="2024-10-30T15:11:00 IST" name="setUpTest" finished-at="2024-10-30T15:11:12 IST" duration-ms="11857" status="PASS">
          <reporter-output>
          </reporter-output>
        </test-method> <!-- setUpTest -->
        <test-method signature="verifyUploadModalDisplay()[pri:3, instance:com.zenken.freshers.user.Photo@2e570ded]" started-at="2024-10-30T15:11:12 IST" name="verifyUploadModalDisplay" description="This test verifies that upload modal appears when upload icon is clicked" finished-at="2024-10-30T15:11:14 IST" duration-ms="2244" status="PASS">
          <reporter-output>
          </reporter-output>
        </test-method> <!-- verifyUploadModalDisplay -->
        <test-method is-config="true" signature="tearDown()[pri:0, instance:com.zenken.freshers.user.Photo@2e570ded]" started-at="2024-10-30T15:11:14 IST" name="tearDown" finished-at="2024-10-30T15:11:14 IST" duration-ms="200" status="PASS">
          <reporter-output>
          </reporter-output>
        </test-method> <!-- tearDown -->
        <test-method is-config="true" signature="setup(java.lang.reflect.Method)[pri:0, instance:com.zenken.freshers.user.Photo@2e570ded]" started-at="2024-10-30T15:11:14 IST" name="setup" finished-at="2024-10-30T15:11:15 IST" duration-ms="896" status="PASS">
          <params>
            <param index="0">
              <value>
                <![CDATA[public void com.zenken.freshers.user.Photo.verifyImageResize()]]>
              </value>
            </param>
          </params>
          <reporter-output>
          </reporter-output>
        </test-method> <!-- setup -->
        <test-method is-config="true" signature="setUpTest()[pri:0, instance:com.zenken.freshers.user.Photo@2e570ded]" started-at="2024-10-30T15:11:15 IST" name="setUpTest" finished-at="2024-10-30T15:11:25 IST" duration-ms="9933" status="PASS">
          <reporter-output>
          </reporter-output>
        </test-method> <!-- setUpTest -->
        <test-method signature="verifyImageResize()[pri:4, instance:com.zenken.freshers.user.Photo@2e570ded]" started-at="2024-10-30T15:11:25 IST" name="verifyImageResize" description="This test verifies that the uploaded image can be resized" finished-at="2024-10-30T15:11:27 IST" duration-ms="1708" status="PASS">
          <reporter-output>
          </reporter-output>
        </test-method> <!-- verifyImageResize -->
        <test-method is-config="true" signature="tearDown()[pri:0, instance:com.zenken.freshers.user.Photo@2e570ded]" started-at="2024-10-30T15:11:27 IST" name="tearDown" finished-at="2024-10-30T15:11:27 IST" duration-ms="237" status="PASS">
          <reporter-output>
          </reporter-output>
        </test-method> <!-- tearDown -->
        <test-method is-config="true" signature="setup(java.lang.reflect.Method)[pri:0, instance:com.zenken.freshers.user.Photo@2e570ded]" started-at="2024-10-30T15:11:27 IST" name="setup" finished-at="2024-10-30T15:11:28 IST" duration-ms="877" status="PASS">
          <params>
            <param index="0">
              <value>
                <![CDATA[public void com.zenken.freshers.user.Photo.verifyImageDrag()]]>
              </value>
            </param>
          </params>
          <reporter-output>
          </reporter-output>
        </test-method> <!-- setup -->
        <test-method is-config="true" signature="setUpTest()[pri:0, instance:com.zenken.freshers.user.Photo@2e570ded]" started-at="2024-10-30T15:11:28 IST" name="setUpTest" finished-at="2024-10-30T15:11:41 IST" duration-ms="12677" status="PASS">
          <reporter-output>
          </reporter-output>
        </test-method> <!-- setUpTest -->
        <test-method signature="verifyImageDrag()[pri:5, instance:com.zenken.freshers.user.Photo@2e570ded]" started-at="2024-10-30T15:11:41 IST" name="verifyImageDrag" description="This test verifies that the uploaded image can be dragged" finished-at="2024-10-30T15:11:44 IST" duration-ms="3193" status="PASS">
          <reporter-output>
          </reporter-output>
        </test-method> <!-- verifyImageDrag -->
        <test-method is-config="true" signature="tearDown()[pri:0, instance:com.zenken.freshers.user.Photo@2e570ded]" started-at="2024-10-30T15:11:44 IST" name="tearDown" finished-at="2024-10-30T15:11:44 IST" duration-ms="222" status="PASS">
          <reporter-output>
          </reporter-output>
        </test-method> <!-- tearDown -->
        <test-method is-config="true" signature="setup(java.lang.reflect.Method)[pri:0, instance:com.zenken.freshers.user.Photo@2e570ded]" started-at="2024-10-30T15:11:44 IST" name="setup" finished-at="2024-10-30T15:11:45 IST" duration-ms="815" status="PASS">
          <params>
            <param index="0">
              <value>
                <![CDATA[public void com.zenken.freshers.user.Photo.verifyPhotoUpload()]]>
              </value>
            </param>
          </params>
          <reporter-output>
          </reporter-output>
        </test-method> <!-- setup -->
        <test-method is-config="true" signature="setUpTest()[pri:0, instance:com.zenken.freshers.user.Photo@2e570ded]" started-at="2024-10-30T15:11:45 IST" name="setUpTest" finished-at="2024-10-30T15:12:00 IST" duration-ms="15361" status="PASS">
          <reporter-output>
          </reporter-output>
        </test-method> <!-- setUpTest -->
        <test-method signature="verifyPhotoUpload()[pri:6, instance:com.zenken.freshers.user.Photo@2e570ded]" started-at="2024-10-30T15:12:00 IST" name="verifyPhotoUpload" description="This test verifies that the image can be uploaded successfully" finished-at="2024-10-30T15:12:09 IST" duration-ms="8659" status="PASS">
          <reporter-output>
          </reporter-output>
        </test-method> <!-- verifyPhotoUpload -->
        <test-method is-config="true" signature="tearDown()[pri:0, instance:com.zenken.freshers.user.Photo@2e570ded]" started-at="2024-10-30T15:12:09 IST" name="tearDown" finished-at="2024-10-30T15:12:09 IST" duration-ms="280" status="PASS">
          <reporter-output>
          </reporter-output>
        </test-method> <!-- tearDown -->
        <test-method is-config="true" signature="setup(java.lang.reflect.Method)[pri:0, instance:com.zenken.freshers.user.Photo@2e570ded]" started-at="2024-10-30T15:12:09 IST" name="setup" finished-at="2024-10-30T15:12:10 IST" duration-ms="898" status="PASS">
          <params>
            <param index="0">
              <value>
                <![CDATA[public void com.zenken.freshers.user.Photo.verifyPhotoImage() throws java.lang.InterruptedException]]>
              </value>
            </param>
          </params>
          <reporter-output>
          </reporter-output>
        </test-method> <!-- setup -->
        <test-method is-config="true" signature="setUpTest()[pri:0, instance:com.zenken.freshers.user.Photo@2e570ded]" started-at="2024-10-30T15:12:10 IST" name="setUpTest" finished-at="2024-10-30T15:12:20 IST" duration-ms="10191" status="PASS">
          <reporter-output>
          </reporter-output>
        </test-method> <!-- setUpTest -->
        <test-method signature="verifyPhotoImage()[pri:7, instance:com.zenken.freshers.user.Photo@2e570ded]" started-at="2024-10-30T15:12:20 IST" name="verifyPhotoImage" description="This test verifies that the uploaded image is same and &#039;Required to apply&#039; text is not displayed on preview and Photo edit page" finished-at="2024-10-30T15:13:17 IST" duration-ms="56347" status="PASS">
          <reporter-output>
          </reporter-output>
        </test-method> <!-- verifyPhotoImage -->
        <test-method is-config="true" signature="tearDown()[pri:0, instance:com.zenken.freshers.user.Photo@2e570ded]" started-at="2024-10-30T15:13:17 IST" name="tearDown" finished-at="2024-10-30T15:13:17 IST" duration-ms="237" status="PASS">
          <reporter-output>
          </reporter-output>
        </test-method> <!-- tearDown -->
        <test-method is-config="true" signature="setup(java.lang.reflect.Method)[pri:0, instance:com.zenken.freshers.user.Photo@2e570ded]" started-at="2024-10-30T15:13:17 IST" name="setup" finished-at="2024-10-30T15:13:18 IST" duration-ms="791" status="PASS">
          <params>
            <param index="0">
              <value>
                <![CDATA[public void com.zenken.freshers.user.Photo.verifyPhotoChange()]]>
              </value>
            </param>
          </params>
          <reporter-output>
          </reporter-output>
        </test-method> <!-- setup -->
        <test-method is-config="true" signature="setUpTest()[pri:0, instance:com.zenken.freshers.user.Photo@2e570ded]" started-at="2024-10-30T15:13:18 IST" name="setUpTest" finished-at="2024-10-30T15:13:28 IST" duration-ms="10028" status="PASS">
          <reporter-output>
          </reporter-output>
        </test-method> <!-- setUpTest -->
        <test-method signature="verifyPhotoChange()[pri:8, instance:com.zenken.freshers.user.Photo@2e570ded]" started-at="2024-10-30T15:13:28 IST" name="verifyPhotoChange" description="This test verifies that the uploaded image can be changed" finished-at="2024-10-30T15:13:29 IST" duration-ms="1631" status="PASS">
          <reporter-output>
          </reporter-output>
        </test-method> <!-- verifyPhotoChange -->
        <test-method is-config="true" signature="tearDown()[pri:0, instance:com.zenken.freshers.user.Photo@2e570ded]" started-at="2024-10-30T15:13:29 IST" name="tearDown" finished-at="2024-10-30T15:13:30 IST" duration-ms="148" status="PASS">
          <reporter-output>
          </reporter-output>
        </test-method> <!-- tearDown -->
        <test-method is-config="true" signature="setup(java.lang.reflect.Method)[pri:0, instance:com.zenken.freshers.user.Photo@2e570ded]" started-at="2024-10-30T15:13:30 IST" name="setup" finished-at="2024-10-30T15:13:30 IST" duration-ms="776" status="PASS">
          <params>
            <param index="0">
              <value>
                <![CDATA[public void com.zenken.freshers.user.Photo.verifyPhotoDelete()]]>
              </value>
            </param>
          </params>
          <reporter-output>
          </reporter-output>
        </test-method> <!-- setup -->
        <test-method is-config="true" signature="setUpTest()[pri:0, instance:com.zenken.freshers.user.Photo@2e570ded]" started-at="2024-10-30T15:13:30 IST" name="setUpTest" finished-at="2024-10-30T15:13:40 IST" duration-ms="9971" status="PASS">
          <reporter-output>
          </reporter-output>
        </test-method> <!-- setUpTest -->
        <test-method signature="verifyPhotoDelete()[pri:9, instance:com.zenken.freshers.user.Photo@2e570ded]" started-at="2024-10-30T15:13:40 IST" name="verifyPhotoDelete" description="This test verifies that the image can be deleted and &#039;Required to apply&#039; text is displayed on Photo edit and preview page" finished-at="2024-10-30T15:13:45 IST" duration-ms="5103" status="PASS">
          <reporter-output>
          </reporter-output>
        </test-method> <!-- verifyPhotoDelete -->
        <test-method is-config="true" signature="tearDown()[pri:0, instance:com.zenken.freshers.user.Photo@2e570ded]" started-at="2024-10-30T15:13:45 IST" name="tearDown" finished-at="2024-10-30T15:13:46 IST" duration-ms="156" status="PASS">
          <reporter-output>
          </reporter-output>
        </test-method> <!-- tearDown -->
        <test-method is-config="true" signature="setup(java.lang.reflect.Method)[pri:0, instance:com.zenken.freshers.user.Photo@2e570ded]" started-at="2024-10-30T15:13:46 IST" name="setup" finished-at="2024-10-30T15:13:46 IST" duration-ms="792" status="PASS">
          <params>
            <param index="0">
              <value>
                <![CDATA[public void com.zenken.freshers.user.Photo.verifyPhotoInvalidFile()]]>
              </value>
            </param>
          </params>
          <reporter-output>
          </reporter-output>
        </test-method> <!-- setup -->
        <test-method is-config="true" signature="setUpTest()[pri:0, instance:com.zenken.freshers.user.Photo@2e570ded]" started-at="2024-10-30T15:13:46 IST" name="setUpTest" finished-at="2024-10-30T15:13:56 IST" duration-ms="9362" status="PASS">
          <reporter-output>
          </reporter-output>
        </test-method> <!-- setUpTest -->
        <test-method signature="verifyPhotoInvalidFile()[pri:10, instance:com.zenken.freshers.user.Photo@2e570ded]" started-at="2024-10-30T15:13:56 IST" name="verifyPhotoInvalidFile" description="This test verifies that validation error occurs for invalid file format" finished-at="2024-10-30T15:13:59 IST" duration-ms="3469" status="PASS">
          <reporter-output>
          </reporter-output>
        </test-method> <!-- verifyPhotoInvalidFile -->
        <test-method is-config="true" signature="tearDown()[pri:0, instance:com.zenken.freshers.user.Photo@2e570ded]" started-at="2024-10-30T15:13:59 IST" name="tearDown" finished-at="2024-10-30T15:13:59 IST" duration-ms="158" status="PASS">
          <reporter-output>
          </reporter-output>
        </test-method> <!-- tearDown -->
        <test-method is-config="true" signature="setup(java.lang.reflect.Method)[pri:0, instance:com.zenken.freshers.user.Photo@2e570ded]" started-at="2024-10-30T15:13:59 IST" name="setup" finished-at="2024-10-30T15:14:00 IST" duration-ms="741" status="PASS">
          <params>
            <param index="0">
              <value>
                <![CDATA[public void com.zenken.freshers.user.Photo.verifyPhotoInvalidSize()]]>
              </value>
            </param>
          </params>
          <reporter-output>
          </reporter-output>
        </test-method> <!-- setup -->
        <test-method is-config="true" signature="setUpTest()[pri:0, instance:com.zenken.freshers.user.Photo@2e570ded]" started-at="2024-10-30T15:14:00 IST" name="setUpTest" finished-at="2024-10-30T15:14:08 IST" duration-ms="8003" status="PASS">
          <reporter-output>
          </reporter-output>
        </test-method> <!-- setUpTest -->
        <test-method signature="verifyPhotoInvalidSize()[pri:11, instance:com.zenken.freshers.user.Photo@2e570ded]" started-at="2024-10-30T15:14:08 IST" name="verifyPhotoInvalidSize" description="This test verifies that validation error occurs when image size is more than 5MB" finished-at="2024-10-30T15:14:09 IST" duration-ms="1136" status="PASS">
          <reporter-output>
          </reporter-output>
        </test-method> <!-- verifyPhotoInvalidSize -->
        <test-method is-config="true" signature="tearDown()[pri:0, instance:com.zenken.freshers.user.Photo@2e570ded]" started-at="2024-10-30T15:14:09 IST" name="tearDown" finished-at="2024-10-30T15:14:09 IST" duration-ms="145" status="PASS">
          <reporter-output>
          </reporter-output>
        </test-method> <!-- tearDown -->
      </class> <!-- com.zenken.freshers.user.Photo -->
    </test> <!-- Test -->
  </suite> <!-- Suite -->
</testng-results>
