<?xml version="1.0" encoding="UTF-8"?>
<testng-results ignored="0" total="59" passed="59" failed="0" skipped="0">
  <reporter-output>
  </reporter-output>
  <suite started-at="2024-11-20T12:46:22 IST" name="Suite" finished-at="2024-11-20T12:55:16 IST" duration-ms="534834">
    <groups>
    </groups>
    <test started-at="2024-11-20T12:46:22 IST" name="Test" finished-at="2024-11-20T12:55:16 IST" duration-ms="534834">
      <class name="com.zenken.freshers.user.Photo">
        <test-method is-config="true" signature="setup(java.lang.reflect.Method)[pri:0, instance:com.zenken.freshers.user.Photo@4bf48f6]" started-at="2024-11-20T12:46:22 IST" name="setup" finished-at="2024-11-20T12:46:24 IST" duration-ms="2189" status="PASS">
          <params>
            <param index="0">
              <value>
                <![CDATA[public void com.zenken.freshers.user.Photo.verifyPhotoUrl()]]>
              </value>
            </param>
          </params>
          <reporter-output>
          </reporter-output>
        </test-method> <!-- setup -->
        <test-method is-config="true" signature="setUpTest()[pri:0, instance:com.zenken.freshers.user.Photo@4bf48f6]" started-at="2024-11-20T12:46:24 IST" name="setUpTest" finished-at="2024-11-20T12:46:59 IST" duration-ms="35238" status="PASS">
          <reporter-output>
          </reporter-output>
        </test-method> <!-- setUpTest -->
        <test-method signature="verifyPhotoUrl()[pri:1, instance:com.zenken.freshers.user.Photo@4bf48f6]" started-at="2024-11-20T12:46:59 IST" name="verifyPhotoUrl" description="This test verifies that user is redirected to Photo edit page" finished-at="2024-11-20T12:47:03 IST" duration-ms="4208" status="PASS">
          <reporter-output>
          </reporter-output>
        </test-method> <!-- verifyPhotoUrl -->
        <test-method is-config="true" signature="tearDown()[pri:0, instance:com.zenken.freshers.user.Photo@4bf48f6]" started-at="2024-11-20T12:47:03 IST" name="tearDown" finished-at="2024-11-20T12:47:04 IST" duration-ms="243" status="PASS">
          <reporter-output>
          </reporter-output>
        </test-method> <!-- tearDown -->
        <test-method is-config="true" signature="setup(java.lang.reflect.Method)[pri:0, instance:com.zenken.freshers.user.Photo@4bf48f6]" started-at="2024-11-20T12:47:04 IST" name="setup" finished-at="2024-11-20T12:47:04 IST" duration-ms="833" status="PASS">
          <params>
            <param index="0">
              <value>
                <![CDATA[public void com.zenken.freshers.user.Photo.verifyPhotoTitle()]]>
              </value>
            </param>
          </params>
          <reporter-output>
          </reporter-output>
        </test-method> <!-- setup -->
        <test-method is-config="true" signature="setUpTest()[pri:0, instance:com.zenken.freshers.user.Photo@4bf48f6]" started-at="2024-11-20T12:47:04 IST" name="setUpTest" finished-at="2024-11-20T12:47:36 IST" duration-ms="31504" status="PASS">
          <reporter-output>
          </reporter-output>
        </test-method> <!-- setUpTest -->
        <test-method signature="verifyPhotoTitle()[pri:2, instance:com.zenken.freshers.user.Photo@4bf48f6]" started-at="2024-11-20T12:47:36 IST" name="verifyPhotoTitle" description="This test verifies that the Photo page title is correct" finished-at="2024-11-20T12:47:42 IST" duration-ms="5905" status="PASS">
          <reporter-output>
          </reporter-output>
        </test-method> <!-- verifyPhotoTitle -->
        <test-method is-config="true" signature="tearDown()[pri:0, instance:com.zenken.freshers.user.Photo@4bf48f6]" started-at="2024-11-20T12:47:42 IST" name="tearDown" finished-at="2024-11-20T12:47:42 IST" duration-ms="158" status="PASS">
          <reporter-output>
          </reporter-output>
        </test-method> <!-- tearDown -->
        <test-method is-config="true" signature="setup(java.lang.reflect.Method)[pri:0, instance:com.zenken.freshers.user.Photo@4bf48f6]" started-at="2024-11-20T12:47:42 IST" name="setup" finished-at="2024-11-20T12:47:43 IST" duration-ms="783" status="PASS">
          <params>
            <param index="0">
              <value>
                <![CDATA[public void com.zenken.freshers.user.Photo.verifyUploadModalDisplay()]]>
              </value>
            </param>
          </params>
          <reporter-output>
          </reporter-output>
        </test-method> <!-- setup -->
        <test-method is-config="true" signature="setUpTest()[pri:0, instance:com.zenken.freshers.user.Photo@4bf48f6]" started-at="2024-11-20T12:47:43 IST" name="setUpTest" finished-at="2024-11-20T12:48:12 IST" duration-ms="29709" status="PASS">
          <reporter-output>
          </reporter-output>
        </test-method> <!-- setUpTest -->
        <test-method signature="verifyUploadModalDisplay()[pri:3, instance:com.zenken.freshers.user.Photo@4bf48f6]" started-at="2024-11-20T12:48:12 IST" name="verifyUploadModalDisplay" description="This test verifies that upload modal appears when upload icon is clicked" finished-at="2024-11-20T12:48:17 IST" duration-ms="4808" status="PASS">
          <reporter-output>
          </reporter-output>
        </test-method> <!-- verifyUploadModalDisplay -->
        <test-method is-config="true" signature="tearDown()[pri:0, instance:com.zenken.freshers.user.Photo@4bf48f6]" started-at="2024-11-20T12:48:17 IST" name="tearDown" finished-at="2024-11-20T12:48:17 IST" duration-ms="193" status="PASS">
          <reporter-output>
          </reporter-output>
        </test-method> <!-- tearDown -->
        <test-method is-config="true" signature="setup(java.lang.reflect.Method)[pri:0, instance:com.zenken.freshers.user.Photo@4bf48f6]" started-at="2024-11-20T12:48:17 IST" name="setup" finished-at="2024-11-20T12:48:18 IST" duration-ms="680" status="PASS">
          <params>
            <param index="0">
              <value>
                <![CDATA[public void com.zenken.freshers.user.Photo.verifyImageResize()]]>
              </value>
            </param>
          </params>
          <reporter-output>
          </reporter-output>
        </test-method> <!-- setup -->
        <test-method is-config="true" signature="setUpTest()[pri:0, instance:com.zenken.freshers.user.Photo@4bf48f6]" started-at="2024-11-20T12:48:18 IST" name="setUpTest" finished-at="2024-11-20T12:48:51 IST" duration-ms="32747" status="PASS">
          <reporter-output>
          </reporter-output>
        </test-method> <!-- setUpTest -->
        <test-method signature="verifyImageResize()[pri:4, instance:com.zenken.freshers.user.Photo@4bf48f6]" started-at="2024-11-20T12:48:51 IST" name="verifyImageResize" description="This test verifies that the uploaded image can be resized" finished-at="2024-11-20T12:48:56 IST" duration-ms="5361" status="PASS">
          <reporter-output>
          </reporter-output>
        </test-method> <!-- verifyImageResize -->
        <test-method is-config="true" signature="tearDown()[pri:0, instance:com.zenken.freshers.user.Photo@4bf48f6]" started-at="2024-11-20T12:48:56 IST" name="tearDown" finished-at="2024-11-20T12:48:56 IST" duration-ms="222" status="PASS">
          <reporter-output>
          </reporter-output>
        </test-method> <!-- tearDown -->
        <test-method is-config="true" signature="setup(java.lang.reflect.Method)[pri:0, instance:com.zenken.freshers.user.Photo@4bf48f6]" started-at="2024-11-20T12:48:56 IST" name="setup" finished-at="2024-11-20T12:48:57 IST" duration-ms="735" status="PASS">
          <params>
            <param index="0">
              <value>
                <![CDATA[public void com.zenken.freshers.user.Photo.verifyImageDrag()]]>
              </value>
            </param>
          </params>
          <reporter-output>
          </reporter-output>
        </test-method> <!-- setup -->
        <test-method is-config="true" signature="setUpTest()[pri:0, instance:com.zenken.freshers.user.Photo@4bf48f6]" started-at="2024-11-20T12:48:57 IST" name="setUpTest" finished-at="2024-11-20T12:49:38 IST" duration-ms="40957" status="PASS">
          <reporter-output>
          </reporter-output>
        </test-method> <!-- setUpTest -->
        <test-method signature="verifyImageDrag()[pri:5, instance:com.zenken.freshers.user.Photo@4bf48f6]" started-at="2024-11-20T12:49:38 IST" name="verifyImageDrag" description="This test verifies that the uploaded image can be dragged" finished-at="2024-11-20T12:49:43 IST" duration-ms="5080" status="PASS">
          <reporter-output>
          </reporter-output>
        </test-method> <!-- verifyImageDrag -->
        <test-method is-config="true" signature="tearDown()[pri:0, instance:com.zenken.freshers.user.Photo@4bf48f6]" started-at="2024-11-20T12:49:43 IST" name="tearDown" finished-at="2024-11-20T12:49:43 IST" duration-ms="275" status="PASS">
          <reporter-output>
          </reporter-output>
        </test-method> <!-- tearDown -->
        <test-method is-config="true" signature="setup(java.lang.reflect.Method)[pri:0, instance:com.zenken.freshers.user.Photo@4bf48f6]" started-at="2024-11-20T12:49:43 IST" name="setup" finished-at="2024-11-20T12:49:45 IST" duration-ms="1287" status="PASS">
          <params>
            <param index="0">
              <value>
                <![CDATA[public void com.zenken.freshers.user.Photo.verifyPhotoUpload()]]>
              </value>
            </param>
          </params>
          <reporter-output>
          </reporter-output>
        </test-method> <!-- setup -->
        <test-method is-config="true" signature="setUpTest()[pri:0, instance:com.zenken.freshers.user.Photo@4bf48f6]" started-at="2024-11-20T12:49:45 IST" name="setUpTest" finished-at="2024-11-20T12:50:17 IST" duration-ms="32614" status="PASS">
          <reporter-output>
          </reporter-output>
        </test-method> <!-- setUpTest -->
        <test-method signature="verifyPhotoUpload()[pri:6, instance:com.zenken.freshers.user.Photo@4bf48f6]" started-at="2024-11-20T12:50:17 IST" name="verifyPhotoUpload" description="This test verifies that the image can be uploaded successfully" finished-at="2024-11-20T12:50:37 IST" duration-ms="19847" status="PASS">
          <reporter-output>
          </reporter-output>
        </test-method> <!-- verifyPhotoUpload -->
        <test-method is-config="true" signature="tearDown()[pri:0, instance:com.zenken.freshers.user.Photo@4bf48f6]" started-at="2024-11-20T12:50:37 IST" name="tearDown" finished-at="2024-11-20T12:50:38 IST" duration-ms="418" status="PASS">
          <reporter-output>
          </reporter-output>
        </test-method> <!-- tearDown -->
        <test-method is-config="true" signature="setup(java.lang.reflect.Method)[pri:0, instance:com.zenken.freshers.user.Photo@4bf48f6]" started-at="2024-11-20T12:50:38 IST" name="setup" finished-at="2024-11-20T12:50:39 IST" duration-ms="1182" status="PASS">
          <params>
            <param index="0">
              <value>
                <![CDATA[public void com.zenken.freshers.user.Photo.verifyPhotoImage() throws java.lang.InterruptedException]]>
              </value>
            </param>
          </params>
          <reporter-output>
          </reporter-output>
        </test-method> <!-- setup -->
        <test-method is-config="true" signature="setUpTest()[pri:0, instance:com.zenken.freshers.user.Photo@4bf48f6]" started-at="2024-11-20T12:50:39 IST" name="setUpTest" finished-at="2024-11-20T12:51:04 IST" duration-ms="24800" status="PASS">
          <reporter-output>
          </reporter-output>
        </test-method> <!-- setUpTest -->
        <test-method signature="verifyPhotoImage()[pri:7, instance:com.zenken.freshers.user.Photo@4bf48f6]" started-at="2024-11-20T12:51:04 IST" name="verifyPhotoImage" description="This test verifies that the uploaded image is same and &#039;Required to apply&#039; text is not displayed on preview and Photo edit page" finished-at="2024-11-20T12:51:46 IST" duration-ms="42108" status="PASS">
          <reporter-output>
          </reporter-output>
        </test-method> <!-- verifyPhotoImage -->
        <test-method is-config="true" signature="tearDown()[pri:0, instance:com.zenken.freshers.user.Photo@4bf48f6]" started-at="2024-11-20T12:51:46 IST" name="tearDown" finished-at="2024-11-20T12:51:46 IST" duration-ms="612" status="PASS">
          <reporter-output>
          </reporter-output>
        </test-method> <!-- tearDown -->
        <test-method is-config="true" signature="setup(java.lang.reflect.Method)[pri:0, instance:com.zenken.freshers.user.Photo@4bf48f6]" started-at="2024-11-20T12:51:46 IST" name="setup" finished-at="2024-11-20T12:51:47 IST" duration-ms="862" status="PASS">
          <params>
            <param index="0">
              <value>
                <![CDATA[public void com.zenken.freshers.user.Photo.verifyPhotoChange()]]>
              </value>
            </param>
          </params>
          <reporter-output>
          </reporter-output>
        </test-method> <!-- setup -->
        <test-method is-config="true" signature="setUpTest()[pri:0, instance:com.zenken.freshers.user.Photo@4bf48f6]" started-at="2024-11-20T12:51:47 IST" name="setUpTest" finished-at="2024-11-20T12:52:09 IST" duration-ms="22232" status="PASS">
          <reporter-output>
          </reporter-output>
        </test-method> <!-- setUpTest -->
        <test-method signature="verifyPhotoChange()[pri:8, instance:com.zenken.freshers.user.Photo@4bf48f6]" started-at="2024-11-20T12:52:09 IST" name="verifyPhotoChange" description="This test verifies that the uploaded image can be changed" finished-at="2024-11-20T12:52:14 IST" duration-ms="4879" status="PASS">
          <reporter-output>
          </reporter-output>
        </test-method> <!-- verifyPhotoChange -->
        <test-method is-config="true" signature="tearDown()[pri:0, instance:com.zenken.freshers.user.Photo@4bf48f6]" started-at="2024-11-20T12:52:14 IST" name="tearDown" finished-at="2024-11-20T12:52:15 IST" duration-ms="250" status="PASS">
          <reporter-output>
          </reporter-output>
        </test-method> <!-- tearDown -->
        <test-method is-config="true" signature="setup(java.lang.reflect.Method)[pri:0, instance:com.zenken.freshers.user.Photo@4bf48f6]" started-at="2024-11-20T12:52:15 IST" name="setup" finished-at="2024-11-20T12:52:16 IST" duration-ms="896" status="PASS">
          <params>
            <param index="0">
              <value>
                <![CDATA[public void com.zenken.freshers.user.Photo.verifyPhotoDelete()]]>
              </value>
            </param>
          </params>
          <reporter-output>
          </reporter-output>
        </test-method> <!-- setup -->
        <test-method is-config="true" signature="setUpTest()[pri:0, instance:com.zenken.freshers.user.Photo@4bf48f6]" started-at="2024-11-20T12:52:16 IST" name="setUpTest" finished-at="2024-11-20T12:52:32 IST" duration-ms="16720" status="PASS">
          <reporter-output>
          </reporter-output>
        </test-method> <!-- setUpTest -->
        <test-method signature="verifyPhotoDelete()[pri:9, instance:com.zenken.freshers.user.Photo@4bf48f6]" started-at="2024-11-20T12:52:32 IST" name="verifyPhotoDelete" description="This test verifies that the image can be deleted and &#039;Required to apply&#039; text is displayed on Photo edit and preview page" finished-at="2024-11-20T12:52:46 IST" duration-ms="13698" status="PASS">
          <reporter-output>
          </reporter-output>
        </test-method> <!-- verifyPhotoDelete -->
        <test-method is-config="true" signature="tearDown()[pri:0, instance:com.zenken.freshers.user.Photo@4bf48f6]" started-at="2024-11-20T12:52:46 IST" name="tearDown" finished-at="2024-11-20T12:52:46 IST" duration-ms="239" status="PASS">
          <reporter-output>
          </reporter-output>
        </test-method> <!-- tearDown -->
        <test-method is-config="true" signature="setup(java.lang.reflect.Method)[pri:0, instance:com.zenken.freshers.user.Photo@4bf48f6]" started-at="2024-11-20T12:52:46 IST" name="setup" finished-at="2024-11-20T12:52:47 IST" duration-ms="938" status="PASS">
          <params>
            <param index="0">
              <value>
                <![CDATA[public void com.zenken.freshers.user.Photo.verifyPhotoInvalidFile()]]>
              </value>
            </param>
          </params>
          <reporter-output>
          </reporter-output>
        </test-method> <!-- setup -->
        <test-method is-config="true" signature="setUpTest()[pri:0, instance:com.zenken.freshers.user.Photo@4bf48f6]" started-at="2024-11-20T12:52:47 IST" name="setUpTest" finished-at="2024-11-20T12:53:08 IST" duration-ms="21342" status="PASS">
          <reporter-output>
          </reporter-output>
        </test-method> <!-- setUpTest -->
        <test-method signature="verifyPhotoInvalidFile()[pri:10, instance:com.zenken.freshers.user.Photo@4bf48f6]" started-at="2024-11-20T12:53:08 IST" name="verifyPhotoInvalidFile" description="This test verifies that validation error occurs for invalid file format" finished-at="2024-11-20T12:53:15 IST" duration-ms="7026" status="PASS">
          <reporter-output>
          </reporter-output>
        </test-method> <!-- verifyPhotoInvalidFile -->
        <test-method is-config="true" signature="tearDown()[pri:0, instance:com.zenken.freshers.user.Photo@4bf48f6]" started-at="2024-11-20T12:53:15 IST" name="tearDown" finished-at="2024-11-20T12:53:16 IST" duration-ms="223" status="PASS">
          <reporter-output>
          </reporter-output>
        </test-method> <!-- tearDown -->
        <test-method is-config="true" signature="setup(java.lang.reflect.Method)[pri:0, instance:com.zenken.freshers.user.Photo@4bf48f6]" started-at="2024-11-20T12:53:16 IST" name="setup" finished-at="2024-11-20T12:53:17 IST" duration-ms="893" status="PASS">
          <params>
            <param index="0">
              <value>
                <![CDATA[public void com.zenken.freshers.user.Photo.verifyPhotoInvalidSize()]]>
              </value>
            </param>
          </params>
          <reporter-output>
          </reporter-output>
        </test-method> <!-- setup -->
        <test-method is-config="true" signature="setUpTest()[pri:0, instance:com.zenken.freshers.user.Photo@4bf48f6]" started-at="2024-11-20T12:53:17 IST" name="setUpTest" finished-at="2024-11-20T12:53:33 IST" duration-ms="16082" status="PASS">
          <reporter-output>
          </reporter-output>
        </test-method> <!-- setUpTest -->
        <test-method signature="verifyPhotoInvalidSize()[pri:11, instance:com.zenken.freshers.user.Photo@4bf48f6]" started-at="2024-11-20T12:53:33 IST" name="verifyPhotoInvalidSize" description="This test verifies that validation error occurs when image size is more than 5MB" finished-at="2024-11-20T12:53:36 IST" duration-ms="3300" status="PASS">
          <reporter-output>
          </reporter-output>
        </test-method> <!-- verifyPhotoInvalidSize -->
        <test-method is-config="true" signature="tearDown()[pri:0, instance:com.zenken.freshers.user.Photo@4bf48f6]" started-at="2024-11-20T12:53:36 IST" name="tearDown" finished-at="2024-11-20T12:53:36 IST" duration-ms="226" status="PASS">
          <reporter-output>
          </reporter-output>
        </test-method> <!-- tearDown -->
      </class> <!-- com.zenken.freshers.user.Photo -->
      <class name="com.zenken.freshers.user.CommonParts">
        <test-method is-config="true" signature="setup(java.lang.reflect.Method)[pri:0, instance:com.zenken.freshers.user.CommonParts@27912e3]" started-at="2024-11-20T12:46:22 IST" name="setup" finished-at="2024-11-20T12:46:24 IST" duration-ms="2147" status="PASS">
          <params>
            <param index="0">
              <value>
                <![CDATA[public void com.zenken.freshers.user.CommonParts.verifyAltText()]]>
              </value>
            </param>
          </params>
          <reporter-output>
          </reporter-output>
        </test-method> <!-- setup -->
        <test-method is-config="true" signature="setUpTest()[pri:0, instance:com.zenken.freshers.user.CommonParts@27912e3]" started-at="2024-11-20T12:46:24 IST" name="setUpTest" finished-at="2024-11-20T12:46:37 IST" duration-ms="12923" status="PASS">
          <reporter-output>
          </reporter-output>
        </test-method> <!-- setUpTest -->
        <test-method signature="verifyAltText()[pri:0, instance:com.zenken.freshers.user.CommonParts@27912e3]" started-at="2024-11-20T12:46:37 IST" name="verifyAltText" description="This test verifies that Alt text is displyaed on header" finished-at="2024-11-20T12:46:37 IST" duration-ms="71" status="PASS">
          <reporter-output>
          </reporter-output>
        </test-method> <!-- verifyAltText -->
        <test-method is-config="true" signature="tearDown()[pri:0, instance:com.zenken.freshers.user.CommonParts@27912e3]" started-at="2024-11-20T12:46:37 IST" name="tearDown" finished-at="2024-11-20T12:46:37 IST" duration-ms="436" status="PASS">
          <reporter-output>
          </reporter-output>
        </test-method> <!-- tearDown -->
        <test-method is-config="true" signature="setup(java.lang.reflect.Method)[pri:0, instance:com.zenken.freshers.user.CommonParts@27912e3]" started-at="2024-11-20T12:46:37 IST" name="setup" finished-at="2024-11-20T12:46:38 IST" duration-ms="919" status="PASS">
          <params>
            <param index="0">
              <value>
                <![CDATA[public void com.zenken.freshers.user.CommonParts.verifyAltTextPostLogIn()]]>
              </value>
            </param>
          </params>
          <reporter-output>
          </reporter-output>
        </test-method> <!-- setup -->
        <test-method is-config="true" signature="setUpTest()[pri:0, instance:com.zenken.freshers.user.CommonParts@27912e3]" started-at="2024-11-20T12:46:38 IST" name="setUpTest" finished-at="2024-11-20T12:46:53 IST" duration-ms="15069" status="PASS">
          <reporter-output>
          </reporter-output>
        </test-method> <!-- setUpTest -->
        <test-method signature="verifyAltTextPostLogIn()[pri:0, instance:com.zenken.freshers.user.CommonParts@27912e3]" started-at="2024-11-20T12:46:53 IST" name="verifyAltTextPostLogIn" description="This test verifies that Alt text is displyaed on the header of the profile preview page" finished-at="2024-11-20T12:47:16 IST" duration-ms="22701" status="PASS">
          <reporter-output>
          </reporter-output>
        </test-method> <!-- verifyAltTextPostLogIn -->
        <test-method is-config="true" signature="tearDown()[pri:0, instance:com.zenken.freshers.user.CommonParts@27912e3]" started-at="2024-11-20T12:47:16 IST" name="tearDown" finished-at="2024-11-20T12:47:16 IST" duration-ms="216" status="PASS">
          <reporter-output>
          </reporter-output>
        </test-method> <!-- tearDown -->
        <test-method is-config="true" signature="setup(java.lang.reflect.Method)[pri:0, instance:com.zenken.freshers.user.CommonParts@27912e3]" started-at="2024-11-20T12:47:16 IST" name="setup" finished-at="2024-11-20T12:47:17 IST" duration-ms="786" status="PASS">
          <params>
            <param index="0">
              <value>
                <![CDATA[public void com.zenken.freshers.user.CommonParts.verifyCopyrightMark()]]>
              </value>
            </param>
          </params>
          <reporter-output>
          </reporter-output>
        </test-method> <!-- setup -->
        <test-method is-config="true" signature="setUpTest()[pri:0, instance:com.zenken.freshers.user.CommonParts@27912e3]" started-at="2024-11-20T12:47:17 IST" name="setUpTest" finished-at="2024-11-20T12:47:28 IST" duration-ms="11372" status="PASS">
          <reporter-output>
          </reporter-output>
        </test-method> <!-- setUpTest -->
        <test-method signature="verifyCopyrightMark()[pri:0, instance:com.zenken.freshers.user.CommonParts@27912e3]" started-at="2024-11-20T12:47:28 IST" name="verifyCopyrightMark" description="This test verifies that Zenken&#039;s copyright mark is displayed on footer" finished-at="2024-11-20T12:47:28 IST" duration-ms="50" status="PASS">
          <reporter-output>
          </reporter-output>
        </test-method> <!-- verifyCopyrightMark -->
        <test-method is-config="true" signature="tearDown()[pri:0, instance:com.zenken.freshers.user.CommonParts@27912e3]" started-at="2024-11-20T12:47:28 IST" name="tearDown" finished-at="2024-11-20T12:47:29 IST" duration-ms="411" status="PASS">
          <reporter-output>
          </reporter-output>
        </test-method> <!-- tearDown -->
        <test-method is-config="true" signature="setup(java.lang.reflect.Method)[pri:0, instance:com.zenken.freshers.user.CommonParts@27912e3]" started-at="2024-11-20T12:47:29 IST" name="setup" finished-at="2024-11-20T12:47:30 IST" duration-ms="987" status="PASS">
          <params>
            <param index="0">
              <value>
                <![CDATA[public void com.zenken.freshers.user.CommonParts.verifyDropdown()]]>
              </value>
            </param>
          </params>
          <reporter-output>
          </reporter-output>
        </test-method> <!-- setup -->
        <test-method is-config="true" signature="setUpTest()[pri:0, instance:com.zenken.freshers.user.CommonParts@27912e3]" started-at="2024-11-20T12:47:30 IST" name="setUpTest" finished-at="2024-11-20T12:47:45 IST" duration-ms="15462" status="PASS">
          <reporter-output>
          </reporter-output>
        </test-method> <!-- setUpTest -->
        <test-method signature="verifyDropdown()[pri:0, instance:com.zenken.freshers.user.CommonParts@27912e3]" started-at="2024-11-20T12:47:45 IST" name="verifyDropdown" description="This test verifies that the expected dropdown options are displayed" finished-at="2024-11-20T12:48:06 IST" duration-ms="21038" status="PASS">
          <reporter-output>
          </reporter-output>
        </test-method> <!-- verifyDropdown -->
        <test-method is-config="true" signature="tearDown()[pri:0, instance:com.zenken.freshers.user.CommonParts@27912e3]" started-at="2024-11-20T12:48:06 IST" name="tearDown" finished-at="2024-11-20T12:48:06 IST" duration-ms="219" status="PASS">
          <reporter-output>
          </reporter-output>
        </test-method> <!-- tearDown -->
        <test-method is-config="true" signature="setup(java.lang.reflect.Method)[pri:0, instance:com.zenken.freshers.user.CommonParts@27912e3]" started-at="2024-11-20T12:48:06 IST" name="setup" finished-at="2024-11-20T12:48:07 IST" duration-ms="704" status="PASS">
          <params>
            <param index="0">
              <value>
                <![CDATA[public void com.zenken.freshers.user.CommonParts.verifyHeaderImage()]]>
              </value>
            </param>
          </params>
          <reporter-output>
          </reporter-output>
        </test-method> <!-- setup -->
        <test-method is-config="true" signature="setUpTest()[pri:0, instance:com.zenken.freshers.user.CommonParts@27912e3]" started-at="2024-11-20T12:48:07 IST" name="setUpTest" finished-at="2024-11-20T12:48:19 IST" duration-ms="11538" status="PASS">
          <reporter-output>
          </reporter-output>
        </test-method> <!-- setUpTest -->
        <test-method signature="verifyHeaderImage()[pri:0, instance:com.zenken.freshers.user.CommonParts@27912e3]" started-at="2024-11-20T12:48:19 IST" name="verifyHeaderImage" description="This test verifies that Freshers logo is displyaed on header" finished-at="2024-11-20T12:48:19 IST" duration-ms="104" status="PASS">
          <reporter-output>
          </reporter-output>
        </test-method> <!-- verifyHeaderImage -->
        <test-method is-config="true" signature="tearDown()[pri:0, instance:com.zenken.freshers.user.CommonParts@27912e3]" started-at="2024-11-20T12:48:19 IST" name="tearDown" finished-at="2024-11-20T12:48:19 IST" duration-ms="236" status="PASS">
          <reporter-output>
          </reporter-output>
        </test-method> <!-- tearDown -->
        <test-method is-config="true" signature="setup(java.lang.reflect.Method)[pri:0, instance:com.zenken.freshers.user.CommonParts@27912e3]" started-at="2024-11-20T12:48:19 IST" name="setup" finished-at="2024-11-20T12:48:20 IST" duration-ms="766" status="PASS">
          <params>
            <param index="0">
              <value>
                <![CDATA[public void com.zenken.freshers.user.CommonParts.verifyHeaderImagePostLogIn()]]>
              </value>
            </param>
          </params>
          <reporter-output>
          </reporter-output>
        </test-method> <!-- setup -->
        <test-method is-config="true" signature="setUpTest()[pri:0, instance:com.zenken.freshers.user.CommonParts@27912e3]" started-at="2024-11-20T12:48:20 IST" name="setUpTest" finished-at="2024-11-20T12:48:35 IST" duration-ms="15175" status="PASS">
          <reporter-output>
          </reporter-output>
        </test-method> <!-- setUpTest -->
        <test-method signature="verifyHeaderImagePostLogIn()[pri:0, instance:com.zenken.freshers.user.CommonParts@27912e3]" started-at="2024-11-20T12:48:35 IST" name="verifyHeaderImagePostLogIn" description="This test verifies that Freshers logo is displyaed on the header of the profile preview page" finished-at="2024-11-20T12:48:55 IST" duration-ms="19937" status="PASS">
          <reporter-output>
          </reporter-output>
        </test-method> <!-- verifyHeaderImagePostLogIn -->
        <test-method is-config="true" signature="tearDown()[pri:0, instance:com.zenken.freshers.user.CommonParts@27912e3]" started-at="2024-11-20T12:48:55 IST" name="tearDown" finished-at="2024-11-20T12:48:55 IST" duration-ms="215" status="PASS">
          <reporter-output>
          </reporter-output>
        </test-method> <!-- tearDown -->
        <test-method is-config="true" signature="setup(java.lang.reflect.Method)[pri:0, instance:com.zenken.freshers.user.CommonParts@27912e3]" started-at="2024-11-20T12:48:55 IST" name="setup" finished-at="2024-11-20T12:48:56 IST" duration-ms="794" status="PASS">
          <params>
            <param index="0">
              <value>
                <![CDATA[public void com.zenken.freshers.user.CommonParts.verifyLogOut()]]>
              </value>
            </param>
          </params>
          <reporter-output>
          </reporter-output>
        </test-method> <!-- setup -->
        <test-method is-config="true" signature="setUpTest()[pri:0, instance:com.zenken.freshers.user.CommonParts@27912e3]" started-at="2024-11-20T12:48:56 IST" name="setUpTest" finished-at="2024-11-20T12:49:12 IST" duration-ms="15603" status="PASS">
          <reporter-output>
          </reporter-output>
        </test-method> <!-- setUpTest -->
        <test-method signature="verifyLogOut()[pri:0, instance:com.zenken.freshers.user.CommonParts@27912e3]" started-at="2024-11-20T12:49:12 IST" name="verifyLogOut" description="This test verifies that user is logged out from the account after clicking on &#039;Log Out&#039;" finished-at="2024-11-20T12:49:43 IST" duration-ms="31726" status="PASS">
          <reporter-output>
          </reporter-output>
        </test-method> <!-- verifyLogOut -->
        <test-method is-config="true" signature="tearDown()[pri:0, instance:com.zenken.freshers.user.CommonParts@27912e3]" started-at="2024-11-20T12:49:43 IST" name="tearDown" finished-at="2024-11-20T12:49:44 IST" duration-ms="278" status="PASS">
          <reporter-output>
          </reporter-output>
        </test-method> <!-- tearDown -->
        <test-method is-config="true" signature="setup(java.lang.reflect.Method)[pri:0, instance:com.zenken.freshers.user.CommonParts@27912e3]" started-at="2024-11-20T12:49:44 IST" name="setup" finished-at="2024-11-20T12:49:45 IST" duration-ms="1295" status="PASS">
          <params>
            <param index="0">
              <value>
                <![CDATA[public void com.zenken.freshers.user.CommonParts.verifyPolicy()]]>
              </value>
            </param>
          </params>
          <reporter-output>
          </reporter-output>
        </test-method> <!-- setup -->
        <test-method is-config="true" signature="setUpTest()[pri:0, instance:com.zenken.freshers.user.CommonParts@27912e3]" started-at="2024-11-20T12:49:45 IST" name="setUpTest" finished-at="2024-11-20T12:49:58 IST" duration-ms="13570" status="PASS">
          <reporter-output>
          </reporter-output>
        </test-method> <!-- setUpTest -->
        <test-method signature="verifyPolicy()[pri:0, instance:com.zenken.freshers.user.CommonParts@27912e3]" started-at="2024-11-20T12:49:58 IST" name="verifyPolicy" description="This test verifies that the link for Privacy Policy is opened in a separate tab" finished-at="2024-11-20T12:50:02 IST" duration-ms="3094" status="PASS">
          <reporter-output>
          </reporter-output>
        </test-method> <!-- verifyPolicy -->
        <test-method is-config="true" signature="tearDown()[pri:0, instance:com.zenken.freshers.user.CommonParts@27912e3]" started-at="2024-11-20T12:50:02 IST" name="tearDown" finished-at="2024-11-20T12:50:02 IST" duration-ms="284" status="PASS">
          <reporter-output>
          </reporter-output>
        </test-method> <!-- tearDown -->
        <test-method is-config="true" signature="setup(java.lang.reflect.Method)[pri:0, instance:com.zenken.freshers.user.CommonParts@27912e3]" started-at="2024-11-20T12:50:02 IST" name="setup" finished-at="2024-11-20T12:50:03 IST" duration-ms="966" status="PASS">
          <params>
            <param index="0">
              <value>
                <![CDATA[public void com.zenken.freshers.user.CommonParts.verifyPolicyPostLogIn()]]>
              </value>
            </param>
          </params>
          <reporter-output>
          </reporter-output>
        </test-method> <!-- setup -->
        <test-method is-config="true" signature="setUpTest()[pri:0, instance:com.zenken.freshers.user.CommonParts@27912e3]" started-at="2024-11-20T12:50:03 IST" name="setUpTest" finished-at="2024-11-20T12:50:19 IST" duration-ms="16165" status="PASS">
          <reporter-output>
          </reporter-output>
        </test-method> <!-- setUpTest -->
        <test-method signature="verifyPolicyPostLogIn()[pri:0, instance:com.zenken.freshers.user.CommonParts@27912e3]" started-at="2024-11-20T12:50:19 IST" name="verifyPolicyPostLogIn" description="This test verifies that the link for Privacy Policy is opened in a separate tab from the footer of profile preview page" finished-at="2024-11-20T12:50:39 IST" duration-ms="20320" status="PASS">
          <reporter-output>
          </reporter-output>
        </test-method> <!-- verifyPolicyPostLogIn -->
        <test-method is-config="true" signature="tearDown()[pri:0, instance:com.zenken.freshers.user.CommonParts@27912e3]" started-at="2024-11-20T12:50:39 IST" name="tearDown" finished-at="2024-11-20T12:50:40 IST" duration-ms="277" status="PASS">
          <reporter-output>
          </reporter-output>
        </test-method> <!-- tearDown -->
        <test-method is-config="true" signature="setup(java.lang.reflect.Method)[pri:0, instance:com.zenken.freshers.user.CommonParts@27912e3]" started-at="2024-11-20T12:50:40 IST" name="setup" finished-at="2024-11-20T12:50:40 IST" duration-ms="864" status="PASS">
          <params>
            <param index="0">
              <value>
                <![CDATA[public void com.zenken.freshers.user.CommonParts.verifyProfileClick()]]>
              </value>
            </param>
          </params>
          <reporter-output>
          </reporter-output>
        </test-method> <!-- setup -->
        <test-method is-config="true" signature="setUpTest()[pri:0, instance:com.zenken.freshers.user.CommonParts@27912e3]" started-at="2024-11-20T12:50:40 IST" name="setUpTest" finished-at="2024-11-20T12:50:48 IST" duration-ms="8079" status="PASS">
          <reporter-output>
          </reporter-output>
        </test-method> <!-- setUpTest -->
        <test-method signature="verifyProfileClick()[pri:0, instance:com.zenken.freshers.user.CommonParts@27912e3]" started-at="2024-11-20T12:50:48 IST" name="verifyProfileClick" description="This test verifies that user is redirected to profile preview page after clicking on &#039;Profile&#039;" finished-at="2024-11-20T12:51:15 IST" duration-ms="26065" status="PASS">
          <reporter-output>
          </reporter-output>
        </test-method> <!-- verifyProfileClick -->
        <test-method is-config="true" signature="tearDown()[pri:0, instance:com.zenken.freshers.user.CommonParts@27912e3]" started-at="2024-11-20T12:51:15 IST" name="tearDown" finished-at="2024-11-20T12:51:15 IST" duration-ms="333" status="PASS">
          <reporter-output>
          </reporter-output>
        </test-method> <!-- tearDown -->
        <test-method is-config="true" signature="setup(java.lang.reflect.Method)[pri:0, instance:com.zenken.freshers.user.CommonParts@27912e3]" started-at="2024-11-20T12:51:15 IST" name="setup" finished-at="2024-11-20T12:51:16 IST" duration-ms="863" status="PASS">
          <params>
            <param index="0">
              <value>
                <![CDATA[public void com.zenken.freshers.user.CommonParts.verifyTermsPDF()]]>
              </value>
            </param>
          </params>
          <reporter-output>
          </reporter-output>
        </test-method> <!-- setup -->
        <test-method is-config="true" signature="setUpTest()[pri:0, instance:com.zenken.freshers.user.CommonParts@27912e3]" started-at="2024-11-20T12:51:16 IST" name="setUpTest" finished-at="2024-11-20T12:51:23 IST" duration-ms="7248" status="PASS">
          <reporter-output>
          </reporter-output>
        </test-method> <!-- setUpTest -->
        <test-method signature="verifyTermsPDF()[pri:0, instance:com.zenken.freshers.user.CommonParts@27912e3]" started-at="2024-11-20T12:51:23 IST" name="verifyTermsPDF" description="This test verifies that Terms PDF is opened in a separate tab" finished-at="2024-11-20T12:51:23 IST" duration-ms="183" status="PASS">
          <reporter-output>
          </reporter-output>
        </test-method> <!-- verifyTermsPDF -->
        <test-method is-config="true" signature="tearDown()[pri:0, instance:com.zenken.freshers.user.CommonParts@27912e3]" started-at="2024-11-20T12:51:23 IST" name="tearDown" finished-at="2024-11-20T12:51:23 IST" duration-ms="196" status="PASS">
          <reporter-output>
          </reporter-output>
        </test-method> <!-- tearDown -->
        <test-method is-config="true" signature="setup(java.lang.reflect.Method)[pri:0, instance:com.zenken.freshers.user.CommonParts@27912e3]" started-at="2024-11-20T12:51:23 IST" name="setup" finished-at="2024-11-20T12:51:24 IST" duration-ms="791" status="PASS">
          <params>
            <param index="0">
              <value>
                <![CDATA[public void com.zenken.freshers.user.CommonParts.verifyTermsPDFPostLogIn()]]>
              </value>
            </param>
          </params>
          <reporter-output>
          </reporter-output>
        </test-method> <!-- setup -->
        <test-method is-config="true" signature="setUpTest()[pri:0, instance:com.zenken.freshers.user.CommonParts@27912e3]" started-at="2024-11-20T12:51:24 IST" name="setUpTest" finished-at="2024-11-20T12:51:32 IST" duration-ms="7937" status="PASS">
          <reporter-output>
          </reporter-output>
        </test-method> <!-- setUpTest -->
        <test-method signature="verifyTermsPDFPostLogIn()[pri:0, instance:com.zenken.freshers.user.CommonParts@27912e3]" started-at="2024-11-20T12:51:32 IST" name="verifyTermsPDFPostLogIn" description="This test verifies that Terms PDF is opened in a separate tab from the footer of profile preview page" finished-at="2024-11-20T12:51:48 IST" duration-ms="15673" status="PASS">
          <reporter-output>
          </reporter-output>
        </test-method> <!-- verifyTermsPDFPostLogIn -->
        <test-method is-config="true" signature="tearDown()[pri:0, instance:com.zenken.freshers.user.CommonParts@27912e3]" started-at="2024-11-20T12:51:48 IST" name="tearDown" finished-at="2024-11-20T12:51:48 IST" duration-ms="357" status="PASS">
          <reporter-output>
          </reporter-output>
        </test-method> <!-- tearDown -->
      </class> <!-- com.zenken.freshers.user.CommonParts -->
      <class name="com.zenken.freshers.user.JobPreferences">
        <test-method is-config="true" signature="setup(java.lang.reflect.Method)[pri:0, instance:com.zenken.freshers.user.JobPreferences@12299890]" started-at="2024-11-20T12:46:22 IST" name="setup" finished-at="2024-11-20T12:46:24 IST" duration-ms="2197" status="PASS">
          <params>
            <param index="0">
              <value>
                <![CDATA[public void com.zenken.freshers.user.JobPreferences.verifyCancelRedirection()]]>
              </value>
            </param>
          </params>
          <reporter-output>
          </reporter-output>
        </test-method> <!-- setup -->
        <test-method is-config="true" signature="testSetUp()[pri:0, instance:com.zenken.freshers.user.JobPreferences@12299890]" started-at="2024-11-20T12:46:24 IST" name="testSetUp" finished-at="2024-11-20T12:47:05 IST" duration-ms="41083" status="PASS">
          <reporter-output>
          </reporter-output>
        </test-method> <!-- testSetUp -->
        <test-method signature="verifyCancelRedirection()[pri:0, instance:com.zenken.freshers.user.JobPreferences@12299890]" started-at="2024-11-20T12:47:05 IST" name="verifyCancelRedirection" description="This test verifies that the user is redirected to preview page upon clicking on &#039;Cancel&#039; button on Job Preference edit page" finished-at="2024-11-20T12:47:15 IST" duration-ms="9644" status="PASS">
          <reporter-output>
          </reporter-output>
        </test-method> <!-- verifyCancelRedirection -->
        <test-method is-config="true" signature="tearDown()[pri:0, instance:com.zenken.freshers.user.JobPreferences@12299890]" started-at="2024-11-20T12:47:15 IST" name="tearDown" finished-at="2024-11-20T12:47:15 IST" duration-ms="224" status="PASS">
          <reporter-output>
          </reporter-output>
        </test-method> <!-- tearDown -->
        <test-method is-config="true" signature="setup(java.lang.reflect.Method)[pri:0, instance:com.zenken.freshers.user.JobPreferences@12299890]" started-at="2024-11-20T12:47:15 IST" name="setup" finished-at="2024-11-20T12:47:16 IST" duration-ms="885" status="PASS">
          <params>
            <param index="0">
              <value>
                <![CDATA[public void com.zenken.freshers.user.JobPreferences.verifyCharExceedFirstPref()]]>
              </value>
            </param>
          </params>
          <reporter-output>
          </reporter-output>
        </test-method> <!-- setup -->
        <test-method is-config="true" signature="testSetUp()[pri:0, instance:com.zenken.freshers.user.JobPreferences@12299890]" started-at="2024-11-20T12:47:16 IST" name="testSetUp" finished-at="2024-11-20T12:47:56 IST" duration-ms="40202" status="PASS">
          <reporter-output>
          </reporter-output>
        </test-method> <!-- testSetUp -->
        <test-method signature="verifyCharExceedFirstPref()[pri:0, instance:com.zenken.freshers.user.JobPreferences@12299890]" started-at="2024-11-20T12:47:56 IST" name="verifyCharExceedFirstPref" description="The test verifies that validation error for maximum characters occurs: First Preference" finished-at="2024-11-20T12:48:07 IST" duration-ms="10900" status="PASS">
          <reporter-output>
          </reporter-output>
        </test-method> <!-- verifyCharExceedFirstPref -->
        <test-method is-config="true" signature="tearDown()[pri:0, instance:com.zenken.freshers.user.JobPreferences@12299890]" started-at="2024-11-20T12:48:07 IST" name="tearDown" finished-at="2024-11-20T12:48:07 IST" duration-ms="262" status="PASS">
          <reporter-output>
          </reporter-output>
        </test-method> <!-- tearDown -->
        <test-method is-config="true" signature="setup(java.lang.reflect.Method)[pri:0, instance:com.zenken.freshers.user.JobPreferences@12299890]" started-at="2024-11-20T12:48:07 IST" name="setup" finished-at="2024-11-20T12:48:08 IST" duration-ms="749" status="PASS">
          <params>
            <param index="0">
              <value>
                <![CDATA[public void com.zenken.freshers.user.JobPreferences.verifyCharExceedSecondPref()]]>
              </value>
            </param>
          </params>
          <reporter-output>
          </reporter-output>
        </test-method> <!-- setup -->
        <test-method is-config="true" signature="testSetUp()[pri:0, instance:com.zenken.freshers.user.JobPreferences@12299890]" started-at="2024-11-20T12:48:08 IST" name="testSetUp" finished-at="2024-11-20T12:48:48 IST" duration-ms="40004" status="PASS">
          <reporter-output>
          </reporter-output>
        </test-method> <!-- testSetUp -->
        <test-method signature="verifyCharExceedSecondPref()[pri:0, instance:com.zenken.freshers.user.JobPreferences@12299890]" started-at="2024-11-20T12:48:48 IST" name="verifyCharExceedSecondPref" description="The test verifies that validation error for maximum characters occurs: Second Preference" finished-at="2024-11-20T12:48:57 IST" duration-ms="9019" status="PASS">
          <reporter-output>
          </reporter-output>
        </test-method> <!-- verifyCharExceedSecondPref -->
        <test-method is-config="true" signature="tearDown()[pri:0, instance:com.zenken.freshers.user.JobPreferences@12299890]" started-at="2024-11-20T12:48:57 IST" name="tearDown" finished-at="2024-11-20T12:48:57 IST" duration-ms="230" status="PASS">
          <reporter-output>
          </reporter-output>
        </test-method> <!-- tearDown -->
        <test-method is-config="true" signature="setup(java.lang.reflect.Method)[pri:0, instance:com.zenken.freshers.user.JobPreferences@12299890]" started-at="2024-11-20T12:48:57 IST" name="setup" finished-at="2024-11-20T12:48:58 IST" duration-ms="736" status="PASS">
          <params>
            <param index="0">
              <value>
                <![CDATA[public void com.zenken.freshers.user.JobPreferences.verifyCharExceedThirdPref()]]>
              </value>
            </param>
          </params>
          <reporter-output>
          </reporter-output>
        </test-method> <!-- setup -->
        <test-method is-config="true" signature="testSetUp()[pri:0, instance:com.zenken.freshers.user.JobPreferences@12299890]" started-at="2024-11-20T12:48:58 IST" name="testSetUp" finished-at="2024-11-20T12:49:43 IST" duration-ms="44864" status="PASS">
          <reporter-output>
          </reporter-output>
        </test-method> <!-- testSetUp -->
        <test-method signature="verifyCharExceedThirdPref()[pri:0, instance:com.zenken.freshers.user.JobPreferences@12299890]" started-at="2024-11-20T12:49:43 IST" name="verifyCharExceedThirdPref" description="The test verifies that validation error for maximum characters occurs: Third Preference" finished-at="2024-11-20T12:49:56 IST" duration-ms="13647" status="PASS">
          <reporter-output>
          </reporter-output>
        </test-method> <!-- verifyCharExceedThirdPref -->
        <test-method is-config="true" signature="tearDown()[pri:0, instance:com.zenken.freshers.user.JobPreferences@12299890]" started-at="2024-11-20T12:49:56 IST" name="tearDown" finished-at="2024-11-20T12:49:57 IST" duration-ms="435" status="PASS">
          <reporter-output>
          </reporter-output>
        </test-method> <!-- tearDown -->
        <test-method is-config="true" signature="setup(java.lang.reflect.Method)[pri:0, instance:com.zenken.freshers.user.JobPreferences@12299890]" started-at="2024-11-20T12:49:57 IST" name="setup" finished-at="2024-11-20T12:49:58 IST" duration-ms="1098" status="PASS">
          <params>
            <param index="0">
              <value>
                <![CDATA[public void com.zenken.freshers.user.JobPreferences.verifyFirstPreferenceStates()]]>
              </value>
            </param>
          </params>
          <reporter-output>
          </reporter-output>
        </test-method> <!-- setup -->
        <test-method is-config="true" signature="testSetUp()[pri:0, instance:com.zenken.freshers.user.JobPreferences@12299890]" started-at="2024-11-20T12:49:58 IST" name="testSetUp" finished-at="2024-11-20T12:50:32 IST" duration-ms="34201" status="PASS">
          <reporter-output>
          </reporter-output>
        </test-method> <!-- testSetUp -->
        <test-method signature="verifyFirstPreferenceStates()[pri:0, instance:com.zenken.freshers.user.JobPreferences@12299890]" started-at="2024-11-20T12:50:32 IST" name="verifyFirstPreferenceStates" description="This test verifies the activation and deactivation of First Preference text box based on the option selected from the dropdown" finished-at="2024-11-20T12:50:45 IST" duration-ms="13107" status="PASS">
          <reporter-output>
          </reporter-output>
        </test-method> <!-- verifyFirstPreferenceStates -->
        <test-method is-config="true" signature="tearDown()[pri:0, instance:com.zenken.freshers.user.JobPreferences@12299890]" started-at="2024-11-20T12:50:45 IST" name="tearDown" finished-at="2024-11-20T12:50:45 IST" duration-ms="238" status="PASS">
          <reporter-output>
          </reporter-output>
        </test-method> <!-- tearDown -->
        <test-method is-config="true" signature="setup(java.lang.reflect.Method)[pri:0, instance:com.zenken.freshers.user.JobPreferences@12299890]" started-at="2024-11-20T12:50:45 IST" name="setup" finished-at="2024-11-20T12:50:46 IST" duration-ms="903" status="PASS">
          <params>
            <param index="0">
              <value>
                <![CDATA[public void com.zenken.freshers.user.JobPreferences.verifyJobPreferenceUrl()]]>
              </value>
            </param>
          </params>
          <reporter-output>
          </reporter-output>
        </test-method> <!-- setup -->
        <test-method is-config="true" signature="testSetUp()[pri:0, instance:com.zenken.freshers.user.JobPreferences@12299890]" started-at="2024-11-20T12:50:46 IST" name="testSetUp" finished-at="2024-11-20T12:51:16 IST" duration-ms="29783" status="PASS">
          <reporter-output>
          </reporter-output>
        </test-method> <!-- testSetUp -->
        <test-method signature="verifyJobPreferenceUrl()[pri:0, instance:com.zenken.freshers.user.JobPreferences@12299890]" started-at="2024-11-20T12:51:16 IST" name="verifyJobPreferenceUrl" description="This test verifies that user is redirected to Job Preferences edit page" finished-at="2024-11-20T12:51:16 IST" duration-ms="63" status="PASS">
          <reporter-output>
          </reporter-output>
        </test-method> <!-- verifyJobPreferenceUrl -->
        <test-method is-config="true" signature="tearDown()[pri:0, instance:com.zenken.freshers.user.JobPreferences@12299890]" started-at="2024-11-20T12:51:16 IST" name="tearDown" finished-at="2024-11-20T12:51:17 IST" duration-ms="303" status="PASS">
          <reporter-output>
          </reporter-output>
        </test-method> <!-- tearDown -->
        <test-method is-config="true" signature="setup(java.lang.reflect.Method)[pri:0, instance:com.zenken.freshers.user.JobPreferences@12299890]" started-at="2024-11-20T12:51:17 IST" name="setup" finished-at="2024-11-20T12:51:17 IST" duration-ms="879" status="PASS">
          <params>
            <param index="0">
              <value>
                <![CDATA[public void com.zenken.freshers.user.JobPreferences.verifyPlaceholders()]]>
              </value>
            </param>
          </params>
          <reporter-output>
          </reporter-output>
        </test-method> <!-- setup -->
        <test-method is-config="true" signature="testSetUp()[pri:0, instance:com.zenken.freshers.user.JobPreferences@12299890]" started-at="2024-11-20T12:51:17 IST" name="testSetUp" finished-at="2024-11-20T12:51:46 IST" duration-ms="28771" status="PASS">
          <reporter-output>
          </reporter-output>
        </test-method> <!-- testSetUp -->
        <test-method signature="verifyPlaceholders()[pri:0, instance:com.zenken.freshers.user.JobPreferences@12299890]" started-at="2024-11-20T12:51:46 IST" name="verifyPlaceholders" description="This test verifies that the placeholders displayed are correct for all text boxes on Job Preferences edit page" finished-at="2024-11-20T12:51:46 IST" duration-ms="146" status="PASS">
          <reporter-output>
          </reporter-output>
        </test-method> <!-- verifyPlaceholders -->
        <test-method is-config="true" signature="tearDown()[pri:0, instance:com.zenken.freshers.user.JobPreferences@12299890]" started-at="2024-11-20T12:51:46 IST" name="tearDown" finished-at="2024-11-20T12:51:47 IST" duration-ms="226" status="PASS">
          <reporter-output>
          </reporter-output>
        </test-method> <!-- tearDown -->
        <test-method is-config="true" signature="setup(java.lang.reflect.Method)[pri:0, instance:com.zenken.freshers.user.JobPreferences@12299890]" started-at="2024-11-20T12:51:47 IST" name="setup" finished-at="2024-11-20T12:51:47 IST" duration-ms="895" status="PASS">
          <params>
            <param index="0">
              <value>
                <![CDATA[public void com.zenken.freshers.user.JobPreferences.verifyPreferencesOtherValue()]]>
              </value>
            </param>
          </params>
          <reporter-output>
          </reporter-output>
        </test-method> <!-- setup -->
        <test-method is-config="true" signature="testSetUp()[pri:0, instance:com.zenken.freshers.user.JobPreferences@12299890]" started-at="2024-11-20T12:51:47 IST" name="testSetUp" finished-at="2024-11-20T12:52:12 IST" duration-ms="24939" status="PASS">
          <reporter-output>
          </reporter-output>
        </test-method> <!-- testSetUp -->
        <test-method signature="verifyPreferencesOtherValue()[pri:0, instance:com.zenken.freshers.user.JobPreferences@12299890]" started-at="2024-11-20T12:52:12 IST" name="verifyPreferencesOtherValue" description="This test verifies that &#039;Other&#039; values entered are displayed accordingly on preview page" finished-at="2024-11-20T12:52:20 IST" duration-ms="7388" status="PASS">
          <reporter-output>
          </reporter-output>
        </test-method> <!-- verifyPreferencesOtherValue -->
        <test-method is-config="true" signature="tearDown()[pri:0, instance:com.zenken.freshers.user.JobPreferences@12299890]" started-at="2024-11-20T12:52:20 IST" name="tearDown" finished-at="2024-11-20T12:52:20 IST" duration-ms="299" status="PASS">
          <reporter-output>
          </reporter-output>
        </test-method> <!-- tearDown -->
        <test-method is-config="true" signature="setup(java.lang.reflect.Method)[pri:0, instance:com.zenken.freshers.user.JobPreferences@12299890]" started-at="2024-11-20T12:52:20 IST" name="setup" finished-at="2024-11-20T12:52:21 IST" duration-ms="886" status="PASS">
          <params>
            <param index="0">
              <value>
                <![CDATA[public void com.zenken.freshers.user.JobPreferences.verifyPreferencesValues()]]>
              </value>
            </param>
          </params>
          <reporter-output>
          </reporter-output>
        </test-method> <!-- setup -->
        <test-method is-config="true" signature="testSetUp()[pri:0, instance:com.zenken.freshers.user.JobPreferences@12299890]" started-at="2024-11-20T12:52:21 IST" name="testSetUp" finished-at="2024-11-20T12:52:46 IST" duration-ms="24905" status="PASS">
          <reporter-output>
          </reporter-output>
        </test-method> <!-- testSetUp -->
        <test-method signature="verifyPreferencesValues()[pri:0, instance:com.zenken.freshers.user.JobPreferences@12299890]" started-at="2024-11-20T12:52:46 IST" name="verifyPreferencesValues" description="This test verifies that jon preferences can be saved and their values are displayed accordingly on preview page" finished-at="2024-11-20T12:52:56 IST" duration-ms="10024" status="PASS">
          <reporter-output>
          </reporter-output>
        </test-method> <!-- verifyPreferencesValues -->
        <test-method is-config="true" signature="tearDown()[pri:0, instance:com.zenken.freshers.user.JobPreferences@12299890]" started-at="2024-11-20T12:52:56 IST" name="tearDown" finished-at="2024-11-20T12:52:56 IST" duration-ms="257" status="PASS">
          <reporter-output>
          </reporter-output>
        </test-method> <!-- tearDown -->
        <test-method is-config="true" signature="setup(java.lang.reflect.Method)[pri:0, instance:com.zenken.freshers.user.JobPreferences@12299890]" started-at="2024-11-20T12:52:56 IST" name="setup" finished-at="2024-11-20T12:52:57 IST" duration-ms="830" status="PASS">
          <params>
            <param index="0">
              <value>
                <![CDATA[public void com.zenken.freshers.user.JobPreferences.verifyRequiredToApplyTexts()]]>
              </value>
            </param>
          </params>
          <reporter-output>
          </reporter-output>
        </test-method> <!-- setup -->
        <test-method is-config="true" signature="testSetUp()[pri:0, instance:com.zenken.freshers.user.JobPreferences@12299890]" started-at="2024-11-20T12:52:57 IST" name="testSetUp" finished-at="2024-11-20T12:53:22 IST" duration-ms="24680" status="PASS">
          <reporter-output>
          </reporter-output>
        </test-method> <!-- testSetUp -->
        <test-method signature="verifyRequiredToApplyTexts()[pri:0, instance:com.zenken.freshers.user.JobPreferences@12299890]" started-at="2024-11-20T12:53:22 IST" name="verifyRequiredToApplyTexts" description="This test verifies that &#039;Required to apply&#039; text is displayed" finished-at="2024-11-20T12:53:36 IST" duration-ms="14055" status="PASS">
          <reporter-output>
          </reporter-output>
        </test-method> <!-- verifyRequiredToApplyTexts -->
        <test-method is-config="true" signature="tearDown()[pri:0, instance:com.zenken.freshers.user.JobPreferences@12299890]" started-at="2024-11-20T12:53:36 IST" name="tearDown" finished-at="2024-11-20T12:53:36 IST" duration-ms="458" status="PASS">
          <reporter-output>
          </reporter-output>
        </test-method> <!-- tearDown -->
        <test-method is-config="true" signature="setup(java.lang.reflect.Method)[pri:0, instance:com.zenken.freshers.user.JobPreferences@12299890]" started-at="2024-11-20T12:53:36 IST" name="setup" finished-at="2024-11-20T12:53:37 IST" duration-ms="1044" status="PASS">
          <params>
            <param index="0">
              <value>
                <![CDATA[public void com.zenken.freshers.user.JobPreferences.verifySecondPreferenceStates()]]>
              </value>
            </param>
          </params>
          <reporter-output>
          </reporter-output>
        </test-method> <!-- setup -->
        <test-method is-config="true" signature="testSetUp()[pri:0, instance:com.zenken.freshers.user.JobPreferences@12299890]" started-at="2024-11-20T12:53:37 IST" name="testSetUp" finished-at="2024-11-20T12:53:52 IST" duration-ms="15083" status="PASS">
          <reporter-output>
          </reporter-output>
        </test-method> <!-- testSetUp -->
        <test-method signature="verifySecondPreferenceStates()[pri:0, instance:com.zenken.freshers.user.JobPreferences@12299890]" started-at="2024-11-20T12:53:52 IST" name="verifySecondPreferenceStates" description="This test verifies the activation and deactivation of Second Preference text box based on the option selected from the dropdown" finished-at="2024-11-20T12:54:02 IST" duration-ms="9481" status="PASS">
          <reporter-output>
          </reporter-output>
        </test-method> <!-- verifySecondPreferenceStates -->
        <test-method is-config="true" signature="tearDown()[pri:0, instance:com.zenken.freshers.user.JobPreferences@12299890]" started-at="2024-11-20T12:54:02 IST" name="tearDown" finished-at="2024-11-20T12:54:02 IST" duration-ms="291" status="PASS">
          <reporter-output>
          </reporter-output>
        </test-method> <!-- tearDown -->
        <test-method is-config="true" signature="setup(java.lang.reflect.Method)[pri:0, instance:com.zenken.freshers.user.JobPreferences@12299890]" started-at="2024-11-20T12:54:02 IST" name="setup" finished-at="2024-11-20T12:54:03 IST" duration-ms="895" status="PASS">
          <params>
            <param index="0">
              <value>
                <![CDATA[public void com.zenken.freshers.user.JobPreferences.verifyThirdPreferenceStates()]]>
              </value>
            </param>
          </params>
          <reporter-output>
          </reporter-output>
        </test-method> <!-- setup -->
        <test-method is-config="true" signature="testSetUp()[pri:0, instance:com.zenken.freshers.user.JobPreferences@12299890]" started-at="2024-11-20T12:54:03 IST" name="testSetUp" finished-at="2024-11-20T12:54:17 IST" duration-ms="14359" status="PASS">
          <reporter-output>
          </reporter-output>
        </test-method> <!-- testSetUp -->
        <test-method signature="verifyThirdPreferenceStates()[pri:0, instance:com.zenken.freshers.user.JobPreferences@12299890]" started-at="2024-11-20T12:54:17 IST" name="verifyThirdPreferenceStates" description="This test verifies the activation and deactivation of Third Preference text box based on the option selected from the dropdown" finished-at="2024-11-20T12:54:25 IST" duration-ms="8104" status="PASS">
          <reporter-output>
          </reporter-output>
        </test-method> <!-- verifyThirdPreferenceStates -->
        <test-method is-config="true" signature="tearDown()[pri:0, instance:com.zenken.freshers.user.JobPreferences@12299890]" started-at="2024-11-20T12:54:25 IST" name="tearDown" finished-at="2024-11-20T12:54:26 IST" duration-ms="246" status="PASS">
          <reporter-output>
          </reporter-output>
        </test-method> <!-- tearDown -->
      </class> <!-- com.zenken.freshers.user.JobPreferences -->
      <class name="com.zenken.freshers.user.FieldOfStudy">
        <test-method is-config="true" signature="setup(java.lang.reflect.Method)[pri:0, instance:com.zenken.freshers.user.FieldOfStudy@2fba3fc4]" started-at="2024-11-20T12:46:22 IST" name="setup" finished-at="2024-11-20T12:46:24 IST" duration-ms="2174" status="PASS">
          <params>
            <param index="0">
              <value>
                <![CDATA[public void com.zenken.freshers.user.FieldOfStudy.verifyCancelRedirection()]]>
              </value>
            </param>
          </params>
          <reporter-output>
          </reporter-output>
        </test-method> <!-- setup -->
        <test-method is-config="true" signature="setUpTest()[pri:0, instance:com.zenken.freshers.user.FieldOfStudy@2fba3fc4]" started-at="2024-11-20T12:46:24 IST" name="setUpTest" finished-at="2024-11-20T12:46:58 IST" duration-ms="34504" status="PASS">
          <reporter-output>
          </reporter-output>
        </test-method> <!-- setUpTest -->
        <test-method signature="verifyCancelRedirection()[pri:0, instance:com.zenken.freshers.user.FieldOfStudy@2fba3fc4]" started-at="2024-11-20T12:46:58 IST" name="verifyCancelRedirection" description="This test verifies that the user is redirected to preview page upon clicking on &#039;Cancel&#039; button on Field of Study edit page" finished-at="2024-11-20T12:47:06 IST" duration-ms="8132" status="PASS">
          <reporter-output>
          </reporter-output>
        </test-method> <!-- verifyCancelRedirection -->
        <test-method is-config="true" signature="tearDown()[pri:0, instance:com.zenken.freshers.user.FieldOfStudy@2fba3fc4]" started-at="2024-11-20T12:47:06 IST" name="tearDown" finished-at="2024-11-20T12:47:07 IST" duration-ms="229" status="PASS">
          <reporter-output>
          </reporter-output>
        </test-method> <!-- tearDown -->
        <test-method is-config="true" signature="setup(java.lang.reflect.Method)[pri:0, instance:com.zenken.freshers.user.FieldOfStudy@2fba3fc4]" started-at="2024-11-20T12:47:07 IST" name="setup" finished-at="2024-11-20T12:47:07 IST" duration-ms="737" status="PASS">
          <params>
            <param index="0">
              <value>
                <![CDATA[public void com.zenken.freshers.user.FieldOfStudy.verifyCoreOptions()]]>
              </value>
            </param>
          </params>
          <reporter-output>
          </reporter-output>
        </test-method> <!-- setup -->
        <test-method is-config="true" signature="setUpTest()[pri:0, instance:com.zenken.freshers.user.FieldOfStudy@2fba3fc4]" started-at="2024-11-20T12:47:07 IST" name="setUpTest" finished-at="2024-11-20T12:47:45 IST" duration-ms="37104" status="PASS">
          <reporter-output>
          </reporter-output>
        </test-method> <!-- setUpTest -->
        <test-method signature="verifyCoreOptions()[pri:0, instance:com.zenken.freshers.user.FieldOfStudy@2fba3fc4]" started-at="2024-11-20T12:47:45 IST" name="verifyCoreOptions" description="This test verifies that expected options are displayed for &#039;Core&#039; field" finished-at="2024-11-20T12:47:45 IST" duration-ms="382" status="PASS">
          <reporter-output>
          </reporter-output>
        </test-method> <!-- verifyCoreOptions -->
        <test-method is-config="true" signature="tearDown()[pri:0, instance:com.zenken.freshers.user.FieldOfStudy@2fba3fc4]" started-at="2024-11-20T12:47:45 IST" name="tearDown" finished-at="2024-11-20T12:47:45 IST" duration-ms="257" status="PASS">
          <reporter-output>
          </reporter-output>
        </test-method> <!-- tearDown -->
        <test-method is-config="true" signature="setup(java.lang.reflect.Method)[pri:0, instance:com.zenken.freshers.user.FieldOfStudy@2fba3fc4]" started-at="2024-11-20T12:47:45 IST" name="setup" finished-at="2024-11-20T12:47:46 IST" duration-ms="781" status="PASS">
          <params>
            <param index="0">
              <value>
                <![CDATA[public void com.zenken.freshers.user.FieldOfStudy.verifyCoreOtherCharExceedError()]]>
              </value>
            </param>
          </params>
          <reporter-output>
          </reporter-output>
        </test-method> <!-- setup -->
        <test-method is-config="true" signature="setUpTest()[pri:0, instance:com.zenken.freshers.user.FieldOfStudy@2fba3fc4]" started-at="2024-11-20T12:47:46 IST" name="setUpTest" finished-at="2024-11-20T12:48:25 IST" duration-ms="38669" status="PASS">
          <reporter-output>
          </reporter-output>
        </test-method> <!-- setUpTest -->
        <test-method signature="verifyCoreOtherCharExceedError()[pri:0, instance:com.zenken.freshers.user.FieldOfStudy@2fba3fc4]" started-at="2024-11-20T12:48:25 IST" name="verifyCoreOtherCharExceedError" description="The test verifies that validation error for maximum characters occurs: Other (core field)" finished-at="2024-11-20T12:48:35 IST" duration-ms="10138" status="PASS">
          <reporter-output>
          </reporter-output>
        </test-method> <!-- verifyCoreOtherCharExceedError -->
        <test-method is-config="true" signature="tearDown()[pri:0, instance:com.zenken.freshers.user.FieldOfStudy@2fba3fc4]" started-at="2024-11-20T12:48:35 IST" name="tearDown" finished-at="2024-11-20T12:48:35 IST" duration-ms="197" status="PASS">
          <reporter-output>
          </reporter-output>
        </test-method> <!-- tearDown -->
        <test-method is-config="true" signature="setup(java.lang.reflect.Method)[pri:0, instance:com.zenken.freshers.user.FieldOfStudy@2fba3fc4]" started-at="2024-11-20T12:48:35 IST" name="setup" finished-at="2024-11-20T12:48:36 IST" duration-ms="961" status="PASS">
          <params>
            <param index="0">
              <value>
                <![CDATA[public void com.zenken.freshers.user.FieldOfStudy.verifyCoreOtherField()]]>
              </value>
            </param>
          </params>
          <reporter-output>
          </reporter-output>
        </test-method> <!-- setup -->
        <test-method is-config="true" signature="setUpTest()[pri:0, instance:com.zenken.freshers.user.FieldOfStudy@2fba3fc4]" started-at="2024-11-20T12:48:36 IST" name="setUpTest" finished-at="2024-11-20T12:49:14 IST" duration-ms="38535" status="PASS">
          <reporter-output>
          </reporter-output>
        </test-method> <!-- setUpTest -->
        <test-method signature="verifyCoreOtherField()[pri:0, instance:com.zenken.freshers.user.FieldOfStudy@2fba3fc4]" started-at="2024-11-20T12:49:14 IST" name="verifyCoreOtherField" description="This test verifies that a core other option can be saved and is displayed accordingly on preview page" finished-at="2024-11-20T12:49:30 IST" duration-ms="15111" status="PASS">
          <reporter-output>
          </reporter-output>
        </test-method> <!-- verifyCoreOtherField -->
        <test-method is-config="true" signature="tearDown()[pri:0, instance:com.zenken.freshers.user.FieldOfStudy@2fba3fc4]" started-at="2024-11-20T12:49:30 IST" name="tearDown" finished-at="2024-11-20T12:49:30 IST" duration-ms="329" status="PASS">
          <reporter-output>
          </reporter-output>
        </test-method> <!-- tearDown -->
        <test-method is-config="true" signature="setup(java.lang.reflect.Method)[pri:0, instance:com.zenken.freshers.user.FieldOfStudy@2fba3fc4]" started-at="2024-11-20T12:49:30 IST" name="setup" finished-at="2024-11-20T12:49:31 IST" duration-ms="798" status="PASS">
          <params>
            <param index="0">
              <value>
                <![CDATA[public void com.zenken.freshers.user.FieldOfStudy.verifyCoreOtherFieldRequired()]]>
              </value>
            </param>
          </params>
          <reporter-output>
          </reporter-output>
        </test-method> <!-- setup -->
        <test-method is-config="true" signature="setUpTest()[pri:0, instance:com.zenken.freshers.user.FieldOfStudy@2fba3fc4]" started-at="2024-11-20T12:49:31 IST" name="setUpTest" finished-at="2024-11-20T12:50:05 IST" duration-ms="34576" status="PASS">
          <reporter-output>
          </reporter-output>
        </test-method> <!-- setUpTest -->
        <test-method signature="verifyCoreOtherFieldRequired()[pri:0, instance:com.zenken.freshers.user.FieldOfStudy@2fba3fc4]" started-at="2024-11-20T12:50:05 IST" name="verifyCoreOtherFieldRequired" description="This test verifies that validation error occurs when &#039;Other (core field)&#039; is blank" finished-at="2024-11-20T12:50:15 IST" duration-ms="9824" status="PASS">
          <reporter-output>
          </reporter-output>
        </test-method> <!-- verifyCoreOtherFieldRequired -->
        <test-method is-config="true" signature="tearDown()[pri:0, instance:com.zenken.freshers.user.FieldOfStudy@2fba3fc4]" started-at="2024-11-20T12:50:15 IST" name="tearDown" finished-at="2024-11-20T12:50:15 IST" duration-ms="290" status="PASS">
          <reporter-output>
          </reporter-output>
        </test-method> <!-- tearDown -->
        <test-method is-config="true" signature="setup(java.lang.reflect.Method)[pri:0, instance:com.zenken.freshers.user.FieldOfStudy@2fba3fc4]" started-at="2024-11-20T12:50:15 IST" name="setup" finished-at="2024-11-20T12:50:16 IST" duration-ms="798" status="PASS">
          <params>
            <param index="0">
              <value>
                <![CDATA[public void com.zenken.freshers.user.FieldOfStudy.verifyCoreOtherPlaceholder()]]>
              </value>
            </param>
          </params>
          <reporter-output>
          </reporter-output>
        </test-method> <!-- setup -->
        <test-method is-config="true" signature="setUpTest()[pri:0, instance:com.zenken.freshers.user.FieldOfStudy@2fba3fc4]" started-at="2024-11-20T12:50:16 IST" name="setUpTest" finished-at="2024-11-20T12:50:38 IST" duration-ms="22045" status="PASS">
          <reporter-output>
          </reporter-output>
        </test-method> <!-- setUpTest -->
        <test-method signature="verifyCoreOtherPlaceholder()[pri:0, instance:com.zenken.freshers.user.FieldOfStudy@2fba3fc4]" started-at="2024-11-20T12:50:38 IST" name="verifyCoreOtherPlaceholder" description="This test verifies that placeholder for &#039;Other (core field)&#039; text box is correct" finished-at="2024-11-20T12:50:39 IST" duration-ms="412" status="PASS">
          <reporter-output>
          </reporter-output>
        </test-method> <!-- verifyCoreOtherPlaceholder -->
        <test-method is-config="true" signature="tearDown()[pri:0, instance:com.zenken.freshers.user.FieldOfStudy@2fba3fc4]" started-at="2024-11-20T12:50:39 IST" name="tearDown" finished-at="2024-11-20T12:50:39 IST" duration-ms="380" status="PASS">
          <reporter-output>
          </reporter-output>
        </test-method> <!-- tearDown -->
        <test-method is-config="true" signature="setup(java.lang.reflect.Method)[pri:0, instance:com.zenken.freshers.user.FieldOfStudy@2fba3fc4]" started-at="2024-11-20T12:50:39 IST" name="setup" finished-at="2024-11-20T12:50:40 IST" duration-ms="933" status="PASS">
          <params>
            <param index="0">
              <value>
                <![CDATA[public void com.zenken.freshers.user.FieldOfStudy.verifyCoreOtherTextBoxStates()]]>
              </value>
            </param>
          </params>
          <reporter-output>
          </reporter-output>
        </test-method> <!-- setup -->
        <test-method is-config="true" signature="setUpTest()[pri:0, instance:com.zenken.freshers.user.FieldOfStudy@2fba3fc4]" started-at="2024-11-20T12:50:40 IST" name="setUpTest" finished-at="2024-11-20T12:51:11 IST" duration-ms="30801" status="PASS">
          <reporter-output>
          </reporter-output>
        </test-method> <!-- setUpTest -->
        <test-method signature="verifyCoreOtherTextBoxStates()[pri:0, instance:com.zenken.freshers.user.FieldOfStudy@2fba3fc4]" started-at="2024-11-20T12:51:11 IST" name="verifyCoreOtherTextBoxStates" description="This test verifies that the text box for &#039;Other (core field)&#039; turns active/inactive based on the options selected" finished-at="2024-11-20T12:51:12 IST" duration-ms="823" status="PASS">
          <reporter-output>
          </reporter-output>
        </test-method> <!-- verifyCoreOtherTextBoxStates -->
        <test-method is-config="true" signature="tearDown()[pri:0, instance:com.zenken.freshers.user.FieldOfStudy@2fba3fc4]" started-at="2024-11-20T12:51:12 IST" name="tearDown" finished-at="2024-11-20T12:51:12 IST" duration-ms="317" status="PASS">
          <reporter-output>
          </reporter-output>
        </test-method> <!-- tearDown -->
        <test-method is-config="true" signature="setup(java.lang.reflect.Method)[pri:0, instance:com.zenken.freshers.user.FieldOfStudy@2fba3fc4]" started-at="2024-11-20T12:51:12 IST" name="setup" finished-at="2024-11-20T12:51:14 IST" duration-ms="2025" status="PASS">
          <params>
            <param index="0">
              <value>
                <![CDATA[public void com.zenken.freshers.user.FieldOfStudy.verifyFieldOfStudyUrl()]]>
              </value>
            </param>
          </params>
          <reporter-output>
          </reporter-output>
        </test-method> <!-- setup -->
        <test-method is-config="true" signature="setUpTest()[pri:0, instance:com.zenken.freshers.user.FieldOfStudy@2fba3fc4]" started-at="2024-11-20T12:51:14 IST" name="setUpTest" finished-at="2024-11-20T12:51:44 IST" duration-ms="30041" status="PASS">
          <reporter-output>
          </reporter-output>
        </test-method> <!-- setUpTest -->
        <test-method signature="verifyFieldOfStudyUrl()[pri:0, instance:com.zenken.freshers.user.FieldOfStudy@2fba3fc4]" started-at="2024-11-20T12:51:44 IST" name="verifyFieldOfStudyUrl" description="This test verifies that user is redirected to Field of Study edit page" finished-at="2024-11-20T12:51:44 IST" duration-ms="58" status="PASS">
          <reporter-output>
          </reporter-output>
        </test-method> <!-- verifyFieldOfStudyUrl -->
        <test-method is-config="true" signature="tearDown()[pri:0, instance:com.zenken.freshers.user.FieldOfStudy@2fba3fc4]" started-at="2024-11-20T12:51:44 IST" name="tearDown" finished-at="2024-11-20T12:51:44 IST" duration-ms="417" status="PASS">
          <reporter-output>
          </reporter-output>
        </test-method> <!-- tearDown -->
        <test-method is-config="true" signature="setup(java.lang.reflect.Method)[pri:0, instance:com.zenken.freshers.user.FieldOfStudy@2fba3fc4]" started-at="2024-11-20T12:51:44 IST" name="setup" finished-at="2024-11-20T12:51:45 IST" duration-ms="941" status="PASS">
          <params>
            <param index="0">
              <value>
                <![CDATA[public void com.zenken.freshers.user.FieldOfStudy.verifyITOptionSelection() throws java.lang.InterruptedException]]>
              </value>
            </param>
          </params>
          <reporter-output>
          </reporter-output>
        </test-method> <!-- setup -->
        <test-method is-config="true" signature="setUpTest()[pri:0, instance:com.zenken.freshers.user.FieldOfStudy@2fba3fc4]" started-at="2024-11-20T12:51:45 IST" name="setUpTest" finished-at="2024-11-20T12:52:07 IST" duration-ms="21852" status="PASS">
          <reporter-output>
          </reporter-output>
        </test-method> <!-- setUpTest -->
        <test-method signature="verifyITOptionSelection()[pri:0, instance:com.zenken.freshers.user.FieldOfStudy@2fba3fc4]" started-at="2024-11-20T12:52:07 IST" name="verifyITOptionSelection" description="This test verifies that an IT option can be saved and is displayed accordingly on preview page" finished-at="2024-11-20T12:52:15 IST" duration-ms="8118" status="PASS">
          <reporter-output>
          </reporter-output>
        </test-method> <!-- verifyITOptionSelection -->
        <test-method is-config="true" signature="tearDown()[pri:0, instance:com.zenken.freshers.user.FieldOfStudy@2fba3fc4]" started-at="2024-11-20T12:52:15 IST" name="tearDown" finished-at="2024-11-20T12:52:16 IST" duration-ms="277" status="PASS">
          <reporter-output>
          </reporter-output>
        </test-method> <!-- tearDown -->
        <test-method is-config="true" signature="setup(java.lang.reflect.Method)[pri:0, instance:com.zenken.freshers.user.FieldOfStudy@2fba3fc4]" started-at="2024-11-20T12:52:16 IST" name="setup" finished-at="2024-11-20T12:52:17 IST" duration-ms="882" status="PASS">
          <params>
            <param index="0">
              <value>
                <![CDATA[public void com.zenken.freshers.user.FieldOfStudy.verifyITOptions()]]>
              </value>
            </param>
          </params>
          <reporter-output>
          </reporter-output>
        </test-method> <!-- setup -->
        <test-method is-config="true" signature="setUpTest()[pri:0, instance:com.zenken.freshers.user.FieldOfStudy@2fba3fc4]" started-at="2024-11-20T12:52:17 IST" name="setUpTest" finished-at="2024-11-20T12:52:46 IST" duration-ms="29403" status="PASS">
          <reporter-output>
          </reporter-output>
        </test-method> <!-- setUpTest -->
        <test-method signature="verifyITOptions()[pri:0, instance:com.zenken.freshers.user.FieldOfStudy@2fba3fc4]" started-at="2024-11-20T12:52:46 IST" name="verifyITOptions" description="This test verifies that expected options are displayed for &#039;IT&#039; field" finished-at="2024-11-20T12:52:46 IST" duration-ms="331" status="PASS">
          <reporter-output>
          </reporter-output>
        </test-method> <!-- verifyITOptions -->
[...]
          <reporter-output>
          </reporter-output>
        </test-method> <!-- tearDown -->
        <test-method is-config="true" signature="setup(java.lang.reflect.Method)[pri:0, instance:com.zenken.freshers.user.FieldOfStudy@2fba3fc4]" started-at="2024-11-20T12:53:57 IST" name="setup" finished-at="2024-11-20T12:53:58 IST" duration-ms="843" status="PASS">
          <params>
            <param index="0">
              <value>
                <![CDATA[public void com.zenken.freshers.user.FieldOfStudy.verifyITOtherTextBoxStates()]]>
              </value>
            </param>
          </params>
          <reporter-output>
          </reporter-output>
        </test-method> <!-- setup -->
        <test-method is-config="true" signature="setUpTest()[pri:0, instance:com.zenken.freshers.user.FieldOfStudy@2fba3fc4]" started-at="2024-11-20T12:53:58 IST" name="setUpTest" finished-at="2024-11-20T12:54:08 IST" duration-ms="9820" status="PASS">
          <reporter-output>
          </reporter-output>
        </test-method> <!-- setUpTest -->
        <test-method signature="verifyITOtherTextBoxStates()[pri:0, instance:com.zenken.freshers.user.FieldOfStudy@2fba3fc4]" started-at="2024-11-20T12:54:08 IST" name="verifyITOtherTextBoxStates" description="This test verifies that the text box for &#039;Other (IT field)&#039; turns active/inactive based on the options selected" finished-at="2024-11-20T12:54:09 IST" duration-ms="1115" status="PASS">
          <reporter-output>
          </reporter-output>
        </test-method> <!-- verifyITOtherTextBoxStates -->
        <test-method is-config="true" signature="tearDown()[pri:0, instance:com.zenken.freshers.user.FieldOfStudy@2fba3fc4]" started-at="2024-11-20T12:54:09 IST" name="tearDown" finished-at="2024-11-20T12:54:09 IST" duration-ms="230" status="PASS">
          <reporter-output>
          </reporter-output>
        </test-method> <!-- tearDown -->
        <test-method is-config="true" signature="setup(java.lang.reflect.Method)[pri:0, instance:com.zenken.freshers.user.FieldOfStudy@2fba3fc4]" started-at="2024-11-20T12:54:09 IST" name="setup" finished-at="2024-11-20T12:54:10 IST" duration-ms="755" status="PASS">
          <params>
            <param index="0">
              <value>
                <![CDATA[public void com.zenken.freshers.user.FieldOfStudy.verifyResearchRequired()]]>
              </value>
            </param>
          </params>
          <reporter-output>
          </reporter-output>
        </test-method> <!-- setup -->
        <test-method is-config="true" signature="setUpTest()[pri:0, instance:com.zenken.freshers.user.FieldOfStudy@2fba3fc4]" started-at="2024-11-20T12:54:10 IST" name="setUpTest" finished-at="2024-11-20T12:54:21 IST" duration-ms="10923" status="PASS">
          <reporter-output>
          </reporter-output>
        </test-method> <!-- setUpTest -->
        <test-method signature="verifyResearchRequired()[pri:0, instance:com.zenken.freshers.user.FieldOfStudy@2fba3fc4]" started-at="2024-11-20T12:54:21 IST" name="verifyResearchRequired" description="This test verifies that validation error occurs when area of research is not selected" finished-at="2024-11-20T12:54:24 IST" duration-ms="2843" status="PASS">
          <reporter-output>
          </reporter-output>
        </test-method> <!-- verifyResearchRequired -->
        <test-method is-config="true" signature="tearDown()[pri:0, instance:com.zenken.freshers.user.FieldOfStudy@2fba3fc4]" started-at="2024-11-20T12:54:24 IST" name="tearDown" finished-at="2024-11-20T12:54:24 IST" duration-ms="241" status="PASS">
          <reporter-output>
          </reporter-output>
        </test-method> <!-- tearDown -->
        <test-method is-config="true" signature="setup(java.lang.reflect.Method)[pri:0, instance:com.zenken.freshers.user.FieldOfStudy@2fba3fc4]" started-at="2024-11-20T12:54:24 IST" name="setup" finished-at="2024-11-20T12:54:25 IST" duration-ms="812" status="PASS">
          <params>
            <param index="0">
              <value>
                <![CDATA[public void com.zenken.freshers.user.FieldOfStudy.verifyITOtherField()]]>
              </value>
            </param>
          </params>
          <reporter-output>
          </reporter-output>
        </test-method> <!-- setup -->
        <test-method is-config="true" signature="setUpTest()[pri:0, instance:com.zenken.freshers.user.FieldOfStudy@2fba3fc4]" started-at="2024-11-20T12:54:25 IST" name="setUpTest" finished-at="2024-11-20T12:54:33 IST" duration-ms="8330" status="PASS">
          <reporter-output>
          </reporter-output>
        </test-method> <!-- setUpTest -->
        <test-method signature="verifyITOtherField()[pri:1, instance:com.zenken.freshers.user.FieldOfStudy@2fba3fc4]" started-at="2024-11-20T12:54:33 IST" name="verifyITOtherField" description="This test verifies that an IT other option can be saved and is displayed accordingly on preview page" finished-at="2024-11-20T12:54:37 IST" duration-ms="3571" status="PASS">
          <reporter-output>
          </reporter-output>
        </test-method> <!-- verifyITOtherField -->
        <test-method is-config="true" signature="tearDown()[pri:0, instance:com.zenken.freshers.user.FieldOfStudy@2fba3fc4]" started-at="2024-11-20T12:54:37 IST" name="tearDown" finished-at="2024-11-20T12:54:37 IST" duration-ms="251" status="PASS">
          <reporter-output>
          </reporter-output>
        </test-method> <!-- tearDown -->
        <test-method is-config="true" signature="setup(java.lang.reflect.Method)[pri:0, instance:com.zenken.freshers.user.FieldOfStudy@2fba3fc4]" started-at="2024-11-20T12:54:37 IST" name="setup" finished-at="2024-11-20T12:54:38 IST" duration-ms="783" status="PASS">
          <params>
            <param index="0">
              <value>
                <![CDATA[public void com.zenken.freshers.user.FieldOfStudy.verifyCoreFieldRequired()]]>
              </value>
            </param>
          </params>
          <reporter-output>
          </reporter-output>
        </test-method> <!-- setup -->
        <test-method is-config="true" signature="setUpTest()[pri:0, instance:com.zenken.freshers.user.FieldOfStudy@2fba3fc4]" started-at="2024-11-20T12:54:38 IST" name="setUpTest" finished-at="2024-11-20T12:54:48 IST" duration-ms="10030" status="PASS">
          <reporter-output>
          </reporter-output>
        </test-method> <!-- setUpTest -->
        <test-method signature="verifyCoreFieldRequired()[pri:2, instance:com.zenken.freshers.user.FieldOfStudy@2fba3fc4]" started-at="2024-11-20T12:54:48 IST" name="verifyCoreFieldRequired" description="This test verifies that validation error occurs when core area of study is not selected" finished-at="2024-11-20T12:54:49 IST" duration-ms="1702" status="PASS">
          <reporter-output>
          </reporter-output>
        </test-method> <!-- verifyCoreFieldRequired -->
        <test-method is-config="true" signature="tearDown()[pri:0, instance:com.zenken.freshers.user.FieldOfStudy@2fba3fc4]" started-at="2024-11-20T12:54:49 IST" name="tearDown" finished-at="2024-11-20T12:54:49 IST" duration-ms="197" status="PASS">
          <reporter-output>
          </reporter-output>
        </test-method> <!-- tearDown -->
        <test-method is-config="true" signature="setup(java.lang.reflect.Method)[pri:0, instance:com.zenken.freshers.user.FieldOfStudy@2fba3fc4]" started-at="2024-11-20T12:54:49 IST" name="setup" finished-at="2024-11-20T12:54:50 IST" duration-ms="830" status="PASS">
          <params>
            <param index="0">
              <value>
                <![CDATA[public void com.zenken.freshers.user.FieldOfStudy.verifyCoreOptionSelection() throws java.io.IOException]]>
              </value>
            </param>
          </params>
          <reporter-output>
          </reporter-output>
        </test-method> <!-- setup -->
        <test-method is-config="true" signature="setUpTest()[pri:0, instance:com.zenken.freshers.user.FieldOfStudy@2fba3fc4]" started-at="2024-11-20T12:54:50 IST" name="setUpTest" finished-at="2024-11-20T12:55:00 IST" duration-ms="9972" status="PASS">
          <reporter-output>
          </reporter-output>
        </test-method> <!-- setUpTest -->
        <test-method signature="verifyCoreOptionSelection()[pri:3, instance:com.zenken.freshers.user.FieldOfStudy@2fba3fc4]" started-at="2024-11-20T12:55:00 IST" name="verifyCoreOptionSelection" description="This test verifies that a core option can be saved and is displayed accordingly on preview page" finished-at="2024-11-20T12:55:04 IST" duration-ms="3855" status="PASS">
          <reporter-output>
          </reporter-output>
        </test-method> <!-- verifyCoreOptionSelection -->
        <test-method is-config="true" signature="tearDown()[pri:0, instance:com.zenken.freshers.user.FieldOfStudy@2fba3fc4]" started-at="2024-11-20T12:55:04 IST" name="tearDown" finished-at="2024-11-20T12:55:04 IST" duration-ms="237" status="PASS">
          <reporter-output>
          </reporter-output>
        </test-method> <!-- tearDown -->
        <test-method is-config="true" signature="setup(java.lang.reflect.Method)[pri:0, instance:com.zenken.freshers.user.FieldOfStudy@2fba3fc4]" started-at="2024-11-20T12:55:04 IST" name="setup" finished-at="2024-11-20T12:55:05 IST" duration-ms="789" status="PASS">
          <params>
            <param index="0">
              <value>
                <![CDATA[public void com.zenken.freshers.user.FieldOfStudy.verifyITFieldRequired()]]>
              </value>
            </param>
          </params>
          <reporter-output>
          </reporter-output>
        </test-method> <!-- setup -->
        <test-method is-config="true" signature="setUpTest()[pri:0, instance:com.zenken.freshers.user.FieldOfStudy@2fba3fc4]" started-at="2024-11-20T12:55:05 IST" name="setUpTest" finished-at="2024-11-20T12:55:14 IST" duration-ms="9180" status="PASS">
          <reporter-output>
          </reporter-output>
        </test-method> <!-- setUpTest -->
        <test-method signature="verifyITFieldRequired()[pri:4, instance:com.zenken.freshers.user.FieldOfStudy@2fba3fc4]" started-at="2024-11-20T12:55:14 IST" name="verifyITFieldRequired" description="This test verifies that validation error occurs when IT area of study is not selected" finished-at="2024-11-20T12:55:16 IST" duration-ms="1870" status="PASS">
          <reporter-output>
          </reporter-output>
        </test-method> <!-- verifyITFieldRequired -->
        <test-method is-config="true" signature="tearDown()[pri:0, instance:com.zenken.freshers.user.FieldOfStudy@2fba3fc4]" started-at="2024-11-20T12:55:16 IST" name="tearDown" finished-at="2024-11-20T12:55:16 IST" duration-ms="212" status="PASS">
          <reporter-output>
          </reporter-output>
        </test-method> <!-- tearDown -->
      </class> <!-- com.zenken.freshers.user.FieldOfStudy -->
      <class name="com.zenken.freshers.user.Settings">
        <test-method is-config="true" signature="setup(java.lang.reflect.Method)[pri:0, instance:com.zenken.freshers.user.Settings@5d43661b]" started-at="2024-11-20T12:46:22 IST" name="setup" finished-at="2024-11-20T12:46:24 IST" duration-ms="2189" status="PASS">
          <params>
            <param index="0">
              <value>
                <![CDATA[public void com.zenken.freshers.user.Settings.verifySetDesTexts()]]>
              </value>
            </param>
          </params>
          <reporter-output>
          </reporter-output>
        </test-method> <!-- setup -->
        <test-method is-config="true" signature="setUpTest()[pri:0, instance:com.zenken.freshers.user.Settings@5d43661b]" started-at="2024-11-20T12:46:24 IST" name="setUpTest" finished-at="2024-11-20T12:47:05 IST" duration-ms="41222" status="PASS">
          <reporter-output>
          </reporter-output>
        </test-method> <!-- setUpTest -->
        <test-method signature="verifySetDesTexts()[pri:0, instance:com.zenken.freshers.user.Settings@5d43661b]" started-at="2024-11-20T12:47:05 IST" name="verifySetDesTexts" description="This test verifies that the texts describing &#039;Yaaay Midcareer&#039; and &#039;Zenken Newsletter&#039; are correct" finished-at="2024-11-20T12:47:08 IST" duration-ms="2941" status="PASS">
          <reporter-output>
          </reporter-output>
        </test-method> <!-- verifySetDesTexts -->
        <test-method is-config="true" signature="tearDown()[pri:0, instance:com.zenken.freshers.user.Settings@5d43661b]" started-at="2024-11-20T12:47:08 IST" name="tearDown" finished-at="2024-11-20T12:47:08 IST" duration-ms="224" status="PASS">
          <reporter-output>
          </reporter-output>
        </test-method> <!-- tearDown -->
        <test-method is-config="true" signature="setup(java.lang.reflect.Method)[pri:0, instance:com.zenken.freshers.user.Settings@5d43661b]" started-at="2024-11-20T12:47:08 IST" name="setup" finished-at="2024-11-20T12:47:09 IST" duration-ms="744" status="PASS">
          <params>
            <param index="0">
              <value>
                <![CDATA[public void com.zenken.freshers.user.Settings.verifySetNotSelected()]]>
              </value>
            </param>
          </params>
          <reporter-output>
          </reporter-output>
        </test-method> <!-- setup -->
        <test-method is-config="true" signature="setUpTest()[pri:0, instance:com.zenken.freshers.user.Settings@5d43661b]" started-at="2024-11-20T12:47:09 IST" name="setUpTest" finished-at="2024-11-20T12:47:47 IST" duration-ms="38027" status="PASS">
          <reporter-output>
          </reporter-output>
        </test-method> <!-- setUpTest -->
        <test-method signature="verifySetNotSelected()[pri:0, instance:com.zenken.freshers.user.Settings@5d43661b]" started-at="2024-11-20T12:47:47 IST" name="verifySetNotSelected" description="This test verifies that appropriate texts are displayed on preview page when checkboxes for &#039;Yaaay Midcareer&#039; and &#039;Zenken Newsletter&#039; are NOT selected" finished-at="2024-11-20T12:48:09 IST" duration-ms="21720" status="PASS">
          <reporter-output>
          </reporter-output>
        </test-method> <!-- verifySetNotSelected -->
        <test-method is-config="true" signature="tearDown()[pri:0, instance:com.zenken.freshers.user.Settings@5d43661b]" started-at="2024-11-20T12:48:09 IST" name="tearDown" finished-at="2024-11-20T12:48:09 IST" duration-ms="228" status="PASS">
          <reporter-output>
          </reporter-output>
        </test-method> <!-- tearDown -->
        <test-method is-config="true" signature="setup(java.lang.reflect.Method)[pri:0, instance:com.zenken.freshers.user.Settings@5d43661b]" started-at="2024-11-20T12:48:09 IST" name="setup" finished-at="2024-11-20T12:48:10 IST" duration-ms="733" status="PASS">
          <params>
            <param index="0">
              <value>
                <![CDATA[public void com.zenken.freshers.user.Settings.verifySetSelected()]]>
              </value>
            </param>
          </params>
          <reporter-output>
          </reporter-output>
        </test-method> <!-- setup -->
        <test-method is-config="true" signature="setUpTest()[pri:0, instance:com.zenken.freshers.user.Settings@5d43661b]" started-at="2024-11-20T12:48:10 IST" name="setUpTest" finished-at="2024-11-20T12:48:44 IST" duration-ms="34335" status="PASS">
          <reporter-output>
          </reporter-output>
        </test-method> <!-- setUpTest -->
        <test-method signature="verifySetSelected()[pri:0, instance:com.zenken.freshers.user.Settings@5d43661b]" started-at="2024-11-20T12:48:44 IST" name="verifySetSelected" description="This test verifies that appropriate texts are displayed on preview page when checkboxes for &#039;Yaaay Midcareer&#039; and &#039;Zenken Newsletter&#039; are selected" finished-at="2024-11-20T12:49:04 IST" duration-ms="19519" status="PASS">
          <reporter-output>
          </reporter-output>
        </test-method> <!-- verifySetSelected -->
        <test-method is-config="true" signature="tearDown()[pri:0, instance:com.zenken.freshers.user.Settings@5d43661b]" started-at="2024-11-20T12:49:04 IST" name="tearDown" finished-at="2024-11-20T12:49:04 IST" duration-ms="302" status="PASS">
          <reporter-output>
          </reporter-output>
        </test-method> <!-- tearDown -->
        <test-method is-config="true" signature="setup(java.lang.reflect.Method)[pri:0, instance:com.zenken.freshers.user.Settings@5d43661b]" started-at="2024-11-20T12:49:04 IST" name="setup" finished-at="2024-11-20T12:49:05 IST" duration-ms="908" status="PASS">
          <params>
            <param index="0">
              <value>
                <![CDATA[public void com.zenken.freshers.user.Settings.verifySettingsTitle()]]>
              </value>
            </param>
          </params>
          <reporter-output>
          </reporter-output>
        </test-method> <!-- setup -->
        <test-method is-config="true" signature="setUpTest()[pri:0, instance:com.zenken.freshers.user.Settings@5d43661b]" started-at="2024-11-20T12:49:05 IST" name="setUpTest" finished-at="2024-11-20T12:49:39 IST" duration-ms="34277" status="PASS">
          <reporter-output>
          </reporter-output>
        </test-method> <!-- setUpTest -->
        <test-method signature="verifySettingsTitle()[pri:0, instance:com.zenken.freshers.user.Settings@5d43661b]" started-at="2024-11-20T12:49:39 IST" name="verifySettingsTitle" description="This test verifies that Settings page title is correct" finished-at="2024-11-20T12:49:43 IST" duration-ms="4100" status="PASS">
          <reporter-output>
          </reporter-output>
        </test-method> <!-- verifySettingsTitle -->
        <test-method is-config="true" signature="tearDown()[pri:0, instance:com.zenken.freshers.user.Settings@5d43661b]" started-at="2024-11-20T12:49:43 IST" name="tearDown" finished-at="2024-11-20T12:49:43 IST" duration-ms="362" status="PASS">
          <reporter-output>
          </reporter-output>
        </test-method> <!-- tearDown -->
        <test-method is-config="true" signature="setup(java.lang.reflect.Method)[pri:0, instance:com.zenken.freshers.user.Settings@5d43661b]" started-at="2024-11-20T12:49:43 IST" name="setup" finished-at="2024-11-20T12:49:45 IST" duration-ms="1385" status="PASS">
          <params>
            <param index="0">
              <value>
                <![CDATA[public void com.zenken.freshers.user.Settings.verifySettingsUrl() throws java.lang.InterruptedException]]>
              </value>
            </param>
          </params>
          <reporter-output>
          </reporter-output>
        </test-method> <!-- setup -->
        <test-method is-config="true" signature="setUpTest()[pri:0, instance:com.zenken.freshers.user.Settings@5d43661b]" started-at="2024-11-20T12:49:45 IST" name="setUpTest" finished-at="2024-11-20T12:50:15 IST" duration-ms="30296" status="PASS">
          <reporter-output>
          </reporter-output>
        </test-method> <!-- setUpTest -->
        <test-method signature="verifySettingsUrl()[pri:0, instance:com.zenken.freshers.user.Settings@5d43661b]" started-at="2024-11-20T12:50:15 IST" name="verifySettingsUrl" description="This test verifies that user is redirected to &#039;Settings&#039; edit page" finished-at="2024-11-20T12:50:18 IST" duration-ms="3058" status="PASS">
          <reporter-output>
          </reporter-output>
        </test-method> <!-- verifySettingsUrl -->
        <test-method is-config="true" signature="tearDown()[pri:0, instance:com.zenken.freshers.user.Settings@5d43661b]" started-at="2024-11-20T12:50:18 IST" name="tearDown" finished-at="2024-11-20T12:50:18 IST" duration-ms="261" status="PASS">
          <reporter-output>
          </reporter-output>
        </test-method> <!-- tearDown -->
      </class> <!-- com.zenken.freshers.user.Settings -->
    </test> <!-- Test -->
  </suite> <!-- Suite -->
</testng-results>
