<?xml version="1.0" encoding="UTF-8"?>
<testng-results retried="1" ignored="1" total="18" passed="16" failed="0" skipped="0">
  <reporter-output>
  </reporter-output>
  <suite started-at="2024-11-26T15:01:00 IST" name="Suite" finished-at="2024-11-26T15:04:59 IST" duration-ms="238228">
    <groups>
    </groups>
    <test started-at="2024-11-26T15:01:00 IST" name="Test" finished-at="2024-11-26T15:04:59 IST" duration-ms="238228">
      <class name="com.zenken.freshers.user.Photo">
        <test-method is-config="true" signature="setup(java.lang.reflect.Method)[pri:0, instance:com.zenken.freshers.user.Photo@4e928fbf]" started-at="2024-11-26T15:01:00 IST" name="setup" finished-at="2024-11-26T15:01:02 IST" duration-ms="2023" status="PASS">
          <params>
            <param index="0">
              <value>
                <![CDATA[public void com.zenken.freshers.user.Photo.verifyPhotoUrl()]]>
              </value>
            </param>
          </params>
          <reporter-output>
          </reporter-output>
        </test-method> <!-- setup -->
        <test-method is-config="true" signature="setUpTest()[pri:0, instance:com.zenken.freshers.user.Photo@4e928fbf]" started-at="2024-11-26T15:01:02 IST" name="setUpTest" finished-at="2024-11-26T15:01:17 IST" duration-ms="14582" status="PASS">
          <reporter-output>
          </reporter-output>
        </test-method> <!-- setUpTest -->
        <test-method signature="verifyPhotoUrl()[pri:1, instance:com.zenken.freshers.user.Photo@4e928fbf]" started-at="2024-11-26T15:01:17 IST" name="verifyPhotoUrl" description="This test verifies that user is redirected to Photo edit page" finished-at="2024-11-26T15:01:19 IST" duration-ms="2418" status="PASS">
          <reporter-output>
          </reporter-output>
        </test-method> <!-- verifyPhotoUrl -->
        <test-method is-config="true" signature="tearDown()[pri:0, instance:com.zenken.freshers.user.Photo@4e928fbf]" started-at="2024-11-26T15:01:19 IST" name="tearDown" finished-at="2024-11-26T15:01:20 IST" duration-ms="245" status="PASS">
          <reporter-output>
          </reporter-output>
        </test-method> <!-- tearDown -->
        <test-method is-config="true" signature="setup(java.lang.reflect.Method)[pri:0, instance:com.zenken.freshers.user.Photo@4e928fbf]" started-at="2024-11-26T15:01:20 IST" name="setup" finished-at="2024-11-26T15:01:21 IST" duration-ms="1515" status="PASS">
          <params>
            <param index="0">
              <value>
                <![CDATA[public void com.zenken.freshers.user.Photo.verifyPhotoTitle()]]>
              </value>
            </param>
          </params>
          <reporter-output>
          </reporter-output>
        </test-method> <!-- setup -->
        <test-method is-config="true" signature="setUpTest()[pri:0, instance:com.zenken.freshers.user.Photo@4e928fbf]" started-at="2024-11-26T15:01:21 IST" name="setUpTest" finished-at="2024-11-26T15:01:32 IST" duration-ms="10630" status="PASS">
          <reporter-output>
          </reporter-output>
        </test-method> <!-- setUpTest -->
        <test-method signature="verifyPhotoTitle()[pri:2, instance:com.zenken.freshers.user.Photo@4e928fbf]" started-at="2024-11-26T15:01:32 IST" name="verifyPhotoTitle" description="This test verifies that the Photo page title is correct" finished-at="2024-11-26T15:01:34 IST" duration-ms="2176" status="PASS">
          <reporter-output>
          </reporter-output>
        </test-method> <!-- verifyPhotoTitle -->
        <test-method is-config="true" signature="tearDown()[pri:0, instance:com.zenken.freshers.user.Photo@4e928fbf]" started-at="2024-11-26T15:01:34 IST" name="tearDown" finished-at="2024-11-26T15:01:34 IST" duration-ms="205" status="PASS">
          <reporter-output>
          </reporter-output>
        </test-method> <!-- tearDown -->
        <test-method is-config="true" signature="setup(java.lang.reflect.Method)[pri:0, instance:com.zenken.freshers.user.Photo@4e928fbf]" started-at="2024-11-26T15:01:34 IST" name="setup" finished-at="2024-11-26T15:01:35 IST" duration-ms="1147" status="PASS">
          <params>
            <param index="0">
              <value>
                <![CDATA[public void com.zenken.freshers.user.Photo.verifyUploadModalDisplay()]]>
              </value>
            </param>
          </params>
          <reporter-output>
          </reporter-output>
        </test-method> <!-- setup -->
        <test-method is-config="true" signature="setUpTest()[pri:0, instance:com.zenken.freshers.user.Photo@4e928fbf]" started-at="2024-11-26T15:01:35 IST" name="setUpTest" finished-at="2024-11-26T15:01:45 IST" duration-ms="9511" status="PASS">
          <reporter-output>
          </reporter-output>
        </test-method> <!-- setUpTest -->
        <test-method signature="verifyUploadModalDisplay()[pri:3, instance:com.zenken.freshers.user.Photo@4e928fbf]" started-at="2024-11-26T15:01:45 IST" name="verifyUploadModalDisplay" description="This test verifies that upload modal appears when upload icon is clicked" finished-at="2024-11-26T15:01:46 IST" duration-ms="1116" status="PASS">
          <reporter-output>
          </reporter-output>
        </test-method> <!-- verifyUploadModalDisplay -->
        <test-method is-config="true" signature="tearDown()[pri:0, instance:com.zenken.freshers.user.Photo@4e928fbf]" started-at="2024-11-26T15:01:46 IST" name="tearDown" finished-at="2024-11-26T15:01:46 IST" duration-ms="207" status="PASS">
          <reporter-output>
          </reporter-output>
        </test-method> <!-- tearDown -->
        <test-method is-config="true" signature="setup(java.lang.reflect.Method)[pri:0, instance:com.zenken.freshers.user.Photo@4e928fbf]" started-at="2024-11-26T15:01:46 IST" name="setup" finished-at="2024-11-26T15:01:48 IST" duration-ms="1349" status="PASS">
          <params>
            <param index="0">
              <value>
                <![CDATA[public void com.zenken.freshers.user.Photo.verifyImageResize()]]>
              </value>
            </param>
          </params>
          <reporter-output>
          </reporter-output>
        </test-method> <!-- setup -->
        <test-method is-config="true" signature="setUpTest()[pri:0, instance:com.zenken.freshers.user.Photo@4e928fbf]" started-at="2024-11-26T15:01:48 IST" name="setUpTest" finished-at="2024-11-26T15:02:00 IST" duration-ms="12544" status="PASS">
          <reporter-output>
          </reporter-output>
        </test-method> <!-- setUpTest -->
        <test-method retried="true" signature="verifyImageResize()[pri:4, instance:com.zenken.freshers.user.Photo@4e928fbf]" started-at="2024-11-26T15:02:00 IST" name="verifyImageResize" description="This test verifies that the uploaded image can be resized" finished-at="2024-11-26T15:02:04 IST" duration-ms="3398" status="SKIP">
          <exception class="java.lang.AssertionError">
            <message>
              <![CDATA[expected [true] but found [false]]]>
            </message>
            <full-stacktrace>
              <![CDATA[java.lang.AssertionError: expected [true] but found [false]
at org.testng.Assert.fail(Assert.java:111)
at org.testng.Assert.failNotEquals(Assert.java:1578)
at org.testng.Assert.assertTrue(Assert.java:57)
at org.testng.Assert.assertTrue(Assert.java:67)
at com.zenken.freshers.user.Photo.verifyImageResize(Photo.java:77)
at java.base/jdk.internal.reflect.DirectMethodHandleAccessor.invoke(DirectMethodHandleAccessor.java:103)
at java.base/java.lang.reflect.Method.invoke(Method.java:580)
at org.testng.internal.invokers.MethodInvocationHelper.invokeMethod(MethodInvocationHelper.java:141)
at org.testng.internal.invokers.TestInvoker.invokeMethod(TestInvoker.java:686)
at org.testng.internal.invokers.TestInvoker.invokeTestMethod(TestInvoker.java:230)
at org.testng.internal.invokers.MethodRunner.runInSequence(MethodRunner.java:63)
at org.testng.internal.invokers.TestInvoker$MethodInvocationAgent.invoke(TestInvoker.java:992)
at org.testng.internal.invokers.TestInvoker.invokeTestMethods(TestInvoker.java:203)
at org.testng.internal.invokers.TestMethodWorker.invokeTestMethods(TestMethodWorker.java:154)
at org.testng.internal.invokers.TestMethodWorker.run(TestMethodWorker.java:134)
at java.base/java.util.concurrent.Executors$RunnableAdapter.call(Executors.java:572)
at java.base/java.util.concurrent.FutureTask.run(FutureTask.java:317)
at org.testng.internal.thread.graph.TestNGFutureTask.run(TestNGFutureTask.java:22)
at java.base/java.util.concurrent.ThreadPoolExecutor.runWorker(ThreadPoolExecutor.java:1144)
at java.base/java.util.concurrent.ThreadPoolExecutor$Worker.run(ThreadPoolExecutor.java:642)
at java.base/java.lang.Thread.run(Thread.java:1583)
]]>
            </full-stacktrace>
          </exception> <!-- java.lang.AssertionError -->
          <reporter-output>
          </reporter-output>
        </test-method> <!-- verifyImageResize -->
        <test-method is-config="true" signature="tearDown()[pri:0, instance:com.zenken.freshers.user.Photo@4e928fbf]" started-at="2024-11-26T15:02:04 IST" name="tearDown" finished-at="2024-11-26T15:02:06 IST" duration-ms="2283" status="PASS">
          <reporter-output>
          </reporter-output>
        </test-method> <!-- tearDown -->
        <test-method is-config="true" signature="setup(java.lang.reflect.Method)[pri:0, instance:com.zenken.freshers.user.Photo@4e928fbf]" started-at="2024-11-26T15:02:06 IST" name="setup" finished-at="2024-11-26T15:02:07 IST" duration-ms="1444" status="PASS">
          <params>
            <param index="0">
              <value>
                <![CDATA[public void com.zenken.freshers.user.Photo.verifyImageResize()]]>
              </value>
            </param>
          </params>
          <reporter-output>
          </reporter-output>
        </test-method> <!-- setup -->
        <test-method is-config="true" signature="setUpTest()[pri:0, instance:com.zenken.freshers.user.Photo@4e928fbf]" started-at="2024-11-26T15:02:07 IST" name="setUpTest" finished-at="2024-11-26T15:02:24 IST" duration-ms="16820" status="PASS">
          <reporter-output>
          </reporter-output>
        </test-method> <!-- setUpTest -->
        <test-method signature="verifyImageResize()[pri:4, instance:com.zenken.freshers.user.Photo@4e928fbf]" started-at="2024-11-26T15:02:24 IST" name="verifyImageResize" description="This test verifies that the uploaded image can be resized" finished-at="2024-11-26T15:02:26 IST" duration-ms="2254" status="PASS">
          <reporter-output>
          </reporter-output>
        </test-method> <!-- verifyImageResize -->
        <test-method is-config="true" signature="tearDown()[pri:0, instance:com.zenken.freshers.user.Photo@4e928fbf]" started-at="2024-11-26T15:02:26 IST" name="tearDown" finished-at="2024-11-26T15:02:27 IST" duration-ms="292" status="PASS">
          <reporter-output>
          </reporter-output>
        </test-method> <!-- tearDown -->
        <test-method is-config="true" signature="setup(java.lang.reflect.Method)[pri:0, instance:com.zenken.freshers.user.Photo@4e928fbf]" started-at="2024-11-26T15:02:27 IST" name="setup" finished-at="2024-11-26T15:02:28 IST" duration-ms="1245" status="PASS">
          <params>
            <param index="0">
              <value>
                <![CDATA[public void com.zenken.freshers.user.Photo.verifyImageDrag()]]>
              </value>
            </param>
          </params>
          <reporter-output>
          </reporter-output>
        </test-method> <!-- setup -->
        <test-method is-config="true" signature="setUpTest()[pri:0, instance:com.zenken.freshers.user.Photo@4e928fbf]" started-at="2024-11-26T15:02:28 IST" name="setUpTest" finished-at="2024-11-26T15:02:38 IST" duration-ms="10304" status="PASS">
          <reporter-output>
          </reporter-output>
        </test-method> <!-- setUpTest -->
        <test-method signature="verifyImageDrag()[pri:5, instance:com.zenken.freshers.user.Photo@4e928fbf]" started-at="2024-11-26T15:02:38 IST" name="verifyImageDrag" description="This test verifies that the uploaded image can be dragged" finished-at="2024-11-26T15:02:40 IST" duration-ms="2168" status="PASS">
          <reporter-output>
          </reporter-output>
        </test-method> <!-- verifyImageDrag -->
        <test-method is-config="true" signature="tearDown()[pri:0, instance:com.zenken.freshers.user.Photo@4e928fbf]" started-at="2024-11-26T15:02:40 IST" name="tearDown" finished-at="2024-11-26T15:02:41 IST" duration-ms="229" status="PASS">
          <reporter-output>
          </reporter-output>
        </test-method> <!-- tearDown -->
        <test-method is-config="true" signature="setup(java.lang.reflect.Method)[pri:0, instance:com.zenken.freshers.user.Photo@4e928fbf]" started-at="2024-11-26T15:02:41 IST" name="setup" finished-at="2024-11-26T15:02:42 IST" duration-ms="1165" status="PASS">
          <params>
            <param index="0">
              <value>
                <![CDATA[public void com.zenken.freshers.user.Photo.verifyPhotoUpload()]]>
              </value>
            </param>
          </params>
          <reporter-output>
          </reporter-output>
        </test-method> <!-- setup -->
        <test-method is-config="true" signature="setUpTest()[pri:0, instance:com.zenken.freshers.user.Photo@4e928fbf]" started-at="2024-11-26T15:02:42 IST" name="setUpTest" finished-at="2024-11-26T15:02:51 IST" duration-ms="8791" status="PASS">
          <reporter-output>
          </reporter-output>
        </test-method> <!-- setUpTest -->
        <test-method signature="verifyPhotoUpload()[pri:6, instance:com.zenken.freshers.user.Photo@4e928fbf]" started-at="2024-11-26T15:02:51 IST" name="verifyPhotoUpload" description="This test verifies that the image can be uploaded successfully" finished-at="2024-11-26T15:02:57 IST" duration-ms="6462" status="PASS">
          <reporter-output>
          </reporter-output>
        </test-method> <!-- verifyPhotoUpload -->
        <test-method is-config="true" signature="tearDown()[pri:0, instance:com.zenken.freshers.user.Photo@4e928fbf]" started-at="2024-11-26T15:02:57 IST" name="tearDown" finished-at="2024-11-26T15:02:57 IST" duration-ms="221" status="PASS">
          <reporter-output>
          </reporter-output>
        </test-method> <!-- tearDown -->
        <test-method is-config="true" signature="setup(java.lang.reflect.Method)[pri:0, instance:com.zenken.freshers.user.Photo@4e928fbf]" started-at="2024-11-26T15:02:57 IST" name="setup" finished-at="2024-11-26T15:02:59 IST" duration-ms="1289" status="PASS">
          <params>
            <param index="0">
              <value>
                <![CDATA[public void com.zenken.freshers.user.Photo.verifyPhotoImage() throws java.lang.InterruptedException]]>
              </value>
            </param>
          </params>
          <reporter-output>
          </reporter-output>
        </test-method> <!-- setup -->
        <test-method is-config="true" signature="setUpTest()[pri:0, instance:com.zenken.freshers.user.Photo@4e928fbf]" started-at="2024-11-26T15:02:59 IST" name="setUpTest" finished-at="2024-11-26T15:03:07 IST" duration-ms="8236" status="PASS">
          <reporter-output>
          </reporter-output>
        </test-method> <!-- setUpTest -->
        <test-method signature="verifyPhotoImage()[pri:7, instance:com.zenken.freshers.user.Photo@4e928fbf]" started-at="2024-11-26T15:03:07 IST" name="verifyPhotoImage" description="This test verifies that the uploaded image is same and &#039;Required to apply&#039; text is not displayed on preview and Photo edit page" finished-at="2024-11-26T15:04:09 IST" duration-ms="62615" status="PASS">
          <reporter-output>
          </reporter-output>
        </test-method> <!-- verifyPhotoImage -->
        <test-method is-config="true" signature="tearDown()[pri:0, instance:com.zenken.freshers.user.Photo@4e928fbf]" started-at="2024-11-26T15:04:09 IST" name="tearDown" finished-at="2024-11-26T15:04:10 IST" duration-ms="285" status="PASS">
          <reporter-output>
          </reporter-output>
        </test-method> <!-- tearDown -->
        <test-method is-config="true" signature="setup(java.lang.reflect.Method)[pri:0, instance:com.zenken.freshers.user.Photo@4e928fbf]" started-at="2024-11-26T15:04:10 IST" name="setup" finished-at="2024-11-26T15:04:11 IST" duration-ms="1172" status="PASS">
          <params>
            <param index="0">
              <value>
                <![CDATA[public void com.zenken.freshers.user.Photo.verifyPhotoChange()]]>
              </value>
            </param>
          </params>
          <reporter-output>
          </reporter-output>
        </test-method> <!-- setup -->
        <test-method is-config="true" signature="setUpTest()[pri:0, instance:com.zenken.freshers.user.Photo@4e928fbf]" started-at="2024-11-26T15:04:11 IST" name="setUpTest" finished-at="2024-11-26T15:04:19 IST" duration-ms="7730" status="PASS">
          <reporter-output>
          </reporter-output>
        </test-method> <!-- setUpTest -->
        <test-method signature="verifyPhotoChange()[pri:8, instance:com.zenken.freshers.user.Photo@4e928fbf]" started-at="2024-11-26T15:04:19 IST" name="verifyPhotoChange" description="This test verifies that the uploaded image can be changed" finished-at="2024-11-26T15:04:20 IST" duration-ms="1790" status="PASS">
          <reporter-output>
          </reporter-output>
        </test-method> <!-- verifyPhotoChange -->
        <test-method is-config="true" signature="tearDown()[pri:0, instance:com.zenken.freshers.user.Photo@4e928fbf]" started-at="2024-11-26T15:04:20 IST" name="tearDown" finished-at="2024-11-26T15:04:21 IST" duration-ms="202" status="PASS">
          <reporter-output>
          </reporter-output>
        </test-method> <!-- tearDown -->
        <test-method is-config="true" signature="setup(java.lang.reflect.Method)[pri:0, instance:com.zenken.freshers.user.Photo@4e928fbf]" started-at="2024-11-26T15:04:21 IST" name="setup" finished-at="2024-11-26T15:04:22 IST" duration-ms="1173" status="PASS">
          <params>
            <param index="0">
              <value>
                <![CDATA[public void com.zenken.freshers.user.Photo.verifyPhotoDelete()]]>
              </value>
            </param>
          </params>
          <reporter-output>
          </reporter-output>
        </test-method> <!-- setup -->
        <test-method is-config="true" signature="setUpTest()[pri:0, instance:com.zenken.freshers.user.Photo@4e928fbf]" started-at="2024-11-26T15:04:22 IST" name="setUpTest" finished-at="2024-11-26T15:04:31 IST" duration-ms="9496" status="PASS">
          <reporter-output>
          </reporter-output>
        </test-method> <!-- setUpTest -->
        <test-method signature="verifyPhotoDelete()[pri:9, instance:com.zenken.freshers.user.Photo@4e928fbf]" started-at="2024-11-26T15:04:31 IST" name="verifyPhotoDelete" description="This test verifies that the image can be deleted and &#039;Required to apply&#039; text is displayed on Photo edit and preview page" finished-at="2024-11-26T15:04:36 IST" duration-ms="4886" status="PASS">
          <reporter-output>
          </reporter-output>
        </test-method> <!-- verifyPhotoDelete -->
        <test-method is-config="true" signature="tearDown()[pri:0, instance:com.zenken.freshers.user.Photo@4e928fbf]" started-at="2024-11-26T15:04:36 IST" name="tearDown" finished-at="2024-11-26T15:04:36 IST" duration-ms="207" status="PASS">
          <reporter-output>
          </reporter-output>
        </test-method> <!-- tearDown -->
        <test-method is-config="true" signature="setup(java.lang.reflect.Method)[pri:0, instance:com.zenken.freshers.user.Photo@4e928fbf]" started-at="2024-11-26T15:04:36 IST" name="setup" finished-at="2024-11-26T15:04:38 IST" duration-ms="1279" status="PASS">
          <params>
            <param index="0">
              <value>
                <![CDATA[public void com.zenken.freshers.user.Photo.verifyPhotoInvalidFile()]]>
              </value>
            </param>
          </params>
          <reporter-output>
          </reporter-output>
        </test-method> <!-- setup -->
        <test-method is-config="true" signature="setUpTest()[pri:0, instance:com.zenken.freshers.user.Photo@4e928fbf]" started-at="2024-11-26T15:04:38 IST" name="setUpTest" finished-at="2024-11-26T15:04:44 IST" duration-ms="6725" status="PASS">
          <reporter-output>
          </reporter-output>
        </test-method> <!-- setUpTest -->
        <test-method signature="verifyPhotoInvalidFile()[pri:10, instance:com.zenken.freshers.user.Photo@4e928fbf]" started-at="2024-11-26T15:04:44 IST" name="verifyPhotoInvalidFile" description="This test verifies that validation error occurs for invalid file format" finished-at="2024-11-26T15:04:48 IST" duration-ms="3918" status="PASS">
          <reporter-output>
          </reporter-output>
        </test-method> <!-- verifyPhotoInvalidFile -->
        <test-method is-config="true" signature="tearDown()[pri:0, instance:com.zenken.freshers.user.Photo@4e928fbf]" started-at="2024-11-26T15:04:48 IST" name="tearDown" finished-at="2024-11-26T15:04:49 IST" duration-ms="222" status="PASS">
          <reporter-output>
          </reporter-output>
        </test-method> <!-- tearDown -->
        <test-method is-config="true" signature="setup(java.lang.reflect.Method)[pri:0, instance:com.zenken.freshers.user.Photo@4e928fbf]" started-at="2024-11-26T15:04:49 IST" name="setup" finished-at="2024-11-26T15:04:50 IST" duration-ms="1394" status="PASS">
          <params>
            <param index="0">
              <value>
                <![CDATA[public void com.zenken.freshers.user.Photo.verifyPhotoInvalidSize()]]>
              </value>
            </param>
          </params>
          <reporter-output>
          </reporter-output>
        </test-method> <!-- setup -->
        <test-method is-config="true" signature="setUpTest()[pri:0, instance:com.zenken.freshers.user.Photo@4e928fbf]" started-at="2024-11-26T15:04:50 IST" name="setUpTest" finished-at="2024-11-26T15:04:57 IST" duration-ms="7169" status="PASS">
          <reporter-output>
          </reporter-output>
        </test-method> <!-- setUpTest -->
        <test-method signature="verifyPhotoInvalidSize()[pri:11, instance:com.zenken.freshers.user.Photo@4e928fbf]" started-at="2024-11-26T15:04:57 IST" name="verifyPhotoInvalidSize" description="This test verifies that validation error occurs when image size is more than 5MB" finished-at="2024-11-26T15:04:58 IST" duration-ms="1271" status="PASS">
          <reporter-output>
          </reporter-output>
        </test-method> <!-- verifyPhotoInvalidSize -->
        <test-method is-config="true" signature="tearDown()[pri:0, instance:com.zenken.freshers.user.Photo@4e928fbf]" started-at="2024-11-26T15:04:58 IST" name="tearDown" finished-at="2024-11-26T15:04:59 IST" duration-ms="198" status="PASS">
          <reporter-output>
          </reporter-output>
        </test-method> <!-- tearDown -->
      </class> <!-- com.zenken.freshers.user.Photo -->
      <class name="com.zenken.freshers.user.Settings">
        <test-method is-config="true" signature="setup(java.lang.reflect.Method)[pri:0, instance:com.zenken.freshers.user.Settings@7905a0b8]" started-at="2024-11-26T15:01:00 IST" name="setup" finished-at="2024-11-26T15:01:02 IST" duration-ms="2023" status="PASS">
          <params>
            <param index="0">
              <value>
                <![CDATA[public void com.zenken.freshers.user.Settings.verifySetDesTexts()]]>
              </value>
            </param>
          </params>
          <reporter-output>
          </reporter-output>
        </test-method> <!-- setup -->
        <test-method is-config="true" signature="setUpTest()[pri:0, instance:com.zenken.freshers.user.Settings@7905a0b8]" started-at="2024-11-26T15:01:02 IST" name="setUpTest" finished-at="2024-11-26T15:01:21 IST" duration-ms="18284" status="PASS">
          <reporter-output>
          </reporter-output>
        </test-method> <!-- setUpTest -->
        <test-method signature="verifySetDesTexts()[pri:0, instance:com.zenken.freshers.user.Settings@7905a0b8]" started-at="2024-11-26T15:01:21 IST" name="verifySetDesTexts" description="This test verifies that the texts describing &#039;Yaaay Midcareer&#039; and &#039;Zenken Newsletter&#039; are correct" finished-at="2024-11-26T15:01:22 IST" duration-ms="1357" status="PASS">
          <reporter-output>
          </reporter-output>
        </test-method> <!-- verifySetDesTexts -->
        <test-method is-config="true" signature="tearDown()[pri:0, instance:com.zenken.freshers.user.Settings@7905a0b8]" started-at="2024-11-26T15:01:22 IST" name="tearDown" finished-at="2024-11-26T15:01:22 IST" duration-ms="267" status="PASS">
          <reporter-output>
          </reporter-output>
        </test-method> <!-- tearDown -->
        <test-method is-config="true" signature="setup(java.lang.reflect.Method)[pri:0, instance:com.zenken.freshers.user.Settings@7905a0b8]" started-at="2024-11-26T15:01:22 IST" name="setup" finished-at="2024-11-26T15:01:24 IST" duration-ms="1329" status="PASS">
          <params>
            <param index="0">
              <value>
                <![CDATA[public void com.zenken.freshers.user.Settings.verifySetNotSelected()]]>
              </value>
            </param>
          </params>
          <reporter-output>
          </reporter-output>
        </test-method> <!-- setup -->
        <test-method is-config="true" signature="setUpTest()[pri:0, instance:com.zenken.freshers.user.Settings@7905a0b8]" started-at="2024-11-26T15:01:24 IST" name="setUpTest" finished-at="2024-11-26T15:01:36 IST" duration-ms="12740" status="PASS">
          <reporter-output>
          </reporter-output>
        </test-method> <!-- setUpTest -->
        <test-method signature="verifySetNotSelected()[pri:0, instance:com.zenken.freshers.user.Settings@7905a0b8]" started-at="2024-11-26T15:01:36 IST" name="verifySetNotSelected" description="This test verifies that appropriate texts are displayed on preview page when checkboxes for &#039;Yaaay Midcareer&#039; and &#039;Zenken Newsletter&#039; are NOT selected" finished-at="2024-11-26T15:01:43 IST" duration-ms="6948" status="PASS">
          <reporter-output>
          </reporter-output>
        </test-method> <!-- verifySetNotSelected -->
        <test-method is-config="true" signature="tearDown()[pri:0, instance:com.zenken.freshers.user.Settings@7905a0b8]" started-at="2024-11-26T15:01:43 IST" name="tearDown" finished-at="2024-11-26T15:01:44 IST" duration-ms="247" status="PASS">
          <reporter-output>
          </reporter-output>
        </test-method> <!-- tearDown -->
        <test-method is-config="true" signature="setup(java.lang.reflect.Method)[pri:0, instance:com.zenken.freshers.user.Settings@7905a0b8]" started-at="2024-11-26T15:01:44 IST" name="setup" finished-at="2024-11-26T15:01:45 IST" duration-ms="1416" status="PASS">
          <params>
            <param index="0">
              <value>
                <![CDATA[public void com.zenken.freshers.user.Settings.verifySetSelected()]]>
              </value>
            </param>
          </params>
          <reporter-output>
          </reporter-output>
        </test-method> <!-- setup -->
        <test-method is-config="true" signature="setUpTest()[pri:0, instance:com.zenken.freshers.user.Settings@7905a0b8]" started-at="2024-11-26T15:01:45 IST" name="setUpTest" finished-at="2024-11-26T15:01:58 IST" duration-ms="12855" status="PASS">
          <reporter-output>
          </reporter-output>
        </test-method> <!-- setUpTest -->
        <test-method signature="verifySetSelected()[pri:0, instance:com.zenken.freshers.user.Settings@7905a0b8]" started-at="2024-11-26T15:01:58 IST" name="verifySetSelected" description="This test verifies that appropriate texts are displayed on preview page when checkboxes for &#039;Yaaay Midcareer&#039; and &#039;Zenken Newsletter&#039; are selected" finished-at="2024-11-26T15:02:05 IST" duration-ms="7438" status="PASS">
          <reporter-output>
          </reporter-output>
        </test-method> <!-- verifySetSelected -->
        <test-method is-config="true" signature="tearDown()[pri:0, instance:com.zenken.freshers.user.Settings@7905a0b8]" started-at="2024-11-26T15:02:05 IST" name="tearDown" finished-at="2024-11-26T15:02:06 IST" duration-ms="277" status="PASS">
          <reporter-output>
          </reporter-output>
        </test-method> <!-- tearDown -->
        <test-method is-config="true" signature="setup(java.lang.reflect.Method)[pri:0, instance:com.zenken.freshers.user.Settings@7905a0b8]" started-at="2024-11-26T15:02:06 IST" name="setup" finished-at="2024-11-26T15:02:07 IST" duration-ms="1297" status="PASS">
          <params>
            <param index="0">
              <value>
                <![CDATA[public void com.zenken.freshers.user.Settings.verifySettingsTitle()]]>
              </value>
            </param>
          </params>
          <reporter-output>
          </reporter-output>
        </test-method> <!-- setup -->
        <test-method is-config="true" signature="setUpTest()[pri:0, instance:com.zenken.freshers.user.Settings@7905a0b8]" started-at="2024-11-26T15:02:07 IST" name="setUpTest" finished-at="2024-11-26T15:02:28 IST" duration-ms="21245" status="PASS">
          <reporter-output>
          </reporter-output>
        </test-method> <!-- setUpTest -->
        <test-method signature="verifySettingsTitle()[pri:0, instance:com.zenken.freshers.user.Settings@7905a0b8]" started-at="2024-11-26T15:02:28 IST" name="verifySettingsTitle" description="This test verifies that Settings page title is correct" finished-at="2024-11-26T15:02:30 IST" duration-ms="1477" status="PASS">
          <reporter-output>
          </reporter-output>
        </test-method> <!-- verifySettingsTitle -->
        <test-method is-config="true" signature="tearDown()[pri:0, instance:com.zenken.freshers.user.Settings@7905a0b8]" started-at="2024-11-26T15:02:30 IST" name="tearDown" finished-at="2024-11-26T15:02:30 IST" duration-ms="252" status="PASS">
          <reporter-output>
          </reporter-output>
        </test-method> <!-- tearDown -->
        <test-method is-config="true" signature="setup(java.lang.reflect.Method)[pri:0, instance:com.zenken.freshers.user.Settings@7905a0b8]" started-at="2024-11-26T15:02:30 IST" name="setup" finished-at="2024-11-26T15:02:31 IST" duration-ms="1329" status="PASS">
          <params>
            <param index="0">
              <value>
                <![CDATA[public void com.zenken.freshers.user.Settings.verifySettingsUrl() throws java.lang.InterruptedException]]>
              </value>
            </param>
          </params>
          <reporter-output>
          </reporter-output>
        </test-method> <!-- setup -->
        <test-method is-config="true" signature="setUpTest()[pri:0, instance:com.zenken.freshers.user.Settings@7905a0b8]" started-at="2024-11-26T15:02:31 IST" name="setUpTest" finished-at="2024-11-26T15:02:43 IST" duration-ms="12186" status="PASS">
          <reporter-output>
          </reporter-output>
        </test-method> <!-- setUpTest -->
        <test-method signature="verifySettingsUrl()[pri:0, instance:com.zenken.freshers.user.Settings@7905a0b8]" started-at="2024-11-26T15:02:43 IST" name="verifySettingsUrl" description="This test verifies that user is redirected to &#039;Settings&#039; edit page" finished-at="2024-11-26T15:02:45 IST" duration-ms="1740" status="PASS">
          <reporter-output>
          </reporter-output>
        </test-method> <!-- verifySettingsUrl -->
        <test-method is-config="true" signature="tearDown()[pri:0, instance:com.zenken.freshers.user.Settings@7905a0b8]" started-at="2024-11-26T15:02:45 IST" name="tearDown" finished-at="2024-11-26T15:02:45 IST" duration-ms="262" status="PASS">
          <reporter-output>
          </reporter-output>
        </test-method> <!-- tearDown -->
      </class> <!-- com.zenken.freshers.user.Settings -->
    </test> <!-- Test -->
  </suite> <!-- Suite -->
</testng-results>
