<?xml version="1.0" encoding="UTF-8"?>
<testng-results ignored="0" total="1" passed="1" failed="0" skipped="0">
  <reporter-output>
  </reporter-output>
  <suite started-at="2025-02-13T17:55:24 IST" name="Default suite" finished-at="2025-02-13T17:55:37 IST" duration-ms="12527">
    <groups>
    </groups>
    <test started-at="2025-02-13T17:55:24 IST" name="Default test" finished-at="2025-02-13T17:55:37 IST" duration-ms="12527">
      <class name="com.zenken.freshers.company.ApplicantListCsv">
        <test-method is-config="true" signature="setup(java.lang.reflect.Method)[pri:0, instance:com.zenken.freshers.company.ApplicantListCsv@510f3d34]" started-at="2025-02-13T17:55:24 IST" name="setup" finished-at="2025-02-13T17:55:27 IST" duration-ms="2265" status="PASS">
          <params>
            <param index="0">
              <value>
                <![CDATA[public void com.zenken.freshers.company.ApplicantListCsv.verifyCsvDl() throws java.io.FileNotFoundException,java.io.IOException]]>
              </value>
            </param>
          </params>
          <reporter-output>
          </reporter-output>
        </test-method> <!-- setup -->
        <test-method is-config="true" signature="setupApplicantListCsv(org.testng.ITestResult)[pri:0, instance:com.zenken.freshers.company.ApplicantListCsv@510f3d34]" started-at="2025-02-13T17:55:27 IST" name="setupApplicantListCsv" finished-at="2025-02-13T17:55:34 IST" duration-ms="7732" status="PASS">
          <params>
            <param index="0">
              <value>
                <![CDATA[[TestResult name={null} status=CREATED method=ApplicantListCsv.verifyCsvDl()[pri:1, instance:com.zenken.freshers.company.ApplicantListCsv@510f3d34] output={null}]]]>
              </value>
            </param>
          </params>
          <reporter-output>
          </reporter-output>
        </test-method> <!-- setupApplicantListCsv -->
        <test-method signature="verifyCsvDl()[pri:1, instance:com.zenken.freshers.company.ApplicantListCsv@510f3d34]" started-at="2025-02-13T17:55:34 IST" name="verifyCsvDl" description="This test verifies that the CSV file is downloaded in zip format and that the zip file name and CSV file names are correct" finished-at="2025-02-13T17:55:37 IST" duration-ms="2126" status="PASS">
          <reporter-output>
          </reporter-output>
        </test-method> <!-- verifyCsvDl -->
        <test-method is-config="true" signature="tearDown()[pri:0, instance:com.zenken.freshers.company.ApplicantListCsv@510f3d34]" started-at="2025-02-13T17:55:37 IST" name="tearDown" finished-at="2025-02-13T17:55:37 IST" duration-ms="368" status="PASS">
          <reporter-output>
          </reporter-output>
        </test-method> <!-- tearDown -->
      </class> <!-- com.zenken.freshers.company.ApplicantListCsv -->
    </test> <!-- Default test -->
  </suite> <!-- Default suite -->
</testng-results>
