<?xml version="1.0" encoding="UTF-8"?>
<testng-results ignored="0" total="14" passed="14" failed="0" skipped="0">
  <reporter-output>
  </reporter-output>
  <suite started-at="2024-09-24T17:35:35 IST" name="Suite" finished-at="2024-09-24T17:39:44 IST" duration-ms="249437">
    <groups>
    </groups>
    <test started-at="2024-09-24T17:35:35 IST" name="Test" finished-at="2024-09-24T17:39:44 IST" duration-ms="249437">
      <class name="com.zenken.freshers.user.Internships">
        <test-method is-config="true" signature="setup(java.lang.reflect.Method)[pri:0, instance:com.zenken.freshers.user.Internships@1cf56a1c]" started-at="2024-09-24T17:35:35 IST" name="setup" finished-at="2024-09-24T17:35:37 IST" duration-ms="1854" status="PASS">
          <params>
            <param index="0">
              <value>
                <![CDATA[public void com.zenken.freshers.user.Internships.verifyIntNewUrl()]]>
              </value>
            </param>
          </params>
          <reporter-output>
          </reporter-output>
        </test-method> <!-- setup -->
        <test-method is-config="true" signature="setUpTest()[pri:0, instance:com.zenken.freshers.user.Internships@1cf56a1c]" started-at="2024-09-24T17:35:37 IST" name="setUpTest" finished-at="2024-09-24T17:36:11 IST" duration-ms="34894" status="PASS">
          <reporter-output>
          </reporter-output>
        </test-method> <!-- setUpTest -->
        <test-method signature="verifyIntNewUrl()[pri:1, instance:com.zenken.freshers.user.Internships@1cf56a1c]" started-at="2024-09-24T17:36:11 IST" name="verifyIntNewUrl" finished-at="2024-09-24T17:36:13 IST" duration-ms="1103" status="PASS">
          <reporter-output>
          </reporter-output>
        </test-method> <!-- verifyIntNewUrl -->
        <test-method is-config="true" signature="tearDown()[pri:0, instance:com.zenken.freshers.user.Internships@1cf56a1c]" started-at="2024-09-24T17:36:13 IST" name="tearDown" finished-at="2024-09-24T17:36:13 IST" duration-ms="242" status="PASS">
          <reporter-output>
          </reporter-output>
        </test-method> <!-- tearDown -->
        <test-method is-config="true" signature="setup(java.lang.reflect.Method)[pri:0, instance:com.zenken.freshers.user.Internships@1cf56a1c]" started-at="2024-09-24T17:36:13 IST" name="setup" finished-at="2024-09-24T17:36:14 IST" duration-ms="867" status="PASS">
          <params>
            <param index="0">
              <value>
                <![CDATA[public void com.zenken.freshers.user.Internships.verifyInternshipPageTitle()]]>
              </value>
            </param>
          </params>
          <reporter-output>
          </reporter-output>
        </test-method> <!-- setup -->
        <test-method is-config="true" signature="setUpTest()[pri:0, instance:com.zenken.freshers.user.Internships@1cf56a1c]" started-at="2024-09-24T17:36:14 IST" name="setUpTest" finished-at="2024-09-24T17:36:21 IST" duration-ms="7069" status="PASS">
          <reporter-output>
          </reporter-output>
        </test-method> <!-- setUpTest -->
        <test-method signature="verifyInternshipPageTitle()[pri:2, instance:com.zenken.freshers.user.Internships@1cf56a1c]" started-at="2024-09-24T17:36:21 IST" name="verifyInternshipPageTitle" finished-at="2024-09-24T17:36:22 IST" duration-ms="1015" status="PASS">
          <reporter-output>
          </reporter-output>
        </test-method> <!-- verifyInternshipPageTitle -->
        <test-method is-config="true" signature="tearDown()[pri:0, instance:com.zenken.freshers.user.Internships@1cf56a1c]" started-at="2024-09-24T17:36:22 IST" name="tearDown" finished-at="2024-09-24T17:36:22 IST" duration-ms="222" status="PASS">
          <reporter-output>
          </reporter-output>
        </test-method> <!-- tearDown -->
        <test-method is-config="true" signature="setup(java.lang.reflect.Method)[pri:0, instance:com.zenken.freshers.user.Internships@1cf56a1c]" started-at="2024-09-24T17:36:22 IST" name="setup" finished-at="2024-09-24T17:36:23 IST" duration-ms="898" status="PASS">
          <params>
            <param index="0">
              <value>
                <![CDATA[public void com.zenken.freshers.user.Internships.verifyInternshipPlaceholder()]]>
              </value>
            </param>
          </params>
          <reporter-output>
          </reporter-output>
        </test-method> <!-- setup -->
        <test-method is-config="true" signature="setUpTest()[pri:0, instance:com.zenken.freshers.user.Internships@1cf56a1c]" started-at="2024-09-24T17:36:23 IST" name="setUpTest" finished-at="2024-09-24T17:36:30 IST" duration-ms="7548" status="PASS">
          <reporter-output>
          </reporter-output>
        </test-method> <!-- setUpTest -->
        <test-method signature="verifyInternshipPlaceholder()[pri:3, instance:com.zenken.freshers.user.Internships@1cf56a1c]" started-at="2024-09-24T17:36:30 IST" name="verifyInternshipPlaceholder" finished-at="2024-09-24T17:36:31 IST" duration-ms="1005" status="PASS">
          <reporter-output>
          </reporter-output>
        </test-method> <!-- verifyInternshipPlaceholder -->
        <test-method is-config="true" signature="tearDown()[pri:0, instance:com.zenken.freshers.user.Internships@1cf56a1c]" started-at="2024-09-24T17:36:31 IST" name="tearDown" finished-at="2024-09-24T17:36:32 IST" duration-ms="176" status="PASS">
          <reporter-output>
          </reporter-output>
        </test-method> <!-- tearDown -->
        <test-method is-config="true" signature="setup(java.lang.reflect.Method)[pri:0, instance:com.zenken.freshers.user.Internships@1cf56a1c]" started-at="2024-09-24T17:36:32 IST" name="setup" finished-at="2024-09-24T17:36:33 IST" duration-ms="885" status="PASS">
          <params>
            <param index="0">
              <value>
                <![CDATA[public void com.zenken.freshers.user.Internships.verifyEndDateDdDisable()]]>
              </value>
            </param>
          </params>
          <reporter-output>
          </reporter-output>
        </test-method> <!-- setup -->
        <test-method is-config="true" signature="setUpTest()[pri:0, instance:com.zenken.freshers.user.Internships@1cf56a1c]" started-at="2024-09-24T17:36:33 IST" name="setUpTest" finished-at="2024-09-24T17:36:40 IST" duration-ms="7197" status="PASS">
          <reporter-output>
          </reporter-output>
        </test-method> <!-- setUpTest -->
        <test-method signature="verifyEndDateDdDisable()[pri:4, instance:com.zenken.freshers.user.Internships@1cf56a1c]" started-at="2024-09-24T17:36:40 IST" name="verifyEndDateDdDisable" finished-at="2024-09-24T17:36:41 IST" duration-ms="1219" status="PASS">
          <reporter-output>
          </reporter-output>
        </test-method> <!-- verifyEndDateDdDisable -->
        <test-method is-config="true" signature="tearDown()[pri:0, instance:com.zenken.freshers.user.Internships@1cf56a1c]" started-at="2024-09-24T17:36:41 IST" name="tearDown" finished-at="2024-09-24T17:36:41 IST" duration-ms="180" status="PASS">
          <reporter-output>
          </reporter-output>
        </test-method> <!-- tearDown -->
        <test-method is-config="true" signature="setup(java.lang.reflect.Method)[pri:0, instance:com.zenken.freshers.user.Internships@1cf56a1c]" started-at="2024-09-24T17:36:41 IST" name="setup" finished-at="2024-09-24T17:36:42 IST" duration-ms="855" status="PASS">
          <params>
            <param index="0">
              <value>
                <![CDATA[public void com.zenken.freshers.user.Internships.verifyInternshipAddition()]]>
              </value>
            </param>
          </params>
          <reporter-output>
          </reporter-output>
        </test-method> <!-- setup -->
        <test-method is-config="true" signature="setUpTest()[pri:0, instance:com.zenken.freshers.user.Internships@1cf56a1c]" started-at="2024-09-24T17:36:42 IST" name="setUpTest" finished-at="2024-09-24T17:36:49 IST" duration-ms="7092" status="PASS">
          <reporter-output>
          </reporter-output>
        </test-method> <!-- setUpTest -->
        <test-method signature="verifyInternshipAddition()[pri:5, instance:com.zenken.freshers.user.Internships@1cf56a1c]" started-at="2024-09-24T17:36:49 IST" name="verifyInternshipAddition" finished-at="2024-09-24T17:36:53 IST" duration-ms="3587" status="PASS">
          <reporter-output>
          </reporter-output>
        </test-method> <!-- verifyInternshipAddition -->
        <test-method is-config="true" signature="tearDown()[pri:0, instance:com.zenken.freshers.user.Internships@1cf56a1c]" started-at="2024-09-24T17:36:53 IST" name="tearDown" finished-at="2024-09-24T17:36:53 IST" duration-ms="238" status="PASS">
          <reporter-output>
          </reporter-output>
        </test-method> <!-- tearDown -->
        <test-method is-config="true" signature="setup(java.lang.reflect.Method)[pri:0, instance:com.zenken.freshers.user.Internships@1cf56a1c]" started-at="2024-09-24T17:36:53 IST" name="setup" finished-at="2024-09-24T17:36:54 IST" duration-ms="770" status="PASS">
          <params>
            <param index="0">
              <value>
                <![CDATA[public void com.zenken.freshers.user.Internships.verifyIntAdditionWithDetails()]]>
              </value>
            </param>
          </params>
          <reporter-output>
          </reporter-output>
        </test-method> <!-- setup -->
        <test-method is-config="true" signature="setUpTest()[pri:0, instance:com.zenken.freshers.user.Internships@1cf56a1c]" started-at="2024-09-24T17:36:54 IST" name="setUpTest" finished-at="2024-09-24T17:37:01 IST" duration-ms="7360" status="PASS">
          <reporter-output>
          </reporter-output>
        </test-method> <!-- setUpTest -->
        <test-method signature="verifyIntAdditionWithDetails()[pri:6, instance:com.zenken.freshers.user.Internships@1cf56a1c]" started-at="2024-09-24T17:37:01 IST" name="verifyIntAdditionWithDetails" finished-at="2024-09-24T17:37:06 IST" duration-ms="5129" status="PASS">
          <reporter-output>
          </reporter-output>
        </test-method> <!-- verifyIntAdditionWithDetails -->
        <test-method is-config="true" signature="tearDown()[pri:0, instance:com.zenken.freshers.user.Internships@1cf56a1c]" started-at="2024-09-24T17:37:06 IST" name="tearDown" finished-at="2024-09-24T17:37:06 IST" duration-ms="267" status="PASS">
          <reporter-output>
          </reporter-output>
        </test-method> <!-- tearDown -->
        <test-method is-config="true" signature="setup(java.lang.reflect.Method)[pri:0, instance:com.zenken.freshers.user.Internships@1cf56a1c]" started-at="2024-09-24T17:37:06 IST" name="setup" finished-at="2024-09-24T17:37:07 IST" duration-ms="814" status="PASS">
          <params>
            <param index="0">
              <value>
                <![CDATA[public void com.zenken.freshers.user.Internships.verifyIntEditUrl()]]>
              </value>
            </param>
          </params>
          <reporter-output>
          </reporter-output>
        </test-method> <!-- setup -->
        <test-method is-config="true" signature="setUpTest()[pri:0, instance:com.zenken.freshers.user.Internships@1cf56a1c]" started-at="2024-09-24T17:37:07 IST" name="setUpTest" finished-at="2024-09-24T17:37:14 IST" duration-ms="7063" status="PASS">
          <reporter-output>
          </reporter-output>
        </test-method> <!-- setUpTest -->
        <test-method signature="verifyIntEditUrl()[pri:7, instance:com.zenken.freshers.user.Internships@1cf56a1c]" started-at="2024-09-24T17:37:14 IST" name="verifyIntEditUrl" finished-at="2024-09-24T17:37:15 IST" duration-ms="1042" status="PASS">
          <reporter-output>
          </reporter-output>
        </test-method> <!-- verifyIntEditUrl -->
        <test-method is-config="true" signature="tearDown()[pri:0, instance:com.zenken.freshers.user.Internships@1cf56a1c]" started-at="2024-09-24T17:37:15 IST" name="tearDown" finished-at="2024-09-24T17:37:16 IST" duration-ms="189" status="PASS">
          <reporter-output>
          </reporter-output>
        </test-method> <!-- tearDown -->
        <test-method is-config="true" signature="setup(java.lang.reflect.Method)[pri:0, instance:com.zenken.freshers.user.Internships@1cf56a1c]" started-at="2024-09-24T17:37:16 IST" name="setup" finished-at="2024-09-24T17:37:16 IST" duration-ms="798" status="PASS">
          <params>
            <param index="0">
              <value>
                <![CDATA[public void com.zenken.freshers.user.Internships.verifyIntSavedData()]]>
              </value>
            </param>
          </params>
          <reporter-output>
          </reporter-output>
        </test-method> <!-- setup -->
        <test-method is-config="true" signature="setUpTest()[pri:0, instance:com.zenken.freshers.user.Internships@1cf56a1c]" started-at="2024-09-24T17:37:16 IST" name="setUpTest" finished-at="2024-09-24T17:37:23 IST" duration-ms="7117" status="PASS">
          <reporter-output>
          </reporter-output>
        </test-method> <!-- setUpTest -->
        <test-method signature="verifyIntSavedData()[pri:8, instance:com.zenken.freshers.user.Internships@1cf56a1c]" started-at="2024-09-24T17:37:23 IST" name="verifyIntSavedData" finished-at="2024-09-24T17:37:25 IST" duration-ms="1262" status="PASS">
          <reporter-output>
          </reporter-output>
        </test-method> <!-- verifyIntSavedData -->
        <test-method is-config="true" signature="tearDown()[pri:0, instance:com.zenken.freshers.user.Internships@1cf56a1c]" started-at="2024-09-24T17:37:25 IST" name="tearDown" finished-at="2024-09-24T17:37:25 IST" duration-ms="175" status="PASS">
          <reporter-output>
          </reporter-output>
        </test-method> <!-- tearDown -->
        <test-method is-config="true" signature="setup(java.lang.reflect.Method)[pri:0, instance:com.zenken.freshers.user.Internships@1cf56a1c]" started-at="2024-09-24T17:37:25 IST" name="setup" finished-at="2024-09-24T17:37:26 IST" duration-ms="856" status="PASS">
          <params>
            <param index="0">
              <value>
                <![CDATA[public void com.zenken.freshers.user.Internships.verifyIntCharCount()]]>
              </value>
            </param>
          </params>
          <reporter-output>
          </reporter-output>
        </test-method> <!-- setup -->
        <test-method is-config="true" signature="setUpTest()[pri:0, instance:com.zenken.freshers.user.Internships@1cf56a1c]" started-at="2024-09-24T17:37:26 IST" name="setUpTest" finished-at="2024-09-24T17:37:34 IST" duration-ms="8641" status="PASS">
          <reporter-output>
          </reporter-output>
        </test-method> <!-- setUpTest -->
        <test-method signature="verifyIntCharCount()[pri:9, instance:com.zenken.freshers.user.Internships@1cf56a1c]" started-at="2024-09-24T17:37:34 IST" name="verifyIntCharCount" finished-at="2024-09-24T17:38:03 IST" duration-ms="28266" status="PASS">
          <reporter-output>
          </reporter-output>
        </test-method> <!-- verifyIntCharCount -->
        <test-method is-config="true" signature="tearDown()[pri:0, instance:com.zenken.freshers.user.Internships@1cf56a1c]" started-at="2024-09-24T17:38:03 IST" name="tearDown" finished-at="2024-09-24T17:38:03 IST" duration-ms="255" status="PASS">
          <reporter-output>
          </reporter-output>
        </test-method> <!-- tearDown -->
        <test-method is-config="true" signature="setup(java.lang.reflect.Method)[pri:0, instance:com.zenken.freshers.user.Internships@1cf56a1c]" started-at="2024-09-24T17:38:03 IST" name="setup" finished-at="2024-09-24T17:38:04 IST" duration-ms="742" status="PASS">
          <params>
            <param index="0">
              <value>
                <![CDATA[public void com.zenken.freshers.user.Internships.verifyTenIntExceed()]]>
              </value>
            </param>
          </params>
          <reporter-output>
          </reporter-output>
        </test-method> <!-- setup -->
        <test-method is-config="true" signature="setUpTest()[pri:0, instance:com.zenken.freshers.user.Internships@1cf56a1c]" started-at="2024-09-24T17:38:04 IST" name="setUpTest" finished-at="2024-09-24T17:38:11 IST" duration-ms="7019" status="PASS">
          <reporter-output>
          </reporter-output>
        </test-method> <!-- setUpTest -->
        <test-method signature="verifyTenIntExceed()[pri:10, instance:com.zenken.freshers.user.Internships@1cf56a1c]" started-at="2024-09-24T17:38:11 IST" name="verifyTenIntExceed" finished-at="2024-09-24T17:38:38 IST" duration-ms="27501" status="PASS">
          <reporter-output>
          </reporter-output>
        </test-method> <!-- verifyTenIntExceed -->
        <test-method is-config="true" signature="tearDown()[pri:0, instance:com.zenken.freshers.user.Internships@1cf56a1c]" started-at="2024-09-24T17:38:38 IST" name="tearDown" finished-at="2024-09-24T17:38:38 IST" duration-ms="231" status="PASS">
          <reporter-output>
          </reporter-output>
        </test-method> <!-- tearDown -->
        <test-method is-config="true" signature="setup(java.lang.reflect.Method)[pri:0, instance:com.zenken.freshers.user.Internships@1cf56a1c]" started-at="2024-09-24T17:38:38 IST" name="setup" finished-at="2024-09-24T17:38:39 IST" duration-ms="815" status="PASS">
          <params>
            <param index="0">
              <value>
                <![CDATA[public void com.zenken.freshers.user.Internships.verifyIntDeletePopUp()]]>
              </value>
            </param>
          </params>
          <reporter-output>
          </reporter-output>
        </test-method> <!-- setup -->
        <test-method is-config="true" signature="setUpTest()[pri:0, instance:com.zenken.freshers.user.Internships@1cf56a1c]" started-at="2024-09-24T17:38:39 IST" name="setUpTest" finished-at="2024-09-24T17:38:47 IST" duration-ms="7460" status="PASS">
          <reporter-output>
          </reporter-output>
        </test-method> <!-- setUpTest -->
        <test-method signature="verifyIntDeletePopUp()[pri:11, instance:com.zenken.freshers.user.Internships@1cf56a1c]" started-at="2024-09-24T17:38:47 IST" name="verifyIntDeletePopUp" finished-at="2024-09-24T17:38:48 IST" duration-ms="1762" status="PASS">
          <reporter-output>
          </reporter-output>
        </test-method> <!-- verifyIntDeletePopUp -->
        <test-method is-config="true" signature="tearDown()[pri:0, instance:com.zenken.freshers.user.Internships@1cf56a1c]" started-at="2024-09-24T17:38:48 IST" name="tearDown" finished-at="2024-09-24T17:38:49 IST" duration-ms="203" status="PASS">
          <reporter-output>
          </reporter-output>
        </test-method> <!-- tearDown -->
        <test-method is-config="true" signature="setup(java.lang.reflect.Method)[pri:0, instance:com.zenken.freshers.user.Internships@1cf56a1c]" started-at="2024-09-24T17:38:49 IST" name="setup" finished-at="2024-09-24T17:38:49 IST" duration-ms="733" status="PASS">
          <params>
            <param index="0">
              <value>
                <![CDATA[public void com.zenken.freshers.user.Internships.verifyIntDelete()]]>
              </value>
            </param>
          </params>
          <reporter-output>
          </reporter-output>
        </test-method> <!-- setup -->
        <test-method is-config="true" signature="setUpTest()[pri:0, instance:com.zenken.freshers.user.Internships@1cf56a1c]" started-at="2024-09-24T17:38:49 IST" name="setUpTest" finished-at="2024-09-24T17:38:59 IST" duration-ms="9617" status="PASS">
          <reporter-output>
          </reporter-output>
        </test-method> <!-- setUpTest -->
        <test-method signature="verifyIntDelete()[pri:12, instance:com.zenken.freshers.user.Internships@1cf56a1c]" started-at="2024-09-24T17:38:59 IST" name="verifyIntDelete" finished-at="2024-09-24T17:39:02 IST" duration-ms="3092" status="PASS">
          <reporter-output>
          </reporter-output>
        </test-method> <!-- verifyIntDelete -->
        <test-method is-config="true" signature="tearDown()[pri:0, instance:com.zenken.freshers.user.Internships@1cf56a1c]" started-at="2024-09-24T17:39:02 IST" name="tearDown" finished-at="2024-09-24T17:39:02 IST" duration-ms="234" status="PASS">
          <reporter-output>
          </reporter-output>
        </test-method> <!-- tearDown -->
        <test-method is-config="true" signature="setup(java.lang.reflect.Method)[pri:0, instance:com.zenken.freshers.user.Internships@1cf56a1c]" started-at="2024-09-24T17:39:02 IST" name="setup" finished-at="2024-09-24T17:39:03 IST" duration-ms="829" status="PASS">
          <params>
            <param index="0">
              <value>
                <![CDATA[public void com.zenken.freshers.user.Internships.verifyIntDetailsCharExceed()]]>
              </value>
            </param>
          </params>
          <reporter-output>
          </reporter-output>
        </test-method> <!-- setup -->
        <test-method is-config="true" signature="setUpTest()[pri:0, instance:com.zenken.freshers.user.Internships@1cf56a1c]" started-at="2024-09-24T17:39:03 IST" name="setUpTest" finished-at="2024-09-24T17:39:13 IST" duration-ms="9774" status="PASS">
          <reporter-output>
          </reporter-output>
        </test-method> <!-- setUpTest -->
        <test-method signature="verifyIntDetailsCharExceed()[pri:13, instance:com.zenken.freshers.user.Internships@1cf56a1c]" started-at="2024-09-24T17:39:13 IST" name="verifyIntDetailsCharExceed" finished-at="2024-09-24T17:39:32 IST" duration-ms="19277" status="PASS">
          <reporter-output>
          </reporter-output>
        </test-method> <!-- verifyIntDetailsCharExceed -->
        <test-method is-config="true" signature="tearDown()[pri:0, instance:com.zenken.freshers.user.Internships@1cf56a1c]" started-at="2024-09-24T17:39:32 IST" name="tearDown" finished-at="2024-09-24T17:39:32 IST" duration-ms="219" status="PASS">
          <reporter-output>
          </reporter-output>
        </test-method> <!-- tearDown -->
        <test-method is-config="true" signature="setup(java.lang.reflect.Method)[pri:0, instance:com.zenken.freshers.user.Internships@1cf56a1c]" started-at="2024-09-24T17:39:32 IST" name="setup" finished-at="2024-09-24T17:39:33 IST" duration-ms="773" status="PASS">
          <params>
            <param index="0">
              <value>
                <![CDATA[public void com.zenken.freshers.user.Internships.verifyEndDateMismatch()]]>
              </value>
            </param>
          </params>
          <reporter-output>
          </reporter-output>
        </test-method> <!-- setup -->
        <test-method is-config="true" signature="setUpTest()[pri:0, instance:com.zenken.freshers.user.Internships@1cf56a1c]" started-at="2024-09-24T17:39:33 IST" name="setUpTest" finished-at="2024-09-24T17:39:41 IST" duration-ms="7362" status="PASS">
          <reporter-output>
          </reporter-output>
        </test-method> <!-- setUpTest -->
        <test-method signature="verifyEndDateMismatch()[pri:14, instance:com.zenken.freshers.user.Internships@1cf56a1c]" started-at="2024-09-24T17:39:41 IST" name="verifyEndDateMismatch" finished-at="2024-09-24T17:39:44 IST" duration-ms="3353" status="PASS">
          <reporter-output>
          </reporter-output>
        </test-method> <!-- verifyEndDateMismatch -->
        <test-method is-config="true" signature="tearDown()[pri:0, instance:com.zenken.freshers.user.Internships@1cf56a1c]" started-at="2024-09-24T17:39:44 IST" name="tearDown" finished-at="2024-09-24T17:39:44 IST" duration-ms="211" status="PASS">
          <reporter-output>
          </reporter-output>
        </test-method> <!-- tearDown -->
      </class> <!-- com.zenken.freshers.user.Internships -->
    </test> <!-- Test -->
  </suite> <!-- Suite -->
</testng-results>
