<?xml version="1.0" encoding="UTF-8"?>
<testng-results ignored="0" total="11" passed="11" failed="0" skipped="0">
  <reporter-output>
  </reporter-output>
  <suite started-at="2024-10-25T17:11:39 IST" name="Suite" finished-at="2024-10-25T17:14:33 IST" duration-ms="174399">
    <groups>
    </groups>
    <test started-at="2024-10-25T17:11:39 IST" name="Test" finished-at="2024-10-25T17:14:33 IST" duration-ms="174399">
      <class name="com.zenken.freshers.user.Photo">
        <test-method is-config="true" signature="setup(java.lang.reflect.Method)[pri:0, instance:com.zenken.freshers.user.Photo@b86de0d]" started-at="2024-10-25T17:11:39 IST" name="setup" finished-at="2024-10-25T17:11:40 IST" duration-ms="1599" status="PASS">
          <params>
            <param index="0">
              <value>
                <![CDATA[public void com.zenken.freshers.user.Photo.verifyPhotoUrl()]]>
              </value>
            </param>
          </params>
          <reporter-output>
          </reporter-output>
        </test-method> <!-- setup -->
        <test-method is-config="true" signature="setUpTest()[pri:0, instance:com.zenken.freshers.user.Photo@b86de0d]" started-at="2024-10-25T17:11:40 IST" name="setUpTest" finished-at="2024-10-25T17:11:47 IST" duration-ms="7115" status="PASS">
          <reporter-output>
          </reporter-output>
        </test-method> <!-- setUpTest -->
        <test-method signature="verifyPhotoUrl()[pri:1, instance:com.zenken.freshers.user.Photo@b86de0d]" started-at="2024-10-25T17:11:47 IST" name="verifyPhotoUrl" description="This test verifies that user is redirected to Photo edit page" finished-at="2024-10-25T17:11:48 IST" duration-ms="1036" status="PASS">
          <reporter-output>
          </reporter-output>
        </test-method> <!-- verifyPhotoUrl -->
        <test-method is-config="true" signature="tearDown()[pri:0, instance:com.zenken.freshers.user.Photo@b86de0d]" started-at="2024-10-25T17:11:48 IST" name="tearDown" finished-at="2024-10-25T17:11:49 IST" duration-ms="289" status="PASS">
          <reporter-output>
          </reporter-output>
        </test-method> <!-- tearDown -->
        <test-method is-config="true" signature="setup(java.lang.reflect.Method)[pri:0, instance:com.zenken.freshers.user.Photo@b86de0d]" started-at="2024-10-25T17:11:49 IST" name="setup" finished-at="2024-10-25T17:11:50 IST" duration-ms="943" status="PASS">
          <params>
            <param index="0">
              <value>
                <![CDATA[public void com.zenken.freshers.user.Photo.verifyPhotoTitle()]]>
              </value>
            </param>
          </params>
          <reporter-output>
          </reporter-output>
        </test-method> <!-- setup -->
        <test-method is-config="true" signature="setUpTest()[pri:0, instance:com.zenken.freshers.user.Photo@b86de0d]" started-at="2024-10-25T17:11:50 IST" name="setUpTest" finished-at="2024-10-25T17:11:56 IST" duration-ms="6815" status="PASS">
          <reporter-output>
          </reporter-output>
        </test-method> <!-- setUpTest -->
        <test-method signature="verifyPhotoTitle()[pri:2, instance:com.zenken.freshers.user.Photo@b86de0d]" started-at="2024-10-25T17:11:56 IST" name="verifyPhotoTitle" description="This test verifies that the Photo page title is correct" finished-at="2024-10-25T17:11:58 IST" duration-ms="1540" status="PASS">
          <reporter-output>
          </reporter-output>
        </test-method> <!-- verifyPhotoTitle -->
        <test-method is-config="true" signature="tearDown()[pri:0, instance:com.zenken.freshers.user.Photo@b86de0d]" started-at="2024-10-25T17:11:58 IST" name="tearDown" finished-at="2024-10-25T17:11:58 IST" duration-ms="180" status="PASS">
          <reporter-output>
          </reporter-output>
        </test-method> <!-- tearDown -->
        <test-method is-config="true" signature="setup(java.lang.reflect.Method)[pri:0, instance:com.zenken.freshers.user.Photo@b86de0d]" started-at="2024-10-25T17:11:58 IST" name="setup" finished-at="2024-10-25T17:11:59 IST" duration-ms="869" status="PASS">
          <params>
            <param index="0">
              <value>
                <![CDATA[public void com.zenken.freshers.user.Photo.verifyUploadModalDisplay()]]>
              </value>
            </param>
          </params>
          <reporter-output>
          </reporter-output>
        </test-method> <!-- setup -->
        <test-method is-config="true" signature="setUpTest()[pri:0, instance:com.zenken.freshers.user.Photo@b86de0d]" started-at="2024-10-25T17:11:59 IST" name="setUpTest" finished-at="2024-10-25T17:12:06 IST" duration-ms="6913" status="PASS">
          <reporter-output>
          </reporter-output>
        </test-method> <!-- setUpTest -->
        <test-method signature="verifyUploadModalDisplay()[pri:3, instance:com.zenken.freshers.user.Photo@b86de0d]" started-at="2024-10-25T17:12:06 IST" name="verifyUploadModalDisplay" description="This test verifies that upload modal appears when upload icon is clicked" finished-at="2024-10-25T17:12:07 IST" duration-ms="897" status="PASS">
          <reporter-output>
          </reporter-output>
        </test-method> <!-- verifyUploadModalDisplay -->
        <test-method is-config="true" signature="tearDown()[pri:0, instance:com.zenken.freshers.user.Photo@b86de0d]" started-at="2024-10-25T17:12:07 IST" name="tearDown" finished-at="2024-10-25T17:12:07 IST" duration-ms="217" status="PASS">
          <reporter-output>
          </reporter-output>
        </test-method> <!-- tearDown -->
        <test-method is-config="true" signature="setup(java.lang.reflect.Method)[pri:0, instance:com.zenken.freshers.user.Photo@b86de0d]" started-at="2024-10-25T17:12:07 IST" name="setup" finished-at="2024-10-25T17:12:08 IST" duration-ms="753" status="PASS">
          <params>
            <param index="0">
              <value>
                <![CDATA[public void com.zenken.freshers.user.Photo.verifyImageResize()]]>
              </value>
            </param>
          </params>
          <reporter-output>
          </reporter-output>
        </test-method> <!-- setup -->
        <test-method is-config="true" signature="setUpTest()[pri:0, instance:com.zenken.freshers.user.Photo@b86de0d]" started-at="2024-10-25T17:12:08 IST" name="setUpTest" finished-at="2024-10-25T17:12:14 IST" duration-ms="6542" status="PASS">
          <reporter-output>
          </reporter-output>
        </test-method> <!-- setUpTest -->
        <test-method signature="verifyImageResize()[pri:4, instance:com.zenken.freshers.user.Photo@b86de0d]" started-at="2024-10-25T17:12:14 IST" name="verifyImageResize" description="This test verifies that the uploaded image can be resized" finished-at="2024-10-25T17:12:16 IST" duration-ms="1489" status="PASS">
          <reporter-output>
          </reporter-output>
        </test-method> <!-- verifyImageResize -->
        <test-method is-config="true" signature="tearDown()[pri:0, instance:com.zenken.freshers.user.Photo@b86de0d]" started-at="2024-10-25T17:12:16 IST" name="tearDown" finished-at="2024-10-25T17:12:16 IST" duration-ms="218" status="PASS">
          <reporter-output>
          </reporter-output>
        </test-method> <!-- tearDown -->
        <test-method is-config="true" signature="setup(java.lang.reflect.Method)[pri:0, instance:com.zenken.freshers.user.Photo@b86de0d]" started-at="2024-10-25T17:12:16 IST" name="setup" finished-at="2024-10-25T17:12:17 IST" duration-ms="825" status="PASS">
          <params>
            <param index="0">
              <value>
                <![CDATA[public void com.zenken.freshers.user.Photo.verifyImageDrag()]]>
              </value>
            </param>
          </params>
          <reporter-output>
          </reporter-output>
        </test-method> <!-- setup -->
        <test-method is-config="true" signature="setUpTest()[pri:0, instance:com.zenken.freshers.user.Photo@b86de0d]" started-at="2024-10-25T17:12:17 IST" name="setUpTest" finished-at="2024-10-25T17:12:23 IST" duration-ms="6454" status="PASS">
          <reporter-output>
          </reporter-output>
        </test-method> <!-- setUpTest -->
        <test-method signature="verifyImageDrag()[pri:5, instance:com.zenken.freshers.user.Photo@b86de0d]" started-at="2024-10-25T17:12:23 IST" name="verifyImageDrag" description="This test verifies that the uploaded image can be dragged" finished-at="2024-10-25T17:12:25 IST" duration-ms="1467" status="PASS">
          <reporter-output>
          </reporter-output>
        </test-method> <!-- verifyImageDrag -->
        <test-method is-config="true" signature="tearDown()[pri:0, instance:com.zenken.freshers.user.Photo@b86de0d]" started-at="2024-10-25T17:12:25 IST" name="tearDown" finished-at="2024-10-25T17:12:25 IST" duration-ms="180" status="PASS">
          <reporter-output>
          </reporter-output>
        </test-method> <!-- tearDown -->
        <test-method is-config="true" signature="setup(java.lang.reflect.Method)[pri:0, instance:com.zenken.freshers.user.Photo@b86de0d]" started-at="2024-10-25T17:12:25 IST" name="setup" finished-at="2024-10-25T17:12:26 IST" duration-ms="752" status="PASS">
          <params>
            <param index="0">
              <value>
                <![CDATA[public void com.zenken.freshers.user.Photo.verifyPhotoUpload()]]>
              </value>
            </param>
          </params>
          <reporter-output>
          </reporter-output>
        </test-method> <!-- setup -->
        <test-method is-config="true" signature="setUpTest()[pri:0, instance:com.zenken.freshers.user.Photo@b86de0d]" started-at="2024-10-25T17:12:26 IST" name="setUpTest" finished-at="2024-10-25T17:12:32 IST" duration-ms="6521" status="PASS">
          <reporter-output>
          </reporter-output>
        </test-method> <!-- setUpTest -->
        <test-method signature="verifyPhotoUpload()[pri:6, instance:com.zenken.freshers.user.Photo@b86de0d]" started-at="2024-10-25T17:12:32 IST" name="verifyPhotoUpload" description="This test verifies that the image can be uploaded successfully" finished-at="2024-10-25T17:12:38 IST" duration-ms="5687" status="PASS">
          <reporter-output>
          </reporter-output>
        </test-method> <!-- verifyPhotoUpload -->
        <test-method is-config="true" signature="tearDown()[pri:0, instance:com.zenken.freshers.user.Photo@b86de0d]" started-at="2024-10-25T17:12:38 IST" name="tearDown" finished-at="2024-10-25T17:12:38 IST" duration-ms="260" status="PASS">
          <reporter-output>
          </reporter-output>
        </test-method> <!-- tearDown -->
        <test-method is-config="true" signature="setup(java.lang.reflect.Method)[pri:0, instance:com.zenken.freshers.user.Photo@b86de0d]" started-at="2024-10-25T17:12:38 IST" name="setup" finished-at="2024-10-25T17:12:39 IST" duration-ms="880" status="PASS">
          <params>
            <param index="0">
              <value>
                <![CDATA[public void com.zenken.freshers.user.Photo.verifyPhotoImage() throws java.lang.InterruptedException]]>
              </value>
            </param>
          </params>
          <reporter-output>
          </reporter-output>
        </test-method> <!-- setup -->
        <test-method is-config="true" signature="setUpTest()[pri:0, instance:com.zenken.freshers.user.Photo@b86de0d]" started-at="2024-10-25T17:12:39 IST" name="setUpTest" finished-at="2024-10-25T17:12:46 IST" duration-ms="6455" status="PASS">
          <reporter-output>
          </reporter-output>
        </test-method> <!-- setUpTest -->
        <test-method signature="verifyPhotoImage()[pri:7, instance:com.zenken.freshers.user.Photo@b86de0d]" started-at="2024-10-25T17:12:46 IST" name="verifyPhotoImage" description="This test verifies that the uploaded image is same and &#039;Required to apply&#039; text is not displayed on preview and Photo edit page" finished-at="2024-10-25T17:13:48 IST" duration-ms="61973" status="PASS">
          <reporter-output>
          </reporter-output>
        </test-method> <!-- verifyPhotoImage -->
        <test-method is-config="true" signature="tearDown()[pri:0, instance:com.zenken.freshers.user.Photo@b86de0d]" started-at="2024-10-25T17:13:48 IST" name="tearDown" finished-at="2024-10-25T17:13:48 IST" duration-ms="408" status="PASS">
          <reporter-output>
          </reporter-output>
        </test-method> <!-- tearDown -->
        <test-method is-config="true" signature="setup(java.lang.reflect.Method)[pri:0, instance:com.zenken.freshers.user.Photo@b86de0d]" started-at="2024-10-25T17:13:48 IST" name="setup" finished-at="2024-10-25T17:13:49 IST" duration-ms="898" status="PASS">
          <params>
            <param index="0">
              <value>
                <![CDATA[public void com.zenken.freshers.user.Photo.verifyPhotoChange()]]>
              </value>
            </param>
          </params>
          <reporter-output>
          </reporter-output>
        </test-method> <!-- setup -->
        <test-method is-config="true" signature="setUpTest()[pri:0, instance:com.zenken.freshers.user.Photo@b86de0d]" started-at="2024-10-25T17:13:49 IST" name="setUpTest" finished-at="2024-10-25T17:13:56 IST" duration-ms="7512" status="PASS">
          <reporter-output>
          </reporter-output>
        </test-method> <!-- setUpTest -->
        <test-method signature="verifyPhotoChange()[pri:8, instance:com.zenken.freshers.user.Photo@b86de0d]" started-at="2024-10-25T17:13:56 IST" name="verifyPhotoChange" description="This test verifies that the uploaded image can be changed" finished-at="2024-10-25T17:13:58 IST" duration-ms="2103" status="PASS">
          <reporter-output>
          </reporter-output>
        </test-method> <!-- verifyPhotoChange -->
        <test-method is-config="true" signature="tearDown()[pri:0, instance:com.zenken.freshers.user.Photo@b86de0d]" started-at="2024-10-25T17:13:58 IST" name="tearDown" finished-at="2024-10-25T17:13:59 IST" duration-ms="253" status="PASS">
          <reporter-output>
          </reporter-output>
        </test-method> <!-- tearDown -->
        <test-method is-config="true" signature="setup(java.lang.reflect.Method)[pri:0, instance:com.zenken.freshers.user.Photo@b86de0d]" started-at="2024-10-25T17:13:59 IST" name="setup" finished-at="2024-10-25T17:14:00 IST" duration-ms="980" status="PASS">
          <params>
            <param index="0">
              <value>
                <![CDATA[public void com.zenken.freshers.user.Photo.verifyPhotoDelete()]]>
              </value>
            </param>
          </params>
          <reporter-output>
          </reporter-output>
        </test-method> <!-- setup -->
        <test-method is-config="true" signature="setUpTest()[pri:0, instance:com.zenken.freshers.user.Photo@b86de0d]" started-at="2024-10-25T17:14:00 IST" name="setUpTest" finished-at="2024-10-25T17:14:07 IST" duration-ms="7595" status="PASS">
          <reporter-output>
          </reporter-output>
        </test-method> <!-- setUpTest -->
        <test-method signature="verifyPhotoDelete()[pri:9, instance:com.zenken.freshers.user.Photo@b86de0d]" started-at="2024-10-25T17:14:07 IST" name="verifyPhotoDelete" description="This test verifies that the image can be deleted and &#039;Required to apply&#039; text is displayed on Photo edit and preview page" finished-at="2024-10-25T17:14:12 IST" duration-ms="4793" status="PASS">
          <reporter-output>
          </reporter-output>
        </test-method> <!-- verifyPhotoDelete -->
        <test-method is-config="true" signature="tearDown()[pri:0, instance:com.zenken.freshers.user.Photo@b86de0d]" started-at="2024-10-25T17:14:12 IST" name="tearDown" finished-at="2024-10-25T17:14:12 IST" duration-ms="255" status="PASS">
          <reporter-output>
          </reporter-output>
        </test-method> <!-- tearDown -->
        <test-method is-config="true" signature="setup(java.lang.reflect.Method)[pri:0, instance:com.zenken.freshers.user.Photo@b86de0d]" started-at="2024-10-25T17:14:12 IST" name="setup" finished-at="2024-10-25T17:14:13 IST" duration-ms="766" status="PASS">
          <params>
            <param index="0">
              <value>
                <![CDATA[public void com.zenken.freshers.user.Photo.verifyPhotoInvalidFile()]]>
              </value>
            </param>
          </params>
          <reporter-output>
          </reporter-output>
        </test-method> <!-- setup -->
        <test-method is-config="true" signature="setUpTest()[pri:0, instance:com.zenken.freshers.user.Photo@b86de0d]" started-at="2024-10-25T17:14:13 IST" name="setUpTest" finished-at="2024-10-25T17:14:20 IST" duration-ms="6679" status="PASS">
          <reporter-output>
          </reporter-output>
        </test-method> <!-- setUpTest -->
        <test-method signature="verifyPhotoInvalidFile()[pri:10, instance:com.zenken.freshers.user.Photo@b86de0d]" started-at="2024-10-25T17:14:20 IST" name="verifyPhotoInvalidFile" description="This test verifies that validation error occurs for invalid file format" finished-at="2024-10-25T17:14:24 IST" duration-ms="3985" status="PASS">
          <reporter-output>
          </reporter-output>
        </test-method> <!-- verifyPhotoInvalidFile -->
        <test-method is-config="true" signature="tearDown()[pri:0, instance:com.zenken.freshers.user.Photo@b86de0d]" started-at="2024-10-25T17:14:24 IST" name="tearDown" finished-at="2024-10-25T17:14:24 IST" duration-ms="238" status="PASS">
          <reporter-output>
          </reporter-output>
        </test-method> <!-- tearDown -->
        <test-method is-config="true" signature="setup(java.lang.reflect.Method)[pri:0, instance:com.zenken.freshers.user.Photo@b86de0d]" started-at="2024-10-25T17:14:24 IST" name="setup" finished-at="2024-10-25T17:14:25 IST" duration-ms="831" status="PASS">
          <params>
            <param index="0">
              <value>
                <![CDATA[public void com.zenken.freshers.user.Photo.verifyPhotoInvalidSize()]]>
              </value>
            </param>
          </params>
          <reporter-output>
          </reporter-output>
        </test-method> <!-- setup -->
        <test-method is-config="true" signature="setUpTest()[pri:0, instance:com.zenken.freshers.user.Photo@b86de0d]" started-at="2024-10-25T17:14:25 IST" name="setUpTest" finished-at="2024-10-25T17:14:32 IST" duration-ms="6977" status="PASS">
          <reporter-output>
          </reporter-output>
        </test-method> <!-- setUpTest -->
        <test-method signature="verifyPhotoInvalidSize()[pri:11, instance:com.zenken.freshers.user.Photo@b86de0d]" started-at="2024-10-25T17:14:32 IST" name="verifyPhotoInvalidSize" description="This test verifies that validation error occurs when image size is more than 5MB" finished-at="2024-10-25T17:14:33 IST" duration-ms="984" status="PASS">
          <reporter-output>
          </reporter-output>
        </test-method> <!-- verifyPhotoInvalidSize -->
        <test-method is-config="true" signature="tearDown()[pri:0, instance:com.zenken.freshers.user.Photo@b86de0d]" started-at="2024-10-25T17:14:33 IST" name="tearDown" finished-at="2024-10-25T17:14:33 IST" duration-ms="181" status="PASS">
          <reporter-output>
          </reporter-output>
        </test-method> <!-- tearDown -->
      </class> <!-- com.zenken.freshers.user.Photo -->
    </test> <!-- Test -->
  </suite> <!-- Suite -->
</testng-results>
