<?xml version="1.0" encoding="UTF-8"?>
<testng-results ignored="0" total="1" passed="1" failed="0" skipped="0">
  <reporter-output>
  </reporter-output>
  <suite started-at="2025-01-29T15:12:32 IST" name="Default suite" finished-at="2025-01-29T15:12:38 IST" duration-ms="6352">
    <groups>
    </groups>
    <test started-at="2025-01-29T15:12:32 IST" name="Default test" finished-at="2025-01-29T15:12:38 IST" duration-ms="6352">
      <class name="com.zenken.freshers.user.Login">
        <test-method is-config="true" signature="startDocker()[pri:0, instance:com.zenken.freshers.user.Login@6f45df59]" started-at="2025-01-29T15:12:32 IST" name="startDocker" finished-at="2025-01-29T15:12:32 IST" duration-ms="25" status="PASS">
          <reporter-output>
          </reporter-output>
        </test-method> <!-- startDocker -->
        <test-method is-config="true" signature="generatePass()[pri:0, instance:com.zenken.freshers.user.Login@6f45df59]" started-at="2025-01-29T15:12:32 IST" name="generatePass" finished-at="2025-01-29T15:12:32 IST" duration-ms="39" status="PASS">
          <reporter-output>
          </reporter-output>
        </test-method> <!-- generatePass -->
        <test-method is-config="true" signature="setup(java.lang.reflect.Method)[pri:0, instance:com.zenken.freshers.user.Login@6f45df59]" started-at="2025-01-29T15:12:32 IST" name="setup" finished-at="2025-01-29T15:12:34 IST" duration-ms="1927" status="PASS">
          <params>
            <param index="0">
              <value>
                <![CDATA[public void com.zenken.freshers.user.Login.verifyHeadLineText()]]>
              </value>
            </param>
          </params>
          <reporter-output>
          </reporter-output>
        </test-method> <!-- setup -->
        <test-method is-config="true" signature="setUpTest(org.testng.ITestResult)[pri:0, instance:com.zenken.freshers.user.Login@6f45df59]" started-at="2025-01-29T15:12:34 IST" name="setUpTest" finished-at="2025-01-29T15:12:38 IST" duration-ms="4101" status="PASS">
          <params>
            <param index="0">
              <value>
                <![CDATA[[TestResult name={null} status=CREATED method=Login.verifyHeadLineText()[pri:0, instance:com.zenken.freshers.user.Login@6f45df59] output={null}]]]>
              </value>
            </param>
          </params>
          <reporter-output>
          </reporter-output>
        </test-method> <!-- setUpTest -->
        <test-method signature="verifyHeadLineText()[pri:0, instance:com.zenken.freshers.user.Login@6f45df59]" started-at="2025-01-29T15:12:38 IST" name="verifyHeadLineText" description="This test verifies that expected headline is displayed on Login page" finished-at="2025-01-29T15:12:38 IST" duration-ms="56" status="PASS">
          <reporter-output>
          </reporter-output>
        </test-method> <!-- verifyHeadLineText -->
        <test-method is-config="true" signature="tearDown()[pri:0, instance:com.zenken.freshers.user.Login@6f45df59]" started-at="2025-01-29T15:12:38 IST" name="tearDown" finished-at="2025-01-29T15:12:38 IST" duration-ms="177" status="PASS">
          <reporter-output>
          </reporter-output>
        </test-method> <!-- tearDown -->
        <test-method is-config="true" signature="stopDocker()[pri:0, instance:com.zenken.freshers.user.Login@6f45df59]" started-at="2025-01-29T15:12:38 IST" name="stopDocker" finished-at="2025-01-29T15:12:38 IST" duration-ms="9" status="PASS">
          <reporter-output>
          </reporter-output>
        </test-method> <!-- stopDocker -->
      </class> <!-- com.zenken.freshers.user.Login -->
    </test> <!-- Default test -->
  </suite> <!-- Default suite -->
</testng-results>
