<?xml version="1.0" encoding="UTF-8"?>
<testng-results ignored="0" total="19" passed="19" failed="0" skipped="0">
  <reporter-output>
  </reporter-output>
  <suite started-at="2024-09-05T15:01:06 IST" name="Default suite" finished-at="2024-09-05T15:04:33 IST" duration-ms="206624">
    <groups>
    </groups>
    <test started-at="2024-09-05T15:01:06 IST" name="Default test" finished-at="2024-09-05T15:04:33 IST" duration-ms="206624">
      <class name="com.zenken.freshers.user.FieldOfStudy">
        <test-method is-config="true" signature="setup(java.lang.reflect.Method)[pri:0, instance:com.zenken.freshers.user.FieldOfStudy@7586beff]" started-at="2024-09-05T15:01:07 IST" name="setup" finished-at="2024-09-05T15:01:08 IST" duration-ms="1542" status="PASS">
          <params>
            <param index="0">
              <value>
                <![CDATA[public void com.zenken.freshers.user.FieldOfStudy.verifyCancelRedirection()]]>
              </value>
            </param>
          </params>
          <reporter-output>
          </reporter-output>
        </test-method> <!-- setup -->
        <test-method is-config="true" signature="setUpTest()[pri:0, instance:com.zenken.freshers.user.FieldOfStudy@7586beff]" started-at="2024-09-05T15:01:08 IST" name="setUpTest" finished-at="2024-09-05T15:01:16 IST" duration-ms="7471" status="PASS">
          <reporter-output>
          </reporter-output>
        </test-method> <!-- setUpTest -->
        <test-method signature="verifyCancelRedirection()[pri:0, instance:com.zenken.freshers.user.FieldOfStudy@7586beff]" started-at="2024-09-05T15:01:16 IST" name="verifyCancelRedirection" finished-at="2024-09-05T15:01:17 IST" duration-ms="1923" status="PASS">
          <reporter-output>
          </reporter-output>
        </test-method> <!-- verifyCancelRedirection -->
        <test-method is-config="true" signature="tearDown()[pri:0, instance:com.zenken.freshers.user.FieldOfStudy@7586beff]" started-at="2024-09-05T15:01:17 IST" name="tearDown" finished-at="2024-09-05T15:01:18 IST" duration-ms="226" status="PASS">
          <reporter-output>
          </reporter-output>
        </test-method> <!-- tearDown -->
        <test-method is-config="true" signature="setup(java.lang.reflect.Method)[pri:0, instance:com.zenken.freshers.user.FieldOfStudy@7586beff]" started-at="2024-09-05T15:01:18 IST" name="setup" finished-at="2024-09-05T15:01:18 IST" duration-ms="777" status="PASS">
          <params>
            <param index="0">
              <value>
                <![CDATA[public void com.zenken.freshers.user.FieldOfStudy.verifyCoreOptions()]]>
              </value>
            </param>
          </params>
          <reporter-output>
          </reporter-output>
        </test-method> <!-- setup -->
        <test-method is-config="true" signature="setUpTest()[pri:0, instance:com.zenken.freshers.user.FieldOfStudy@7586beff]" started-at="2024-09-05T15:01:18 IST" name="setUpTest" finished-at="2024-09-05T15:01:27 IST" duration-ms="8302" status="PASS">
          <reporter-output>
          </reporter-output>
        </test-method> <!-- setUpTest -->
        <test-method signature="verifyCoreOptions()[pri:0, instance:com.zenken.freshers.user.FieldOfStudy@7586beff]" started-at="2024-09-05T15:01:27 IST" name="verifyCoreOptions" finished-at="2024-09-05T15:01:27 IST" duration-ms="250" status="PASS">
          <reporter-output>
          </reporter-output>
        </test-method> <!-- verifyCoreOptions -->
        <test-method is-config="true" signature="tearDown()[pri:0, instance:com.zenken.freshers.user.FieldOfStudy@7586beff]" started-at="2024-09-05T15:01:27 IST" name="tearDown" finished-at="2024-09-05T15:01:27 IST" duration-ms="147" status="PASS">
          <reporter-output>
          </reporter-output>
        </test-method> <!-- tearDown -->
        <test-method is-config="true" signature="setup(java.lang.reflect.Method)[pri:0, instance:com.zenken.freshers.user.FieldOfStudy@7586beff]" started-at="2024-09-05T15:01:27 IST" name="setup" finished-at="2024-09-05T15:01:28 IST" duration-ms="772" status="PASS">
          <params>
            <param index="0">
              <value>
                <![CDATA[public void com.zenken.freshers.user.FieldOfStudy.verifyCoreOtherCharExceedError()]]>
              </value>
            </param>
          </params>
          <reporter-output>
          </reporter-output>
        </test-method> <!-- setup -->
        <test-method is-config="true" signature="setUpTest()[pri:0, instance:com.zenken.freshers.user.FieldOfStudy@7586beff]" started-at="2024-09-05T15:01:28 IST" name="setUpTest" finished-at="2024-09-05T15:01:35 IST" duration-ms="7416" status="PASS">
          <reporter-output>
          </reporter-output>
        </test-method> <!-- setUpTest -->
        <test-method signature="verifyCoreOtherCharExceedError()[pri:0, instance:com.zenken.freshers.user.FieldOfStudy@7586beff]" started-at="2024-09-05T15:01:35 IST" name="verifyCoreOtherCharExceedError" finished-at="2024-09-05T15:01:38 IST" duration-ms="2750" status="PASS">
          <reporter-output>
          </reporter-output>
        </test-method> <!-- verifyCoreOtherCharExceedError -->
        <test-method is-config="true" signature="tearDown()[pri:0, instance:com.zenken.freshers.user.FieldOfStudy@7586beff]" started-at="2024-09-05T15:01:38 IST" name="tearDown" finished-at="2024-09-05T15:01:38 IST" duration-ms="215" status="PASS">
          <reporter-output>
          </reporter-output>
        </test-method> <!-- tearDown -->
        <test-method is-config="true" signature="setup(java.lang.reflect.Method)[pri:0, instance:com.zenken.freshers.user.FieldOfStudy@7586beff]" started-at="2024-09-05T15:01:38 IST" name="setup" finished-at="2024-09-05T15:01:39 IST" duration-ms="827" status="PASS">
          <params>
            <param index="0">
              <value>
                <![CDATA[public void com.zenken.freshers.user.FieldOfStudy.verifyCoreOtherField()]]>
              </value>
            </param>
          </params>
          <reporter-output>
          </reporter-output>
        </test-method> <!-- setup -->
        <test-method is-config="true" signature="setUpTest()[pri:0, instance:com.zenken.freshers.user.FieldOfStudy@7586beff]" started-at="2024-09-05T15:01:39 IST" name="setUpTest" finished-at="2024-09-05T15:01:47 IST" duration-ms="7502" status="PASS">
          <reporter-output>
          </reporter-output>
        </test-method> <!-- setUpTest -->
        <test-method signature="verifyCoreOtherField()[pri:0, instance:com.zenken.freshers.user.FieldOfStudy@7586beff]" started-at="2024-09-05T15:01:47 IST" name="verifyCoreOtherField" finished-at="2024-09-05T15:01:50 IST" duration-ms="3480" status="PASS">
          <reporter-output>
          </reporter-output>
        </test-method> <!-- verifyCoreOtherField -->
        <test-method is-config="true" signature="tearDown()[pri:0, instance:com.zenken.freshers.user.FieldOfStudy@7586beff]" started-at="2024-09-05T15:01:50 IST" name="tearDown" finished-at="2024-09-05T15:01:50 IST" duration-ms="205" status="PASS">
          <reporter-output>
          </reporter-output>
        </test-method> <!-- tearDown -->
        <test-method is-config="true" signature="setup(java.lang.reflect.Method)[pri:0, instance:com.zenken.freshers.user.FieldOfStudy@7586beff]" started-at="2024-09-05T15:01:50 IST" name="setup" finished-at="2024-09-05T15:01:51 IST" duration-ms="747" status="PASS">
          <params>
            <param index="0">
              <value>
                <![CDATA[public void com.zenken.freshers.user.FieldOfStudy.verifyCoreOtherFieldRequired()]]>
              </value>
            </param>
          </params>
          <reporter-output>
          </reporter-output>
        </test-method> <!-- setup -->
        <test-method is-config="true" signature="setUpTest()[pri:0, instance:com.zenken.freshers.user.FieldOfStudy@7586beff]" started-at="2024-09-05T15:01:51 IST" name="setUpTest" finished-at="2024-09-05T15:02:00 IST" duration-ms="8577" status="PASS">
          <reporter-output>
          </reporter-output>
        </test-method> <!-- setUpTest -->
        <test-method signature="verifyCoreOtherFieldRequired()[pri:0, instance:com.zenken.freshers.user.FieldOfStudy@7586beff]" started-at="2024-09-05T15:02:00 IST" name="verifyCoreOtherFieldRequired" finished-at="2024-09-05T15:02:01 IST" duration-ms="1635" status="PASS">
          <reporter-output>
          </reporter-output>
        </test-method> <!-- verifyCoreOtherFieldRequired -->
        <test-method is-config="true" signature="tearDown()[pri:0, instance:com.zenken.freshers.user.FieldOfStudy@7586beff]" started-at="2024-09-05T15:02:01 IST" name="tearDown" finished-at="2024-09-05T15:02:02 IST" duration-ms="225" status="PASS">
          <reporter-output>
          </reporter-output>
        </test-method> <!-- tearDown -->
        <test-method is-config="true" signature="setup(java.lang.reflect.Method)[pri:0, instance:com.zenken.freshers.user.FieldOfStudy@7586beff]" started-at="2024-09-05T15:02:02 IST" name="setup" finished-at="2024-09-05T15:02:02 IST" duration-ms="812" status="PASS">
          <params>
            <param index="0">
              <value>
                <![CDATA[public void com.zenken.freshers.user.FieldOfStudy.verifyCoreOtherPlaceholder()]]>
              </value>
            </param>
          </params>
          <reporter-output>
          </reporter-output>
        </test-method> <!-- setup -->
        <test-method is-config="true" signature="setUpTest()[pri:0, instance:com.zenken.freshers.user.FieldOfStudy@7586beff]" started-at="2024-09-05T15:02:02 IST" name="setUpTest" finished-at="2024-09-05T15:02:10 IST" duration-ms="7525" status="PASS">
          <reporter-output>
          </reporter-output>
        </test-method> <!-- setUpTest -->
        <test-method signature="verifyCoreOtherPlaceholder()[pri:0, instance:com.zenken.freshers.user.FieldOfStudy@7586beff]" started-at="2024-09-05T15:02:10 IST" name="verifyCoreOtherPlaceholder" finished-at="2024-09-05T15:02:10 IST" duration-ms="151" status="PASS">
          <reporter-output>
          </reporter-output>
        </test-method> <!-- verifyCoreOtherPlaceholder -->
        <test-method is-config="true" signature="tearDown()[pri:0, instance:com.zenken.freshers.user.FieldOfStudy@7586beff]" started-at="2024-09-05T15:02:10 IST" name="tearDown" finished-at="2024-09-05T15:02:10 IST" duration-ms="177" status="PASS">
          <reporter-output>
          </reporter-output>
        </test-method> <!-- tearDown -->
        <test-method is-config="true" signature="setup(java.lang.reflect.Method)[pri:0, instance:com.zenken.freshers.user.FieldOfStudy@7586beff]" started-at="2024-09-05T15:02:10 IST" name="setup" finished-at="2024-09-05T15:02:11 IST" duration-ms="894" status="PASS">
          <params>
            <param index="0">
              <value>
                <![CDATA[public void com.zenken.freshers.user.FieldOfStudy.verifyCoreOtherTextBoxStates()]]>
              </value>
            </param>
          </params>
          <reporter-output>
          </reporter-output>
        </test-method> <!-- setup -->
        <test-method is-config="true" signature="setUpTest()[pri:0, instance:com.zenken.freshers.user.FieldOfStudy@7586beff]" started-at="2024-09-05T15:02:11 IST" name="setUpTest" finished-at="2024-09-05T15:02:19 IST" duration-ms="7484" status="PASS">
          <reporter-output>
          </reporter-output>
        </test-method> <!-- setUpTest -->
        <test-method signature="verifyCoreOtherTextBoxStates()[pri:0, instance:com.zenken.freshers.user.FieldOfStudy@7586beff]" started-at="2024-09-05T15:02:19 IST" name="verifyCoreOtherTextBoxStates" finished-at="2024-09-05T15:02:19 IST" duration-ms="744" status="PASS">
          <reporter-output>
          </reporter-output>
        </test-method> <!-- verifyCoreOtherTextBoxStates -->
        <test-method is-config="true" signature="tearDown()[pri:0, instance:com.zenken.freshers.user.FieldOfStudy@7586beff]" started-at="2024-09-05T15:02:19 IST" name="tearDown" finished-at="2024-09-05T15:02:20 IST" duration-ms="193" status="PASS">
          <reporter-output>
          </reporter-output>
        </test-method> <!-- tearDown -->
        <test-method is-config="true" signature="setup(java.lang.reflect.Method)[pri:0, instance:com.zenken.freshers.user.FieldOfStudy@7586beff]" started-at="2024-09-05T15:02:20 IST" name="setup" finished-at="2024-09-05T15:02:20 IST" duration-ms="826" status="PASS">
          <params>
            <param index="0">
              <value>
                <![CDATA[public void com.zenken.freshers.user.FieldOfStudy.verifyFieldOfStudyUrl()]]>
              </value>
            </param>
          </params>
          <reporter-output>
          </reporter-output>
        </test-method> <!-- setup -->
        <test-method is-config="true" signature="setUpTest()[pri:0, instance:com.zenken.freshers.user.FieldOfStudy@7586beff]" started-at="2024-09-05T15:02:20 IST" name="setUpTest" finished-at="2024-09-05T15:02:27 IST" duration-ms="7010" status="PASS">
          <reporter-output>
          </reporter-output>
        </test-method> <!-- setUpTest -->
        <test-method signature="verifyFieldOfStudyUrl()[pri:0, instance:com.zenken.freshers.user.FieldOfStudy@7586beff]" started-at="2024-09-05T15:02:27 IST" name="verifyFieldOfStudyUrl" finished-at="2024-09-05T15:02:27 IST" duration-ms="35" status="PASS">
          <reporter-output>
          </reporter-output>
        </test-method> <!-- verifyFieldOfStudyUrl -->
        <test-method is-config="true" signature="tearDown()[pri:0, instance:com.zenken.freshers.user.FieldOfStudy@7586beff]" started-at="2024-09-05T15:02:27 IST" name="tearDown" finished-at="2024-09-05T15:02:28 IST" duration-ms="143" status="PASS">
          <reporter-output>
          </reporter-output>
        </test-method> <!-- tearDown -->
        <test-method is-config="true" signature="setup(java.lang.reflect.Method)[pri:0, instance:com.zenken.freshers.user.FieldOfStudy@7586beff]" started-at="2024-09-05T15:02:28 IST" name="setup" finished-at="2024-09-05T15:02:28 IST" duration-ms="836" status="PASS">
          <params>
            <param index="0">
              <value>
                <![CDATA[public void com.zenken.freshers.user.FieldOfStudy.verifyITOptionSelection()]]>
              </value>
            </param>
          </params>
          <reporter-output>
          </reporter-output>
        </test-method> <!-- setup -->
        <test-method is-config="true" signature="setUpTest()[pri:0, instance:com.zenken.freshers.user.FieldOfStudy@7586beff]" started-at="2024-09-05T15:02:28 IST" name="setUpTest" finished-at="2024-09-05T15:02:38 IST" duration-ms="9450" status="PASS">
          <reporter-output>
          </reporter-output>
        </test-method> <!-- setUpTest -->
        <test-method signature="verifyITOptionSelection()[pri:0, instance:com.zenken.freshers.user.FieldOfStudy@7586beff]" started-at="2024-09-05T15:02:38 IST" name="verifyITOptionSelection" finished-at="2024-09-05T15:02:41 IST" duration-ms="3197" status="PASS">
          <reporter-output>
          </reporter-output>
        </test-method> <!-- verifyITOptionSelection -->
        <test-method is-config="true" signature="tearDown()[pri:0, instance:com.zenken.freshers.user.FieldOfStudy@7586beff]" started-at="2024-09-05T15:02:41 IST" name="tearDown" finished-at="2024-09-05T15:02:41 IST" duration-ms="232" status="PASS">
          <reporter-output>
          </reporter-output>
        </test-method> <!-- tearDown -->
        <test-method is-config="true" signature="setup(java.lang.reflect.Method)[pri:0, instance:com.zenken.freshers.user.FieldOfStudy@7586beff]" started-at="2024-09-05T15:02:41 IST" name="setup" finished-at="2024-09-05T15:02:42 IST" duration-ms="750" status="PASS">
          <params>
            <param index="0">
              <value>
                <![CDATA[public void com.zenken.freshers.user.FieldOfStudy.verifyITOptions()]]>
              </value>
            </param>
          </params>
          <reporter-output>
          </reporter-output>
        </test-method> <!-- setup -->
        <test-method is-config="true" signature="setUpTest()[pri:0, instance:com.zenken.freshers.user.FieldOfStudy@7586beff]" started-at="2024-09-05T15:02:42 IST" name="setUpTest" finished-at="2024-09-05T15:02:51 IST" duration-ms="8813" status="PASS">
          <reporter-output>
          </reporter-output>
        </test-method> <!-- setUpTest -->
        <test-method signature="verifyITOptions()[pri:0, instance:com.zenken.freshers.user.FieldOfStudy@7586beff]" started-at="2024-09-05T15:02:51 IST" name="verifyITOptions" finished-at="2024-09-05T15:02:51 IST" duration-ms="148" status="PASS">
          <reporter-output>
          </reporter-output>
        </test-method> <!-- verifyITOptions -->
        <test-method is-config="true" signature="tearDown()[pri:0, instance:com.zenken.freshers.user.FieldOfStudy@7586beff]" started-at="2024-09-05T15:02:51 IST" name="tearDown" finished-at="2024-09-05T15:02:51 IST" duration-ms="162" status="PASS">
          <reporter-output>
          </reporter-output>
        </test-method> <!-- tearDown -->
        <test-method is-config="true" signature="setup(java.lang.reflect.Method)[pri:0, instance:com.zenken.freshers.user.FieldOfStudy@7586beff]" started-at="2024-09-05T15:02:51 IST" name="setup" finished-at="2024-09-05T15:02:52 IST" duration-ms="909" status="PASS">
          <params>
            <param index="0">
              <value>
                <![CDATA[public void com.zenken.freshers.user.FieldOfStudy.verifyITOtherCharExceedError()]]>
              </value>
            </param>
          </params>
          <reporter-output>
          </reporter-output>
        </test-method> <!-- setup -->
        <test-method is-config="true" signature="setUpTest()[pri:0, instance:com.zenken.freshers.user.FieldOfStudy@7586beff]" started-at="2024-09-05T15:02:52 IST" name="setUpTest" finished-at="2024-09-05T15:03:02 IST" duration-ms="9966" status="PASS">
          <reporter-output>
          </reporter-output>
        </test-method> <!-- setUpTest -->
        <test-method signature="verifyITOtherCharExceedError()[pri:0, instance:com.zenken.freshers.user.FieldOfStudy@7586beff]" started-at="2024-09-05T15:03:02 IST" name="verifyITOtherCharExceedError" finished-at="2024-09-05T15:03:06 IST" duration-ms="3554" status="PASS">
          <reporter-output>
          </reporter-output>
        </test-method> <!-- verifyITOtherCharExceedError -->
        <test-method is-config="true" signature="tearDown()[pri:0, instance:com.zenken.freshers.user.FieldOfStudy@7586beff]" started-at="2024-09-05T15:03:06 IST" name="tearDown" finished-at="2024-09-05T15:03:06 IST" duration-ms="192" status="PASS">
          <reporter-output>
          </reporter-output>
        </test-method> <!-- tearDown -->
        <test-method is-config="true" signature="setup(java.lang.reflect.Method)[pri:0, instance:com.zenken.freshers.user.FieldOfStudy@7586beff]" started-at="2024-09-05T15:03:06 IST" name="setup" finished-at="2024-09-05T15:03:07 IST" duration-ms="803" status="PASS">
          <params>
            <param index="0">
              <value>
                <![CDATA[public void com.zenken.freshers.user.FieldOfStudy.verifyITOtherFieldRequired()]]>
              </value>
            </param>
          </params>
          <reporter-output>
          </reporter-output>
        </test-method> <!-- setup -->
        <test-method is-config="true" signature="setUpTest()[pri:0, instance:com.zenken.freshers.user.FieldOfStudy@7586beff]" started-at="2024-09-05T15:03:07 IST" name="setUpTest" finished-at="2024-09-05T15:03:17 IST" duration-ms="10645" status="PASS">
          <reporter-output>
          </reporter-output>
        </test-method> <!-- setUpTest -->
        <test-method signature="verifyITOtherFieldRequired()[pri:0, instance:com.zenken.freshers.user.FieldOfStudy@7586beff]" started-at="2024-09-05T15:03:17 IST" name="verifyITOtherFieldRequired" finished-at="2024-09-05T15:03:19 IST" duration-ms="1883" status="PASS">
          <reporter-output>
          </reporter-output>
        </test-method> <!-- verifyITOtherFieldRequired -->
        <test-method is-config="true" signature="tearDown()[pri:0, instance:com.zenken.freshers.user.FieldOfStudy@7586beff]" started-at="2024-09-05T15:03:19 IST" name="tearDown" finished-at="2024-09-05T15:03:19 IST" duration-ms="177" status="PASS">
          <reporter-output>
          </reporter-output>
        </test-method> <!-- tearDown -->
        <test-method is-config="true" signature="setup(java.lang.reflect.Method)[pri:0, instance:com.zenken.freshers.user.FieldOfStudy@7586beff]" started-at="2024-09-05T15:03:19 IST" name="setup" finished-at="2024-09-05T15:03:20 IST" duration-ms="752" status="PASS">
          <params>
            <param index="0">
              <value>
                <![CDATA[public void com.zenken.freshers.user.FieldOfStudy.verifyITOtherPlaceholder()]]>
              </value>
            </param>
          </params>
          <reporter-output>
          </reporter-output>
        </test-method> <!-- setup -->
        <test-method is-config="true" signature="setUpTest()[pri:0, instance:com.zenken.freshers.user.FieldOfStudy@7586beff]" started-at="2024-09-05T15:03:20 IST" name="setUpTest" finished-at="2024-09-05T15:03:28 IST" duration-ms="7669" status="PASS">
          <reporter-output>
          </reporter-output>
        </test-method> <!-- setUpTest -->
        <test-method signature="verifyITOtherPlaceholder()[pri:0, instance:com.zenken.freshers.user.FieldOfStudy@7586beff]" started-at="2024-09-05T15:03:28 IST" name="verifyITOtherPlaceholder" finished-at="2024-09-05T15:03:28 IST" duration-ms="155" status="PASS">
          <reporter-output>
          </reporter-output>
        </test-method> <!-- verifyITOtherPlaceholder -->
        <test-method is-config="true" signature="tearDown()[pri:0, instance:com.zenken.freshers.user.FieldOfStudy@7586beff]" started-at="2024-09-05T15:03:28 IST" name="tearDown" finished-at="2024-09-05T15:03:28 IST" duration-ms="194" status="PASS">
          <reporter-output>
          </reporter-output>
        </test-method> <!-- tearDown -->
        <test-method is-config="true" signature="setup(java.lang.reflect.Method)[pri:0, instance:com.zenken.freshers.user.FieldOfStudy@7586beff]" started-at="2024-09-05T15:03:28 IST" name="setup" finished-at="2024-09-05T15:03:29 IST" duration-ms="799" status="PASS">
          <params>
            <param index="0">
              <value>
                <![CDATA[public void com.zenken.freshers.user.FieldOfStudy.verifyITOtherTextBoxStates()]]>
              </value>
            </param>
          </params>
          <reporter-output>
          </reporter-output>
        </test-method> <!-- setup -->
        <test-method is-config="true" signature="setUpTest()[pri:0, instance:com.zenken.freshers.user.FieldOfStudy@7586beff]" started-at="2024-09-05T15:03:29 IST" name="setUpTest" finished-at="2024-09-05T15:03:37 IST" duration-ms="7957" status="PASS">
          <reporter-output>
          </reporter-output>
        </test-method> <!-- setUpTest -->
        <test-method signature="verifyITOtherTextBoxStates()[pri:0, instance:com.zenken.freshers.user.FieldOfStudy@7586beff]" started-at="2024-09-05T15:03:37 IST" name="verifyITOtherTextBoxStates" finished-at="2024-09-05T15:03:38 IST" duration-ms="710" status="PASS">
          <reporter-output>
          </reporter-output>
        </test-method> <!-- verifyITOtherTextBoxStates -->
        <test-method is-config="true" signature="tearDown()[pri:0, instance:com.zenken.freshers.user.FieldOfStudy@7586beff]" started-at="2024-09-05T15:03:38 IST" name="tearDown" finished-at="2024-09-05T15:03:38 IST" duration-ms="157" status="PASS">
          <reporter-output>
          </reporter-output>
        </test-method> <!-- tearDown -->
        <test-method is-config="true" signature="setup(java.lang.reflect.Method)[pri:0, instance:com.zenken.freshers.user.FieldOfStudy@7586beff]" started-at="2024-09-05T15:03:38 IST" name="setup" finished-at="2024-09-05T15:03:38 IST" duration-ms="760" status="PASS">
          <params>
            <param index="0">
              <value>
                <![CDATA[public void com.zenken.freshers.user.FieldOfStudy.verifyResearchRequired()]]>
              </value>
            </param>
          </params>
          <reporter-output>
          </reporter-output>
        </test-method> <!-- setup -->
        <test-method is-config="true" signature="setUpTest()[pri:0, instance:com.zenken.freshers.user.FieldOfStudy@7586beff]" started-at="2024-09-05T15:03:38 IST" name="setUpTest" finished-at="2024-09-05T15:03:46 IST" duration-ms="7876" status="PASS">
          <reporter-output>
          </reporter-output>
        </test-method> <!-- setUpTest -->
        <test-method signature="verifyResearchRequired()[pri:0, instance:com.zenken.freshers.user.FieldOfStudy@7586beff]" started-at="2024-09-05T15:03:46 IST" name="verifyResearchRequired" finished-at="2024-09-05T15:03:48 IST" duration-ms="1722" status="PASS">
          <reporter-output>
          </reporter-output>
        </test-method> <!-- verifyResearchRequired -->
        <test-method is-config="true" signature="tearDown()[pri:0, instance:com.zenken.freshers.user.FieldOfStudy@7586beff]" started-at="2024-09-05T15:03:48 IST" name="tearDown" finished-at="2024-09-05T15:03:48 IST" duration-ms="239" status="PASS">
          <reporter-output>
          </reporter-output>
        </test-method> <!-- tearDown -->
        <test-method is-config="true" signature="setup(java.lang.reflect.Method)[pri:0, instance:com.zenken.freshers.user.FieldOfStudy@7586beff]" started-at="2024-09-05T15:03:48 IST" name="setup" finished-at="2024-09-05T15:03:49 IST" duration-ms="765" status="PASS">
          <params>
            <param index="0">
              <value>
                <![CDATA[public void com.zenken.freshers.user.FieldOfStudy.verifyITOtherField()]]>
              </value>
            </param>
          </params>
          <reporter-output>
          </reporter-output>
        </test-method> <!-- setup -->
        <test-method is-config="true" signature="setUpTest()[pri:0, instance:com.zenken.freshers.user.FieldOfStudy@7586beff]" started-at="2024-09-05T15:03:49 IST" name="setUpTest" finished-at="2024-09-05T15:03:57 IST" duration-ms="7561" status="PASS">
          <reporter-output>
          </reporter-output>
        </test-method> <!-- setUpTest -->
        <test-method signature="verifyITOtherField()[pri:1, instance:com.zenken.freshers.user.FieldOfStudy@7586beff]" started-at="2024-09-05T15:03:57 IST" name="verifyITOtherField" finished-at="2024-09-05T15:04:00 IST" duration-ms="3413" status="PASS">
          <reporter-output>
          </reporter-output>
        </test-method> <!-- verifyITOtherField -->
        <test-method is-config="true" signature="tearDown()[pri:0, instance:com.zenken.freshers.user.FieldOfStudy@7586beff]" started-at="2024-09-05T15:04:00 IST" name="tearDown" finished-at="2024-09-05T15:04:00 IST" duration-ms="175" status="PASS">
          <reporter-output>
          </reporter-output>
        </test-method> <!-- tearDown -->
        <test-method is-config="true" signature="setup(java.lang.reflect.Method)[pri:0, instance:com.zenken.freshers.user.FieldOfStudy@7586beff]" started-at="2024-09-05T15:04:00 IST" name="setup" finished-at="2024-09-05T15:04:01 IST" duration-ms="712" status="PASS">
          <params>
            <param index="0">
              <value>
                <![CDATA[public void com.zenken.freshers.user.FieldOfStudy.verifyCoreFieldRequired()]]>
              </value>
            </param>
          </params>
          <reporter-output>
          </reporter-output>
        </test-method> <!-- setup -->
        <test-method is-config="true" signature="setUpTest()[pri:0, instance:com.zenken.freshers.user.FieldOfStudy@7586beff]" started-at="2024-09-05T15:04:01 IST" name="setUpTest" finished-at="2024-09-05T15:04:09 IST" duration-ms="7924" status="PASS">
          <reporter-output>
          </reporter-output>
        </test-method> <!-- setUpTest -->
        <test-method signature="verifyCoreFieldRequired()[pri:2, instance:com.zenken.freshers.user.FieldOfStudy@7586beff]" started-at="2024-09-05T15:04:09 IST" name="verifyCoreFieldRequired" finished-at="2024-09-05T15:04:11 IST" depends-on-methods="com.zenken.freshers.user.FieldOfStudy.verifyITOtherField" duration-ms="1738" status="PASS">
          <reporter-output>
          </reporter-output>
        </test-method> <!-- verifyCoreFieldRequired -->
        <test-method is-config="true" signature="tearDown()[pri:0, instance:com.zenken.freshers.user.FieldOfStudy@7586beff]" started-at="2024-09-05T15:04:11 IST" name="tearDown" finished-at="2024-09-05T15:04:11 IST" duration-ms="174" status="PASS">
          <reporter-output>
          </reporter-output>
        </test-method> <!-- tearDown -->
        <test-method is-config="true" signature="setup(java.lang.reflect.Method)[pri:0, instance:com.zenken.freshers.user.FieldOfStudy@7586beff]" started-at="2024-09-05T15:04:11 IST" name="setup" finished-at="2024-09-05T15:04:11 IST" duration-ms="747" status="PASS">
          <params>
            <param index="0">
              <value>
                <![CDATA[public void com.zenken.freshers.user.FieldOfStudy.verifyCoreOptionSelection()]]>
              </value>
            </param>
          </params>
          <reporter-output>
          </reporter-output>
        </test-method> <!-- setup -->
        <test-method is-config="true" signature="setUpTest()[pri:0, instance:com.zenken.freshers.user.FieldOfStudy@7586beff]" started-at="2024-09-05T15:04:11 IST" name="setUpTest" finished-at="2024-09-05T15:04:19 IST" duration-ms="7672" status="PASS">
          <reporter-output>
          </reporter-output>
        </test-method> <!-- setUpTest -->
        <test-method signature="verifyCoreOptionSelection()[pri:3, instance:com.zenken.freshers.user.FieldOfStudy@7586beff]" started-at="2024-09-05T15:04:19 IST" name="verifyCoreOptionSelection" finished-at="2024-09-05T15:04:22 IST" duration-ms="3335" status="PASS">
          <reporter-output>
          </reporter-output>
        </test-method> <!-- verifyCoreOptionSelection -->
        <test-method is-config="true" signature="tearDown()[pri:0, instance:com.zenken.freshers.user.FieldOfStudy@7586beff]" started-at="2024-09-05T15:04:22 IST" name="tearDown" finished-at="2024-09-05T15:04:23 IST" duration-ms="238" status="PASS">
          <reporter-output>
          </reporter-output>
        </test-method> <!-- tearDown -->
        <test-method is-config="true" signature="setup(java.lang.reflect.Method)[pri:0, instance:com.zenken.freshers.user.FieldOfStudy@7586beff]" started-at="2024-09-05T15:04:23 IST" name="setup" finished-at="2024-09-05T15:04:23 IST" duration-ms="757" status="PASS">
          <params>
            <param index="0">
              <value>
                <![CDATA[public void com.zenken.freshers.user.FieldOfStudy.verifyITFieldRequired()]]>
              </value>
            </param>
          </params>
          <reporter-output>
          </reporter-output>
        </test-method> <!-- setup -->
        <test-method is-config="true" signature="setUpTest()[pri:0, instance:com.zenken.freshers.user.FieldOfStudy@7586beff]" started-at="2024-09-05T15:04:23 IST" name="setUpTest" finished-at="2024-09-05T15:04:31 IST" duration-ms="7759" status="PASS">
          <reporter-output>
          </reporter-output>
        </test-method> <!-- setUpTest -->
        <test-method signature="verifyITFieldRequired()[pri:4, instance:com.zenken.freshers.user.FieldOfStudy@7586beff]" started-at="2024-09-05T15:04:31 IST" name="verifyITFieldRequired" finished-at="2024-09-05T15:04:33 IST" depends-on-methods="com.zenken.freshers.user.FieldOfStudy.verifyCoreOptionSelection" duration-ms="1649" status="PASS">
          <reporter-output>
          </reporter-output>
        </test-method> <!-- verifyITFieldRequired -->
        <test-method is-config="true" signature="tearDown()[pri:0, instance:com.zenken.freshers.user.FieldOfStudy@7586beff]" started-at="2024-09-05T15:04:33 IST" name="tearDown" finished-at="2024-09-05T15:04:33 IST" duration-ms="202" status="PASS">
          <reporter-output>
          </reporter-output>
        </test-method> <!-- tearDown -->
      </class> <!-- com.zenken.freshers.user.FieldOfStudy -->
    </test> <!-- Default test -->
  </suite> <!-- Default suite -->
</testng-results>
