<?xml version="1.0" encoding="UTF-8"?>
<testng-results ignored="0" total="36" passed="36" failed="0" skipped="0">
  <reporter-output>
  </reporter-output>
  <suite started-at="2024-11-11T15:36:37 IST" name="Suite" finished-at="2024-11-11T15:45:15 IST" duration-ms="517631">
    <groups>
    </groups>
    <test started-at="2024-11-11T15:36:37 IST" name="Test" finished-at="2024-11-11T15:45:15 IST" duration-ms="517631">
      <class name="com.zenken.freshers.user.BasicInformation">
        <test-method is-config="true" signature="setup(java.lang.reflect.Method)[pri:0, instance:com.zenken.freshers.user.BasicInformation@3cfdd820]" started-at="2024-11-11T15:36:37 IST" name="setup" finished-at="2024-11-11T15:36:39 IST" duration-ms="1474" status="PASS">
          <params>
            <param index="0">
              <value>
                <![CDATA[public void com.zenken.freshers.user.BasicInformation.verifyAddressValue()]]>
              </value>
            </param>
          </params>
          <reporter-output>
          </reporter-output>
        </test-method> <!-- setup -->
        <test-method is-config="true" signature="setUpTest(org.testng.ITestResult)[pri:0, instance:com.zenken.freshers.user.BasicInformation@3cfdd820]" started-at="2024-11-11T15:36:39 IST" name="setUpTest" finished-at="2024-11-11T15:36:50 IST" duration-ms="11652" status="PASS">
          <params>
            <param index="0">
              <value>
                <![CDATA[[TestResult name={null} status=CREATED method=BasicInformation.verifyAddressValue()[pri:0, instance:com.zenken.freshers.user.BasicInformation@3cfdd820] output={null}]]]>
              </value>
            </param>
          </params>
          <reporter-output>
          </reporter-output>
        </test-method> <!-- setUpTest -->
        <test-method signature="verifyAddressValue()[pri:0, instance:com.zenken.freshers.user.BasicInformation@3cfdd820]" started-at="2024-11-11T15:36:50 IST" name="verifyAddressValue" description="This test verifies that the value entered for &#039;Address&#039; field is displayed accordingly on preview page" finished-at="2024-11-11T15:36:54 IST" duration-ms="3994" status="PASS">
          <reporter-output>
          </reporter-output>
        </test-method> <!-- verifyAddressValue -->
        <test-method is-config="true" signature="tearDown()[pri:0, instance:com.zenken.freshers.user.BasicInformation@3cfdd820]" started-at="2024-11-11T15:36:54 IST" name="tearDown" finished-at="2024-11-11T15:36:55 IST" duration-ms="372" status="PASS">
          <reporter-output>
          </reporter-output>
        </test-method> <!-- tearDown -->
        <test-method is-config="true" signature="setup(java.lang.reflect.Method)[pri:0, instance:com.zenken.freshers.user.BasicInformation@3cfdd820]" started-at="2024-11-11T15:36:55 IST" name="setup" finished-at="2024-11-11T15:36:56 IST" duration-ms="970" status="PASS">
          <params>
            <param index="0">
              <value>
                <![CDATA[public void com.zenken.freshers.user.BasicInformation.verifyCityValue()]]>
              </value>
            </param>
          </params>
          <reporter-output>
          </reporter-output>
        </test-method> <!-- setup -->
        <test-method is-config="true" signature="setUpTest(org.testng.ITestResult)[pri:0, instance:com.zenken.freshers.user.BasicInformation@3cfdd820]" started-at="2024-11-11T15:36:56 IST" name="setUpTest" finished-at="2024-11-11T15:37:06 IST" duration-ms="10484" status="PASS">
          <params>
            <param index="0">
              <value>
                <![CDATA[[TestResult name={null} status=CREATED method=BasicInformation.verifyCityValue()[pri:0, instance:com.zenken.freshers.user.BasicInformation@3cfdd820] output={null}]]]>
              </value>
            </param>
          </params>
          <reporter-output>
          </reporter-output>
        </test-method> <!-- setUpTest -->
        <test-method signature="verifyCityValue()[pri:0, instance:com.zenken.freshers.user.BasicInformation@3cfdd820]" started-at="2024-11-11T15:37:06 IST" name="verifyCityValue" description="This test verifies that the value entered for &#039;City/District&#039; field is displayed accordingly on preview page" finished-at="2024-11-11T15:37:10 IST" duration-ms="3572" status="PASS">
          <reporter-output>
          </reporter-output>
        </test-method> <!-- verifyCityValue -->
        <test-method is-config="true" signature="tearDown()[pri:0, instance:com.zenken.freshers.user.BasicInformation@3cfdd820]" started-at="2024-11-11T15:37:10 IST" name="tearDown" finished-at="2024-11-11T15:37:10 IST" duration-ms="200" status="PASS">
          <reporter-output>
          </reporter-output>
        </test-method> <!-- tearDown -->
        <test-method is-config="true" signature="setup(java.lang.reflect.Method)[pri:0, instance:com.zenken.freshers.user.BasicInformation@3cfdd820]" started-at="2024-11-11T15:37:10 IST" name="setup" finished-at="2024-11-11T15:37:11 IST" duration-ms="901" status="PASS">
          <params>
            <param index="0">
              <value>
                <![CDATA[public void com.zenken.freshers.user.BasicInformation.verifyCollegeRequired()]]>
              </value>
            </param>
          </params>
          <reporter-output>
          </reporter-output>
        </test-method> <!-- setup -->
        <test-method is-config="true" signature="setUpTest(org.testng.ITestResult)[pri:0, instance:com.zenken.freshers.user.BasicInformation@3cfdd820]" started-at="2024-11-11T15:37:11 IST" name="setUpTest" finished-at="2024-11-11T15:37:21 IST" duration-ms="9754" status="PASS">
          <params>
            <param index="0">
              <value>
                <![CDATA[[TestResult name={null} status=CREATED method=BasicInformation.verifyCollegeRequired()[pri:0, instance:com.zenken.freshers.user.BasicInformation@3cfdd820] output={null}]]]>
              </value>
            </param>
          </params>
          <reporter-output>
          </reporter-output>
        </test-method> <!-- setUpTest -->
        <test-method signature="verifyCollegeRequired()[pri:0, instance:com.zenken.freshers.user.BasicInformation@3cfdd820]" started-at="2024-11-11T15:37:21 IST" name="verifyCollegeRequired" description="This test verifies that validation error occurs for &#039;College&#039; field" finished-at="2024-11-11T15:37:22 IST" duration-ms="1842" status="PASS">
          <reporter-output>
          </reporter-output>
        </test-method> <!-- verifyCollegeRequired -->
        <test-method is-config="true" signature="tearDown()[pri:0, instance:com.zenken.freshers.user.BasicInformation@3cfdd820]" started-at="2024-11-11T15:37:22 IST" name="tearDown" finished-at="2024-11-11T15:37:23 IST" duration-ms="205" status="PASS">
          <reporter-output>
          </reporter-output>
        </test-method> <!-- tearDown -->
        <test-method is-config="true" signature="setup(java.lang.reflect.Method)[pri:0, instance:com.zenken.freshers.user.BasicInformation@3cfdd820]" started-at="2024-11-11T15:37:23 IST" name="setup" finished-at="2024-11-11T15:37:24 IST" duration-ms="948" status="PASS">
          <params>
            <param index="0">
              <value>
                <![CDATA[public void com.zenken.freshers.user.BasicInformation.verifyDobValue()]]>
              </value>
            </param>
          </params>
          <reporter-output>
          </reporter-output>
        </test-method> <!-- setup -->
        <test-method is-config="true" signature="setUpTest(org.testng.ITestResult)[pri:0, instance:com.zenken.freshers.user.BasicInformation@3cfdd820]" started-at="2024-11-11T15:37:24 IST" name="setUpTest" finished-at="2024-11-11T15:37:35 IST" duration-ms="11030" status="PASS">
          <params>
            <param index="0">
              <value>
                <![CDATA[[TestResult name={null} status=CREATED method=BasicInformation.verifyDobValue()[pri:0, instance:com.zenken.freshers.user.BasicInformation@3cfdd820] output={null}]]]>
              </value>
            </param>
          </params>
          <reporter-output>
          </reporter-output>
        </test-method> <!-- setUpTest -->
        <test-method signature="verifyDobValue()[pri:0, instance:com.zenken.freshers.user.BasicInformation@3cfdd820]" started-at="2024-11-11T15:37:35 IST" name="verifyDobValue" description="This test verifies that the value entered for &#039;Date of Birth&#039; field is displayed accordingly on preview page" finished-at="2024-11-11T15:37:39 IST" duration-ms="3885" status="PASS">
          <reporter-output>
          </reporter-output>
        </test-method> <!-- verifyDobValue -->
        <test-method is-config="true" signature="tearDown()[pri:0, instance:com.zenken.freshers.user.BasicInformation@3cfdd820]" started-at="2024-11-11T15:37:39 IST" name="tearDown" finished-at="2024-11-11T15:37:39 IST" duration-ms="246" status="PASS">
          <reporter-output>
          </reporter-output>
        </test-method> <!-- tearDown -->
        <test-method is-config="true" signature="setup(java.lang.reflect.Method)[pri:0, instance:com.zenken.freshers.user.BasicInformation@3cfdd820]" started-at="2024-11-11T15:37:39 IST" name="setup" finished-at="2024-11-11T15:37:40 IST" duration-ms="814" status="PASS">
          <params>
            <param index="0">
              <value>
                <![CDATA[public void com.zenken.freshers.user.BasicInformation.verifyEditUrl()]]>
              </value>
            </param>
          </params>
          <reporter-output>
          </reporter-output>
        </test-method> <!-- setup -->
        <test-method is-config="true" signature="setUpTest(org.testng.ITestResult)[pri:0, instance:com.zenken.freshers.user.BasicInformation@3cfdd820]" started-at="2024-11-11T15:37:40 IST" name="setUpTest" finished-at="2024-11-11T15:37:50 IST" duration-ms="10704" status="PASS">
          <params>
            <param index="0">
              <value>
                <![CDATA[[TestResult name={null} status=CREATED method=BasicInformation.verifyEditUrl()[pri:0, instance:com.zenken.freshers.user.BasicInformation@3cfdd820] output={null}]]]>
              </value>
            </param>
          </params>
          <reporter-output>
          </reporter-output>
        </test-method> <!-- setUpTest -->
        <test-method signature="verifyEditUrl()[pri:0, instance:com.zenken.freshers.user.BasicInformation@3cfdd820]" started-at="2024-11-11T15:37:50 IST" name="verifyEditUrl" description="This test verifies that user is redirected to Basic Information edit page" finished-at="2024-11-11T15:37:50 IST" duration-ms="48" status="PASS">
          <reporter-output>
          </reporter-output>
        </test-method> <!-- verifyEditUrl -->
        <test-method is-config="true" signature="tearDown()[pri:0, instance:com.zenken.freshers.user.BasicInformation@3cfdd820]" started-at="2024-11-11T15:37:50 IST" name="tearDown" finished-at="2024-11-11T15:37:51 IST" duration-ms="204" status="PASS">
          <reporter-output>
          </reporter-output>
        </test-method> <!-- tearDown -->
        <test-method is-config="true" signature="setup(java.lang.reflect.Method)[pri:0, instance:com.zenken.freshers.user.BasicInformation@3cfdd820]" started-at="2024-11-11T15:37:51 IST" name="setup" finished-at="2024-11-11T15:37:51 IST" duration-ms="849" status="PASS">
          <params>
            <param index="0">
              <value>
                <![CDATA[public void com.zenken.freshers.user.BasicInformation.verifyEmail1Value()]]>
              </value>
            </param>
          </params>
          <reporter-output>
          </reporter-output>
        </test-method> <!-- setup -->
        <test-method is-config="true" signature="setUpTest(org.testng.ITestResult)[pri:0, instance:com.zenken.freshers.user.BasicInformation@3cfdd820]" started-at="2024-11-11T15:37:51 IST" name="setUpTest" finished-at="2024-11-11T15:38:02 IST" duration-ms="10918" status="PASS">
          <params>
            <param index="0">
              <value>
                <![CDATA[[TestResult name={null} status=CREATED method=BasicInformation.verifyEmail1Value()[pri:0, instance:com.zenken.freshers.user.BasicInformation@3cfdd820] output={null}]]]>
              </value>
            </param>
          </params>
          <reporter-output>
          </reporter-output>
        </test-method> <!-- setUpTest -->
        <test-method signature="verifyEmail1Value()[pri:0, instance:com.zenken.freshers.user.BasicInformation@3cfdd820]" started-at="2024-11-11T15:38:02 IST" name="verifyEmail1Value" description="This test verifies that the value entered for &#039;E-mail Address 1 (Private E-mail)&#039; field is displayed accordingly on preview page" finished-at="2024-11-11T15:38:06 IST" duration-ms="4044" status="PASS">
          <reporter-output>
          </reporter-output>
        </test-method> <!-- verifyEmail1Value -->
        <test-method is-config="true" signature="tearDown()[pri:0, instance:com.zenken.freshers.user.BasicInformation@3cfdd820]" started-at="2024-11-11T15:38:06 IST" name="tearDown" finished-at="2024-11-11T15:38:07 IST" duration-ms="214" status="PASS">
          <reporter-output>
          </reporter-output>
        </test-method> <!-- tearDown -->
        <test-method is-config="true" signature="setup(java.lang.reflect.Method)[pri:0, instance:com.zenken.freshers.user.BasicInformation@3cfdd820]" started-at="2024-11-11T15:38:07 IST" name="setup" finished-at="2024-11-11T15:38:07 IST" duration-ms="859" status="PASS">
          <params>
            <param index="0">
              <value>
                <![CDATA[public void com.zenken.freshers.user.BasicInformation.verifyEmailRequired()]]>
              </value>
            </param>
          </params>
          <reporter-output>
          </reporter-output>
        </test-method> <!-- setup -->
        <test-method is-config="true" signature="setUpTest(org.testng.ITestResult)[pri:0, instance:com.zenken.freshers.user.BasicInformation@3cfdd820]" started-at="2024-11-11T15:38:07 IST" name="setUpTest" finished-at="2024-11-11T15:38:18 IST" duration-ms="10872" status="PASS">
          <params>
            <param index="0">
              <value>
                <![CDATA[[TestResult name={null} status=CREATED method=BasicInformation.verifyEmailRequired()[pri:0, instance:com.zenken.freshers.user.BasicInformation@3cfdd820] output={null}]]]>
              </value>
            </param>
          </params>
          <reporter-output>
          </reporter-output>
        </test-method> <!-- setUpTest -->
        <test-method signature="verifyEmailRequired()[pri:0, instance:com.zenken.freshers.user.BasicInformation@3cfdd820]" started-at="2024-11-11T15:38:18 IST" name="verifyEmailRequired" description="This test verifies that validation error occurs for &#039;E-mail Address 1 (Private E-mail)&#039; field" finished-at="2024-11-11T15:38:20 IST" duration-ms="1743" status="PASS">
          <reporter-output>
          </reporter-output>
        </test-method> <!-- verifyEmailRequired -->
        <test-method is-config="true" signature="tearDown()[pri:0, instance:com.zenken.freshers.user.BasicInformation@3cfdd820]" started-at="2024-11-11T15:38:20 IST" name="tearDown" finished-at="2024-11-11T15:38:20 IST" duration-ms="205" status="PASS">
          <reporter-output>
          </reporter-output>
        </test-method> <!-- tearDown -->
        <test-method is-config="true" signature="setup(java.lang.reflect.Method)[pri:0, instance:com.zenken.freshers.user.BasicInformation@3cfdd820]" started-at="2024-11-11T15:38:20 IST" name="setup" finished-at="2024-11-11T15:38:21 IST" duration-ms="789" status="PASS">
          <params>
            <param index="0">
              <value>
                <![CDATA[public void com.zenken.freshers.user.BasicInformation.verifyHobbyValue()]]>
              </value>
            </param>
          </params>
          <reporter-output>
          </reporter-output>
        </test-method> <!-- setup -->
        <test-method is-config="true" signature="setUpTest(org.testng.ITestResult)[pri:0, instance:com.zenken.freshers.user.BasicInformation@3cfdd820]" started-at="2024-11-11T15:38:21 IST" name="setUpTest" finished-at="2024-11-11T15:38:32 IST" duration-ms="10823" status="PASS">
          <params>
            <param index="0">
              <value>
                <![CDATA[[TestResult name={null} status=CREATED method=BasicInformation.verifyHobbyValue()[pri:0, instance:com.zenken.freshers.user.BasicInformation@3cfdd820] output={null}]]]>
              </value>
            </param>
          </params>
          <reporter-output>
          </reporter-output>
        </test-method> <!-- setUpTest -->
        <test-method signature="verifyHobbyValue()[pri:0, instance:com.zenken.freshers.user.BasicInformation@3cfdd820]" started-at="2024-11-11T15:38:32 IST" name="verifyHobbyValue" description="This test verifies that the value entered for &#039;What is your hobby?&#039; field is displayed accordingly on preview page" finished-at="2024-11-11T15:38:36 IST" duration-ms="3901" status="PASS">
          <reporter-output>
          </reporter-output>
        </test-method> <!-- verifyHobbyValue -->
        <test-method is-config="true" signature="tearDown()[pri:0, instance:com.zenken.freshers.user.BasicInformation@3cfdd820]" started-at="2024-11-11T15:38:36 IST" name="tearDown" finished-at="2024-11-11T15:38:36 IST" duration-ms="228" status="PASS">
          <reporter-output>
          </reporter-output>
        </test-method> <!-- tearDown -->
        <test-method is-config="true" signature="setup(java.lang.reflect.Method)[pri:0, instance:com.zenken.freshers.user.BasicInformation@3cfdd820]" started-at="2024-11-11T15:38:36 IST" name="setup" finished-at="2024-11-11T15:38:37 IST" duration-ms="854" status="PASS">
          <params>
            <param index="0">
              <value>
                <![CDATA[public void com.zenken.freshers.user.BasicInformation.verifyLastNameRequired()]]>
              </value>
            </param>
          </params>
          <reporter-output>
          </reporter-output>
        </test-method> <!-- setup -->
        <test-method is-config="true" signature="setUpTest(org.testng.ITestResult)[pri:0, instance:com.zenken.freshers.user.BasicInformation@3cfdd820]" started-at="2024-11-11T15:38:37 IST" name="setUpTest" finished-at="2024-11-11T15:38:48 IST" duration-ms="10832" status="PASS">
          <params>
            <param index="0">
              <value>
                <![CDATA[[TestResult name={null} status=CREATED method=BasicInformation.verifyLastNameRequired()[pri:0, instance:com.zenken.freshers.user.BasicInformation@3cfdd820] output={null}]]]>
              </value>
            </param>
          </params>
          <reporter-output>
          </reporter-output>
        </test-method> <!-- setUpTest -->
        <test-method signature="verifyLastNameRequired()[pri:0, instance:com.zenken.freshers.user.BasicInformation@3cfdd820]" started-at="2024-11-11T15:38:48 IST" name="verifyLastNameRequired" description="This test verifies that validation error occurs for &#039;Last Name&#039; field" finished-at="2024-11-11T15:38:49 IST" duration-ms="1476" status="PASS">
          <reporter-output>
          </reporter-output>
        </test-method> <!-- verifyLastNameRequired -->
        <test-method is-config="true" signature="tearDown()[pri:0, instance:com.zenken.freshers.user.BasicInformation@3cfdd820]" started-at="2024-11-11T15:38:49 IST" name="tearDown" finished-at="2024-11-11T15:38:49 IST" duration-ms="209" status="PASS">
          <reporter-output>
          </reporter-output>
        </test-method> <!-- tearDown -->
        <test-method is-config="true" signature="setup(java.lang.reflect.Method)[pri:0, instance:com.zenken.freshers.user.BasicInformation@3cfdd820]" started-at="2024-11-11T15:38:49 IST" name="setup" finished-at="2024-11-11T15:38:50 IST" duration-ms="869" status="PASS">
          <params>
            <param index="0">
              <value>
                <![CDATA[public void com.zenken.freshers.user.BasicInformation.verifyLastNameValue()]]>
              </value>
            </param>
          </params>
          <reporter-output>
          </reporter-output>
        </test-method> <!-- setup -->
        <test-method is-config="true" signature="setUpTest(org.testng.ITestResult)[pri:0, instance:com.zenken.freshers.user.BasicInformation@3cfdd820]" started-at="2024-11-11T15:38:50 IST" name="setUpTest" finished-at="2024-11-11T15:39:01 IST" duration-ms="10473" status="PASS">
          <params>
            <param index="0">
              <value>
                <![CDATA[[TestResult name={null} status=CREATED method=BasicInformation.verifyLastNameValue()[pri:0, instance:com.zenken.freshers.user.BasicInformation@3cfdd820] output={null}]]]>
              </value>
            </param>
          </params>
          <reporter-output>
          </reporter-output>
        </test-method> <!-- setUpTest -->
        <test-method signature="verifyLastNameValue()[pri:0, instance:com.zenken.freshers.user.BasicInformation@3cfdd820]" started-at="2024-11-11T15:39:01 IST" name="verifyLastNameValue" description="This test verifies that the value entered for &#039;Last Name&#039; field is displayed accordingly on preview page" finished-at="2024-11-11T15:39:04 IST" duration-ms="3706" status="PASS">
          <reporter-output>
          </reporter-output>
        </test-method> <!-- verifyLastNameValue -->
        <test-method is-config="true" signature="tearDown()[pri:0, instance:com.zenken.freshers.user.BasicInformation@3cfdd820]" started-at="2024-11-11T15:39:04 IST" name="tearDown" finished-at="2024-11-11T15:39:05 IST" duration-ms="245" status="PASS">
          <reporter-output>
          </reporter-output>
        </test-method> <!-- tearDown -->
        <test-method is-config="true" signature="setup(java.lang.reflect.Method)[pri:0, instance:com.zenken.freshers.user.BasicInformation@3cfdd820]" started-at="2024-11-11T15:39:05 IST" name="setup" finished-at="2024-11-11T15:39:06 IST" duration-ms="897" status="PASS">
          <params>
            <param index="0">
              <value>
                <![CDATA[public void com.zenken.freshers.user.BasicInformation.verifyMiddleNameValue()]]>
              </value>
            </param>
          </params>
          <reporter-output>
          </reporter-output>
        </test-method> <!-- setup -->
        <test-method is-config="true" signature="setUpTest(org.testng.ITestResult)[pri:0, instance:com.zenken.freshers.user.BasicInformation@3cfdd820]" started-at="2024-11-11T15:39:06 IST" name="setUpTest" finished-at="2024-11-11T15:39:16 IST" duration-ms="10314" status="PASS">
          <params>
            <param index="0">
              <value>
                <![CDATA[[TestResult name={null} status=CREATED method=BasicInformation.verifyMiddleNameValue()[pri:0, instance:com.zenken.freshers.user.BasicInformation@3cfdd820] output={null}]]]>
              </value>
            </param>
          </params>
          <reporter-output>
          </reporter-output>
        </test-method> <!-- setUpTest -->
        <test-method signature="verifyMiddleNameValue()[pri:0, instance:com.zenken.freshers.user.BasicInformation@3cfdd820]" started-at="2024-11-11T15:39:16 IST" name="verifyMiddleNameValue" description="This test verifies that the value entered for &#039;Middle Name&#039; field is displayed accordingly on preview page" finished-at="2024-11-11T15:39:19 IST" duration-ms="3438" status="PASS">
          <reporter-output>
          </reporter-output>
        </test-method> <!-- verifyMiddleNameValue -->
        <test-method is-config="true" signature="tearDown()[pri:0, instance:com.zenken.freshers.user.BasicInformation@3cfdd820]" started-at="2024-11-11T15:39:19 IST" name="tearDown" finished-at="2024-11-11T15:39:20 IST" duration-ms="240" status="PASS">
          <reporter-output>
          </reporter-output>
        </test-method> <!-- tearDown -->
        <test-method is-config="true" signature="setup(java.lang.reflect.Method)[pri:0, instance:com.zenken.freshers.user.BasicInformation@3cfdd820]" started-at="2024-11-11T15:39:20 IST" name="setup" finished-at="2024-11-11T15:39:20 IST" duration-ms="869" status="PASS">
          <params>
            <param index="0">
              <value>
                <![CDATA[public void com.zenken.freshers.user.BasicInformation.verifyNotSureStates()]]>
              </value>
            </param>
          </params>
          <reporter-output>
          </reporter-output>
        </test-method> <!-- setup -->
        <test-method is-config="true" signature="setUpTest(org.testng.ITestResult)[pri:0, instance:com.zenken.freshers.user.BasicInformation@3cfdd820]" started-at="2024-11-11T15:39:20 IST" name="setUpTest" finished-at="2024-11-11T15:39:31 IST" duration-ms="10810" status="PASS">
          <params>
            <param index="0">
              <value>
                <![CDATA[[TestResult name={null} status=CREATED method=BasicInformation.verifyNotSureStates()[pri:0, instance:com.zenken.freshers.user.BasicInformation@3cfdd820] output={null}]]]>
              </value>
            </param>
          </params>
          <reporter-output>
          </reporter-output>
        </test-method> <!-- setUpTest -->
        <test-method signature="verifyNotSureStates()[pri:0, instance:com.zenken.freshers.user.BasicInformation@3cfdd820]" started-at="2024-11-11T15:39:31 IST" name="verifyNotSureStates" description="This test verifies the activation of &#039;If you chose &quot;Not sure&quot;, please describe here&#039; textbox based on the input given for corresponding field" finished-at="2024-11-11T15:39:32 IST" duration-ms="989" status="PASS">
          <reporter-output>
          </reporter-output>
        </test-method> <!-- verifyNotSureStates -->
        <test-method is-config="true" signature="tearDown()[pri:0, instance:com.zenken.freshers.user.BasicInformation@3cfdd820]" started-at="2024-11-11T15:39:32 IST" name="tearDown" finished-at="2024-11-11T15:39:32 IST" duration-ms="145" status="PASS">
          <reporter-output>
          </reporter-output>
        </test-method> <!-- tearDown -->
        <test-method is-config="true" signature="setup(java.lang.reflect.Method)[pri:0, instance:com.zenken.freshers.user.BasicInformation@3cfdd820]" started-at="2024-11-11T15:39:32 IST" name="setup" finished-at="2024-11-11T15:39:33 IST" duration-ms="734" status="PASS">
          <params>
            <param index="0">
              <value>
                <![CDATA[public void com.zenken.freshers.user.BasicInformation.verifyOtherMasterStates()]]>
              </value>
            </param>
          </params>
          <reporter-output>
          </reporter-output>
        </test-method> <!-- setup -->
        <test-method is-config="true" signature="setUpTest(org.testng.ITestResult)[pri:0, instance:com.zenken.freshers.user.BasicInformation@3cfdd820]" started-at="2024-11-11T15:39:33 IST" name="setUpTest" finished-at="2024-11-11T15:39:44 IST" duration-ms="11224" status="PASS">
          <params>
            <param index="0">
              <value>
                <![CDATA[[TestResult name={null} status=CREATED method=BasicInformation.verifyOtherMasterStates()[pri:0, instance:com.zenken.freshers.user.BasicInformation@3cfdd820] output={null}]]]>
              </value>
            </param>
          </params>
          <reporter-output>
          </reporter-output>
        </test-method> <!-- setUpTest -->
        <test-method signature="verifyOtherMasterStates()[pri:0, instance:com.zenken.freshers.user.BasicInformation@3cfdd820]" started-at="2024-11-11T15:39:44 IST" name="verifyOtherMasterStates" description="This test verifies the activation of &#039;Other (Masters)&#039; textbox based on the input given for corresponding field" finished-at="2024-11-11T15:39:47 IST" duration-ms="2694" status="PASS">
          <reporter-output>
          </reporter-output>
        </test-method> <!-- verifyOtherMasterStates -->
        <test-method is-config="true" signature="tearDown()[pri:0, instance:com.zenken.freshers.user.BasicInformation@3cfdd820]" started-at="2024-11-11T15:39:47 IST" name="tearDown" finished-at="2024-11-11T15:39:49 IST" duration-ms="1858" status="PASS">
          <reporter-output>
          </reporter-output>
        </test-method> <!-- tearDown -->
        <test-method is-config="true" signature="setup(java.lang.reflect.Method)[pri:0, instance:com.zenken.freshers.user.BasicInformation@3cfdd820]" started-at="2024-11-11T15:39:49 IST" name="setup" finished-at="2024-11-11T15:39:50 IST" duration-ms="838" status="PASS">
          <params>
            <param index="0">
              <value>
                <![CDATA[public void com.zenken.freshers.user.BasicInformation.verifyPhoneValue()]]>
              </value>
            </param>
          </params>
          <reporter-output>
          </reporter-output>
        </test-method> <!-- setup -->
        <test-method is-config="true" signature="setUpTest(org.testng.ITestResult)[pri:0, instance:com.zenken.freshers.user.BasicInformation@3cfdd820]" started-at="2024-11-11T15:39:50 IST" name="setUpTest" finished-at="2024-11-11T15:40:01 IST" duration-ms="10929" status="PASS">
          <params>
            <param index="0">
              <value>
                <![CDATA[[TestResult name={null} status=CREATED method=BasicInformation.verifyPhoneValue()[pri:0, instance:com.zenken.freshers.user.BasicInformation@3cfdd820] output={null}]]]>
              </value>
            </param>
          </params>
          <reporter-output>
          </reporter-output>
        </test-method> <!-- setUpTest -->
        <test-method signature="verifyPhoneValue()[pri:0, instance:com.zenken.freshers.user.BasicInformation@3cfdd820]" started-at="2024-11-11T15:40:01 IST" name="verifyPhoneValue" description="This test verifies that the value entered for &#039;Phone No. (Mobile)&#039; field is displayed accordingly on preview page" finished-at="2024-11-11T15:40:07 IST" duration-ms="5959" status="PASS">
          <reporter-output>
          </reporter-output>
        </test-method> <!-- verifyPhoneValue -->
        <test-method is-config="true" signature="tearDown()[pri:0, instance:com.zenken.freshers.user.BasicInformation@3cfdd820]" started-at="2024-11-11T15:40:07 IST" name="tearDown" finished-at="2024-11-11T15:40:07 IST" duration-ms="603" status="PASS">
          <reporter-output>
          </reporter-output>
        </test-method> <!-- tearDown -->
        <test-method is-config="true" signature="setup(java.lang.reflect.Method)[pri:0, instance:com.zenken.freshers.user.BasicInformation@3cfdd820]" started-at="2024-11-11T15:40:07 IST" name="setup" finished-at="2024-11-11T15:40:08 IST" duration-ms="895" status="PASS">
          <params>
            <param index="0">
              <value>
                <![CDATA[public void com.zenken.freshers.user.BasicInformation.verifyPinCodeValue()]]>
              </value>
            </param>
          </params>
          <reporter-output>
          </reporter-output>
        </test-method> <!-- setup -->
        <test-method is-config="true" signature="setUpTest(org.testng.ITestResult)[pri:0, instance:com.zenken.freshers.user.BasicInformation@3cfdd820]" started-at="2024-11-11T15:40:08 IST" name="setUpTest" finished-at="2024-11-11T15:40:19 IST" duration-ms="10942" status="PASS">
          <params>
            <param index="0">
              <value>
                <![CDATA[[TestResult name={null} status=CREATED method=BasicInformation.verifyPinCodeValue()[pri:0, instance:com.zenken.freshers.user.BasicInformation@3cfdd820] output={null}]]]>
              </value>
            </param>
          </params>
          <reporter-output>
          </reporter-output>
        </test-method> <!-- setUpTest -->
        <test-method signature="verifyPinCodeValue()[pri:0, instance:com.zenken.freshers.user.BasicInformation@3cfdd820]" started-at="2024-11-11T15:40:19 IST" name="verifyPinCodeValue" description="This test verifies that the value entered for &#039;Pin Code&#039; field is displayed accordingly on preview page" finished-at="2024-11-11T15:40:23 IST" duration-ms="3840" status="PASS">
          <reporter-output>
          </reporter-output>
        </test-method> <!-- verifyPinCodeValue -->
        <test-method is-config="true" signature="tearDown()[pri:0, instance:com.zenken.freshers.user.BasicInformation@3cfdd820]" started-at="2024-11-11T15:40:23 IST" name="tearDown" finished-at="2024-11-11T15:40:23 IST" duration-ms="205" status="PASS">
          <reporter-output>
          </reporter-output>
        </test-method> <!-- tearDown -->
        <test-method is-config="true" signature="setup(java.lang.reflect.Method)[pri:0, instance:com.zenken.freshers.user.BasicInformation@3cfdd820]" started-at="2024-11-11T15:40:23 IST" name="setup" finished-at="2024-11-11T15:40:24 IST" duration-ms="903" status="PASS">
          <params>
            <param index="0">
              <value>
                <![CDATA[public void com.zenken.freshers.user.BasicInformation.verifyProfileUpdate()]]>
              </value>
            </param>
          </params>
          <reporter-output>
          </reporter-output>
        </test-method> <!-- setup -->
        <test-method is-config="true" signature="setUpTest(org.testng.ITestResult)[pri:0, instance:com.zenken.freshers.user.BasicInformation@3cfdd820]" started-at="2024-11-11T15:40:24 IST" name="setUpTest" finished-at="2024-11-11T15:40:34 IST" duration-ms="9691" status="PASS">
          <params>
            <param index="0">
              <value>
                <![CDATA[[TestResult name={null} status=CREATED method=BasicInformation.verifyProfileUpdate()[pri:0, instance:com.zenken.freshers.user.BasicInformation@3cfdd820] output={null}]]]>
              </value>
            </param>
          </params>
          <reporter-output>
          </reporter-output>
        </test-method> <!-- setUpTest -->
        <test-method signature="verifyProfileUpdate()[pri:0, instance:com.zenken.freshers.user.BasicInformation@3cfdd820]" started-at="2024-11-11T15:40:34 IST" name="verifyProfileUpdate" description="This test verifies that the user can save mandatory fields for the Basic information section" finished-at="2024-11-11T15:40:37 IST" duration-ms="3677" status="PASS">
          <reporter-output>
          </reporter-output>
        </test-method> <!-- verifyProfileUpdate -->
        <test-method is-config="true" signature="tearDown()[pri:0, instance:com.zenken.freshers.user.BasicInformation@3cfdd820]" started-at="2024-11-11T15:40:37 IST" name="tearDown" finished-at="2024-11-11T15:40:38 IST" duration-ms="207" status="PASS">
          <reporter-output>
          </reporter-output>
        </test-method> <!-- tearDown -->
        <test-method is-config="true" signature="setup(java.lang.reflect.Method)[pri:0, instance:com.zenken.freshers.user.BasicInformation@3cfdd820]" started-at="2024-11-11T15:40:38 IST" name="setup" finished-at="2024-11-11T15:40:38 IST" duration-ms="858" status="PASS">
          <params>
            <param index="0">
              <value>
                <![CDATA[public void com.zenken.freshers.user.BasicInformation.verifyRedirectionForCancel()]]>
              </value>
            </param>
          </params>
          <reporter-output>
          </reporter-output>
        </test-method> <!-- setup -->
        <test-method is-config="true" signature="setUpTest(org.testng.ITestResult)[pri:0, instance:com.zenken.freshers.user.BasicInformation@3cfdd820]" started-at="2024-11-11T15:40:38 IST" name="setUpTest" finished-at="2024-11-11T15:40:50 IST" duration-ms="11078" status="PASS">
          <params>
            <param index="0">
              <value>
                <![CDATA[[TestResult name={null} status=CREATED method=BasicInformation.verifyRedirectionForCancel()[pri:0, instance:com.zenken.freshers.user.BasicInformation@3cfdd820] output={null}]]]>
              </value>
            </param>
          </params>
          <reporter-output>
          </reporter-output>
        </test-method> <!-- setUpTest -->
        <test-method signature="verifyRedirectionForCancel()[pri:0, instance:com.zenken.freshers.user.BasicInformation@3cfdd820]" started-at="2024-11-11T15:40:50 IST" name="verifyRedirectionForCancel" description="This test verifies that the user is redirected to preview page upon clicking on &#039;Cancel&#039; button" finished-at="2024-11-11T15:40:52 IST" duration-ms="2850" status="PASS">
          <reporter-output>
          </reporter-output>
        </test-method> <!-- verifyRedirectionForCancel -->
        <test-method is-config="true" signature="tearDown()[pri:0, instance:com.zenken.freshers.user.BasicInformation@3cfdd820]" started-at="2024-11-11T15:40:52 IST" name="tearDown" finished-at="2024-11-11T15:40:53 IST" duration-ms="255" status="PASS">
          <reporter-output>
          </reporter-output>
        </test-method> <!-- tearDown -->
        <test-method is-config="true" signature="setup(java.lang.reflect.Method)[pri:0, instance:com.zenken.freshers.user.BasicInformation@3cfdd820]" started-at="2024-11-11T15:40:53 IST" name="setup" finished-at="2024-11-11T15:40:54 IST" duration-ms="874" status="PASS">
          <params>
            <param index="0">
              <value>
                <![CDATA[public void com.zenken.freshers.user.BasicInformation.verifyRequiredToApplyTexts()]]>
              </value>
            </param>
          </params>
          <reporter-output>
          </reporter-output>
        </test-method> <!-- setup -->
        <test-method is-config="true" signature="setUpTest(org.testng.ITestResult)[pri:0, instance:com.zenken.freshers.user.BasicInformation@3cfdd820]" started-at="2024-11-11T15:40:54 IST" name="setUpTest" finished-at="2024-11-11T15:41:05 IST" duration-ms="11029" status="PASS">
          <params>
            <param index="0">
              <value>
                <![CDATA[[TestResult name={null} status=CREATED method=BasicInformation.verifyRequiredToApplyTexts()[pri:0, instance:com.zenken.freshers.user.BasicInformation@3cfdd820] output={null}]]]>
              </value>
            </param>
          </params>
          <reporter-output>
          </reporter-output>
        </test-method> <!-- setUpTest -->
        <test-method signature="verifyRequiredToApplyTexts()[pri:0, instance:com.zenken.freshers.user.BasicInformation@3cfdd820]" started-at="2024-11-11T15:41:05 IST" name="verifyRequiredToApplyTexts" finished-at="2024-11-11T15:41:05 IST" duration-ms="374" status="PASS">
          <reporter-output>
          </reporter-output>
        </test-method> <!-- verifyRequiredToApplyTexts -->
        <test-method is-config="true" signature="tearDown()[pri:0, instance:com.zenken.freshers.user.BasicInformation@3cfdd820]" started-at="2024-11-11T15:41:05 IST" name="tearDown" finished-at="2024-11-11T15:41:05 IST" duration-ms="221" status="PASS">
          <reporter-output>
          </reporter-output>
        </test-method> <!-- tearDown -->
        <test-method is-config="true" signature="setup(java.lang.reflect.Method)[pri:0, instance:com.zenken.freshers.user.BasicInformation@3cfdd820]" started-at="2024-11-11T15:41:05 IST" name="setup" finished-at="2024-11-11T15:41:06 IST" duration-ms="786" status="PASS">
          <params>
            <param index="0">
              <value>
                <![CDATA[public void com.zenken.freshers.user.BasicInformation.verifySexValue()]]>
              </value>
            </param>
          </params>
          <reporter-output>
          </reporter-output>
        </test-method> <!-- setup -->
        <test-method is-config="true" signature="setUpTest(org.testng.ITestResult)[pri:0, instance:com.zenken.freshers.user.BasicInformation@3cfdd820]" started-at="2024-11-11T15:41:06 IST" name="setUpTest" finished-at="2024-11-11T15:41:17 IST" duration-ms="10795" status="PASS">
          <params>
            <param index="0">
              <value>
                <![CDATA[[TestResult name={null} status=CREATED method=BasicInformation.verifySexValue()[pri:0, instance:com.zenken.freshers.user.BasicInformation@3cfdd820] output={null}]]]>
              </value>
            </param>
          </params>
          <reporter-output>
          </reporter-output>
        </test-method> <!-- setUpTest -->
        <test-method signature="verifySexValue()[pri:0, instance:com.zenken.freshers.user.BasicInformation@3cfdd820]" started-at="2024-11-11T15:41:17 IST" name="verifySexValue" description="This test verifies that the value entered for &#039;Sex&#039; field is displayed accordingly on preview page" finished-at="2024-11-11T15:41:20 IST" duration-ms="3427" status="PASS">
          <reporter-output>
          </reporter-output>
        </test-method> <!-- verifySexValue -->
        <test-method is-config="true" signature="tearDown()[pri:0, instance:com.zenken.freshers.user.BasicInformation@3cfdd820]" started-at="2024-11-11T15:41:20 IST" name="tearDown" finished-at="2024-11-11T15:41:20 IST" duration-ms="254" status="PASS">
          <reporter-output>
          </reporter-output>
        </test-method> <!-- tearDown -->
        <test-method is-config="true" signature="setup(java.lang.reflect.Method)[pri:0, instance:com.zenken.freshers.user.BasicInformation@3cfdd820]" started-at="2024-11-11T15:41:20 IST" name="setup" finished-at="2024-11-11T15:41:21 IST" duration-ms="874" status="PASS">
          <params>
            <param index="0">
              <value>
                <![CDATA[public void com.zenken.freshers.user.BasicInformation.verifyTextBoxInactiveLastName()]]>
              </value>
            </param>
          </params>
          <reporter-output>
          </reporter-output>
        </test-method> <!-- setup -->
        <test-method is-config="true" signature="setUpTest(org.testng.ITestResult)[pri:0, instance:com.zenken.freshers.user.BasicInformation@3cfdd820]" started-at="2024-11-11T15:41:21 IST" name="setUpTest" finished-at="2024-11-11T15:41:31 IST" duration-ms="9714" status="PASS">
          <params>
            <param index="0">
              <value>
                <![CDATA[[TestResult name={null} status=CREATED method=BasicInformation.verifyTextBoxInactiveLastName()[pri:0, instance:com.zenken.freshers.user.BasicInformation@3cfdd820] output={null}]]]>
              </value>
            </param>
          </params>
          <reporter-output>
          </reporter-output>
        </test-method> <!-- setUpTest -->
        <test-method signature="verifyTextBoxInactiveLastName()[pri:0, instance:com.zenken.freshers.user.BasicInformation@3cfdd820]" started-at="2024-11-11T15:41:31 IST" name="verifyTextBoxInactiveLastName" description="This test verifies that the text box for &#039;Last name&#039; turns inactive after selecting the checkbox" finished-at="2024-11-11T15:41:31 IST" duration-ms="96" status="PASS">
          <reporter-output>
          </reporter-output>
        </test-method> <!-- verifyTextBoxInactiveLastName -->
        <test-method is-config="true" signature="tearDown()[pri:0, instance:com.zenken.freshers.user.BasicInformation@3cfdd820]" started-at="2024-11-11T15:41:31 IST" name="tearDown" finished-at="2024-11-11T15:41:31 IST" duration-ms="207" status="PASS">
          <reporter-output>
          </reporter-output>
        </test-method> <!-- tearDown -->
        <test-method is-config="true" signature="setup(java.lang.reflect.Method)[pri:0, instance:com.zenken.freshers.user.BasicInformation@3cfdd820]" started-at="2024-11-11T15:41:31 IST" name="setup" finished-at="2024-11-11T15:41:32 IST" duration-ms="810" status="PASS">
          <params>
            <param index="0">
              <value>
                <![CDATA[public void com.zenken.freshers.user.BasicInformation.verifyTimeInJapanValue()]]>
              </value>
            </param>
          </params>
          <reporter-output>
          </reporter-output>
        </test-method> <!-- setup -->
        <test-method is-config="true" signature="setUpTest(org.testng.ITestResult)[pri:0, instance:com.zenken.freshers.user.BasicInformation@3cfdd820]" started-at="2024-11-11T15:41:32 IST" name="setUpTest" finished-at="2024-11-11T15:41:43 IST" duration-ms="10535" status="PASS">
          <params>
            <param index="0">
              <value>
                <![CDATA[[TestResult name={null} status=CREATED method=BasicInformation.verifyTimeInJapanValue()[pri:0, instance:com.zenken.freshers.user.BasicInformation@3cfdd820] output={null}]]]>
              </value>
            </param>
          </params>
          <reporter-output>
          </reporter-output>
        </test-method> <!-- setUpTest -->
        <test-method signature="verifyTimeInJapanValue()[pri:0, instance:com.zenken.freshers.user.BasicInformation@3cfdd820]" started-at="2024-11-11T15:41:43 IST" name="verifyTimeInJapanValue" description="This test verifies that the value entered for &#039;How long would you like to work in Japan?&#039; field is displayed accordingly on preview page" finished-at="2024-11-11T15:41:46 IST" duration-ms="3613" status="PASS">
          <reporter-output>
          </reporter-output>
        </test-method> <!-- verifyTimeInJapanValue -->
        <test-method is-config="true" signature="tearDown()[pri:0, instance:com.zenken.freshers.user.BasicInformation@3cfdd820]" started-at="2024-11-11T15:41:46 IST" name="tearDown" finished-at="2024-11-11T15:41:47 IST" duration-ms="218" status="PASS">
          <reporter-output>
          </reporter-output>
        </test-method> <!-- tearDown -->
        <test-method is-config="true" signature="setup(java.lang.reflect.Method)[pri:0, instance:com.zenken.freshers.user.BasicInformation@3cfdd820]" started-at="2024-11-11T15:41:47 IST" name="setup" finished-at="2024-11-11T15:41:47 IST" duration-ms="862" status="PASS">
          <params>
            <param index="0">
              <value>
                <![CDATA[public void com.zenken.freshers.user.BasicInformation.verifyTitleName()]]>
              </value>
            </param>
          </params>
          <reporter-output>
          </reporter-output>
        </test-method> <!-- setup -->
        <test-method is-config="true" signature="setUpTest(org.testng.ITestResult)[pri:0, instance:com.zenken.freshers.user.BasicInformation@3cfdd820]" started-at="2024-11-11T15:41:47 IST" name="setUpTest" finished-at="2024-11-11T15:41:58 IST" duration-ms="10567" status="PASS">
          <params>
            <param index="0">
              <value>
                <![CDATA[[TestResult name={null} status=CREATED method=BasicInformation.verifyTitleName()[pri:0, instance:com.zenken.freshers.user.BasicInformation@3cfdd820] output={null}]]]>
              </value>
            </param>
          </params>
          <reporter-output>
          </reporter-output>
        </test-method> <!-- setUpTest -->
        <test-method signature="verifyTitleName()[pri:0, instance:com.zenken.freshers.user.BasicInformation@3cfdd820]" started-at="2024-11-11T15:41:58 IST" name="verifyTitleName" description="This test verifies that the Basic Information page title is correct" finished-at="2024-11-11T15:41:58 IST" duration-ms="11" status="PASS">
          <reporter-output>
          </reporter-output>
        </test-method> <!-- verifyTitleName -->
        <test-method is-config="true" signature="tearDown()[pri:0, instance:com.zenken.freshers.user.BasicInformation@3cfdd820]" started-at="2024-11-11T15:41:58 IST" name="tearDown" finished-at="2024-11-11T15:41:58 IST" duration-ms="215" status="PASS">
          <reporter-output>
          </reporter-output>
        </test-method> <!-- tearDown -->
        <test-method is-config="true" signature="setup(java.lang.reflect.Method)[pri:0, instance:com.zenken.freshers.user.BasicInformation@3cfdd820]" started-at="2024-11-11T15:41:58 IST" name="setup" finished-at="2024-11-11T15:41:59 IST" duration-ms="811" status="PASS">
          <params>
            <param index="0">
              <value>
                <![CDATA[public void com.zenken.freshers.user.BasicInformation.verifyUsnRequired()]]>
              </value>
            </param>
          </params>
          <reporter-output>
          </reporter-output>
        </test-method> <!-- setup -->
        <test-method is-config="true" signature="setUpTest(org.testng.ITestResult)[pri:0, instance:com.zenken.freshers.user.BasicInformation@3cfdd820]" started-at="2024-11-11T15:41:59 IST" name="setUpTest" finished-at="2024-11-11T15:42:10 IST" duration-ms="10942" status="PASS">
          <params>
            <param index="0">
              <value>
                <![CDATA[[TestResult name={null} status=CREATED method=BasicInformation.verifyUsnRequired()[pri:0, instance:com.zenken.freshers.user.BasicInformation@3cfdd820] output={null}]]]>
              </value>
            </param>
          </params>
          <reporter-output>
          </reporter-output>
        </test-method> <!-- setUpTest -->
        <test-method signature="verifyUsnRequired()[pri:0, instance:com.zenken.freshers.user.BasicInformation@3cfdd820]" started-at="2024-11-11T15:42:10 IST" name="verifyUsnRequired" description="This test verifies that validation error occurs for &#039;USN / Registration Number&#039; field" finished-at="2024-11-11T15:42:12 IST" duration-ms="1587" status="PASS">
          <reporter-output>
          </reporter-output>
        </test-method> <!-- verifyUsnRequired -->
        <test-method is-config="true" signature="tearDown()[pri:0, instance:com.zenken.freshers.user.BasicInformation@3cfdd820]" started-at="2024-11-11T15:42:12 IST" name="tearDown" finished-at="2024-11-11T15:42:12 IST" duration-ms="210" status="PASS">
          <reporter-output>
          </reporter-output>
        </test-method> <!-- tearDown -->
        <test-method is-config="true" signature="setup(java.lang.reflect.Method)[pri:0, instance:com.zenken.freshers.user.BasicInformation@3cfdd820]" started-at="2024-11-11T15:42:12 IST" name="setup" finished-at="2024-11-11T15:42:13 IST" duration-ms="897" status="PASS">
          <params>
            <param index="0">
              <value>
                <![CDATA[public void com.zenken.freshers.user.BasicInformation.verifyYearRequired()]]>
              </value>
            </param>
          </params>
          <reporter-output>
          </reporter-output>
        </test-method> <!-- setup -->
        <test-method is-config="true" signature="setUpTest(org.testng.ITestResult)[pri:0, instance:com.zenken.freshers.user.BasicInformation@3cfdd820]" started-at="2024-11-11T15:42:13 IST" name="setUpTest" finished-at="2024-11-11T15:42:24 IST" duration-ms="11828" status="PASS">
          <params>
            <param index="0">
              <value>
                <![CDATA[[TestResult name={null} status=CREATED method=BasicInformation.verifyYearRequired()[pri:0, instance:com.zenken.freshers.user.BasicInformation@3cfdd820] output={null}]]]>
              </value>
            </param>
          </params>
          <reporter-output>
          </reporter-output>
        </test-method> <!-- setUpTest -->
        <test-method signature="verifyYearRequired()[pri:0, instance:com.zenken.freshers.user.BasicInformation@3cfdd820]" started-at="2024-11-11T15:42:24 IST" name="verifyYearRequired" description="This test verifies that validation error occurs for &#039;Expected Graduation Year&#039; field" finished-at="2024-11-11T15:42:26 IST" duration-ms="2027" status="PASS">
          <reporter-output>
          </reporter-output>
        </test-method> <!-- verifyYearRequired -->
        <test-method is-config="true" signature="tearDown()[pri:0, instance:com.zenken.freshers.user.BasicInformation@3cfdd820]" started-at="2024-11-11T15:42:26 IST" name="tearDown" finished-at="2024-11-11T15:42:27 IST" duration-ms="237" status="PASS">
          <reporter-output>
          </reporter-output>
        </test-method> <!-- tearDown -->
        <test-method is-config="true" signature="setup(java.lang.reflect.Method)[pri:0, instance:com.zenken.freshers.user.BasicInformation@3cfdd820]" started-at="2024-11-11T15:42:27 IST" name="setup" finished-at="2024-11-11T15:42:27 IST" duration-ms="755" status="PASS">
          <params>
            <param index="0">
              <value>
                <![CDATA[public void com.zenken.freshers.user.BasicInformation.verifyBacklogCountStates()]]>
              </value>
            </param>
          </params>
          <reporter-output>
          </reporter-output>
        </test-method> <!-- setup -->
        <test-method is-config="true" signature="setUpTest(org.testng.ITestResult)[pri:0, instance:com.zenken.freshers.user.BasicInformation@3cfdd820]" started-at="2024-11-11T15:42:27 IST" name="setUpTest" finished-at="2024-11-11T15:42:37 IST" duration-ms="9665" status="PASS">
          <params>
            <param index="0">
              <value>
                <![CDATA[[TestResult name={null} status=CREATED method=BasicInformation.verifyBacklogCountStates()[pri:0, instance:com.zenken.freshers.user.BasicInformation@3cfdd820] output={null}]]]>
              </value>
            </param>
          </params>
          <reporter-output>
          </reporter-output>
        </test-method> <!-- setUpTest -->
        <test-method signature="verifyBacklogCountStates()[pri:0, instance:com.zenken.freshers.user.BasicInformation@3cfdd820]" started-at="2024-11-11T15:42:37 IST" name="verifyBacklogCountStates" description="This test verifies the activation of &#039;How many active backlogs do you have?&#039; dropdown based on the input given for corresponding field" finished-at="2024-11-11T15:42:37 IST" duration-ms="93" status="PASS">
          <reporter-output>
          </reporter-output>
        </test-method> <!-- verifyBacklogCountStates -->
        <test-method is-config="true" signature="tearDown()[pri:0, instance:com.zenken.freshers.user.BasicInformation@3cfdd820]" started-at="2024-11-11T15:42:37 IST" name="tearDown" finished-at="2024-11-11T15:42:37 IST" duration-ms="195" status="PASS">
          <reporter-output>
          </reporter-output>
        </test-method> <!-- tearDown -->
        <test-method is-config="true" signature="setup(java.lang.reflect.Method)[pri:0, instance:com.zenken.freshers.user.BasicInformation@3cfdd820]" started-at="2024-11-11T15:42:37 IST" name="setup" finished-at="2024-11-11T15:42:38 IST" duration-ms="923" status="PASS">
          <params>
            <param index="0">
              <value>
                <![CDATA[public void com.zenken.freshers.user.BasicInformation.verifyCountryValue()]]>
              </value>
            </param>
          </params>
          <reporter-output>
          </reporter-output>
        </test-method> <!-- setup -->
        <test-method is-config="true" signature="setUpTest(org.testng.ITestResult)[pri:0, instance:com.zenken.freshers.user.BasicInformation@3cfdd820]" started-at="2024-11-11T15:42:38 IST" name="setUpTest" finished-at="2024-11-11T15:42:48 IST" duration-ms="9715" status="PASS">
          <params>
            <param index="0">
              <value>
                <![CDATA[[TestResult name={null} status=CREATED method=BasicInformation.verifyCountryValue()[pri:0, instance:com.zenken.freshers.user.BasicInformation@3cfdd820] output={null}]]]>
              </value>
            </param>
          </params>
          <reporter-output>
          </reporter-output>
        </test-method> <!-- setUpTest -->
        <test-method signature="verifyCountryValue()[pri:0, instance:com.zenken.freshers.user.BasicInformation@3cfdd820]" started-at="2024-11-11T15:42:48 IST" name="verifyCountryValue" description="This test verifies that the value entered for &#039;Country&#039; field is displayed accordingly on preview page" finished-at="2024-11-11T15:42:52 IST" duration-ms="3454" status="PASS">
          <reporter-output>
          </reporter-output>
        </test-method> <!-- verifyCountryValue -->
        <test-method is-config="true" signature="tearDown()[pri:0, instance:com.zenken.freshers.user.BasicInformation@3cfdd820]" started-at="2024-11-11T15:42:52 IST" name="tearDown" finished-at="2024-11-11T15:42:52 IST" duration-ms="222" status="PASS">
          <reporter-output>
          </reporter-output>
        </test-method> <!-- tearDown -->
        <test-method is-config="true" signature="setup(java.lang.reflect.Method)[pri:0, instance:com.zenken.freshers.user.BasicInformation@3cfdd820]" started-at="2024-11-11T15:42:52 IST" name="setup" finished-at="2024-11-11T15:42:53 IST" duration-ms="787" status="PASS">
          <params>
            <param index="0">
              <value>
                <![CDATA[public void com.zenken.freshers.user.BasicInformation.verifyEmail2Value()]]>
              </value>
            </param>
          </params>
          <reporter-output>
          </reporter-output>
        </test-method> <!-- setup -->
        <test-method is-config="true" signature="setUpTest(org.testng.ITestResult)[pri:0, instance:com.zenken.freshers.user.BasicInformation@3cfdd820]" started-at="2024-11-11T15:42:53 IST" name="setUpTest" finished-at="2024-11-11T15:43:04 IST" duration-ms="11190" status="PASS">
          <params>
            <param index="0">
              <value>
                <![CDATA[[TestResult name={null} status=CREATED method=BasicInformation.verifyEmail2Value()[pri:0, instance:com.zenken.freshers.user.BasicInformation@3cfdd820] output={null}]]]>
              </value>
            </param>
          </params>
          <reporter-output>
          </reporter-output>
        </test-method> <!-- setUpTest -->
        <test-method signature="verifyEmail2Value()[pri:0, instance:com.zenken.freshers.user.BasicInformation@3cfdd820]" started-at="2024-11-11T15:43:04 IST" name="verifyEmail2Value" description="This test verifies that the value entered for &#039;E-mail Address 2 (College E-mail)&#039; field is displayed accordingly on preview page" finished-at="2024-11-11T15:43:07 IST" duration-ms="3635" status="PASS">
          <reporter-output>
          </reporter-output>
        </test-method> <!-- verifyEmail2Value -->
        <test-method is-config="true" signature="tearDown()[pri:0, instance:com.zenken.freshers.user.BasicInformation@3cfdd820]" started-at="2024-11-11T15:43:07 IST" name="tearDown" finished-at="2024-11-11T15:43:08 IST" duration-ms="212" status="PASS">
          <reporter-output>
          </reporter-output>
        </test-method> <!-- tearDown -->
        <test-method is-config="true" signature="setup(java.lang.reflect.Method)[pri:0, instance:com.zenken.freshers.user.BasicInformation@3cfdd820]" started-at="2024-11-11T15:43:08 IST" name="setup" finished-at="2024-11-11T15:43:08 IST" duration-ms="755" status="PASS">
          <params>
            <param index="0">
              <value>
                <![CDATA[public void com.zenken.freshers.user.BasicInformation.verifyFirstNameRequired()]]>
              </value>
            </param>
          </params>
          <reporter-output>
          </reporter-output>
        </test-method> <!-- setup -->
        <test-method is-config="true" signature="setUpTest(org.testng.ITestResult)[pri:0, instance:com.zenken.freshers.user.BasicInformation@3cfdd820]" started-at="2024-11-11T15:43:08 IST" name="setUpTest" finished-at="2024-11-11T15:43:19 IST" duration-ms="10295" status="PASS">
          <params>
            <param index="0">
              <value>
                <![CDATA[[TestResult name={null} status=CREATED method=BasicInformation.verifyFirstNameRequired()[pri:0, instance:com.zenken.freshers.user.BasicInformation@3cfdd820] output={null}]]]>
              </value>
            </param>
          </params>
          <reporter-output>
          </reporter-output>
        </test-method> <!-- setUpTest -->
        <test-method signature="verifyFirstNameRequired()[pri:0, instance:com.zenken.freshers.user.BasicInformation@3cfdd820]" started-at="2024-11-11T15:43:19 IST" name="verifyFirstNameRequired" description="This test verifies that validation error occurs for &#039;First Name&#039; field" finished-at="2024-11-11T15:43:20 IST" duration-ms="1594" status="PASS">
          <reporter-output>
          </reporter-output>
        </test-method> <!-- verifyFirstNameRequired -->
        <test-method is-config="true" signature="tearDown()[pri:0, instance:com.zenken.freshers.user.BasicInformation@3cfdd820]" started-at="2024-11-11T15:43:20 IST" name="tearDown" finished-at="2024-11-11T15:43:20 IST" duration-ms="223" status="PASS">
          <reporter-output>
          </reporter-output>
        </test-method> <!-- tearDown -->
        <test-method is-config="true" signature="setup(java.lang.reflect.Method)[pri:0, instance:com.zenken.freshers.user.BasicInformation@3cfdd820]" started-at="2024-11-11T15:43:20 IST" name="setup" finished-at="2024-11-11T15:43:21 IST" duration-ms="895" status="PASS">
          <params>
            <param index="0">
              <value>
                <![CDATA[public void com.zenken.freshers.user.BasicInformation.verifyFirstNameValue()]]>
              </value>
            </param>
          </params>
          <reporter-output>
          </reporter-output>
        </test-method> <!-- setup -->
        <test-method is-config="true" signature="setUpTest(org.testng.ITestResult)[pri:0, instance:com.zenken.freshers.user.BasicInformation@3cfdd820]" started-at="2024-11-11T15:43:21 IST" name="setUpTest" finished-at="2024-11-11T15:43:32 IST" duration-ms="10788" status="PASS">
          <params>
            <param index="0">
              <value>
                <![CDATA[[TestResult name={null} status=CREATED method=BasicInformation.verifyFirstNameValue()[pri:0, instance:com.zenken.freshers.user.BasicInformation@3cfdd820] output={null}]]]>
              </value>
            </param>
          </params>
          <reporter-output>
          </reporter-output>
        </test-method> <!-- setUpTest -->
        <test-method signature="verifyFirstNameValue()[pri:0, instance:com.zenken.freshers.user.BasicInformation@3cfdd820]" started-at="2024-11-11T15:43:32 IST" name="verifyFirstNameValue" description="This test verifies that the value entered for &#039;First Name&#039; field is displayed accordingly on preview page" finished-at="2024-11-11T15:43:35 IST" duration-ms="3342" status="PASS">
          <reporter-output>
          </reporter-output>
        </test-method> <!-- verifyFirstNameValue -->
        <test-method is-config="true" signature="tearDown()[pri:0, instance:com.zenken.freshers.user.BasicInformation@3cfdd820]" started-at="2024-11-11T15:43:35 IST" name="tearDown" finished-at="2024-11-11T15:43:36 IST" duration-ms="229" status="PASS">
          <reporter-output>
          </reporter-output>
        </test-method> <!-- tearDown -->
        <test-method is-config="true" signature="setup(java.lang.reflect.Method)[pri:0, instance:com.zenken.freshers.user.BasicInformation@3cfdd820]" started-at="2024-11-11T15:43:36 IST" name="setup" finished-at="2024-11-11T15:43:37 IST" duration-ms="845" status="PASS">
          <params>
            <param index="0">
              <value>
                <![CDATA[public void com.zenken.freshers.user.BasicInformation.verifyNationalityValue()]]>
              </value>
            </param>
          </params>
          <reporter-output>
          </reporter-output>
        </test-method> <!-- setup -->
        <test-method is-config="true" signature="setUpTest(org.testng.ITestResult)[pri:0, instance:com.zenken.freshers.user.BasicInformation@3cfdd820]" started-at="2024-11-11T15:43:37 IST" name="setUpTest" finished-at="2024-11-11T15:43:47 IST" duration-ms="10355" status="PASS">
          <params>
            <param index="0">
              <value>
                <![CDATA[[TestResult name={null} status=CREATED method=BasicInformation.verifyNationalityValue()[pri:0, instance:com.zenken.freshers.user.BasicInformation@3cfdd820] output={null}]]]>
              </value>
            </param>
          </params>
          <reporter-output>
          </reporter-output>
        </test-method> <!-- setUpTest -->
        <test-method signature="verifyNationalityValue()[pri:0, instance:com.zenken.freshers.user.BasicInformation@3cfdd820]" started-at="2024-11-11T15:43:47 IST" name="verifyNationalityValue" description="This test verifies that the value entered for &#039;Nationality&#039; field is displayed accordingly on preview page" finished-at="2024-11-11T15:43:51 IST" duration-ms="3816" status="PASS">
          <reporter-output>
          </reporter-output>
        </test-method> <!-- verifyNationalityValue -->
        <test-method is-config="true" signature="tearDown()[pri:0, instance:com.zenken.freshers.user.BasicInformation@3cfdd820]" started-at="2024-11-11T15:43:51 IST" name="tearDown" finished-at="2024-11-11T15:43:51 IST" duration-ms="223" status="PASS">
          <reporter-output>
          </reporter-output>
        </test-method> <!-- tearDown -->
        <test-method is-config="true" signature="setup(java.lang.reflect.Method)[pri:0, instance:com.zenken.freshers.user.BasicInformation@3cfdd820]" started-at="2024-11-11T15:43:51 IST" name="setup" finished-at="2024-11-11T15:43:52 IST" duration-ms="797" status="PASS">
          <params>
            <param index="0">
              <value>
                <![CDATA[public void com.zenken.freshers.user.BasicInformation.verifyOtherBachelorStates()]]>
              </value>
            </param>
          </params>
          <reporter-output>
          </reporter-output>
        </test-method> <!-- setup -->
        <test-method is-config="true" signature="setUpTest(org.testng.ITestResult)[pri:0, instance:com.zenken.freshers.user.BasicInformation@3cfdd820]" started-at="2024-11-11T15:43:52 IST" name="setUpTest" finished-at="2024-11-11T15:44:02 IST" duration-ms="10282" status="PASS">
          <params>
            <param index="0">
              <value>
                <![CDATA[[TestResult name={null} status=CREATED method=BasicInformation.verifyOtherBachelorStates()[pri:0, instance:com.zenken.freshers.user.BasicInformation@3cfdd820] output={null}]]]>
              </value>
            </param>
          </params>
          <reporter-output>
          </reporter-output>
        </test-method> <!-- setUpTest -->
        <test-method signature="verifyOtherBachelorStates()[pri:0, instance:com.zenken.freshers.user.BasicInformation@3cfdd820]" started-at="2024-11-11T15:44:02 IST" name="verifyOtherBachelorStates" description="This test verifies the activation of &#039;Other (Bachelors)&#039; textbox based on the input given for corresponding field" finished-at="2024-11-11T15:44:05 IST" duration-ms="3222" status="PASS">
          <reporter-output>
          </reporter-output>
        </test-method> <!-- verifyOtherBachelorStates -->
        <test-method is-config="true" signature="tearDown()[pri:0, instance:com.zenken.freshers.user.BasicInformation@3cfdd820]" started-at="2024-11-11T15:44:05 IST" name="tearDown" finished-at="2024-11-11T15:44:05 IST" duration-ms="257" status="PASS">
          <reporter-output>
          </reporter-output>
        </test-method> <!-- tearDown -->
        <test-method is-config="true" signature="setup(java.lang.reflect.Method)[pri:0, instance:com.zenken.freshers.user.BasicInformation@3cfdd820]" started-at="2024-11-11T15:44:05 IST" name="setup" finished-at="2024-11-11T15:44:06 IST" duration-ms="776" status="PASS">
          <params>
            <param index="0">
              <value>
                <![CDATA[public void com.zenken.freshers.user.BasicInformation.verifyPlaceholders()]]>
              </value>
            </param>
          </params>
          <reporter-output>
          </reporter-output>
        </test-method> <!-- setup -->
        <test-method is-config="true" signature="setUpTest(org.testng.ITestResult)[pri:0, instance:com.zenken.freshers.user.BasicInformation@3cfdd820]" started-at="2024-11-11T15:44:06 IST" name="setUpTest" finished-at="2024-11-11T15:44:17 IST" duration-ms="11142" status="PASS">
          <params>
            <param index="0">
              <value>
                <![CDATA[[TestResult name={null} status=CREATED method=BasicInformation.verifyPlaceholders()[pri:0, instance:com.zenken.freshers.user.BasicInformation@3cfdd820] output={null}]]]>
              </value>
            </param>
          </params>
          <reporter-output>
          </reporter-output>
        </test-method> <!-- setUpTest -->
        <test-method signature="verifyPlaceholders()[pri:0, instance:com.zenken.freshers.user.BasicInformation@3cfdd820]" started-at="2024-11-11T15:44:17 IST" name="verifyPlaceholders" description="This test verifies that the placeholders displayed are correct for all text boxes on Basic Information edit page" finished-at="2024-11-11T15:44:18 IST" duration-ms="678" status="PASS">
          <reporter-output>
          </reporter-output>
        </test-method> <!-- verifyPlaceholders -->
        <test-method is-config="true" signature="tearDown()[pri:0, instance:com.zenken.freshers.user.BasicInformation@3cfdd820]" started-at="2024-11-11T15:44:18 IST" name="tearDown" finished-at="2024-11-11T15:44:18 IST" duration-ms="236" status="PASS">
          <reporter-output>
          </reporter-output>
        </test-method> <!-- tearDown -->
        <test-method is-config="true" signature="setup(java.lang.reflect.Method)[pri:0, instance:com.zenken.freshers.user.BasicInformation@3cfdd820]" started-at="2024-11-11T15:44:18 IST" name="setup" finished-at="2024-11-11T15:44:19 IST" duration-ms="861" status="PASS">
          <params>
            <param index="0">
              <value>
                <![CDATA[public void com.zenken.freshers.user.BasicInformation.verifyProceedOtherStates()]]>
              </value>
            </param>
          </params>
          <reporter-output>
          </reporter-output>
        </test-method> <!-- setup -->
        <test-method is-config="true" signature="setUpTest(org.testng.ITestResult)[pri:0, instance:com.zenken.freshers.user.BasicInformation@3cfdd820]" started-at="2024-11-11T15:44:19 IST" name="setUpTest" finished-at="2024-11-11T15:44:28 IST" duration-ms="8552" status="PASS">
          <params>
            <param index="0">
              <value>
                <![CDATA[[TestResult name={null} status=CREATED method=BasicInformation.verifyProceedOtherStates()[pri:0, instance:com.zenken.freshers.user.BasicInformation@3cfdd820] output={null}]]]>
              </value>
            </param>
          </params>
          <reporter-output>
          </reporter-output>
        </test-method> <!-- setUpTest -->
        <test-method signature="verifyProceedOtherStates()[pri:0, instance:com.zenken.freshers.user.BasicInformation@3cfdd820]" started-at="2024-11-11T15:44:28 IST" name="verifyProceedOtherStates" description="This test verifies the activation of &#039;If you chose &quot;Other&quot;, please describe here&#039; textbox based on the input given for corresponding field" finished-at="2024-11-11T15:44:29 IST" duration-ms="1695" status="PASS">
          <reporter-output>
          </reporter-output>
        </test-method> <!-- verifyProceedOtherStates -->
        <test-method is-config="true" signature="tearDown()[pri:0, instance:com.zenken.freshers.user.BasicInformation@3cfdd820]" started-at="2024-11-11T15:44:29 IST" name="tearDown" finished-at="2024-11-11T15:44:31 IST" duration-ms="1832" status="PASS">
          <reporter-output>
          </reporter-output>
        </test-method> <!-- tearDown -->
        <test-method is-config="true" signature="setup(java.lang.reflect.Method)[pri:0, instance:com.zenken.freshers.user.BasicInformation@3cfdd820]" started-at="2024-11-11T15:44:31 IST" name="setup" finished-at="2024-11-11T15:44:32 IST" duration-ms="773" status="PASS">
          <params>
            <param index="0">
              <value>
                <![CDATA[public void com.zenken.freshers.user.BasicInformation.verifyStateValue()]]>
              </value>
            </param>
          </params>
          <reporter-output>
          </reporter-output>
        </test-method> <!-- setup -->
        <test-method is-config="true" signature="setUpTest(org.testng.ITestResult)[pri:0, instance:com.zenken.freshers.user.BasicInformation@3cfdd820]" started-at="2024-11-11T15:44:32 IST" name="setUpTest" finished-at="2024-11-11T15:44:43 IST" duration-ms="10623" status="PASS">
          <params>
            <param index="0">
              <value>
                <![CDATA[[TestResult name={null} status=CREATED method=BasicInformation.verifyStateValue()[pri:0, instance:com.zenken.freshers.user.BasicInformation@3cfdd820] output={null}]]]>
              </value>
            </param>
          </params>
          <reporter-output>
          </reporter-output>
        </test-method> <!-- setUpTest -->
        <test-method signature="verifyStateValue()[pri:0, instance:com.zenken.freshers.user.BasicInformation@3cfdd820]" started-at="2024-11-11T15:44:43 IST" name="verifyStateValue" description="This test verifies that the value entered for &#039;State&#039; field is displayed accordingly on preview page" finished-at="2024-11-11T15:44:47 IST" duration-ms="4327" status="PASS">
          <reporter-output>
          </reporter-output>
        </test-method> <!-- verifyStateValue -->
        <test-method is-config="true" signature="tearDown()[pri:0, instance:com.zenken.freshers.user.BasicInformation@3cfdd820]" started-at="2024-11-11T15:44:47 IST" name="tearDown" finished-at="2024-11-11T15:44:47 IST" duration-ms="211" status="PASS">
          <reporter-output>
          </reporter-output>
        </test-method> <!-- tearDown -->
        <test-method is-config="true" signature="setup(java.lang.reflect.Method)[pri:0, instance:com.zenken.freshers.user.BasicInformation@3cfdd820]" started-at="2024-11-11T15:44:47 IST" name="setup" finished-at="2024-11-11T15:44:48 IST" duration-ms="774" status="PASS">
          <params>
            <param index="0">
              <value>
                <![CDATA[public void com.zenken.freshers.user.BasicInformation.verifyTimeNotSureValue()]]>
              </value>
            </param>
          </params>
          <reporter-output>
          </reporter-output>
        </test-method> <!-- setup -->
        <test-method is-config="true" signature="setUpTest(org.testng.ITestResult)[pri:0, instance:com.zenken.freshers.user.BasicInformation@3cfdd820]" started-at="2024-11-11T15:44:48 IST" name="setUpTest" finished-at="2024-11-11T15:44:59 IST" duration-ms="10903" status="PASS">
          <params>
            <param index="0">
              <value>
                <![CDATA[[TestResult name={null} status=CREATED method=BasicInformation.verifyTimeNotSureValue()[pri:0, instance:com.zenken.freshers.user.BasicInformation@3cfdd820] output={null}]]]>
              </value>
            </param>
          </params>
          <reporter-output>
          </reporter-output>
        </test-method> <!-- setUpTest -->
        <test-method signature="verifyTimeNotSureValue()[pri:0, instance:com.zenken.freshers.user.BasicInformation@3cfdd820]" started-at="2024-11-11T15:44:59 IST" name="verifyTimeNotSureValue" description="This test verifies that the value entered for &#039;If you chose &quot;Not sure&quot;, please describe here&#039; field is displayed accordingly on preview page" finished-at="2024-11-11T15:45:04 IST" duration-ms="4762" status="PASS">
          <reporter-output>
          </reporter-output>
        </test-method> <!-- verifyTimeNotSureValue -->
        <test-method is-config="true" signature="tearDown()[pri:0, instance:com.zenken.freshers.user.BasicInformation@3cfdd820]" started-at="2024-11-11T15:45:04 IST" name="tearDown" finished-at="2024-11-11T15:45:04 IST" duration-ms="239" status="PASS">
          <reporter-output>
          </reporter-output>
        </test-method> <!-- tearDown -->
        <test-method is-config="true" signature="setup(java.lang.reflect.Method)[pri:0, instance:com.zenken.freshers.user.BasicInformation@3cfdd820]" started-at="2024-11-11T15:45:04 IST" name="setup" finished-at="2024-11-11T15:45:05 IST" duration-ms="836" status="PASS">
          <params>
            <param index="0">
              <value>
                <![CDATA[public void com.zenken.freshers.user.BasicInformation.verifySavedData()]]>
              </value>
            </param>
          </params>
          <reporter-output>
          </reporter-output>
        </test-method> <!-- setup -->
        <test-method is-config="true" signature="setUpTest(org.testng.ITestResult)[pri:0, instance:com.zenken.freshers.user.BasicInformation@3cfdd820]" started-at="2024-11-11T15:45:05 IST" name="setUpTest" finished-at="2024-11-11T15:45:14 IST" duration-ms="9114" status="PASS">
          <params>
            <param index="0">
              <value>
                <![CDATA[[TestResult name={null} status=CREATED method=BasicInformation.verifySavedData()[pri:0, instance:com.zenken.freshers.user.BasicInformation@3cfdd820] output={null}]]]>
              </value>
            </param>
          </params>
          <reporter-output>
          </reporter-output>
        </test-method> <!-- setUpTest -->
        <test-method signature="verifySavedData()[pri:0, instance:com.zenken.freshers.user.BasicInformation@3cfdd820]" started-at="2024-11-11T15:45:14 IST" name="verifySavedData" description="This test verifies that the saved data displayed is correct" finished-at="2024-11-11T15:45:15 IST" depends-on-methods="com.zenken.freshers.user.BasicInformation.verifyProfileUpdate" duration-ms="763" status="PASS">
          <reporter-output>
          </reporter-output>
        </test-method> <!-- verifySavedData -->
        <test-method is-config="true" signature="tearDown()[pri:0, instance:com.zenken.freshers.user.BasicInformation@3cfdd820]" started-at="2024-11-11T15:45:15 IST" name="tearDown" finished-at="2024-11-11T15:45:15 IST" duration-ms="221" status="PASS">
          <reporter-output>
          </reporter-output>
        </test-method> <!-- tearDown -->
      </class> <!-- com.zenken.freshers.user.BasicInformation -->
    </test> <!-- Test -->
  </suite> <!-- Suite -->
</testng-results>
