<?xml version="1.0" encoding="UTF-8"?>
<testng-results ignored="0" total="22" passed="22" failed="0" skipped="0">
  <reporter-output>
  </reporter-output>
  <suite started-at="2024-10-18T15:53:54 IST" name="Suite" finished-at="2024-10-18T15:59:54 IST" duration-ms="359746">
    <groups>
    </groups>
    <test started-at="2024-10-18T15:53:54 IST" name="Test" finished-at="2024-10-18T15:59:54 IST" duration-ms="359746">
      <class name="com.zenken.freshers.user.Certifications">
        <test-method is-config="true" signature="setup(java.lang.reflect.Method)[pri:0, instance:com.zenken.freshers.user.Certifications@1787f2a0]" started-at="2024-10-18T15:53:54 IST" name="setup" finished-at="2024-10-18T15:53:56 IST" duration-ms="1708" status="PASS">
          <params>
            <param index="0">
              <value>
                <![CDATA[public void com.zenken.freshers.user.Certifications.verifyCertNewUrl()]]>
              </value>
            </param>
          </params>
          <reporter-output>
          </reporter-output>
        </test-method> <!-- setup -->
        <test-method is-config="true" signature="setUpTest()[pri:0, instance:com.zenken.freshers.user.Certifications@1787f2a0]" started-at="2024-10-18T15:53:56 IST" name="setUpTest" finished-at="2024-10-18T15:54:25 IST" duration-ms="29663" status="PASS">
          <reporter-output>
          </reporter-output>
        </test-method> <!-- setUpTest -->
        <test-method signature="verifyCertNewUrl()[pri:1, instance:com.zenken.freshers.user.Certifications@1787f2a0]" started-at="2024-10-18T15:54:25 IST" name="verifyCertNewUrl" description="This test verifies that user is redirected to &#039;Certifications New&#039; URL" finished-at="2024-10-18T15:54:26 IST" duration-ms="833" status="PASS">
          <reporter-output>
          </reporter-output>
        </test-method> <!-- verifyCertNewUrl -->
        <test-method is-config="true" signature="tearDown()[pri:0, instance:com.zenken.freshers.user.Certifications@1787f2a0]" started-at="2024-10-18T15:54:26 IST" name="tearDown" finished-at="2024-10-18T15:54:26 IST" duration-ms="221" status="PASS">
          <reporter-output>
          </reporter-output>
        </test-method> <!-- tearDown -->
        <test-method is-config="true" signature="setup(java.lang.reflect.Method)[pri:0, instance:com.zenken.freshers.user.Certifications@1787f2a0]" started-at="2024-10-18T15:54:26 IST" name="setup" finished-at="2024-10-18T15:54:27 IST" duration-ms="819" status="PASS">
          <params>
            <param index="0">
              <value>
                <![CDATA[public void com.zenken.freshers.user.Certifications.verifyCertPageTitle()]]>
              </value>
            </param>
          </params>
          <reporter-output>
          </reporter-output>
        </test-method> <!-- setup -->
        <test-method is-config="true" signature="setUpTest()[pri:0, instance:com.zenken.freshers.user.Certifications@1787f2a0]" started-at="2024-10-18T15:54:27 IST" name="setUpTest" finished-at="2024-10-18T15:54:33 IST" duration-ms="5860" status="PASS">
          <reporter-output>
          </reporter-output>
        </test-method> <!-- setUpTest -->
        <test-method signature="verifyCertPageTitle()[pri:2, instance:com.zenken.freshers.user.Certifications@1787f2a0]" started-at="2024-10-18T15:54:33 IST" name="verifyCertPageTitle" description="This test verifies that the Certification page title is correct" finished-at="2024-10-18T15:54:34 IST" duration-ms="770" status="PASS">
          <reporter-output>
          </reporter-output>
        </test-method> <!-- verifyCertPageTitle -->
        <test-method is-config="true" signature="tearDown()[pri:0, instance:com.zenken.freshers.user.Certifications@1787f2a0]" started-at="2024-10-18T15:54:34 IST" name="tearDown" finished-at="2024-10-18T15:54:34 IST" duration-ms="112" status="PASS">
          <reporter-output>
          </reporter-output>
        </test-method> <!-- tearDown -->
        <test-method is-config="true" signature="setup(java.lang.reflect.Method)[pri:0, instance:com.zenken.freshers.user.Certifications@1787f2a0]" started-at="2024-10-18T15:54:34 IST" name="setup" finished-at="2024-10-18T15:54:35 IST" duration-ms="797" status="PASS">
          <params>
            <param index="0">
              <value>
                <![CDATA[public void com.zenken.freshers.user.Certifications.verifyCertPlaceholders()]]>
              </value>
            </param>
          </params>
          <reporter-output>
          </reporter-output>
        </test-method> <!-- setup -->
        <test-method is-config="true" signature="setUpTest()[pri:0, instance:com.zenken.freshers.user.Certifications@1787f2a0]" started-at="2024-10-18T15:54:35 IST" name="setUpTest" finished-at="2024-10-18T15:54:53 IST" duration-ms="18594" status="PASS">
          <reporter-output>
          </reporter-output>
        </test-method> <!-- setUpTest -->
        <test-method signature="verifyCertPlaceholders()[pri:3, instance:com.zenken.freshers.user.Certifications@1787f2a0]" started-at="2024-10-18T15:54:53 IST" name="verifyCertPlaceholders" description="This test verifies that expected placeholders are displayed" finished-at="2024-10-18T15:54:55 IST" duration-ms="1538" status="PASS">
          <reporter-output>
          </reporter-output>
        </test-method> <!-- verifyCertPlaceholders -->
        <test-method is-config="true" signature="tearDown()[pri:0, instance:com.zenken.freshers.user.Certifications@1787f2a0]" started-at="2024-10-18T15:54:55 IST" name="tearDown" finished-at="2024-10-18T15:54:55 IST" duration-ms="194" status="PASS">
          <reporter-output>
          </reporter-output>
        </test-method> <!-- tearDown -->
        <test-method is-config="true" signature="setup(java.lang.reflect.Method)[pri:0, instance:com.zenken.freshers.user.Certifications@1787f2a0]" started-at="2024-10-18T15:54:55 IST" name="setup" finished-at="2024-10-18T15:54:56 IST" duration-ms="776" status="PASS">
          <params>
            <param index="0">
              <value>
                <![CDATA[public void com.zenken.freshers.user.Certifications.verifyCertAddition()]]>
              </value>
            </param>
          </params>
          <reporter-output>
          </reporter-output>
        </test-method> <!-- setup -->
        <test-method is-config="true" signature="setUpTest()[pri:0, instance:com.zenken.freshers.user.Certifications@1787f2a0]" started-at="2024-10-18T15:54:56 IST" name="setUpTest" finished-at="2024-10-18T15:55:02 IST" duration-ms="5936" status="PASS">
          <reporter-output>
          </reporter-output>
        </test-method> <!-- setUpTest -->
        <test-method signature="verifyCertAddition()[pri:4, instance:com.zenken.freshers.user.Certifications@1787f2a0]" started-at="2024-10-18T15:55:02 IST" name="verifyCertAddition" description="This test verifies that the certification is added with only required to save fields" finished-at="2024-10-18T15:55:05 IST" duration-ms="3281" status="PASS">
          <reporter-output>
          </reporter-output>
        </test-method> <!-- verifyCertAddition -->
        <test-method is-config="true" signature="tearDown()[pri:0, instance:com.zenken.freshers.user.Certifications@1787f2a0]" started-at="2024-10-18T15:55:05 IST" name="tearDown" finished-at="2024-10-18T15:55:05 IST" duration-ms="203" status="PASS">
          <reporter-output>
          </reporter-output>
        </test-method> <!-- tearDown -->
        <test-method is-config="true" signature="setup(java.lang.reflect.Method)[pri:0, instance:com.zenken.freshers.user.Certifications@1787f2a0]" started-at="2024-10-18T15:55:05 IST" name="setup" finished-at="2024-10-18T15:55:06 IST" duration-ms="775" status="PASS">
          <params>
            <param index="0">
              <value>
                <![CDATA[public void com.zenken.freshers.user.Certifications.verifyCertAdditionWithDetails()]]>
              </value>
            </param>
          </params>
          <reporter-output>
          </reporter-output>
        </test-method> <!-- setup -->
        <test-method is-config="true" signature="setUpTest()[pri:0, instance:com.zenken.freshers.user.Certifications@1787f2a0]" started-at="2024-10-18T15:55:06 IST" name="setUpTest" finished-at="2024-10-18T15:55:14 IST" duration-ms="7882" status="PASS">
          <reporter-output>
          </reporter-output>
        </test-method> <!-- setUpTest -->
        <test-method signature="verifyCertAdditionWithDetails()[pri:5, instance:com.zenken.freshers.user.Certifications@1787f2a0]" started-at="2024-10-18T15:55:14 IST" name="verifyCertAdditionWithDetails" description="This test verifies that a certification is added with &#039;Certification Details&#039;" finished-at="2024-10-18T15:55:19 IST" duration-ms="5295" status="PASS">
          <reporter-output>
          </reporter-output>
        </test-method> <!-- verifyCertAdditionWithDetails -->
        <test-method is-config="true" signature="tearDown()[pri:0, instance:com.zenken.freshers.user.Certifications@1787f2a0]" started-at="2024-10-18T15:55:19 IST" name="tearDown" finished-at="2024-10-18T15:55:19 IST" duration-ms="189" status="PASS">
          <reporter-output>
          </reporter-output>
        </test-method> <!-- tearDown -->
        <test-method is-config="true" signature="setup(java.lang.reflect.Method)[pri:0, instance:com.zenken.freshers.user.Certifications@1787f2a0]" started-at="2024-10-18T15:55:19 IST" name="setup" finished-at="2024-10-18T15:55:20 IST" duration-ms="755" status="PASS">
          <params>
            <param index="0">
              <value>
                <![CDATA[public void com.zenken.freshers.user.Certifications.verifyCertFileUpload()]]>
              </value>
            </param>
          </params>
          <reporter-output>
          </reporter-output>
        </test-method> <!-- setup -->
        <test-method is-config="true" signature="setUpTest()[pri:0, instance:com.zenken.freshers.user.Certifications@1787f2a0]" started-at="2024-10-18T15:55:20 IST" name="setUpTest" finished-at="2024-10-18T15:55:28 IST" duration-ms="7750" status="PASS">
          <reporter-output>
          </reporter-output>
        </test-method> <!-- setUpTest -->
        <test-method signature="verifyCertFileUpload()[pri:6, instance:com.zenken.freshers.user.Certifications@1787f2a0]" started-at="2024-10-18T15:55:28 IST" name="verifyCertFileUpload" description="This test verifies that a certification file can be uploaded and button to upload the files turns inactive" finished-at="2024-10-18T15:55:33 IST" duration-ms="4806" status="PASS">
          <reporter-output>
          </reporter-output>
        </test-method> <!-- verifyCertFileUpload -->
        <test-method is-config="true" signature="tearDown()[pri:0, instance:com.zenken.freshers.user.Certifications@1787f2a0]" started-at="2024-10-18T15:55:33 IST" name="tearDown" finished-at="2024-10-18T15:55:33 IST" duration-ms="186" status="PASS">
          <reporter-output>
          </reporter-output>
        </test-method> <!-- tearDown -->
        <test-method is-config="true" signature="setup(java.lang.reflect.Method)[pri:0, instance:com.zenken.freshers.user.Certifications@1787f2a0]" started-at="2024-10-18T15:55:33 IST" name="setup" finished-at="2024-10-18T15:55:34 IST" duration-ms="756" status="PASS">
          <params>
            <param index="0">
              <value>
                <![CDATA[public void com.zenken.freshers.user.Certifications.verifyDefaultCertName()]]>
              </value>
            </param>
          </params>
          <reporter-output>
          </reporter-output>
        </test-method> <!-- setup -->
        <test-method is-config="true" signature="setUpTest()[pri:0, instance:com.zenken.freshers.user.Certifications@1787f2a0]" started-at="2024-10-18T15:55:34 IST" name="setUpTest" finished-at="2024-10-18T15:55:44 IST" duration-ms="9876" status="PASS">
          <reporter-output>
          </reporter-output>
        </test-method> <!-- setUpTest -->
        <test-method signature="verifyDefaultCertName()[pri:7, instance:com.zenken.freshers.user.Certifications@1787f2a0]" started-at="2024-10-18T15:55:44 IST" name="verifyDefaultCertName" description="This test verifies that default certification name is correct" finished-at="2024-10-18T15:55:44 IST" duration-ms="94" status="PASS">
          <reporter-output>
          </reporter-output>
        </test-method> <!-- verifyDefaultCertName -->
        <test-method is-config="true" signature="tearDown()[pri:0, instance:com.zenken.freshers.user.Certifications@1787f2a0]" started-at="2024-10-18T15:55:44 IST" name="tearDown" finished-at="2024-10-18T15:55:44 IST" duration-ms="174" status="PASS">
          <reporter-output>
          </reporter-output>
        </test-method> <!-- tearDown -->
        <test-method is-config="true" signature="setup(java.lang.reflect.Method)[pri:0, instance:com.zenken.freshers.user.Certifications@1787f2a0]" started-at="2024-10-18T15:55:44 IST" name="setup" finished-at="2024-10-18T15:55:45 IST" duration-ms="783" status="PASS">
          <params>
            <param index="0">
              <value>
                <![CDATA[public void com.zenken.freshers.user.Certifications.verifyCertCharCount()]]>
              </value>
            </param>
          </params>
          <reporter-output>
          </reporter-output>
        </test-method> <!-- setup -->
        <test-method is-config="true" signature="setUpTest()[pri:0, instance:com.zenken.freshers.user.Certifications@1787f2a0]" started-at="2024-10-18T15:55:45 IST" name="setUpTest" finished-at="2024-10-18T15:55:50 IST" duration-ms="5667" status="PASS">
          <reporter-output>
          </reporter-output>
        </test-method> <!-- setUpTest -->
        <test-method signature="verifyCertCharCount()[pri:8, instance:com.zenken.freshers.user.Certifications@1787f2a0]" started-at="2024-10-18T15:55:50 IST" name="verifyCertCharCount" description="This test verifies that the character count for Certification Details is dynamically updated" finished-at="2024-10-18T15:56:43 IST" duration-ms="52237" status="PASS">
          <reporter-output>
          </reporter-output>
        </test-method> <!-- verifyCertCharCount -->
        <test-method is-config="true" signature="tearDown()[pri:0, instance:com.zenken.freshers.user.Certifications@1787f2a0]" started-at="2024-10-18T15:56:43 IST" name="tearDown" finished-at="2024-10-18T15:56:43 IST" duration-ms="251" status="PASS">
          <reporter-output>
          </reporter-output>
        </test-method> <!-- tearDown -->
        <test-method is-config="true" signature="setup(java.lang.reflect.Method)[pri:0, instance:com.zenken.freshers.user.Certifications@1787f2a0]" started-at="2024-10-18T15:56:43 IST" name="setup" finished-at="2024-10-18T15:56:44 IST" duration-ms="735" status="PASS">
          <params>
            <param index="0">
              <value>
                <![CDATA[public void com.zenken.freshers.user.Certifications.verifyCertEditUrl()]]>
              </value>
            </param>
          </params>
          <reporter-output>
          </reporter-output>
        </test-method> <!-- setup -->
        <test-method is-config="true" signature="setUpTest()[pri:0, instance:com.zenken.freshers.user.Certifications@1787f2a0]" started-at="2024-10-18T15:56:44 IST" name="setUpTest" finished-at="2024-10-18T15:56:51 IST" duration-ms="7632" status="PASS">
          <reporter-output>
          </reporter-output>
        </test-method> <!-- setUpTest -->
        <test-method signature="verifyCertEditUrl()[pri:9, instance:com.zenken.freshers.user.Certifications@1787f2a0]" started-at="2024-10-18T15:56:51 IST" name="verifyCertEditUrl" description="This test verifies that expected &#039;Certification Edit&#039; URL is displayed" finished-at="2024-10-18T15:56:52 IST" duration-ms="761" status="PASS">
          <reporter-output>
          </reporter-output>
        </test-method> <!-- verifyCertEditUrl -->
        <test-method is-config="true" signature="tearDown()[pri:0, instance:com.zenken.freshers.user.Certifications@1787f2a0]" started-at="2024-10-18T15:56:52 IST" name="tearDown" finished-at="2024-10-18T15:56:52 IST" duration-ms="134" status="PASS">
          <reporter-output>
          </reporter-output>
        </test-method> <!-- tearDown -->
        <test-method is-config="true" signature="setup(java.lang.reflect.Method)[pri:0, instance:com.zenken.freshers.user.Certifications@1787f2a0]" started-at="2024-10-18T15:56:52 IST" name="setup" finished-at="2024-10-18T15:56:53 IST" duration-ms="655" status="PASS">
          <params>
            <param index="0">
              <value>
                <![CDATA[public void com.zenken.freshers.user.Certifications.verifyCertSavedData()]]>
              </value>
            </param>
          </params>
          <reporter-output>
          </reporter-output>
        </test-method> <!-- setup -->
        <test-method is-config="true" signature="setUpTest()[pri:0, instance:com.zenken.freshers.user.Certifications@1787f2a0]" started-at="2024-10-18T15:56:53 IST" name="setUpTest" finished-at="2024-10-18T15:56:59 IST" duration-ms="5933" status="PASS">
          <reporter-output>
          </reporter-output>
        </test-method> <!-- setUpTest -->
        <test-method signature="verifyCertSavedData()[pri:10, instance:com.zenken.freshers.user.Certifications@1787f2a0]" started-at="2024-10-18T15:56:59 IST" name="verifyCertSavedData" description="This test verifies that the information saved for first certification is correct" finished-at="2024-10-18T15:56:59 IST" duration-ms="691" status="PASS">
          <reporter-output>
          </reporter-output>
        </test-method> <!-- verifyCertSavedData -->
        <test-method is-config="true" signature="tearDown()[pri:0, instance:com.zenken.freshers.user.Certifications@1787f2a0]" started-at="2024-10-18T15:56:59 IST" name="tearDown" finished-at="2024-10-18T15:56:59 IST" duration-ms="121" status="PASS">
          <reporter-output>
          </reporter-output>
        </test-method> <!-- tearDown -->
        <test-method is-config="true" signature="setup(java.lang.reflect.Method)[pri:0, instance:com.zenken.freshers.user.Certifications@1787f2a0]" started-at="2024-10-18T15:56:59 IST" name="setup" finished-at="2024-10-18T15:57:00 IST" duration-ms="651" status="PASS">
          <params>
            <param index="0">
              <value>
                <![CDATA[public void com.zenken.freshers.user.Certifications.verifyCertAdditionWithFile() throws java.lang.InterruptedException]]>
              </value>
            </param>
          </params>
          <reporter-output>
          </reporter-output>
        </test-method> <!-- setup -->
        <test-method is-config="true" signature="setUpTest()[pri:0, instance:com.zenken.freshers.user.Certifications@1787f2a0]" started-at="2024-10-18T15:57:00 IST" name="setUpTest" finished-at="2024-10-18T15:57:06 IST" duration-ms="5879" status="PASS">
          <reporter-output>
          </reporter-output>
        </test-method> <!-- setUpTest -->
        <test-method signature="verifyCertAdditionWithFile()[pri:11, instance:com.zenken.freshers.user.Certifications@1787f2a0]" started-at="2024-10-18T15:57:06 IST" name="verifyCertAdditionWithFile" description="This test verifies that the certification is added with file" finished-at="2024-10-18T15:57:41 IST" duration-ms="35041" status="PASS">
          <reporter-output>
          </reporter-output>
        </test-method> <!-- verifyCertAdditionWithFile -->
        <test-method is-config="true" signature="tearDown()[pri:0, instance:com.zenken.freshers.user.Certifications@1787f2a0]" started-at="2024-10-18T15:57:41 IST" name="tearDown" finished-at="2024-10-18T15:57:41 IST" duration-ms="248" status="PASS">
          <reporter-output>
          </reporter-output>
        </test-method> <!-- tearDown -->
        <test-method is-config="true" signature="setup(java.lang.reflect.Method)[pri:0, instance:com.zenken.freshers.user.Certifications@1787f2a0]" started-at="2024-10-18T15:57:41 IST" name="setup" finished-at="2024-10-18T15:57:42 IST" duration-ms="749" status="PASS">
          <params>
            <param index="0">
              <value>
                <![CDATA[public void com.zenken.freshers.user.Certifications.verifyCertFileDelete()]]>
              </value>
            </param>
          </params>
          <reporter-output>
          </reporter-output>
        </test-method> <!-- setup -->
        <test-method is-config="true" signature="setUpTest()[pri:0, instance:com.zenken.freshers.user.Certifications@1787f2a0]" started-at="2024-10-18T15:57:42 IST" name="setUpTest" finished-at="2024-10-18T15:57:48 IST" duration-ms="5802" status="PASS">
          <reporter-output>
          </reporter-output>
        </test-method> <!-- setUpTest -->
        <test-method signature="verifyCertFileDelete()[pri:12, instance:com.zenken.freshers.user.Certifications@1787f2a0]" started-at="2024-10-18T15:57:48 IST" name="verifyCertFileDelete" description="This test verifies that the certificate file is deleted" finished-at="2024-10-18T15:57:51 IST" duration-ms="3064" status="PASS">
          <reporter-output>
          </reporter-output>
        </test-method> <!-- verifyCertFileDelete -->
        <test-method is-config="true" signature="tearDown()[pri:0, instance:com.zenken.freshers.user.Certifications@1787f2a0]" started-at="2024-10-18T15:57:51 IST" name="tearDown" finished-at="2024-10-18T15:57:51 IST" duration-ms="265" status="PASS">
          <reporter-output>
          </reporter-output>
        </test-method> <!-- tearDown -->
        <test-method is-config="true" signature="setup(java.lang.reflect.Method)[pri:0, instance:com.zenken.freshers.user.Certifications@1787f2a0]" started-at="2024-10-18T15:57:51 IST" name="setup" finished-at="2024-10-18T15:57:52 IST" duration-ms="759" status="PASS">
          <params>
            <param index="0">
              <value>
                <![CDATA[public void com.zenken.freshers.user.Certifications.verifyCertCountExceed()]]>
              </value>
            </param>
          </params>
          <reporter-output>
          </reporter-output>
        </test-method> <!-- setup -->
        <test-method is-config="true" signature="setUpTest()[pri:0, instance:com.zenken.freshers.user.Certifications@1787f2a0]" started-at="2024-10-18T15:57:52 IST" name="setUpTest" finished-at="2024-10-18T15:58:00 IST" duration-ms="7844" status="PASS">
          <reporter-output>
          </reporter-output>
        </test-method> <!-- setUpTest -->
        <test-method signature="verifyCertCountExceed()[pri:13, instance:com.zenken.freshers.user.Certifications@1787f2a0]" started-at="2024-10-18T15:58:00 IST" name="verifyCertCountExceed" description="This test verifies that &#039;Add Certification&#039; button turns inactive once ten certifications are added" finished-at="2024-10-18T15:58:17 IST" duration-ms="17157" status="PASS">
          <reporter-output>
          </reporter-output>
        </test-method> <!-- verifyCertCountExceed -->
        <test-method is-config="true" signature="tearDown()[pri:0, instance:com.zenken.freshers.user.Certifications@1787f2a0]" started-at="2024-10-18T15:58:17 IST" name="tearDown" finished-at="2024-10-18T15:58:17 IST" duration-ms="168" status="PASS">
          <reporter-output>
          </reporter-output>
        </test-method> <!-- tearDown -->
        <test-method is-config="true" signature="setup(java.lang.reflect.Method)[pri:0, instance:com.zenken.freshers.user.Certifications@1787f2a0]" started-at="2024-10-18T15:58:17 IST" name="setup" finished-at="2024-10-18T15:58:18 IST" duration-ms="779" status="PASS">
          <params>
            <param index="0">
              <value>
                <![CDATA[public void com.zenken.freshers.user.Certifications.verifyCertDeletePopUp()]]>
              </value>
            </param>
          </params>
          <reporter-output>
          </reporter-output>
        </test-method> <!-- setup -->
        <test-method is-config="true" signature="setUpTest()[pri:0, instance:com.zenken.freshers.user.Certifications@1787f2a0]" started-at="2024-10-18T15:58:18 IST" name="setUpTest" finished-at="2024-10-18T15:58:24 IST" duration-ms="5768" status="PASS">
          <reporter-output>
          </reporter-output>
        </test-method> <!-- setUpTest -->
        <test-method signature="verifyCertDeletePopUp()[pri:14, instance:com.zenken.freshers.user.Certifications@1787f2a0]" started-at="2024-10-18T15:58:24 IST" name="verifyCertDeletePopUp" description="This test verifies that a confirmation popup to delete the certification appears" finished-at="2024-10-18T15:58:25 IST" duration-ms="1325" status="PASS">
          <reporter-output>
          </reporter-output>
        </test-method> <!-- verifyCertDeletePopUp -->
        <test-method is-config="true" signature="tearDown()[pri:0, instance:com.zenken.freshers.user.Certifications@1787f2a0]" started-at="2024-10-18T15:58:25 IST" name="tearDown" finished-at="2024-10-18T15:58:25 IST" duration-ms="164" status="PASS">
          <reporter-output>
          </reporter-output>
        </test-method> <!-- tearDown -->
        <test-method is-config="true" signature="setup(java.lang.reflect.Method)[pri:0, instance:com.zenken.freshers.user.Certifications@1787f2a0]" started-at="2024-10-18T15:58:25 IST" name="setup" finished-at="2024-10-18T15:58:26 IST" duration-ms="619" status="PASS">
          <params>
            <param index="0">
              <value>
                <![CDATA[public void com.zenken.freshers.user.Certifications.verifyCertDelete()]]>
              </value>
            </param>
          </params>
          <reporter-output>
          </reporter-output>
        </test-method> <!-- setup -->
        <test-method is-config="true" signature="setUpTest()[pri:0, instance:com.zenken.freshers.user.Certifications@1787f2a0]" started-at="2024-10-18T15:58:26 IST" name="setUpTest" finished-at="2024-10-18T15:58:33 IST" duration-ms="7343" status="PASS">
          <reporter-output>
          </reporter-output>
        </test-method> <!-- setUpTest -->
        <test-method signature="verifyCertDelete()[pri:15, instance:com.zenken.freshers.user.Certifications@1787f2a0]" started-at="2024-10-18T15:58:33 IST" name="verifyCertDelete" description="This test verifies that the certification is deleted successfully" finished-at="2024-10-18T15:58:36 IST" duration-ms="2912" status="PASS">
          <reporter-output>
          </reporter-output>
        </test-method> <!-- verifyCertDelete -->
        <test-method is-config="true" signature="tearDown()[pri:0, instance:com.zenken.freshers.user.Certifications@1787f2a0]" started-at="2024-10-18T15:58:36 IST" name="tearDown" finished-at="2024-10-18T15:58:36 IST" duration-ms="172" status="PASS">
          <reporter-output>
          </reporter-output>
        </test-method> <!-- tearDown -->
        <test-method is-config="true" signature="setup(java.lang.reflect.Method)[pri:0, instance:com.zenken.freshers.user.Certifications@1787f2a0]" started-at="2024-10-18T15:58:36 IST" name="setup" finished-at="2024-10-18T15:58:37 IST" duration-ms="689" status="PASS">
          <params>
            <param index="0">
              <value>
                <![CDATA[public void com.zenken.freshers.user.Certifications.verifyCertNameCharExceed()]]>
              </value>
            </param>
          </params>
          <reporter-output>
          </reporter-output>
        </test-method> <!-- setup -->
        <test-method is-config="true" signature="setUpTest()[pri:0, instance:com.zenken.freshers.user.Certifications@1787f2a0]" started-at="2024-10-18T15:58:37 IST" name="setUpTest" finished-at="2024-10-18T15:58:43 IST" duration-ms="5922" status="PASS">
          <reporter-output>
          </reporter-output>
        </test-method> <!-- setUpTest -->
        <test-method signature="verifyCertNameCharExceed()[pri:16, instance:com.zenken.freshers.user.Certifications@1787f2a0]" started-at="2024-10-18T15:58:43 IST" name="verifyCertNameCharExceed" description="This test verifies that validation error for maximum characters occurs: Certification Name" finished-at="2024-10-18T15:58:46 IST" duration-ms="2869" status="PASS">
          <reporter-output>
          </reporter-output>
        </test-method> <!-- verifyCertNameCharExceed -->
        <test-method is-config="true" signature="tearDown()[pri:0, instance:com.zenken.freshers.user.Certifications@1787f2a0]" started-at="2024-10-18T15:58:46 IST" name="tearDown" finished-at="2024-10-18T15:58:46 IST" duration-ms="151" status="PASS">
          <reporter-output>
          </reporter-output>
        </test-method> <!-- tearDown -->
        <test-method is-config="true" signature="setup(java.lang.reflect.Method)[pri:0, instance:com.zenken.freshers.user.Certifications@1787f2a0]" started-at="2024-10-18T15:58:46 IST" name="setup" finished-at="2024-10-18T15:58:47 IST" duration-ms="731" status="PASS">
          <params>
            <param index="0">
              <value>
                <![CDATA[public void com.zenken.freshers.user.Certifications.verifyCertDetailsCharExceed()]]>
              </value>
            </param>
          </params>
          <reporter-output>
          </reporter-output>
        </test-method> <!-- setup -->
        <test-method is-config="true" signature="setUpTest()[pri:0, instance:com.zenken.freshers.user.Certifications@1787f2a0]" started-at="2024-10-18T15:58:47 IST" name="setUpTest" finished-at="2024-10-18T15:58:53 IST" duration-ms="5990" status="PASS">
          <reporter-output>
          </reporter-output>
        </test-method> <!-- setUpTest -->
        <test-method signature="verifyCertDetailsCharExceed()[pri:17, instance:com.zenken.freshers.user.Certifications@1787f2a0]" started-at="2024-10-18T15:58:53 IST" name="verifyCertDetailsCharExceed" description="This test verifies that validation error for maximum characters occurs: Certification Details" finished-at="2024-10-18T15:58:55 IST" duration-ms="2158" status="PASS">
          <reporter-output>
          </reporter-output>
        </test-method> <!-- verifyCertDetailsCharExceed -->
        <test-method is-config="true" signature="tearDown()[pri:0, instance:com.zenken.freshers.user.Certifications@1787f2a0]" started-at="2024-10-18T15:58:55 IST" name="tearDown" finished-at="2024-10-18T15:58:55 IST" duration-ms="136" status="PASS">
          <reporter-output>
          </reporter-output>
        </test-method> <!-- tearDown -->
        <test-method is-config="true" signature="setup(java.lang.reflect.Method)[pri:0, instance:com.zenken.freshers.user.Certifications@1787f2a0]" started-at="2024-10-18T15:58:55 IST" name="setup" finished-at="2024-10-18T15:58:56 IST" duration-ms="706" status="PASS">
          <params>
            <param index="0">
              <value>
                <![CDATA[public void com.zenken.freshers.user.Certifications.verifyCertNameRequired()]]>
              </value>
            </param>
          </params>
          <reporter-output>
          </reporter-output>
        </test-method> <!-- setup -->
        <test-method is-config="true" signature="setUpTest()[pri:0, instance:com.zenken.freshers.user.Certifications@1787f2a0]" started-at="2024-10-18T15:58:56 IST" name="setUpTest" finished-at="2024-10-18T15:59:01 IST" duration-ms="5896" status="PASS">
          <reporter-output>
          </reporter-output>
        </test-method> <!-- setUpTest -->
        <test-method signature="verifyCertNameRequired()[pri:18, instance:com.zenken.freshers.user.Certifications@1787f2a0]" started-at="2024-10-18T15:59:01 IST" name="verifyCertNameRequired" description="This test verifies that validation error for required to save field occurs: Certification Name" finished-at="2024-10-18T15:59:04 IST" duration-ms="2165" status="PASS">
          <reporter-output>
          </reporter-output>
        </test-method> <!-- verifyCertNameRequired -->
        <test-method is-config="true" signature="tearDown()[pri:0, instance:com.zenken.freshers.user.Certifications@1787f2a0]" started-at="2024-10-18T15:59:04 IST" name="tearDown" finished-at="2024-10-18T15:59:04 IST" duration-ms="115" status="PASS">
          <reporter-output>
          </reporter-output>
        </test-method> <!-- tearDown -->
        <test-method is-config="true" signature="setup(java.lang.reflect.Method)[pri:0, instance:com.zenken.freshers.user.Certifications@1787f2a0]" started-at="2024-10-18T15:59:04 IST" name="setup" finished-at="2024-10-18T15:59:04 IST" duration-ms="730" status="PASS">
          <params>
            <param index="0">
              <value>
                <![CDATA[public void com.zenken.freshers.user.Certifications.verifyCertInvalidFileFormat()]]>
              </value>
            </param>
          </params>
          <reporter-output>
          </reporter-output>
        </test-method> <!-- setup -->
        <test-method is-config="true" signature="setUpTest()[pri:0, instance:com.zenken.freshers.user.Certifications@1787f2a0]" started-at="2024-10-18T15:59:04 IST" name="setUpTest" finished-at="2024-10-18T15:59:10 IST" duration-ms="5822" status="PASS">
          <reporter-output>
          </reporter-output>
        </test-method> <!-- setUpTest -->
        <test-method signature="verifyCertInvalidFileFormat()[pri:19, instance:com.zenken.freshers.user.Certifications@1787f2a0]" started-at="2024-10-18T15:59:10 IST" name="verifyCertInvalidFileFormat" description="This test verifies that validation error for invalid certificate file format occurs" finished-at="2024-10-18T15:59:14 IST" duration-ms="4028" status="PASS">
          <reporter-output>
          </reporter-output>
        </test-method> <!-- verifyCertInvalidFileFormat -->
        <test-method is-config="true" signature="tearDown()[pri:0, instance:com.zenken.freshers.user.Certifications@1787f2a0]" started-at="2024-10-18T15:59:14 IST" name="tearDown" finished-at="2024-10-18T15:59:14 IST" duration-ms="197" status="PASS">
          <reporter-output>
          </reporter-output>
        </test-method> <!-- tearDown -->
        <test-method is-config="true" signature="setup(java.lang.reflect.Method)[pri:0, instance:com.zenken.freshers.user.Certifications@1787f2a0]" started-at="2024-10-18T15:59:14 IST" name="setup" finished-at="2024-10-18T15:59:15 IST" duration-ms="703" status="PASS">
          <params>
            <param index="0">
              <value>
                <![CDATA[public void com.zenken.freshers.user.Certifications.verifyCertInvalidFileSize()]]>
              </value>
            </param>
          </params>
          <reporter-output>
          </reporter-output>
        </test-method> <!-- setup -->
        <test-method is-config="true" signature="setUpTest()[pri:0, instance:com.zenken.freshers.user.Certifications@1787f2a0]" started-at="2024-10-18T15:59:15 IST" name="setUpTest" finished-at="2024-10-18T15:59:23 IST" duration-ms="8114" status="PASS">
          <reporter-output>
          </reporter-output>
        </test-method> <!-- setUpTest -->
        <test-method signature="verifyCertInvalidFileSize()[pri:20, instance:com.zenken.freshers.user.Certifications@1787f2a0]" started-at="2024-10-18T15:59:23 IST" name="verifyCertInvalidFileSize" description="This test verifies that validation error for invalid size for certificate file occurs" finished-at="2024-10-18T15:59:33 IST" duration-ms="10081" status="PASS">
          <reporter-output>
          </reporter-output>
        </test-method> <!-- verifyCertInvalidFileSize -->
        <test-method is-config="true" signature="tearDown()[pri:0, instance:com.zenken.freshers.user.Certifications@1787f2a0]" started-at="2024-10-18T15:59:33 IST" name="tearDown" finished-at="2024-10-18T15:59:34 IST" duration-ms="250" status="PASS">
          <reporter-output>
          </reporter-output>
        </test-method> <!-- tearDown -->
        <test-method is-config="true" signature="setup(java.lang.reflect.Method)[pri:0, instance:com.zenken.freshers.user.Certifications@1787f2a0]" started-at="2024-10-18T15:59:34 IST" name="setup" finished-at="2024-10-18T15:59:34 IST" duration-ms="718" status="PASS">
          <params>
            <param index="0">
              <value>
                <![CDATA[public void com.zenken.freshers.user.Certifications.verifyCertCancelNewRed()]]>
              </value>
            </param>
          </params>
          <reporter-output>
          </reporter-output>
        </test-method> <!-- setup -->
        <test-method is-config="true" signature="setUpTest()[pri:0, instance:com.zenken.freshers.user.Certifications@1787f2a0]" started-at="2024-10-18T15:59:34 IST" name="setUpTest" finished-at="2024-10-18T15:59:42 IST" duration-ms="7679" status="PASS">
          <reporter-output>
          </reporter-output>
        </test-method> <!-- setUpTest -->
        <test-method signature="verifyCertCancelNewRed()[pri:21, instance:com.zenken.freshers.user.Certifications@1787f2a0]" started-at="2024-10-18T15:59:42 IST" name="verifyCertCancelNewRed" description="This test verifies that &#039;Cancel&#039; from New Certification redirectes user to preview page " finished-at="2024-10-18T15:59:44 IST" duration-ms="1917" status="PASS">
          <reporter-output>
          </reporter-output>
        </test-method> <!-- verifyCertCancelNewRed -->
        <test-method is-config="true" signature="tearDown()[pri:0, instance:com.zenken.freshers.user.Certifications@1787f2a0]" started-at="2024-10-18T15:59:44 IST" name="tearDown" finished-at="2024-10-18T15:59:44 IST" duration-ms="186" status="PASS">
          <reporter-output>
          </reporter-output>
        </test-method> <!-- tearDown -->
        <test-method is-config="true" signature="setup(java.lang.reflect.Method)[pri:0, instance:com.zenken.freshers.user.Certifications@1787f2a0]" started-at="2024-10-18T15:59:44 IST" name="setup" finished-at="2024-10-18T15:59:45 IST" duration-ms="757" status="PASS">
          <params>
            <param index="0">
              <value>
                <![CDATA[public void com.zenken.freshers.user.Certifications.verifyCertCancelEditRed()]]>
              </value>
            </param>
          </params>
          <reporter-output>
          </reporter-output>
        </test-method> <!-- setup -->
        <test-method is-config="true" signature="setUpTest()[pri:0, instance:com.zenken.freshers.user.Certifications@1787f2a0]" started-at="2024-10-18T15:59:45 IST" name="setUpTest" finished-at="2024-10-18T15:59:51 IST" duration-ms="6519" status="PASS">
          <reporter-output>
          </reporter-output>
        </test-method> <!-- setUpTest -->
        <test-method signature="verifyCertCancelEditRed()[pri:22, instance:com.zenken.freshers.user.Certifications@1787f2a0]" started-at="2024-10-18T15:59:51 IST" name="verifyCertCancelEditRed" description="This test verifies that &#039;Cancel&#039; from Edit Certification redirectes user to preview page " finished-at="2024-10-18T15:59:54 IST" duration-ms="2145" status="PASS">
          <reporter-output>
          </reporter-output>
        </test-method> <!-- verifyCertCancelEditRed -->
        <test-method is-config="true" signature="tearDown()[pri:0, instance:com.zenken.freshers.user.Certifications@1787f2a0]" started-at="2024-10-18T15:59:54 IST" name="tearDown" finished-at="2024-10-18T15:59:54 IST" duration-ms="123" status="PASS">
          <reporter-output>
          </reporter-output>
        </test-method> <!-- tearDown -->
      </class> <!-- com.zenken.freshers.user.Certifications -->
    </test> <!-- Test -->
  </suite> <!-- Suite -->
</testng-results>
