<?xml version="1.0" encoding="UTF-8"?>
<!-- Generated by org.testng.reporters.JUnitReportReporter -->
<testsuite hostname="Prasanna" failures="1" tests="1" name="features.TestRunner" time="7.895" errors="0" timestamp="2024-11-26T15:11:01 IST" skipped="0">
  <testcase classname="features.TestRunner" name="runScenario" time="7.895">
    <failure message="Could not login expected [https://freshers.dspf-dev.com/mypage/profile/] but found [https://freshers.dspf-dev.com/login/]" type="java.lang.AssertionError">
      <![CDATA[java.lang.AssertionError: Could not login expected [https://freshers.dspf-dev.com/mypage/profile/] but found [https://freshers.dspf-dev.com/login/]
at org.testng.Assert.fail(Assert.java:111)
at org.testng.Assert.failNotEquals(Assert.java:1578)
at org.testng.Assert.assertEqualsImpl(Assert.java:150)
at org.testng.Assert.assertEquals(Assert.java:132)
at org.testng.Assert.assertEquals(Assert.java:656)
at stepDefinitions.LoginSteps.i_redirect_to_profile_page(LoginSteps.java:87)
at ✽.I redirect to profile page(file:///C:/Users/prasa/eclipse-workspace/YaaayFreshers/src/test/java/features/Login.feature:31)
]]>
    </failure>
  </testcase> <!-- runScenario -->
</testsuite> <!-- features.TestRunner -->
